#
# There is insufficient memory for the Java Runtime Environment to continue.
# Native memory allocation (malloc) failed to allocate 32880 bytes for Chunk::new
# Possible reasons:
#   The system is out of physical RAM or swap space
#   In 32 bit mode, the process size limit was hit
# Possible solutions:
#   Reduce memory load on the system
#   Increase physical memory or swap space
#   Check if swap backing store is full
#   Use 64 bit Java on a 64 bit OS
#   Decrease Java heap size (-Xmx/-Xms)
#   Decrease number of Java threads
#   Decrease Java thread stack sizes (-Xss)
#   Set larger code cache with -XX:ReservedCodeCacheSize=
# This output file may be truncated or incomplete.
#
#  Out of Memory Error (allocation.cpp:390), pid=2848, tid=0x00000000000016f4
#
# JRE version: Java(TM) SE Runtime Environment (8.0_121-b13) (build 1.8.0_121-b13)
# Java VM: Java HotSpot(TM) 64-Bit Server VM (25.121-b13 mixed mode windows-amd64 compressed oops)
# Failed to write core dump. Minidumps are not enabled by default on client versions of Windows
#

---------------  T H R E A D  ---------------

Current thread (0x000000000293d800):  JavaThread "main" [_thread_in_vm, id=5876, stack(0x0000000002940000,0x0000000002a40000)]

Stack: [0x0000000002940000,0x0000000002a40000]
[error occurred during error reporting (printing stack bounds), id 0xc0000005]

Native frames: (J=compiled Java code, j=interpreted, Vv=VM code, C=native code)

Java frames: (J=compiled Java code, j=interpreted, Vv=VM code)
J 676  java.lang.ClassLoader.defineClass1(Ljava/lang/String;[BIILjava/security/ProtectionDomain;Ljava/lang/String;)Ljava/lang/Class; (0 bytes) @ 0x0000000003068d1f [0x0000000003068c80+0x9f]
J 550 C1 java.lang.ClassLoader.defineClass(Ljava/lang/String;[BIILjava/security/ProtectionDomain;)Ljava/lang/Class; (43 bytes) @ 0x000000000301d07c [0x000000000301cf60+0x11c]
J 552 C1 java.net.URLClassLoader.defineClass(Ljava/lang/String;Lsun/misc/Resource;)Ljava/lang/Class; (142 bytes) @ 0x000000000301e2e4 [0x000000000301d8e0+0xa04]
J 415 C1 java.net.URLClassLoader$1.run()Ljava/lang/Class; (63 bytes) @ 0x0000000002fe4d4c [0x0000000002fe4c80+0xcc]
J 364 C1 java.net.URLClassLoader$1.run()Ljava/lang/Object; (5 bytes) @ 0x0000000002ecf6dc [0x0000000002ecf6a0+0x3c]
v  ~StubRoutines::call_stub
J 250  java.security.AccessController.doPrivileged(Ljava/security/PrivilegedExceptionAction;Ljava/security/AccessControlContext;)Ljava/lang/Object; (0 bytes) @ 0x0000000002e6eb66 [0x0000000002e6eb00+0x66]
J 362 C1 java.net.URLClassLoader.findClass(Ljava/lang/String;)Ljava/lang/Class; (47 bytes) @ 0x0000000002eceddc [0x0000000002eced20+0xbc]
j  java.lang.ClassLoader.loadClass(Ljava/lang/String;Z)Ljava/lang/Class;+70
J 388 C1 sun.misc.Launcher$AppClassLoader.loadClass(Ljava/lang/String;Z)Ljava/lang/Class; (85 bytes) @ 0x0000000002fd4d34 [0x0000000002fd4a40+0x2f4]
J 387 C1 java.lang.ClassLoader.loadClass(Ljava/lang/String;)Ljava/lang/Class; (7 bytes) @ 0x0000000002fd46fc [0x0000000002fd46a0+0x5c]
v  ~StubRoutines::call_stub
J 1025  java.lang.Class.getDeclaredMethods0(Z)[Ljava/lang/reflect/Method; (0 bytes) @ 0x00000000031072fb [0x00000000031072c0+0x3b]
J 527 C1 java.lang.Class.privateGetDeclaredMethods(Z)[Ljava/lang/reflect/Method; (67 bytes) @ 0x00000000030145c4 [0x00000000030144c0+0x104]
J 1617 C1 org.springsource.loaded.ri.ReflectiveInterceptor.jlClassGetDeclaredMethods(Ljava/lang/Class;)[Ljava/lang/reflect/Method; (74 bytes) @ 0x00000000031e73ec [0x00000000031e7180+0x26c]
j  org.springframework.core.type.StandardAnnotationMetadata.getAnnotatedMethods(Ljava/lang/String;)Ljava/util/Set;+4
j  org.springframework.context.annotation.ConfigurationClassParser.retrieveBeanMethodMetadata(Lorg/springframework/context/annotation/ConfigurationClassParser$SourceClass;)Ljava/util/Set;+12
j  org.springframework.context.annotation.ConfigurationClassParser.doProcessConfigurationClass(Lorg/springframework/context/annotation/ConfigurationClass;Lorg/springframework/context/annotation/ConfigurationClassParser$SourceClass;)Lorg/springframework/context/annotation/ConfigurationClassParser$SourceClass;+406
j  org.springframework.context.annotation.ConfigurationClassParser.processConfigurationClass(Lorg/springframework/context/annotation/ConfigurationClass;)V+122
j  org.springframework.context.annotation.ConfigurationClassParser.processImports(Lorg/springframework/context/annotation/ConfigurationClass;Lorg/springframework/context/annotation/ConfigurationClassParser$SourceClass;Ljava/util/Collection;Z)V+296
j  org.springframework.context.annotation.ConfigurationClassParser.doProcessConfigurationClass(Lorg/springframework/context/annotation/ConfigurationClass;Lorg/springframework/context/annotation/ConfigurationClassParser$SourceClass;)Lorg/springframework/context/annotation/ConfigurationClassParser$SourceClass;+298
j  org.springframework.context.annotation.ConfigurationClassParser.processConfigurationClass(Lorg/springframework/context/annotation/ConfigurationClass;)V+122
j  org.springframework.context.annotation.ConfigurationClassParser.parse(Lorg/springframework/core/type/AnnotationMetadata;Ljava/lang/String;)V+10
j  org.springframework.context.annotation.ConfigurationClassParser.parse(Ljava/util/Set;)V+66
j  org.springframework.context.annotation.ConfigurationClassPostProcessor.processConfigBeanDefinitions(Lorg/springframework/beans/factory/support/BeanDefinitionRegistry;)V+291
j  org.springframework.context.annotation.ConfigurationClassPostProcessor.postProcessBeanDefinitionRegistry(Lorg/springframework/beans/factory/support/BeanDefinitionRegistry;)V+107
j  org.springframework.context.support.PostProcessorRegistrationDelegate.invokeBeanDefinitionRegistryPostProcessors(Ljava/util/Collection;Lorg/springframework/beans/factory/support/BeanDefinitionRegistry;)V+28
j  org.springframework.context.support.PostProcessorRegistrationDelegate.invokeBeanFactoryPostProcessors(Lorg/springframework/beans/factory/config/ConfigurableListableBeanFactory;Ljava/util/List;)V+229
j  org.springframework.context.support.AbstractApplicationContext.invokeBeanFactoryPostProcessors(Lorg/springframework/beans/factory/config/ConfigurableListableBeanFactory;)V+5
j  org.springframework.context.support.AbstractApplicationContext.refresh()V+28
j  org.springframework.boot.context.embedded.EmbeddedWebApplicationContext.refresh()V+1
j  org.springframework.boot.SpringApplication.refresh(Lorg/springframework/context/ApplicationContext;)V+11
j  org.springframework.boot.SpringApplication.refreshContext(Lorg/springframework/context/ConfigurableApplicationContext;)V+2
j  org.springframework.boot.SpringApplication.run([Ljava/lang/String;)Lorg/springframework/context/ConfigurableApplicationContext;+91
j  grails.boot.GrailsApp.run([Ljava/lang/String;)Lorg/springframework/context/ConfigurableApplicationContext;+2
j  grails.boot.GrailsApp.run([Ljava/lang/Object;[Ljava/lang/String;)Lorg/springframework/context/ConfigurableApplicationContext;+43
j  grails.boot.GrailsApp.run(Ljava/lang/Object;[Ljava/lang/String;)Lorg/springframework/context/ConfigurableApplicationContext;+9
j  grails.boot.GrailsApp$run.call(Ljava/lang/Object;[Ljava/lang/Object;)Ljava/lang/Object;+18
j  org.codehaus.groovy.runtime.callsite.CallSiteArray.defaultCall(Lorg/codehaus/groovy/runtime/callsite/CallSite;Ljava/lang/Object;[Ljava/lang/Object;)Ljava/lang/Object;+8
j  org.codehaus.groovy.runtime.callsite.AbstractCallSite.call(Ljava/lang/Object;[Ljava/lang/Object;)Ljava/lang/Object;+3
j  org.codehaus.groovy.runtime.callsite.AbstractCallSite.call(Ljava/lang/Object;Ljava/lang/Object;Ljava/lang/Object;)Ljava/lang/Object;+38
j  phitb_sales.Application.main([Ljava/lang/String;)V+57
v  ~StubRoutines::call_stub

---------------  P R O C E S S  ---------------

Java Threads: ( => current thread )
  0x0000000018261000 JavaThread "background-preinit" [_thread_in_vm, id=2292, stack(0x0000000019210000,0x0000000019310000)]
  0x0000000016dbb000 JavaThread "FileSystemWatcher: files=#1 cl=sun.misc.Launcher$AppClassLoader@18b4aac2" daemon [_thread_blocked, id=2060, stack(0x00000000174c0000,0x00000000175c0000)]
  0x0000000016baa000 JavaThread "Service Thread" daemon [_thread_blocked, id=16768, stack(0x00000000172c0000,0x00000000173c0000)]
  0x0000000016b3b000 JavaThread "C1 CompilerThread2" daemon [_thread_blocked, id=12436, stack(0x00000000171c0000,0x00000000172c0000)]
  0x0000000016b44800 JavaThread "C2 CompilerThread1" daemon [_thread_blocked, id=2336, stack(0x00000000170c0000,0x00000000171c0000)]
  0x0000000016b43800 JavaThread "C2 CompilerThread0" daemon [_thread_blocked, id=124, stack(0x0000000016fc0000,0x00000000170c0000)]
  0x0000000014a8c800 JavaThread "JDWP Command Reader" daemon [_thread_in_native, id=12964, stack(0x00000000162c0000,0x00000000163c0000)]
  0x0000000014a89000 JavaThread "JDWP Event Helper Thread" daemon [_thread_blocked, id=11972, stack(0x00000000161c0000,0x00000000162c0000)]
  0x0000000014a7b800 JavaThread "JDWP Transport Listener: dt_socket" daemon [_thread_blocked, id=18296, stack(0x00000000160c0000,0x00000000161c0000)]
  0x0000000014a6e800 JavaThread "Attach Listener" daemon [_thread_blocked, id=4596, stack(0x0000000015fc0000,0x00000000160c0000)]
  0x0000000014a6d800 JavaThread "Signal Dispatcher" daemon [_thread_blocked, id=9004, stack(0x0000000015ec0000,0x0000000015fc0000)]
  0x0000000014a54800 JavaThread "Finalizer" daemon [_thread_blocked, id=18120, stack(0x0000000015cc0000,0x0000000015dc0000)]
  0x0000000002b3e800 JavaThread "Reference Handler" daemon [_thread_blocked, id=14732, stack(0x0000000015bc0000,0x0000000015cc0000)]
=>0x000000000293d800 JavaThread "main" [_thread_in_vm, id=5876, stack(0x0000000002940000,0x0000000002a40000)]

Other Threads:
  0x0000000014a27800 VMThread [stack: 0x0000000015ac0000,0x0000000015bc0000] [id=1048]
  0x0000000016bb0000 WatcherThread [stack: 0x00000000173c0000,0x00000000174c0000] [id=11392]

VM state:not at safepoint (normal execution)

VM Mutex/Monitor currently owned by a thread: None

Heap:
 PSYoungGen      total 229376K, used 168765K [0x00000000f0000000, 0x0000000100000000, 0x0000000100000000)
  eden space 196608K, 79% used [0x00000000f0000000,0x00000000f97fc928,0x00000000fc000000)
  from space 32768K, 40% used [0x00000000fc000000,0x00000000fccd2b10,0x00000000fe000000)
  to   space 32768K, 0% used [0x00000000fe000000,0x00000000fe000000,0x0000000100000000)
 ParOldGen       total 524288K, used 32K [0x00000000d0000000, 0x00000000f0000000, 0x00000000f0000000)
  object space 524288K, 0% used [0x00000000d0000000,0x00000000d0008000,0x00000000f0000000)
 Metaspace       used 19967K, capacity 20394K, committed 20480K, reserved 1073152K
  class space    used 2351K, capacity 2504K, committed 2560K, reserved 1048576K

Card table byte_map: [0x00000000120b0000,0x0000000012240000] byte_map_base: 0x0000000011a30000

Marking Bits: (ParMarkBitMap*) 0x0000000063f3b6d0
 Begin Bits: [0x0000000012740000, 0x0000000013340000)
 End Bits:   [0x0000000013340000, 0x0000000013f40000)

Polling page: 0x0000000000f10000

CodeCache: size=245760Kb used=6861Kb max_used=6861Kb free=238898Kb
 bounds [0x0000000002cf0000, 0x00000000033b0000, 0x0000000011cf0000]
 total_blobs=3055 nmethods=2455 adapters=519
 compilation: enabled

Compilation events (10 events):
Event: 7.144 Thread 0x0000000016b3b000 2453       1       org.springframework.core.annotation.AnnotatedElementUtils::searchWithGetSemanticsInAnnotations (337 bytes)
Event: 7.146 Thread 0x0000000016b3b000 nmethod 2453 0x000000000339fe90 code [0x00000000033a01a0, 0x00000000033a0c88]
Event: 7.155 Thread 0x0000000016b3b000 2454       1       java.nio.Buffer::<init> (121 bytes)
Event: 7.156 Thread 0x0000000016b3b000 nmethod 2454 0x00000000033a19d0 code [0x00000000033a1c00, 0x00000000033a2368]
Event: 7.157 Thread 0x0000000016b3b000 2455       1       sun.reflect.generics.parser.SignatureParser::parseTypeSig (13 bytes)
Event: 7.157 Thread 0x0000000016b3b000 nmethod 2455 0x00000000033a2990 code [0x00000000033a2b00, 0x00000000033a2d78]
Event: 7.192 Thread 0x0000000016b3b000 2456       1       java.util.GregorianCalendar::computeFields (81 bytes)
Event: 7.192 Thread 0x0000000016b3b000 nmethod 2456 0x00000000033a2ed0 code [0x00000000033a3060, 0x00000000033a3298]
Event: 7.192 Thread 0x0000000016b3b000 2457       1       java.util.Calendar::isPartiallyNormalized (20 bytes)
Event: 7.192 Thread 0x0000000016b3b000 nmethod 2457 0x00000000033a3390 code [0x00000000033a34e0, 0x00000000033a3610]

GC Heap History (6 events):
Event: 2.871 GC heap before
{Heap before GC invocations=1 (full 0):
 PSYoungGen      total 229376K, used 196608K [0x00000000f0000000, 0x0000000100000000, 0x0000000100000000)
  eden space 196608K, 100% used [0x00000000f0000000,0x00000000fc000000,0x00000000fc000000)
  from space 32768K, 0% used [0x00000000fe000000,0x00000000fe000000,0x0000000100000000)
  to   space 32768K, 0% used [0x00000000fc000000,0x00000000fc000000,0x00000000fe000000)
 ParOldGen       total 524288K, used 0K [0x00000000d0000000, 0x00000000f0000000, 0x00000000f0000000)
  object space 524288K, 0% used [0x00000000d0000000,0x00000000d0000000,0x00000000f0000000)
 Metaspace       used 10644K, capacity 10756K, committed 10880K, reserved 1058816K
  class space    used 1092K, capacity 1131K, committed 1152K, reserved 1048576K
Event: 2.882 GC heap after
Heap after GC invocations=1 (full 0):
 PSYoungGen      total 229376K, used 9450K [0x00000000f0000000, 0x0000000100000000, 0x0000000100000000)
  eden space 196608K, 0% used [0x00000000f0000000,0x00000000f0000000,0x00000000fc000000)
  from space 32768K, 28% used [0x00000000fc000000,0x00000000fc93a9b0,0x00000000fe000000)
  to   space 32768K, 0% used [0x00000000fe000000,0x00000000fe000000,0x0000000100000000)
 ParOldGen       total 524288K, used 16K [0x00000000d0000000, 0x00000000f0000000, 0x00000000f0000000)
  object space 524288K, 0% used [0x00000000d0000000,0x00000000d0004000,0x00000000f0000000)
 Metaspace       used 10644K, capacity 10756K, committed 10880K, reserved 1058816K
  class space    used 1092K, capacity 1131K, committed 1152K, reserved 1048576K
}
Event: 4.968 GC heap before
{Heap before GC invocations=2 (full 0):
 PSYoungGen      total 229376K, used 206058K [0x00000000f0000000, 0x0000000100000000, 0x0000000100000000)
  eden space 196608K, 100% used [0x00000000f0000000,0x00000000fc000000,0x00000000fc000000)
  from space 32768K, 28% used [0x00000000fc000000,0x00000000fc93a9b0,0x00000000fe000000)
  to   space 32768K, 0% used [0x00000000fe000000,0x00000000fe000000,0x0000000100000000)
 ParOldGen       total 524288K, used 16K [0x00000000d0000000, 0x00000000f0000000, 0x00000000f0000000)
  object space 524288K, 0% used [0x00000000d0000000,0x00000000d0004000,0x00000000f0000000)
 Metaspace       used 14743K, capacity 15102K, committed 15360K, reserved 1062912K
  class space    used 1656K, capacity 1776K, committed 1792K, reserved 1048576K
Event: 4.982 GC heap after
Heap after GC invocations=2 (full 0):
 PSYoungGen      total 229376K, used 11900K [0x00000000f0000000, 0x0000000100000000, 0x0000000100000000)
  eden space 196608K, 0% used [0x00000000f0000000,0x00000000f0000000,0x00000000fc000000)
  from space 32768K, 36% used [0x00000000fe000000,0x00000000feb9f098,0x0000000100000000)
  to   space 32768K, 0% used [0x00000000fc000000,0x00000000fc000000,0x00000000fe000000)
 ParOldGen       total 524288K, used 24K [0x00000000d0000000, 0x00000000f0000000, 0x00000000f0000000)
  object space 524288K, 0% used [0x00000000d0000000,0x00000000d0006000,0x00000000f0000000)
 Metaspace       used 14743K, capacity 15102K, committed 15360K, reserved 1062912K
  class space    used 1656K, capacity 1776K, committed 1792K, reserved 1048576K
}
Event: 6.238 GC heap before
{Heap before GC invocations=3 (full 0):
 PSYoungGen      total 229376K, used 208508K [0x00000000f0000000, 0x0000000100000000, 0x0000000100000000)
  eden space 196608K, 100% used [0x00000000f0000000,0x00000000fc000000,0x00000000fc000000)
  from space 32768K, 36% used [0x00000000fe000000,0x00000000feb9f098,0x0000000100000000)
  to   space 32768K, 0% used [0x00000000fc000000,0x00000000fc000000,0x00000000fe000000)
 ParOldGen       total 524288K, used 24K [0x00000000d0000000, 0x00000000f0000000, 0x00000000f0000000)
  object space 524288K, 0% used [0x00000000d0000000,0x00000000d0006000,0x00000000f0000000)
 Metaspace       used 17201K, capacity 17570K, committed 17792K, reserved 1064960K
  class space    used 1988K, capacity 2103K, committed 2176K, reserved 1048576K
Event: 6.254 GC heap after
Heap after GC invocations=3 (full 0):
 PSYoungGen      total 229376K, used 13130K [0x00000000f0000000, 0x0000000100000000, 0x0000000100000000)
  eden space 196608K, 0% used [0x00000000f0000000,0x00000000f0000000,0x00000000fc000000)
  from space 32768K, 40% used [0x00000000fc000000,0x00000000fccd2b10,0x00000000fe000000)
  to   space 32768K, 0% used [0x00000000fe000000,0x00000000fe000000,0x0000000100000000)
 ParOldGen       total 524288K, used 32K [0x00000000d0000000, 0x00000000f0000000, 0x00000000f0000000)
  object space 524288K, 0% used [0x00000000d0000000,0x00000000d0008000,0x00000000f0000000)
 Metaspace       used 17201K, capacity 17570K, committed 17792K, reserved 1064960K
  class space    used 1988K, capacity 2103K, committed 2176K, reserved 1048576K
}

Deoptimization events (0 events):
No events

Internal exceptions (10 events):
Event: 6.899 Thread 0x000000000293d800 Exception <a 'java/lang/ArrayIndexOutOfBoundsException'> (0x00000000f54458f0) thrown at [C:\re\workspace\8-2-build-windows-amd64-cygwin\jdk8u121\8372\hotspot\src\share\vm\runtime\sharedRuntime.cpp, line 605]
Event: 6.899 Thread 0x000000000293d800 Exception <a 'java/lang/ArrayIndexOutOfBoundsException'> (0x00000000f5447918) thrown at [C:\re\workspace\8-2-build-windows-amd64-cygwin\jdk8u121\8372\hotspot\src\share\vm\runtime\sharedRuntime.cpp, line 605]
Event: 6.899 Thread 0x000000000293d800 Exception <a 'java/lang/ArrayIndexOutOfBoundsException'> (0x00000000f544be50) thrown at [C:\re\workspace\8-2-build-windows-amd64-cygwin\jdk8u121\8372\hotspot\src\share\vm\runtime\sharedRuntime.cpp, line 605]
Event: 7.083 Thread 0x000000000293d800 Exception <a 'java/lang/ClassNotFoundException': org/springframework/context/annotation/ConfigurationClassPostProcessorBeanInfo> (0x00000000f7852c58) thrown at [C:\re\workspace\8-2-build-windows-amd64-cygwin\jdk8u121\8372\hotspot\src\share\vm\classfile\sy
Event: 7.085 Thread 0x000000000293d800 Exception <a 'java/lang/ClassNotFoundException': org/springframework/context/annotation/ConfigurationClassPostProcessorCustomizer> (0x00000000f788a7f0) thrown at [C:\re\workspace\8-2-build-windows-amd64-cygwin\jdk8u121\8372\hotspot\src\share\vm\classfile\
Event: 7.089 Thread 0x000000000293d800 Exception <a 'java/lang/ClassNotFoundException': org/springframework/beans/factory/support/BeanDefinitionRegistryPostProcessorCustomizer> (0x00000000f78d8478) thrown at [C:\re\workspace\8-2-build-windows-amd64-cygwin\jdk8u121\8372\hotspot\src\share\vm\cla
Event: 7.090 Thread 0x000000000293d800 Exception <a 'java/lang/ClassNotFoundException': org/springframework/core/PriorityOrderedCustomizer> (0x00000000f7900be8) thrown at [C:\re\workspace\8-2-build-windows-amd64-cygwin\jdk8u121\8372\hotspot\src\share\vm\classfile\systemDictionary.cpp, line 210
Event: 7.091 Thread 0x000000000293d800 Exception <a 'java/lang/ClassNotFoundException': org/springframework/context/ResourceLoaderAwareCustomizer> (0x00000000f792c4f0) thrown at [C:\re\workspace\8-2-build-windows-amd64-cygwin\jdk8u121\8372\hotspot\src\share\vm\classfile\systemDictionary.cpp, l
Event: 7.092 Thread 0x000000000293d800 Exception <a 'java/lang/ClassNotFoundException': org/springframework/beans/factory/BeanClassLoaderAwareCustomizer> (0x00000000f795d1f8) thrown at [C:\re\workspace\8-2-build-windows-amd64-cygwin\jdk8u121\8372\hotspot\src\share\vm\classfile\systemDictionary
Event: 7.093 Thread 0x000000000293d800 Exception <a 'java/lang/ClassNotFoundException': org/springframework/context/EnvironmentAwareCustomizer> (0x00000000f7988628) thrown at [C:\re\workspace\8-2-build-windows-amd64-cygwin\jdk8u121\8372\hotspot\src\share\vm\classfile\systemDictionary.cpp, line

Events (10 events):
Event: 7.277 Thread 0x000000000293d800 DEOPT PACKING pc=0x0000000002e670fc sp=0x0000000002a3b240
Event: 7.277 Thread 0x000000000293d800 DEOPT UNPACKING pc=0x0000000002d3787f sp=0x0000000002a3b060 mode 1
Event: 7.278 loading class org/springframework/web/servlet/mvc/method/annotation/RequestMappingHandlerAdapter
Event: 7.278 loading class org/springframework/web/servlet/mvc/method/annotation/RequestMappingHandlerAdapter done
Event: 7.278 Thread 0x000000000293d800 DEOPT PACKING pc=0x0000000002ecee89 sp=0x0000000002a3d610
Event: 7.278 Thread 0x000000000293d800 DEOPT UNPACKING pc=0x0000000002d3787f sp=0x0000000002a3d360 mode 1
Event: 7.278 Thread 0x000000000293d800 DEOPT PACKING pc=0x0000000002e671b4 sp=0x0000000002a3d690
Event: 7.278 Thread 0x000000000293d800 DEOPT UNPACKING pc=0x0000000002d3787f sp=0x0000000002a3d4b0 mode 1
Event: 7.278 Thread 0x000000000293d800 DEOPT PACKING pc=0x0000000002e670fc sp=0x0000000002a3d820
Event: 7.279 Thread 0x000000000293d800 DEOPT UNPACKING pc=0x0000000002d3787f sp=0x0000000002a3d640 mode 1


Dynamic libraries:
0x00007ff6b79b0000 - 0x00007ff6b79e7000 	C:\Program Files\Java\jdk1.8.0_121\bin\java.exe
0x00007ffc61130000 - 0x00007ffc61327000 	C:\WINDOWS\SYSTEM32\ntdll.dll
0x00007ffc60c20000 - 0x00007ffc60cdd000 	C:\WINDOWS\System32\KERNEL32.DLL
0x00007ffc5e900000 - 0x00007ffc5ebcd000 	C:\WINDOWS\System32\KERNELBASE.dll
0x00007ffc5fc40000 - 0x00007ffc5fcee000 	C:\WINDOWS\System32\ADVAPI32.dll
0x00007ffc5ff10000 - 0x00007ffc5ffae000 	C:\WINDOWS\System32\msvcrt.dll
0x00007ffc60b80000 - 0x00007ffc60c1c000 	C:\WINDOWS\System32\sechost.dll
0x00007ffc607e0000 - 0x00007ffc60905000 	C:\WINDOWS\System32\RPCRT4.dll
0x00007ffc60440000 - 0x00007ffc605e0000 	C:\WINDOWS\System32\USER32.dll
0x00007ffc5ecd0000 - 0x00007ffc5ecf2000 	C:\WINDOWS\System32\win32u.dll
0x00007ffc606c0000 - 0x00007ffc606ea000 	C:\WINDOWS\System32\GDI32.dll
0x00007ffc5f080000 - 0x00007ffc5f18b000 	C:\WINDOWS\System32\gdi32full.dll
0x00007ffc5efe0000 - 0x00007ffc5f07d000 	C:\WINDOWS\System32\msvcp_win.dll
0x00007ffc5ebd0000 - 0x00007ffc5ecd0000 	C:\WINDOWS\System32\ucrtbase.dll
0x00007ffc4e280000 - 0x00007ffc4e51a000 	C:\WINDOWS\WinSxS\amd64_microsoft.windows.common-controls_6595b64144ccf1df_6.0.19041.1110_none_60b5254171f9507e\COMCTL32.dll
0x00007ffc5f8e0000 - 0x00007ffc5f910000 	C:\WINDOWS\System32\IMM32.DLL
0x0000000063fc0000 - 0x0000000064092000 	C:\Program Files\Java\jdk1.8.0_121\jre\bin\msvcr100.dll
0x0000000063720000 - 0x0000000063fbb000 	C:\Program Files\Java\jdk1.8.0_121\jre\bin\server\jvm.dll
0x00007ffc60640000 - 0x00007ffc60648000 	C:\WINDOWS\System32\PSAPI.DLL
0x00007ffc4dc40000 - 0x00007ffc4dc49000 	C:\WINDOWS\SYSTEM32\WSOCK32.dll
0x00007ffc4fad0000 - 0x00007ffc4faf7000 	C:\WINDOWS\SYSTEM32\WINMM.dll
0x00007ffc60650000 - 0x00007ffc606bb000 	C:\WINDOWS\System32\WS2_32.dll
0x00007ffc4cd60000 - 0x00007ffc4cd6a000 	C:\WINDOWS\SYSTEM32\VERSION.dll
0x0000000063710000 - 0x000000006371f000 	C:\Program Files\Java\jdk1.8.0_121\jre\bin\verify.dll
0x00000000636e0000 - 0x0000000063709000 	C:\Program Files\Java\jdk1.8.0_121\jre\bin\java.dll
0x0000000063630000 - 0x0000000063665000 	C:\Program Files\Java\jdk1.8.0_121\jre\bin\jdwp.dll
0x0000000063620000 - 0x0000000063628000 	C:\Program Files\Java\jdk1.8.0_121\jre\bin\npt.dll
0x00000000635f0000 - 0x0000000063613000 	C:\Program Files\Java\jdk1.8.0_121\jre\bin\instrument.dll
0x00000000636c0000 - 0x00000000636d6000 	C:\Program Files\Java\jdk1.8.0_121\jre\bin\zip.dll
0x00007ffc5f190000 - 0x00007ffc5f8d4000 	C:\WINDOWS\System32\SHELL32.dll
0x00007ffc5c600000 - 0x00007ffc5cd94000 	C:\WINDOWS\SYSTEM32\windows.storage.dll
0x00007ffc60ce0000 - 0x00007ffc61034000 	C:\WINDOWS\System32\combase.dll
0x00007ffc5e100000 - 0x00007ffc5e12c000 	C:\WINDOWS\SYSTEM32\Wldp.dll
0x00007ffc61040000 - 0x00007ffc610ed000 	C:\WINDOWS\System32\SHCORE.dll
0x00007ffc5f9e0000 - 0x00007ffc5fa35000 	C:\WINDOWS\System32\shlwapi.dll
0x00007ffc5e790000 - 0x00007ffc5e7af000 	C:\WINDOWS\SYSTEM32\profapi.dll
0x00000000635e0000 - 0x00000000635e9000 	C:\Program Files\Java\jdk1.8.0_121\jre\bin\dt_socket.dll
0x00007ffc5dee0000 - 0x00007ffc5df4a000 	C:\WINDOWS\system32\mswsock.dll
0x00000000636a0000 - 0x00000000636ba000 	C:\Program Files\Java\jdk1.8.0_121\jre\bin\net.dll
0x00007ffc02110000 - 0x00007ffc02127000 	C:\WINDOWS\system32\napinsp.dll
0x00007ffc020f0000 - 0x00007ffc0210b000 	C:\WINDOWS\system32\pnrpnsp.dll
0x00007ffc587f0000 - 0x00007ffc58805000 	C:\WINDOWS\system32\wshbth.dll
0x00007ffc59b40000 - 0x00007ffc59b5d000 	C:\WINDOWS\system32\NLAapi.dll
0x00007ffc5dbf0000 - 0x00007ffc5dc2b000 	C:\WINDOWS\SYSTEM32\IPHLPAPI.DLL
0x00007ffc5dc30000 - 0x00007ffc5dcfb000 	C:\WINDOWS\SYSTEM32\DNSAPI.dll
0x00007ffc60910000 - 0x00007ffc60918000 	C:\WINDOWS\System32\NSI.dll
0x00007ffc020d0000 - 0x00007ffc020e2000 	C:\WINDOWS\System32\winrnr.dll
0x00007ffc4dfd0000 - 0x00007ffc4dfda000 	C:\Windows\System32\rasadhlp.dll
0x00007ffc4ea00000 - 0x00007ffc4ea80000 	C:\WINDOWS\System32\fwpuclnt.dll
0x00007ffc5ede0000 - 0x00007ffc5ee07000 	C:\WINDOWS\System32\bcrypt.dll
0x0000000063670000 - 0x000000006367d000 	C:\Program Files\Java\jdk1.8.0_121\jre\bin\management.dll

VM Arguments:
jvm_args: -Dendpoints.shutdown.enabled=true -Denv=development -Dfull.stacktrace=false -Dgrails.env=development -Dgrails.full.stacktrace=false -Dinfo.app.grailsVersion=3.3.6 -Dinfo.app.name=phitb_sales -Dinfo.app.version=0.1 -Djdk.reflect.allowGetCallerClass=true -Drun.active=true -Dserver.port=8083 -Dspring.output.ansi.enabled=always -Dspring.profiles.active -Dspringloaded=inclusions=grails.plugins..*;synchronize=true;allowSplitPackages=true;cacheDir=D:\PharmIT-Billing\phitb_sales\build\springloaded -Dverbose=false -XX:+TieredCompilation -XX:TieredStopAtLevel=1 -XX:CICompilerCount=3 -agentlib:jdwp=transport=dt_socket,address=63371,suspend=y,server=y -javaagent:C:\Users\User\.IntelliJIdea2019.3\system\captureAgent\debugger-agent.jar -javaagent:C:\Users\User\.gradle\caches\modules-2\files-2.1\org.springframework\springloaded\1.2.8.RELEASE\b60bac05b0451cdc1863bfec617f39aa0dcaaa43\springloaded-1.2.8.RELEASE.jar -Xverify:none -Xms768m -Xmx768m -Dfile.encoding=ISO-8859-1 -Duser.country=IN -Duser.language=en -Duser.variant 
java_command: phitb_sales.Application
java_class_path (initial): D:\PharmIT-Billing\phitb_sales\src\main\resources;D:\PharmIT-Billing\phitb_sales\grails-app\views;D:\PharmIT-Billing\phitb_sales\grails-app\i18n;D:\PharmIT-Billing\phitb_sales\grails-app\conf;D:\PharmIT-Billing\phitb_sales\build\classes\main;D:\PharmIT-Billing\phitb_sales\build\resources\main;D:\PharmIT-Billing\phitb_sales\build\gson-classes\main;C:\Users\User\.gradle\caches\modules-2\files-2.1\org.springframework.boot\spring-boot-starter-logging\1.5.14.RELEASE\970e7424050d1d1179640ec53b24953fa29fdcbd\spring-boot-starter-logging-1.5.14.RELEASE.jar;C:\Users\User\.gradle\caches\modules-2\files-2.1\org.springframework.boot\spring-boot-autoconfigure\1.5.14.RELEASE\a33f2ce0b5c4a41d61aa5fa1817d0055dea7150e\spring-boot-autoconfigure-1.5.14.RELEASE.jar;C:\Users\User\.gradle\caches\modules-2\files-2.1\org.grails\grails-core\3.3.6\4e108aaae7ce13bfb2aaa054deeed91c96d5926d\grails-core-3.3.6.jar;C:\Users\User\.gradle\caches\modules-2\files-2.1\org.springframework.boot\spring-boot-starter-actuator\1.5.14.RELEASE\b25f52cc7db0bbe03c69a8a7efb2bbb6183c0796\spring-boot-starter-actuator-1.5.14.RELEASE.jar;C:\Users\User\.gradle\caches\modules-2\files-2.1\org.grails\grails-plugin-url-mappings\3.3.6\2e7b161f04b8bdfd949c2aefa459f500d684e836\grails-plugin-url-mappings-3.3.6.jar;C:\Users\User\.gradle\caches\modules-2\files-2.1\org.grails\grails-plugin-rest\3.3.6\76b5c665d761a3c49d0b9b0d5f6fb1a91990ba6b\grails-plugin-rest-3.3.6.jar;C:\Users\User\.gradle\caches\modules-2\files-2.1\org.grails\grails-plugin-codecs\3.3.6\c9ce4ed7f1248f92d97a4419987eec0936cee3f5\grails-plugin-codecs-3.3.6.jar;C:\Users\User\.gradle\caches\modules-2\files-2.1\org.grails\grails-plugin-interceptors\3.3.6\3479d25f18ce9b2e8cb4014bb7d30580c6fa2175\grails-plugin-interceptors-3.3.6.jar;C:\Users\User\.gradle\caches\modules-2\files-2.1\org.grails\grails-plugin-services\3.3.6\4113c50ad833808b199b5ffb2dbaf25d89900ad5\grails-plugin-services-3.3.6.jar;C:\Users\User\.gradle\caches\modules-2\files-2.1\
Launcher Type: SUN_STANDARD

Environment Variables:
JAVA_HOME=C:\Program Files\Java\jdk1.8.0_121
PATH=C:\Program Files\Common Files\Oracle\Java\javapath;C:\Python39\Scripts\;C:\Python39\;C:\WINDOWS\system32;C:\WINDOWS;C:\WINDOWS\System32\Wbem;C:\WINDOWS\System32\WindowsPowerShell\v1.0\;C:\WINDOWS\System32\OpenSSH\;C:\Program Files\Git\cmd;C:\Program Files\nodejs\;C:\ProgramData\chocolatey\bin;C:\Program Files\Java\jdk1.8.0_121\bin;C:\hadoop\bin;C:\hadoop\sbin;C:\grails-3.3.6\bin;C:\Program Files\PostgreSQL\14\bin;C:\Program Files\PuTTY\;C:\Program Files\Docker\Docker\resources\bin;C:\ProgramData\DockerDesktop\version-bin;C:\Users\User\AppData\Local\Microsoft\WindowsApps;C:\Users\User\AppData\Roaming\npm;C:\Users\User\AppData\Local\Programs\Microsoft VS Code\bin;C:\Program Files\JetBrains\IntelliJ IDEA 2020.2.4\bin;;
USERNAME=Capulus
OS=Windows_NT
PROCESSOR_IDENTIFIER=Intel64 Family 6 Model 61 Stepping 4, GenuineIntel



---------------  S Y S T E M  ---------------

OS: Windows 10.0 , 64 bit Build 19041 (10.0.19041.1741)

CPU:total 4 (2 cores per cpu, 2 threads per core) family 6 model 61 stepping 4, cmov, cx8, fxsr, mmx, sse, sse2, sse3, ssse3, sse4.1, sse4.2, popcnt, avx, avx2, aes, clmul, erms, rtm, 3dnowpref, lzcnt, ht, tsc, tscinvbit, bmi1, bmi2, adx

Memory: 4k page, physical 8277520k(524460k free), swap 26593948k(0k free)

vm_info: Java HotSpot(TM) 64-Bit Server VM (25.121-b13) for windows-amd64 JRE (1.8.0_121-b13), built on Dec 12 2016 18:21:36 by "java_re" with MS VC++ 10.0 (VS2010)

time: Wed Jun 22 13:00:56 2022
elapsed time: 7 seconds (0d 0h 0m 7s)

