#
# There is insufficient memory for the Java Runtime Environment to continue.
# Native memory allocation (malloc) failed to allocate 1048576 bytes for AllocateHeap
# Possible reasons:
#   The system is out of physical RAM or swap space
#   In 32 bit mode, the process size limit was hit
# Possible solutions:
#   Reduce memory load on the system
#   Increase physical memory or swap space
#   Check if swap backing store is full
#   Use 64 bit Java on a 64 bit OS
#   Decrease Java heap size (-Xmx/-Xms)
#   Decrease number of Java threads
#   Decrease Java thread stack sizes (-Xss)
#   Set larger code cache with -XX:ReservedCodeCacheSize=
# This output file may be truncated or incomplete.
#
#  Out of Memory Error (memory/allocation.inline.hpp:61), pid=14516, tid=0x00000000000034fc
#
# JRE version:  (8.0_121-b13) (build )
# Java VM: Java HotSpot(TM) 64-Bit Server VM (25.121-b13 mixed mode windows-amd64 compressed oops)
# Failed to write core dump. Minidumps are not enabled by default on client versions of Windows
#

---------------  T H R E A D  ---------------

Current thread (0x000000000293d800):  JavaThread "Unknown thread" [_thread_in_vm, id=13564, stack(0x0000000002770000,0x0000000002870000)]

Stack: [0x0000000002770000,0x0000000002870000]
[error occurred during error reporting (printing stack bounds), id 0xc0000005]

Native frames: (J=compiled Java code, j=interpreted, Vv=VM code, C=native code)


---------------  P R O C E S S  ---------------

Java Threads: ( => current thread )

Other Threads:

=>0x000000000293d800 (exited) JavaThread "Unknown thread" [_thread_in_vm, id=13564, stack(0x0000000002770000,0x0000000002870000)]

VM state:not at safepoint (normal execution)

VM Mutex/Monitor currently owned by a thread: None

Heap:
 PSYoungGen      total 38400K, used 665K [0x00000000d5e00000, 0x00000000d8880000, 0x0000000100000000)
  eden space 33280K, 2% used [0x00000000d5e00000,0x00000000d5ea6670,0x00000000d7e80000)
  from space 5120K, 0% used [0x00000000d8380000,0x00000000d8380000,0x00000000d8880000)
  to   space 5120K, 0% used [0x00000000d7e80000,0x00000000d7e80000,0x00000000d8380000)
 ParOldGen       total 87552K, used 0K [0x0000000081a00000, 0x0000000086f80000, 0x00000000d5e00000)
  object space 87552K, 0% used [0x0000000081a00000,0x0000000081a00000,0x0000000086f80000)
 Metaspace       used 770K, capacity 4480K, committed 4480K, reserved 1056768K
  class space    used 75K, capacity 384K, committed 384K, reserved 1048576K

Card table byte_map: [0x0000000011e10000,0x0000000012210000] byte_map_base: 0x0000000011a03000

Marking Bits: (ParMarkBitMap*) 0x0000000064ecb6d0
 Begin Bits: [0x00000000128c0000, 0x0000000014858000)
 End Bits:   [0x0000000014858000, 0x00000000167f0000)

Polling page: 0x0000000000c50000

CodeCache: size=245760Kb used=328Kb max_used=328Kb free=245431Kb
 bounds [0x0000000002a50000, 0x0000000002cc0000, 0x0000000011a50000]
 total_blobs=58 nmethods=0 adapters=38
 compilation: enabled

Compilation events (0 events):
No events

GC Heap History (0 events):
No events

Deoptimization events (0 events):
No events

Internal exceptions (0 events):
No events

Events (10 events):
Event: 0.128 loading class java/lang/Short
Event: 0.128 loading class java/lang/Short done
Event: 0.128 loading class java/lang/Integer
Event: 0.129 loading class java/lang/Integer done
Event: 0.129 loading class java/lang/Long
Event: 0.129 loading class java/lang/Long done
Event: 0.130 loading class java/lang/NullPointerException
Event: 0.130 loading class java/lang/NullPointerException done
Event: 0.130 loading class java/lang/ArithmeticException
Event: 0.130 loading class java/lang/ArithmeticException done


Dynamic libraries:
0x00007ff7a63a0000 - 0x00007ff7a63d7000 	C:\Program Files\Java\jdk1.8.0_121\bin\java.exe
0x00007ffa0c2d0000 - 0x00007ffa0c4c8000 	C:\WINDOWS\SYSTEM32\ntdll.dll
0x00007ffa0c070000 - 0x00007ffa0c12d000 	C:\WINDOWS\System32\KERNEL32.DLL
0x00007ffa09be0000 - 0x00007ffa09eae000 	C:\WINDOWS\System32\KERNELBASE.dll
0x00007ffa0b080000 - 0x00007ffa0b12e000 	C:\WINDOWS\System32\ADVAPI32.dll
0x00007ffa0a920000 - 0x00007ffa0a9be000 	C:\WINDOWS\System32\msvcrt.dll
0x00007ffa0c1e0000 - 0x00007ffa0c27c000 	C:\WINDOWS\System32\sechost.dll
0x00007ffa0af40000 - 0x00007ffa0b065000 	C:\WINDOWS\System32\RPCRT4.dll
0x00007ffa0ad30000 - 0x00007ffa0aed0000 	C:\WINDOWS\System32\USER32.dll
0x00007ffa09bb0000 - 0x00007ffa09bd2000 	C:\WINDOWS\System32\win32u.dll
0x00007ffa0aa70000 - 0x00007ffa0aa9a000 	C:\WINDOWS\System32\GDI32.dll
0x00007ffa0a0d0000 - 0x00007ffa0a1db000 	C:\WINDOWS\System32\gdi32full.dll
0x00007ffa099f0000 - 0x00007ffa09a8d000 	C:\WINDOWS\System32\msvcp_win.dll
0x00007ffa0a230000 - 0x00007ffa0a330000 	C:\WINDOWS\System32\ucrtbase.dll
0x00007ff9f94e0000 - 0x00007ff9f977a000 	C:\WINDOWS\WinSxS\amd64_microsoft.windows.common-controls_6595b64144ccf1df_6.0.19041.1110_none_60b5254171f9507e\COMCTL32.dll
0x00007ffa0ab30000 - 0x00007ffa0ab60000 	C:\WINDOWS\System32\IMM32.DLL
0x0000000064f50000 - 0x0000000065022000 	C:\Program Files\Java\jdk1.8.0_121\jre\bin\msvcr100.dll
0x00000000646b0000 - 0x0000000064f4b000 	C:\Program Files\Java\jdk1.8.0_121\jre\bin\server\jvm.dll
0x00007ffa0b450000 - 0x00007ffa0b458000 	C:\WINDOWS\System32\PSAPI.DLL
0x00007ff9f70a0000 - 0x00007ff9f70a9000 	C:\WINDOWS\SYSTEM32\WSOCK32.dll
0x00007ffa0aed0000 - 0x00007ffa0af3b000 	C:\WINDOWS\System32\WS2_32.dll
0x00007ff9f98a0000 - 0x00007ff9f98c7000 	C:\WINDOWS\SYSTEM32\WINMM.dll
0x00007ff9fa790000 - 0x00007ff9fa79a000 	C:\WINDOWS\SYSTEM32\VERSION.dll
0x0000000065a50000 - 0x0000000065a5f000 	C:\Program Files\Java\jdk1.8.0_121\jre\bin\verify.dll
0x0000000065a20000 - 0x0000000065a49000 	C:\Program Files\Java\jdk1.8.0_121\jre\bin\java.dll
0x0000000065a00000 - 0x0000000065a16000 	C:\Program Files\Java\jdk1.8.0_121\jre\bin\zip.dll

VM Arguments:
jvm_args: -XX:+TieredCompilation -XX:TieredStopAtLevel=1 -XX:CICompilerCount=3 -Djline.WindowsTerminal.directConsole=false -Dgrails.full.stacktrace=true -Dfile.encoding=ISO-8859-1 
java_command: org.grails.cli.GrailsCli run-app --plain-output
java_class_path (initial): C:\Users\User\AppData\Local\Temp\classpath1051305387.jar
Launcher Type: SUN_STANDARD

Environment Variables:
JAVA_HOME=C:\Program Files\Java\jdk-15.0.2
PATH=C:\Program Files\Common Files\Oracle\Java\javapath;C:\Python39\Scripts\;C:\Python39\;C:\WINDOWS\system32;C:\WINDOWS;C:\WINDOWS\System32\Wbem;C:\WINDOWS\System32\WindowsPowerShell\v1.0\;C:\WINDOWS\System32\OpenSSH\;C:\Program Files\Git\cmd;C:\Program Files\nodejs\;C:\ProgramData\chocolatey\bin;C:\Program Files\Java\jdk1.8.0_121\bin;C:\hadoop\bin;C:\hadoop\sbin;C:\grails-3.3.6\bin;C:\Program Files\PostgreSQL\14\bin;C:\Program Files\PuTTY\;C:\Program Files\Docker\Docker\resources\bin;C:\ProgramData\DockerDesktop\version-bin;C:\Users\User\AppData\Local\Microsoft\WindowsApps;C:\Users\User\AppData\Roaming\npm;C:\Users\User\AppData\Local\Programs\Microsoft VS Code\bin;C:\Program Files\JetBrains\IntelliJ IDEA 2020.2.4\bin;;
USERNAME=Capulus
OS=Windows_NT
PROCESSOR_IDENTIFIER=Intel64 Family 6 Model 61 Stepping 4, GenuineIntel



---------------  S Y S T E M  ---------------

OS: Windows 10.0 , 64 bit Build 19041 (10.0.19041.1889)

CPU:total 4 (2 cores per cpu, 2 threads per core) family 6 model 61 stepping 4, cmov, cx8, fxsr, mmx, sse, sse2, sse3, ssse3, sse4.1, sse4.2, popcnt, avx, avx2, aes, clmul, erms, rtm, 3dnowpref, lzcnt, ht, tsc, tscinvbit, bmi1, bmi2, adx

Memory: 4k page, physical 8277520k(453228k free), swap 26367880k(23064k free)

vm_info: Java HotSpot(TM) 64-Bit Server VM (25.121-b13) for windows-amd64 JRE (1.8.0_121-b13), built on Dec 12 2016 18:21:36 by "java_re" with MS VC++ 10.0 (VS2010)

time: Tue Sep 27 13:16:32 2022
elapsed time: 0 seconds (0d 0h 0m 0s)

