#
# There is insufficient memory for the Java Runtime Environment to continue.
# Native memory allocation (malloc) failed to allocate 32744 bytes for ChunkPool::allocate
# Possible reasons:
#   The system is out of physical RAM or swap space
#   In 32 bit mode, the process size limit was hit
# Possible solutions:
#   Reduce memory load on the system
#   Increase physical memory or swap space
#   Check if swap backing store is full
#   Use 64 bit Java on a 64 bit OS
#   Decrease Java heap size (-Xmx/-Xms)
#   Decrease number of Java threads
#   Decrease Java thread stack sizes (-Xss)
#   Set larger code cache with -XX:ReservedCodeCacheSize=
# This output file may be truncated or incomplete.
#
#  Out of Memory Error (allocation.cpp:273), pid=11248, tid=0x000000000000108c
#
# JRE version: Java(TM) SE Runtime Environment (8.0_121-b13) (build 1.8.0_121-b13)
# Java VM: Java HotSpot(TM) 64-Bit Server VM (25.121-b13 mixed mode windows-amd64 compressed oops)
# Failed to write core dump. Minidumps are not enabled by default on client versions of Windows
#

---------------  T H R E A D  ---------------

Current thread (0x0000000017983000):  JavaThread "C2 CompilerThread1" daemon [_thread_in_native, id=4236, stack(0x00000000190f0000,0x00000000191f0000)]

Stack: [0x00000000190f0000,0x00000000191f0000]
[error occurred during error reporting (printing stack bounds), id 0xc0000005]

Native frames: (J=compiled Java code, j=interpreted, Vv=VM code, C=native code)


Current CompileTask:
C2:  78057 8268       4      
[error occurred during error reporting (printing current compile task), id 0xe0000001]


---------------  P R O C E S S  ---------------

Java Threads: ( => current thread )
  0x000000001eeb5000 JavaThread "Forward streams with process: command 'C:\Program Files\Java\jdk1.8.0_121\bin\java.exe' Thread 3" [_thread_in_native, id=14520, stack(0x0000000023a20000,0x0000000023b20000)]
  0x000000001eeb0800 JavaThread "Forward streams with process: command 'C:\Program Files\Java\jdk1.8.0_121\bin\java.exe' Thread 2" [_thread_in_native, id=1316, stack(0x0000000023920000,0x0000000023a20000)]
  0x000000001eead800 JavaThread "Forward streams with process: command 'C:\Program Files\Java\jdk1.8.0_121\bin\java.exe'" [_thread_blocked, id=7820, stack(0x0000000023820000,0x0000000023920000)]
  0x000000001eeb2000 JavaThread "Run command 'C:\Program Files\Java\jdk1.8.0_121\bin\java.exe'" [_thread_in_native, id=13024, stack(0x0000000022230000,0x0000000022330000)]
  0x000000001eeb3000 JavaThread "Cache worker for file content cache (D:\PharmIT-Billing\.gradle\3.5\fileContent)" [_thread_blocked, id=13076, stack(0x00000000216d0000,0x00000000217d0000)]
  0x000000001a83a000 JavaThread "Cache worker for task history cache (D:\PharmIT-Billing\.gradle\3.5\taskHistory)" [_thread_blocked, id=13392, stack(0x0000000020150000,0x0000000020250000)]
  0x000000001a83f800 JavaThread "Memory manager" [_thread_blocked, id=10220, stack(0x000000001fb80000,0x000000001fc80000)]
  0x000000001a840000 JavaThread "Cache worker for Artifact transforms cache (C:\Users\User\.gradle\caches\transforms-1)" [_thread_blocked, id=3304, stack(0x000000001e810000,0x000000001e910000)]
  0x000000001a83d000 JavaThread "File lock request listener" [_thread_in_native, id=4304, stack(0x000000001c370000,0x000000001c470000)]
  0x000000001a839800 JavaThread "Cache worker for file hash cache (C:\Users\User\.gradle\caches\3.5\fileHashes)" [_thread_blocked, id=6280, stack(0x000000001c270000,0x000000001c370000)]
  0x000000001a3aa800 JavaThread "Asynchronous log dispatcher for DefaultDaemonConnection: socket connection from /127.0.0.1:58044 to /127.0.0.1:58045" [_thread_blocked, id=5256, stack(0x000000001c070000,0x000000001c170000)]
  0x000000001a3a6800 JavaThread "Daemon worker" [_thread_blocked, id=10100, stack(0x000000001bf70000,0x000000001c070000)]
  0x000000001a3ce000 JavaThread "Cancel handler" [_thread_blocked, id=10256, stack(0x000000001be70000,0x000000001bf70000)]
  0x000000001a928000 JavaThread "Handler for socket connection from /127.0.0.1:58044 to /127.0.0.1:58045" [_thread_in_native, id=8972, stack(0x000000001bb70000,0x000000001bc70000)]
  0x000000001adce000 JavaThread "Daemon" [_thread_blocked, id=5892, stack(0x000000001ba70000,0x000000001bb70000)]
  0x000000001a6d0800 JavaThread "Daemon periodic checks" [_thread_blocked, id=6384, stack(0x000000001b970000,0x000000001ba70000)]
  0x000000001a72f000 JavaThread "Incoming local TCP Connector on port 58044" [_thread_in_native, id=8916, stack(0x000000001b730000,0x000000001b830000)]
  0x000000001ae2d800 JavaThread "Daemon health stats" [_thread_blocked, id=13372, stack(0x000000001b0c0000,0x000000001b1c0000)]
  0x00000000179de800 JavaThread "Service Thread" daemon [_thread_blocked, id=11768, stack(0x00000000196f0000,0x00000000197f0000)]
  0x0000000017992000 JavaThread "C1 CompilerThread2" daemon [_thread_blocked, id=13496, stack(0x00000000191f0000,0x00000000192f0000)]
=>0x0000000017983000 JavaThread "C2 CompilerThread1" daemon [_thread_in_native, id=4236, stack(0x00000000190f0000,0x00000000191f0000)]
  0x000000001797f800 JavaThread "C2 CompilerThread0" daemon [_thread_blocked, id=13876, stack(0x0000000018ff0000,0x00000000190f0000)]
  0x000000001797e000 JavaThread "Attach Listener" daemon [_thread_blocked, id=6880, stack(0x0000000018ef0000,0x0000000018ff0000)]
  0x000000001797a800 JavaThread "Signal Dispatcher" daemon [_thread_blocked, id=12708, stack(0x0000000018df0000,0x0000000018ef0000)]
  0x0000000002d5d800 JavaThread "Finalizer" daemon [_thread_blocked, id=10312, stack(0x0000000018bf0000,0x0000000018cf0000)]
  0x0000000002d52000 JavaThread "Reference Handler" daemon [_thread_blocked, id=14768, stack(0x0000000018af0000,0x0000000018bf0000)]
  0x0000000002c62800 JavaThread "main" [_thread_blocked, id=12896, stack(0x0000000002a80000,0x0000000002b80000)]

Other Threads:
  0x0000000017947000 VMThread [stack: 0x00000000189f0000,0x0000000018af0000] [id=8180]
  0x0000000019333000 WatcherThread [stack: 0x00000000197f0000,0x00000000198f0000] [id=8716]

VM state:not at safepoint (normal execution)

VM Mutex/Monitor currently owned by a thread: None

Heap:
 PSYoungGen      total 192000K, used 61351K [0x00000000d5580000, 0x00000000e2b00000, 0x0000000100000000)
  eden space 169472K, 25% used [0x00000000d5580000,0x00000000d800a320,0x00000000dfb00000)
  from space 22528K, 78% used [0x00000000e1280000,0x00000000e23df978,0x00000000e2880000)
  to   space 24064K, 0% used [0x00000000dfb00000,0x00000000dfb00000,0x00000000e1280000)
 ParOldGen       total 91648K, used 43389K [0x0000000080000000, 0x0000000085980000, 0x00000000d5580000)
  object space 91648K, 47% used [0x0000000080000000,0x0000000082a5f408,0x0000000085980000)
 Metaspace       used 42845K, capacity 45618K, committed 45784K, reserved 1089536K
  class space    used 5996K, capacity 6318K, committed 6400K, reserved 1048576K

Card table byte_map: [0x0000000012120000,0x0000000012530000] byte_map_base: 0x0000000011d20000

Marking Bits: (ParMarkBitMap*) 0x0000000055a8b6d0
 Begin Bits: [0x0000000012be0000, 0x0000000014be0000)
 End Bits:   [0x0000000014be0000, 0x0000000016be0000)

Polling page: 0x0000000000dd0000

CodeCache: size=245760Kb used=23786Kb max_used=23798Kb free=221973Kb
 bounds [0x0000000002d60000, 0x00000000044c0000, 0x0000000011d60000]
 total_blobs=8184 nmethods=7500 adapters=594
 compilation: enabled

Compilation events (10 events):
Event: 73.740 Thread 0x0000000017992000 nmethod 8263 0x0000000004499dd0 code [0x0000000004499f40, 0x000000000449a258]
Event: 73.740 Thread 0x0000000017992000 8264   !   3       java.util.concurrent.LinkedBlockingDeque$AbstractItr::advance (61 bytes)
Event: 73.741 Thread 0x0000000017992000 nmethod 8264 0x00000000044991d0 code [0x0000000004499380, 0x0000000004499af8]
Event: 77.635 Thread 0x000000001797f800 8265       4       java.util.concurrent.locks.AbstractQueuedSynchronizer$ConditionObject::addConditionWaiter (64 bytes)
Event: 77.638 Thread 0x000000001797f800 nmethod 8265 0x0000000004495f90 code [0x00000000044960e0, 0x00000000044962b8]
Event: 77.746 Thread 0x0000000017983000 8266   !   4       java.util.concurrent.locks.AbstractQueuedSynchronizer::fullyRelease (54 bytes)
Event: 77.749 Thread 0x0000000017983000 nmethod 8266 0x0000000004495a10 code [0x0000000004495b60, 0x0000000004495d08]
Event: 77.826 Thread 0x000000001797f800 8267       4       java.util.concurrent.locks.AbstractQueuedSynchronizer::enq (58 bytes)
Event: 77.828 Thread 0x000000001797f800 nmethod 8267 0x00000000044b8390 code [0x00000000044b84e0, 0x00000000044b86c8]
Event: 78.050 Thread 0x0000000017983000 8268       4       java.util.concurrent.locks.AbstractQueuedSynchronizer$ConditionObject::awaitNanos (156 bytes)

GC Heap History (10 events):
Event: 11.672 GC heap before
{Heap before GC invocations=12 (full 2):
 PSYoungGen      total 109056K, used 12737K [0x00000000d5580000, 0x00000000dd880000, 0x0000000100000000)
  eden space 95744K, 0% used [0x00000000d5580000,0x00000000d5580000,0x00000000db300000)
  from space 13312K, 95% used [0x00000000dc180000,0x00000000dcdf0558,0x00000000dce80000)
  to   space 14848K, 0% used [0x00000000db300000,0x00000000db300000,0x00000000dc180000)
 ParOldGen       total 65536K, used 11206K [0x0000000080000000, 0x0000000084000000, 0x00000000d5580000)
  object space 65536K, 17% used [0x0000000080000000,0x0000000080af1810,0x0000000084000000)
 Metaspace       used 34783K, capacity 35288K, committed 35416K, reserved 1079296K
  class space    used 4856K, capacity 4985K, committed 4992K, reserved 1048576K
Event: 11.818 GC heap after
Heap after GC invocations=12 (full 2):
 PSYoungGen      total 109056K, used 0K [0x00000000d5580000, 0x00000000dd880000, 0x0000000100000000)
  eden space 95744K, 0% used [0x00000000d5580000,0x00000000d5580000,0x00000000db300000)
  from space 13312K, 0% used [0x00000000dc180000,0x00000000dc180000,0x00000000dce80000)
  to   space 14848K, 0% used [0x00000000db300000,0x00000000db300000,0x00000000dc180000)
 ParOldGen       total 91648K, used 19143K [0x0000000080000000, 0x0000000085980000, 0x00000000d5580000)
  object space 91648K, 20% used [0x0000000080000000,0x00000000812b1c08,0x0000000085980000)
 Metaspace       used 34783K, capacity 35288K, committed 35416K, reserved 1079296K
  class space    used 4856K, capacity 4985K, committed 4992K, reserved 1048576K
}
Event: 13.204 GC heap before
{Heap before GC invocations=13 (full 2):
 PSYoungGen      total 109056K, used 95744K [0x00000000d5580000, 0x00000000dd880000, 0x0000000100000000)
  eden space 95744K, 100% used [0x00000000d5580000,0x00000000db300000,0x00000000db300000)
  from space 13312K, 0% used [0x00000000dc180000,0x00000000dc180000,0x00000000dce80000)
  to   space 14848K, 0% used [0x00000000db300000,0x00000000db300000,0x00000000dc180000)
 ParOldGen       total 91648K, used 19143K [0x0000000080000000, 0x0000000085980000, 0x00000000d5580000)
  object space 91648K, 20% used [0x0000000080000000,0x00000000812b1c08,0x0000000085980000)
 Metaspace       used 36801K, capacity 37496K, committed 37720K, reserved 1081344K
  class space    used 5206K, capacity 5402K, committed 5504K, reserved 1048576K
Event: 13.221 GC heap after
Heap after GC invocations=13 (full 2):
 PSYoungGen      total 110592K, used 9461K [0x00000000d5580000, 0x00000000df100000, 0x0000000100000000)
  eden space 95744K, 0% used [0x00000000d5580000,0x00000000d5580000,0x00000000db300000)
  from space 14848K, 63% used [0x00000000db300000,0x00000000dbc3d7b8,0x00000000dc180000)
  to   space 14336K, 0% used [0x00000000de300000,0x00000000de300000,0x00000000df100000)
 ParOldGen       total 91648K, used 19151K [0x0000000080000000, 0x0000000085980000, 0x00000000d5580000)
  object space 91648K, 20% used [0x0000000080000000,0x00000000812b3c08,0x0000000085980000)
 Metaspace       used 36801K, capacity 37496K, committed 37720K, reserved 1081344K
  class space    used 5206K, capacity 5402K, committed 5504K, reserved 1048576K
}
Event: 15.961 GC heap before
{Heap before GC invocations=14 (full 2):
 PSYoungGen      total 110592K, used 105205K [0x00000000d5580000, 0x00000000df100000, 0x0000000100000000)
  eden space 95744K, 100% used [0x00000000d5580000,0x00000000db300000,0x00000000db300000)
  from space 14848K, 63% used [0x00000000db300000,0x00000000dbc3d7b8,0x00000000dc180000)
  to   space 14336K, 0% used [0x00000000de300000,0x00000000de300000,0x00000000df100000)
 ParOldGen       total 91648K, used 19151K [0x0000000080000000, 0x0000000085980000, 0x00000000d5580000)
  object space 91648K, 20% used [0x0000000080000000,0x00000000812b3c08,0x0000000085980000)
 Metaspace       used 39147K, capacity 40216K, committed 40536K, reserved 1083392K
  class space    used 5463K, capacity 5684K, committed 5760K, reserved 1048576K
Event: 15.988 GC heap after
Heap after GC invocations=14 (full 2):
 PSYoungGen      total 142336K, used 14304K [0x00000000d5580000, 0x00000000df400000, 0x0000000100000000)
  eden space 128000K, 0% used [0x00000000d5580000,0x00000000d5580000,0x00000000dd280000)
  from space 14336K, 99% used [0x00000000de300000,0x00000000df0f8010,0x00000000df100000)
  to   space 16896K, 0% used [0x00000000dd280000,0x00000000dd280000,0x00000000de300000)
 ParOldGen       total 91648K, used 20935K [0x0000000080000000, 0x0000000085980000, 0x00000000d5580000)
  object space 91648K, 22% used [0x0000000080000000,0x0000000081471ec0,0x0000000085980000)
 Metaspace       used 39147K, capacity 40216K, committed 40536K, reserved 1083392K
  class space    used 5463K, capacity 5684K, committed 5760K, reserved 1048576K
}
Event: 18.004 GC heap before
{Heap before GC invocations=15 (full 2):
 PSYoungGen      total 142336K, used 142304K [0x00000000d5580000, 0x00000000df400000, 0x0000000100000000)
  eden space 128000K, 100% used [0x00000000d5580000,0x00000000dd280000,0x00000000dd280000)
  from space 14336K, 99% used [0x00000000de300000,0x00000000df0f8010,0x00000000df100000)
  to   space 16896K, 0% used [0x00000000dd280000,0x00000000dd280000,0x00000000de300000)
 ParOldGen       total 91648K, used 20935K [0x0000000080000000, 0x0000000085980000, 0x00000000d5580000)
  object space 91648K, 22% used [0x0000000080000000,0x0000000081471ec0,0x0000000085980000)
 Metaspace       used 40403K, capacity 42702K, committed 42840K, reserved 1085440K
  class space    used 5635K, capacity 5942K, committed 6016K, reserved 1048576K
Event: 18.044 GC heap after
Heap after GC invocations=15 (full 2):
 PSYoungGen      total 144896K, used 16864K [0x00000000d5580000, 0x00000000e2880000, 0x0000000100000000)
  eden space 128000K, 0% used [0x00000000d5580000,0x00000000d5580000,0x00000000dd280000)
  from space 16896K, 99% used [0x00000000dd280000,0x00000000de2f8010,0x00000000de300000)
  to   space 22528K, 0% used [0x00000000e1280000,0x00000000e1280000,0x00000000e2880000)
 ParOldGen       total 91648K, used 30060K [0x0000000080000000, 0x0000000085980000, 0x00000000d5580000)
  object space 91648K, 32% used [0x0000000080000000,0x0000000081d5b0f8,0x0000000085980000)
 Metaspace       used 40403K, capacity 42702K, committed 42840K, reserved 1085440K
  class space    used 5635K, capacity 5942K, committed 6016K, reserved 1048576K
}
Event: 20.066 GC heap before
{Heap before GC invocations=16 (full 2):
 PSYoungGen      total 144896K, used 144864K [0x00000000d5580000, 0x00000000e2880000, 0x0000000100000000)
  eden space 128000K, 100% used [0x00000000d5580000,0x00000000dd280000,0x00000000dd280000)
  from space 16896K, 99% used [0x00000000dd280000,0x00000000de2f8010,0x00000000de300000)
  to   space 22528K, 0% used [0x00000000e1280000,0x00000000e1280000,0x00000000e2880000)
 ParOldGen       total 91648K, used 30060K [0x0000000080000000, 0x0000000085980000, 0x00000000d5580000)
  object space 91648K, 32% used [0x0000000080000000,0x0000000081d5b0f8,0x0000000085980000)
 Metaspace       used 42303K, capacity 45052K, committed 45144K, reserved 1087488K
  class space    used 5914K, capacity 6245K, committed 6272K, reserved 1048576K
Event: 20.105 GC heap after
Heap after GC invocations=16 (full 2):
 PSYoungGen      total 192000K, used 17790K [0x00000000d5580000, 0x00000000e2b00000, 0x0000000100000000)
  eden space 169472K, 0% used [0x00000000d5580000,0x00000000d5580000,0x00000000dfb00000)
  from space 22528K, 78% used [0x00000000e1280000,0x00000000e23df978,0x00000000e2880000)
  to   space 24064K, 0% used [0x00000000dfb00000,0x00000000dfb00000,0x00000000e1280000)
 ParOldGen       total 91648K, used 43389K [0x0000000080000000, 0x0000000085980000, 0x00000000d5580000)
  object space 91648K, 47% used [0x0000000080000000,0x0000000082a5f408,0x0000000085980000)
 Metaspace       used 42303K, capacity 45052K, committed 45144K, reserved 1087488K
  class space    used 5914K, capacity 6245K, committed 6272K, reserved 1048576K
}

Deoptimization events (10 events):
Event: 20.626 Thread 0x000000001a3a6800 Uncommon trap: reason=unstable_if action=reinterpret pc=0x0000000002efbd9c method=sun.nio.cs.UTF_8$Encoder.encode([CII[B)I @ 33
Event: 20.708 Thread 0x000000001a3a6800 Uncommon trap: reason=unstable_if action=reinterpret pc=0x00000000044511a4 method=java.util.TreeMap.getCeilingEntry(Ljava/lang/Object;)Ljava/util/TreeMap$Entry; @ 80
Event: 20.708 Thread 0x000000001a3a6800 Uncommon trap: reason=unstable_if action=reinterpret pc=0x000000000444ba8c method=java.util.TreeMap.getCeilingEntry(Ljava/lang/Object;)Ljava/util/TreeMap$Entry; @ 80
Event: 20.850 Thread 0x000000001a3a6800 Uncommon trap: reason=predicate action=maybe_recompile pc=0x0000000004463b7c method=java.nio.charset.CharsetDecoder.decode(Ljava/nio/ByteBuffer;Ljava/nio/CharBuffer;Z)Ljava/nio/charset/CoderResult; @ 54
Event: 20.853 Thread 0x000000001a83a000 Uncommon trap: reason=bimorphic action=maybe_recompile pc=0x00000000042967b4 method=com.esotericsoftware.kryo.io.Output.flush()V @ 21
Event: 20.912 Thread 0x000000001a3a6800 Uncommon trap: reason=unstable_if action=reinterpret pc=0x00000000040f2098 method=java.io.WinNTFileSystem.parentOrNull(Ljava/lang/String;)Ljava/lang/String; @ 62
Event: 20.940 Thread 0x000000001eeb2000 Uncommon trap: reason=bimorphic action=maybe_recompile pc=0x0000000003cfb5d4 method=org.gradle.internal.event.ListenerBroadcast.dispatch(Lorg/gradle/internal/dispatch/MethodInvocation;)V @ 5
Event: 21.391 Thread 0x000000001eeb5000 Uncommon trap: reason=unstable_if action=reinterpret pc=0x00000000030f0ed0 method=org.gradle.internal.logging.text.AbstractLineChoppingStyledTextOutput$2.execute(Lorg/gradle/internal/logging/text/AbstractLineChoppingStyledTextOutput$StateContext;)V @ 30
Event: 53.767 Thread 0x000000001a6d0800 Uncommon trap: reason=unstable_if action=reinterpret pc=0x0000000004412e08 method=java.io.ExpiringCache.entryFor(Ljava/lang/String;)Ljava/io/ExpiringCache$Entry; @ 39
Event: 53.768 Thread 0x000000001a6d0800 Uncommon trap: reason=unstable_if action=reinterpret pc=0x00000000042e4bfc method=java.io.ExpiringCache.entryFor(Ljava/lang/String;)Ljava/io/ExpiringCache$Entry; @ 39

Internal exceptions (10 events):
Event: 20.598 Thread 0x000000001a3a6800 Exception <a 'java/lang/ClassNotFoundException': java/io/ReaderBeanInfo> (0x00000000d60a1210) thrown at [C:\re\workspace\8-2-build-windows-amd64-cygwin\jdk8u121\8372\hotspot\src\share\vm\classfile\systemDictionary.cpp, line 210]
Event: 20.598 Thread 0x000000001a3a6800 Exception <a 'java/lang/ClassNotFoundException': java/io/ReaderCustomizer> (0x00000000d60a8280) thrown at [C:\re\workspace\8-2-build-windows-amd64-cygwin\jdk8u121\8372\hotspot\src\share\vm\classfile\systemDictionary.cpp, line 210]
Event: 20.599 Thread 0x000000001a3a6800 Exception <a 'java/lang/ClassNotFoundException': java/io/FilterReaderCustomizer> (0x00000000d60b48d0) thrown at [C:\re\workspace\8-2-build-windows-amd64-cygwin\jdk8u121\8372\hotspot\src\share\vm\classfile\systemDictionary.cpp, line 210]
Event: 20.599 Thread 0x000000001a3a6800 Exception <a 'java/lang/ClassNotFoundException': org/apache/tools/ant/filters/BaseFilterReaderCustomizer> (0x00000000d60c70b0) thrown at [C:\re\workspace\8-2-build-windows-amd64-cygwin\jdk8u121\8372\hotspot\src\share\vm\classfile\systemDictionary.cpp, lin
Event: 20.600 Thread 0x000000001a3a6800 Exception <a 'java/lang/ClassNotFoundException': org/apache/tools/ant/filters/BaseParamFilterReaderCustomizer> (0x00000000d60d84b0) thrown at [C:\re\workspace\8-2-build-windows-amd64-cygwin\jdk8u121\8372\hotspot\src\share\vm\classfile\systemDictionary.cpp
Event: 20.601 Thread 0x000000001a3a6800 Exception <a 'java/lang/ClassNotFoundException': org/apache/tools/ant/filters/ReplaceTokensCustomizer> (0x00000000d60e77e0) thrown at [C:\re\workspace\8-2-build-windows-amd64-cygwin\jdk8u121\8372\hotspot\src\share\vm\classfile\systemDictionary.cpp, line 2
Event: 20.603 Thread 0x000000001a3a6800 Exception <a 'java/lang/ClassNotFoundException': java/util/HashtableBeanInfo> (0x00000000d610d780) thrown at [C:\re\workspace\8-2-build-windows-amd64-cygwin\jdk8u121\8372\hotspot\src\share\vm\classfile\systemDictionary.cpp, line 210]
Event: 20.603 Thread 0x000000001a3a6800 Exception <a 'java/lang/ClassNotFoundException': java/util/DictionaryBeanInfo> (0x00000000d6114e80) thrown at [C:\re\workspace\8-2-build-windows-amd64-cygwin\jdk8u121\8372\hotspot\src\share\vm\classfile\systemDictionary.cpp, line 210]
Event: 20.603 Thread 0x000000001a3a6800 Exception <a 'java/lang/ClassNotFoundException': java/util/DictionaryCustomizer> (0x00000000d611c798) thrown at [C:\re\workspace\8-2-build-windows-amd64-cygwin\jdk8u121\8372\hotspot\src\share\vm\classfile\systemDictionary.cpp, line 210]
Event: 20.604 Thread 0x000000001a3a6800 Exception <a 'java/lang/ClassNotFoundException': java/util/HashtableCustomizer> (0x00000000d612a818) thrown at [C:\re\workspace\8-2-build-windows-amd64-cygwin\jdk8u121\8372\hotspot\src\share\vm\classfile\systemDictionary.cpp, line 210]

Events (10 events):
Event: 21.391 Thread 0x000000001eeb5000 DEOPT UNPACKING pc=0x0000000002da582a sp=0x0000000023b1e000 mode 2
Event: 40.406 Executing VM operation: RevokeBias
Event: 40.406 Executing VM operation: RevokeBias done
Event: 53.767 Thread 0x000000001a6d0800 Uncommon trap: trap_request=0xffffff65 fr.pc=0x0000000004412e08
Event: 53.767 Thread 0x000000001a6d0800 DEOPT PACKING pc=0x0000000004412e08 sp=0x000000001ba6ea70
Event: 53.767 Thread 0x000000001a6d0800 DEOPT UNPACKING pc=0x0000000002da582a sp=0x000000001ba6e9c8 mode 2
Event: 53.768 Thread 0x000000001a6d0800 Uncommon trap: trap_request=0xffffff65 fr.pc=0x00000000042e4bfc
Event: 53.768 Thread 0x000000001a6d0800 DEOPT PACKING pc=0x00000000042e4bfc sp=0x000000001ba6e9d0
Event: 53.768 Thread 0x000000001a6d0800 DEOPT UNPACKING pc=0x0000000002da582a sp=0x000000001ba6e9b0 mode 2
Event: 63.916 Thread 0x000000001a3c7000 Thread exited: 0x000000001a3c7000


Dynamic libraries:
0x00007ff7849b0000 - 0x00007ff7849e7000 	C:\Program Files\Java\jdk1.8.0_121\bin\java.exe
0x00007fffefdd0000 - 0x00007fffeffc8000 	C:\WINDOWS\SYSTEM32\ntdll.dll
0x00007fffee680000 - 0x00007fffee73d000 	C:\WINDOWS\System32\KERNEL32.DLL
0x00007fffed850000 - 0x00007fffedb22000 	C:\WINDOWS\System32\KERNELBASE.dll
0x00007fffeefb0000 - 0x00007fffef05e000 	C:\WINDOWS\System32\ADVAPI32.dll
0x00007fffefc80000 - 0x00007fffefd1e000 	C:\WINDOWS\System32\msvcrt.dll
0x00007fffee190000 - 0x00007fffee22c000 	C:\WINDOWS\System32\sechost.dll
0x00007fffee7e0000 - 0x00007fffee905000 	C:\WINDOWS\System32\RPCRT4.dll
0x00007fffee230000 - 0x00007fffee3cd000 	C:\WINDOWS\System32\USER32.dll
0x00007fffedd90000 - 0x00007fffeddb2000 	C:\WINDOWS\System32\win32u.dll
0x00007fffee7a0000 - 0x00007fffee7cb000 	C:\WINDOWS\System32\GDI32.dll
0x00007fffedc80000 - 0x00007fffedd8f000 	C:\WINDOWS\System32\gdi32full.dll
0x00007fffed4e0000 - 0x00007fffed57d000 	C:\WINDOWS\System32\msvcp_win.dll
0x00007fffedb80000 - 0x00007fffedc80000 	C:\WINDOWS\System32\ucrtbase.dll
0x00007fffdcbe0000 - 0x00007fffdce7a000 	C:\WINDOWS\WinSxS\amd64_microsoft.windows.common-controls_6595b64144ccf1df_6.0.19041.1110_none_60b5254171f9507e\COMCTL32.dll
0x00007fffef970000 - 0x00007fffef9a0000 	C:\WINDOWS\System32\IMM32.DLL
0x0000000055b10000 - 0x0000000055be2000 	C:\Program Files\Java\jdk1.8.0_121\jre\bin\msvcr100.dll
0x0000000055270000 - 0x0000000055b0b000 	C:\Program Files\Java\jdk1.8.0_121\jre\bin\server\jvm.dll
0x00007fffee7d0000 - 0x00007fffee7d8000 	C:\WINDOWS\System32\PSAPI.DLL
0x00007fffdcf10000 - 0x00007fffdcf37000 	C:\WINDOWS\SYSTEM32\WINMM.dll
0x00007fffde510000 - 0x00007fffde51a000 	C:\WINDOWS\SYSTEM32\VERSION.dll
0x00007fffdb070000 - 0x00007fffdb079000 	C:\WINDOWS\SYSTEM32\WSOCK32.dll
0x00007fffefd20000 - 0x00007fffefd8b000 	C:\WINDOWS\System32\WS2_32.dll
0x0000000055260000 - 0x000000005526f000 	C:\Program Files\Java\jdk1.8.0_121\jre\bin\verify.dll
0x0000000055230000 - 0x0000000055259000 	C:\Program Files\Java\jdk1.8.0_121\jre\bin\java.dll
0x0000000055210000 - 0x0000000055226000 	C:\Program Files\Java\jdk1.8.0_121\jre\bin\zip.dll
0x00007fffef220000 - 0x00007fffef963000 	C:\WINDOWS\System32\SHELL32.dll
0x00007fffeb190000 - 0x00007fffeb921000 	C:\WINDOWS\SYSTEM32\windows.storage.dll
0x00007fffede30000 - 0x00007fffee184000 	C:\WINDOWS\System32\combase.dll
0x00007fffecd80000 - 0x00007fffecdb0000 	C:\WINDOWS\SYSTEM32\Wldp.dll
0x00007fffee3d0000 - 0x00007fffee47d000 	C:\WINDOWS\System32\SHCORE.dll
0x00007fffeeec0000 - 0x00007fffeef15000 	C:\WINDOWS\System32\shlwapi.dll
0x00007fffed420000 - 0x00007fffed43f000 	C:\WINDOWS\SYSTEM32\profapi.dll
0x00000000551f0000 - 0x000000005520a000 	C:\Program Files\Java\jdk1.8.0_121\jre\bin\net.dll
0x00007fffecb60000 - 0x00007fffecbca000 	C:\WINDOWS\system32\mswsock.dll
0x00000000551d0000 - 0x00000000551e1000 	C:\Program Files\Java\jdk1.8.0_121\jre\bin\nio.dll
0x00007fffc1c30000 - 0x00007fffc1c4e000 	C:\Users\User\.gradle\native\25\windows-amd64\native-platform.dll
0x00007fffecdc0000 - 0x00007fffecdd8000 	C:\WINDOWS\SYSTEM32\CRYPTSP.dll
0x00007fffec4a0000 - 0x00007fffec4d4000 	C:\WINDOWS\system32\rsaenh.dll
0x00007fffed6e0000 - 0x00007fffed707000 	C:\WINDOWS\System32\bcrypt.dll
0x00007fffed3e0000 - 0x00007fffed40e000 	C:\WINDOWS\SYSTEM32\USERENV.dll
0x00007fffed710000 - 0x00007fffed792000 	C:\WINDOWS\System32\bcryptprimitives.dll
0x00007fffeccf0000 - 0x00007fffeccfc000 	C:\WINDOWS\SYSTEM32\CRYPTBASE.dll
0x00007fffec870000 - 0x00007fffec8ab000 	C:\WINDOWS\SYSTEM32\IPHLPAPI.DLL
0x00007fffee910000 - 0x00007fffee918000 	C:\WINDOWS\System32\NSI.dll
0x00007fffe3f40000 - 0x00007fffe3f57000 	C:\WINDOWS\SYSTEM32\dhcpcsvc6.DLL
0x00007fffe4090000 - 0x00007fffe40ad000 	C:\WINDOWS\SYSTEM32\dhcpcsvc.DLL
0x00007fffec8b0000 - 0x00007fffec97a000 	C:\WINDOWS\SYSTEM32\DNSAPI.dll
0x00000000551c0000 - 0x00000000551cd000 	C:\Program Files\Java\jdk1.8.0_121\jre\bin\management.dll

VM Arguments:
jvm_args: -XX:MaxPermSize=512m -XX:+HeapDumpOnOutOfMemoryError -Xmx2048m -Dfile.encoding=UTF-8 -Duser.country=IN -Duser.language=en -Duser.variant 
java_command: org.gradle.launcher.daemon.bootstrap.GradleDaemon 3.5
java_class_path (initial): C:\Users\User\.gradle\wrapper\dists\gradle-3.5-all\exhrs6ca08n232b14ue48lbye\gradle-3.5\lib\gradle-launcher-3.5.jar
Launcher Type: SUN_STANDARD

Environment Variables:
JAVA_HOME=C:\Program Files\Java\jdk-15.0.2
PATH=C:\Program Files\Common Files\Oracle\Java\javapath;C:\Python39\Scripts\;C:\Python39\;C:\WINDOWS\system32;C:\WINDOWS;C:\WINDOWS\System32\Wbem;C:\WINDOWS\System32\WindowsPowerShell\v1.0\;C:\WINDOWS\System32\OpenSSH\;C:\Program Files\Git\cmd;C:\Program Files\nodejs\;C:\ProgramData\chocolatey\bin;C:\Program Files\Java\jdk1.8.0_121\bin;C:\hadoop\bin;C:\hadoop\sbin;C:\grails-3.3.6\bin;C:\Program Files\PostgreSQL\14\bin;C:\Program Files\PuTTY\;C:\Program Files\Docker\Docker\resources\bin;C:\ProgramData\DockerDesktop\version-bin;C:\Users\User\AppData\Local\Microsoft\WindowsApps;C:\Users\User\AppData\Roaming\npm;C:\Users\User\AppData\Local\Programs\Microsoft VS Code\bin;C:\Program Files\JetBrains\IntelliJ IDEA 2020.2.4\bin;;
USERNAME=Capulus
OS=Windows_NT
PROCESSOR_IDENTIFIER=Intel64 Family 6 Model 61 Stepping 4, GenuineIntel



---------------  S Y S T E M  ---------------

OS: Windows 10.0 , 64 bit Build 19041 (10.0.19041.1889)

CPU:total 4 (2 cores per cpu, 2 threads per core) family 6 model 61 stepping 4, cmov, cx8, fxsr, mmx, sse, sse2, sse3, ssse3, sse4.1, sse4.2, popcnt, avx, avx2, aes, clmul, erms, rtm, 3dnowpref, lzcnt, ht, tsc, tscinvbit, bmi1, bmi2, adx

Memory: 4k page, physical 8277520k(738100k free), swap 26593948k(16k free)

vm_info: Java HotSpot(TM) 64-Bit Server VM (25.121-b13) for windows-amd64 JRE (1.8.0_121-b13), built on Dec 12 2016 18:21:36 by "java_re" with MS VC++ 10.0 (VS2010)

time: Tue Oct 18 16:52:07 2022
elapsed time: 78 seconds (0d 0h 1m 18s)

