#
# There is insufficient memory for the Java Runtime Environment to continue.
# Native memory allocation (malloc) failed to allocate 1366416 bytes for Chunk::new
# Possible reasons:
#   The system is out of physical RAM or swap space
#   In 32 bit mode, the process size limit was hit
# Possible solutions:
#   Reduce memory load on the system
#   Increase physical memory or swap space
#   Check if swap backing store is full
#   Use 64 bit Java on a 64 bit OS
#   Decrease Java heap size (-Xmx/-Xms)
#   Decrease number of Java threads
#   Decrease Java thread stack sizes (-Xss)
#   Set larger code cache with -XX:ReservedCodeCacheSize=
# This output file may be truncated or incomplete.
#
#  Out of Memory Error (allocation.cpp:390), pid=2668, tid=0x000000000000464c
#
# JRE version: Java(TM) SE Runtime Environment (8.0_121-b13) (build 1.8.0_121-b13)
# Java VM: Java HotSpot(TM) 64-Bit Server VM (25.121-b13 mixed mode windows-amd64 compressed oops)
# Failed to write core dump. Minidumps are not enabled by default on client versions of Windows
#

---------------  T H R E A D  ---------------

Current thread (0x00000000173af800):  JavaThread "C2 CompilerThread0" daemon [_thread_in_native, id=17996, stack(0x0000000018a20000,0x0000000018b20000)]

Stack: [0x0000000018a20000,0x0000000018b20000]
[error occurred during error reporting (printing stack bounds), id 0xc0000005]

Native frames: (J=compiled Java code, j=interpreted, Vv=VM code, C=native code)


Current CompileTask:
C2:  16469 5243       4       java.beans.Introspector::addMethod (196 bytes)


---------------  P R O C E S S  ---------------

Java Threads: ( => current thread )
  0x000000001966f800 JavaThread "Cache worker for task history cache (D:\PharmIT-Billing\.gradle\3.5\taskHistory)" [_thread_blocked, id=16464, stack(0x0000000021300000,0x0000000021400000)]
  0x000000001966e800 JavaThread "Memory manager" [_thread_blocked, id=18308, stack(0x0000000020b30000,0x0000000020c30000)]
  0x000000001966a000 JavaThread "Cache worker for Artifact transforms cache (C:\Users\User\.gradle\caches\transforms-1)" [_thread_blocked, id=7000, stack(0x000000001e470000,0x000000001e570000)]
  0x000000001966d000 JavaThread "File lock request listener" [_thread_in_native, id=4808, stack(0x000000001cda0000,0x000000001cea0000)]
  0x000000001966b800 JavaThread "Cache worker for file hash cache (C:\Users\User\.gradle\caches\3.5\fileHashes)" [_thread_blocked, id=9196, stack(0x000000001cca0000,0x000000001cda0000)]
  0x000000001a498800 JavaThread "Stdin handler" [_thread_blocked, id=17072, stack(0x000000001cba0000,0x000000001cca0000)]
  0x000000001a7e5000 JavaThread "Asynchronous log dispatcher for DefaultDaemonConnection: socket connection from /127.0.0.1:56951 to /127.0.0.1:56952" [_thread_blocked, id=6132, stack(0x000000001caa0000,0x000000001cba0000)]
  0x000000001a12d000 JavaThread "Daemon worker" [_thread_in_vm, id=16016, stack(0x000000001c9a0000,0x000000001caa0000)]
  0x000000001a12c000 JavaThread "Cancel handler" [_thread_blocked, id=11704, stack(0x000000001c8a0000,0x000000001c9a0000)]
  0x000000001a12a000 JavaThread "Handler for socket connection from /127.0.0.1:56951 to /127.0.0.1:56952" [_thread_in_native, id=9436, stack(0x000000001c5a0000,0x000000001c6a0000)]
  0x0000000019e75800 JavaThread "Daemon" [_thread_blocked, id=8996, stack(0x000000001c4a0000,0x000000001c5a0000)]
  0x0000000019e6f000 JavaThread "Daemon periodic checks" [_thread_blocked, id=13476, stack(0x000000001c3a0000,0x000000001c4a0000)]
  0x000000001a03c000 JavaThread "Incoming local TCP Connector on port 56951" [_thread_in_native, id=3236, stack(0x000000001bbe0000,0x000000001bce0000)]
  0x0000000019e81000 JavaThread "Daemon health stats" [_thread_blocked, id=8564, stack(0x000000001aaf0000,0x000000001abf0000)]
  0x0000000018d48800 JavaThread "Service Thread" daemon [_thread_blocked, id=16096, stack(0x0000000019120000,0x0000000019220000)]
  0x00000000173ba000 JavaThread "C1 CompilerThread2" daemon [_thread_in_vm, id=11124, stack(0x0000000018c20000,0x0000000018d20000)]
  0x00000000173b3000 JavaThread "C2 CompilerThread1" daemon [_thread_in_native, id=11508, stack(0x0000000018b20000,0x0000000018c20000)]
=>0x00000000173af800 JavaThread "C2 CompilerThread0" daemon [_thread_in_native, id=17996, stack(0x0000000018a20000,0x0000000018b20000)]
  0x00000000173ae000 JavaThread "Attach Listener" daemon [_thread_blocked, id=11728, stack(0x0000000018920000,0x0000000018a20000)]
  0x00000000173aa800 JavaThread "Signal Dispatcher" daemon [_thread_blocked, id=7028, stack(0x0000000018820000,0x0000000018920000)]
  0x000000001739a800 JavaThread "Finalizer" daemon [_thread_blocked, id=7088, stack(0x0000000018620000,0x0000000018720000)]
  0x0000000002780000 JavaThread "Reference Handler" daemon [_thread_blocked, id=18040, stack(0x0000000018520000,0x0000000018620000)]
  0x0000000002692800 JavaThread "main" [_thread_blocked, id=7144, stack(0x00000000024c0000,0x00000000025c0000)]

Other Threads:
  0x0000000017378000 VMThread [stack: 0x0000000018420000,0x0000000018520000] [id=10672]
  0x0000000018d5c000 WatcherThread [stack: 0x0000000019220000,0x0000000019320000] [id=5012]

VM state:not at safepoint (normal execution)

VM Mutex/Monitor currently owned by a thread: None

Heap:
 PSYoungGen      total 122368K, used 52461K [0x00000000d5580000, 0x00000000de280000, 0x0000000100000000)
  eden space 109056K, 38% used [0x00000000d5580000,0x00000000d7e83280,0x00000000dc000000)
  from space 13312K, 78% used [0x00000000dc000000,0x00000000dca38488,0x00000000dcd00000)
  to   space 13312K, 0% used [0x00000000dcd00000,0x00000000dcd00000,0x00000000dda00000)
 ParOldGen       total 83968K, used 19043K [0x0000000080000000, 0x0000000085200000, 0x00000000d5580000)
  object space 83968K, 22% used [0x0000000080000000,0x0000000081298ec8,0x0000000085200000)
 Metaspace       used 38638K, capacity 39484K, committed 39768K, reserved 1083392K
  class space    used 5421K, capacity 5635K, committed 5760K, reserved 1048576K

Card table byte_map: [0x0000000011b50000,0x0000000011f60000] byte_map_base: 0x0000000011750000

Marking Bits: (ParMarkBitMap*) 0x000000006300b6d0
 Begin Bits: [0x0000000012610000, 0x0000000014610000)
 End Bits:   [0x0000000014610000, 0x0000000016610000)

Polling page: 0x0000000000e50000

CodeCache: size=245760Kb used=18183Kb max_used=18183Kb free=227576Kb
 bounds [0x0000000002790000, 0x0000000003970000, 0x0000000011790000]
 total_blobs=5723 nmethods=5042 adapters=592
 compilation: enabled

Compilation events (10 events):
Event: 16.459 Thread 0x00000000173ba000 5444       3       org.gradle.internal.component.external.model.DefaultMutableMavenModuleResolveMetadata::getConfigurationDefinitions (5 bytes)
Event: 16.459 Thread 0x00000000173ba000 nmethod 5444 0x000000000395c890 code [0x000000000395c9e0, 0x000000000395cb50]
Event: 16.459 Thread 0x00000000173ba000 5445       3       org.gradle.internal.component.external.model.DefaultMutableMavenModuleResolveMetadata::getDependencies (5 bytes)
Event: 16.459 Thread 0x00000000173ba000 nmethod 5445 0x000000000395cbd0 code [0x000000000395cd20, 0x000000000395ce90]
Event: 16.459 Thread 0x00000000173ba000 5446       3       org.gradle.internal.component.external.model.DefaultMutableMavenModuleResolveMetadata::getArtifacts (5 bytes)
Event: 16.460 Thread 0x00000000173ba000 nmethod 5446 0x000000000395cf10 code [0x000000000395d060, 0x000000000395d1d0]
Event: 16.460 Thread 0x00000000173ba000 5447       3       org.gradle.api.internal.artifacts.ivyservice.ivyresolve.CachingModuleComponentRepository::getId (10 bytes)
Event: 16.460 Thread 0x00000000173ba000 nmethod 5447 0x000000000395d250 code [0x000000000395d3c0, 0x000000000395d5e8]
Event: 16.464 Thread 0x00000000173ba000 5450       3       org.gradle.api.internal.artifacts.ivyservice.resolveengine.graph.DependencyGraphBuilder$ModuleVersionResolveState::resolve (122 bytes)
Event: 16.466 Thread 0x00000000173ba000 nmethod 5450 0x000000000395d690 code [0x000000000395da40, 0x000000000395fbd8]

GC Heap History (10 events):
Event: 11.139 GC heap before
{Heap before GC invocations=9 (full 1):
 PSYoungGen      total 60416K, used 56621K [0x00000000d5580000, 0x00000000db400000, 0x0000000100000000)
  eden space 49664K, 100% used [0x00000000d5580000,0x00000000d8600000,0x00000000d8600000)
  from space 10752K, 64% used [0x00000000d8600000,0x00000000d8ccb5c0,0x00000000d9080000)
  to   space 10240K, 0% used [0x00000000daa00000,0x00000000daa00000,0x00000000db400000)
 ParOldGen       total 65536K, used 9677K [0x0000000080000000, 0x0000000084000000, 0x00000000d5580000)
  object space 65536K, 14% used [0x0000000080000000,0x0000000080973720,0x0000000084000000)
 Metaspace       used 30111K, capacity 30632K, committed 30720K, reserved 1075200K
  class space    used 4153K, capacity 4296K, committed 4352K, reserved 1048576K
Event: 11.160 GC heap after
Heap after GC invocations=9 (full 1):
 PSYoungGen      total 85504K, used 9086K [0x00000000d5580000, 0x00000000db800000, 0x0000000100000000)
  eden space 75264K, 0% used [0x00000000d5580000,0x00000000d5580000,0x00000000d9f00000)
  from space 10240K, 88% used [0x00000000daa00000,0x00000000db2df8d8,0x00000000db400000)
  to   space 11264K, 0% used [0x00000000d9f00000,0x00000000d9f00000,0x00000000daa00000)
 ParOldGen       total 65536K, used 9757K [0x0000000080000000, 0x0000000084000000, 0x00000000d5580000)
  object space 65536K, 14% used [0x0000000080000000,0x0000000080987730,0x0000000084000000)
 Metaspace       used 30111K, capacity 30632K, committed 30720K, reserved 1075200K
  class space    used 4153K, capacity 4296K, committed 4352K, reserved 1048576K
}
Event: 12.900 GC heap before
{Heap before GC invocations=10 (full 1):
 PSYoungGen      total 85504K, used 84350K [0x00000000d5580000, 0x00000000db800000, 0x0000000100000000)
  eden space 75264K, 100% used [0x00000000d5580000,0x00000000d9f00000,0x00000000d9f00000)
  from space 10240K, 88% used [0x00000000daa00000,0x00000000db2df8d8,0x00000000db400000)
  to   space 11264K, 0% used [0x00000000d9f00000,0x00000000d9f00000,0x00000000daa00000)
 ParOldGen       total 65536K, used 9757K [0x0000000080000000, 0x0000000084000000, 0x00000000d5580000)
  object space 65536K, 14% used [0x0000000080000000,0x0000000080987730,0x0000000084000000)
 Metaspace       used 33992K, capacity 34482K, committed 34816K, reserved 1079296K
  class space    used 4741K, capacity 4848K, committed 4864K, reserved 1048576K
Event: 13.009 GC heap after
Heap after GC invocations=10 (full 1):
 PSYoungGen      total 86528K, used 11252K [0x00000000d5580000, 0x00000000dda00000, 0x0000000100000000)
  eden space 75264K, 0% used [0x00000000d5580000,0x00000000d5580000,0x00000000d9f00000)
  from space 11264K, 99% used [0x00000000d9f00000,0x00000000da9fd020,0x00000000daa00000)
  to   space 13312K, 0% used [0x00000000dcd00000,0x00000000dcd00000,0x00000000dda00000)
 ParOldGen       total 65536K, used 11567K [0x0000000080000000, 0x0000000084000000, 0x00000000d5580000)
  object space 65536K, 17% used [0x0000000080000000,0x0000000080b4bf20,0x0000000084000000)
 Metaspace       used 33992K, capacity 34482K, committed 34816K, reserved 1079296K
  class space    used 4741K, capacity 4848K, committed 4864K, reserved 1048576K
}
Event: 13.308 GC heap before
{Heap before GC invocations=11 (full 1):
 PSYoungGen      total 86528K, used 26909K [0x00000000d5580000, 0x00000000dda00000, 0x0000000100000000)
  eden space 75264K, 20% used [0x00000000d5580000,0x00000000d64ca750,0x00000000d9f00000)
  from space 11264K, 99% used [0x00000000d9f00000,0x00000000da9fd020,0x00000000daa00000)
  to   space 13312K, 0% used [0x00000000dcd00000,0x00000000dcd00000,0x00000000dda00000)
 ParOldGen       total 65536K, used 11567K [0x0000000080000000, 0x0000000084000000, 0x00000000d5580000)
  object space 65536K, 17% used [0x0000000080000000,0x0000000080b4bf20,0x0000000084000000)
 Metaspace       used 34808K, capacity 35336K, committed 35416K, reserved 1079296K
  class space    used 4860K, capacity 4985K, committed 4992K, reserved 1048576K
Event: 13.469 GC heap after
Heap after GC invocations=11 (full 1):
 PSYoungGen      total 122368K, used 9290K [0x00000000d5580000, 0x00000000de280000, 0x0000000100000000)
  eden space 109056K, 0% used [0x00000000d5580000,0x00000000d5580000,0x00000000dc000000)
  from space 13312K, 69% used [0x00000000dcd00000,0x00000000dd612be8,0x00000000dda00000)
  to   space 13312K, 0% used [0x00000000dc000000,0x00000000dc000000,0x00000000dcd00000)
 ParOldGen       total 65536K, used 14922K [0x0000000080000000, 0x0000000084000000, 0x00000000d5580000)
  object space 65536K, 22% used [0x0000000080000000,0x0000000080e92a20,0x0000000084000000)
 Metaspace       used 34808K, capacity 35336K, committed 35416K, reserved 1079296K
  class space    used 4860K, capacity 4985K, committed 4992K, reserved 1048576K
}
Event: 13.469 GC heap before
{Heap before GC invocations=12 (full 2):
 PSYoungGen      total 122368K, used 9290K [0x00000000d5580000, 0x00000000de280000, 0x0000000100000000)
  eden space 109056K, 0% used [0x00000000d5580000,0x00000000d5580000,0x00000000dc000000)
  from space 13312K, 69% used [0x00000000dcd00000,0x00000000dd612be8,0x00000000dda00000)
  to   space 13312K, 0% used [0x00000000dc000000,0x00000000dc000000,0x00000000dcd00000)
 ParOldGen       total 65536K, used 14922K [0x0000000080000000, 0x0000000084000000, 0x00000000d5580000)
  object space 65536K, 22% used [0x0000000080000000,0x0000000080e92a20,0x0000000084000000)
 Metaspace       used 34808K, capacity 35336K, committed 35416K, reserved 1079296K
  class space    used 4860K, capacity 4985K, committed 4992K, reserved 1048576K
Event: 13.722 GC heap after
Heap after GC invocations=12 (full 2):
 PSYoungGen      total 122368K, used 0K [0x00000000d5580000, 0x00000000de280000, 0x0000000100000000)
  eden space 109056K, 0% used [0x00000000d5580000,0x00000000d5580000,0x00000000dc000000)
  from space 13312K, 0% used [0x00000000dcd00000,0x00000000dcd00000,0x00000000dda00000)
  to   space 13312K, 0% used [0x00000000dc000000,0x00000000dc000000,0x00000000dcd00000)
 ParOldGen       total 83968K, used 19035K [0x0000000080000000, 0x0000000085200000, 0x00000000d5580000)
  object space 83968K, 22% used [0x0000000080000000,0x0000000081296ec8,0x0000000085200000)
 Metaspace       used 34808K, capacity 35336K, committed 35416K, reserved 1079296K
  class space    used 4860K, capacity 4985K, committed 4992K, reserved 1048576K
}
Event: 15.168 GC heap before
{Heap before GC invocations=13 (full 2):
 PSYoungGen      total 122368K, used 109056K [0x00000000d5580000, 0x00000000de280000, 0x0000000100000000)
  eden space 109056K, 100% used [0x00000000d5580000,0x00000000dc000000,0x00000000dc000000)
  from space 13312K, 0% used [0x00000000dcd00000,0x00000000dcd00000,0x00000000dda00000)
  to   space 13312K, 0% used [0x00000000dc000000,0x00000000dc000000,0x00000000dcd00000)
 ParOldGen       total 83968K, used 19035K [0x0000000080000000, 0x0000000085200000, 0x00000000d5580000)
  object space 83968K, 22% used [0x0000000080000000,0x0000000081296ec8,0x0000000085200000)
 Metaspace       used 37476K, capacity 38162K, committed 38232K, reserved 1081344K
  class space    used 5308K, capacity 5500K, committed 5504K, reserved 1048576K
Event: 15.196 GC heap after
Heap after GC invocations=13 (full 2):
 PSYoungGen      total 122368K, used 10465K [0x00000000d5580000, 0x00000000de280000, 0x0000000100000000)
  eden space 109056K, 0% used [0x00000000d5580000,0x00000000d5580000,0x00000000dc000000)
  from space 13312K, 78% used [0x00000000dc000000,0x00000000dca38488,0x00000000dcd00000)
  to   space 13312K, 0% used [0x00000000dcd00000,0x00000000dcd00000,0x00000000dda00000)
 ParOldGen       total 83968K, used 19043K [0x0000000080000000, 0x0000000085200000, 0x00000000d5580000)
  object space 83968K, 22% used [0x0000000080000000,0x0000000081298ec8,0x0000000085200000)
 Metaspace       used 37476K, capacity 38162K, committed 38232K, reserved 1081344K
  class space    used 5308K, capacity 5500K, committed 5504K, reserved 1048576K
}

Deoptimization events (10 events):
Event: 15.308 Thread 0x000000001a12d000 Uncommon trap: reason=class_check action=maybe_recompile pc=0x0000000003168cdc method=java.util.regex.Matcher.search(I)Z @ 86
Event: 15.670 Thread 0x000000001a12d000 Uncommon trap: reason=class_check action=maybe_recompile pc=0x0000000002a8114c method=java.util.regex.Matcher.getTextLength()I @ 4
Event: 15.670 Thread 0x000000001a12d000 Uncommon trap: reason=class_check action=maybe_recompile pc=0x0000000003168cdc method=java.util.regex.Matcher.search(I)Z @ 86
Event: 15.684 Thread 0x000000001a12d000 Uncommon trap: reason=unstable_if action=reinterpret pc=0x0000000003781ad4 method=io.spring.gradle.dependencymanagement.org.codehaus.plexus.util.xml.pull.MXParser.nextImpl()I @ 871
Event: 15.752 Thread 0x000000001a12d000 Uncommon trap: reason=null_check action=make_not_entrant pc=0x0000000003824c9c method=io.spring.gradle.dependencymanagement.org.apache.maven.model.io.xpp3.MavenXpp3Reader.checkFieldWithDuplicate(Lio/spring/gradle/dependencymanagement/org/codehaus/plexus/u
Event: 15.860 Thread 0x000000001a12d000 Uncommon trap: reason=unstable_if action=reinterpret pc=0x00000000033536dc method=java.util.LinkedHashMap.afterNodeInsertion(Z)V @ 18
Event: 15.940 Thread 0x000000001a12d000 Uncommon trap: reason=class_check action=maybe_recompile pc=0x0000000003505d00 method=com.google.common.collect.AbstractMapBasedMultimap$WrappedCollection.refreshIfEmpty()V @ 59
Event: 15.940 Thread 0x000000001a12d000 Uncommon trap: reason=class_check action=maybe_recompile pc=0x0000000003505d00 method=com.google.common.collect.AbstractMapBasedMultimap$WrappedCollection.refreshIfEmpty()V @ 59
Event: 16.053 Thread 0x000000001a12d000 Uncommon trap: reason=unstable_if action=reinterpret pc=0x00000000031811d4 method=com.esotericsoftware.kryo.io.Input.readUtf8(I)V @ 79
Event: 16.295 Thread 0x000000001a12d000 Uncommon trap: reason=unstable_if action=reinterpret pc=0x0000000003179154 method=com.sun.org.apache.xerces.internal.parsers.AbstractDOMParser.characters(Lcom/sun/org/apache/xerces/internal/xni/XMLString;Lcom/sun/org/apache/xerces/internal/xni/Augmentatio

Internal exceptions (10 events):
Event: 16.023 Thread 0x000000001a12d000 Exception <a 'java/lang/ClassNotFoundException': org/gradle/api/plugins/WarPluginCustomizer> (0x00000000d7490060) thrown at [C:\re\workspace\8-2-build-windows-amd64-cygwin\jdk8u121\8372\hotspot\src\share\vm\classfile\systemDictionary.cpp, line 210]
Event: 16.032 Thread 0x000000001a12d000 Exception <a 'java/lang/ClassNotFoundException': org/gradle/api/tasks/bundling/Jar_DecoratedBeanInfo> (0x00000000d752d2e0) thrown at [C:\re\workspace\8-2-build-windows-amd64-cygwin\jdk8u121\8372\hotspot\src\share\vm\classfile\systemDictionary.cpp, line 21
Event: 16.032 Thread 0x000000001a12d000 Exception <a 'java/lang/ClassNotFoundException': org/gradle/api/tasks/bundling/Jar_DecoratedCustomizer> (0x00000000d754d790) thrown at [C:\re\workspace\8-2-build-windows-amd64-cygwin\jdk8u121\8372\hotspot\src\share\vm\classfile\systemDictionary.cpp, line 
Event: 16.037 Thread 0x000000001a12d000 Exception <a 'java/lang/ClassNotFoundException': groovy/runtime/metaclass/[Lorg/gradle/api/artifacts/Configuration;MetaClass> (0x00000000d760a350) thrown at [C:\re\workspace\8-2-build-windows-amd64-cygwin\jdk8u121\8372\hotspot\src\share\vm\prims\jni.cpp, 
Event: 16.037 Thread 0x000000001a12d000 Exception <a 'java/lang/ClassNotFoundException': [Lorg/gradle/api/artifacts/Configuration;BeanInfo> (0x00000000d760fff0) thrown at [C:\re\workspace\8-2-build-windows-amd64-cygwin\jdk8u121\8372\hotspot\src\share\vm\prims\jni.cpp, line 735]
Event: 16.037 Thread 0x000000001a12d000 Exception <a 'java/lang/ClassNotFoundException': [Lorg/gradle/api/artifacts/Configuration;BeanInfo> (0x00000000d7610a30) thrown at [C:\re\workspace\8-2-build-windows-amd64-cygwin\jdk8u121\8372\hotspot\src\share\vm\prims\jni.cpp, line 735]
Event: 16.037 Thread 0x000000001a12d000 Exception <a 'java/lang/ClassNotFoundException': [Lorg/gradle/api/artifacts/Configuration;BeanInfo> (0x00000000d7611470) thrown at [C:\re\workspace\8-2-build-windows-amd64-cygwin\jdk8u121\8372\hotspot\src\share\vm\prims\jni.cpp, line 735]
Event: 16.037 Thread 0x000000001a12d000 Exception <a 'java/lang/ClassNotFoundException': [Lorg/gradle/api/artifacts/Configuration;Customizer> (0x00000000d7612180) thrown at [C:\re\workspace\8-2-build-windows-amd64-cygwin\jdk8u121\8372\hotspot\src\share\vm\prims\jni.cpp, line 735]
Event: 16.037 Thread 0x000000001a12d000 Exception <a 'java/lang/ClassNotFoundException': [Lorg/gradle/api/artifacts/Configuration;Customizer> (0x00000000d7612bc0) thrown at [C:\re\workspace\8-2-build-windows-amd64-cygwin\jdk8u121\8372\hotspot\src\share\vm\prims\jni.cpp, line 735]
Event: 16.037 Thread 0x000000001a12d000 Exception <a 'java/lang/ClassNotFoundException': [Lorg/gradle/api/artifacts/Configuration;Customizer> (0x00000000d7613600) thrown at [C:\re\workspace\8-2-build-windows-amd64-cygwin\jdk8u121\8372\hotspot\src\share\vm\prims\jni.cpp, line 735]

Events (10 events):
Event: 16.053 Thread 0x000000001a12d000 DEOPT UNPACKING pc=0x00000000027d582a sp=0x000000001ca970c0 mode 2
Event: 16.295 Thread 0x000000001a12d000 Uncommon trap: trap_request=0xffffff65 fr.pc=0x0000000003179154
Event: 16.295 Thread 0x000000001a12d000 DEOPT PACKING pc=0x0000000003179154 sp=0x000000001ca969f0
Event: 16.295 Thread 0x000000001a12d000 DEOPT UNPACKING pc=0x00000000027d582a sp=0x000000001ca969b0 mode 2
Event: 16.318 Thread 0x000000001a12d000 DEOPT PACKING pc=0x00000000032196c0 sp=0x000000001ca96e40
Event: 16.318 Thread 0x000000001a12d000 DEOPT UNPACKING pc=0x00000000027d787f sp=0x000000001ca96c58 mode 0
Event: 16.398 loading class org/gradle/workers/internal/WorkerDaemonExpiration$SimpleMemoryExpirationSelector
Event: 16.398 loading class org/gradle/workers/internal/WorkerDaemonExpiration$SimpleMemoryExpirationSelector done
Event: 16.430 loading class org/gradle/workers/internal/WorkerDaemonClientsManager$1
Event: 16.430 loading class org/gradle/workers/internal/WorkerDaemonClientsManager$1 done


Dynamic libraries:
0x00007ff6e4740000 - 0x00007ff6e4777000 	C:\Program Files\Java\jdk1.8.0_121\bin\java.exe
0x00007ffa79a30000 - 0x00007ffa79c28000 	C:\WINDOWS\SYSTEM32\ntdll.dll
0x00007ffa78b40000 - 0x00007ffa78bfd000 	C:\WINDOWS\System32\KERNEL32.DLL
0x00007ffa77530000 - 0x00007ffa777fe000 	C:\WINDOWS\System32\KERNELBASE.dll
0x00007ffa77ee0000 - 0x00007ffa77f8e000 	C:\WINDOWS\System32\ADVAPI32.dll
0x00007ffa77b90000 - 0x00007ffa77c2e000 	C:\WINDOWS\System32\msvcrt.dll
0x00007ffa77a90000 - 0x00007ffa77b2c000 	C:\WINDOWS\System32\sechost.dll
0x00007ffa77cf0000 - 0x00007ffa77e15000 	C:\WINDOWS\System32\RPCRT4.dll
0x00007ffa78ed0000 - 0x00007ffa79070000 	C:\WINDOWS\System32\USER32.dll
0x00007ffa77250000 - 0x00007ffa77272000 	C:\WINDOWS\System32\win32u.dll
0x00007ffa78c00000 - 0x00007ffa78c2a000 	C:\WINDOWS\System32\GDI32.dll
0x00007ffa77320000 - 0x00007ffa7742b000 	C:\WINDOWS\System32\gdi32full.dll
0x00007ffa77280000 - 0x00007ffa7731d000 	C:\WINDOWS\System32\msvcp_win.dll
0x00007ffa77150000 - 0x00007ffa77250000 	C:\WINDOWS\System32\ucrtbase.dll
0x00007ffa66c00000 - 0x00007ffa66e9a000 	C:\WINDOWS\WinSxS\amd64_microsoft.windows.common-controls_6595b64144ccf1df_6.0.19041.1110_none_60b5254171f9507e\COMCTL32.dll
0x00007ffa78ea0000 - 0x00007ffa78ed0000 	C:\WINDOWS\System32\IMM32.DLL
0x0000000063090000 - 0x0000000063162000 	C:\Program Files\Java\jdk1.8.0_121\jre\bin\msvcr100.dll
0x00000000627f0000 - 0x000000006308b000 	C:\Program Files\Java\jdk1.8.0_121\jre\bin\server\jvm.dll
0x00007ffa782f0000 - 0x00007ffa782f8000 	C:\WINDOWS\System32\PSAPI.DLL
0x00007ffa65530000 - 0x00007ffa6553a000 	C:\WINDOWS\SYSTEM32\VERSION.dll
0x00007ffa680c0000 - 0x00007ffa680e7000 	C:\WINDOWS\SYSTEM32\WINMM.dll
0x00007ffa655f0000 - 0x00007ffa655f9000 	C:\WINDOWS\SYSTEM32\WSOCK32.dll
0x00007ffa78380000 - 0x00007ffa783eb000 	C:\WINDOWS\System32\WS2_32.dll
0x00000000627e0000 - 0x00000000627ef000 	C:\Program Files\Java\jdk1.8.0_121\jre\bin\verify.dll
0x00000000627b0000 - 0x00000000627d9000 	C:\Program Files\Java\jdk1.8.0_121\jre\bin\java.dll
0x0000000062790000 - 0x00000000627a6000 	C:\Program Files\Java\jdk1.8.0_121\jre\bin\zip.dll
0x00007ffa783f0000 - 0x00007ffa78b34000 	C:\WINDOWS\System32\SHELL32.dll
0x00007ffa74e40000 - 0x00007ffa755d4000 	C:\WINDOWS\SYSTEM32\windows.storage.dll
0x00007ffa77f90000 - 0x00007ffa782e4000 	C:\WINDOWS\System32\combase.dll
0x00007ffa76a00000 - 0x00007ffa76a30000 	C:\WINDOWS\SYSTEM32\Wldp.dll
0x00007ffa79220000 - 0x00007ffa792cd000 	C:\WINDOWS\System32\SHCORE.dll
0x00007ffa78c30000 - 0x00007ffa78c85000 	C:\WINDOWS\System32\shlwapi.dll
0x00007ffa77090000 - 0x00007ffa770af000 	C:\WINDOWS\SYSTEM32\profapi.dll
0x0000000062770000 - 0x000000006278a000 	C:\Program Files\Java\jdk1.8.0_121\jre\bin\net.dll
0x00007ffa767e0000 - 0x00007ffa7684a000 	C:\WINDOWS\system32\mswsock.dll
0x0000000062750000 - 0x0000000062761000 	C:\Program Files\Java\jdk1.8.0_121\jre\bin\nio.dll
0x00007ffa4e490000 - 0x00007ffa4e4ae000 	C:\Users\User\.gradle\native\25\windows-amd64\native-platform.dll
0x00007ffa76a40000 - 0x00007ffa76a58000 	C:\WINDOWS\SYSTEM32\CRYPTSP.dll
0x00007ffa76180000 - 0x00007ffa761b4000 	C:\WINDOWS\system32\rsaenh.dll
0x00007ffa77800000 - 0x00007ffa77827000 	C:\WINDOWS\System32\bcrypt.dll
0x00007ffa77050000 - 0x00007ffa7707e000 	C:\WINDOWS\SYSTEM32\USERENV.dll
0x00007ffa77430000 - 0x00007ffa774b2000 	C:\WINDOWS\System32\bcryptprimitives.dll
0x00007ffa76970000 - 0x00007ffa7697c000 	C:\WINDOWS\SYSTEM32\CRYPTBASE.dll
0x00007ffa764f0000 - 0x00007ffa7652b000 	C:\WINDOWS\SYSTEM32\IPHLPAPI.DLL
0x00007ffa78c90000 - 0x00007ffa78c98000 	C:\WINDOWS\System32\NSI.dll
0x00007ffa6d4b0000 - 0x00007ffa6d4c7000 	C:\WINDOWS\SYSTEM32\dhcpcsvc6.DLL
0x00007ffa6d500000 - 0x00007ffa6d51d000 	C:\WINDOWS\SYSTEM32\dhcpcsvc.DLL
0x00007ffa76530000 - 0x00007ffa765fa000 	C:\WINDOWS\SYSTEM32\DNSAPI.dll
0x0000000062740000 - 0x000000006274d000 	C:\Program Files\Java\jdk1.8.0_121\jre\bin\management.dll

VM Arguments:
jvm_args: -XX:MaxPermSize=512m -XX:+HeapDumpOnOutOfMemoryError -Xmx2048m -Dfile.encoding=UTF-8 -Duser.country=IN -Duser.language=en -Duser.variant 
java_command: org.gradle.launcher.daemon.bootstrap.GradleDaemon 3.5
java_class_path (initial): C:\Users\User\.gradle\wrapper\dists\gradle-3.5-all\exhrs6ca08n232b14ue48lbye\gradle-3.5\lib\gradle-launcher-3.5.jar
Launcher Type: SUN_STANDARD

Environment Variables:
JAVA_HOME=C:\Program Files\Java\jdk-15.0.2
PATH=C:\Program Files\Common Files\Oracle\Java\javapath;C:\Python39\Scripts\;C:\Python39\;C:\WINDOWS\system32;C:\WINDOWS;C:\WINDOWS\System32\Wbem;C:\WINDOWS\System32\WindowsPowerShell\v1.0\;C:\WINDOWS\System32\OpenSSH\;C:\Program Files\Git\cmd;C:\Program Files\nodejs\;C:\ProgramData\chocolatey\bin;C:\Program Files\Java\jdk1.8.0_121\bin;C:\hadoop\bin;C:\hadoop\sbin;C:\grails-3.3.6\bin;C:\Program Files\PostgreSQL\14\bin;C:\Program Files\PuTTY\;C:\Program Files\Docker\Docker\resources\bin;C:\ProgramData\DockerDesktop\version-bin;C:\Users\User\AppData\Local\Microsoft\WindowsApps;C:\Users\User\AppData\Roaming\npm;C:\Users\User\AppData\Local\Programs\Microsoft VS Code\bin;C:\Program Files\JetBrains\IntelliJ IDEA 2020.2.4\bin;;
USERNAME=Capulus
OS=Windows_NT
PROCESSOR_IDENTIFIER=Intel64 Family 6 Model 61 Stepping 4, GenuineIntel



---------------  S Y S T E M  ---------------

OS: Windows 10.0 , 64 bit Build 19041 (10.0.19041.1889)

CPU:total 4 (2 cores per cpu, 2 threads per core) family 6 model 61 stepping 4, cmov, cx8, fxsr, mmx, sse, sse2, sse3, ssse3, sse4.1, sse4.2, popcnt, avx, avx2, aes, clmul, erms, rtm, 3dnowpref, lzcnt, ht, tsc, tscinvbit, bmi1, bmi2, adx

Memory: 4k page, physical 8277520k(371880k free), swap 26593948k(6456k free)

vm_info: Java HotSpot(TM) 64-Bit Server VM (25.121-b13) for windows-amd64 JRE (1.8.0_121-b13), built on Dec 12 2016 18:21:36 by "java_re" with MS VC++ 10.0 (VS2010)

time: Mon Sep 05 17:27:39 2022
elapsed time: 16 seconds (0d 0h 0m 16s)

