#
# There is insufficient memory for the Java Runtime Environment to continue.
# Native memory allocation (malloc) failed to allocate 2569936 bytes for Chunk::new
# Possible reasons:
#   The system is out of physical RAM or swap space
#   In 32 bit mode, the process size limit was hit
# Possible solutions:
#   Reduce memory load on the system
#   Increase physical memory or swap space
#   Check if swap backing store is full
#   Use 64 bit Java on a 64 bit OS
#   Decrease Java heap size (-Xmx/-Xms)
#   Decrease number of Java threads
#   Decrease Java thread stack sizes (-Xss)
#   Set larger code cache with -XX:ReservedCodeCacheSize=
# This output file may be truncated or incomplete.
#
#  Out of Memory Error (allocation.cpp:390), pid=244, tid=0x0000000000002080
#
# JRE version: Java(TM) SE Runtime Environment (8.0_121-b13) (build 1.8.0_121-b13)
# Java VM: Java HotSpot(TM) 64-Bit Server VM (25.121-b13 mixed mode windows-amd64 compressed oops)
# Failed to write core dump. Minidumps are not enabled by default on client versions of Windows
#

---------------  T H R E A D  ---------------

Current thread (0x000000001788f800):  JavaThread "C2 CompilerThread0" daemon [_thread_in_native, id=8320, stack(0x0000000018ef0000,0x0000000018ff0000)]

Stack: [0x0000000018ef0000,0x0000000018ff0000]
[error occurred during error reporting (printing stack bounds), id 0xc0000005]

Native frames: (J=compiled Java code, j=interpreted, Vv=VM code, C=native code)


Current CompileTask:
C2:  21113 4729       4       com.sun.beans.TypeResolver::resolve (37 bytes)


---------------  P R O C E S S  ---------------

Java Threads: ( => current thread )
  0x000000001a29f000 JavaThread "Cache worker for task history cache (D:\PharmIT-Billing\.gradle\3.5\taskHistory)" [_thread_blocked, id=4500, stack(0x0000000021600000,0x0000000021700000)]
  0x000000001a2a0800 JavaThread "Memory manager" [_thread_blocked, id=16032, stack(0x0000000021500000,0x0000000021600000)]
  0x000000001a2a0000 JavaThread "Cache worker for Artifact transforms cache (C:\Users\User\.gradle\caches\transforms-1)" [_thread_blocked, id=14112, stack(0x000000001fb40000,0x000000001fc40000)]
  0x000000001a2a2000 JavaThread "File lock request listener" [_thread_in_native, id=7464, stack(0x000000001c280000,0x000000001c380000)]
  0x000000001a2a3800 JavaThread "Cache worker for file hash cache (C:\Users\User\.gradle\caches\3.5\fileHashes)" [_thread_blocked, id=10532, stack(0x000000001c180000,0x000000001c280000)]
  0x00000000192a8800 JavaThread "Stdin handler" [_thread_blocked, id=7172, stack(0x000000001c080000,0x000000001c180000)]
  0x00000000192be800 JavaThread "Asynchronous log dispatcher for DefaultDaemonConnection: socket connection from /127.0.0.1:59476 to /127.0.0.1:59477" [_thread_blocked, id=11380, stack(0x000000001bf80000,0x000000001c080000)]
  0x00000000192ae000 JavaThread "Daemon worker" [_thread_in_Java, id=9924, stack(0x000000001be80000,0x000000001bf80000)]
  0x000000001a206800 JavaThread "Cancel handler" [_thread_blocked, id=1196, stack(0x000000001bd80000,0x000000001be80000)]
  0x00000000191ce000 JavaThread "Handler for socket connection from /127.0.0.1:59476 to /127.0.0.1:59477" [_thread_in_native, id=1388, stack(0x000000001ba80000,0x000000001bb80000)]
  0x000000001a55d800 JavaThread "Daemon" [_thread_blocked, id=10032, stack(0x000000001b980000,0x000000001ba80000)]
  0x000000001acc2000 JavaThread "Daemon periodic checks" [_thread_blocked, id=5808, stack(0x000000001b880000,0x000000001b980000)]
  0x000000001a72d000 JavaThread "Incoming local TCP Connector on port 59476" [_thread_in_native, id=12812, stack(0x000000001b640000,0x000000001b740000)]
  0x000000001a241000 JavaThread "Daemon health stats" [_thread_blocked, id=7568, stack(0x000000001afc0000,0x000000001b0c0000)]
  0x00000000190f6000 JavaThread "Service Thread" daemon [_thread_blocked, id=5156, stack(0x00000000195f0000,0x00000000196f0000)]
  0x00000000190f0800 JavaThread "C1 CompilerThread2" daemon [_thread_blocked, id=2240, stack(0x00000000194f0000,0x00000000195f0000)]
  0x00000000178ec800 JavaThread "C2 CompilerThread1" daemon [_thread_blocked, id=4036, stack(0x0000000018ff0000,0x00000000190f0000)]
=>0x000000001788f800 JavaThread "C2 CompilerThread0" daemon [_thread_in_native, id=8320, stack(0x0000000018ef0000,0x0000000018ff0000)]
  0x000000001788e000 JavaThread "Attach Listener" daemon [_thread_blocked, id=5952, stack(0x0000000018df0000,0x0000000018ef0000)]
  0x000000001788a800 JavaThread "Signal Dispatcher" daemon [_thread_blocked, id=12468, stack(0x0000000018cf0000,0x0000000018df0000)]
  0x000000001787a800 JavaThread "Finalizer" daemon [_thread_blocked, id=10364, stack(0x0000000018af0000,0x0000000018bf0000)]
  0x0000000002c60000 JavaThread "Reference Handler" daemon [_thread_blocked, id=15380, stack(0x00000000189f0000,0x0000000018af0000)]
  0x0000000002b72800 JavaThread "main" [_thread_blocked, id=4488, stack(0x00000000029c0000,0x0000000002ac0000)]

Other Threads:
  0x0000000017858000 VMThread [stack: 0x00000000188f0000,0x00000000189f0000] [id=11348]
  0x000000001911a800 WatcherThread [stack: 0x00000000196f0000,0x00000000197f0000] [id=14080]

VM state:not at safepoint (normal execution)

VM Mutex/Monitor currently owned by a thread: None

Heap:
 PSYoungGen      total 189952K, used 85450K [0x00000000d5580000, 0x00000000e2380000, 0x0000000100000000)
  eden space 177664K, 48% used [0x00000000d5580000,0x00000000da8f29d0,0x00000000e0300000)
  from space 12288K, 0% used [0x00000000e0f80000,0x00000000e0f80000,0x00000000e1b80000)
  to   space 12800K, 0% used [0x00000000e0300000,0x00000000e0300000,0x00000000e0f80000)
 ParOldGen       total 84480K, used 16864K [0x0000000080000000, 0x0000000085280000, 0x00000000d5580000)
  object space 84480K, 19% used [0x0000000080000000,0x0000000081078398,0x0000000085280000)
 Metaspace       used 36708K, capacity 37376K, committed 37720K, reserved 1081344K
  class space    used 5189K, capacity 5389K, committed 5504K, reserved 1048576K

Card table byte_map: [0x0000000012030000,0x0000000012440000] byte_map_base: 0x0000000011c30000

Marking Bits: (ParMarkBitMap*) 0x0000000055a8b6d0
 Begin Bits: [0x0000000012af0000, 0x0000000014af0000)
 End Bits:   [0x0000000014af0000, 0x0000000016af0000)

Polling page: 0x0000000001200000

CodeCache: size=245760Kb used=16573Kb max_used=16602Kb free=229186Kb
 bounds [0x0000000002c70000, 0x0000000003cd0000, 0x0000000011c70000]
 total_blobs=5089 nmethods=4408 adapters=592
 compilation: enabled

Compilation events (10 events):
Event: 20.640 Thread 0x00000000178ec800 4825       4       groovy.lang.MetaMethod::isStatic (16 bytes)
Event: 20.641 Thread 0x00000000178ec800 nmethod 4825 0x0000000003c64f90 code [0x0000000003c650e0, 0x0000000003c65198]
Event: 20.641 Thread 0x00000000178ec800 4826       4       groovy.lang.MetaClassImpl::addMetaMethodToIndex (65 bytes)
Event: 20.783 Thread 0x00000000178ec800 nmethod 4826 0x0000000003c8b490 code [0x0000000003c8b8e0, 0x0000000003c8fa50]
Event: 20.784 Thread 0x00000000178ec800 4827       4       groovy.lang.MetaClassImpl::addToAllMethodsIfPublic (22 bytes)
Event: 20.790 Thread 0x00000000178ec800 nmethod 4827 0x0000000003c89110 code [0x0000000003c89280, 0x0000000003c89638]
Event: 20.790 Thread 0x00000000178ec800 4828       4       org.codehaus.groovy.runtime.metaclass.MetaMethodIndex::copyNonPrivateNonNewMetaMethods (171 bytes)
Event: 20.826 Thread 0x00000000178ec800 nmethod 4828 0x0000000003c63210 code [0x0000000003c63400, 0x0000000003c642f0]
Event: 20.829 Thread 0x00000000178ec800 4829       4       java.beans.Introspector::addMethod (196 bytes)
Event: 21.076 Thread 0x00000000178ec800 nmethod 4829 0x0000000003cb84d0 code [0x0000000003cb8920, 0x0000000003cbced0]

GC Heap History (10 events):
Event: 11.033 GC heap before
{Heap before GC invocations=6 (full 1):
 PSYoungGen      total 71680K, used 66560K [0x00000000d5580000, 0x00000000da080000, 0x0000000100000000)
  eden space 66560K, 100% used [0x00000000d5580000,0x00000000d9680000,0x00000000d9680000)
  from space 5120K, 0% used [0x00000000d9b80000,0x00000000d9b80000,0x00000000da080000)
  to   space 5120K, 0% used [0x00000000d9680000,0x00000000d9680000,0x00000000d9b80000)
 ParOldGen       total 58880K, used 9545K [0x0000000080000000, 0x0000000083980000, 0x00000000d5580000)
  object space 58880K, 16% used [0x0000000080000000,0x0000000080952658,0x0000000083980000)
 Metaspace       used 25681K, capacity 26090K, committed 26368K, reserved 1071104K
  class space    used 3622K, capacity 3741K, committed 3840K, reserved 1048576K
Event: 11.054 GC heap after
Heap after GC invocations=6 (full 1):
 PSYoungGen      total 71680K, used 5116K [0x00000000d5580000, 0x00000000dd700000, 0x0000000100000000)
  eden space 66560K, 0% used [0x00000000d5580000,0x00000000d5580000,0x00000000d9680000)
  from space 5120K, 99% used [0x00000000d9680000,0x00000000d9b7f358,0x00000000d9b80000)
  to   space 10752K, 0% used [0x00000000dcc80000,0x00000000dcc80000,0x00000000dd700000)
 ParOldGen       total 58880K, used 12188K [0x0000000080000000, 0x0000000083980000, 0x00000000d5580000)
  object space 58880K, 20% used [0x0000000080000000,0x0000000080be7000,0x0000000083980000)
 Metaspace       used 25681K, capacity 26090K, committed 26368K, reserved 1071104K
  class space    used 3622K, capacity 3741K, committed 3840K, reserved 1048576K
}
Event: 13.581 GC heap before
{Heap before GC invocations=7 (full 1):
 PSYoungGen      total 71680K, used 71676K [0x00000000d5580000, 0x00000000dd700000, 0x0000000100000000)
  eden space 66560K, 100% used [0x00000000d5580000,0x00000000d9680000,0x00000000d9680000)
  from space 5120K, 99% used [0x00000000d9680000,0x00000000d9b7f358,0x00000000d9b80000)
  to   space 10752K, 0% used [0x00000000dcc80000,0x00000000dcc80000,0x00000000dd700000)
 ParOldGen       total 58880K, used 12188K [0x0000000080000000, 0x0000000083980000, 0x00000000d5580000)
  object space 58880K, 20% used [0x0000000080000000,0x0000000080be7000,0x0000000083980000)
 Metaspace       used 28991K, capacity 29460K, committed 29568K, reserved 1075200K
  class space    used 4008K, capacity 4162K, committed 4224K, reserved 1048576K
Event: 13.619 GC heap after
Heap after GC invocations=7 (full 1):
 PSYoungGen      total 118784K, used 7355K [0x00000000d5580000, 0x00000000dd500000, 0x0000000100000000)
  eden space 110080K, 0% used [0x00000000d5580000,0x00000000d5580000,0x00000000dc100000)
  from space 8704K, 84% used [0x00000000dcc80000,0x00000000dd3aec50,0x00000000dd500000)
  to   space 10240K, 0% used [0x00000000dc100000,0x00000000dc100000,0x00000000dcb00000)
 ParOldGen       total 58880K, used 12196K [0x0000000080000000, 0x0000000083980000, 0x00000000d5580000)
  object space 58880K, 20% used [0x0000000080000000,0x0000000080be9000,0x0000000083980000)
 Metaspace       used 28991K, capacity 29460K, committed 29568K, reserved 1075200K
  class space    used 4008K, capacity 4162K, committed 4224K, reserved 1048576K
}
Event: 17.027 GC heap before
{Heap before GC invocations=8 (full 1):
 PSYoungGen      total 118784K, used 117435K [0x00000000d5580000, 0x00000000dd500000, 0x0000000100000000)
  eden space 110080K, 100% used [0x00000000d5580000,0x00000000dc100000,0x00000000dc100000)
  from space 8704K, 84% used [0x00000000dcc80000,0x00000000dd3aec50,0x00000000dd500000)
  to   space 10240K, 0% used [0x00000000dc100000,0x00000000dc100000,0x00000000dcb00000)
 ParOldGen       total 58880K, used 12196K [0x0000000080000000, 0x0000000083980000, 0x00000000d5580000)
  object space 58880K, 20% used [0x0000000080000000,0x0000000080be9000,0x0000000083980000)
 Metaspace       used 34056K, capacity 34578K, committed 34944K, reserved 1079296K
  class space    used 4747K, capacity 4880K, committed 4992K, reserved 1048576K
Event: 17.052 GC heap after
Heap after GC invocations=8 (full 1):
 PSYoungGen      total 120320K, used 10233K [0x00000000d5580000, 0x00000000e1b80000, 0x0000000100000000)
  eden space 110080K, 0% used [0x00000000d5580000,0x00000000d5580000,0x00000000dc100000)
  from space 10240K, 99% used [0x00000000dc100000,0x00000000dcafe638,0x00000000dcb00000)
  to   space 12288K, 0% used [0x00000000e0f80000,0x00000000e0f80000,0x00000000e1b80000)
 ParOldGen       total 58880K, used 14018K [0x0000000080000000, 0x0000000083980000, 0x00000000d5580000)
  object space 58880K, 23% used [0x0000000080000000,0x0000000080db0958,0x0000000083980000)
 Metaspace       used 34056K, capacity 34578K, committed 34944K, reserved 1079296K
  class space    used 4747K, capacity 4880K, committed 4992K, reserved 1048576K
}
Event: 17.702 GC heap before
{Heap before GC invocations=9 (full 1):
 PSYoungGen      total 120320K, used 26129K [0x00000000d5580000, 0x00000000e1b80000, 0x0000000100000000)
  eden space 110080K, 14% used [0x00000000d5580000,0x00000000d6505f40,0x00000000dc100000)
  from space 10240K, 99% used [0x00000000dc100000,0x00000000dcafe638,0x00000000dcb00000)
  to   space 12288K, 0% used [0x00000000e0f80000,0x00000000e0f80000,0x00000000e1b80000)
 ParOldGen       total 58880K, used 14018K [0x0000000080000000, 0x0000000083980000, 0x00000000d5580000)
  object space 58880K, 23% used [0x0000000080000000,0x0000000080db0958,0x0000000083980000)
 Metaspace       used 34847K, capacity 35336K, committed 35416K, reserved 1079296K
  class space    used 4866K, capacity 4985K, committed 4992K, reserved 1048576K
Event: 17.726 GC heap after
Heap after GC invocations=9 (full 1):
 PSYoungGen      total 189952K, used 10465K [0x00000000d5580000, 0x00000000e2380000, 0x0000000100000000)
  eden space 177664K, 0% used [0x00000000d5580000,0x00000000d5580000,0x00000000e0300000)
  from space 12288K, 85% used [0x00000000e0f80000,0x00000000e19b8558,0x00000000e1b80000)
  to   space 12800K, 0% used [0x00000000e0300000,0x00000000e0300000,0x00000000e0f80000)
 ParOldGen       total 58880K, used 14026K [0x0000000080000000, 0x0000000083980000, 0x00000000d5580000)
  object space 58880K, 23% used [0x0000000080000000,0x0000000080db2958,0x0000000083980000)
 Metaspace       used 34847K, capacity 35336K, committed 35416K, reserved 1079296K
  class space    used 4866K, capacity 4985K, committed 4992K, reserved 1048576K
}
Event: 17.726 GC heap before
{Heap before GC invocations=10 (full 2):
 PSYoungGen      total 189952K, used 10465K [0x00000000d5580000, 0x00000000e2380000, 0x0000000100000000)
  eden space 177664K, 0% used [0x00000000d5580000,0x00000000d5580000,0x00000000e0300000)
  from space 12288K, 85% used [0x00000000e0f80000,0x00000000e19b8558,0x00000000e1b80000)
  to   space 12800K, 0% used [0x00000000e0300000,0x00000000e0300000,0x00000000e0f80000)
 ParOldGen       total 58880K, used 14026K [0x0000000080000000, 0x0000000083980000, 0x00000000d5580000)
  object space 58880K, 23% used [0x0000000080000000,0x0000000080db2958,0x0000000083980000)
 Metaspace       used 34847K, capacity 35336K, committed 35416K, reserved 1079296K
  class space    used 4866K, capacity 4985K, committed 4992K, reserved 1048576K
Event: 17.915 GC heap after
Heap after GC invocations=10 (full 2):
 PSYoungGen      total 189952K, used 0K [0x00000000d5580000, 0x00000000e2380000, 0x0000000100000000)
  eden space 177664K, 0% used [0x00000000d5580000,0x00000000d5580000,0x00000000e0300000)
  from space 12288K, 0% used [0x00000000e0f80000,0x00000000e0f80000,0x00000000e1b80000)
  to   space 12800K, 0% used [0x00000000e0300000,0x00000000e0300000,0x00000000e0f80000)
 ParOldGen       total 84480K, used 16864K [0x0000000080000000, 0x0000000085280000, 0x00000000d5580000)
  object space 84480K, 19% used [0x0000000080000000,0x0000000081078398,0x0000000085280000)
 Metaspace       used 34847K, capacity 35336K, committed 35416K, reserved 1079296K
  class space    used 4866K, capacity 4985K, committed 4992K, reserved 1048576K
}

Deoptimization events (10 events):
Event: 18.393 Thread 0x00000000192ae000 Uncommon trap: reason=unstable_if action=reinterpret pc=0x0000000002e265a8 method=java.lang.String.replace(CC)Ljava/lang/String; @ 2
Event: 18.577 Thread 0x00000000192ae000 Uncommon trap: reason=bimorphic action=maybe_recompile pc=0x000000000390dc34 method=org.codehaus.groovy.runtime.metaclass.MetaMethodIndex.addMethodToList(Ljava/lang/Object;Lgroovy/lang/MetaMethod;)Ljava/lang/Object; @ 89
Event: 18.834 Thread 0x00000000192ae000 Uncommon trap: reason=unstable_if action=reinterpret pc=0x000000000345deac method=groovy.lang.MetaClassImpl.checkIfStdMethod(Lgroovy/lang/MetaMethod;)V @ 78
Event: 18.834 Thread 0x00000000192ae000 Uncommon trap: reason=unstable_if action=reinterpret pc=0x000000000336c1d8 method=groovy.lang.MetaClassImpl.checkIfStdMethod(Lgroovy/lang/MetaMethod;)V @ 78
Event: 19.016 Thread 0x00000000192ae000 Uncommon trap: reason=unstable_if action=reinterpret pc=0x000000000397ec78 method=java.util.WeakHashMap.put(Ljava/lang/Object;Ljava/lang/Object;)Ljava/lang/Object; @ 47
Event: 20.103 Thread 0x00000000192ae000 Uncommon trap: reason=bimorphic action=maybe_recompile pc=0x0000000003502bac method=java.io.BufferedInputStream.read1([BII)I @ 39
Event: 20.103 Thread 0x00000000192ae000 Uncommon trap: reason=bimorphic action=maybe_recompile pc=0x0000000003502bac method=java.io.BufferedInputStream.read1([BII)I @ 39
Event: 20.103 Thread 0x00000000192ae000 Uncommon trap: reason=bimorphic action=maybe_recompile pc=0x0000000003502bac method=java.io.BufferedInputStream.read1([BII)I @ 39
Event: 20.104 Thread 0x00000000192ae000 Uncommon trap: reason=bimorphic action=maybe_recompile pc=0x0000000003502bac method=java.io.BufferedInputStream.read1([BII)I @ 39
Event: 20.104 Thread 0x00000000192ae000 Uncommon trap: reason=bimorphic action=maybe_recompile pc=0x0000000003504a3c method=java.io.BufferedInputStream.read1([BII)I @ 39

Internal exceptions (10 events):
Event: 20.172 Thread 0x00000000192ae000 Exception <a 'java/lang/ClassNotFoundException': org/grails/gradle/plugin/util/SourceSetsCustomizer> (0x00000000da55d890) thrown at [C:\re\workspace\8-2-build-windows-amd64-cygwin\jdk8u121\8372\hotspot\src\share\vm\classfile\systemDictionary.cpp, line 210
Event: 20.238 Thread 0x00000000192ae000 Exception <a 'java/lang/ClassNotFoundException': org/gradle/api/DefaultTask_DecoratedBeanInfo> (0x00000000da5dbf50) thrown at [C:\re\workspace\8-2-build-windows-amd64-cygwin\jdk8u121\8372\hotspot\src\share\vm\classfile\systemDictionary.cpp, line 210]
Event: 20.239 Thread 0x00000000192ae000 Exception <a 'java/lang/ClassNotFoundException': org/gradle/api/DefaultTask_DecoratedCustomizer> (0x00000000da606248) thrown at [C:\re\workspace\8-2-build-windows-amd64-cygwin\jdk8u121\8372\hotspot\src\share\vm\classfile\systemDictionary.cpp, line 210]
Event: 20.244 Thread 0x00000000192ae000 Exception <a 'java/lang/ClassNotFoundException': org/gradle/api/internal/tasks/DefaultTaskInputsBeanInfo> (0x00000000da66c208) thrown at [C:\re\workspace\8-2-build-windows-amd64-cygwin\jdk8u121\8372\hotspot\src\share\vm\classfile\systemDictionary.cpp, lin
Event: 20.245 Thread 0x00000000192ae000 Exception <a 'java/lang/ClassNotFoundException': org/gradle/api/internal/tasks/DefaultTaskInputsCustomizer> (0x00000000da69be10) thrown at [C:\re\workspace\8-2-build-windows-amd64-cygwin\jdk8u121\8372\hotspot\src\share\vm\classfile\systemDictionary.cpp, l
Event: 20.249 Thread 0x00000000192ae000 Exception <a 'java/lang/ClassNotFoundException': org/gradle/api/internal/tasks/DefaultTaskOutputsBeanInfo> (0x00000000da70f5f8) thrown at [C:\re\workspace\8-2-build-windows-amd64-cygwin\jdk8u121\8372\hotspot\src\share\vm\classfile\systemDictionary.cpp, li
Event: 20.250 Thread 0x00000000192ae000 Exception <a 'java/lang/ClassNotFoundException': org/gradle/api/internal/tasks/DefaultTaskOutputsCustomizer> (0x00000000da73f208) thrown at [C:\re\workspace\8-2-build-windows-amd64-cygwin\jdk8u121\8372\hotspot\src\share\vm\classfile\systemDictionary.cpp, 
Event: 20.828 Thread 0x00000000192ae000 Exception <a 'java/lang/ClassNotFoundException': org/grails/gradle/plugin/commands/ApplicationContextScriptTask_DecoratedBeanInfo> (0x00000000da88cf68) thrown at [C:\re\workspace\8-2-build-windows-amd64-cygwin\jdk8u121\8372\hotspot\src\share\vm\classfile\
Event: 20.828 Thread 0x00000000192ae000 Exception <a 'java/lang/ClassNotFoundException': org/grails/gradle/plugin/commands/ApplicationContextScriptTaskBeanInfo> (0x00000000da8af2d0) thrown at [C:\re\workspace\8-2-build-windows-amd64-cygwin\jdk8u121\8372\hotspot\src\share\vm\classfile\systemDict
Event: 20.829 Thread 0x00000000192ae000 Exception <a 'java/lang/ClassNotFoundException': org/grails/gradle/plugin/commands/ApplicationContextScriptTaskCustomizer> (0x00000000da8d2440) thrown at [C:\re\workspace\8-2-build-windows-amd64-cygwin\jdk8u121\8372\hotspot\src\share\vm\classfile\systemDi

Events (10 events):
Event: 20.828 loading class org/grails/gradle/plugin/commands/ApplicationContextScriptTask_DecoratedBeanInfo
Event: 20.828 loading class org/grails/gradle/plugin/commands/ApplicationContextScriptTask_DecoratedBeanInfo done
Event: 20.828 loading class org/grails/gradle/plugin/commands/ApplicationContextScriptTaskBeanInfo
Event: 20.828 loading class org/grails/gradle/plugin/commands/ApplicationContextScriptTaskBeanInfo done
Event: 20.828 loading class org/grails/gradle/plugin/commands/ApplicationContextScriptTaskBeanInfo
Event: 20.828 loading class org/grails/gradle/plugin/commands/ApplicationContextScriptTaskBeanInfo done
Event: 20.828 loading class org/grails/gradle/plugin/commands/ApplicationContextScriptTaskCustomizer
Event: 20.828 loading class org/grails/gradle/plugin/commands/ApplicationContextScriptTaskCustomizer done
Event: 20.829 loading class org/grails/gradle/plugin/commands/ApplicationContextScriptTaskCustomizer
Event: 20.829 loading class org/grails/gradle/plugin/commands/ApplicationContextScriptTaskCustomizer done


Dynamic libraries:
0x00007ff7849b0000 - 0x00007ff7849e7000 	C:\Program Files\Java\jdk1.8.0_121\bin\java.exe
0x00007fffefdd0000 - 0x00007fffeffc8000 	C:\WINDOWS\SYSTEM32\ntdll.dll
0x00007fffee680000 - 0x00007fffee73d000 	C:\WINDOWS\System32\KERNEL32.DLL
0x00007fffed850000 - 0x00007fffedb22000 	C:\WINDOWS\System32\KERNELBASE.dll
0x00007fffeefb0000 - 0x00007fffef05e000 	C:\WINDOWS\System32\ADVAPI32.dll
0x00007fffefc80000 - 0x00007fffefd1e000 	C:\WINDOWS\System32\msvcrt.dll
0x00007fffee190000 - 0x00007fffee22c000 	C:\WINDOWS\System32\sechost.dll
0x00007fffee7e0000 - 0x00007fffee905000 	C:\WINDOWS\System32\RPCRT4.dll
0x00007fffee230000 - 0x00007fffee3cd000 	C:\WINDOWS\System32\USER32.dll
0x00007fffedd90000 - 0x00007fffeddb2000 	C:\WINDOWS\System32\win32u.dll
0x00007fffee7a0000 - 0x00007fffee7cb000 	C:\WINDOWS\System32\GDI32.dll
0x00007fffedc80000 - 0x00007fffedd8f000 	C:\WINDOWS\System32\gdi32full.dll
0x00007fffed4e0000 - 0x00007fffed57d000 	C:\WINDOWS\System32\msvcp_win.dll
0x00007fffedb80000 - 0x00007fffedc80000 	C:\WINDOWS\System32\ucrtbase.dll
0x00007fffdcbe0000 - 0x00007fffdce7a000 	C:\WINDOWS\WinSxS\amd64_microsoft.windows.common-controls_6595b64144ccf1df_6.0.19041.1110_none_60b5254171f9507e\COMCTL32.dll
0x00007fffef970000 - 0x00007fffef9a0000 	C:\WINDOWS\System32\IMM32.DLL
0x0000000055b10000 - 0x0000000055be2000 	C:\Program Files\Java\jdk1.8.0_121\jre\bin\msvcr100.dll
0x0000000055270000 - 0x0000000055b0b000 	C:\Program Files\Java\jdk1.8.0_121\jre\bin\server\jvm.dll
0x00007fffee7d0000 - 0x00007fffee7d8000 	C:\WINDOWS\System32\PSAPI.DLL
0x00007fffdb070000 - 0x00007fffdb079000 	C:\WINDOWS\SYSTEM32\WSOCK32.dll
0x00007fffefd20000 - 0x00007fffefd8b000 	C:\WINDOWS\System32\WS2_32.dll
0x00007fffdcf10000 - 0x00007fffdcf37000 	C:\WINDOWS\SYSTEM32\WINMM.dll
0x00007fffde510000 - 0x00007fffde51a000 	C:\WINDOWS\SYSTEM32\VERSION.dll
0x0000000055260000 - 0x000000005526f000 	C:\Program Files\Java\jdk1.8.0_121\jre\bin\verify.dll
0x0000000055230000 - 0x0000000055259000 	C:\Program Files\Java\jdk1.8.0_121\jre\bin\java.dll
0x0000000055210000 - 0x0000000055226000 	C:\Program Files\Java\jdk1.8.0_121\jre\bin\zip.dll
0x00007fffef220000 - 0x00007fffef963000 	C:\WINDOWS\System32\SHELL32.dll
0x00007fffeb190000 - 0x00007fffeb921000 	C:\WINDOWS\SYSTEM32\windows.storage.dll
0x00007fffede30000 - 0x00007fffee184000 	C:\WINDOWS\System32\combase.dll
0x00007fffecd80000 - 0x00007fffecdb0000 	C:\WINDOWS\SYSTEM32\Wldp.dll
0x00007fffee3d0000 - 0x00007fffee47d000 	C:\WINDOWS\System32\SHCORE.dll
0x00007fffeeec0000 - 0x00007fffeef15000 	C:\WINDOWS\System32\shlwapi.dll
0x00007fffed420000 - 0x00007fffed43f000 	C:\WINDOWS\SYSTEM32\profapi.dll
0x00000000551f0000 - 0x000000005520a000 	C:\Program Files\Java\jdk1.8.0_121\jre\bin\net.dll
0x00007fffecb60000 - 0x00007fffecbca000 	C:\WINDOWS\system32\mswsock.dll
0x00000000551d0000 - 0x00000000551e1000 	C:\Program Files\Java\jdk1.8.0_121\jre\bin\nio.dll
0x00007fffc1c30000 - 0x00007fffc1c4e000 	C:\Users\User\.gradle\native\25\windows-amd64\native-platform.dll
0x00007fffecdc0000 - 0x00007fffecdd8000 	C:\WINDOWS\SYSTEM32\CRYPTSP.dll
0x00007fffec4a0000 - 0x00007fffec4d4000 	C:\WINDOWS\system32\rsaenh.dll
0x00007fffed6e0000 - 0x00007fffed707000 	C:\WINDOWS\System32\bcrypt.dll
0x00007fffed3e0000 - 0x00007fffed40e000 	C:\WINDOWS\SYSTEM32\USERENV.dll
0x00007fffed710000 - 0x00007fffed792000 	C:\WINDOWS\System32\bcryptprimitives.dll
0x00007fffeccf0000 - 0x00007fffeccfc000 	C:\WINDOWS\SYSTEM32\CRYPTBASE.dll
0x00007fffec870000 - 0x00007fffec8ab000 	C:\WINDOWS\SYSTEM32\IPHLPAPI.DLL
0x00007fffee910000 - 0x00007fffee918000 	C:\WINDOWS\System32\NSI.dll
0x00007fffe3f40000 - 0x00007fffe3f57000 	C:\WINDOWS\SYSTEM32\dhcpcsvc6.DLL
0x00007fffe4090000 - 0x00007fffe40ad000 	C:\WINDOWS\SYSTEM32\dhcpcsvc.DLL
0x00007fffec8b0000 - 0x00007fffec97a000 	C:\WINDOWS\SYSTEM32\DNSAPI.dll
0x00000000551c0000 - 0x00000000551cd000 	C:\Program Files\Java\jdk1.8.0_121\jre\bin\management.dll

VM Arguments:
jvm_args: -XX:MaxPermSize=512m -XX:+HeapDumpOnOutOfMemoryError -Xmx2048m -Dfile.encoding=UTF-8 -Duser.country=IN -Duser.language=en -Duser.variant 
java_command: org.gradle.launcher.daemon.bootstrap.GradleDaemon 3.5
java_class_path (initial): C:\Users\User\.gradle\wrapper\dists\gradle-3.5-all\exhrs6ca08n232b14ue48lbye\gradle-3.5\lib\gradle-launcher-3.5.jar
Launcher Type: SUN_STANDARD

Environment Variables:
JAVA_HOME=C:\Program Files\Java\jdk-15.0.2
PATH=C:\Program Files\Common Files\Oracle\Java\javapath;C:\Python39\Scripts\;C:\Python39\;C:\WINDOWS\system32;C:\WINDOWS;C:\WINDOWS\System32\Wbem;C:\WINDOWS\System32\WindowsPowerShell\v1.0\;C:\WINDOWS\System32\OpenSSH\;C:\Program Files\Git\cmd;C:\Program Files\nodejs\;C:\ProgramData\chocolatey\bin;C:\Program Files\Java\jdk1.8.0_121\bin;C:\hadoop\bin;C:\hadoop\sbin;C:\grails-3.3.6\bin;C:\Program Files\PostgreSQL\14\bin;C:\Program Files\PuTTY\;C:\Program Files\Docker\Docker\resources\bin;C:\ProgramData\DockerDesktop\version-bin;C:\Users\User\AppData\Local\Microsoft\WindowsApps;C:\Users\User\AppData\Roaming\npm;C:\Users\User\AppData\Local\Programs\Microsoft VS Code\bin;C:\Program Files\JetBrains\IntelliJ IDEA 2020.2.4\bin;;
USERNAME=Capulus
OS=Windows_NT
PROCESSOR_IDENTIFIER=Intel64 Family 6 Model 61 Stepping 4, GenuineIntel



---------------  S Y S T E M  ---------------

OS: Windows 10.0 , 64 bit Build 19041 (10.0.19041.1889)

CPU:total 4 (2 cores per cpu, 2 threads per core) family 6 model 61 stepping 4, cmov, cx8, fxsr, mmx, sse, sse2, sse3, ssse3, sse4.1, sse4.2, popcnt, avx, avx2, aes, clmul, erms, rtm, 3dnowpref, lzcnt, ht, tsc, tscinvbit, bmi1, bmi2, adx

Memory: 4k page, physical 8277520k(417816k free), swap 26593948k(5000k free)

vm_info: Java HotSpot(TM) 64-Bit Server VM (25.121-b13) for windows-amd64 JRE (1.8.0_121-b13), built on Dec 12 2016 18:21:36 by "java_re" with MS VC++ 10.0 (VS2010)

time: Tue Oct 18 17:23:11 2022
elapsed time: 21 seconds (0d 0h 0m 21s)

