#
# There is insufficient memory for the Java Runtime Environment to continue.
# Native memory allocation (malloc) failed to allocate 2065456 bytes for Chunk::new
# Possible reasons:
#   The system is out of physical RAM or swap space
#   In 32 bit mode, the process size limit was hit
# Possible solutions:
#   Reduce memory load on the system
#   Increase physical memory or swap space
#   Check if swap backing store is full
#   Use 64 bit Java on a 64 bit OS
#   Decrease Java heap size (-Xmx/-Xms)
#   Decrease number of Java threads
#   Decrease Java thread stack sizes (-Xss)
#   Set larger code cache with -XX:ReservedCodeCacheSize=
# This output file may be truncated or incomplete.
#
#  Out of Memory Error (allocation.cpp:390), pid=7768, tid=0x0000000000001b88
#
# JRE version: Java(TM) SE Runtime Environment (8.0_121-b13) (build 1.8.0_121-b13)
# Java VM: Java HotSpot(TM) 64-Bit Server VM (25.121-b13 mixed mode windows-amd64 compressed oops)
# Failed to write core dump. Minidumps are not enabled by default on client versions of Windows
#

---------------  T H R E A D  ---------------

Current thread (0x0000000014f31000):  JavaThread "C2 CompilerThread0" daemon [_thread_in_native, id=7048, stack(0x00000000165b0000,0x00000000166b0000)]

Stack: [0x00000000165b0000,0x00000000166b0000]
[error occurred during error reporting (printing stack bounds), id 0xc0000005]

Native frames: (J=compiled Java code, j=interpreted, Vv=VM code, C=native code)


Current CompileTask:
C2:  15404 4667   !   4       com.sun.beans.TypeResolver::resolve (274 bytes)


---------------  P R O C E S S  ---------------

Java Threads: ( => current thread )
  0x0000000017dd1800 JavaThread "Cache worker for task history cache (D:\PharmIT-Billing\.gradle\3.5\taskHistory)" [_thread_blocked, id=15364, stack(0x0000000020110000,0x0000000020210000)]
  0x0000000017dcc000 JavaThread "Memory manager" [_thread_blocked, id=12440, stack(0x000000001ff10000,0x0000000020010000)]
  0x0000000017dd3000 JavaThread "Cache worker for Artifact transforms cache (C:\Users\User\.gradle\caches\transforms-1)" [_thread_blocked, id=12976, stack(0x000000001f200000,0x000000001f300000)]
  0x0000000017dcf800 JavaThread "File lock request listener" [_thread_in_native, id=3680, stack(0x0000000019900000,0x0000000019a00000)]
  0x0000000017dce000 JavaThread "Cache worker for file hash cache (C:\Users\User\.gradle\caches\3.5\fileHashes)" [_thread_blocked, id=13992, stack(0x0000000019800000,0x0000000019900000)]
  0x0000000017d4e800 JavaThread "Stdin handler" [_thread_blocked, id=11820, stack(0x0000000019700000,0x0000000019800000)]
  0x0000000017d4d800 JavaThread "Asynchronous log dispatcher for DefaultDaemonConnection: socket connection from /127.0.0.1:63312 to /127.0.0.1:63313" [_thread_blocked, id=14536, stack(0x0000000019600000,0x0000000019700000)]
  0x0000000017d37000 JavaThread "Daemon worker" [_thread_in_vm, id=13388, stack(0x0000000019500000,0x0000000019600000)]
  0x0000000017d2a800 JavaThread "Cancel handler" [_thread_blocked, id=9608, stack(0x0000000019400000,0x0000000019500000)]
  0x0000000017e81800 JavaThread "Handler for socket connection from /127.0.0.1:63312 to /127.0.0.1:63313" [_thread_in_native, id=7640, stack(0x0000000019300000,0x0000000019400000)]
  0x0000000017d1e800 JavaThread "Daemon" [_thread_blocked, id=6108, stack(0x0000000019200000,0x0000000019300000)]
  0x0000000017e37000 JavaThread "Daemon periodic checks" [_thread_blocked, id=17564, stack(0x0000000018f00000,0x0000000019000000)]
  0x0000000017cb4800 JavaThread "Incoming local TCP Connector on port 63312" [_thread_in_native, id=16644, stack(0x0000000018cc0000,0x0000000018dc0000)]
  0x0000000017cc2000 JavaThread "Daemon health stats" [_thread_blocked, id=9008, stack(0x00000000189c0000,0x0000000018ac0000)]
  0x00000000168d0800 JavaThread "Service Thread" daemon [_thread_blocked, id=7536, stack(0x0000000016cb0000,0x0000000016db0000)]
  0x0000000014f3b000 JavaThread "C1 CompilerThread2" daemon [_thread_blocked, id=14440, stack(0x00000000167b0000,0x00000000168b0000)]
  0x0000000014f33000 JavaThread "C2 CompilerThread1" daemon [_thread_in_native, id=11832, stack(0x00000000166b0000,0x00000000167b0000)]
=>0x0000000014f31000 JavaThread "C2 CompilerThread0" daemon [_thread_in_native, id=7048, stack(0x00000000165b0000,0x00000000166b0000)]
  0x0000000014f2f800 JavaThread "Attach Listener" daemon [_thread_blocked, id=15088, stack(0x00000000164b0000,0x00000000165b0000)]
  0x0000000014f2c000 JavaThread "Signal Dispatcher" daemon [_thread_blocked, id=10396, stack(0x00000000163b0000,0x00000000164b0000)]
  0x0000000014f18800 JavaThread "Finalizer" daemon [_thread_blocked, id=14792, stack(0x00000000161b0000,0x00000000162b0000)]
  0x0000000002854000 JavaThread "Reference Handler" daemon [_thread_blocked, id=13136, stack(0x00000000160b0000,0x00000000161b0000)]
  0x0000000002762800 JavaThread "main" [_thread_blocked, id=8424, stack(0x0000000002660000,0x0000000002760000)]

Other Threads:
  0x0000000014ef7800 VMThread [stack: 0x0000000015fb0000,0x00000000160b0000] [id=14248]
  0x0000000014f49000 WatcherThread [stack: 0x0000000016db0000,0x0000000016eb0000] [id=17712]

VM state:not at safepoint (normal execution)

VM Mutex/Monitor currently owned by a thread: None

Heap:
 PSYoungGen      total 114688K, used 88826K [0x00000000eab00000, 0x00000000f2800000, 0x0000000100000000)
  eden space 107008K, 83% used [0x00000000eab00000,0x00000000f01be868,0x00000000f1380000)
  from space 7680K, 0% used [0x00000000f2080000,0x00000000f2080000,0x00000000f2800000)
  to   space 10240K, 0% used [0x00000000f1400000,0x00000000f1400000,0x00000000f1e00000)
 ParOldGen       total 82944K, used 21063K [0x00000000c0000000, 0x00000000c5100000, 0x00000000eab00000)
  object space 82944K, 25% used [0x00000000c0000000,0x00000000c1491c18,0x00000000c5100000)
 Metaspace       used 36700K, capacity 37398K, committed 37720K, reserved 1081344K
  class space    used 5191K, capacity 5390K, committed 5504K, reserved 1048576K

Card table byte_map: [0x0000000011c20000,0x0000000011e30000] byte_map_base: 0x0000000011620000

Marking Bits: (ParMarkBitMap*) 0x00000000678cb6d0
 Begin Bits: [0x0000000012390000, 0x0000000013390000)
 End Bits:   [0x0000000013390000, 0x0000000014390000)

Polling page: 0x0000000000d50000

CodeCache: size=245760Kb used=15353Kb max_used=15877Kb free=230406Kb
 bounds [0x0000000002860000, 0x00000000037f0000, 0x0000000011860000]
 total_blobs=5041 nmethods=4360 adapters=592
 compilation: enabled

Compilation events (10 events):
Event: 15.313 Thread 0x0000000014f3b000 4814       1       org.gradle.internal.nativeintegration.filesystem.services.GenericFileSystem::isCaseSensitive (5 bytes)
Event: 15.313 Thread 0x0000000014f3b000 nmethod 4814 0x0000000003179350 code [0x00000000031794a0, 0x00000000031795b0]
Event: 15.313 Thread 0x0000000014f3b000 4815       3       groovy.lang.MetaBeanProperty::getProperty (64 bytes)
Event: 15.314 Thread 0x0000000014f3b000 nmethod 4815 0x00000000032660d0 code [0x00000000032662e0, 0x0000000003266c98]
Event: 15.361 Thread 0x0000000014f3b000 4816       3       groovyjarjarasm.asm.MethodWriter::visitTypeInsn (110 bytes)
Event: 15.361 Thread 0x0000000014f3b000 nmethod 4816 0x00000000032658d0 code [0x0000000003265a60, 0x0000000003265e88]
Event: 15.372 Thread 0x0000000014f3b000 4817       3       org.gradle.api.internal.AsmBackedClassGenerator$ClassBuilderImpl::access$1100 (4 bytes)
Event: 15.373 Thread 0x0000000014f3b000 nmethod 4817 0x00000000032655d0 code [0x0000000003265720, 0x0000000003265850]
Event: 15.373 Thread 0x0000000014f3b000 4818       3       org.gradle.api.internal.AsmBackedClassGenerator$ClassBuilderImpl::access$1300 (4 bytes)
Event: 15.373 Thread 0x0000000014f3b000 nmethod 4818 0x00000000032652d0 code [0x0000000003265420, 0x0000000003265550]

GC Heap History (10 events):
Event: 8.941 GC heap before
{Heap before GC invocations=6 (full 1):
 PSYoungGen      total 71680K, used 66560K [0x00000000eab00000, 0x00000000ef600000, 0x0000000100000000)
  eden space 66560K, 100% used [0x00000000eab00000,0x00000000eec00000,0x00000000eec00000)
  from space 5120K, 0% used [0x00000000ef100000,0x00000000ef100000,0x00000000ef600000)
  to   space 5120K, 0% used [0x00000000eec00000,0x00000000eec00000,0x00000000ef100000)
 ParOldGen       total 59904K, used 9698K [0x00000000c0000000, 0x00000000c3a80000, 0x00000000eab00000)
  object space 59904K, 16% used [0x00000000c0000000,0x00000000c09789c0,0x00000000c3a80000)
 Metaspace       used 25703K, capacity 26106K, committed 26368K, reserved 1071104K
  class space    used 3622K, capacity 3741K, committed 3840K, reserved 1048576K
Event: 8.959 GC heap after
Heap after GC invocations=6 (full 1):
 PSYoungGen      total 71680K, used 5099K [0x00000000eab00000, 0x00000000f2b00000, 0x0000000100000000)
  eden space 66560K, 0% used [0x00000000eab00000,0x00000000eab00000,0x00000000eec00000)
  from space 5120K, 99% used [0x00000000eec00000,0x00000000ef0faf40,0x00000000ef100000)
  to   space 10752K, 0% used [0x00000000f2080000,0x00000000f2080000,0x00000000f2b00000)
 ParOldGen       total 59904K, used 12267K [0x00000000c0000000, 0x00000000c3a80000, 0x00000000eab00000)
  object space 59904K, 20% used [0x00000000c0000000,0x00000000c0bface0,0x00000000c3a80000)
 Metaspace       used 25703K, capacity 26106K, committed 26368K, reserved 1071104K
  class space    used 3622K, capacity 3741K, committed 3840K, reserved 1048576K
}
Event: 11.015 GC heap before
{Heap before GC invocations=7 (full 1):
 PSYoungGen      total 71680K, used 71659K [0x00000000eab00000, 0x00000000f2b00000, 0x0000000100000000)
  eden space 66560K, 100% used [0x00000000eab00000,0x00000000eec00000,0x00000000eec00000)
  from space 5120K, 99% used [0x00000000eec00000,0x00000000ef0faf40,0x00000000ef100000)
  to   space 10752K, 0% used [0x00000000f2080000,0x00000000f2080000,0x00000000f2b00000)
 ParOldGen       total 59904K, used 12267K [0x00000000c0000000, 0x00000000c3a80000, 0x00000000eab00000)
  object space 59904K, 20% used [0x00000000c0000000,0x00000000c0bface0,0x00000000c3a80000)
 Metaspace       used 29068K, capacity 29540K, committed 29824K, reserved 1075200K
  class space    used 4010K, capacity 4162K, committed 4224K, reserved 1048576K
Event: 11.028 GC heap after
Heap after GC invocations=7 (full 1):
 PSYoungGen      total 114688K, used 7325K [0x00000000eab00000, 0x00000000f2800000, 0x0000000100000000)
  eden space 107008K, 0% used [0x00000000eab00000,0x00000000eab00000,0x00000000f1380000)
  from space 7680K, 95% used [0x00000000f2080000,0x00000000f27a75d0,0x00000000f2800000)
  to   space 10240K, 0% used [0x00000000f1400000,0x00000000f1400000,0x00000000f1e00000)
 ParOldGen       total 59904K, used 12275K [0x00000000c0000000, 0x00000000c3a80000, 0x00000000eab00000)
  object space 59904K, 20% used [0x00000000c0000000,0x00000000c0bfcce0,0x00000000c3a80000)
 Metaspace       used 29068K, capacity 29540K, committed 29824K, reserved 1075200K
  class space    used 4010K, capacity 4162K, committed 4224K, reserved 1048576K
}
Event: 13.765 GC heap before
{Heap before GC invocations=8 (full 1):
 PSYoungGen      total 114688K, used 114333K [0x00000000eab00000, 0x00000000f2800000, 0x0000000100000000)
  eden space 107008K, 100% used [0x00000000eab00000,0x00000000f1380000,0x00000000f1380000)
  from space 7680K, 95% used [0x00000000f2080000,0x00000000f27a75d0,0x00000000f2800000)
  to   space 10240K, 0% used [0x00000000f1400000,0x00000000f1400000,0x00000000f1e00000)
 ParOldGen       total 59904K, used 12275K [0x00000000c0000000, 0x00000000c3a80000, 0x00000000eab00000)
  object space 59904K, 20% used [0x00000000c0000000,0x00000000c0bfcce0,0x00000000c3a80000)
 Metaspace       used 34547K, capacity 35154K, committed 35416K, reserved 1079296K
  class space    used 4818K, capacity 4984K, committed 4992K, reserved 1048576K
Event: 13.792 GC heap after
Heap after GC invocations=8 (full 1):
 PSYoungGen      total 117248K, used 10208K [0x00000000eab00000, 0x00000000f2800000, 0x0000000100000000)
  eden space 107008K, 0% used [0x00000000eab00000,0x00000000eab00000,0x00000000f1380000)
  from space 10240K, 99% used [0x00000000f1400000,0x00000000f1df8010,0x00000000f1e00000)
  to   space 7680K, 0% used [0x00000000f2080000,0x00000000f2080000,0x00000000f2800000)
 ParOldGen       total 59904K, used 16276K [0x00000000c0000000, 0x00000000c3a80000, 0x00000000eab00000)
  object space 59904K, 27% used [0x00000000c0000000,0x00000000c0fe51b0,0x00000000c3a80000)
 Metaspace       used 34547K, capacity 35154K, committed 35416K, reserved 1079296K
  class space    used 4818K, capacity 4984K, committed 4992K, reserved 1048576K
}
Event: 13.883 GC heap before
{Heap before GC invocations=9 (full 1):
 PSYoungGen      total 117248K, used 16247K [0x00000000eab00000, 0x00000000f2800000, 0x0000000100000000)
  eden space 107008K, 5% used [0x00000000eab00000,0x00000000eb0e5cb0,0x00000000f1380000)
  from space 10240K, 99% used [0x00000000f1400000,0x00000000f1df8010,0x00000000f1e00000)
  to   space 7680K, 0% used [0x00000000f2080000,0x00000000f2080000,0x00000000f2800000)
 ParOldGen       total 59904K, used 16276K [0x00000000c0000000, 0x00000000c3a80000, 0x00000000eab00000)
  object space 59904K, 27% used [0x00000000c0000000,0x00000000c0fe51b0,0x00000000c3a80000)
 Metaspace       used 34840K, capacity 35352K, committed 35416K, reserved 1079296K
  class space    used 4862K, capacity 4985K, committed 4992K, reserved 1048576K
Event: 13.896 GC heap after
Heap after GC invocations=9 (full 1):
 PSYoungGen      total 114688K, used 7668K [0x00000000eab00000, 0x00000000f2800000, 0x0000000100000000)
  eden space 107008K, 0% used [0x00000000eab00000,0x00000000eab00000,0x00000000f1380000)
  from space 7680K, 99% used [0x00000000f2080000,0x00000000f27fd020,0x00000000f2800000)
  to   space 10240K, 0% used [0x00000000f1400000,0x00000000f1400000,0x00000000f1e00000)
 ParOldGen       total 59904K, used 19474K [0x00000000c0000000, 0x00000000c3a80000, 0x00000000eab00000)
  object space 59904K, 32% used [0x00000000c0000000,0x00000000c1304a70,0x00000000c3a80000)
 Metaspace       used 34840K, capacity 35352K, committed 35416K, reserved 1079296K
  class space    used 4862K, capacity 4985K, committed 4992K, reserved 1048576K
}
Event: 13.896 GC heap before
{Heap before GC invocations=10 (full 2):
 PSYoungGen      total 114688K, used 7668K [0x00000000eab00000, 0x00000000f2800000, 0x0000000100000000)
  eden space 107008K, 0% used [0x00000000eab00000,0x00000000eab00000,0x00000000f1380000)
  from space 7680K, 99% used [0x00000000f2080000,0x00000000f27fd020,0x00000000f2800000)
  to   space 10240K, 0% used [0x00000000f1400000,0x00000000f1400000,0x00000000f1e00000)
 ParOldGen       total 59904K, used 19474K [0x00000000c0000000, 0x00000000c3a80000, 0x00000000eab00000)
  object space 59904K, 32% used [0x00000000c0000000,0x00000000c1304a70,0x00000000c3a80000)
 Metaspace       used 34840K, capacity 35352K, committed 35416K, reserved 1079296K
  class space    used 4862K, capacity 4985K, committed 4992K, reserved 1048576K
Event: 14.021 GC heap after
Heap after GC invocations=10 (full 2):
 PSYoungGen      total 114688K, used 0K [0x00000000eab00000, 0x00000000f2800000, 0x0000000100000000)
  eden space 107008K, 0% used [0x00000000eab00000,0x00000000eab00000,0x00000000f1380000)
  from space 7680K, 0% used [0x00000000f2080000,0x00000000f2080000,0x00000000f2800000)
  to   space 10240K, 0% used [0x00000000f1400000,0x00000000f1400000,0x00000000f1e00000)
 ParOldGen       total 82944K, used 21063K [0x00000000c0000000, 0x00000000c5100000, 0x00000000eab00000)
  object space 82944K, 25% used [0x00000000c0000000,0x00000000c1491c18,0x00000000c5100000)
 Metaspace       used 34840K, capacity 35352K, committed 35416K, reserved 1079296K
  class space    used 4862K, capacity 4985K, committed 4992K, reserved 1048576K
}

Deoptimization events (10 events):
Event: 14.171 Thread 0x0000000017d37000 Uncommon trap: reason=class_check action=maybe_recompile pc=0x00000000030f3d84 method=java.util.Hashtable.get(Ljava/lang/Object;)Ljava/lang/Object; @ 6
Event: 14.171 Thread 0x0000000017d37000 Uncommon trap: reason=class_check action=maybe_recompile pc=0x00000000030f3d84 method=java.util.Hashtable.get(Ljava/lang/Object;)Ljava/lang/Object; @ 6
Event: 14.197 Thread 0x0000000017d37000 Uncommon trap: reason=unstable_if action=reinterpret pc=0x0000000002a152e8 method=java.lang.String.replace(CC)Ljava/lang/String; @ 2
Event: 14.204 Thread 0x0000000017d37000 Uncommon trap: reason=bimorphic action=maybe_recompile pc=0x00000000034d8000 method=org.codehaus.groovy.runtime.metaclass.MetaMethodIndex.addMethodToList(Ljava/lang/Object;Lgroovy/lang/MetaMethod;)Ljava/lang/Object; @ 89
Event: 14.337 Thread 0x0000000017d37000 Uncommon trap: reason=unstable_if action=reinterpret pc=0x000000000355c9f0 method=java.util.WeakHashMap.put(Ljava/lang/Object;Ljava/lang/Object;)Ljava/lang/Object; @ 47
Event: 15.227 Thread 0x0000000017d37000 Uncommon trap: reason=bimorphic action=maybe_recompile pc=0x0000000002e1b2f0 method=java.io.BufferedInputStream.read1([BII)I @ 39
Event: 15.227 Thread 0x0000000017d37000 Uncommon trap: reason=bimorphic action=maybe_recompile pc=0x0000000002e1b2f0 method=java.io.BufferedInputStream.read1([BII)I @ 39
Event: 15.227 Thread 0x0000000017d37000 Uncommon trap: reason=bimorphic action=maybe_recompile pc=0x0000000002e1b2f0 method=java.io.BufferedInputStream.read1([BII)I @ 39
Event: 15.229 Thread 0x0000000017d37000 Uncommon trap: reason=bimorphic action=maybe_recompile pc=0x0000000002e1b2f0 method=java.io.BufferedInputStream.read1([BII)I @ 39
Event: 15.229 Thread 0x0000000017d37000 Uncommon trap: reason=bimorphic action=maybe_recompile pc=0x0000000002cb057c method=java.io.BufferedInputStream.read1([BII)I @ 39

Internal exceptions (10 events):
Event: 15.322 Thread 0x0000000017d37000 Exception <a 'java/lang/ClassNotFoundException': org/gradle/api/DefaultTask_DecoratedBeanInfo> (0x00000000efca9f18) thrown at [C:\re\workspace\8-2-build-windows-amd64-cygwin\jdk8u121\8372\hotspot\src\share\vm\classfile\systemDictionary.cpp, line 210]
Event: 15.328 Thread 0x0000000017d37000 Exception <a 'java/lang/ClassNotFoundException': org/gradle/api/DefaultTask_DecoratedCustomizer> (0x00000000efcd41a8) thrown at [C:\re\workspace\8-2-build-windows-amd64-cygwin\jdk8u121\8372\hotspot\src\share\vm\classfile\systemDictionary.cpp, line 210]
Event: 15.333 Thread 0x0000000017d37000 Exception <a 'java/lang/ClassNotFoundException': org/gradle/api/internal/tasks/DefaultTaskInputsBeanInfo> (0x00000000efd3a120) thrown at [C:\re\workspace\8-2-build-windows-amd64-cygwin\jdk8u121\8372\hotspot\src\share\vm\classfile\systemDictionary.cpp, lin
Event: 15.334 Thread 0x0000000017d37000 Exception <a 'java/lang/ClassNotFoundException': org/gradle/api/internal/tasks/DefaultTaskInputsCustomizer> (0x00000000efd69d28) thrown at [C:\re\workspace\8-2-build-windows-amd64-cygwin\jdk8u121\8372\hotspot\src\share\vm\classfile\systemDictionary.cpp, l
Event: 15.339 Thread 0x0000000017d37000 Exception <a 'java/lang/ClassNotFoundException': org/gradle/api/internal/tasks/DefaultTaskOutputsBeanInfo> (0x00000000efddd538) thrown at [C:\re\workspace\8-2-build-windows-amd64-cygwin\jdk8u121\8372\hotspot\src\share\vm\classfile\systemDictionary.cpp, li
Event: 15.340 Thread 0x0000000017d37000 Exception <a 'java/lang/ClassNotFoundException': org/gradle/api/internal/tasks/DefaultTaskOutputsCustomizer> (0x00000000efe0d180) thrown at [C:\re\workspace\8-2-build-windows-amd64-cygwin\jdk8u121\8372\hotspot\src\share\vm\classfile\systemDictionary.cpp, 
Event: 15.381 Thread 0x0000000017d37000 Exception <a 'java/lang/ClassNotFoundException': org/grails/gradle/plugin/commands/ApplicationContextScriptTask_DecoratedBeanInfo> (0x00000000eff81300) thrown at [C:\re\workspace\8-2-build-windows-amd64-cygwin\jdk8u121\8372\hotspot\src\share\vm\classfile\
Event: 15.384 Thread 0x0000000017d37000 Exception <a 'java/lang/ClassNotFoundException': org/grails/gradle/plugin/commands/ApplicationContextScriptTaskBeanInfo> (0x00000000effa3668) thrown at [C:\re\workspace\8-2-build-windows-amd64-cygwin\jdk8u121\8372\hotspot\src\share\vm\classfile\systemDict
Event: 15.389 Thread 0x0000000017d37000 Exception <a 'java/lang/ClassNotFoundException': org/grails/gradle/plugin/commands/ApplicationContextScriptTaskCustomizer> (0x00000000effc67d8) thrown at [C:\re\workspace\8-2-build-windows-amd64-cygwin\jdk8u121\8372\hotspot\src\share\vm\classfile\systemDi
Event: 15.390 Thread 0x0000000017d37000 Exception <a 'java/lang/ClassNotFoundException': org/grails/gradle/plugin/commands/ApplicationContextScriptTask_DecoratedCustomizer> (0x00000000f0008788) thrown at [C:\re\workspace\8-2-build-windows-amd64-cygwin\jdk8u121\8372\hotspot\src\share\vm\classfil

Events (10 events):
Event: 15.384 loading class org/grails/gradle/plugin/commands/ApplicationContextScriptTaskCustomizer
Event: 15.384 loading class org/grails/gradle/plugin/commands/ApplicationContextScriptTaskCustomizer done
Event: 15.388 loading class org/grails/gradle/plugin/commands/ApplicationContextScriptTaskCustomizer
Event: 15.388 loading class org/grails/gradle/plugin/commands/ApplicationContextScriptTaskCustomizer done
Event: 15.389 loading class org/grails/gradle/plugin/commands/ApplicationContextScriptTask_DecoratedCustomizer
Event: 15.389 loading class org/grails/gradle/plugin/commands/ApplicationContextScriptTask_DecoratedCustomizer done
Event: 15.390 loading class org/grails/gradle/plugin/commands/ApplicationContextScriptTask_DecoratedCustomizer
Event: 15.390 loading class org/grails/gradle/plugin/commands/ApplicationContextScriptTask_DecoratedCustomizer done
Event: 15.395 loading class groovy/runtime/metaclass/org/grails/gradle/plugin/commands/ApplicationContextScriptTask$_closure1MetaClass
Event: 15.395 loading class groovy/runtime/metaclass/org/grails/gradle/plugin/commands/ApplicationContextScriptTask$_closure1MetaClass done


Dynamic libraries:
0x00007ff704b20000 - 0x00007ff704b57000 	C:\Program Files\Java\jdk1.8.0_121\bin\java.exe
0x00007ffd83550000 - 0x00007ffd83745000 	C:\WINDOWS\SYSTEM32\ntdll.dll
0x00007ffd81910000 - 0x00007ffd819cd000 	C:\WINDOWS\System32\KERNEL32.DLL
0x00007ffd812d0000 - 0x00007ffd8159d000 	C:\WINDOWS\System32\KERNELBASE.dll
0x00007ffd824f0000 - 0x00007ffd8259e000 	C:\WINDOWS\System32\ADVAPI32.dll
0x00007ffd82330000 - 0x00007ffd823ce000 	C:\WINDOWS\System32\msvcrt.dll
0x00007ffd82290000 - 0x00007ffd8232c000 	C:\WINDOWS\System32\sechost.dll
0x00007ffd81700000 - 0x00007ffd81825000 	C:\WINDOWS\System32\RPCRT4.dll
0x00007ffd82c20000 - 0x00007ffd82dc0000 	C:\WINDOWS\System32\USER32.dll
0x00007ffd80dc0000 - 0x00007ffd80de2000 	C:\WINDOWS\System32\win32u.dll
0x00007ffd816d0000 - 0x00007ffd816fa000 	C:\WINDOWS\System32\GDI32.dll
0x00007ffd810c0000 - 0x00007ffd811cb000 	C:\WINDOWS\System32\gdi32full.dll
0x00007ffd80ff0000 - 0x00007ffd8108d000 	C:\WINDOWS\System32\msvcp_win.dll
0x00007ffd811d0000 - 0x00007ffd812d0000 	C:\WINDOWS\System32\ucrtbase.dll
0x00007ffd75950000 - 0x00007ffd75bea000 	C:\WINDOWS\WinSxS\amd64_microsoft.windows.common-controls_6595b64144ccf1df_6.0.19041.1110_none_60b5254171f9507e\COMCTL32.dll
0x00007ffd82bf0000 - 0x00007ffd82c20000 	C:\WINDOWS\System32\IMM32.DLL
0x0000000067950000 - 0x0000000067a22000 	C:\Program Files\Java\jdk1.8.0_121\jre\bin\msvcr100.dll
0x00000000670b0000 - 0x000000006794b000 	C:\Program Files\Java\jdk1.8.0_121\jre\bin\server\jvm.dll
0x00007ffd825a0000 - 0x00007ffd825a8000 	C:\WINDOWS\System32\PSAPI.DLL
0x00007ffd76830000 - 0x00007ffd7683a000 	C:\WINDOWS\SYSTEM32\VERSION.dll
0x00007ffd746d0000 - 0x00007ffd746d9000 	C:\WINDOWS\SYSTEM32\WSOCK32.dll
0x00007ffd763b0000 - 0x00007ffd763d7000 	C:\WINDOWS\SYSTEM32\WINMM.dll
0x00007ffd823d0000 - 0x00007ffd8243b000 	C:\WINDOWS\System32\WS2_32.dll
0x00000000670a0000 - 0x00000000670af000 	C:\Program Files\Java\jdk1.8.0_121\jre\bin\verify.dll
0x0000000067070000 - 0x0000000067099000 	C:\Program Files\Java\jdk1.8.0_121\jre\bin\java.dll
0x0000000067050000 - 0x0000000067066000 	C:\Program Files\Java\jdk1.8.0_121\jre\bin\zip.dll
0x00007ffd82dc0000 - 0x00007ffd83504000 	C:\WINDOWS\System32\SHELL32.dll
0x00007ffd7e950000 - 0x00007ffd7f0e4000 	C:\WINDOWS\SYSTEM32\windows.storage.dll
0x00007ffd819d0000 - 0x00007ffd81d24000 	C:\WINDOWS\System32\combase.dll
0x00007ffd80510000 - 0x00007ffd8053c000 	C:\WINDOWS\SYSTEM32\Wldp.dll
0x00007ffd81830000 - 0x00007ffd818dd000 	C:\WINDOWS\System32\SHCORE.dll
0x00007ffd82690000 - 0x00007ffd826e5000 	C:\WINDOWS\System32\shlwapi.dll
0x00007ffd80ba0000 - 0x00007ffd80bbf000 	C:\WINDOWS\SYSTEM32\profapi.dll
0x0000000067030000 - 0x000000006704a000 	C:\Program Files\Java\jdk1.8.0_121\jre\bin\net.dll
0x00007ffd802f0000 - 0x00007ffd8035a000 	C:\WINDOWS\system32\mswsock.dll
0x0000000067010000 - 0x0000000067021000 	C:\Program Files\Java\jdk1.8.0_121\jre\bin\nio.dll
0x00007ffd68b60000 - 0x00007ffd68b7e000 	C:\Users\User\.gradle\native\25\windows-amd64\native-platform.dll
0x00007ffd80550000 - 0x00007ffd80568000 	C:\WINDOWS\SYSTEM32\CRYPTSP.dll
0x00007ffd7fc90000 - 0x00007ffd7fcc4000 	C:\WINDOWS\system32\rsaenh.dll
0x00007ffd81090000 - 0x00007ffd810b7000 	C:\WINDOWS\System32\bcrypt.dll
0x00007ffd80b60000 - 0x00007ffd80b8e000 	C:\WINDOWS\SYSTEM32\USERENV.dll
0x00007ffd80df0000 - 0x00007ffd80e72000 	C:\WINDOWS\System32\bcryptprimitives.dll
0x00007ffd80480000 - 0x00007ffd8048c000 	C:\WINDOWS\SYSTEM32\CRYPTBASE.dll
0x00007ffd80000000 - 0x00007ffd8003b000 	C:\WINDOWS\SYSTEM32\IPHLPAPI.DLL
0x00007ffd81900000 - 0x00007ffd81908000 	C:\WINDOWS\System32\NSI.dll
0x00007ffd789c0000 - 0x00007ffd789d7000 	C:\WINDOWS\SYSTEM32\dhcpcsvc6.DLL
0x00007ffd791c0000 - 0x00007ffd791dd000 	C:\WINDOWS\SYSTEM32\dhcpcsvc.DLL
0x00007ffd80040000 - 0x00007ffd8010b000 	C:\WINDOWS\SYSTEM32\DNSAPI.dll
0x0000000067000000 - 0x000000006700d000 	C:\Program Files\Java\jdk1.8.0_121\jre\bin\management.dll

VM Arguments:
jvm_args: -XX:MaxPermSize=256m -XX:+HeapDumpOnOutOfMemoryError -Xmx1024m -Dfile.encoding=ISO-8859-1 -Duser.country=IN -Duser.language=en -Duser.variant 
java_command: org.gradle.launcher.daemon.bootstrap.GradleDaemon 3.5
java_class_path (initial): C:\Users\User\.gradle\wrapper\dists\gradle-3.5-all\exhrs6ca08n232b14ue48lbye\gradle-3.5\lib\gradle-launcher-3.5.jar
Launcher Type: SUN_STANDARD

Environment Variables:
JAVA_HOME=C:\Program Files\Java\jdk1.8.0_121
PATH=C:\Program Files\Common Files\Oracle\Java\javapath;C:\Python39\Scripts\;C:\Python39\;C:\WINDOWS\system32;C:\WINDOWS;C:\WINDOWS\System32\Wbem;C:\WINDOWS\System32\WindowsPowerShell\v1.0\;C:\WINDOWS\System32\OpenSSH\;C:\Program Files\Git\cmd;C:\Program Files\nodejs\;C:\ProgramData\chocolatey\bin;C:\Program Files\Java\jdk1.8.0_121\bin;C:\hadoop\bin;C:\hadoop\sbin;C:\grails-3.3.6\bin;C:\Program Files\PostgreSQL\14\bin;C:\Program Files\PuTTY\;C:\Program Files\Docker\Docker\resources\bin;C:\ProgramData\DockerDesktop\version-bin;C:\Users\User\AppData\Local\Microsoft\WindowsApps;C:\Users\User\AppData\Roaming\npm;C:\Users\User\AppData\Local\Programs\Microsoft VS Code\bin;C:\Program Files\JetBrains\IntelliJ IDEA 2020.2.4\bin;;
USERNAME=Capulus
OS=Windows_NT
PROCESSOR_IDENTIFIER=Intel64 Family 6 Model 61 Stepping 4, GenuineIntel



---------------  S Y S T E M  ---------------

OS: Windows 10.0 , 64 bit Build 19041 (10.0.19041.1706)

CPU:total 4 (2 cores per cpu, 2 threads per core) family 6 model 61 stepping 4, cmov, cx8, fxsr, mmx, sse, sse2, sse3, ssse3, sse4.1, sse4.2, popcnt, avx, avx2, aes, clmul, erms, rtm, 3dnowpref, lzcnt, ht, tsc, tscinvbit, bmi1, bmi2, adx

Memory: 4k page, physical 8277520k(332712k free), swap 26593948k(5812k free)

vm_info: Java HotSpot(TM) 64-Bit Server VM (25.121-b13) for windows-amd64 JRE (1.8.0_121-b13), built on Dec 12 2016 18:21:36 by "java_re" with MS VC++ 10.0 (VS2010)

time: Thu May 19 22:32:40 2022
elapsed time: 15 seconds (0d 0h 0m 15s)

