#
# There is insufficient memory for the Java Runtime Environment to continue.
# Native memory allocation (malloc) failed to allocate 840736 bytes for Chunk::new
# Possible reasons:
#   The system is out of physical RAM or swap space
#   In 32 bit mode, the process size limit was hit
# Possible solutions:
#   Reduce memory load on the system
#   Increase physical memory or swap space
#   Check if swap backing store is full
#   Use 64 bit Java on a 64 bit OS
#   Decrease Java heap size (-Xmx/-Xms)
#   Decrease number of Java threads
#   Decrease Java thread stack sizes (-Xss)
#   Set larger code cache with -XX:ReservedCodeCacheSize=
# This output file may be truncated or incomplete.
#
#  Out of Memory Error (allocation.cpp:390), pid=15480, tid=0x0000000000002c98
#
# JRE version: Java(TM) SE Runtime Environment (8.0_121-b13) (build 1.8.0_121-b13)
# Java VM: Java HotSpot(TM) 64-Bit Server VM (25.121-b13 mixed mode windows-amd64 compressed oops)
# Failed to write core dump. Minidumps are not enabled by default on client versions of Windows
#

---------------  T H R E A D  ---------------

Current thread (0x0000000017c0f000):  JavaThread "C2 CompilerThread0" daemon [_thread_in_native, id=11416, stack(0x0000000019280000,0x0000000019380000)]

Stack: [0x0000000019280000,0x0000000019380000]
[error occurred during error reporting (printing stack bounds), id 0xc0000005]

Native frames: (J=compiled Java code, j=interpreted, Vv=VM code, C=native code)


Current CompileTask:
C2:  35096 4643       4       sun.reflect.generics.parser.SignatureParser::parseFieldTypeSignature (73 bytes)


---------------  P R O C E S S  ---------------

Java Threads: ( => current thread )
  0x000000001a21e800 JavaThread "Cache worker for task history cache (D:\PharmIT-Billing\.gradle\3.5\taskHistory)" [_thread_blocked, id=11148, stack(0x0000000021b60000,0x0000000021c60000)]
  0x000000001a21d800 JavaThread "Memory manager" [_thread_blocked, id=10488, stack(0x000000001ec30000,0x000000001ed30000)]
  0x000000001a21d000 JavaThread "Cache worker for Artifact transforms cache (C:\Users\User\.gradle\caches\transforms-1)" [_thread_blocked, id=2996, stack(0x000000001daa0000,0x000000001dba0000)]
  0x000000001a220000 JavaThread "File lock request listener" [_thread_in_native, id=15528, stack(0x000000001c5d0000,0x000000001c6d0000)]
  0x000000001a21f000 JavaThread "Cache worker for file hash cache (C:\Users\User\.gradle\caches\3.5\fileHashes)" [_thread_blocked, id=3064, stack(0x000000001c4d0000,0x000000001c5d0000)]
  0x0000000019e3d000 JavaThread "Stdin handler" [_thread_blocked, id=17372, stack(0x000000001c3d0000,0x000000001c4d0000)]
  0x0000000019e38000 JavaThread "Asynchronous log dispatcher for DefaultDaemonConnection: socket connection from /127.0.0.1:52876 to /127.0.0.1:52878" [_thread_blocked, id=6064, stack(0x000000001c2d0000,0x000000001c3d0000)]
  0x0000000019718000 JavaThread "Daemon worker" [_thread_in_vm, id=12948, stack(0x000000001c1d0000,0x000000001c2d0000)]
  0x0000000019707800 JavaThread "Cancel handler" [_thread_blocked, id=16300, stack(0x000000001c0d0000,0x000000001c1d0000)]
  0x0000000019d2b800 JavaThread "Handler for socket connection from /127.0.0.1:52876 to /127.0.0.1:52878" [_thread_in_native, id=2772, stack(0x000000001bdd0000,0x000000001bed0000)]
  0x000000001a2bc000 JavaThread "Daemon" [_thread_blocked, id=11336, stack(0x000000001bcd0000,0x000000001bdd0000)]
  0x0000000019d16800 JavaThread "Daemon periodic checks" [_thread_blocked, id=4756, stack(0x000000001bbd0000,0x000000001bcd0000)]
  0x000000001a12e000 JavaThread "Incoming local TCP Connector on port 52876" [_thread_in_native, id=16500, stack(0x000000001b990000,0x000000001ba90000)]
  0x0000000019f98800 JavaThread "Daemon health stats" [_thread_blocked, id=3248, stack(0x000000001b690000,0x000000001b790000)]
  0x0000000017c6e800 JavaThread "Service Thread" daemon [_thread_blocked, id=4304, stack(0x0000000019980000,0x0000000019a80000)]
  0x0000000017c6c000 JavaThread "C1 CompilerThread2" daemon [_thread_blocked, id=11004, stack(0x0000000019480000,0x0000000019580000)]
  0x0000000017c61000 JavaThread "C2 CompilerThread1" daemon [_thread_in_native, id=11024, stack(0x0000000019380000,0x0000000019480000)]
=>0x0000000017c0f000 JavaThread "C2 CompilerThread0" daemon [_thread_in_native, id=11416, stack(0x0000000019280000,0x0000000019380000)]
  0x0000000017c0e000 JavaThread "Attach Listener" daemon [_thread_blocked, id=10880, stack(0x0000000019180000,0x0000000019280000)]
  0x0000000002fee800 JavaThread "Signal Dispatcher" daemon [_thread_blocked, id=2532, stack(0x0000000019080000,0x0000000019180000)]
  0x0000000002fe7800 JavaThread "Finalizer" daemon [_thread_blocked, id=11972, stack(0x0000000018e80000,0x0000000018f80000)]
  0x0000000002fe2000 JavaThread "Reference Handler" daemon [_thread_blocked, id=12404, stack(0x0000000018d80000,0x0000000018e80000)]
  0x0000000002ef2800 JavaThread "main" [_thread_blocked, id=9276, stack(0x0000000002cf0000,0x0000000002df0000)]

Other Threads:
  0x0000000017bd7000 VMThread [stack: 0x0000000018c80000,0x0000000018d80000] [id=5440]
  0x0000000019589000 WatcherThread [stack: 0x0000000019a80000,0x0000000019b80000] [id=8492]

VM state:not at safepoint (normal execution)

VM Mutex/Monitor currently owned by a thread: None

Heap:
 PSYoungGen      total 120832K, used 8233K [0x00000000d5580000, 0x00000000e2280000, 0x0000000100000000)
  eden space 109056K, 7% used [0x00000000d5580000,0x00000000d5d8a590,0x00000000dc000000)
  from space 11776K, 0% used [0x00000000e1700000,0x00000000e1700000,0x00000000e2280000)
  to   space 9728K, 0% used [0x00000000dc000000,0x00000000dc000000,0x00000000dc980000)
 ParOldGen       total 57856K, used 16939K [0x0000000080000000, 0x0000000083880000, 0x00000000d5580000)
  object space 57856K, 29% used [0x0000000080000000,0x000000008108adb8,0x0000000083880000)
 Metaspace       used 35256K, capacity 35858K, committed 36056K, reserved 1081344K
  class space    used 4932K, capacity 5114K, committed 5120K, reserved 1048576K

Card table byte_map: [0x00000000123b0000,0x00000000127c0000] byte_map_base: 0x0000000011fb0000

Marking Bits: (ParMarkBitMap*) 0x0000000076a5b6d0
 Begin Bits: [0x0000000012e70000, 0x0000000014e70000)
 End Bits:   [0x0000000014e70000, 0x0000000016e70000)

Polling page: 0x0000000001490000

CodeCache: size=245760Kb used=15867Kb max_used=15871Kb free=229892Kb
 bounds [0x0000000002ff0000, 0x0000000003f80000, 0x0000000011ff0000]
 total_blobs=5060 nmethods=4380 adapters=591
 compilation: enabled

Compilation events (10 events):
Event: 35.087 Thread 0x0000000017c6c000 4674       3       org.gradle.internal.reflect.DirectInstantiator::wrapArgs (62 bytes)
Event: 35.087 Thread 0x0000000017c6c000 nmethod 4674 0x0000000003f7aa10 code [0x0000000003f7abc0, 0x0000000003f7b1d8]
Event: 35.087 Thread 0x0000000017c6c000 4675       3       org.gradle.internal.reflect.ReflectionCache$WeaklyClassReferencingCache::get (96 bytes)
Event: 35.089 Thread 0x0000000017c6c000 nmethod 4675 0x0000000003f7bdd0 code [0x0000000003f7c080, 0x0000000003f7d3e8]
Event: 35.090 Thread 0x0000000017c6c000 4676       1       org.gradle.internal.typeconversion.TypeInfo::getTargetType (5 bytes)
Event: 35.090 Thread 0x0000000017c6c000 nmethod 4676 0x0000000003f79350 code [0x0000000003f794a0, 0x0000000003f795b0]
Event: 35.091 Thread 0x0000000017c61000 nmethod 4669 0x0000000003f7e190 code [0x0000000003f7e360, 0x0000000003f7eb10]
Event: 35.091 Thread 0x0000000017c61000 4670       4       org.gradle.internal.reflect.PropertyAccessorType::of (77 bytes)
Event: 35.091 Thread 0x0000000017c6c000 4677       1       org.gradle.api.internal.project.DefaultProject::getTasks (5 bytes)
Event: 35.091 Thread 0x0000000017c6c000 nmethod 4677 0x0000000003f79090 code [0x0000000003f791e0, 0x0000000003f792f0]

GC Heap History (10 events):
Event: 20.287 GC heap before
{Heap before GC invocations=6 (full 1):
 PSYoungGen      total 67072K, used 61952K [0x00000000d5580000, 0x00000000da080000, 0x0000000100000000)
  eden space 61952K, 100% used [0x00000000d5580000,0x00000000d9200000,0x00000000d9200000)
  from space 5120K, 0% used [0x00000000d9700000,0x00000000d9700000,0x00000000d9c00000)
  to   space 5120K, 0% used [0x00000000d9200000,0x00000000d9200000,0x00000000d9700000)
 ParOldGen       total 57856K, used 9635K [0x0000000080000000, 0x0000000083880000, 0x00000000d5580000)
  object space 57856K, 16% used [0x0000000080000000,0x0000000080968fd8,0x0000000083880000)
 Metaspace       used 25551K, capacity 25944K, committed 26112K, reserved 1071104K
  class space    used 3599K, capacity 3736K, committed 3840K, reserved 1048576K
Event: 20.348 GC heap after
Heap after GC invocations=6 (full 1):
 PSYoungGen      total 67072K, used 5105K [0x00000000d5580000, 0x00000000dd400000, 0x0000000100000000)
  eden space 61952K, 0% used [0x00000000d5580000,0x00000000d5580000,0x00000000d9200000)
  from space 5120K, 99% used [0x00000000d9200000,0x00000000d96fc5f0,0x00000000d9700000)
  to   space 10240K, 0% used [0x00000000dca00000,0x00000000dca00000,0x00000000dd400000)
 ParOldGen       total 57856K, used 11626K [0x0000000080000000, 0x0000000083880000, 0x00000000d5580000)
  object space 57856K, 20% used [0x0000000080000000,0x0000000080b5a9b8,0x0000000083880000)
 Metaspace       used 25551K, capacity 25944K, committed 26112K, reserved 1071104K
  class space    used 3599K, capacity 3736K, committed 3840K, reserved 1048576K
}
Event: 25.771 GC heap before
{Heap before GC invocations=7 (full 1):
 PSYoungGen      total 67072K, used 67057K [0x00000000d5580000, 0x00000000dd400000, 0x0000000100000000)
  eden space 61952K, 100% used [0x00000000d5580000,0x00000000d9200000,0x00000000d9200000)
  from space 5120K, 99% used [0x00000000d9200000,0x00000000d96fc5f0,0x00000000d9700000)
  to   space 10240K, 0% used [0x00000000dca00000,0x00000000dca00000,0x00000000dd400000)
 ParOldGen       total 57856K, used 11626K [0x0000000080000000, 0x0000000083880000, 0x00000000d5580000)
  object space 57856K, 20% used [0x0000000080000000,0x0000000080b5a9b8,0x0000000083880000)
 Metaspace       used 29005K, capacity 29528K, committed 29824K, reserved 1075200K
  class space    used 4017K, capacity 4162K, committed 4224K, reserved 1048576K
Event: 25.832 GC heap after
Heap after GC invocations=7 (full 1):
 PSYoungGen      total 118272K, used 7053K [0x00000000d5580000, 0x00000000dd300000, 0x0000000100000000)
  eden space 109056K, 0% used [0x00000000d5580000,0x00000000d5580000,0x00000000dc000000)
  from space 9216K, 76% used [0x00000000dca00000,0x00000000dd0e35c0,0x00000000dd300000)
  to   space 9728K, 0% used [0x00000000dc000000,0x00000000dc000000,0x00000000dc980000)
 ParOldGen       total 57856K, used 11634K [0x0000000080000000, 0x0000000083880000, 0x00000000d5580000)
  object space 57856K, 20% used [0x0000000080000000,0x0000000080b5c9b8,0x0000000083880000)
 Metaspace       used 29005K, capacity 29528K, committed 29824K, reserved 1075200K
  class space    used 4017K, capacity 4162K, committed 4224K, reserved 1048576K
}
Event: 33.476 GC heap before
{Heap before GC invocations=8 (full 1):
 PSYoungGen      total 118272K, used 116109K [0x00000000d5580000, 0x00000000dd300000, 0x0000000100000000)
  eden space 109056K, 100% used [0x00000000d5580000,0x00000000dc000000,0x00000000dc000000)
  from space 9216K, 76% used [0x00000000dca00000,0x00000000dd0e35c0,0x00000000dd300000)
  to   space 9728K, 0% used [0x00000000dc000000,0x00000000dc000000,0x00000000dc980000)
 ParOldGen       total 57856K, used 11634K [0x0000000080000000, 0x0000000083880000, 0x00000000d5580000)
  object space 57856K, 20% used [0x0000000080000000,0x0000000080b5c9b8,0x0000000083880000)
 Metaspace       used 33590K, capacity 34032K, committed 34304K, reserved 1079296K
  class space    used 4653K, capacity 4783K, committed 4864K, reserved 1048576K
Event: 33.667 GC heap after
Heap after GC invocations=8 (full 1):
 PSYoungGen      total 118784K, used 9707K [0x00000000d5580000, 0x00000000e2280000, 0x0000000100000000)
  eden space 109056K, 0% used [0x00000000d5580000,0x00000000d5580000,0x00000000dc000000)
  from space 9728K, 99% used [0x00000000dc000000,0x00000000dc97adb0,0x00000000dc980000)
  to   space 11776K, 0% used [0x00000000e1700000,0x00000000e1700000,0x00000000e2280000)
 ParOldGen       total 57856K, used 13078K [0x0000000080000000, 0x0000000083880000, 0x00000000d5580000)
  object space 57856K, 22% used [0x0000000080000000,0x0000000080cc5af0,0x0000000083880000)
 Metaspace       used 33590K, capacity 34032K, committed 34304K, reserved 1079296K
  class space    used 4653K, capacity 4783K, committed 4864K, reserved 1048576K
}
Event: 34.773 GC heap before
{Heap before GC invocations=9 (full 1):
 PSYoungGen      total 118784K, used 37093K [0x00000000d5580000, 0x00000000e2280000, 0x0000000100000000)
  eden space 109056K, 25% used [0x00000000d5580000,0x00000000d703e870,0x00000000dc000000)
  from space 9728K, 99% used [0x00000000dc000000,0x00000000dc97adb0,0x00000000dc980000)
  to   space 11776K, 0% used [0x00000000e1700000,0x00000000e1700000,0x00000000e2280000)
 ParOldGen       total 57856K, used 13078K [0x0000000080000000, 0x0000000083880000, 0x00000000d5580000)
  object space 57856K, 22% used [0x0000000080000000,0x0000000080cc5af0,0x0000000083880000)
 Metaspace       used 34912K, capacity 35340K, committed 35416K, reserved 1079296K
  class space    used 4865K, capacity 4985K, committed 4992K, reserved 1048576K
Event: 34.805 GC heap after
Heap after GC invocations=9 (full 1):
 PSYoungGen      total 120832K, used 10545K [0x00000000d5580000, 0x00000000e2280000, 0x0000000100000000)
  eden space 109056K, 0% used [0x00000000d5580000,0x00000000d5580000,0x00000000dc000000)
  from space 11776K, 89% used [0x00000000e1700000,0x00000000e214c548,0x00000000e2280000)
  to   space 9728K, 0% used [0x00000000dc000000,0x00000000dc000000,0x00000000dc980000)
 ParOldGen       total 57856K, used 13150K [0x0000000080000000, 0x0000000083880000, 0x00000000d5580000)
  object space 57856K, 22% used [0x0000000080000000,0x0000000080cd7b00,0x0000000083880000)
 Metaspace       used 34912K, capacity 35340K, committed 35416K, reserved 1079296K
  class space    used 4865K, capacity 4985K, committed 4992K, reserved 1048576K
}
Event: 34.805 GC heap before
{Heap before GC invocations=10 (full 2):
 PSYoungGen      total 120832K, used 10545K [0x00000000d5580000, 0x00000000e2280000, 0x0000000100000000)
  eden space 109056K, 0% used [0x00000000d5580000,0x00000000d5580000,0x00000000dc000000)
  from space 11776K, 89% used [0x00000000e1700000,0x00000000e214c548,0x00000000e2280000)
  to   space 9728K, 0% used [0x00000000dc000000,0x00000000dc000000,0x00000000dc980000)
 ParOldGen       total 57856K, used 13150K [0x0000000080000000, 0x0000000083880000, 0x00000000d5580000)
  object space 57856K, 22% used [0x0000000080000000,0x0000000080cd7b00,0x0000000083880000)
 Metaspace       used 34912K, capacity 35340K, committed 35416K, reserved 1079296K
  class space    used 4865K, capacity 4985K, committed 4992K, reserved 1048576K
Event: 34.957 GC heap after
Heap after GC invocations=10 (full 2):
 PSYoungGen      total 120832K, used 0K [0x00000000d5580000, 0x00000000e2280000, 0x0000000100000000)
  eden space 109056K, 0% used [0x00000000d5580000,0x00000000d5580000,0x00000000dc000000)
  from space 11776K, 0% used [0x00000000e1700000,0x00000000e1700000,0x00000000e2280000)
  to   space 9728K, 0% used [0x00000000dc000000,0x00000000dc000000,0x00000000dc980000)
 ParOldGen       total 57856K, used 16939K [0x0000000080000000, 0x0000000083880000, 0x00000000d5580000)
  object space 57856K, 29% used [0x0000000080000000,0x000000008108adb8,0x0000000083880000)
 Metaspace       used 34912K, capacity 35340K, committed 35416K, reserved 1079296K
  class space    used 4865K, capacity 4985K, committed 4992K, reserved 1048576K
}

Deoptimization events (10 events):
Event: 32.707 Thread 0x0000000019718000 Uncommon trap: reason=bimorphic action=maybe_recompile pc=0x0000000003e503dc method=com.google.common.collect.AbstractMapBasedMultimap$WrappedCollection$WrappedIterator.hasNext()Z @ 8
Event: 32.707 Thread 0x0000000019718000 Uncommon trap: reason=bimorphic action=maybe_recompile pc=0x0000000003e503dc method=com.google.common.collect.AbstractMapBasedMultimap$WrappedCollection$WrappedIterator.hasNext()Z @ 8
Event: 32.707 Thread 0x0000000019718000 Uncommon trap: reason=bimorphic action=maybe_recompile pc=0x0000000003e503dc method=com.google.common.collect.AbstractMapBasedMultimap$WrappedCollection$WrappedIterator.hasNext()Z @ 8
Event: 33.727 Thread 0x0000000019718000 Uncommon trap: reason=unstable_if action=reinterpret pc=0x00000000038137c0 method=org.objectweb.asm.Type.getArgumentsAndReturnSizes(Ljava/lang/String;)I @ 47
Event: 34.525 Thread 0x0000000019718000 Uncommon trap: reason=bimorphic action=maybe_recompile pc=0x00000000038beb00 method=java.lang.ClassLoader.getPackage(Ljava/lang/String;)Ljava/lang/Package; @ 47
Event: 34.525 Thread 0x0000000019718000 Uncommon trap: reason=bimorphic action=maybe_recompile pc=0x00000000038beb00 method=java.lang.ClassLoader.getPackage(Ljava/lang/String;)Ljava/lang/Package; @ 47
Event: 34.525 Thread 0x0000000019718000 Uncommon trap: reason=bimorphic action=maybe_recompile pc=0x00000000038beb00 method=java.lang.ClassLoader.getPackage(Ljava/lang/String;)Ljava/lang/Package; @ 47
Event: 34.525 Thread 0x0000000019718000 Uncommon trap: reason=bimorphic action=maybe_recompile pc=0x00000000038beb00 method=java.lang.ClassLoader.getPackage(Ljava/lang/String;)Ljava/lang/Package; @ 47
Event: 34.586 Thread 0x0000000019718000 Uncommon trap: reason=unstable_if action=reinterpret pc=0x0000000003ca54c4 method=groovy.lang.MetaClassImpl$1MOPIter.methodNameAction(Ljava/lang/Class;Lorg/codehaus/groovy/runtime/metaclass/MetaMethodIndex$Entry;)V @ 354
Event: 34.726 Thread 0x0000000019718000 Uncommon trap: reason=class_check action=maybe_recompile pc=0x00000000037891e4 method=java.util.concurrent.ConcurrentHashMap.putVal(Ljava/lang/Object;Ljava/lang/Object;Z)Ljava/lang/Object; @ 192

Internal exceptions (10 events):
Event: 34.599 Thread 0x0000000019718000 Exception <a 'java/lang/ClassNotFoundException': groovy/lang/ReferenceBeanInfo> (0x00000000d69059c8) thrown at [C:\re\workspace\8-2-build-windows-amd64-cygwin\jdk8u121\8372\hotspot\src\share\vm\classfile\systemDictionary.cpp, line 210]
Event: 34.601 Thread 0x0000000019718000 Exception <a 'java/lang/ClassNotFoundException': groovy/lang/ReferenceCustomizer> (0x00000000d6926278) thrown at [C:\re\workspace\8-2-build-windows-amd64-cygwin\jdk8u121\8372\hotspot\src\share\vm\classfile\systemDictionary.cpp, line 210]
Event: 34.632 Thread 0x0000000019718000 Exception <a 'java/lang/ClassNotFoundException': org/codehaus/groovy/runtime/memoize/Memoize$MemoizeFunctionBeanInfo> (0x00000000d6a10eb8) thrown at [C:\re\workspace\8-2-build-windows-amd64-cygwin\jdk8u121\8372\hotspot\src\share\vm\classfile\systemDiction
Event: 34.633 Thread 0x0000000019718000 Exception <a 'java/lang/ClassNotFoundException': org/codehaus/groovy/runtime/memoize/Memoize$MemoizeFunctionCustomizer> (0x00000000d6a48878) thrown at [C:\re\workspace\8-2-build-windows-amd64-cygwin\jdk8u121\8372\hotspot\src\share\vm\classfile\systemDicti
Event: 34.640 Thread 0x0000000019718000 Exception <a 'java/lang/ClassNotFoundException': java/util/ArrayListBeanInfo> (0x00000000d6aa55a8) thrown at [C:\re\workspace\8-2-build-windows-amd64-cygwin\jdk8u121\8372\hotspot\src\share\vm\classfile\systemDictionary.cpp, line 210]
Event: 34.641 Thread 0x0000000019718000 Exception <a 'java/lang/ClassNotFoundException': java/util/AbstractListBeanInfo> (0x00000000d6ab11d8) thrown at [C:\re\workspace\8-2-build-windows-amd64-cygwin\jdk8u121\8372\hotspot\src\share\vm\classfile\systemDictionary.cpp, line 210]
Event: 34.641 Thread 0x0000000019718000 Exception <a 'java/lang/ClassNotFoundException': java/util/AbstractListCustomizer> (0x00000000d6abd500) thrown at [C:\re\workspace\8-2-build-windows-amd64-cygwin\jdk8u121\8372\hotspot\src\share\vm\classfile\systemDictionary.cpp, line 210]
Event: 34.642 Thread 0x0000000019718000 Exception <a 'java/lang/ClassNotFoundException': java/util/ArrayListCustomizer> (0x00000000d6ad5f38) thrown at [C:\re\workspace\8-2-build-windows-amd64-cygwin\jdk8u121\8372\hotspot\src\share\vm\classfile\systemDictionary.cpp, line 210]
Event: 35.056 Thread 0x0000000019718000 Exception <a 'java/lang/ClassNotFoundException': io/spring/gradle/dependencymanagement/internal/dsl/StandardDependencyManagementExtensionBeanInfo> (0x00000000d5a8be18) thrown at [C:\re\workspace\8-2-build-windows-amd64-cygwin\jdk8u121\8372\hotspot\src\sha
Event: 35.057 Thread 0x0000000019718000 Exception <a 'java/lang/ClassNotFoundException': io/spring/gradle/dependencymanagement/internal/dsl/StandardDependencyManagementExtensionCustomizer> (0x00000000d5ab75b8) thrown at [C:\re\workspace\8-2-build-windows-amd64-cygwin\jdk8u121\8372\hotspot\src\s

Events (10 events):
Event: 35.078 loading class io/spring/gradle/dependencymanagement/internal/ExclusionConfiguringAction
Event: 35.078 loading class io/spring/gradle/dependencymanagement/internal/ExclusionConfiguringAction done
Event: 35.080 loading class io/spring/gradle/dependencymanagement/internal/DependencyManagementApplier$2
Event: 35.080 loading class io/spring/gradle/dependencymanagement/internal/DependencyManagementApplier$2 done
Event: 35.084 loading class org/gradle/api/internal/artifacts/ivyservice/dependencysubstitution/DefaultDependencySubstitutions$DependencyResolveDetailsWrapperAction
Event: 35.084 loading class org/gradle/api/internal/artifacts/ivyservice/dependencysubstitution/DefaultDependencySubstitutions$DependencyResolveDetailsWrapperAction done
Event: 35.091 loading class org/gradle/api/tasks/Upload
Event: 35.091 loading class org/gradle/api/tasks/Upload done
Event: 35.091 loading class org/gradle/api/tasks/Upload
Event: 35.091 loading class org/gradle/api/tasks/Upload done


Dynamic libraries:
0x00007ff61dcf0000 - 0x00007ff61dd27000 	C:\Program Files\Java\jdk1.8.0_121\bin\java.exe
0x00007ffa16cb0000 - 0x00007ffa16ea8000 	C:\WINDOWS\SYSTEM32\ntdll.dll
0x00007ffa156e0000 - 0x00007ffa1579f000 	C:\WINDOWS\System32\KERNEL32.DLL
0x00007ffa147b0000 - 0x00007ffa14a82000 	C:\WINDOWS\System32\KERNELBASE.dll
0x00007ffa157c0000 - 0x00007ffa1586e000 	C:\WINDOWS\System32\ADVAPI32.dll
0x00007ffa15b10000 - 0x00007ffa15bae000 	C:\WINDOWS\System32\msvcrt.dll
0x00007ffa15a70000 - 0x00007ffa15b0c000 	C:\WINDOWS\System32\sechost.dll
0x00007ffa15140000 - 0x00007ffa15265000 	C:\WINDOWS\System32\RPCRT4.dll
0x00007ffa158d0000 - 0x00007ffa15a6d000 	C:\WINDOWS\System32\USER32.dll
0x00007ffa14cd0000 - 0x00007ffa14cf2000 	C:\WINDOWS\System32\win32u.dll
0x00007ffa16710000 - 0x00007ffa1673b000 	C:\WINDOWS\System32\GDI32.dll
0x00007ffa144b0000 - 0x00007ffa145bf000 	C:\WINDOWS\System32\gdi32full.dll
0x00007ffa14a90000 - 0x00007ffa14b2d000 	C:\WINDOWS\System32\msvcp_win.dll
0x00007ffa143b0000 - 0x00007ffa144b0000 	C:\WINDOWS\System32\ucrtbase.dll
0x00007ffa03c40000 - 0x00007ffa03eda000 	C:\WINDOWS\WinSxS\amd64_microsoft.windows.common-controls_6595b64144ccf1df_6.0.19041.1110_none_60b5254171f9507e\COMCTL32.dll
0x00007ffa16c20000 - 0x00007ffa16c52000 	C:\WINDOWS\System32\IMM32.DLL
0x0000000076ae0000 - 0x0000000076bb2000 	C:\Program Files\Java\jdk1.8.0_121\jre\bin\msvcr100.dll
0x0000000076240000 - 0x0000000076adb000 	C:\Program Files\Java\jdk1.8.0_121\jre\bin\server\jvm.dll
0x00007ffa14d00000 - 0x00007ffa14d08000 	C:\WINDOWS\System32\PSAPI.DLL
0x00007ffa03120000 - 0x00007ffa03129000 	C:\WINDOWS\SYSTEM32\WSOCK32.dll
0x00007ffa15bb0000 - 0x00007ffa15c1b000 	C:\WINDOWS\System32\WS2_32.dll
0x00007ffa05c00000 - 0x00007ffa05c27000 	C:\WINDOWS\SYSTEM32\WINMM.dll
0x00007ffa02e60000 - 0x00007ffa02e6a000 	C:\WINDOWS\SYSTEM32\VERSION.dll
0x0000000076230000 - 0x000000007623f000 	C:\Program Files\Java\jdk1.8.0_121\jre\bin\verify.dll
0x0000000076200000 - 0x0000000076229000 	C:\Program Files\Java\jdk1.8.0_121\jre\bin\java.dll
0x00000000761e0000 - 0x00000000761f6000 	C:\Program Files\Java\jdk1.8.0_121\jre\bin\zip.dll
0x00007ffa15d80000 - 0x00007ffa164c3000 	C:\WINDOWS\System32\SHELL32.dll
0x00007ffa12060000 - 0x00007ffa127f2000 	C:\WINDOWS\SYSTEM32\windows.storage.dll
0x00007ffa14de0000 - 0x00007ffa15134000 	C:\WINDOWS\System32\combase.dll
0x00007ffa13c50000 - 0x00007ffa13c80000 	C:\WINDOWS\SYSTEM32\Wldp.dll
0x00007ffa16950000 - 0x00007ffa169fd000 	C:\WINDOWS\System32\SHCORE.dll
0x00007ffa16860000 - 0x00007ffa168b5000 	C:\WINDOWS\System32\shlwapi.dll
0x00007ffa142f0000 - 0x00007ffa1430f000 	C:\WINDOWS\SYSTEM32\profapi.dll
0x00000000761c0000 - 0x00000000761da000 	C:\Program Files\Java\jdk1.8.0_121\jre\bin\net.dll
0x00007ffa13a30000 - 0x00007ffa13a9a000 	C:\WINDOWS\system32\mswsock.dll
0x00000000761a0000 - 0x00000000761b1000 	C:\Program Files\Java\jdk1.8.0_121\jre\bin\nio.dll
0x00007ff9f7dd0000 - 0x00007ff9f7dee000 	C:\Users\User\.gradle\native\25\windows-amd64\native-platform.dll
0x00007ffa13c90000 - 0x00007ffa13ca8000 	C:\WINDOWS\SYSTEM32\CRYPTSP.dll
0x00007ffa13370000 - 0x00007ffa133a4000 	C:\WINDOWS\system32\rsaenh.dll
0x00007ffa14ca0000 - 0x00007ffa14cc7000 	C:\WINDOWS\System32\bcrypt.dll
0x00007ffa142b0000 - 0x00007ffa142de000 	C:\WINDOWS\SYSTEM32\USERENV.dll
0x00007ffa14720000 - 0x00007ffa147a2000 	C:\WINDOWS\System32\bcryptprimitives.dll
0x00007ffa13bc0000 - 0x00007ffa13bcc000 	C:\WINDOWS\SYSTEM32\CRYPTBASE.dll
0x00007ffa13740000 - 0x00007ffa1377b000 	C:\WINDOWS\SYSTEM32\IPHLPAPI.DLL
0x00007ffa16c60000 - 0x00007ffa16c68000 	C:\WINDOWS\System32\NSI.dll
0x00007ffa0acb0000 - 0x00007ffa0acc7000 	C:\WINDOWS\SYSTEM32\dhcpcsvc6.DLL
0x00007ffa0abd0000 - 0x00007ffa0abed000 	C:\WINDOWS\SYSTEM32\dhcpcsvc.DLL
0x00007ffa13780000 - 0x00007ffa1384a000 	C:\WINDOWS\SYSTEM32\DNSAPI.dll
0x0000000076190000 - 0x000000007619d000 	C:\Program Files\Java\jdk1.8.0_121\jre\bin\management.dll

VM Arguments:
jvm_args: -XX:MaxPermSize=512m -XX:+HeapDumpOnOutOfMemoryError -Xmx2048m -Dfile.encoding=UTF-8 -Duser.country=IN -Duser.language=en -Duser.variant 
java_command: org.gradle.launcher.daemon.bootstrap.GradleDaemon 3.5
java_class_path (initial): C:\Users\User\.gradle\wrapper\dists\gradle-3.5-all\exhrs6ca08n232b14ue48lbye\gradle-3.5\lib\gradle-launcher-3.5.jar
Launcher Type: SUN_STANDARD

Environment Variables:
JAVA_HOME=C:\Program Files\Java\jdk-15.0.2
PATH=C:\Program Files\Common Files\Oracle\Java\javapath;C:\Python39\Scripts\;C:\Python39\;C:\WINDOWS\system32;C:\WINDOWS;C:\WINDOWS\System32\Wbem;C:\WINDOWS\System32\WindowsPowerShell\v1.0\;C:\WINDOWS\System32\OpenSSH\;C:\Program Files\Git\cmd;C:\Program Files\nodejs\;C:\ProgramData\chocolatey\bin;C:\Program Files\Java\jdk1.8.0_121\bin;C:\hadoop\bin;C:\hadoop\sbin;C:\grails-3.3.6\bin;C:\Program Files\PostgreSQL\14\bin;C:\Program Files\PuTTY\;C:\Program Files\Docker\Docker\resources\bin;C:\ProgramData\DockerDesktop\version-bin;C:\Users\User\AppData\Local\Microsoft\WindowsApps;C:\Users\User\AppData\Roaming\npm;C:\Users\User\AppData\Local\Programs\Microsoft VS Code\bin;C:\Program Files\JetBrains\IntelliJ IDEA 2020.2.4\bin;;
USERNAME=Capulus
OS=Windows_NT
PROCESSOR_IDENTIFIER=Intel64 Family 6 Model 61 Stepping 4, GenuineIntel



---------------  S Y S T E M  ---------------

OS: Windows 10.0 , 64 bit Build 19041 (10.0.19041.2251)

CPU:total 4 (2 cores per cpu, 2 threads per core) family 6 model 61 stepping 4, cmov, cx8, fxsr, mmx, sse, sse2, sse3, ssse3, sse4.1, sse4.2, popcnt, avx, avx2, aes, clmul, erms, rtm, 3dnowpref, lzcnt, ht, tsc, tscinvbit, bmi1, bmi2, adx

Memory: 4k page, physical 8277520k(618424k free), swap 26593948k(2876k free)

vm_info: Java HotSpot(TM) 64-Bit Server VM (25.121-b13) for windows-amd64 JRE (1.8.0_121-b13), built on Dec 12 2016 18:21:36 by "java_re" with MS VC++ 10.0 (VS2010)

time: Mon Nov 21 15:56:33 2022
elapsed time: 35 seconds (0d 0h 0m 35s)

