#
# There is insufficient memory for the Java Runtime Environment to continue.
# Native memory allocation (malloc) failed to allocate 270416 bytes for Chunk::new
# Possible reasons:
#   The system is out of physical RAM or swap space
#   In 32 bit mode, the process size limit was hit
# Possible solutions:
#   Reduce memory load on the system
#   Increase physical memory or swap space
#   Check if swap backing store is full
#   Use 64 bit Java on a 64 bit OS
#   Decrease Java heap size (-Xmx/-Xms)
#   Decrease number of Java threads
#   Decrease Java thread stack sizes (-Xss)
#   Set larger code cache with -XX:ReservedCodeCacheSize=
# This output file may be truncated or incomplete.
#
#  Out of Memory Error (allocation.cpp:390), pid=11780, tid=0x0000000000003ba0
#
# JRE version: Java(TM) SE Runtime Environment (8.0_121-b13) (build 1.8.0_121-b13)
# Java VM: Java HotSpot(TM) 64-Bit Server VM (25.121-b13 mixed mode windows-amd64 compressed oops)
# Failed to write core dump. Minidumps are not enabled by default on client versions of Windows
#

---------------  T H R E A D  ---------------

Current thread (0x0000000016fca000):  JavaThread "C2 CompilerThread1" daemon [_thread_in_native, id=15264, stack(0x0000000018c40000,0x0000000018d40000)]

Stack: [0x0000000018c40000,0x0000000018d40000]
[error occurred during error reporting (printing stack bounds), id 0xc0000005]

Native frames: (J=compiled Java code, j=interpreted, Vv=VM code, C=native code)


Current CompileTask:
C2:   1475  771       4       java.io.WinNTFileSystem::normalize (143 bytes)


---------------  P R O C E S S  ---------------

Java Threads: ( => current thread )
  0x0000000019c13000 JavaThread "/127.0.0.1:57126 to /127.0.0.1:57125 workers Thread 3" [_thread_in_native, id=13444, stack(0x000000001b150000,0x000000001b250000)]
  0x0000000019c12000 JavaThread "/127.0.0.1:57126 to /127.0.0.1:57125 workers Thread 2" [_thread_blocked, id=12348, stack(0x000000001b050000,0x000000001b150000)]
  0x0000000019c0a000 JavaThread "/127.0.0.1:57126 to /127.0.0.1:57125 workers" [_thread_in_vm, id=16240, stack(0x000000001aa10000,0x000000001ab10000)]
  0x0000000019bd5800 JavaThread "Memory manager" [_thread_blocked, id=15804, stack(0x000000001a910000,0x000000001aa10000)]
  0x0000000016ffe800 JavaThread "Service Thread" daemon [_thread_blocked, id=4144, stack(0x0000000018e40000,0x0000000018f40000)]
  0x0000000016fdc800 JavaThread "C1 CompilerThread2" daemon [_thread_blocked, id=17160, stack(0x0000000018d40000,0x0000000018e40000)]
=>0x0000000016fca000 JavaThread "C2 CompilerThread1" daemon [_thread_in_native, id=15264, stack(0x0000000018c40000,0x0000000018d40000)]
  0x0000000016fc8000 JavaThread "C2 CompilerThread0" daemon [_thread_blocked, id=3980, stack(0x0000000018b40000,0x0000000018c40000)]
  0x0000000018443000 JavaThread "Attach Listener" daemon [_thread_blocked, id=17380, stack(0x0000000018a40000,0x0000000018b40000)]
  0x0000000018442800 JavaThread "Signal Dispatcher" daemon [_thread_blocked, id=9304, stack(0x0000000018940000,0x0000000018a40000)]
  0x0000000016f89800 JavaThread "Finalizer" daemon [_thread_blocked, id=17132, stack(0x0000000018200000,0x0000000018300000)]
  0x0000000002451000 JavaThread "Reference Handler" daemon [_thread_blocked, id=7148, stack(0x0000000018100000,0x0000000018200000)]
  0x0000000002361000 JavaThread "main" [_thread_blocked, id=16336, stack(0x0000000002260000,0x0000000002360000)]

Other Threads:
  0x0000000016f67800 VMThread [stack: 0x0000000018000000,0x0000000018100000] [id=17360]
  0x00000000184b4000 WatcherThread [stack: 0x0000000018f40000,0x0000000019040000] [id=10900]

VM state:not at safepoint (normal execution)

VM Mutex/Monitor currently owned by a thread: None

Heap:
 PSYoungGen      total 38400K, used 19852K [0x00000000d5e00000, 0x00000000d8880000, 0x0000000100000000)
  eden space 33280K, 48% used [0x00000000d5e00000,0x00000000d6dc28b8,0x00000000d7e80000)
  from space 5120K, 72% used [0x00000000d7e80000,0x00000000d8220a40,0x00000000d8380000)
  to   space 5120K, 0% used [0x00000000d8380000,0x00000000d8380000,0x00000000d8880000)
 ParOldGen       total 87552K, used 8K [0x0000000081a00000, 0x0000000086f80000, 0x00000000d5e00000)
  object space 87552K, 0% used [0x0000000081a00000,0x0000000081a02000,0x0000000086f80000)
 Metaspace       used 9800K, capacity 10138K, committed 10368K, reserved 1058816K
  class space    used 1243K, capacity 1349K, committed 1408K, reserved 1048576K

Card table byte_map: [0x0000000011820000,0x0000000011c20000] byte_map_base: 0x0000000011413000

Marking Bits: (ParMarkBitMap*) 0x000000005bf8b6d0
 Begin Bits: [0x00000000122d0000, 0x0000000014268000)
 End Bits:   [0x0000000014268000, 0x0000000016200000)

Polling page: 0x0000000000550000

CodeCache: size=245760Kb used=3166Kb max_used=3166Kb free=242593Kb
 bounds [0x0000000002460000, 0x0000000002780000, 0x0000000011460000]
 total_blobs=1163 nmethods=814 adapters=262
 compilation: enabled

Compilation events (10 events):
Event: 1.463 Thread 0x0000000016fdc800 nmethod 812 0x000000000276d050 code [0x000000000276d240, 0x000000000276db98]
Event: 1.463 Thread 0x0000000016fdc800  813   !   3       java.io.ObjectInputStream::filterCheck (267 bytes)
Event: 1.464 Thread 0x0000000016fc8000 nmethod 803 0x000000000276cb50 code [0x000000000276cca0, 0x000000000276ce98]
Event: 1.464 Thread 0x0000000016fc8000  796       4       java.lang.StringBuilder::<init> (7 bytes)
Event: 1.465 Thread 0x0000000016fc8000 nmethod 796 0x000000000276c850 code [0x000000000276c9a0, 0x000000000276ca98]
Event: 1.467 Thread 0x0000000016fdc800 nmethod 813 0x00000000027766d0 code [0x0000000002776ba0, 0x0000000002779c98]
Event: 1.471 Thread 0x0000000016fdc800  814       3       java.util.Properties::getProperty (46 bytes)
Event: 1.472 Thread 0x0000000016fdc800 nmethod 814 0x000000000276c090 code [0x000000000276c220, 0x000000000276c738]
Event: 1.472 Thread 0x0000000016fdc800  815       3       java.nio.charset.Charset::atBugLevel (44 bytes)
Event: 1.472 Thread 0x0000000016fdc800 nmethod 815 0x0000000002775dd0 code [0x0000000002775f80, 0x0000000002776518]

GC Heap History (2 events):
Event: 0.836 GC heap before
{Heap before GC invocations=1 (full 0):
 PSYoungGen      total 38400K, used 33280K [0x00000000d5e00000, 0x00000000d8880000, 0x0000000100000000)
  eden space 33280K, 100% used [0x00000000d5e00000,0x00000000d7e80000,0x00000000d7e80000)
  from space 5120K, 0% used [0x00000000d8380000,0x00000000d8380000,0x00000000d8880000)
  to   space 5120K, 0% used [0x00000000d7e80000,0x00000000d7e80000,0x00000000d8380000)
 ParOldGen       total 87552K, used 0K [0x0000000081a00000, 0x0000000086f80000, 0x00000000d5e00000)
  object space 87552K, 0% used [0x0000000081a00000,0x0000000081a00000,0x0000000086f80000)
 Metaspace       used 8111K, capacity 8362K, committed 8576K, reserved 1056768K
  class space    used 1014K, capacity 1127K, committed 1152K, reserved 1048576K
Event: 0.842 GC heap after
Heap after GC invocations=1 (full 0):
 PSYoungGen      total 38400K, used 3714K [0x00000000d5e00000, 0x00000000d8880000, 0x0000000100000000)
  eden space 33280K, 0% used [0x00000000d5e00000,0x00000000d5e00000,0x00000000d7e80000)
  from space 5120K, 72% used [0x00000000d7e80000,0x00000000d8220a40,0x00000000d8380000)
  to   space 5120K, 0% used [0x00000000d8380000,0x00000000d8380000,0x00000000d8880000)
 ParOldGen       total 87552K, used 8K [0x0000000081a00000, 0x0000000086f80000, 0x00000000d5e00000)
  object space 87552K, 0% used [0x0000000081a00000,0x0000000081a02000,0x0000000086f80000)
 Metaspace       used 8111K, capacity 8362K, committed 8576K, reserved 1056768K
  class space    used 1014K, capacity 1127K, committed 1152K, reserved 1048576K
}

Deoptimization events (3 events):
Event: 0.712 Thread 0x0000000002361000 Uncommon trap: reason=null_check action=make_not_entrant pc=0x000000000263dff8 method=java.lang.String.equals(Ljava/lang/Object;)Z @ 8
Event: 0.819 Thread 0x0000000002361000 Uncommon trap: reason=unstable_if action=reinterpret pc=0x00000000026e5084 method=java.util.HashMap.getNode(ILjava/lang/Object;)Ljava/util/HashMap$Node; @ 129
Event: 1.278 Thread 0x0000000002361000 Uncommon trap: reason=unstable_if action=reinterpret pc=0x00000000025ebec0 method=java.io.WinNTFileSystem.normalize(Ljava/lang/String;II)Ljava/lang/String; @ 8

Internal exceptions (10 events):
Event: 1.360 Thread 0x0000000019c13000 Exception <a 'java/lang/NoSuchMethodError': <clinit>> (0x00000000d6a114a8) thrown at [C:\re\workspace\8-2-build-windows-amd64-cygwin\jdk8u121\8372\hotspot\src\share\vm\prims\jni.cpp, line 1613]
Event: 1.362 Thread 0x0000000019c13000 Exception <a 'java/lang/NoSuchMethodError': <clinit>> (0x00000000d6a2cb28) thrown at [C:\re\workspace\8-2-build-windows-amd64-cygwin\jdk8u121\8372\hotspot\src\share\vm\prims\jni.cpp, line 1613]
Event: 1.363 Thread 0x0000000019c13000 Exception <a 'java/lang/NoSuchMethodError': <clinit>> (0x00000000d6a46b90) thrown at [C:\re\workspace\8-2-build-windows-amd64-cygwin\jdk8u121\8372\hotspot\src\share\vm\prims\jni.cpp, line 1613]
Event: 1.364 Thread 0x0000000019c13000 Exception <a 'java/lang/NoSuchMethodError': <clinit>> (0x00000000d6a61828) thrown at [C:\re\workspace\8-2-build-windows-amd64-cygwin\jdk8u121\8372\hotspot\src\share\vm\prims\jni.cpp, line 1613]
Event: 1.369 Thread 0x0000000019c13000 Exception <a 'java/lang/NoSuchMethodError': <clinit>> (0x00000000d6abdd10) thrown at [C:\re\workspace\8-2-build-windows-amd64-cygwin\jdk8u121\8372\hotspot\src\share\vm\prims\jni.cpp, line 1613]
Event: 1.371 Thread 0x0000000019c13000 Exception <a 'java/lang/NoSuchMethodError': <clinit>> (0x00000000d6aeb678) thrown at [C:\re\workspace\8-2-build-windows-amd64-cygwin\jdk8u121\8372\hotspot\src\share\vm\prims\jni.cpp, line 1613]
Event: 1.373 Thread 0x0000000019c13000 Exception <a 'java/lang/NoSuchMethodError': <clinit>> (0x00000000d6b08f40) thrown at [C:\re\workspace\8-2-build-windows-amd64-cygwin\jdk8u121\8372\hotspot\src\share\vm\prims\jni.cpp, line 1613]
Event: 1.410 Thread 0x0000000019c13000 Exception <a 'java/lang/NoSuchMethodError': <clinit>> (0x00000000d6c3eae8) thrown at [C:\re\workspace\8-2-build-windows-amd64-cygwin\jdk8u121\8372\hotspot\src\share\vm\prims\jni.cpp, line 1613]
Event: 1.413 Thread 0x0000000019c13000 Exception <a 'java/lang/NoSuchMethodError': <clinit>> (0x00000000d6c49b58) thrown at [C:\re\workspace\8-2-build-windows-amd64-cygwin\jdk8u121\8372\hotspot\src\share\vm\prims\jni.cpp, line 1613]
Event: 1.416 Thread 0x0000000019c13000 Exception <a 'java/lang/NoSuchMethodError': <clinit>> (0x00000000d6c64068) thrown at [C:\re\workspace\8-2-build-windows-amd64-cygwin\jdk8u121\8372\hotspot\src\share\vm\prims\jni.cpp, line 1613]

Events (10 events):
Event: 1.470 loading class org/codehaus/groovy/control/io/NullWriter
Event: 1.470 loading class org/codehaus/groovy/control/io/NullWriter done
Event: 1.471 loading class java/io/PrintWriter
Event: 1.471 loading class java/io/PrintWriter done
Event: 1.472 loading class groovy/lang/GroovySystem
Event: 1.472 loading class groovy/lang/GroovySystem done
Event: 1.472 loading class groovy/lang/MetaClassRegistry
Event: 1.472 loading class groovy/lang/MetaClassRegistry done
Event: 1.472 loading class org/codehaus/groovy/runtime/metaclass/MetaClassRegistryImpl
Event: 1.472 loading class org/codehaus/groovy/runtime/metaclass/MetaClassRegistryImpl done


Dynamic libraries:
0x00007ff69eb00000 - 0x00007ff69eb37000 	C:\Program Files\Java\jdk1.8.0_121\bin\java.exe
0x00007ffa6fed0000 - 0x00007ffa700c8000 	C:\WINDOWS\SYSTEM32\ntdll.dll
0x00007ffa6f0e0000 - 0x00007ffa6f19d000 	C:\WINDOWS\System32\KERNEL32.DLL
0x00007ffa6db50000 - 0x00007ffa6de1e000 	C:\WINDOWS\System32\KERNELBASE.dll
0x00007ffa6e7d0000 - 0x00007ffa6e87e000 	C:\WINDOWS\System32\ADVAPI32.dll
0x00007ffa6eeb0000 - 0x00007ffa6ef4e000 	C:\WINDOWS\System32\msvcrt.dll
0x00007ffa6e000000 - 0x00007ffa6e09c000 	C:\WINDOWS\System32\sechost.dll
0x00007ffa6e880000 - 0x00007ffa6e9a5000 	C:\WINDOWS\System32\RPCRT4.dll
0x00007ffa6ed10000 - 0x00007ffa6eeb0000 	C:\WINDOWS\System32\USER32.dll
0x00007ffa6d5f0000 - 0x00007ffa6d612000 	C:\WINDOWS\System32\win32u.dll
0x00007ffa6f2c0000 - 0x00007ffa6f2ea000 	C:\WINDOWS\System32\GDI32.dll
0x00007ffa6de20000 - 0x00007ffa6df2b000 	C:\WINDOWS\System32\gdi32full.dll
0x00007ffa6d760000 - 0x00007ffa6d7fd000 	C:\WINDOWS\System32\msvcp_win.dll
0x00007ffa6d800000 - 0x00007ffa6d900000 	C:\WINDOWS\System32\ucrtbase.dll
0x00007ffa5cf50000 - 0x00007ffa5d1ea000 	C:\WINDOWS\WinSxS\amd64_microsoft.windows.common-controls_6595b64144ccf1df_6.0.19041.1110_none_60b5254171f9507e\COMCTL32.dll
0x00007ffa6f1a0000 - 0x00007ffa6f1d0000 	C:\WINDOWS\System32\IMM32.DLL
0x000000005c010000 - 0x000000005c0e2000 	C:\Program Files\Java\jdk1.8.0_121\jre\bin\msvcr100.dll
0x000000005b770000 - 0x000000005c00b000 	C:\Program Files\Java\jdk1.8.0_121\jre\bin\server\jvm.dll
0x00007ffa6f580000 - 0x00007ffa6f588000 	C:\WINDOWS\System32\PSAPI.DLL
0x00007ffa5b570000 - 0x00007ffa5b579000 	C:\WINDOWS\SYSTEM32\WSOCK32.dll
0x00007ffa5e1a0000 - 0x00007ffa5e1aa000 	C:\WINDOWS\SYSTEM32\VERSION.dll
0x00007ffa5d240000 - 0x00007ffa5d267000 	C:\WINDOWS\SYSTEM32\WINMM.dll
0x00007ffa6f350000 - 0x00007ffa6f3bb000 	C:\WINDOWS\System32\WS2_32.dll
0x000000005b760000 - 0x000000005b76f000 	C:\Program Files\Java\jdk1.8.0_121\jre\bin\verify.dll
0x000000005b730000 - 0x000000005b759000 	C:\Program Files\Java\jdk1.8.0_121\jre\bin\java.dll
0x000000005b710000 - 0x000000005b726000 	C:\Program Files\Java\jdk1.8.0_121\jre\bin\zip.dll
0x00007ffa6f6c0000 - 0x00007ffa6fe04000 	C:\WINDOWS\System32\SHELL32.dll
0x00007ffa6b2e0000 - 0x00007ffa6ba74000 	C:\WINDOWS\SYSTEM32\windows.storage.dll
0x00007ffa6e9b0000 - 0x00007ffa6ed04000 	C:\WINDOWS\System32\combase.dll
0x00007ffa6cea0000 - 0x00007ffa6ced0000 	C:\WINDOWS\SYSTEM32\Wldp.dll
0x00007ffa6e6c0000 - 0x00007ffa6e76d000 	C:\WINDOWS\System32\SHCORE.dll
0x00007ffa6e770000 - 0x00007ffa6e7c5000 	C:\WINDOWS\System32\shlwapi.dll
0x00007ffa6d530000 - 0x00007ffa6d54f000 	C:\WINDOWS\SYSTEM32\profapi.dll
0x000000005b6f0000 - 0x000000005b70a000 	C:\Program Files\Java\jdk1.8.0_121\jre\bin\net.dll
0x00007ffa6cc80000 - 0x00007ffa6ccea000 	C:\WINDOWS\system32\mswsock.dll
0x000000005b6d0000 - 0x000000005b6e1000 	C:\Program Files\Java\jdk1.8.0_121\jre\bin\nio.dll
0x00007ffa46150000 - 0x00007ffa4616e000 	C:\Users\User\.gradle\native\25\windows-amd64\native-platform.dll
0x00007ffa6cee0000 - 0x00007ffa6cef8000 	C:\WINDOWS\SYSTEM32\CRYPTSP.dll
0x00007ffa6c620000 - 0x00007ffa6c654000 	C:\WINDOWS\system32\rsaenh.dll
0x00007ffa6dab0000 - 0x00007ffa6dad7000 	C:\WINDOWS\System32\bcrypt.dll
0x00007ffa6d4b0000 - 0x00007ffa6d4de000 	C:\WINDOWS\SYSTEM32\USERENV.dll
0x00007ffa6d620000 - 0x00007ffa6d6a2000 	C:\WINDOWS\System32\bcryptprimitives.dll
0x00007ffa6ce10000 - 0x00007ffa6ce1c000 	C:\WINDOWS\SYSTEM32\CRYPTBASE.dll
0x00007ffa6c990000 - 0x00007ffa6c9cb000 	C:\WINDOWS\SYSTEM32\IPHLPAPI.DLL
0x00007ffa6f2b0000 - 0x00007ffa6f2b8000 	C:\WINDOWS\System32\NSI.dll
0x00007ffa61c90000 - 0x00007ffa61ca7000 	C:\WINDOWS\SYSTEM32\dhcpcsvc6.DLL
0x00007ffa62fc0000 - 0x00007ffa62fdd000 	C:\WINDOWS\SYSTEM32\dhcpcsvc.DLL
0x00007ffa6c9d0000 - 0x00007ffa6ca9b000 	C:\WINDOWS\SYSTEM32\DNSAPI.dll

VM Arguments:
jvm_args: -Djava.security.manager=worker.org.gradle.process.internal.worker.child.BootstrapSecurityManager -Dfile.encoding=UTF-8 -Duser.country=IN -Duser.language=en -Duser.variant 
java_command: worker.org.gradle.process.internal.worker.GradleWorkerMain 'Gradle Worker Daemon 1'
java_class_path (initial): C:\Users\User\.gradle\caches\3.5\workerMain\gradle-worker.jar
Launcher Type: SUN_STANDARD

Environment Variables:
JAVA_HOME=C:\Program Files\Java\jdk1.8.0_121
PATH=C:\Program Files\Common Files\Oracle\Java\javapath;C:\Python39\Scripts\;C:\Python39\;C:\WINDOWS\system32;C:\WINDOWS;C:\WINDOWS\System32\Wbem;C:\WINDOWS\System32\WindowsPowerShell\v1.0\;C:\WINDOWS\System32\OpenSSH\;C:\Program Files\Git\cmd;C:\Program Files\nodejs\;C:\ProgramData\chocolatey\bin;C:\Program Files\Java\jdk1.8.0_121\bin;C:\hadoop\bin;C:\hadoop\sbin;C:\grails-3.3.6\bin;C:\Program Files\PostgreSQL\14\bin;C:\Program Files\PuTTY\;C:\Program Files\Docker\Docker\resources\bin;C:\ProgramData\DockerDesktop\version-bin;C:\Users\User\AppData\Local\Microsoft\WindowsApps;C:\Users\User\AppData\Roaming\npm;C:\Users\User\AppData\Local\Programs\Microsoft VS Code\bin;C:\Program Files\JetBrains\IntelliJ IDEA 2020.2.4\bin;;
USERNAME=Capulus
OS=Windows_NT
PROCESSOR_IDENTIFIER=Intel64 Family 6 Model 61 Stepping 4, GenuineIntel



---------------  S Y S T E M  ---------------

OS: Windows 10.0 , 64 bit Build 19041 (10.0.19041.1806)

CPU:total 4 (2 cores per cpu, 2 threads per core) family 6 model 61 stepping 4, cmov, cx8, fxsr, mmx, sse, sse2, sse3, ssse3, sse4.1, sse4.2, popcnt, avx, avx2, aes, clmul, erms, rtm, 3dnowpref, lzcnt, ht, tsc, tscinvbit, bmi1, bmi2, adx

Memory: 4k page, physical 8277520k(401960k free), swap 26593948k(4228k free)

vm_info: Java HotSpot(TM) 64-Bit Server VM (25.121-b13) for windows-amd64 JRE (1.8.0_121-b13), built on Dec 12 2016 18:21:36 by "java_re" with MS VC++ 10.0 (VS2010)

time: Thu Jul 21 18:41:51 2022
elapsed time: 1 seconds (0d 0h 0m 1s)

