#
# There is insufficient memory for the Java Runtime Environment to continue.
# Native memory allocation (malloc) failed to allocate 1047376 bytes for Chunk::new
# Possible reasons:
#   The system is out of physical RAM or swap space
#   In 32 bit mode, the process size limit was hit
# Possible solutions:
#   Reduce memory load on the system
#   Increase physical memory or swap space
#   Check if swap backing store is full
#   Use 64 bit Java on a 64 bit OS
#   Decrease Java heap size (-Xmx/-Xms)
#   Decrease number of Java threads
#   Decrease Java thread stack sizes (-Xss)
#   Set larger code cache with -XX:ReservedCodeCacheSize=
# This output file may be truncated or incomplete.
#
#  Out of Memory Error (allocation.cpp:390), pid=10844, tid=0x00000000000017d4
#
# JRE version: Java(TM) SE Runtime Environment (8.0_121-b13) (build 1.8.0_121-b13)
# Java VM: Java HotSpot(TM) 64-Bit Server VM (25.121-b13 mixed mode windows-amd64 compressed oops)
# Failed to write core dump. Minidumps are not enabled by default on client versions of Windows
#

---------------  T H R E A D  ---------------

Current thread (0x00000000171a8000):  JavaThread "C2 CompilerThread0" daemon [_thread_in_native, id=6100, stack(0x0000000018d30000,0x0000000018e30000)]

Stack: [0x0000000018d30000,0x0000000018e30000]
[error occurred during error reporting (printing stack bounds), id 0xc0000005]

Native frames: (J=compiled Java code, j=interpreted, Vv=VM code, C=native code)


Current CompileTask:
C2:   3283 1551   !   4       org.codehaus.groovy.antlr.parser.GroovyLexer::nextToken (2683 bytes)


---------------  P R O C E S S  ---------------

Java Threads: ( => current thread )
  0x0000000019d5b000 JavaThread "/127.0.0.1:61713 to /127.0.0.1:61710 workers Thread 3" [_thread_in_native, id=8532, stack(0x000000001b340000,0x000000001b440000)]
  0x0000000019d51000 JavaThread "/127.0.0.1:61713 to /127.0.0.1:61710 workers Thread 2" [_thread_blocked, id=9560, stack(0x000000001b240000,0x000000001b340000)]
  0x0000000019d38800 JavaThread "/127.0.0.1:61713 to /127.0.0.1:61710 workers" [_thread_in_vm, id=10600, stack(0x000000001ac00000,0x000000001ad00000)]
  0x0000000019d12800 JavaThread "Memory manager" [_thread_blocked, id=1736, stack(0x000000001ab00000,0x000000001ac00000)]
  0x000000001869d000 JavaThread "Service Thread" daemon [_thread_blocked, id=13500, stack(0x0000000019030000,0x0000000019130000)]
  0x00000000171ba800 JavaThread "C1 CompilerThread2" daemon [_thread_in_vm, id=16220, stack(0x0000000018f30000,0x0000000019030000)]
  0x00000000171ad800 JavaThread "C2 CompilerThread1" daemon [_thread_in_native, id=15344, stack(0x0000000018e30000,0x0000000018f30000)]
=>0x00000000171a8000 JavaThread "C2 CompilerThread0" daemon [_thread_in_native, id=6100, stack(0x0000000018d30000,0x0000000018e30000)]
  0x0000000018633800 JavaThread "Attach Listener" daemon [_thread_blocked, id=10320, stack(0x0000000018c30000,0x0000000018d30000)]
  0x0000000018632800 JavaThread "Signal Dispatcher" daemon [_thread_blocked, id=9612, stack(0x0000000018b30000,0x0000000018c30000)]
  0x0000000017169800 JavaThread "Finalizer" daemon [_thread_blocked, id=2532, stack(0x00000000183f0000,0x00000000184f0000)]
  0x0000000002631000 JavaThread "Reference Handler" daemon [_thread_blocked, id=10008, stack(0x00000000182f0000,0x00000000183f0000)]
  0x0000000002541000 JavaThread "main" [_thread_blocked, id=14448, stack(0x0000000002440000,0x0000000002540000)]

Other Threads:
  0x0000000017147800 VMThread [stack: 0x00000000181f0000,0x00000000182f0000] [id=5524]
  0x00000000186a2800 WatcherThread [stack: 0x0000000019130000,0x0000000019230000] [id=2388]

VM state:not at safepoint (normal execution)

VM Mutex/Monitor currently owned by a thread: None

Heap:
 PSYoungGen      total 38400K, used 28401K [0x00000000d5e00000, 0x00000000da900000, 0x0000000100000000)
  eden space 33280K, 70% used [0x00000000d5e00000,0x00000000d74c35c0,0x00000000d7e80000)
  from space 5120K, 99% used [0x00000000d7e80000,0x00000000d83790c0,0x00000000d8380000)
  to   space 5120K, 0% used [0x00000000da400000,0x00000000da400000,0x00000000da900000)
 ParOldGen       total 87552K, used 5507K [0x0000000081a00000, 0x0000000086f80000, 0x00000000d5e00000)
  object space 87552K, 6% used [0x0000000081a00000,0x0000000081f60ca0,0x0000000086f80000)
 Metaspace       used 17388K, capacity 17830K, committed 18048K, reserved 1064960K
  class space    used 2001K, capacity 2167K, committed 2176K, reserved 1048576K

Card table byte_map: [0x0000000011a00000,0x0000000011e00000] byte_map_base: 0x00000000115f3000

Marking Bits: (ParMarkBitMap*) 0x000000006e70b6d0
 Begin Bits: [0x00000000124b0000, 0x0000000014448000)
 End Bits:   [0x0000000014448000, 0x00000000163e0000)

Polling page: 0x00000000005d0000

CodeCache: size=245760Kb used=8079Kb max_used=8079Kb free=237680Kb
 bounds [0x0000000002640000, 0x0000000002e30000, 0x0000000011640000]
 total_blobs=2228 nmethods=1846 adapters=294
 compilation: enabled

Compilation events (10 events):
Event: 3.273 Thread 0x00000000171ba800 nmethod 1844 0x0000000002e17650 code [0x0000000002e177c0, 0x0000000002e17b50]
Event: 3.273 Thread 0x00000000171ba800 1845       3       java.util.LinkedHashMap$LinkedKeySet::iterator (12 bytes)
Event: 3.273 Thread 0x00000000171ba800 nmethod 1845 0x0000000002e17cd0 code [0x0000000002e17e40, 0x0000000002e18150]
Event: 3.273 Thread 0x00000000171ba800 1846       3       java.util.LinkedHashMap$LinkedKeyIterator::<init> (11 bytes)
Event: 3.273 Thread 0x00000000171ba800 nmethod 1846 0x0000000002e182d0 code [0x0000000002e18440, 0x0000000002e186b0]
Event: 3.273 Thread 0x00000000171ba800 1847       1       java.lang.reflect.Proxy$Key1::hashCode (5 bytes)
Event: 3.273 Thread 0x00000000171ba800 nmethod 1847 0x0000000002e187d0 code [0x0000000002e18920, 0x0000000002e18a30]
Event: 3.274 Thread 0x00000000171ba800 1848       3       sun.reflect.generics.parser.SignatureParser::parsePackageNameAndSimpleClassTypeSignature (139 bytes)
Event: 3.276 Thread 0x00000000171ba800 nmethod 1848 0x0000000002e18a90 code [0x0000000002e18de0, 0x0000000002e1a7a8]
Event: 3.276 Thread 0x00000000171ba800 1849       3       org.codehaus.groovy.control.ResolveVisitor::resolveAliasFromModule (318 bytes)

GC Heap History (6 events):
Event: 1.181 GC heap before
{Heap before GC invocations=1 (full 0):
 PSYoungGen      total 38400K, used 33280K [0x00000000d5e00000, 0x00000000d8880000, 0x0000000100000000)
  eden space 33280K, 100% used [0x00000000d5e00000,0x00000000d7e80000,0x00000000d7e80000)
  from space 5120K, 0% used [0x00000000d8380000,0x00000000d8380000,0x00000000d8880000)
  to   space 5120K, 0% used [0x00000000d7e80000,0x00000000d7e80000,0x00000000d8380000)
 ParOldGen       total 87552K, used 0K [0x0000000081a00000, 0x0000000086f80000, 0x00000000d5e00000)
  object space 87552K, 0% used [0x0000000081a00000,0x0000000081a00000,0x0000000086f80000)
 Metaspace       used 8142K, capacity 8366K, committed 8576K, reserved 1056768K
  class space    used 1015K, capacity 1127K, committed 1152K, reserved 1048576K
Event: 1.188 GC heap after
Heap after GC invocations=1 (full 0):
 PSYoungGen      total 38400K, used 3778K [0x00000000d5e00000, 0x00000000d8880000, 0x0000000100000000)
  eden space 33280K, 0% used [0x00000000d5e00000,0x00000000d5e00000,0x00000000d7e80000)
  from space 5120K, 73% used [0x00000000d7e80000,0x00000000d8230a40,0x00000000d8380000)
  to   space 5120K, 0% used [0x00000000d8380000,0x00000000d8380000,0x00000000d8880000)
 ParOldGen       total 87552K, used 8K [0x0000000081a00000, 0x0000000086f80000, 0x00000000d5e00000)
  object space 87552K, 0% used [0x0000000081a00000,0x0000000081a02000,0x0000000086f80000)
 Metaspace       used 8142K, capacity 8366K, committed 8576K, reserved 1056768K
  class space    used 1015K, capacity 1127K, committed 1152K, reserved 1048576K
}
Event: 2.138 GC heap before
{Heap before GC invocations=2 (full 0):
 PSYoungGen      total 38400K, used 37058K [0x00000000d5e00000, 0x00000000d8880000, 0x0000000100000000)
  eden space 33280K, 100% used [0x00000000d5e00000,0x00000000d7e80000,0x00000000d7e80000)
  from space 5120K, 73% used [0x00000000d7e80000,0x00000000d8230a40,0x00000000d8380000)
  to   space 5120K, 0% used [0x00000000d8380000,0x00000000d8380000,0x00000000d8880000)
 ParOldGen       total 87552K, used 8K [0x0000000081a00000, 0x0000000086f80000, 0x00000000d5e00000)
  object space 87552K, 0% used [0x0000000081a00000,0x0000000081a02000,0x0000000086f80000)
 Metaspace       used 13391K, capacity 13742K, committed 13824K, reserved 1060864K
  class space    used 1629K, capacity 1741K, committed 1792K, reserved 1048576K
Event: 2.146 GC heap after
Heap after GC invocations=2 (full 0):
 PSYoungGen      total 38400K, used 5119K [0x00000000d5e00000, 0x00000000d8880000, 0x0000000100000000)
  eden space 33280K, 0% used [0x00000000d5e00000,0x00000000d5e00000,0x00000000d7e80000)
  from space 5120K, 99% used [0x00000000d8380000,0x00000000d887ff68,0x00000000d8880000)
  to   space 5120K, 0% used [0x00000000d7e80000,0x00000000d7e80000,0x00000000d8380000)
 ParOldGen       total 87552K, used 2040K [0x0000000081a00000, 0x0000000086f80000, 0x00000000d5e00000)
  object space 87552K, 2% used [0x0000000081a00000,0x0000000081bfe348,0x0000000086f80000)
 Metaspace       used 13391K, capacity 13742K, committed 13824K, reserved 1060864K
  class space    used 1629K, capacity 1741K, committed 1792K, reserved 1048576K
}
Event: 2.694 GC heap before
{Heap before GC invocations=3 (full 0):
 PSYoungGen      total 38400K, used 38399K [0x00000000d5e00000, 0x00000000d8880000, 0x0000000100000000)
  eden space 33280K, 100% used [0x00000000d5e00000,0x00000000d7e80000,0x00000000d7e80000)
  from space 5120K, 99% used [0x00000000d8380000,0x00000000d887ff68,0x00000000d8880000)
  to   space 5120K, 0% used [0x00000000d7e80000,0x00000000d7e80000,0x00000000d8380000)
 ParOldGen       total 87552K, used 2040K [0x0000000081a00000, 0x0000000086f80000, 0x00000000d5e00000)
  object space 87552K, 2% used [0x0000000081a00000,0x0000000081bfe348,0x0000000086f80000)
 Metaspace       used 16321K, capacity 16736K, committed 17024K, reserved 1064960K
  class space    used 1948K, capacity 2102K, committed 2176K, reserved 1048576K
Event: 2.708 GC heap after
Heap after GC invocations=3 (full 0):
 PSYoungGen      total 38400K, used 5092K [0x00000000d5e00000, 0x00000000da900000, 0x0000000100000000)
  eden space 33280K, 0% used [0x00000000d5e00000,0x00000000d5e00000,0x00000000d7e80000)
  from space 5120K, 99% used [0x00000000d7e80000,0x00000000d83790c0,0x00000000d8380000)
  to   space 5120K, 0% used [0x00000000da400000,0x00000000da400000,0x00000000da900000)
 ParOldGen       total 87552K, used 5507K [0x0000000081a00000, 0x0000000086f80000, 0x00000000d5e00000)
  object space 87552K, 6% used [0x0000000081a00000,0x0000000081f60ca0,0x0000000086f80000)
 Metaspace       used 16321K, capacity 16736K, committed 17024K, reserved 1064960K
  class space    used 1948K, capacity 2102K, committed 2176K, reserved 1048576K
}

Deoptimization events (10 events):
Event: 2.282 Thread 0x0000000019d38800 Uncommon trap: reason=class_check action=maybe_recompile pc=0x00000000028f95b0 method=sun.misc.URLClassPath.getResource(Ljava/lang/String;Z)Lsun/misc/Resource; @ 62
Event: 2.308 Thread 0x0000000019d38800 Uncommon trap: reason=class_check action=maybe_recompile pc=0x00000000027dae18 method=sun.misc.URLClassPath.getLoader(I)Lsun/misc/URLClassPath$Loader; @ 239
Event: 2.308 Thread 0x0000000019d38800 Uncommon trap: reason=class_check action=maybe_recompile pc=0x00000000028f95b0 method=sun.misc.URLClassPath.getResource(Ljava/lang/String;Z)Lsun/misc/Resource; @ 62
Event: 2.309 Thread 0x0000000019d38800 Uncommon trap: reason=class_check action=maybe_recompile pc=0x00000000028f95b0 method=sun.misc.URLClassPath.getResource(Ljava/lang/String;Z)Lsun/misc/Resource; @ 62
Event: 2.331 Thread 0x0000000019d38800 Uncommon trap: reason=unstable_if action=reinterpret pc=0x00000000029ba97c method=java.net.URI.match(CJJ)Z @ 45
Event: 2.668 Thread 0x0000000019d38800 Uncommon trap: reason=predicate action=maybe_recompile pc=0x0000000002afbb60 method=groovyjarjarantlr.InputBuffer.syncConsume()V @ 7
Event: 2.668 Thread 0x0000000019d38800 Uncommon trap: reason=predicate action=maybe_recompile pc=0x0000000002afee94 method=groovyjarjarantlr.InputBuffer.syncConsume()V @ 7
Event: 2.668 Thread 0x0000000019d38800 Uncommon trap: reason=predicate action=maybe_recompile pc=0x0000000002afe18c method=groovyjarjarantlr.InputBuffer.syncConsume()V @ 7
Event: 2.690 Thread 0x0000000019d38800 Uncommon trap: reason=unstable_if action=reinterpret pc=0x00000000029e8434 method=java.lang.Integer.valueOf(I)Ljava/lang/Integer; @ 10
Event: 2.940 Thread 0x0000000019d38800 Uncommon trap: reason=unstable_if action=reinterpret pc=0x0000000002ba68d8 method=groovyjarjarantlr.CharQueue.append(C)V @ 9

Internal exceptions (10 events):
Event: 2.513 Thread 0x0000000019d38800 Exception <a 'java/lang/ClassNotFoundException': org/grails/compiler/injection/GlobalGrailsClassInjectorTransformationBeanInfo> (0x00000000d77d81e8) thrown at [C:\re\workspace\8-2-build-windows-amd64-cygwin\jdk8u121\8372\hotspot\src\share\vm\classfile\sys
Event: 2.514 Thread 0x0000000019d38800 Exception <a 'java/lang/ClassNotFoundException': org/grails/compiler/injection/GlobalGrailsClassInjectorTransformationCustomizer> (0x00000000d78158b0) thrown at [C:\re\workspace\8-2-build-windows-amd64-cygwin\jdk8u121\8372\hotspot\src\share\vm\classfile\s
Event: 2.519 Thread 0x0000000019d38800 Exception <a 'java/lang/ClassNotFoundException': org/grails/compiler/injection/GlobalImportTransformationBeanInfo> (0x00000000d7876530) thrown at [C:\re\workspace\8-2-build-windows-amd64-cygwin\jdk8u121\8372\hotspot\src\share\vm\classfile\systemDictionary
Event: 2.520 Thread 0x0000000019d38800 Exception <a 'java/lang/ClassNotFoundException': org/grails/compiler/injection/GlobalImportTransformationCustomizer> (0x00000000d78ab368) thrown at [C:\re\workspace\8-2-build-windows-amd64-cygwin\jdk8u121\8372\hotspot\src\share\vm\classfile\systemDictiona
Event: 2.534 Thread 0x0000000019d38800 Exception <a 'java/lang/ClassNotFoundException': org/grails/compiler/gorm/GlobalTraitRepairTransformationBeanInfo> (0x00000000d7948a28) thrown at [C:\re\workspace\8-2-build-windows-amd64-cygwin\jdk8u121\8372\hotspot\src\share\vm\classfile\systemDictionary
Event: 2.535 Thread 0x0000000019d38800 Exception <a 'java/lang/ClassNotFoundException': org/grails/compiler/gorm/GlobalTraitRepairTransformationCustomizer> (0x00000000d797d7f0) thrown at [C:\re\workspace\8-2-build-windows-amd64-cygwin\jdk8u121\8372\hotspot\src\share\vm\classfile\systemDictiona
Event: 2.542 Thread 0x0000000019d38800 Exception <a 'java/lang/ClassNotFoundException': org/grails/compiler/gorm/GlobalJpaEntityTransformBeanInfo> (0x00000000d79ecca0) thrown at [C:\re\workspace\8-2-build-windows-amd64-cygwin\jdk8u121\8372\hotspot\src\share\vm\classfile\systemDictionary.cpp, l
Event: 2.542 Thread 0x0000000019d38800 Exception <a 'java/lang/ClassNotFoundException': org/codehaus/groovy/transform/AbstractASTTransformationBeanInfo> (0x00000000d7a07378) thrown at [C:\re\workspace\8-2-build-windows-amd64-cygwin\jdk8u121\8372\hotspot\src\share\vm\classfile\systemDictionary.
Event: 2.543 Thread 0x0000000019d38800 Exception <a 'java/lang/ClassNotFoundException': org/codehaus/groovy/transform/AbstractASTTransformationCustomizer> (0x00000000d7a21eb0) thrown at [C:\re\workspace\8-2-build-windows-amd64-cygwin\jdk8u121\8372\hotspot\src\share\vm\classfile\systemDictionar
Event: 2.545 Thread 0x0000000019d38800 Exception <a 'java/lang/ClassNotFoundException': org/grails/compiler/gorm/GlobalJpaEntityTransformCustomizer> (0x00000000d7a65e28) thrown at [C:\re\workspace\8-2-build-windows-amd64-cygwin\jdk8u121\8372\hotspot\src\share\vm\classfile\systemDictionary.cpp,

Events (10 events):
Event: 3.268 loading class grails/gorm/transactions$Transactional
Event: 3.268 loading class grails/gorm/transactions$Transactional done
Event: 3.268 loading class grails/gorm/transactions/Transactional
Event: 3.268 loading class grails/gorm/transactions/Transactional done
Event: 3.274 loading class org/grails/datastore/gorm/transform/GormASTTransformationClass
Event: 3.274 loading class org/grails/datastore/gorm/transform/GormASTTransformationClass done
Event: 3.276 loading class phitb_shipments/Integer
Event: 3.276 loading class phitb_shipments/Integer done
Event: 3.277 loading class phitb_shipments/Long
Event: 3.277 loading class phitb_shipments/Long done


Dynamic libraries:
0x00007ff6c5f60000 - 0x00007ff6c5f97000 	C:\Program Files\Java\jdk1.8.0_121\bin\java.exe
0x00007ff9d97b0000 - 0x00007ff9d99a8000 	C:\WINDOWS\SYSTEM32\ntdll.dll
0x00007ff9d7ad0000 - 0x00007ff9d7b8d000 	C:\WINDOWS\System32\KERNEL32.DLL
0x00007ff9d7080000 - 0x00007ff9d7352000 	C:\WINDOWS\System32\KERNELBASE.dll
0x00007ff9d8c10000 - 0x00007ff9d8cbe000 	C:\WINDOWS\System32\ADVAPI32.dll
0x00007ff9d8db0000 - 0x00007ff9d8e4e000 	C:\WINDOWS\System32\msvcrt.dll
0x00007ff9d8970000 - 0x00007ff9d8a0c000 	C:\WINDOWS\System32\sechost.dll
0x00007ff9d79a0000 - 0x00007ff9d7ac5000 	C:\WINDOWS\System32\RPCRT4.dll
0x00007ff9d8070000 - 0x00007ff9d820d000 	C:\WINDOWS\System32\USER32.dll
0x00007ff9d7050000 - 0x00007ff9d7072000 	C:\WINDOWS\System32\win32u.dll
0x00007ff9d8ac0000 - 0x00007ff9d8aeb000 	C:\WINDOWS\System32\GDI32.dll
0x00007ff9d7360000 - 0x00007ff9d746f000 	C:\WINDOWS\System32\gdi32full.dll
0x00007ff9d7670000 - 0x00007ff9d770d000 	C:\WINDOWS\System32\msvcp_win.dll
0x00007ff9d7710000 - 0x00007ff9d7810000 	C:\WINDOWS\System32\ucrtbase.dll
0x00007ff9c6a70000 - 0x00007ff9c6d0a000 	C:\WINDOWS\WinSxS\amd64_microsoft.windows.common-controls_6595b64144ccf1df_6.0.19041.1110_none_60b5254171f9507e\COMCTL32.dll
0x00007ff9d8210000 - 0x00007ff9d8240000 	C:\WINDOWS\System32\IMM32.DLL
0x000000006e790000 - 0x000000006e862000 	C:\Program Files\Java\jdk1.8.0_121\jre\bin\msvcr100.dll
0x000000006def0000 - 0x000000006e78b000 	C:\Program Files\Java\jdk1.8.0_121\jre\bin\server\jvm.dll
0x00007ff9d95a0000 - 0x00007ff9d95a8000 	C:\WINDOWS\System32\PSAPI.DLL
0x00007ff9c3b10000 - 0x00007ff9c3b19000 	C:\WINDOWS\SYSTEM32\WSOCK32.dll
0x00007ff9c6100000 - 0x00007ff9c6127000 	C:\WINDOWS\SYSTEM32\WINMM.dll
0x00007ff9d83b0000 - 0x00007ff9d841b000 	C:\WINDOWS\System32\WS2_32.dll
0x00007ff9c75b0000 - 0x00007ff9c75ba000 	C:\WINDOWS\SYSTEM32\VERSION.dll
0x000000006f290000 - 0x000000006f29f000 	C:\Program Files\Java\jdk1.8.0_121\jre\bin\verify.dll
0x000000006f260000 - 0x000000006f289000 	C:\Program Files\Java\jdk1.8.0_121\jre\bin\java.dll
0x000000006f240000 - 0x000000006f256000 	C:\Program Files\Java\jdk1.8.0_121\jre\bin\zip.dll
0x00007ff9d8e50000 - 0x00007ff9d9593000 	C:\WINDOWS\System32\SHELL32.dll
0x00007ff9d4b70000 - 0x00007ff9d5301000 	C:\WINDOWS\SYSTEM32\windows.storage.dll
0x00007ff9d8530000 - 0x00007ff9d8884000 	C:\WINDOWS\System32\combase.dll
0x00007ff9d6760000 - 0x00007ff9d6790000 	C:\WINDOWS\SYSTEM32\Wldp.dll
0x00007ff9d8240000 - 0x00007ff9d82ed000 	C:\WINDOWS\System32\SHCORE.dll
0x00007ff9d8350000 - 0x00007ff9d83a5000 	C:\WINDOWS\System32\shlwapi.dll
0x00007ff9d6e00000 - 0x00007ff9d6e1f000 	C:\WINDOWS\SYSTEM32\profapi.dll
0x000000006f220000 - 0x000000006f23a000 	C:\Program Files\Java\jdk1.8.0_121\jre\bin\net.dll
0x00007ff9d6540000 - 0x00007ff9d65aa000 	C:\WINDOWS\system32\mswsock.dll
0x000000006ded0000 - 0x000000006dee1000 	C:\Program Files\Java\jdk1.8.0_121\jre\bin\nio.dll
0x00007ff9addd0000 - 0x00007ff9addee000 	C:\Users\User\.gradle\native\25\windows-amd64\native-platform.dll
0x00007ff9d67a0000 - 0x00007ff9d67b8000 	C:\WINDOWS\SYSTEM32\CRYPTSP.dll
0x00007ff9d5e80000 - 0x00007ff9d5eb4000 	C:\WINDOWS\system32\rsaenh.dll
0x00007ff9d75d0000 - 0x00007ff9d75f7000 	C:\WINDOWS\System32\bcrypt.dll
0x00007ff9d6dc0000 - 0x00007ff9d6dee000 	C:\WINDOWS\SYSTEM32\USERENV.dll
0x00007ff9d6fc0000 - 0x00007ff9d7042000 	C:\WINDOWS\System32\bcryptprimitives.dll
0x00007ff9d66d0000 - 0x00007ff9d66dc000 	C:\WINDOWS\SYSTEM32\CRYPTBASE.dll
0x00007ff9d6250000 - 0x00007ff9d628b000 	C:\WINDOWS\SYSTEM32\IPHLPAPI.DLL
0x00007ff9d95b0000 - 0x00007ff9d95b8000 	C:\WINDOWS\System32\NSI.dll
0x00007ff9cb0d0000 - 0x00007ff9cb0e7000 	C:\WINDOWS\SYSTEM32\dhcpcsvc6.DLL
0x00007ff9cb180000 - 0x00007ff9cb19d000 	C:\WINDOWS\SYSTEM32\dhcpcsvc.DLL
0x00007ff9d6290000 - 0x00007ff9d635a000 	C:\WINDOWS\SYSTEM32\DNSAPI.dll

VM Arguments:
jvm_args: -Djava.security.manager=worker.org.gradle.process.internal.worker.child.BootstrapSecurityManager -Dfile.encoding=UTF-8 -Duser.country=IN -Duser.language=en -Duser.variant 
java_command: worker.org.gradle.process.internal.worker.GradleWorkerMain 'Gradle Worker Daemon 1'
java_class_path (initial): C:\Users\User\.gradle\caches\3.5\workerMain\gradle-worker.jar
Launcher Type: SUN_STANDARD

Environment Variables:
JAVA_HOME=C:\Program Files\Java\jdk-15.0.2
PATH=C:\Program Files\Common Files\Oracle\Java\javapath;C:\Python39\Scripts\;C:\Python39\;C:\WINDOWS\system32;C:\WINDOWS;C:\WINDOWS\System32\Wbem;C:\WINDOWS\System32\WindowsPowerShell\v1.0\;C:\WINDOWS\System32\OpenSSH\;C:\Program Files\Git\cmd;C:\Program Files\nodejs\;C:\ProgramData\chocolatey\bin;C:\Program Files\Java\jdk1.8.0_121\bin;C:\hadoop\bin;C:\hadoop\sbin;C:\grails-3.3.6\bin;C:\Program Files\PostgreSQL\14\bin;C:\Program Files\PuTTY\;C:\Program Files\Docker\Docker\resources\bin;C:\ProgramData\DockerDesktop\version-bin;C:\Users\User\AppData\Local\Microsoft\WindowsApps;C:\Users\User\AppData\Roaming\npm;C:\Users\User\AppData\Local\Programs\Microsoft VS Code\bin;C:\Program Files\JetBrains\IntelliJ IDEA 2020.2.4\bin;;
USERNAME=Capulus
OS=Windows_NT
PROCESSOR_IDENTIFIER=Intel64 Family 6 Model 61 Stepping 4, GenuineIntel



---------------  S Y S T E M  ---------------

OS: Windows 10.0 , 64 bit Build 19041 (10.0.19041.1889)

CPU:total 4 (2 cores per cpu, 2 threads per core) family 6 model 61 stepping 4, cmov, cx8, fxsr, mmx, sse, sse2, sse3, ssse3, sse4.1, sse4.2, popcnt, avx, avx2, aes, clmul, erms, rtm, 3dnowpref, lzcnt, ht, tsc, tscinvbit, bmi1, bmi2, adx

Memory: 4k page, physical 8277520k(329288k free), swap 26593948k(5164k free)

vm_info: Java HotSpot(TM) 64-Bit Server VM (25.121-b13) for windows-amd64 JRE (1.8.0_121-b13), built on Dec 12 2016 18:21:36 by "java_re" with MS VC++ 10.0 (VS2010)

time: Mon Oct 17 15:21:18 2022
elapsed time: 3 seconds (0d 0h 0m 3s)

