#
# There is insufficient memory for the Java Runtime Environment to continue.
# Native memory allocation (malloc) failed to allocate 1245296 bytes for Chunk::new
# Possible reasons:
#   The system is out of physical RAM or swap space
#   In 32 bit mode, the process size limit was hit
# Possible solutions:
#   Reduce memory load on the system
#   Increase physical memory or swap space
#   Check if swap backing store is full
#   Use 64 bit Java on a 64 bit OS
#   Decrease Java heap size (-Xmx/-Xms)
#   Decrease number of Java threads
#   Decrease Java thread stack sizes (-Xss)
#   Set larger code cache with -XX:ReservedCodeCacheSize=
# This output file may be truncated or incomplete.
#
#  Out of Memory Error (allocation.cpp:390), pid=10864, tid=0x00000000000011cc
#
# JRE version: Java(TM) SE Runtime Environment (8.0_121-b13) (build 1.8.0_121-b13)
# Java VM: Java HotSpot(TM) 64-Bit Server VM (25.121-b13 mixed mode windows-amd64 compressed oops)
# Failed to write core dump. Minidumps are not enabled by default on client versions of Windows
#

---------------  T H R E A D  ---------------

Current thread (0x000000001796a000):  JavaThread "C2 CompilerThread1" daemon [_thread_in_native, id=4556, stack(0x00000000195f0000,0x00000000196f0000)]

Stack: [0x00000000195f0000,0x00000000196f0000]
[error occurred during error reporting (printing stack bounds), id 0xc0000005]

Native frames: (J=compiled Java code, j=interpreted, Vv=VM code, C=native code)


Current CompileTask:
C2:  48822 7832       4       org.codehaus.groovy.classgen.asm.OperandStack::storeVar (203 bytes)


---------------  P R O C E S S  ---------------

Java Threads: ( => current thread )
  0x000000001a4c0800 JavaThread "/127.0.0.1:57713 to /127.0.0.1:57712 workers Thread 3" [_thread_in_native, id=13652, stack(0x000000001b900000,0x000000001ba00000)]
  0x000000001a4bf800 JavaThread "/127.0.0.1:57713 to /127.0.0.1:57712 workers Thread 2" [_thread_blocked, id=14464, stack(0x000000001b800000,0x000000001b900000)]
  0x000000001a4a4800 JavaThread "/127.0.0.1:57713 to /127.0.0.1:57712 workers" [_thread_in_Java, id=9864, stack(0x000000001b3c0000,0x000000001b4c0000)]
  0x000000001a45b000 JavaThread "Memory manager" [_thread_blocked, id=1260, stack(0x000000001b2c0000,0x000000001b3c0000)]
  0x0000000018e5e000 JavaThread "Service Thread" daemon [_thread_blocked, id=13112, stack(0x00000000197f0000,0x00000000198f0000)]
  0x0000000017975800 JavaThread "C1 CompilerThread2" daemon [_thread_in_vm, id=13960, stack(0x00000000196f0000,0x00000000197f0000)]
=>0x000000001796a000 JavaThread "C2 CompilerThread1" daemon [_thread_in_native, id=4556, stack(0x00000000195f0000,0x00000000196f0000)]
  0x0000000017968000 JavaThread "C2 CompilerThread0" daemon [_thread_in_native, id=13908, stack(0x00000000194f0000,0x00000000195f0000)]
  0x0000000018df3800 JavaThread "Attach Listener" daemon [_thread_blocked, id=14532, stack(0x00000000193f0000,0x00000000194f0000)]
  0x0000000018df2800 JavaThread "Signal Dispatcher" daemon [_thread_blocked, id=14368, stack(0x00000000192f0000,0x00000000193f0000)]
  0x0000000017929000 JavaThread "Finalizer" daemon [_thread_blocked, id=7104, stack(0x0000000018bb0000,0x0000000018cb0000)]
  0x0000000002df1000 JavaThread "Reference Handler" daemon [_thread_blocked, id=14608, stack(0x0000000018ab0000,0x0000000018bb0000)]
  0x0000000002d01000 JavaThread "main" [_thread_blocked, id=14300, stack(0x0000000002c00000,0x0000000002d00000)]

Other Threads:
  0x0000000017907800 VMThread [stack: 0x00000000189b0000,0x0000000018ab0000] [id=13752]
  0x0000000018e8d800 WatcherThread [stack: 0x00000000198f0000,0x00000000199f0000] [id=12132]

VM state:not at safepoint (normal execution)

VM Mutex/Monitor currently owned by a thread: None

Heap:
 PSYoungGen      total 535040K, used 206385K [0x00000000d5e00000, 0x0000000100000000, 0x0000000100000000)
  eden space 473088K, 33% used [0x00000000d5e00000,0x00000000df9d6f60,0x00000000f2c00000)
  from space 61952K, 75% used [0x00000000f2c00000,0x00000000f59b54d8,0x00000000f6880000)
  to   space 67072K, 0% used [0x00000000fbe80000,0x00000000fbe80000,0x0000000100000000)
 ParOldGen       total 246784K, used 127155K [0x0000000081a00000, 0x0000000090b00000, 0x00000000d5e00000)
  object space 246784K, 51% used [0x0000000081a00000,0x000000008962ce68,0x0000000090b00000)
 Metaspace       used 34453K, capacity 35140K, committed 35456K, reserved 1081344K
  class space    used 3607K, capacity 3842K, committed 3968K, reserved 1048576K

Card table byte_map: [0x00000000121c0000,0x00000000125c0000] byte_map_base: 0x0000000011db3000

Marking Bits: (ParMarkBitMap*) 0x0000000055dab6d0
 Begin Bits: [0x0000000012c70000, 0x0000000014c08000)
 End Bits:   [0x0000000014c08000, 0x0000000016ba0000)

Polling page: 0x0000000000da0000

CodeCache: size=245760Kb used=28696Kb max_used=29669Kb free=217063Kb
 bounds [0x0000000002e00000, 0x0000000004b80000, 0x0000000011e00000]
 total_blobs=6889 nmethods=6217 adapters=582
 compilation: enabled

Compilation events (10 events):
Event: 48.726 Thread 0x0000000017968000 7949       4       groovyjarjarasm.asm.Frame::set (65 bytes)
Event: 48.729 Thread 0x0000000017975800 7959 %     3       org.codehaus.groovy.classgen.asm.CompileStack::writeExceptionTable @ 26 (69 bytes)
Event: 48.730 Thread 0x0000000017968000 nmethod 7949 0x00000000030046d0 code [0x0000000003004820, 0x0000000003004af8]
Event: 48.730 Thread 0x0000000017975800 nmethod 7959% 0x0000000002ff73d0 code [0x0000000002ff7600, 0x0000000002ff82a8]
Event: 48.731 Thread 0x0000000017968000 7834       4       org.codehaus.groovy.classgen.asm.OperandStack::pushConstant (348 bytes)
Event: 48.778 Thread 0x0000000017968000 nmethod 7834 0x000000000315d610 code [0x000000000315d8c0, 0x000000000315ea38]
Event: 48.780 Thread 0x0000000017968000 7829       4       org.codehaus.groovy.classgen.AsmClassGenerator::visitConstantExpression (76 bytes)
Event: 48.816 Thread 0x0000000017975800 7960 %     3       org.codehaus.groovy.classgen.Verifier::checkForDuplicateMethods @ 18 (172 bytes)
Event: 48.818 Thread 0x0000000017975800 nmethod 7960% 0x000000000314d8d0 code [0x000000000314dca0, 0x000000000314fef8]
Event: 48.819 Thread 0x0000000017975800 7961       3       org.codehaus.groovy.classgen.Verifier::checkForDuplicateMethods (172 bytes)

GC Heap History (10 events):
Event: 14.359 GC heap before
{Heap before GC invocations=11 (full 1):
 PSYoungGen      total 439296K, used 7930K [0x00000000d5e00000, 0x00000000f2800000, 0x0000000100000000)
  eden space 411648K, 0% used [0x00000000d5e00000,0x00000000d5e00000,0x00000000ef000000)
  from space 27648K, 28% used [0x00000000f0d00000,0x00000000f14bea80,0x00000000f2800000)
  to   space 28672K, 0% used [0x00000000ef000000,0x00000000ef000000,0x00000000f0c00000)
 ParOldGen       total 87552K, used 49907K [0x0000000081a00000, 0x0000000086f80000, 0x00000000d5e00000)
  object space 87552K, 57% used [0x0000000081a00000,0x0000000084abccb0,0x0000000086f80000)
 Metaspace       used 20749K, capacity 21176K, committed 21248K, reserved 1069056K
  class space    used 2342K, capacity 2494K, committed 2560K, reserved 1048576K
Event: 15.318 GC heap after
Heap after GC invocations=11 (full 1):
 PSYoungGen      total 439296K, used 0K [0x00000000d5e00000, 0x00000000f2800000, 0x0000000100000000)
  eden space 411648K, 0% used [0x00000000d5e00000,0x00000000d5e00000,0x00000000ef000000)
  from space 27648K, 0% used [0x00000000f0d00000,0x00000000f0d00000,0x00000000f2800000)
  to   space 28672K, 0% used [0x00000000ef000000,0x00000000ef000000,0x00000000f0c00000)
 ParOldGen       total 121856K, used 52245K [0x0000000081a00000, 0x0000000089100000, 0x00000000d5e00000)
  object space 121856K, 42% used [0x0000000081a00000,0x0000000084d05568,0x0000000089100000)
 Metaspace       used 20749K, capacity 21176K, committed 21248K, reserved 1069056K
  class space    used 2342K, capacity 2494K, committed 2560K, reserved 1048576K
}
Event: 24.852 GC heap before
{Heap before GC invocations=12 (full 1):
 PSYoungGen      total 439296K, used 411648K [0x00000000d5e00000, 0x00000000f2800000, 0x0000000100000000)
  eden space 411648K, 100% used [0x00000000d5e00000,0x00000000ef000000,0x00000000ef000000)
  from space 27648K, 0% used [0x00000000f0d00000,0x00000000f0d00000,0x00000000f2800000)
  to   space 28672K, 0% used [0x00000000ef000000,0x00000000ef000000,0x00000000f0c00000)
 ParOldGen       total 121856K, used 52245K [0x0000000081a00000, 0x0000000089100000, 0x00000000d5e00000)
  object space 121856K, 42% used [0x0000000081a00000,0x0000000084d05568,0x0000000089100000)
 Metaspace       used 28263K, capacity 28740K, committed 28928K, reserved 1075200K
  class space    used 3151K, capacity 3314K, committed 3328K, reserved 1048576K
Event: 25.142 GC heap after
Heap after GC invocations=12 (full 1):
 PSYoungGen      total 440320K, used 28662K [0x00000000d5e00000, 0x00000000f8e00000, 0x0000000100000000)
  eden space 411648K, 0% used [0x00000000d5e00000,0x00000000d5e00000,0x00000000ef000000)
  from space 28672K, 99% used [0x00000000ef000000,0x00000000f0bfda18,0x00000000f0c00000)
  to   space 38400K, 0% used [0x00000000f6880000,0x00000000f6880000,0x00000000f8e00000)
 ParOldGen       total 121856K, used 65708K [0x0000000081a00000, 0x0000000089100000, 0x00000000d5e00000)
  object space 121856K, 53% used [0x0000000081a00000,0x0000000085a2b0f0,0x0000000089100000)
 Metaspace       used 28263K, capacity 28740K, committed 28928K, reserved 1075200K
  class space    used 3151K, capacity 3314K, committed 3328K, reserved 1048576K
}
Event: 35.001 GC heap before
{Heap before GC invocations=13 (full 1):
 PSYoungGen      total 440320K, used 440310K [0x00000000d5e00000, 0x00000000f8e00000, 0x0000000100000000)
  eden space 411648K, 100% used [0x00000000d5e00000,0x00000000ef000000,0x00000000ef000000)
  from space 28672K, 99% used [0x00000000ef000000,0x00000000f0bfda18,0x00000000f0c00000)
  to   space 38400K, 0% used [0x00000000f6880000,0x00000000f6880000,0x00000000f8e00000)
 ParOldGen       total 121856K, used 65708K [0x0000000081a00000, 0x0000000089100000, 0x00000000d5e00000)
  object space 121856K, 53% used [0x0000000081a00000,0x0000000085a2b0f0,0x0000000089100000)
 Metaspace       used 28586K, capacity 29116K, committed 29312K, reserved 1075200K
  class space    used 3163K, capacity 3334K, committed 3456K, reserved 1048576K
Event: 35.235 GC heap after
Heap after GC invocations=13 (full 1):
 PSYoungGen      total 511488K, used 38400K [0x00000000d5e00000, 0x00000000fb800000, 0x0000000100000000)
  eden space 473088K, 0% used [0x00000000d5e00000,0x00000000d5e00000,0x00000000f2c00000)
  from space 38400K, 100% used [0x00000000f6880000,0x00000000f8e00000,0x00000000f8e00000)
  to   space 61952K, 0% used [0x00000000f2c00000,0x00000000f2c00000,0x00000000f6880000)
 ParOldGen       total 121856K, used 113389K [0x0000000081a00000, 0x0000000089100000, 0x00000000d5e00000)
  object space 121856K, 93% used [0x0000000081a00000,0x00000000888bb578,0x0000000089100000)
 Metaspace       used 28586K, capacity 29116K, committed 29312K, reserved 1075200K
  class space    used 3163K, capacity 3334K, committed 3456K, reserved 1048576K
}
Event: 35.235 GC heap before
{Heap before GC invocations=14 (full 2):
 PSYoungGen      total 511488K, used 38400K [0x00000000d5e00000, 0x00000000fb800000, 0x0000000100000000)
  eden space 473088K, 0% used [0x00000000d5e00000,0x00000000d5e00000,0x00000000f2c00000)
  from space 38400K, 100% used [0x00000000f6880000,0x00000000f8e00000,0x00000000f8e00000)
  to   space 61952K, 0% used [0x00000000f2c00000,0x00000000f2c00000,0x00000000f6880000)
 ParOldGen       total 121856K, used 113389K [0x0000000081a00000, 0x0000000089100000, 0x00000000d5e00000)
  object space 121856K, 93% used [0x0000000081a00000,0x00000000888bb578,0x0000000089100000)
 Metaspace       used 28586K, capacity 29116K, committed 29312K, reserved 1075200K
  class space    used 3163K, capacity 3334K, committed 3456K, reserved 1048576K
Event: 37.084 GC heap after
Heap after GC invocations=14 (full 2):
 PSYoungGen      total 511488K, used 6646K [0x00000000d5e00000, 0x00000000fb800000, 0x0000000100000000)
  eden space 473088K, 0% used [0x00000000d5e00000,0x00000000d5e00000,0x00000000f2c00000)
  from space 38400K, 17% used [0x00000000f6880000,0x00000000f6efdb68,0x00000000f8e00000)
  to   space 61952K, 0% used [0x00000000f2c00000,0x00000000f2c00000,0x00000000f6880000)
 ParOldGen       total 246784K, used 121699K [0x0000000081a00000, 0x0000000090b00000, 0x00000000d5e00000)
  object space 246784K, 49% used [0x0000000081a00000,0x00000000890d8e68,0x0000000090b00000)
 Metaspace       used 28586K, capacity 29116K, committed 29312K, reserved 1075200K
  class space    used 3163K, capacity 3334K, committed 3456K, reserved 1048576K
}
Event: 45.082 GC heap before
{Heap before GC invocations=15 (full 2):
 PSYoungGen      total 511488K, used 479734K [0x00000000d5e00000, 0x00000000fb800000, 0x0000000100000000)
  eden space 473088K, 100% used [0x00000000d5e00000,0x00000000f2c00000,0x00000000f2c00000)
  from space 38400K, 17% used [0x00000000f6880000,0x00000000f6efdb68,0x00000000f8e00000)
  to   space 61952K, 0% used [0x00000000f2c00000,0x00000000f2c00000,0x00000000f6880000)
 ParOldGen       total 246784K, used 121699K [0x0000000081a00000, 0x0000000090b00000, 0x00000000d5e00000)
  object space 246784K, 49% used [0x0000000081a00000,0x00000000890d8e68,0x0000000090b00000)
 Metaspace       used 34373K, capacity 35076K, committed 35456K, reserved 1081344K
  class space    used 3604K, capacity 3842K, committed 3968K, reserved 1048576K
Event: 45.450 GC heap after
Heap after GC invocations=15 (full 2):
 PSYoungGen      total 535040K, used 46805K [0x00000000d5e00000, 0x0000000100000000, 0x0000000100000000)
  eden space 473088K, 0% used [0x00000000d5e00000,0x00000000d5e00000,0x00000000f2c00000)
  from space 61952K, 75% used [0x00000000f2c00000,0x00000000f59b54d8,0x00000000f6880000)
  to   space 67072K, 0% used [0x00000000fbe80000,0x00000000fbe80000,0x0000000100000000)
 ParOldGen       total 246784K, used 127155K [0x0000000081a00000, 0x0000000090b00000, 0x00000000d5e00000)
  object space 246784K, 51% used [0x0000000081a00000,0x000000008962ce68,0x0000000090b00000)
 Metaspace       used 34373K, capacity 35076K, committed 35456K, reserved 1081344K
  class space    used 3604K, capacity 3842K, committed 3968K, reserved 1048576K
}

Deoptimization events (10 events):
Event: 45.074 Thread 0x000000001a4a4800 Uncommon trap: reason=class_check action=maybe_recompile pc=0x00000000047232f8 method=org.codehaus.groovy.classgen.Verifier.storeMissingCovariantMethods(Ljava/util/Collection;Lorg/codehaus/groovy/ast/MethodNode;Ljava/util/Map;Ljava/util/Map;Z)V @ 1
Event: 45.074 Thread 0x000000001a4a4800 Uncommon trap: reason=unstable_if action=reinterpret pc=0x0000000004736dc0 method=org.codehaus.groovy.classgen.Verifier.getCovariantImplementation(Lorg/codehaus/groovy/ast/MethodNode;Lorg/codehaus/groovy/ast/MethodNode;Ljava/util/Map;Z)Lorg/codehaus/groov
Event: 45.076 Thread 0x000000001a4a4800 Uncommon trap: reason=unstable_if action=reinterpret pc=0x00000000049df4c0 method=org.codehaus.groovy.classgen.asm.WriterController.isInClosure()Z @ 20
Event: 46.456 Thread 0x000000001a4a4800 Uncommon trap: reason=unstable_if action=reinterpret pc=0x000000000497e5ec method=groovyjarjarasm.asm.Frame.merge(Lgroovyjarjarasm/asm/ClassWriter;Lgroovyjarjarasm/asm/Frame;I)Z @ 362
Event: 46.781 Thread 0x000000001a4a4800 Uncommon trap: reason=unstable_if action=reinterpret pc=0x00000000049981e4 method=groovyjarjarasm.asm.Frame.push(I)V @ 26
Event: 46.782 Thread 0x000000001a4a4800 Uncommon trap: reason=unstable_if action=reinterpret pc=0x00000000048d4804 method=groovyjarjarasm.asm.Frame.push(I)V @ 26
Event: 46.819 Thread 0x000000001a4a4800 Uncommon trap: reason=unstable_if action=reinterpret pc=0x00000000049c32a0 method=org.codehaus.groovy.classgen.asm.WriterController.isStaticConstructor()Z @ 4
Event: 47.211 Thread 0x000000001a4a4800 Uncommon trap: reason=class_check action=maybe_recompile pc=0x0000000004a0ef04 method=org.codehaus.groovy.classgen.asm.OperandStack.box()Lorg/codehaus/groovy/ast/ClassNode; @ 26
Event: 47.274 Thread 0x000000001a4a4800 Uncommon trap: reason=unstable_if action=reinterpret pc=0x0000000004a49b68 method=org.codehaus.groovy.classgen.asm.WriterController.isInClosure()Z @ 20
Event: 48.282 Thread 0x000000001a4a4800 Uncommon trap: reason=unstable_if action=reinterpret pc=0x00000000038a5ba8 method=org.codehaus.groovy.classgen.asm.CompileStack.defineVar(Ljava/lang/String;Lorg/codehaus/groovy/ast/ClassNode;ZZ)Lorg/codehaus/groovy/classgen/asm/BytecodeVariable; @ 25

Internal exceptions (10 events):
Event: 40.252 Thread 0x000000001a4a4800 Exception <a 'java/lang/ClassNotFoundException': [Lorg/codehaus/groovy/ast/Parameter;Customizer> (0x00000000db492e60) thrown at [C:\re\workspace\8-2-build-windows-amd64-cygwin\jdk8u121\8372\hotspot\src\share\vm\prims\jni.cpp, line 735]
Event: 40.252 Thread 0x000000001a4a4800 Exception <a 'java/lang/ClassNotFoundException': [Lorg/codehaus/groovy/ast/Parameter;Customizer> (0x00000000db4932e0) thrown at [C:\re\workspace\8-2-build-windows-amd64-cygwin\jdk8u121\8372\hotspot\src\share\vm\prims\jni.cpp, line 735]
Event: 41.292 Thread 0x000000001a4a4800 Implicit null exception at 0x00000000045b70d0 to 0x00000000045b7115
Event: 41.832 Thread 0x000000001a4a4800 Implicit null exception at 0x00000000040abb76 to 0x00000000040acd19
Event: 42.364 Thread 0x000000001a4a4800 Implicit null exception at 0x00000000043db590 to 0x00000000043db5bd
Event: 42.621 Thread 0x000000001a4a4800 Implicit null exception at 0x0000000003d87e46 to 0x0000000003d88391
Event: 42.689 Thread 0x000000001a4a4800 Implicit null exception at 0x000000000308a895 to 0x000000000308aa91
Event: 44.516 Thread 0x000000001a4a4800 Implicit null exception at 0x00000000049bda64 to 0x00000000049be0e9
Event: 45.047 Thread 0x000000001a4a4800 Implicit null exception at 0x0000000003d2d354 to 0x0000000003d2d5a5
Event: 46.819 Thread 0x000000001a4a4800 Implicit null exception at 0x00000000049c3190 to 0x00000000049c328d

Events (10 events):
Event: 48.818 Thread 0x0000000017975800 flushing nmethod 0x00000000037b11d0
Event: 48.818 Thread 0x0000000017975800 flushing nmethod 0x00000000037b1610
Event: 48.818 Thread 0x0000000017975800 flushing nmethod 0x00000000037c0410
Event: 48.818 Thread 0x0000000017975800 flushing nmethod 0x00000000037c2a90
Event: 48.818 Thread 0x0000000017975800 flushing nmethod 0x00000000037c80d0
Event: 48.818 Thread 0x0000000017975800 flushing nmethod 0x0000000003831690
Event: 48.819 Thread 0x0000000017975800 flushing nmethod 0x000000000385be50
Event: 48.819 Thread 0x0000000017975800 flushing nmethod 0x0000000003883010
Event: 48.819 Thread 0x000000001a4a4800 DEOPT PACKING pc=0x000000000489982a sp=0x000000001b4bd710
Event: 48.819 Thread 0x000000001a4a4800 DEOPT UNPACKING pc=0x0000000002e4787f sp=0x000000001b4bd4c8 mode 0


Dynamic libraries:
0x00007ff6d2e30000 - 0x00007ff6d2e67000 	C:\Program Files\Java\jdk1.8.0_121\bin\java.exe
0x00007fffefdd0000 - 0x00007fffeffc8000 	C:\WINDOWS\SYSTEM32\ntdll.dll
0x00007fffee680000 - 0x00007fffee73d000 	C:\WINDOWS\System32\KERNEL32.DLL
0x00007fffed850000 - 0x00007fffedb22000 	C:\WINDOWS\System32\KERNELBASE.dll
0x00007fffeefb0000 - 0x00007fffef05e000 	C:\WINDOWS\System32\ADVAPI32.dll
0x00007fffefc80000 - 0x00007fffefd1e000 	C:\WINDOWS\System32\msvcrt.dll
0x00007fffee190000 - 0x00007fffee22c000 	C:\WINDOWS\System32\sechost.dll
0x00007fffee7e0000 - 0x00007fffee905000 	C:\WINDOWS\System32\RPCRT4.dll
0x00007fffee230000 - 0x00007fffee3cd000 	C:\WINDOWS\System32\USER32.dll
0x00007fffedd90000 - 0x00007fffeddb2000 	C:\WINDOWS\System32\win32u.dll
0x00007fffee7a0000 - 0x00007fffee7cb000 	C:\WINDOWS\System32\GDI32.dll
0x00007fffedc80000 - 0x00007fffedd8f000 	C:\WINDOWS\System32\gdi32full.dll
0x00007fffed4e0000 - 0x00007fffed57d000 	C:\WINDOWS\System32\msvcp_win.dll
0x00007fffedb80000 - 0x00007fffedc80000 	C:\WINDOWS\System32\ucrtbase.dll
0x00007fffdcbe0000 - 0x00007fffdce7a000 	C:\WINDOWS\WinSxS\amd64_microsoft.windows.common-controls_6595b64144ccf1df_6.0.19041.1110_none_60b5254171f9507e\COMCTL32.dll
0x00007fffef970000 - 0x00007fffef9a0000 	C:\WINDOWS\System32\IMM32.DLL
0x0000000055e30000 - 0x0000000055f02000 	C:\Program Files\Java\jdk1.8.0_121\jre\bin\msvcr100.dll
0x0000000055590000 - 0x0000000055e2b000 	C:\Program Files\Java\jdk1.8.0_121\jre\bin\server\jvm.dll
0x00007fffee7d0000 - 0x00007fffee7d8000 	C:\WINDOWS\System32\PSAPI.DLL
0x00007fffdcf10000 - 0x00007fffdcf37000 	C:\WINDOWS\SYSTEM32\WINMM.dll
0x00007fffdb070000 - 0x00007fffdb079000 	C:\WINDOWS\SYSTEM32\WSOCK32.dll
0x00007fffefd20000 - 0x00007fffefd8b000 	C:\WINDOWS\System32\WS2_32.dll
0x00007fffde510000 - 0x00007fffde51a000 	C:\WINDOWS\SYSTEM32\VERSION.dll
0x0000000055580000 - 0x000000005558f000 	C:\Program Files\Java\jdk1.8.0_121\jre\bin\verify.dll
0x0000000055550000 - 0x0000000055579000 	C:\Program Files\Java\jdk1.8.0_121\jre\bin\java.dll
0x0000000055530000 - 0x0000000055546000 	C:\Program Files\Java\jdk1.8.0_121\jre\bin\zip.dll
0x00007fffef220000 - 0x00007fffef963000 	C:\WINDOWS\System32\SHELL32.dll
0x00007fffeb190000 - 0x00007fffeb921000 	C:\WINDOWS\SYSTEM32\windows.storage.dll
0x00007fffede30000 - 0x00007fffee184000 	C:\WINDOWS\System32\combase.dll
0x00007fffecd80000 - 0x00007fffecdb0000 	C:\WINDOWS\SYSTEM32\Wldp.dll
0x00007fffee3d0000 - 0x00007fffee47d000 	C:\WINDOWS\System32\SHCORE.dll
0x00007fffeeec0000 - 0x00007fffeef15000 	C:\WINDOWS\System32\shlwapi.dll
0x00007fffed420000 - 0x00007fffed43f000 	C:\WINDOWS\SYSTEM32\profapi.dll
0x0000000055510000 - 0x000000005552a000 	C:\Program Files\Java\jdk1.8.0_121\jre\bin\net.dll
0x00007fffecb60000 - 0x00007fffecbca000 	C:\WINDOWS\system32\mswsock.dll
0x00000000554f0000 - 0x0000000055501000 	C:\Program Files\Java\jdk1.8.0_121\jre\bin\nio.dll
0x00007fffe43a0000 - 0x00007fffe43be000 	C:\Users\User\.gradle\native\25\windows-amd64\native-platform.dll
0x00007fffecdc0000 - 0x00007fffecdd8000 	C:\WINDOWS\SYSTEM32\CRYPTSP.dll
0x00007fffec4a0000 - 0x00007fffec4d4000 	C:\WINDOWS\system32\rsaenh.dll
0x00007fffed6e0000 - 0x00007fffed707000 	C:\WINDOWS\System32\bcrypt.dll
0x00007fffed3e0000 - 0x00007fffed40e000 	C:\WINDOWS\SYSTEM32\USERENV.dll
0x00007fffed710000 - 0x00007fffed792000 	C:\WINDOWS\System32\bcryptprimitives.dll
0x00007fffeccf0000 - 0x00007fffeccfc000 	C:\WINDOWS\SYSTEM32\CRYPTBASE.dll
0x00007fffec870000 - 0x00007fffec8ab000 	C:\WINDOWS\SYSTEM32\IPHLPAPI.DLL
0x00007fffee910000 - 0x00007fffee918000 	C:\WINDOWS\System32\NSI.dll
0x00007fffe3f40000 - 0x00007fffe3f57000 	C:\WINDOWS\SYSTEM32\dhcpcsvc6.DLL
0x00007fffe4090000 - 0x00007fffe40ad000 	C:\WINDOWS\SYSTEM32\dhcpcsvc.DLL
0x00007fffec8b0000 - 0x00007fffec97a000 	C:\WINDOWS\SYSTEM32\DNSAPI.dll

VM Arguments:
jvm_args: -Djava.security.manager=worker.org.gradle.process.internal.worker.child.BootstrapSecurityManager -Dfile.encoding=UTF-8 -Duser.country=IN -Duser.language=en -Duser.variant 
java_command: worker.org.gradle.process.internal.worker.GradleWorkerMain 'Gradle Worker Daemon 1'
java_class_path (initial): C:\Users\User\.gradle\caches\3.5\workerMain\gradle-worker.jar
Launcher Type: SUN_STANDARD

Environment Variables:
JAVA_HOME=C:\Program Files\Java\jdk-15.0.2
PATH=C:\Program Files\Common Files\Oracle\Java\javapath;C:\Python39\Scripts\;C:\Python39\;C:\WINDOWS\system32;C:\WINDOWS;C:\WINDOWS\System32\Wbem;C:\WINDOWS\System32\WindowsPowerShell\v1.0\;C:\WINDOWS\System32\OpenSSH\;C:\Program Files\Git\cmd;C:\Program Files\nodejs\;C:\ProgramData\chocolatey\bin;C:\Program Files\Java\jdk1.8.0_121\bin;C:\hadoop\bin;C:\hadoop\sbin;C:\grails-3.3.6\bin;C:\Program Files\PostgreSQL\14\bin;C:\Program Files\PuTTY\;C:\Program Files\Docker\Docker\resources\bin;C:\ProgramData\DockerDesktop\version-bin;C:\Users\User\AppData\Local\Microsoft\WindowsApps;C:\Users\User\AppData\Roaming\npm;C:\Users\User\AppData\Local\Programs\Microsoft VS Code\bin;C:\Program Files\JetBrains\IntelliJ IDEA 2020.2.4\bin;;
USERNAME=Capulus
OS=Windows_NT
PROCESSOR_IDENTIFIER=Intel64 Family 6 Model 61 Stepping 4, GenuineIntel



---------------  S Y S T E M  ---------------

OS: Windows 10.0 , 64 bit Build 19041 (10.0.19041.1889)

CPU:total 4 (2 cores per cpu, 2 threads per core) family 6 model 61 stepping 4, cmov, cx8, fxsr, mmx, sse, sse2, sse3, ssse3, sse4.1, sse4.2, popcnt, avx, avx2, aes, clmul, erms, rtm, 3dnowpref, lzcnt, ht, tsc, tscinvbit, bmi1, bmi2, adx

Memory: 4k page, physical 8277520k(537924k free), swap 26593948k(5164k free)

vm_info: Java HotSpot(TM) 64-Bit Server VM (25.121-b13) for windows-amd64 JRE (1.8.0_121-b13), built on Dec 12 2016 18:21:36 by "java_re" with MS VC++ 10.0 (VS2010)

time: Mon Oct 17 18:20:29 2022
elapsed time: 48 seconds (0d 0h 0m 48s)

