#
# There is insufficient memory for the Java Runtime Environment to continue.
# Native memory allocation (malloc) failed to allocate 1297936 bytes for Chunk::new
# Possible reasons:
#   The system is out of physical RAM or swap space
#   In 32 bit mode, the process size limit was hit
# Possible solutions:
#   Reduce memory load on the system
#   Increase physical memory or swap space
#   Check if swap backing store is full
#   Use 64 bit Java on a 64 bit OS
#   Decrease Java heap size (-Xmx/-Xms)
#   Decrease number of Java threads
#   Decrease Java thread stack sizes (-Xss)
#   Set larger code cache with -XX:ReservedCodeCacheSize=
# This output file may be truncated or incomplete.
#
#  Out of Memory Error (allocation.cpp:390), pid=9932, tid=0x00000000000035d4
#
# JRE version: Java(TM) SE Runtime Environment (8.0_121-b13) (build 1.8.0_121-b13)
# Java VM: Java HotSpot(TM) 64-Bit Server VM (25.121-b13 mixed mode windows-amd64 compressed oops)
# Failed to write core dump. Minidumps are not enabled by default on client versions of Windows
#

---------------  T H R E A D  ---------------

Current thread (0x0000000017b88000):  JavaThread "C2 CompilerThread0" daemon [_thread_in_native, id=13780, stack(0x00000000196f0000,0x00000000197f0000)]

Stack: [0x00000000196f0000,0x00000000197f0000]
[error occurred during error reporting (printing stack bounds), id 0xc0000005]

Native frames: (J=compiled Java code, j=interpreted, Vv=VM code, C=native code)


Current CompileTask:
C2:  32617 6330       4       org.codehaus.groovy.classgen.VariableScopeVisitor::findClassMember (221 bytes)


---------------  P R O C E S S  ---------------

Java Threads: ( => current thread )
  0x000000001a779800 JavaThread "/127.0.0.1:55631 to /127.0.0.1:55629 workers Thread 3" [_thread_in_native, id=13864, stack(0x000000001bb00000,0x000000001bc00000)]
  0x000000001a774800 JavaThread "/127.0.0.1:55631 to /127.0.0.1:55629 workers Thread 2" [_thread_blocked, id=10484, stack(0x000000001ba00000,0x000000001bb00000)]
  0x000000001a724000 JavaThread "/127.0.0.1:55631 to /127.0.0.1:55629 workers" [_thread_in_Java, id=12136, stack(0x000000001b5c0000,0x000000001b6c0000)]
  0x000000001a69f000 JavaThread "Memory manager" [_thread_blocked, id=9128, stack(0x000000001b4c0000,0x000000001b5c0000)]
  0x0000000017bbd000 JavaThread "Service Thread" daemon [_thread_blocked, id=16416, stack(0x00000000199f0000,0x0000000019af0000)]
  0x0000000017bbb800 JavaThread "C1 CompilerThread2" daemon [_thread_blocked, id=13732, stack(0x00000000198f0000,0x00000000199f0000)]
  0x0000000017b8a000 JavaThread "C2 CompilerThread1" daemon [_thread_in_native, id=14624, stack(0x00000000197f0000,0x00000000198f0000)]
=>0x0000000017b88000 JavaThread "C2 CompilerThread0" daemon [_thread_in_native, id=13780, stack(0x00000000196f0000,0x00000000197f0000)]
  0x0000000018ff3800 JavaThread "Attach Listener" daemon [_thread_blocked, id=17080, stack(0x00000000195f0000,0x00000000196f0000)]
  0x0000000018ff2800 JavaThread "Signal Dispatcher" daemon [_thread_blocked, id=17768, stack(0x00000000194f0000,0x00000000195f0000)]
  0x0000000017b49800 JavaThread "Finalizer" daemon [_thread_blocked, id=9840, stack(0x0000000018db0000,0x0000000018eb0000)]
  0x0000000002f81000 JavaThread "Reference Handler" daemon [_thread_blocked, id=14076, stack(0x0000000018cb0000,0x0000000018db0000)]
  0x0000000002e91000 JavaThread "main" [_thread_blocked, id=1556, stack(0x0000000002d10000,0x0000000002e10000)]

Other Threads:
  0x0000000017b27800 VMThread [stack: 0x0000000018bb0000,0x0000000018cb0000] [id=14284]
  0x0000000019061000 WatcherThread [stack: 0x0000000019af0000,0x0000000019bf0000] [id=16592]

VM state:not at safepoint (normal execution)

VM Mutex/Monitor currently owned by a thread: None

Heap:
 PSYoungGen      total 527360K, used 97965K [0x00000000d5e00000, 0x00000000fcc00000, 0x0000000100000000)
  eden space 488448K, 18% used [0x00000000d5e00000,0x00000000db42f380,0x00000000f3b00000)
  from space 38912K, 24% used [0x00000000f7800000,0x00000000f817c248,0x00000000f9e00000)
  to   space 62464K, 0% used [0x00000000f3b00000,0x00000000f3b00000,0x00000000f7800000)
 ParOldGen       total 118784K, used 118437K [0x0000000081a00000, 0x0000000088e00000, 0x00000000d5e00000)
  object space 118784K, 99% used [0x0000000081a00000,0x0000000088da9678,0x0000000088e00000)
 Metaspace       used 31724K, capacity 32418K, committed 32640K, reserved 1079296K
  class space    used 3428K, capacity 3681K, committed 3712K, reserved 1048576K

Card table byte_map: [0x00000000123e0000,0x00000000127e0000] byte_map_base: 0x0000000011fd3000

Marking Bits: (ParMarkBitMap*) 0x000000006e2cb6d0
 Begin Bits: [0x0000000012e90000, 0x0000000014e28000)
 End Bits:   [0x0000000014e28000, 0x0000000016dc0000)

Polling page: 0x0000000001500000

CodeCache: size=245760Kb used=24376Kb max_used=24401Kb free=221383Kb
 bounds [0x0000000003020000, 0x0000000004810000, 0x0000000012020000]
 total_blobs=6055 nmethods=5384 adapters=581
 compilation: enabled

Compilation events (10 events):
Event: 32.452 Thread 0x0000000017b88000 nmethod 6445 0x00000000047f0890 code [0x00000000047f10a0, 0x00000000047f6c30]
Event: 32.452 Thread 0x0000000017b88000 6330       4       org.codehaus.groovy.classgen.VariableScopeVisitor::findClassMember (221 bytes)
Event: 32.565 Thread 0x0000000017bbb800 6492       2       org.codehaus.groovy.transform.stc.StaticTypeCheckingVisitor::checkTypeGenerics (100 bytes)
Event: 32.566 Thread 0x0000000017bbb800 nmethod 6492 0x00000000047d6650 code [0x00000000047d6880, 0x00000000047d7108]
Event: 32.570 Thread 0x0000000017bbb800 6493       2       org.grails.datastore.mapping.reflect.AstAnnotationUtils::findAnnotation (61 bytes)
Event: 32.570 Thread 0x0000000017bbb800 nmethod 6493 0x00000000047d5f10 code [0x00000000047d60c0, 0x00000000047d63d8]
Event: 32.606 Thread 0x0000000017bbb800 6494   !   2       java.util.ArrayList::clone (40 bytes)
Event: 32.607 Thread 0x0000000017bbb800 nmethod 6494 0x00000000047d5850 code [0x00000000047d59e0, 0x00000000047d5cc8]
Event: 32.613 Thread 0x0000000017bbb800 6495       2       org.codehaus.groovy.control.ProcessingUnit::configure (6 bytes)
Event: 32.613 Thread 0x0000000017bbb800 nmethod 6495 0x00000000047cfa10 code [0x00000000047cfb60, 0x00000000047cfcd0]

GC Heap History (10 events):
Event: 11.689 GC heap before
{Heap before GC invocations=10 (full 0):
 PSYoungGen      total 285184K, used 138854K [0x00000000d5e00000, 0x00000000f2c00000, 0x0000000100000000)
  eden space 258560K, 44% used [0x00000000d5e00000,0x00000000dce0a838,0x00000000e5a80000)
  from space 26624K, 90% used [0x00000000e5a80000,0x00000000e720f0e0,0x00000000e7480000)
  to   space 29696K, 0% used [0x00000000f0f00000,0x00000000f0f00000,0x00000000f2c00000)
 ParOldGen       total 87552K, used 30817K [0x0000000081a00000, 0x0000000086f80000, 0x00000000d5e00000)
  object space 87552K, 35% used [0x0000000081a00000,0x0000000083818760,0x0000000086f80000)
 Metaspace       used 20831K, capacity 21180K, committed 21248K, reserved 1069056K
  class space    used 2347K, capacity 2494K, committed 2560K, reserved 1048576K
Event: 11.825 GC heap after
Heap after GC invocations=10 (full 0):
 PSYoungGen      total 442368K, used 7718K [0x00000000d5e00000, 0x00000000f2b00000, 0x0000000100000000)
  eden space 413696K, 0% used [0x00000000d5e00000,0x00000000d5e00000,0x00000000ef200000)
  from space 28672K, 26% used [0x00000000f0f00000,0x00000000f1689a70,0x00000000f2b00000)
  to   space 29184K, 0% used [0x00000000ef200000,0x00000000ef200000,0x00000000f0e80000)
 ParOldGen       total 87552K, used 48897K [0x0000000081a00000, 0x0000000086f80000, 0x00000000d5e00000)
  object space 87552K, 55% used [0x0000000081a00000,0x00000000849c0760,0x0000000086f80000)
 Metaspace       used 20831K, capacity 21180K, committed 21248K, reserved 1069056K
  class space    used 2347K, capacity 2494K, committed 2560K, reserved 1048576K
}
Event: 11.825 GC heap before
{Heap before GC invocations=11 (full 1):
 PSYoungGen      total 442368K, used 7718K [0x00000000d5e00000, 0x00000000f2b00000, 0x0000000100000000)
  eden space 413696K, 0% used [0x00000000d5e00000,0x00000000d5e00000,0x00000000ef200000)
  from space 28672K, 26% used [0x00000000f0f00000,0x00000000f1689a70,0x00000000f2b00000)
  to   space 29184K, 0% used [0x00000000ef200000,0x00000000ef200000,0x00000000f0e80000)
 ParOldGen       total 87552K, used 48897K [0x0000000081a00000, 0x0000000086f80000, 0x00000000d5e00000)
  object space 87552K, 55% used [0x0000000081a00000,0x00000000849c0760,0x0000000086f80000)
 Metaspace       used 20831K, capacity 21180K, committed 21248K, reserved 1069056K
  class space    used 2347K, capacity 2494K, committed 2560K, reserved 1048576K
Event: 12.751 GC heap after
Heap after GC invocations=11 (full 1):
 PSYoungGen      total 442368K, used 0K [0x00000000d5e00000, 0x00000000f2b00000, 0x0000000100000000)
  eden space 413696K, 0% used [0x00000000d5e00000,0x00000000d5e00000,0x00000000ef200000)
  from space 28672K, 0% used [0x00000000f0f00000,0x00000000f0f00000,0x00000000f2b00000)
  to   space 29184K, 0% used [0x00000000ef200000,0x00000000ef200000,0x00000000f0e80000)
 ParOldGen       total 118784K, used 52365K [0x0000000081a00000, 0x0000000088e00000, 0x00000000d5e00000)
  object space 118784K, 44% used [0x0000000081a00000,0x0000000084d23540,0x0000000088e00000)
 Metaspace       used 20831K, capacity 21180K, committed 21248K, reserved 1069056K
  class space    used 2347K, capacity 2494K, committed 2560K, reserved 1048576K
}
Event: 21.749 GC heap before
{Heap before GC invocations=12 (full 1):
 PSYoungGen      total 442368K, used 413696K [0x00000000d5e00000, 0x00000000f2b00000, 0x0000000100000000)
  eden space 413696K, 100% used [0x00000000d5e00000,0x00000000ef200000,0x00000000ef200000)
  from space 28672K, 0% used [0x00000000f0f00000,0x00000000f0f00000,0x00000000f2b00000)
  to   space 29184K, 0% used [0x00000000ef200000,0x00000000ef200000,0x00000000f0e80000)
 ParOldGen       total 118784K, used 52365K [0x0000000081a00000, 0x0000000088e00000, 0x00000000d5e00000)
  object space 118784K, 44% used [0x0000000081a00000,0x0000000084d23540,0x0000000088e00000)
 Metaspace       used 28315K, capacity 28744K, committed 28928K, reserved 1075200K
  class space    used 3148K, capacity 3314K, committed 3328K, reserved 1048576K
Event: 21.947 GC heap after
Heap after GC invocations=12 (full 1):
 PSYoungGen      total 442880K, used 29172K [0x00000000d5e00000, 0x00000000f9e00000, 0x0000000100000000)
  eden space 413696K, 0% used [0x00000000d5e00000,0x00000000d5e00000,0x00000000ef200000)
  from space 29184K, 99% used [0x00000000ef200000,0x00000000f0e7d0f8,0x00000000f0e80000)
  to   space 38912K, 0% used [0x00000000f7800000,0x00000000f7800000,0x00000000f9e00000)
 ParOldGen       total 118784K, used 66722K [0x0000000081a00000, 0x0000000088e00000, 0x00000000d5e00000)
  object space 118784K, 56% used [0x0000000081a00000,0x0000000085b28ab0,0x0000000088e00000)
 Metaspace       used 28315K, capacity 28744K, committed 28928K, reserved 1075200K
  class space    used 3148K, capacity 3314K, committed 3328K, reserved 1048576K
}
Event: 28.828 GC heap before
{Heap before GC invocations=13 (full 1):
 PSYoungGen      total 442880K, used 442868K [0x00000000d5e00000, 0x00000000f9e00000, 0x0000000100000000)
  eden space 413696K, 100% used [0x00000000d5e00000,0x00000000ef200000,0x00000000ef200000)
  from space 29184K, 99% used [0x00000000ef200000,0x00000000f0e7d0f8,0x00000000f0e80000)
  to   space 38912K, 0% used [0x00000000f7800000,0x00000000f7800000,0x00000000f9e00000)
 ParOldGen       total 118784K, used 66722K [0x0000000081a00000, 0x0000000088e00000, 0x00000000d5e00000)
  object space 118784K, 56% used [0x0000000081a00000,0x0000000085b28ab0,0x0000000088e00000)
 Metaspace       used 28624K, capacity 29120K, committed 29312K, reserved 1075200K
  class space    used 3161K, capacity 3334K, committed 3456K, reserved 1048576K
Event: 29.168 GC heap after
Heap after GC invocations=13 (full 1):
 PSYoungGen      total 527360K, used 38912K [0x00000000d5e00000, 0x00000000fcc00000, 0x0000000100000000)
  eden space 488448K, 0% used [0x00000000d5e00000,0x00000000d5e00000,0x00000000f3b00000)
  from space 38912K, 100% used [0x00000000f7800000,0x00000000f9e00000,0x00000000f9e00000)
  to   space 62464K, 0% used [0x00000000f3b00000,0x00000000f3b00000,0x00000000f7800000)
 ParOldGen       total 118784K, used 113402K [0x0000000081a00000, 0x0000000088e00000, 0x00000000d5e00000)
  object space 118784K, 95% used [0x0000000081a00000,0x00000000888be998,0x0000000088e00000)
 Metaspace       used 28624K, capacity 29120K, committed 29312K, reserved 1075200K
  class space    used 3161K, capacity 3334K, committed 3456K, reserved 1048576K
}
Event: 29.169 GC heap before
{Heap before GC invocations=14 (full 2):
 PSYoungGen      total 527360K, used 38912K [0x00000000d5e00000, 0x00000000fcc00000, 0x0000000100000000)
  eden space 488448K, 0% used [0x00000000d5e00000,0x00000000d5e00000,0x00000000f3b00000)
  from space 38912K, 100% used [0x00000000f7800000,0x00000000f9e00000,0x00000000f9e00000)
  to   space 62464K, 0% used [0x00000000f3b00000,0x00000000f3b00000,0x00000000f7800000)
 ParOldGen       total 118784K, used 113402K [0x0000000081a00000, 0x0000000088e00000, 0x00000000d5e00000)
  object space 118784K, 95% used [0x0000000081a00000,0x00000000888be998,0x0000000088e00000)
 Metaspace       used 28624K, capacity 29120K, committed 29312K, reserved 1075200K
  class space    used 3161K, capacity 3334K, committed 3456K, reserved 1048576K
Event: 30.704 GC heap after
Heap after GC invocations=14 (full 2):
 PSYoungGen      total 527360K, used 9712K [0x00000000d5e00000, 0x00000000fcc00000, 0x0000000100000000)
  eden space 488448K, 0% used [0x00000000d5e00000,0x00000000d5e00000,0x00000000f3b00000)
  from space 38912K, 24% used [0x00000000f7800000,0x00000000f817c248,0x00000000f9e00000)
  to   space 62464K, 0% used [0x00000000f3b00000,0x00000000f3b00000,0x00000000f7800000)
 ParOldGen       total 118784K, used 118437K [0x0000000081a00000, 0x0000000088e00000, 0x00000000d5e00000)
  object space 118784K, 99% used [0x0000000081a00000,0x0000000088da9678,0x0000000088e00000)
 Metaspace       used 28624K, capacity 29120K, committed 29312K, reserved 1075200K
  class space    used 3161K, capacity 3334K, committed 3456K, reserved 1048576K
}

Deoptimization events (10 events):
Event: 31.803 Thread 0x000000001a724000 Uncommon trap: reason=bimorphic action=maybe_recompile pc=0x0000000004019fbc method=org.codehaus.groovy.ast.expr.CastExpression.transformExpression(Lorg/codehaus/groovy/ast/expr/ExpressionTransformer;)Lorg/codehaus/groovy/ast/expr/Expression; @ 13
Event: 31.804 Thread 0x000000001a724000 Uncommon trap: reason=unstable_if action=reinterpret pc=0x0000000003d21948 method=org.codehaus.groovy.ast.ClassNode.getCompileUnit()Lorg/codehaus/groovy/ast/CompileUnit; @ 4
Event: 31.923 Thread 0x000000001a724000 Uncommon trap: reason=unstable_if action=reinterpret pc=0x0000000003565f04 method=java.util.LinkedList.node(I)Ljava/util/LinkedList$Node; @ 19
Event: 31.925 Thread 0x000000001a724000 Uncommon trap: reason=unstable_if action=reinterpret pc=0x0000000003c0bfa4 method=org.codehaus.groovy.ast.ClassNode.isDerivedFrom(Lorg/codehaus/groovy/ast/ClassNode;)Z @ 41
Event: 31.926 Thread 0x000000001a724000 Uncommon trap: reason=unstable_if action=reinterpret pc=0x00000000035164c0 method=org.codehaus.groovy.ast.ClassNode.declaresInterface(Lorg/codehaus/groovy/ast/ClassNode;)Z @ 75
Event: 31.935 Thread 0x000000001a724000 Uncommon trap: reason=unstable_if action=reinterpret pc=0x000000000388e7cc method=org.codehaus.groovy.ast.ASTNode.copyNodeMetaData(Lorg/codehaus/groovy/ast/ASTNode;)V @ 4
Event: 32.007 Thread 0x000000001a724000 Uncommon trap: reason=unstable_if action=reinterpret pc=0x000000000389b2f0 method=org.codehaus.groovy.ast.MethodNode.setParameters([Lorg/codehaus/groovy/ast/Parameter;)V @ 53
Event: 32.050 Thread 0x000000001a724000 Uncommon trap: reason=unstable_if action=reinterpret pc=0x0000000003e75f48 method=org.codehaus.groovy.ast.MethodNode.setParameters([Lorg/codehaus/groovy/ast/Parameter;)V @ 53
Event: 32.292 Thread 0x000000001a724000 Uncommon trap: reason=unstable_if action=reinterpret pc=0x0000000003ea57e0 method=org.codehaus.groovy.ast.ClassHelper.getWrapper(Lorg/codehaus/groovy/ast/ClassNode;)Lorg/codehaus/groovy/ast/ClassNode; @ 29
Event: 32.296 Thread 0x000000001a724000 Uncommon trap: reason=unstable_if action=reinterpret pc=0x00000000043a8cb8 method=org.codehaus.groovy.ast.ClassHelper.getWrapper(Lorg/codehaus/groovy/ast/ClassNode;)Lorg/codehaus/groovy/ast/ClassNode; @ 29

Internal exceptions (10 events):
Event: 31.847 Thread 0x000000001a724000 Exception <a 'java/lang/ClassNotFoundException': org/codehaus/groovy/runtime/DefaultGroovyMethodsSupportBeanInfo> (0x00000000da73b810) thrown at [C:\re\workspace\8-2-build-windows-amd64-cygwin\jdk8u121\8372\hotspot\src\share\vm\classfile\systemDictionary.
Event: 31.848 Thread 0x000000001a724000 Exception <a 'java/lang/ClassNotFoundException': org/codehaus/groovy/runtime/DefaultGroovyMethodsSupportCustomizer> (0x00000000da757098) thrown at [C:\re\workspace\8-2-build-windows-amd64-cygwin\jdk8u121\8372\hotspot\src\share\vm\classfile\systemDictionar
Event: 31.849 Thread 0x000000001a724000 Exception <a 'java/lang/ClassNotFoundException': org/codehaus/groovy/runtime/DefaultGroovyMethodsCustomizer> (0x00000000da772820) thrown at [C:\re\workspace\8-2-build-windows-amd64-cygwin\jdk8u121\8372\hotspot\src\share\vm\classfile\systemDictionary.cpp, 
Event: 31.939 Thread 0x000000001a724000 Exception <a 'java/lang/ClassNotFoundException': groovy/runtime/metaclass/[Lorg/codehaus/groovy/ast/Parameter;MetaClass> (0x00000000dadc19d8) thrown at [C:\re\workspace\8-2-build-windows-amd64-cygwin\jdk8u121\8372\hotspot\src\share\vm\prims\jni.cpp, line 
Event: 31.940 Thread 0x000000001a724000 Exception <a 'java/lang/ClassNotFoundException': [Lorg/codehaus/groovy/ast/Parameter;BeanInfo> (0x00000000dadc7080) thrown at [C:\re\workspace\8-2-build-windows-amd64-cygwin\jdk8u121\8372\hotspot\src\share\vm\prims\jni.cpp, line 735]
Event: 31.940 Thread 0x000000001a724000 Exception <a 'java/lang/ClassNotFoundException': [Lorg/codehaus/groovy/ast/Parameter;BeanInfo> (0x00000000dadc74f8) thrown at [C:\re\workspace\8-2-build-windows-amd64-cygwin\jdk8u121\8372\hotspot\src\share\vm\prims\jni.cpp, line 735]
Event: 31.940 Thread 0x000000001a724000 Exception <a 'java/lang/ClassNotFoundException': [Lorg/codehaus/groovy/ast/Parameter;BeanInfo> (0x00000000dadc7970) thrown at [C:\re\workspace\8-2-build-windows-amd64-cygwin\jdk8u121\8372\hotspot\src\share\vm\prims\jni.cpp, line 735]
Event: 31.940 Thread 0x000000001a724000 Exception <a 'java/lang/ClassNotFoundException': [Lorg/codehaus/groovy/ast/Parameter;Customizer> (0x00000000dadc8090) thrown at [C:\re\workspace\8-2-build-windows-amd64-cygwin\jdk8u121\8372\hotspot\src\share\vm\prims\jni.cpp, line 735]
Event: 31.940 Thread 0x000000001a724000 Exception <a 'java/lang/ClassNotFoundException': [Lorg/codehaus/groovy/ast/Parameter;Customizer> (0x00000000dadc8510) thrown at [C:\re\workspace\8-2-build-windows-amd64-cygwin\jdk8u121\8372\hotspot\src\share\vm\prims\jni.cpp, line 735]
Event: 31.940 Thread 0x000000001a724000 Exception <a 'java/lang/ClassNotFoundException': [Lorg/codehaus/groovy/ast/Parameter;Customizer> (0x00000000dadc8990) thrown at [C:\re\workspace\8-2-build-windows-amd64-cygwin\jdk8u121\8372\hotspot\src\share\vm\prims\jni.cpp, line 735]

Events (10 events):
Event: 32.007 Thread 0x000000001a724000 DEOPT UNPACKING pc=0x000000000306582a sp=0x000000001b6bd2c8 mode 2
Event: 32.050 Thread 0x000000001a724000 Uncommon trap: trap_request=0xffffff65 fr.pc=0x0000000003e75f48
Event: 32.050 Thread 0x000000001a724000 DEOPT PACKING pc=0x0000000003e75f48 sp=0x000000001b6bd330
Event: 32.050 Thread 0x000000001a724000 DEOPT UNPACKING pc=0x000000000306582a sp=0x000000001b6bd2d0 mode 2
Event: 32.292 Thread 0x000000001a724000 Uncommon trap: trap_request=0xffffff65 fr.pc=0x0000000003ea57e0
Event: 32.292 Thread 0x000000001a724000 DEOPT PACKING pc=0x0000000003ea57e0 sp=0x000000001b6bce40
Event: 32.292 Thread 0x000000001a724000 DEOPT UNPACKING pc=0x000000000306582a sp=0x000000001b6bcd90 mode 2
Event: 32.295 Thread 0x000000001a724000 Uncommon trap: trap_request=0xffffff65 fr.pc=0x00000000043a8cb8
Event: 32.296 Thread 0x000000001a724000 DEOPT PACKING pc=0x00000000043a8cb8 sp=0x000000001b6bce60
Event: 32.296 Thread 0x000000001a724000 DEOPT UNPACKING pc=0x000000000306582a sp=0x000000001b6bce00 mode 2


Dynamic libraries:
0x00007ff727b60000 - 0x00007ff727b97000 	C:\Program Files\Java\jdk1.8.0_121\bin\java.exe
0x00007ffcdc3b0000 - 0x00007ffcdc5a8000 	C:\WINDOWS\SYSTEM32\ntdll.dll
0x00007ffcdba10000 - 0x00007ffcdbacd000 	C:\WINDOWS\System32\KERNEL32.DLL
0x00007ffcd9f00000 - 0x00007ffcda1d2000 	C:\WINDOWS\System32\KERNELBASE.dll
0x00007ffcda660000 - 0x00007ffcda70e000 	C:\WINDOWS\System32\ADVAPI32.dll
0x00007ffcdb2d0000 - 0x00007ffcdb36e000 	C:\WINDOWS\System32\msvcrt.dll
0x00007ffcdb370000 - 0x00007ffcdb40c000 	C:\WINDOWS\System32\sechost.dll
0x00007ffcdafa0000 - 0x00007ffcdb0c5000 	C:\WINDOWS\System32\RPCRT4.dll
0x00007ffcdbe30000 - 0x00007ffcdbfcd000 	C:\WINDOWS\System32\USER32.dll
0x00007ffcd9ed0000 - 0x00007ffcd9ef2000 	C:\WINDOWS\System32\win32u.dll
0x00007ffcdbfe0000 - 0x00007ffcdc00b000 	C:\WINDOWS\System32\GDI32.dll
0x00007ffcda290000 - 0x00007ffcda39f000 	C:\WINDOWS\System32\gdi32full.dll
0x00007ffcd9c80000 - 0x00007ffcd9d1d000 	C:\WINDOWS\System32\msvcp_win.dll
0x00007ffcd9b80000 - 0x00007ffcd9c80000 	C:\WINDOWS\System32\ucrtbase.dll
0x00007ffcce870000 - 0x00007ffcceb0a000 	C:\WINDOWS\WinSxS\amd64_microsoft.windows.common-controls_6595b64144ccf1df_6.0.19041.1110_none_60b5254171f9507e\COMCTL32.dll
0x00007ffcdb0d0000 - 0x00007ffcdb100000 	C:\WINDOWS\System32\IMM32.DLL
0x000000006e350000 - 0x000000006e422000 	C:\Program Files\Java\jdk1.8.0_121\jre\bin\msvcr100.dll
0x000000006dab0000 - 0x000000006e34b000 	C:\Program Files\Java\jdk1.8.0_121\jre\bin\server\jvm.dll
0x00007ffcdbfd0000 - 0x00007ffcdbfd8000 	C:\WINDOWS\System32\PSAPI.DLL
0x00007ffccf230000 - 0x00007ffccf257000 	C:\WINDOWS\SYSTEM32\WINMM.dll
0x00007ffccf180000 - 0x00007ffccf18a000 	C:\WINDOWS\SYSTEM32\VERSION.dll
0x00007ffccd620000 - 0x00007ffccd629000 	C:\WINDOWS\SYSTEM32\WSOCK32.dll
0x00007ffcdc010000 - 0x00007ffcdc07b000 	C:\WINDOWS\System32\WS2_32.dll
0x000000006daa0000 - 0x000000006daaf000 	C:\Program Files\Java\jdk1.8.0_121\jre\bin\verify.dll
0x000000006da70000 - 0x000000006da99000 	C:\Program Files\Java\jdk1.8.0_121\jre\bin\java.dll
0x000000006da50000 - 0x000000006da66000 	C:\Program Files\Java\jdk1.8.0_121\jre\bin\zip.dll
0x00007ffcda850000 - 0x00007ffcdaf93000 	C:\WINDOWS\System32\SHELL32.dll
0x00007ffcd7770000 - 0x00007ffcd7f01000 	C:\WINDOWS\SYSTEM32\windows.storage.dll
0x00007ffcdbad0000 - 0x00007ffcdbe24000 	C:\WINDOWS\System32\combase.dll
0x00007ffcd9360000 - 0x00007ffcd9390000 	C:\WINDOWS\SYSTEM32\Wldp.dll
0x00007ffcdc2c0000 - 0x00007ffcdc36d000 	C:\WINDOWS\System32\SHCORE.dll
0x00007ffcdb530000 - 0x00007ffcdb585000 	C:\WINDOWS\System32\shlwapi.dll
0x00007ffcd9a00000 - 0x00007ffcd9a1f000 	C:\WINDOWS\SYSTEM32\profapi.dll
0x000000006da30000 - 0x000000006da4a000 	C:\Program Files\Java\jdk1.8.0_121\jre\bin\net.dll
0x00007ffcd9140000 - 0x00007ffcd91aa000 	C:\WINDOWS\system32\mswsock.dll
0x000000006da10000 - 0x000000006da21000 	C:\Program Files\Java\jdk1.8.0_121\jre\bin\nio.dll
0x00007ffcd0820000 - 0x00007ffcd083e000 	C:\Users\User\.gradle\native\25\windows-amd64\native-platform.dll
0x00007ffcd93a0000 - 0x00007ffcd93b8000 	C:\WINDOWS\SYSTEM32\CRYPTSP.dll
0x00007ffcd8a80000 - 0x00007ffcd8ab4000 	C:\WINDOWS\system32\rsaenh.dll
0x00007ffcd9ac0000 - 0x00007ffcd9ae7000 	C:\WINDOWS\System32\bcrypt.dll
0x00007ffcd99c0000 - 0x00007ffcd99ee000 	C:\WINDOWS\SYSTEM32\USERENV.dll
0x00007ffcd9af0000 - 0x00007ffcd9b72000 	C:\WINDOWS\System32\bcryptprimitives.dll
0x00007ffcd92d0000 - 0x00007ffcd92dc000 	C:\WINDOWS\SYSTEM32\CRYPTBASE.dll
0x00007ffcd8e50000 - 0x00007ffcd8e8b000 	C:\WINDOWS\SYSTEM32\IPHLPAPI.DLL
0x00007ffcda4a0000 - 0x00007ffcda4a8000 	C:\WINDOWS\System32\NSI.dll
0x00007ffcd1f40000 - 0x00007ffcd1f57000 	C:\WINDOWS\SYSTEM32\dhcpcsvc6.DLL
0x00007ffcd1e60000 - 0x00007ffcd1e7d000 	C:\WINDOWS\SYSTEM32\dhcpcsvc.DLL
0x00007ffcd8e90000 - 0x00007ffcd8f5a000 	C:\WINDOWS\SYSTEM32\DNSAPI.dll

VM Arguments:
jvm_args: -Djava.security.manager=worker.org.gradle.process.internal.worker.child.BootstrapSecurityManager -Dfile.encoding=UTF-8 -Duser.country=IN -Duser.language=en -Duser.variant 
java_command: worker.org.gradle.process.internal.worker.GradleWorkerMain 'Gradle Worker Daemon 1'
java_class_path (initial): C:\Users\User\.gradle\caches\3.5\workerMain\gradle-worker.jar
Launcher Type: SUN_STANDARD

Environment Variables:
JAVA_HOME=C:\Program Files\Java\jdk-15.0.2
PATH=C:\Program Files\Common Files\Oracle\Java\javapath;C:\Python39\Scripts\;C:\Python39\;C:\WINDOWS\system32;C:\WINDOWS;C:\WINDOWS\System32\Wbem;C:\WINDOWS\System32\WindowsPowerShell\v1.0\;C:\WINDOWS\System32\OpenSSH\;C:\Program Files\Git\cmd;C:\Program Files\nodejs\;C:\ProgramData\chocolatey\bin;C:\Program Files\Java\jdk1.8.0_121\bin;C:\hadoop\bin;C:\hadoop\sbin;C:\grails-3.3.6\bin;C:\Program Files\PostgreSQL\14\bin;C:\Program Files\PuTTY\;C:\Program Files\Docker\Docker\resources\bin;C:\ProgramData\DockerDesktop\version-bin;C:\Users\User\AppData\Local\Microsoft\WindowsApps;C:\Users\User\AppData\Roaming\npm;C:\Users\User\AppData\Local\Programs\Microsoft VS Code\bin;C:\Program Files\JetBrains\IntelliJ IDEA 2020.2.4\bin;;
USERNAME=Capulus
OS=Windows_NT
PROCESSOR_IDENTIFIER=Intel64 Family 6 Model 61 Stepping 4, GenuineIntel



---------------  S Y S T E M  ---------------

OS: Windows 10.0 , 64 bit Build 19041 (10.0.19041.1889)

CPU:total 4 (2 cores per cpu, 2 threads per core) family 6 model 61 stepping 4, cmov, cx8, fxsr, mmx, sse, sse2, sse3, ssse3, sse4.1, sse4.2, popcnt, avx, avx2, aes, clmul, erms, rtm, 3dnowpref, lzcnt, ht, tsc, tscinvbit, bmi1, bmi2, adx

Memory: 4k page, physical 8277520k(444352k free), swap 26593948k(6260k free)

vm_info: Java HotSpot(TM) 64-Bit Server VM (25.121-b13) for windows-amd64 JRE (1.8.0_121-b13), built on Dec 12 2016 18:21:36 by "java_re" with MS VC++ 10.0 (VS2010)

time: Sat Oct 15 00:06:45 2022
elapsed time: 32 seconds (0d 0h 0m 32s)

