#
# There is insufficient memory for the Java Runtime Environment to continue.
# Native memory allocation (malloc) failed to allocate 787696 bytes for Chunk::new
# Possible reasons:
#   The system is out of physical RAM or swap space
#   In 32 bit mode, the process size limit was hit
# Possible solutions:
#   Reduce memory load on the system
#   Increase physical memory or swap space
#   Check if swap backing store is full
#   Use 64 bit Java on a 64 bit OS
#   Decrease Java heap size (-Xmx/-Xms)
#   Decrease number of Java threads
#   Decrease Java thread stack sizes (-Xss)
#   Set larger code cache with -XX:ReservedCodeCacheSize=
# This output file may be truncated or incomplete.
#
#  Out of Memory Error (allocation.cpp:390), pid=15344, tid=0x0000000000003fb8
#
# JRE version: Java(TM) SE Runtime Environment (8.0_121-b13) (build 1.8.0_121-b13)
# Java VM: Java HotSpot(TM) 64-Bit Server VM (25.121-b13 mixed mode windows-amd64 compressed oops)
# Failed to write core dump. Minidumps are not enabled by default on client versions of Windows
#

---------------  T H R E A D  ---------------

Current thread (0x00000000170af000):  JavaThread "C2 CompilerThread0" daemon [_thread_in_native, id=16312, stack(0x0000000018710000,0x0000000018810000)]

Stack: [0x0000000018710000,0x0000000018810000]
[error occurred during error reporting (printing stack bounds), id 0xc0000005]

Native frames: (J=compiled Java code, j=interpreted, Vv=VM code, C=native code)


Current CompileTask:
C2:  14042 4676       4       org.gradle.model.internal.type.ModelType::wrap (219 bytes)


---------------  P R O C E S S  ---------------

Java Threads: ( => current thread )
  0x0000000019318000 JavaThread "Cache worker for task history cache (D:\PharmIT-Billing\.gradle\3.5\taskHistory)" [_thread_blocked, id=17892, stack(0x000000001f340000,0x000000001f440000)]
  0x000000001931c000 JavaThread "Memory manager" [_thread_blocked, id=16264, stack(0x000000001f010000,0x000000001f110000)]
  0x0000000019319800 JavaThread "Cache worker for Artifact transforms cache (C:\Users\User\.gradle\caches\transforms-1)" [_thread_blocked, id=7544, stack(0x000000001ed00000,0x000000001ee00000)]
  0x000000001931b000 JavaThread "File lock request listener" [_thread_in_native, id=14916, stack(0x000000001ca60000,0x000000001cb60000)]
  0x0000000019317800 JavaThread "Cache worker for file hash cache (C:\Users\User\.gradle\caches\3.5\fileHashes)" [_thread_blocked, id=16712, stack(0x000000001c960000,0x000000001ca60000)]
  0x0000000019eb9000 JavaThread "Stdin handler" [_thread_blocked, id=18908, stack(0x000000001c860000,0x000000001c960000)]
  0x0000000019736800 JavaThread "Asynchronous log dispatcher for DefaultDaemonConnection: socket connection from /127.0.0.1:51073 to /127.0.0.1:51074" [_thread_blocked, id=18776, stack(0x000000001c760000,0x000000001c860000)]
  0x0000000019e60800 JavaThread "Daemon worker" [_thread_in_Java, id=1504, stack(0x000000001c660000,0x000000001c760000)]
  0x000000001a121000 JavaThread "Cancel handler" [_thread_blocked, id=19284, stack(0x000000001c560000,0x000000001c660000)]
  0x000000001a130000 JavaThread "Handler for socket connection from /127.0.0.1:51073 to /127.0.0.1:51074" [_thread_in_native, id=16764, stack(0x000000001c260000,0x000000001c360000)]
  0x000000001a1d4800 JavaThread "Daemon" [_thread_blocked, id=17312, stack(0x000000001c160000,0x000000001c260000)]
  0x0000000019ebf000 JavaThread "Daemon periodic checks" [_thread_blocked, id=19432, stack(0x000000001c060000,0x000000001c160000)]
  0x000000001a697800 JavaThread "Incoming local TCP Connector on port 51073" [_thread_in_native, id=12228, stack(0x000000001be20000,0x000000001bf20000)]
  0x000000001a686800 JavaThread "Daemon health stats" [_thread_blocked, id=17856, stack(0x000000001b7b0000,0x000000001b8b0000)]
  0x00000000170fe800 JavaThread "Service Thread" daemon [_thread_blocked, id=7776, stack(0x0000000018e10000,0x0000000018f10000)]
  0x00000000170c2000 JavaThread "C1 CompilerThread2" daemon [_thread_blocked, id=9876, stack(0x0000000018910000,0x0000000018a10000)]
  0x00000000170b3000 JavaThread "C2 CompilerThread1" daemon [_thread_in_vm, id=7708, stack(0x0000000018810000,0x0000000018910000)]
=>0x00000000170af000 JavaThread "C2 CompilerThread0" daemon [_thread_in_native, id=16312, stack(0x0000000018710000,0x0000000018810000)]
  0x00000000170ad800 JavaThread "Attach Listener" daemon [_thread_blocked, id=8224, stack(0x0000000018610000,0x0000000018710000)]
  0x00000000170aa800 JavaThread "Signal Dispatcher" daemon [_thread_blocked, id=8008, stack(0x0000000018510000,0x0000000018610000)]
  0x000000001709a800 JavaThread "Finalizer" daemon [_thread_blocked, id=6496, stack(0x0000000018310000,0x0000000018410000)]
  0x0000000002480000 JavaThread "Reference Handler" daemon [_thread_blocked, id=5508, stack(0x0000000018210000,0x0000000018310000)]
  0x0000000002392800 JavaThread "main" [_thread_blocked, id=15128, stack(0x0000000002270000,0x0000000002370000)]

Other Threads:
  0x0000000017078000 VMThread [stack: 0x0000000018110000,0x0000000018210000] [id=2272]
  0x0000000017102800 WatcherThread [stack: 0x0000000018f10000,0x0000000019010000] [id=3400]

VM state:not at safepoint (normal execution)

VM Mutex/Monitor currently owned by a thread: None

Heap:
 PSYoungGen      total 49664K, used 17912K [0x00000000d5580000, 0x00000000d9b80000, 0x0000000100000000)
  eden space 38912K, 38% used [0x00000000d5580000,0x00000000d64046e8,0x00000000d7b80000)
  from space 10752K, 28% used [0x00000000d8680000,0x00000000d8979bf0,0x00000000d9100000)
  to   space 11264K, 0% used [0x00000000d7b80000,0x00000000d7b80000,0x00000000d8680000)
 ParOldGen       total 61952K, used 19715K [0x0000000080000000, 0x0000000083c80000, 0x00000000d5580000)
  object space 61952K, 31% used [0x0000000080000000,0x0000000081340c78,0x0000000083c80000)
 Metaspace       used 37523K, capacity 38360K, committed 38528K, reserved 1083392K
  class space    used 5013K, capacity 5185K, committed 5248K, reserved 1048576K

Card table byte_map: [0x0000000011850000,0x0000000011c60000] byte_map_base: 0x0000000011450000

Marking Bits: (ParMarkBitMap*) 0x00000000556cb6d0
 Begin Bits: [0x0000000012310000, 0x0000000014310000)
 End Bits:   [0x0000000014310000, 0x0000000016310000)

Polling page: 0x00000000005f0000

CodeCache: size=245760Kb used=15999Kb max_used=16022Kb free=229760Kb
 bounds [0x0000000002490000, 0x0000000003450000, 0x0000000011490000]
 total_blobs=5175 nmethods=4470 adapters=616
 compilation: enabled

Compilation events (10 events):
Event: 14.034 Thread 0x00000000170c2000 4738       3       com.google.common.collect.Ordering::natural (4 bytes)
Event: 14.034 Thread 0x00000000170c2000 nmethod 4738 0x00000000028b69d0 code [0x00000000028b6b20, 0x00000000028b6c50]
Event: 14.037 Thread 0x00000000170c2000 4739       3       org.gradle.internal.reflect.PropertyAccessorType$2::propertyTypeFor (5 bytes)
Event: 14.038 Thread 0x00000000170c2000 nmethod 4739 0x00000000029eeb10 code [0x00000000029eed00, 0x00000000029ef7b8]
Event: 14.038 Thread 0x00000000170c2000 4741       3       com.google.common.collect.SingletonImmutableList::copyIntoArray (11 bytes)
Event: 14.038 Thread 0x00000000170c2000 nmethod 4741 0x00000000029acb90 code [0x00000000029acd00, 0x00000000029acfb0]
Event: 14.038 Thread 0x00000000170c2000 4740       3       com.google.common.collect.SingletonImmutableBiMap::createKeySet (8 bytes)
Event: 14.039 Thread 0x00000000170c2000 nmethod 4740 0x0000000002972290 code [0x0000000002972440, 0x0000000002972988]
Event: 14.039 Thread 0x00000000170c2000 4742       1       com.google.common.collect.RegularImmutableSortedMap::values (5 bytes)
Event: 14.039 Thread 0x00000000170c2000 nmethod 4742 0x0000000003430090 code [0x00000000034301e0, 0x00000000034302f0]

GC Heap History (10 events):
Event: 11.463 GC heap before
{Heap before GC invocations=10 (full 1):
 PSYoungGen      total 32256K, used 32244K [0x00000000d5580000, 0x00000000da200000, 0x0000000100000000)
  eden space 27136K, 100% used [0x00000000d5580000,0x00000000d7000000,0x00000000d7000000)
  from space 5120K, 99% used [0x00000000d7b00000,0x00000000d7ffd030,0x00000000d8000000)
  to   space 11264K, 0% used [0x00000000d7000000,0x00000000d7000000,0x00000000d7b00000)
 ParOldGen       total 61952K, used 15774K [0x0000000080000000, 0x0000000083c80000, 0x00000000d5580000)
  object space 61952K, 25% used [0x0000000080000000,0x0000000080f67a30,0x0000000083c80000)
 Metaspace       used 31249K, capacity 31998K, committed 32128K, reserved 1077248K
  class space    used 4265K, capacity 4456K, committed 4480K, reserved 1048576K
Event: 11.477 GC heap after
Heap after GC invocations=10 (full 1):
 PSYoungGen      total 38400K, used 4208K [0x00000000d5580000, 0x00000000d9180000, 0x0000000100000000)
  eden space 27136K, 0% used [0x00000000d5580000,0x00000000d5580000,0x00000000d7000000)
  from space 11264K, 37% used [0x00000000d7000000,0x00000000d741c010,0x00000000d7b00000)
  to   space 11264K, 0% used [0x00000000d8680000,0x00000000d8680000,0x00000000d9180000)
 ParOldGen       total 61952K, used 18146K [0x0000000080000000, 0x0000000083c80000, 0x00000000d5580000)
  object space 61952K, 29% used [0x0000000080000000,0x00000000811b8950,0x0000000083c80000)
 Metaspace       used 31249K, capacity 31998K, committed 32128K, reserved 1077248K
  class space    used 4265K, capacity 4456K, committed 4480K, reserved 1048576K
}
Event: 12.193 GC heap before
{Heap before GC invocations=11 (full 1):
 PSYoungGen      total 38400K, used 31344K [0x00000000d5580000, 0x00000000d9180000, 0x0000000100000000)
  eden space 27136K, 100% used [0x00000000d5580000,0x00000000d7000000,0x00000000d7000000)
  from space 11264K, 37% used [0x00000000d7000000,0x00000000d741c010,0x00000000d7b00000)
  to   space 11264K, 0% used [0x00000000d8680000,0x00000000d8680000,0x00000000d9180000)
 ParOldGen       total 61952K, used 18146K [0x0000000080000000, 0x0000000083c80000, 0x00000000d5580000)
  object space 61952K, 29% used [0x0000000080000000,0x00000000811b8950,0x0000000083c80000)
 Metaspace       used 32196K, capacity 32810K, committed 33024K, reserved 1077248K
  class space    used 4380K, capacity 4554K, committed 4608K, reserved 1048576K
Event: 12.203 GC heap after
Heap after GC invocations=11 (full 1):
 PSYoungGen      total 49152K, used 4774K [0x00000000d5580000, 0x00000000d9100000, 0x0000000100000000)
  eden space 38400K, 0% used [0x00000000d5580000,0x00000000d5580000,0x00000000d7b00000)
  from space 10752K, 44% used [0x00000000d8680000,0x00000000d8b29940,0x00000000d9100000)
  to   space 11264K, 0% used [0x00000000d7b00000,0x00000000d7b00000,0x00000000d8600000)
 ParOldGen       total 61952K, used 20873K [0x0000000080000000, 0x0000000083c80000, 0x00000000d5580000)
  object space 61952K, 33% used [0x0000000080000000,0x00000000814626d8,0x0000000083c80000)
 Metaspace       used 32196K, capacity 32810K, committed 33024K, reserved 1077248K
  class space    used 4380K, capacity 4554K, committed 4608K, reserved 1048576K
}
Event: 12.736 GC heap before
{Heap before GC invocations=12 (full 1):
 PSYoungGen      total 49152K, used 26655K [0x00000000d5580000, 0x00000000d9100000, 0x0000000100000000)
  eden space 38400K, 56% used [0x00000000d5580000,0x00000000d6ade490,0x00000000d7b00000)
  from space 10752K, 44% used [0x00000000d8680000,0x00000000d8b29940,0x00000000d9100000)
  to   space 11264K, 0% used [0x00000000d7b00000,0x00000000d7b00000,0x00000000d8600000)
 ParOldGen       total 61952K, used 20873K [0x0000000080000000, 0x0000000083c80000, 0x00000000d5580000)
  object space 61952K, 33% used [0x0000000080000000,0x00000000814626d8,0x0000000083c80000)
 Metaspace       used 34617K, capacity 35310K, committed 35416K, reserved 1079296K
  class space    used 4594K, capacity 4788K, committed 4864K, reserved 1048576K
Event: 12.745 GC heap after
Heap after GC invocations=12 (full 1):
 PSYoungGen      total 49664K, used 3313K [0x00000000d5580000, 0x00000000d9100000, 0x0000000100000000)
  eden space 38400K, 0% used [0x00000000d5580000,0x00000000d5580000,0x00000000d7b00000)
  from space 11264K, 29% used [0x00000000d7b00000,0x00000000d7e3c680,0x00000000d8600000)
  to   space 10752K, 0% used [0x00000000d8680000,0x00000000d8680000,0x00000000d9100000)
 ParOldGen       total 61952K, used 24797K [0x0000000080000000, 0x0000000083c80000, 0x00000000d5580000)
  object space 61952K, 40% used [0x0000000080000000,0x0000000081837758,0x0000000083c80000)
 Metaspace       used 34617K, capacity 35310K, committed 35416K, reserved 1079296K
  class space    used 4594K, capacity 4788K, committed 4864K, reserved 1048576K
}
Event: 12.745 GC heap before
{Heap before GC invocations=13 (full 2):
 PSYoungGen      total 49664K, used 3313K [0x00000000d5580000, 0x00000000d9100000, 0x0000000100000000)
  eden space 38400K, 0% used [0x00000000d5580000,0x00000000d5580000,0x00000000d7b00000)
  from space 11264K, 29% used [0x00000000d7b00000,0x00000000d7e3c680,0x00000000d8600000)
  to   space 10752K, 0% used [0x00000000d8680000,0x00000000d8680000,0x00000000d9100000)
 ParOldGen       total 61952K, used 24797K [0x0000000080000000, 0x0000000083c80000, 0x00000000d5580000)
  object space 61952K, 40% used [0x0000000080000000,0x0000000081837758,0x0000000083c80000)
 Metaspace       used 34617K, capacity 35310K, committed 35416K, reserved 1079296K
  class space    used 4594K, capacity 4788K, committed 4864K, reserved 1048576K
Event: 12.880 GC heap after
Heap after GC invocations=13 (full 2):
 PSYoungGen      total 49664K, used 0K [0x00000000d5580000, 0x00000000d9100000, 0x0000000100000000)
  eden space 38400K, 0% used [0x00000000d5580000,0x00000000d5580000,0x00000000d7b00000)
  from space 11264K, 0% used [0x00000000d7b00000,0x00000000d7b00000,0x00000000d8600000)
  to   space 10752K, 0% used [0x00000000d8680000,0x00000000d8680000,0x00000000d9100000)
 ParOldGen       total 61952K, used 19707K [0x0000000080000000, 0x0000000083c80000, 0x00000000d5580000)
  object space 61952K, 31% used [0x0000000080000000,0x000000008133ec78,0x0000000083c80000)
 Metaspace       used 34617K, capacity 35310K, committed 35416K, reserved 1079296K
  class space    used 4594K, capacity 4788K, committed 4864K, reserved 1048576K
}
Event: 13.929 GC heap before
{Heap before GC invocations=14 (full 2):
 PSYoungGen      total 49664K, used 38400K [0x00000000d5580000, 0x00000000d9100000, 0x0000000100000000)
  eden space 38400K, 100% used [0x00000000d5580000,0x00000000d7b00000,0x00000000d7b00000)
  from space 11264K, 0% used [0x00000000d7b00000,0x00000000d7b00000,0x00000000d8600000)
  to   space 10752K, 0% used [0x00000000d8680000,0x00000000d8680000,0x00000000d9100000)
 ParOldGen       total 61952K, used 19707K [0x0000000080000000, 0x0000000083c80000, 0x00000000d5580000)
  object space 61952K, 31% used [0x0000000080000000,0x000000008133ec78,0x0000000083c80000)
 Metaspace       used 37417K, capacity 38168K, committed 38272K, reserved 1083392K
  class space    used 5004K, capacity 5185K, committed 5248K, reserved 1048576K
Event: 13.936 GC heap after
Heap after GC invocations=14 (full 2):
 PSYoungGen      total 49664K, used 3046K [0x00000000d5580000, 0x00000000d9b80000, 0x0000000100000000)
  eden space 38912K, 0% used [0x00000000d5580000,0x00000000d5580000,0x00000000d7b80000)
  from space 10752K, 28% used [0x00000000d8680000,0x00000000d8979bf0,0x00000000d9100000)
  to   space 11264K, 0% used [0x00000000d7b80000,0x00000000d7b80000,0x00000000d8680000)
 ParOldGen       total 61952K, used 19715K [0x0000000080000000, 0x0000000083c80000, 0x00000000d5580000)
  object space 61952K, 31% used [0x0000000080000000,0x0000000081340c78,0x0000000083c80000)
 Metaspace       used 37417K, capacity 38168K, committed 38272K, reserved 1083392K
  class space    used 5004K, capacity 5185K, committed 5248K, reserved 1048576K
}

Deoptimization events (10 events):
Event: 12.961 Thread 0x0000000019e60800 Uncommon trap: reason=class_check action=maybe_recompile pc=0x00000000026501a8 method=java.lang.String.equals(Ljava/lang/Object;)Z @ 8
Event: 12.961 Thread 0x0000000019e60800 Uncommon trap: reason=class_check action=maybe_recompile pc=0x00000000026501a8 method=java.lang.String.equals(Ljava/lang/Object;)Z @ 8
Event: 13.318 Thread 0x0000000019e60800 Uncommon trap: reason=unstable_if action=reinterpret pc=0x0000000002f4a910 method=java.lang.Integer.valueOf(I)Ljava/lang/Integer; @ 3
Event: 13.373 Thread 0x0000000019e60800 Uncommon trap: reason=unstable_if action=reinterpret pc=0x00000000029c7000 method=sun.misc.MetaIndex.mayContain(Ljava/lang/String;)Z @ 38
Event: 13.660 Thread 0x0000000019e60800 Uncommon trap: reason=unstable_if action=reinterpret pc=0x0000000003301a50 method=org.objectweb.asm.MethodWriter.visitVarInsn(II)V @ 22
Event: 13.771 Thread 0x0000000019e60800 Uncommon trap: reason=unstable_if action=reinterpret pc=0x0000000002de15b8 method=java.util.HashMap.putVal(ILjava/lang/Object;Ljava/lang/Object;ZZ)Ljava/lang/Object; @ 162
Event: 13.771 Thread 0x0000000019e60800 Uncommon trap: reason=unstable_if action=reinterpret pc=0x0000000002de3f88 method=java.util.HashMap.putVal(ILjava/lang/Object;Ljava/lang/Object;ZZ)Ljava/lang/Object; @ 162
Event: 13.772 Thread 0x0000000019e60800 Uncommon trap: reason=unstable_if action=reinterpret pc=0x00000000029683b4 method=java.util.HashMap.resize()[Ljava/util/HashMap$Node; @ 206
Event: 13.964 Thread 0x0000000019e60800 Uncommon trap: reason=unstable_if action=reinterpret pc=0x00000000033d7444 method=java.lang.reflect.Modifier.toString(I)Ljava/lang/String; @ 123
Event: 13.964 Thread 0x0000000019e60800 Uncommon trap: reason=unstable_if action=reinterpret pc=0x00000000033ce638 method=java.lang.reflect.Modifier.toString(I)Ljava/lang/String; @ 123

Internal exceptions (10 events):
Event: 12.295 Thread 0x0000000019e60800 Exception <a 'java/lang/ClassNotFoundException': org/codehaus/groovy/transform/AbstractASTTransformationCustomizer> (0x00000000d57b9460) thrown at [C:\re\workspace\8-2-build-windows-amd64-cygwin\jdk8u121\8372\hotspot\src\share\vm\classfile\systemDictionar
Event: 12.297 Thread 0x0000000019e60800 Exception <a 'java/lang/ClassNotFoundException': org/grails/compiler/gorm/GlobalJpaEntityTransformCustomizer> (0x00000000d57e51f8) thrown at [C:\re\workspace\8-2-build-windows-amd64-cygwin\jdk8u121\8372\hotspot\src\share\vm\classfile\systemDictionary.cpp,
Event: 12.318 Thread 0x0000000019e60800 Exception <a 'java/lang/ClassNotFoundException': org/grails/compiler/injection/GlobalGrailsClassInjectorTransformationBeanInfo> (0x00000000d58a2fa0) thrown at [C:\re\workspace\8-2-build-windows-amd64-cygwin\jdk8u121\8372\hotspot\src\share\vm\classfile\sys
Event: 12.319 Thread 0x0000000019e60800 Exception <a 'java/lang/ClassNotFoundException': org/grails/compiler/injection/GlobalGrailsClassInjectorTransformationCustomizer> (0x00000000d58c2310) thrown at [C:\re\workspace\8-2-build-windows-amd64-cygwin\jdk8u121\8372\hotspot\src\share\vm\classfile\s
Event: 12.323 Thread 0x0000000019e60800 Exception <a 'java/lang/ClassNotFoundException': org/grails/compiler/injection/GlobalImportTransformationBeanInfo> (0x00000000d59111c8) thrown at [C:\re\workspace\8-2-build-windows-amd64-cygwin\jdk8u121\8372\hotspot\src\share\vm\classfile\systemDictionary
Event: 12.324 Thread 0x0000000019e60800 Exception <a 'java/lang/ClassNotFoundException': org/grails/compiler/injection/GlobalImportTransformationCustomizer> (0x00000000d592c508) thrown at [C:\re\workspace\8-2-build-windows-amd64-cygwin\jdk8u121\8372\hotspot\src\share\vm\classfile\systemDictiona
Event: 12.639 Thread 0x0000000019e60800 Exception <a 'java/lang/ClassNotFoundException': org/grails/io/support/GrailsResourceUtils$3BeanInfo> (0x00000000d6650308) thrown at [C:\re\workspace\8-2-build-windows-amd64-cygwin\jdk8u121\8372\hotspot\src\share\vm\classfile\systemDictionary.cpp, line 21
Event: 12.639 Thread 0x0000000019e60800 Exception <a 'java/lang/ClassNotFoundException': org/grails/io/support/GrailsResourceUtils$3Customizer> (0x00000000d66686c0) thrown at [C:\re\workspace\8-2-build-windows-amd64-cygwin\jdk8u121\8372\hotspot\src\share\vm\classfile\systemDictionary.cpp, line 
Event: 13.019 Thread 0x0000000019e60800 Exception <a 'java/lang/ClassNotFoundException': build_5hu92sesujn8u88zkv5m8a6maBeanInfo> (0x00000000d589a5d0) thrown at [C:\re\workspace\8-2-build-windows-amd64-cygwin\jdk8u121\8372\hotspot\src\share\vm\classfile\systemDictionary.cpp, line 210]
Event: 13.020 Thread 0x0000000019e60800 Exception <a 'java/lang/ClassNotFoundException': build_5hu92sesujn8u88zkv5m8a6maCustomizer> (0x00000000d58a3888) thrown at [C:\re\workspace\8-2-build-windows-amd64-cygwin\jdk8u121\8372\hotspot\src\share\vm\classfile\systemDictionary.cpp, line 210]

Events (10 events):
Event: 14.011 Thread 0x00000000170c2000 flushing nmethod 0x00000000029775d0
Event: 14.011 Thread 0x00000000170c2000 flushing nmethod 0x00000000029acb90
Event: 14.011 Thread 0x00000000170c2000 flushing nmethod 0x00000000029b2f50
Event: 14.011 Thread 0x00000000170c2000 flushing nmethod 0x00000000029bb550
Event: 14.012 Thread 0x00000000170c2000 flushing nmethod 0x00000000029c4ed0
Event: 14.012 Thread 0x00000000170c2000 flushing nmethod 0x00000000029e0010
Event: 14.012 Thread 0x00000000170c2000 flushing nmethod 0x00000000029ee6d0
Event: 14.012 Thread 0x00000000170c2000 flushing nmethod 0x0000000002b6e0d0
Event: 14.013 Thread 0x00000000170c2000 flushing nmethod 0x0000000002b6f8d0
Event: 14.013 Thread 0x00000000170c2000 flushing nmethod 0x0000000002c0ddd0


Dynamic libraries:
0x00007ff7fff00000 - 0x00007ff7fff37000 	C:\Program Files\Java\jdk1.8.0_121\bin\java.exe
0x00007fffe39b0000 - 0x00007fffe3ba8000 	C:\WINDOWS\SYSTEM32\ntdll.dll
0x00007fffe38b0000 - 0x00007fffe396f000 	C:\WINDOWS\System32\KERNEL32.DLL
0x00007fffe1310000 - 0x00007fffe15e2000 	C:\WINDOWS\System32\KERNELBASE.dll
0x00007fffe23d0000 - 0x00007fffe247e000 	C:\WINDOWS\System32\ADVAPI32.dll
0x00007fffe3770000 - 0x00007fffe380e000 	C:\WINDOWS\System32\msvcrt.dll
0x00007fffe3810000 - 0x00007fffe38ac000 	C:\WINDOWS\System32\sechost.dll
0x00007fffe32b0000 - 0x00007fffe33d5000 	C:\WINDOWS\System32\RPCRT4.dll
0x00007fffe2560000 - 0x00007fffe26fd000 	C:\WINDOWS\System32\USER32.dll
0x00007fffe19d0000 - 0x00007fffe19f2000 	C:\WINDOWS\System32\win32u.dll
0x00007fffe24e0000 - 0x00007fffe250b000 	C:\WINDOWS\System32\GDI32.dll
0x00007fffe18c0000 - 0x00007fffe19cf000 	C:\WINDOWS\System32\gdi32full.dll
0x00007fffe1820000 - 0x00007fffe18bd000 	C:\WINDOWS\System32\msvcp_win.dll
0x00007fffe16a0000 - 0x00007fffe17a0000 	C:\WINDOWS\System32\ucrtbase.dll
0x00007fffd1530000 - 0x00007fffd17ca000 	C:\WINDOWS\WinSxS\amd64_microsoft.windows.common-controls_6595b64144ccf1df_6.0.19041.1110_none_60b5254171f9507e\COMCTL32.dll
0x00007fffe2520000 - 0x00007fffe2552000 	C:\WINDOWS\System32\IMM32.DLL
0x0000000055750000 - 0x0000000055822000 	C:\Program Files\Java\jdk1.8.0_121\jre\bin\msvcr100.dll
0x0000000054eb0000 - 0x000000005574b000 	C:\Program Files\Java\jdk1.8.0_121\jre\bin\server\jvm.dll
0x00007fffe2510000 - 0x00007fffe2518000 	C:\WINDOWS\System32\PSAPI.DLL
0x00007fffcd700000 - 0x00007fffcd709000 	C:\WINDOWS\SYSTEM32\WSOCK32.dll
0x00007fffe1a80000 - 0x00007fffe1aeb000 	C:\WINDOWS\System32\WS2_32.dll
0x00007fffd0300000 - 0x00007fffd0327000 	C:\WINDOWS\SYSTEM32\WINMM.dll
0x00007fffd1990000 - 0x00007fffd199a000 	C:\WINDOWS\SYSTEM32\VERSION.dll
0x0000000056250000 - 0x000000005625f000 	C:\Program Files\Java\jdk1.8.0_121\jre\bin\verify.dll
0x0000000056220000 - 0x0000000056249000 	C:\Program Files\Java\jdk1.8.0_121\jre\bin\java.dll
0x0000000056200000 - 0x0000000056216000 	C:\Program Files\Java\jdk1.8.0_121\jre\bin\zip.dll
0x00007fffe1ba0000 - 0x00007fffe22e3000 	C:\WINDOWS\System32\SHELL32.dll
0x00007fffded60000 - 0x00007fffdf4f2000 	C:\WINDOWS\SYSTEM32\windows.storage.dll
0x00007fffe2900000 - 0x00007fffe2c54000 	C:\WINDOWS\System32\combase.dll
0x00007fffe0950000 - 0x00007fffe0980000 	C:\WINDOWS\SYSTEM32\Wldp.dll
0x00007fffe1af0000 - 0x00007fffe1b9d000 	C:\WINDOWS\System32\SHCORE.dll
0x00007fffe2480000 - 0x00007fffe24d5000 	C:\WINDOWS\System32\shlwapi.dll
0x00007fffe0ff0000 - 0x00007fffe100f000 	C:\WINDOWS\SYSTEM32\profapi.dll
0x00000000561e0000 - 0x00000000561fa000 	C:\Program Files\Java\jdk1.8.0_121\jre\bin\net.dll
0x00007fffe0730000 - 0x00007fffe079a000 	C:\WINDOWS\system32\mswsock.dll
0x0000000054e90000 - 0x0000000054ea1000 	C:\Program Files\Java\jdk1.8.0_121\jre\bin\nio.dll
0x00007fffbe060000 - 0x00007fffbe07e000 	C:\Users\User\.gradle\native\25\windows-amd64\native-platform.dll
0x00007fffe0990000 - 0x00007fffe09a8000 	C:\WINDOWS\SYSTEM32\CRYPTSP.dll
0x00007fffe0070000 - 0x00007fffe00a4000 	C:\WINDOWS\system32\rsaenh.dll
0x00007fffe17a0000 - 0x00007fffe17c7000 	C:\WINDOWS\System32\bcrypt.dll
0x00007fffe0f70000 - 0x00007fffe0f9e000 	C:\WINDOWS\SYSTEM32\USERENV.dll
0x00007fffe1280000 - 0x00007fffe1302000 	C:\WINDOWS\System32\bcryptprimitives.dll
0x00007fffe08c0000 - 0x00007fffe08cc000 	C:\WINDOWS\SYSTEM32\CRYPTBASE.dll
0x00007fffe0440000 - 0x00007fffe047b000 	C:\WINDOWS\SYSTEM32\IPHLPAPI.DLL
0x00007fffe3280000 - 0x00007fffe3288000 	C:\WINDOWS\System32\NSI.dll
0x00007fffd6f40000 - 0x00007fffd6f57000 	C:\WINDOWS\SYSTEM32\dhcpcsvc6.DLL
0x00007fffd6df0000 - 0x00007fffd6e0d000 	C:\WINDOWS\SYSTEM32\dhcpcsvc.DLL
0x00007fffe0480000 - 0x00007fffe054a000 	C:\WINDOWS\SYSTEM32\DNSAPI.dll
0x0000000054e80000 - 0x0000000054e8d000 	C:\Program Files\Java\jdk1.8.0_121\jre\bin\management.dll

VM Arguments:
jvm_args: -XX:MaxPermSize=512m -XX:+HeapDumpOnOutOfMemoryError -Xmx2048m -Dfile.encoding=UTF-8 -Duser.country=IN -Duser.language=en -Duser.variant 
java_command: org.gradle.launcher.daemon.bootstrap.GradleDaemon 3.5
java_class_path (initial): C:\Users\User\.gradle\wrapper\dists\gradle-3.5-all\exhrs6ca08n232b14ue48lbye\gradle-3.5\lib\gradle-launcher-3.5.jar
Launcher Type: SUN_STANDARD

Environment Variables:
JAVA_HOME=C:\Program Files\Java\jdk-15.0.2
PATH=C:\Program Files\Common Files\Oracle\Java\javapath;C:\Python39\Scripts\;C:\Python39\;C:\WINDOWS\system32;C:\WINDOWS;C:\WINDOWS\System32\Wbem;C:\WINDOWS\System32\WindowsPowerShell\v1.0\;C:\WINDOWS\System32\OpenSSH\;C:\Program Files\Git\cmd;C:\Program Files\nodejs\;C:\ProgramData\chocolatey\bin;C:\Program Files\Java\jdk1.8.0_121\bin;C:\hadoop\bin;C:\hadoop\sbin;C:\grails-3.3.6\bin;C:\Program Files\PostgreSQL\14\bin;C:\Program Files\PuTTY\;C:\Program Files\Docker\Docker\resources\bin;C:\ProgramData\DockerDesktop\version-bin;C:\Users\User\AppData\Local\Microsoft\WindowsApps;C:\Users\User\AppData\Roaming\npm;C:\Users\User\AppData\Local\Programs\Microsoft VS Code\bin;C:\Program Files\JetBrains\IntelliJ IDEA 2020.2.4\bin;;
USERNAME=Capulus
OS=Windows_NT
PROCESSOR_IDENTIFIER=Intel64 Family 6 Model 61 Stepping 4, GenuineIntel



---------------  S Y S T E M  ---------------

OS: Windows 10.0 , 64 bit Build 19041 (10.0.19041.2251)

CPU:total 4 (2 cores per cpu, 2 threads per core) family 6 model 61 stepping 4, cmov, cx8, fxsr, mmx, sse, sse2, sse3, ssse3, sse4.1, sse4.2, popcnt, avx, avx2, aes, clmul, erms, rtm, 3dnowpref, lzcnt, ht, tsc, tscinvbit, bmi1, bmi2, adx

Memory: 4k page, physical 8277520k(412252k free), swap 26593948k(5304k free)

vm_info: Java HotSpot(TM) 64-Bit Server VM (25.121-b13) for windows-amd64 JRE (1.8.0_121-b13), built on Dec 12 2016 18:21:36 by "java_re" with MS VC++ 10.0 (VS2010)

time: Thu Nov 17 18:10:18 2022
elapsed time: 14 seconds (0d 0h 0m 14s)

