#
# There is insufficient memory for the Java Runtime Environment to continue.
# Native memory allocation (malloc) failed to allocate 1080496 bytes for Chunk::new
# Possible reasons:
#   The system is out of physical RAM or swap space
#   In 32 bit mode, the process size limit was hit
# Possible solutions:
#   Reduce memory load on the system
#   Increase physical memory or swap space
#   Check if swap backing store is full
#   Use 64 bit Java on a 64 bit OS
#   Decrease Java heap size (-Xmx/-Xms)
#   Decrease number of Java threads
#   Decrease Java thread stack sizes (-Xss)
#   Set larger code cache with -XX:ReservedCodeCacheSize=
# This output file may be truncated or incomplete.
#
#  Out of Memory Error (allocation.cpp:390), pid=3684, tid=0x0000000000000a08
#
# JRE version: Java(TM) SE Runtime Environment (8.0_121-b13) (build 1.8.0_121-b13)
# Java VM: Java HotSpot(TM) 64-Bit Server VM (25.121-b13 mixed mode windows-amd64 compressed oops)
# Failed to write core dump. Minidumps are not enabled by default on client versions of Windows
#

---------------  T H R E A D  ---------------

Current thread (0x0000000017b69000):  JavaThread "C2 CompilerThread0" daemon [_thread_in_native, id=2568, stack(0x00000000196d0000,0x00000000197d0000)]

Stack: [0x00000000196d0000,0x00000000197d0000]
[error occurred during error reporting (printing stack bounds), id 0xc0000005]

Native frames: (J=compiled Java code, j=interpreted, Vv=VM code, C=native code)


Current CompileTask:
C2:  13874 4239       4       java.net.URLClassLoader$1::run (5 bytes)


---------------  P R O C E S S  ---------------

Java Threads: ( => current thread )
  0x000000001a77d000 JavaThread "/127.0.0.1:61954 to /127.0.0.1:61952 workers Thread 3" [_thread_in_native, id=6112, stack(0x000000001bce0000,0x000000001bde0000)]
  0x000000001a77c800 JavaThread "/127.0.0.1:61954 to /127.0.0.1:61952 workers Thread 2" [_thread_blocked, id=12872, stack(0x000000001bbe0000,0x000000001bce0000)]
  0x000000001a6ea800 JavaThread "/127.0.0.1:61954 to /127.0.0.1:61952 workers" [_thread_in_Java, id=14696, stack(0x000000001b5a0000,0x000000001b6a0000)]
  0x000000001a6b0000 JavaThread "Memory manager" [_thread_blocked, id=13420, stack(0x000000001b4a0000,0x000000001b5a0000)]
  0x0000000019048000 JavaThread "Service Thread" daemon [_thread_blocked, id=1076, stack(0x00000000199d0000,0x0000000019ad0000)]
  0x0000000017b88800 JavaThread "C1 CompilerThread2" daemon [_thread_in_vm, id=14588, stack(0x00000000198d0000,0x00000000199d0000)]
  0x0000000017b6c000 JavaThread "C2 CompilerThread1" daemon [_thread_in_native, id=2332, stack(0x00000000197d0000,0x00000000198d0000)]
=>0x0000000017b69000 JavaThread "C2 CompilerThread0" daemon [_thread_in_native, id=2568, stack(0x00000000196d0000,0x00000000197d0000)]
  0x0000000018fd3800 JavaThread "Attach Listener" daemon [_thread_blocked, id=8324, stack(0x00000000195d0000,0x00000000196d0000)]
  0x0000000018fd2800 JavaThread "Signal Dispatcher" daemon [_thread_blocked, id=10312, stack(0x00000000194d0000,0x00000000195d0000)]
  0x0000000002ffd800 JavaThread "Finalizer" daemon [_thread_blocked, id=9568, stack(0x0000000018d90000,0x0000000018e90000)]
  0x0000000002ff2000 JavaThread "Reference Handler" daemon [_thread_blocked, id=1908, stack(0x0000000018c90000,0x0000000018d90000)]
  0x0000000002f01000 JavaThread "main" [_thread_blocked, id=5432, stack(0x0000000002d50000,0x0000000002e50000)]

Other Threads:
  0x0000000017b07800 VMThread [stack: 0x0000000018b90000,0x0000000018c90000] [id=10164]
  0x000000001904c000 WatcherThread [stack: 0x0000000019ad0000,0x0000000019bd0000] [id=6352]

VM state:not at safepoint (normal execution)

VM Mutex/Monitor currently owned by a thread:  ([mutex/lock_event])
[0x0000000002ecbc40] CodeCache_lock - owner thread: 0x0000000017b88800

Heap:
 PSYoungGen      total 242176K, used 32455K [0x00000000d5e00000, 0x00000000e6880000, 0x0000000100000000)
  eden space 211456K, 3% used [0x00000000d5e00000,0x00000000d6623c38,0x00000000e2c80000)
  from space 30720K, 78% used [0x00000000e2c80000,0x00000000e440e2b8,0x00000000e4a80000)
  to   space 20480K, 0% used [0x00000000e5480000,0x00000000e5480000,0x00000000e6880000)
 ParOldGen       total 87552K, used 60494K [0x0000000081a00000, 0x0000000086f80000, 0x00000000d5e00000)
  object space 87552K, 69% used [0x0000000081a00000,0x0000000085513b88,0x0000000086f80000)
 Metaspace       used 26006K, capacity 26410K, committed 26624K, reserved 1073152K
  class space    used 2876K, capacity 3043K, committed 3072K, reserved 1048576K

Card table byte_map: [0x00000000123c0000,0x00000000127c0000] byte_map_base: 0x0000000011fb3000

Marking Bits: (ParMarkBitMap*) 0x0000000059a3b6d0
 Begin Bits: [0x0000000012e70000, 0x0000000014e08000)
 End Bits:   [0x0000000014e08000, 0x0000000016da0000)

Polling page: 0x00000000014e0000

CodeCache: size=245760Kb used=16865Kb max_used=16997Kb free=228894Kb
 bounds [0x0000000003000000, 0x00000000040b0000, 0x0000000012000000]
 total_blobs=4347 nmethods=3927 adapters=331
 compilation: enabled

Compilation events (10 events):
Event: 13.529 Thread 0x0000000017b69000 nmethod 4232 0x0000000004092050 code [0x0000000004092680, 0x000000000409a748]
Event: 13.539 Thread 0x0000000017b69000 4286       4       sun.misc.URLClassPath$JarLoader::findResource (18 bytes)
Event: 13.539 Thread 0x0000000017b88800 4354   !   2       java.util.zip.ZipFile::close (223 bytes)
Event: 13.552 Thread 0x0000000017b88800 nmethod 4354 0x000000000313fe10 code [0x0000000003140060, 0x0000000003140c28]
Event: 13.563 Thread 0x0000000017b69000 nmethod 4286 0x000000000314f190 code [0x000000000314f2e0, 0x000000000314f388]
Event: 13.563 Thread 0x0000000017b69000 4239       4       java.net.URLClassLoader$1::run (5 bytes)
Event: 13.578 Thread 0x0000000017b88800 4353   !   2       java.util.zip.Inflater::end (50 bytes)
Event: 13.585 Thread 0x0000000017b88800 nmethod 4353 0x00000000031dda10 code [0x00000000031ddb80, 0x00000000031ddee8]
Event: 13.858 Thread 0x0000000017b88800 4358       2       org.codehaus.groovy.control.ResolveVisitor::visitForLoop (15 bytes)
Event: 13.867 Thread 0x0000000017b88800 nmethod 4358 0x000000000318a050 code [0x000000000318a1e0, 0x000000000318a458]

GC Heap History (10 events):
Event: 8.754 GC heap before
{Heap before GC invocations=10 (full 0):
 PSYoungGen      total 145408K, used 145408K [0x00000000d5e00000, 0x00000000e7280000, 0x0000000100000000)
  eden space 132096K, 100% used [0x00000000d5e00000,0x00000000ddf00000,0x00000000ddf00000)
  from space 13312K, 100% used [0x00000000ddf00000,0x00000000dec00000,0x00000000dec00000)
  to   space 30720K, 0% used [0x00000000e5480000,0x00000000e5480000,0x00000000e7280000)
 ParOldGen       total 87552K, used 44829K [0x0000000081a00000, 0x0000000086f80000, 0x00000000d5e00000)
  object space 87552K, 51% used [0x0000000081a00000,0x00000000845c7708,0x0000000086f80000)
 Metaspace       used 18403K, capacity 18832K, committed 18944K, reserved 1067008K
  class space    used 2039K, capacity 2202K, committed 2304K, reserved 1048576K
Event: 8.801 GC heap after
Heap after GC invocations=10 (full 0):
 PSYoungGen      total 231936K, used 3415K [0x00000000d5e00000, 0x00000000e6880000, 0x0000000100000000)
  eden space 211456K, 0% used [0x00000000d5e00000,0x00000000d5e00000,0x00000000e2c80000)
  from space 20480K, 16% used [0x00000000e5480000,0x00000000e57d5fe8,0x00000000e6880000)
  to   space 30720K, 0% used [0x00000000e2c80000,0x00000000e2c80000,0x00000000e4a80000)
 ParOldGen       total 87552K, used 57341K [0x0000000081a00000, 0x0000000086f80000, 0x00000000d5e00000)
  object space 87552K, 65% used [0x0000000081a00000,0x00000000851ff708,0x0000000086f80000)
 Metaspace       used 18403K, capacity 18832K, committed 18944K, reserved 1067008K
  class space    used 2039K, capacity 2202K, committed 2304K, reserved 1048576K
}
Event: 10.599 GC heap before
{Heap before GC invocations=11 (full 0):
 PSYoungGen      total 231936K, used 214871K [0x00000000d5e00000, 0x00000000e6880000, 0x0000000100000000)
  eden space 211456K, 100% used [0x00000000d5e00000,0x00000000e2c80000,0x00000000e2c80000)
  from space 20480K, 16% used [0x00000000e5480000,0x00000000e57d5fe8,0x00000000e6880000)
  to   space 30720K, 0% used [0x00000000e2c80000,0x00000000e2c80000,0x00000000e4a80000)
 ParOldGen       total 87552K, used 57341K [0x0000000081a00000, 0x0000000086f80000, 0x00000000d5e00000)
  object space 87552K, 65% used [0x0000000081a00000,0x00000000851ff708,0x0000000086f80000)
 Metaspace       used 20298K, capacity 20730K, committed 20864K, reserved 1067008K
  class space    used 2223K, capacity 2364K, committed 2432K, reserved 1048576K
Event: 10.636 GC heap after
Heap after GC invocations=11 (full 0):
 PSYoungGen      total 242176K, used 5749K [0x00000000d5e00000, 0x00000000e6880000, 0x0000000100000000)
  eden space 211456K, 0% used [0x00000000d5e00000,0x00000000d5e00000,0x00000000e2c80000)
  from space 30720K, 18% used [0x00000000e2c80000,0x00000000e321d590,0x00000000e4a80000)
  to   space 20480K, 0% used [0x00000000e5480000,0x00000000e5480000,0x00000000e6880000)
 ParOldGen       total 87552K, used 60669K [0x0000000081a00000, 0x0000000086f80000, 0x00000000d5e00000)
  object space 87552K, 69% used [0x0000000081a00000,0x000000008553f708,0x0000000086f80000)
 Metaspace       used 20298K, capacity 20730K, committed 20864K, reserved 1067008K
  class space    used 2223K, capacity 2364K, committed 2432K, reserved 1048576K
}
Event: 10.671 GC heap before
{Heap before GC invocations=12 (full 0):
 PSYoungGen      total 242176K, used 9930K [0x00000000d5e00000, 0x00000000e6880000, 0x0000000100000000)
  eden space 211456K, 1% used [0x00000000d5e00000,0x00000000d6215328,0x00000000e2c80000)
  from space 30720K, 18% used [0x00000000e2c80000,0x00000000e321d590,0x00000000e4a80000)
  to   space 20480K, 0% used [0x00000000e5480000,0x00000000e5480000,0x00000000e6880000)
 ParOldGen       total 87552K, used 60669K [0x0000000081a00000, 0x0000000086f80000, 0x00000000d5e00000)
  object space 87552K, 69% used [0x0000000081a00000,0x000000008553f708,0x0000000086f80000)
 Metaspace       used 20574K, capacity 21060K, committed 21248K, reserved 1069056K
  class space    used 2271K, capacity 2434K, committed 2560K, reserved 1048576K
Event: 10.682 GC heap after
Heap after GC invocations=12 (full 0):
 PSYoungGen      total 231936K, used 208K [0x00000000d5e00000, 0x00000000e6880000, 0x0000000100000000)
  eden space 211456K, 0% used [0x00000000d5e00000,0x00000000d5e00000,0x00000000e2c80000)
  from space 20480K, 1% used [0x00000000e5480000,0x00000000e54b4010,0x00000000e6880000)
  to   space 30720K, 0% used [0x00000000e2c80000,0x00000000e2c80000,0x00000000e4a80000)
 ParOldGen       total 87552K, used 65667K [0x0000000081a00000, 0x0000000086f80000, 0x00000000d5e00000)
  object space 87552K, 75% used [0x0000000081a00000,0x0000000085a20c08,0x0000000086f80000)
 Metaspace       used 20574K, capacity 21060K, committed 21248K, reserved 1069056K
  class space    used 2271K, capacity 2434K, committed 2560K, reserved 1048576K
}
Event: 10.682 GC heap before
{Heap before GC invocations=13 (full 1):
 PSYoungGen      total 231936K, used 208K [0x00000000d5e00000, 0x00000000e6880000, 0x0000000100000000)
  eden space 211456K, 0% used [0x00000000d5e00000,0x00000000d5e00000,0x00000000e2c80000)
  from space 20480K, 1% used [0x00000000e5480000,0x00000000e54b4010,0x00000000e6880000)
  to   space 30720K, 0% used [0x00000000e2c80000,0x00000000e2c80000,0x00000000e4a80000)
 ParOldGen       total 87552K, used 65667K [0x0000000081a00000, 0x0000000086f80000, 0x00000000d5e00000)
  object space 87552K, 75% used [0x0000000081a00000,0x0000000085a20c08,0x0000000086f80000)
 Metaspace       used 20574K, capacity 21060K, committed 21248K, reserved 1069056K
  class space    used 2271K, capacity 2434K, committed 2560K, reserved 1048576K
Event: 10.967 GC heap after
Heap after GC invocations=13 (full 1):
 PSYoungGen      total 231936K, used 0K [0x00000000d5e00000, 0x00000000e6880000, 0x0000000100000000)
  eden space 211456K, 0% used [0x00000000d5e00000,0x00000000d5e00000,0x00000000e2c80000)
  from space 20480K, 0% used [0x00000000e5480000,0x00000000e5480000,0x00000000e6880000)
  to   space 30720K, 0% used [0x00000000e2c80000,0x00000000e2c80000,0x00000000e4a80000)
 ParOldGen       total 87552K, used 60486K [0x0000000081a00000, 0x0000000086f80000, 0x00000000d5e00000)
  object space 87552K, 69% used [0x0000000081a00000,0x0000000085511b88,0x0000000086f80000)
 Metaspace       used 20574K, capacity 21060K, committed 21248K, reserved 1069056K
  class space    used 2271K, capacity 2434K, committed 2560K, reserved 1048576K
}
Event: 13.351 GC heap before
{Heap before GC invocations=14 (full 1):
 PSYoungGen      total 231936K, used 211456K [0x00000000d5e00000, 0x00000000e6880000, 0x0000000100000000)
  eden space 211456K, 100% used [0x00000000d5e00000,0x00000000e2c80000,0x00000000e2c80000)
  from space 20480K, 0% used [0x00000000e5480000,0x00000000e5480000,0x00000000e6880000)
  to   space 30720K, 0% used [0x00000000e2c80000,0x00000000e2c80000,0x00000000e4a80000)
 ParOldGen       total 87552K, used 60486K [0x0000000081a00000, 0x0000000086f80000, 0x00000000d5e00000)
  object space 87552K, 69% used [0x0000000081a00000,0x0000000085511b88,0x0000000086f80000)
 Metaspace       used 26002K, capacity 26410K, committed 26624K, reserved 1073152K
  class space    used 2876K, capacity 3043K, committed 3072K, reserved 1048576K
Event: 13.480 GC heap after
Heap after GC invocations=14 (full 1):
 PSYoungGen      total 242176K, used 24120K [0x00000000d5e00000, 0x00000000e6880000, 0x0000000100000000)
  eden space 211456K, 0% used [0x00000000d5e00000,0x00000000d5e00000,0x00000000e2c80000)
  from space 30720K, 78% used [0x00000000e2c80000,0x00000000e440e2b8,0x00000000e4a80000)
  to   space 20480K, 0% used [0x00000000e5480000,0x00000000e5480000,0x00000000e6880000)
 ParOldGen       total 87552K, used 60494K [0x0000000081a00000, 0x0000000086f80000, 0x00000000d5e00000)
  object space 87552K, 69% used [0x0000000081a00000,0x0000000085513b88,0x0000000086f80000)
 Metaspace       used 26002K, capacity 26410K, committed 26624K, reserved 1073152K
  class space    used 2876K, capacity 3043K, committed 3072K, reserved 1048576K
}

Deoptimization events (10 events):
Event: 12.726 Thread 0x000000001a6ea800 Uncommon trap: reason=bimorphic action=maybe_recompile pc=0x000000000401711c method=com.sun.tools.javac.comp.Resolve$LookupFilter.accepts(Lcom/sun/tools/javac/code/Symbol;)Z @ 1
Event: 12.731 Thread 0x000000001a6ea800 Uncommon trap: reason=class_check action=maybe_recompile pc=0x000000000402b00c method=com.sun.tools.javac.code.Types.rank(Lcom/sun/tools/javac/code/Type;)I @ 131
Event: 12.731 Thread 0x000000001a6ea800 Uncommon trap: reason=class_check action=maybe_recompile pc=0x000000000402a218 method=com.sun.tools.javac.code.Types.rank(Lcom/sun/tools/javac/code/Type;)I @ 1
Event: 12.731 Thread 0x000000001a6ea800 Uncommon trap: reason=class_check action=maybe_recompile pc=0x000000000402a218 method=com.sun.tools.javac.code.Types.rank(Lcom/sun/tools/javac/code/Type;)I @ 1
Event: 12.731 Thread 0x000000001a6ea800 Uncommon trap: reason=class_check action=maybe_recompile pc=0x000000000402b00c method=com.sun.tools.javac.code.Types.rank(Lcom/sun/tools/javac/code/Type;)I @ 131
Event: 12.740 Thread 0x000000001a6ea800 Uncommon trap: reason=class_check action=maybe_recompile pc=0x0000000003fa50d4 method=com.sun.tools.javac.code.Types$4.visitClassType(Lcom/sun/tools/javac/code/Type$ClassType;Lcom/sun/tools/javac/code/Type;)Ljava/lang/Boolean; @ 57
Event: 12.741 Thread 0x000000001a6ea800 Uncommon trap: reason=class_check action=maybe_recompile pc=0x0000000003fa50d4 method=com.sun.tools.javac.code.Types$4.visitClassType(Lcom/sun/tools/javac/code/Type$ClassType;Lcom/sun/tools/javac/code/Type;)Ljava/lang/Boolean; @ 57
Event: 12.741 Thread 0x000000001a6ea800 Uncommon trap: reason=class_check action=maybe_recompile pc=0x0000000003fa50d4 method=com.sun.tools.javac.code.Types$4.visitClassType(Lcom/sun/tools/javac/code/Type$ClassType;Lcom/sun/tools/javac/code/Type;)Ljava/lang/Boolean; @ 57
Event: 12.741 Thread 0x000000001a6ea800 Uncommon trap: reason=class_check action=maybe_recompile pc=0x0000000003fa50d4 method=com.sun.tools.javac.code.Types$4.visitClassType(Lcom/sun/tools/javac/code/Type$ClassType;Lcom/sun/tools/javac/code/Type;)Ljava/lang/Boolean; @ 57
Event: 12.907 Thread 0x000000001a6ea800 Uncommon trap: reason=unstable_if action=reinterpret pc=0x000000000404a06c method=org.codehaus.groovy.control.ResolveVisitor$ConstructedClassWithPackage.getName()Ljava/lang/String; @ 5

Internal exceptions (10 events):
Event: 9.731 Thread 0x000000001a6ea800 Exception <a 'java/security/PrivilegedActionException'> (0x00000000e13c27e8) thrown at [C:\re\workspace\8-2-build-windows-amd64-cygwin\jdk8u121\8372\hotspot\src\share\vm\prims\jvm.cpp, line 1390]
Event: 9.775 Thread 0x000000001a6ea800 Exception <a 'java/security/PrivilegedActionException'> (0x00000000e1966d28) thrown at [C:\re\workspace\8-2-build-windows-amd64-cygwin\jdk8u121\8372\hotspot\src\share\vm\prims\jvm.cpp, line 1390]
Event: 9.775 Thread 0x000000001a6ea800 Exception <a 'java/security/PrivilegedActionException'> (0x00000000e1967120) thrown at [C:\re\workspace\8-2-build-windows-amd64-cygwin\jdk8u121\8372\hotspot\src\share\vm\prims\jvm.cpp, line 1390]
Event: 9.783 Thread 0x000000001a6ea800 Exception <a 'java/security/PrivilegedActionException'> (0x00000000e1abe2d8) thrown at [C:\re\workspace\8-2-build-windows-amd64-cygwin\jdk8u121\8372\hotspot\src\share\vm\prims\jvm.cpp, line 1390]
Event: 9.783 Thread 0x000000001a6ea800 Exception <a 'java/security/PrivilegedActionException'> (0x00000000e1abe6d0) thrown at [C:\re\workspace\8-2-build-windows-amd64-cygwin\jdk8u121\8372\hotspot\src\share\vm\prims\jvm.cpp, line 1390]
Event: 9.786 Thread 0x000000001a6ea800 Exception <a 'java/security/PrivilegedActionException'> (0x00000000e1b881e0) thrown at [C:\re\workspace\8-2-build-windows-amd64-cygwin\jdk8u121\8372\hotspot\src\share\vm\prims\jvm.cpp, line 1390]
Event: 9.786 Thread 0x000000001a6ea800 Exception <a 'java/security/PrivilegedActionException'> (0x00000000e1b885d8) thrown at [C:\re\workspace\8-2-build-windows-amd64-cygwin\jdk8u121\8372\hotspot\src\share\vm\prims\jvm.cpp, line 1390]
Event: 11.538 Thread 0x000000001a6ea800 Exception <a 'java/io/FileNotFoundException'> (0x00000000d9032080) thrown at [C:\re\workspace\8-2-build-windows-amd64-cygwin\jdk8u121\8372\hotspot\src\share\vm\prims\jni.cpp, line 709]
Event: 11.543 Thread 0x000000001a6ea800 Exception <a 'java/io/FileNotFoundException'> (0x00000000d9066488) thrown at [C:\re\workspace\8-2-build-windows-amd64-cygwin\jdk8u121\8372\hotspot\src\share\vm\prims\jni.cpp, line 709]
Event: 11.638 Thread 0x000000001a6ea800 Exception <a 'java/io/FileNotFoundException'> (0x00000000d98fe800) thrown at [C:\re\workspace\8-2-build-windows-amd64-cygwin\jdk8u121\8372\hotspot\src\share\vm\prims\jni.cpp, line 709]

Events (10 events):
Event: 13.769 loading class groovy/util/salesEmailConfig$SALE_AUTO_EMAIL_AFTER_SAVE_SALE_ENTRY
Event: 13.769 loading class groovy/util/salesEmailConfig$SALE_AUTO_EMAIL_AFTER_SAVE_SALE_ENTRY done
Event: 13.769 loading class salesEmailConfig/SALE_AUTO_EMAIL_AFTER_SAVE_SALE_ENTRY
Event: 13.769 loading class salesEmailConfig/SALE_AUTO_EMAIL_AFTER_SAVE_SALE_ENTRY done
Event: 13.779 loading class groovy/lang/GroovyObject$g
Event: 13.779 loading class groovy/lang/GroovyObject$g done
Event: 13.791 loading class phitb_ui/sales/settings/IPG
Event: 13.791 loading class phitb_ui/sales/settings/IPG done
Event: 13.809 loading class phitb_ui/sales/Collections
Event: 13.809 loading class phitb_ui/sales/Collections done


Dynamic libraries:
0x00007ff6bdf80000 - 0x00007ff6bdfb7000 	C:\Program Files\Java\jdk1.8.0_121\bin\java.exe
0x00007ffdaccd0000 - 0x00007ffdacec8000 	C:\WINDOWS\SYSTEM32\ntdll.dll
0x00007ffdaae20000 - 0x00007ffdaaedf000 	C:\WINDOWS\System32\KERNEL32.DLL
0x00007ffdaa570000 - 0x00007ffdaa842000 	C:\WINDOWS\System32\KERNELBASE.dll
0x00007ffdab9d0000 - 0x00007ffdaba7e000 	C:\WINDOWS\System32\ADVAPI32.dll
0x00007ffdacb40000 - 0x00007ffdacbde000 	C:\WINDOWS\System32\msvcrt.dll
0x00007ffdaad20000 - 0x00007ffdaadbc000 	C:\WINDOWS\System32\sechost.dll
0x00007ffdaba80000 - 0x00007ffdabba5000 	C:\WINDOWS\System32\RPCRT4.dll
0x00007ffdabf70000 - 0x00007ffdac10d000 	C:\WINDOWS\System32\USER32.dll
0x00007ffdaa540000 - 0x00007ffdaa562000 	C:\WINDOWS\System32\win32u.dll
0x00007ffdaaee0000 - 0x00007ffdaaf0b000 	C:\WINDOWS\System32\GDI32.dll
0x00007ffdaa850000 - 0x00007ffdaa95f000 	C:\WINDOWS\System32\gdi32full.dll
0x00007ffdaabc0000 - 0x00007ffdaac5d000 	C:\WINDOWS\System32\msvcp_win.dll
0x00007ffdaaac0000 - 0x00007ffdaabc0000 	C:\WINDOWS\System32\ucrtbase.dll
0x00007ffd9a5b0000 - 0x00007ffd9a84a000 	C:\WINDOWS\WinSxS\amd64_microsoft.windows.common-controls_6595b64144ccf1df_6.0.19041.1110_none_60b5254171f9507e\COMCTL32.dll
0x00007ffdabbb0000 - 0x00007ffdabbe2000 	C:\WINDOWS\System32\IMM32.DLL
0x0000000059ac0000 - 0x0000000059b92000 	C:\Program Files\Java\jdk1.8.0_121\jre\bin\msvcr100.dll
0x0000000059220000 - 0x0000000059abb000 	C:\Program Files\Java\jdk1.8.0_121\jre\bin\server\jvm.dll
0x00007ffdabf40000 - 0x00007ffdabf48000 	C:\WINDOWS\System32\PSAPI.DLL
0x00007ffd97ac0000 - 0x00007ffd97ac9000 	C:\WINDOWS\SYSTEM32\WSOCK32.dll
0x00007ffd9a430000 - 0x00007ffd9a457000 	C:\WINDOWS\SYSTEM32\WINMM.dll
0x00007ffdabed0000 - 0x00007ffdabf3b000 	C:\WINDOWS\System32\WS2_32.dll
0x00007ffd9baf0000 - 0x00007ffd9bafa000 	C:\WINDOWS\SYSTEM32\VERSION.dll
0x0000000059210000 - 0x000000005921f000 	C:\Program Files\Java\jdk1.8.0_121\jre\bin\verify.dll
0x00000000591e0000 - 0x0000000059209000 	C:\Program Files\Java\jdk1.8.0_121\jre\bin\java.dll
0x00000000591c0000 - 0x00000000591d6000 	C:\Program Files\Java\jdk1.8.0_121\jre\bin\zip.dll
0x00007ffdab280000 - 0x00007ffdab9c3000 	C:\WINDOWS\System32\SHELL32.dll
0x00007ffda8080000 - 0x00007ffda8812000 	C:\WINDOWS\SYSTEM32\windows.storage.dll
0x00007ffdac120000 - 0x00007ffdac474000 	C:\WINDOWS\System32\combase.dll
0x00007ffda9c70000 - 0x00007ffda9ca0000 	C:\WINDOWS\SYSTEM32\Wldp.dll
0x00007ffdac500000 - 0x00007ffdac5ad000 	C:\WINDOWS\System32\SHCORE.dll
0x00007ffdab070000 - 0x00007ffdab0c5000 	C:\WINDOWS\System32\shlwapi.dll
0x00007ffdaa310000 - 0x00007ffdaa32f000 	C:\WINDOWS\SYSTEM32\profapi.dll
0x00000000591a0000 - 0x00000000591ba000 	C:\Program Files\Java\jdk1.8.0_121\jre\bin\net.dll
0x00007ffda9a50000 - 0x00007ffda9aba000 	C:\WINDOWS\system32\mswsock.dll
0x0000000059180000 - 0x0000000059191000 	C:\Program Files\Java\jdk1.8.0_121\jre\bin\nio.dll
0x00007ffd7f6a0000 - 0x00007ffd7f6be000 	C:\Users\User\.gradle\native\25\windows-amd64\native-platform.dll
0x00007ffda9cb0000 - 0x00007ffda9cc8000 	C:\WINDOWS\SYSTEM32\CRYPTSP.dll
0x00007ffda9390000 - 0x00007ffda93c4000 	C:\WINDOWS\system32\rsaenh.dll
0x00007ffdaa510000 - 0x00007ffdaa537000 	C:\WINDOWS\System32\bcrypt.dll
0x00007ffdaa2d0000 - 0x00007ffdaa2fe000 	C:\WINDOWS\SYSTEM32\USERENV.dll
0x00007ffdaa480000 - 0x00007ffdaa502000 	C:\WINDOWS\System32\bcryptprimitives.dll
0x00007ffda9be0000 - 0x00007ffda9bec000 	C:\WINDOWS\SYSTEM32\CRYPTBASE.dll
0x00007ffda9760000 - 0x00007ffda979b000 	C:\WINDOWS\SYSTEM32\IPHLPAPI.DLL
0x00007ffdabbf0000 - 0x00007ffdabbf8000 	C:\WINDOWS\System32\NSI.dll
0x00007ffd9ffa0000 - 0x00007ffd9ffb7000 	C:\WINDOWS\SYSTEM32\dhcpcsvc6.DLL
0x00007ffd9ff80000 - 0x00007ffd9ff9d000 	C:\WINDOWS\SYSTEM32\dhcpcsvc.DLL
0x00007ffda97a0000 - 0x00007ffda986a000 	C:\WINDOWS\SYSTEM32\DNSAPI.dll

VM Arguments:
jvm_args: -Djava.security.manager=worker.org.gradle.process.internal.worker.child.BootstrapSecurityManager -Dfile.encoding=UTF-8 -Duser.country=IN -Duser.language=en -Duser.variant 
java_command: worker.org.gradle.process.internal.worker.GradleWorkerMain 'Gradle Worker Daemon 1'
java_class_path (initial): C:\Users\User\.gradle\caches\3.5\workerMain\gradle-worker.jar
Launcher Type: SUN_STANDARD

Environment Variables:
JAVA_HOME=C:\Program Files\Java\jdk-15.0.2
PATH=C:\Program Files\Common Files\Oracle\Java\javapath;C:\Python39\Scripts\;C:\Python39\;C:\WINDOWS\system32;C:\WINDOWS;C:\WINDOWS\System32\Wbem;C:\WINDOWS\System32\WindowsPowerShell\v1.0\;C:\WINDOWS\System32\OpenSSH\;C:\Program Files\Git\cmd;C:\Program Files\nodejs\;C:\ProgramData\chocolatey\bin;C:\Program Files\Java\jdk1.8.0_121\bin;C:\hadoop\bin;C:\hadoop\sbin;C:\grails-3.3.6\bin;C:\Program Files\PostgreSQL\14\bin;C:\Program Files\PuTTY\;C:\Program Files\Docker\Docker\resources\bin;C:\ProgramData\DockerDesktop\version-bin;C:\Users\User\AppData\Local\Microsoft\WindowsApps;C:\Users\User\AppData\Roaming\npm;C:\Users\User\AppData\Local\Programs\Microsoft VS Code\bin;C:\Program Files\JetBrains\IntelliJ IDEA 2020.2.4\bin;
USERNAME=Capulus
OS=Windows_NT
PROCESSOR_IDENTIFIER=Intel64 Family 6 Model 61 Stepping 4, GenuineIntel



---------------  S Y S T E M  ---------------

OS: Windows 10.0 , 64 bit Build 19041 (10.0.19041.2251)

CPU:total 4 (2 cores per cpu, 2 threads per core) family 6 model 61 stepping 4, cmov, cx8, fxsr, mmx, sse, sse2, sse3, ssse3, sse4.1, sse4.2, popcnt, avx, avx2, aes, clmul, erms, rtm, 3dnowpref, lzcnt, ht, tsc, tscinvbit, bmi1, bmi2, adx

Memory: 4k page, physical 8277520k(273712k free), swap 26593948k(5304k free)

vm_info: Java HotSpot(TM) 64-Bit Server VM (25.121-b13) for windows-amd64 JRE (1.8.0_121-b13), built on Dec 12 2016 18:21:36 by "java_re" with MS VC++ 10.0 (VS2010)

time: Tue Nov 29 10:29:02 2022
elapsed time: 13 seconds (0d 0h 0m 13s)

