#
# There is insufficient memory for the Java Runtime Environment to continue.
# Native memory allocation (malloc) failed to allocate 65552 bytes for Chunk::new
# Possible reasons:
#   The system is out of physical RAM or swap space
#   In 32 bit mode, the process size limit was hit
# Possible solutions:
#   Reduce memory load on the system
#   Increase physical memory or swap space
#   Check if swap backing store is full
#   Use 64 bit Java on a 64 bit OS
#   Decrease Java heap size (-Xmx/-Xms)
#   Decrease number of Java threads
#   Decrease Java thread stack sizes (-Xss)
#   Set larger code cache with -XX:ReservedCodeCacheSize=
# This output file may be truncated or incomplete.
#
#  Out of Memory Error (allocation.cpp:390), pid=2428, tid=0x0000000000001c9c
#
# JRE version: Java(TM) SE Runtime Environment (8.0_121-b13) (build 1.8.0_121-b13)
# Java VM: Java HotSpot(TM) 64-Bit Server VM (25.121-b13 mixed mode windows-amd64 compressed oops)
# Failed to write core dump. Minidumps are not enabled by default on client versions of Windows
#

---------------  T H R E A D  ---------------

Current thread (0x0000000017ebf800):  JavaThread "C2 CompilerThread0" daemon [_thread_in_native, id=7324, stack(0x0000000019510000,0x0000000019610000)]

Stack: [0x0000000019510000,0x0000000019610000]
[error occurred during error reporting (printing stack bounds), id 0xc0000005]

Native frames: (J=compiled Java code, j=interpreted, Vv=VM code, C=native code)


Current CompileTask:
C2:  27039 8180       4       org.gradle.internal.component.external.model.AbstractModuleComponentResolveMetadata::populateConfigurationFromDescriptor (270 bytes)


---------------  P R O C E S S  ---------------

Java Threads: ( => current thread )
  0x000000001d920800 JavaThread "Stdin handler" [_thread_blocked, id=11948, stack(0x0000000021f30000,0x0000000022030000)]
  0x000000001d918000 JavaThread "Asynchronous log dispatcher for DefaultDaemonConnection: socket connection from /127.0.0.1:60540 to /127.0.0.1:60549" [_thread_blocked, id=8744, stack(0x0000000021c30000,0x0000000021d30000)]
  0x000000001d91b000 JavaThread "Cancel handler" [_thread_blocked, id=1564, stack(0x000000001c390000,0x000000001c490000)]
  0x000000001d91f000 JavaThread "Handler for socket connection from /127.0.0.1:60540 to /127.0.0.1:60549" [_thread_in_native, id=4464, stack(0x000000001c090000,0x000000001c190000)]
  0x000000001d917800 JavaThread "Memory manager" [_thread_blocked, id=13868, stack(0x00000000200a0000,0x00000000201a0000)]
  0x000000001af06800 JavaThread "Cache worker for Artifact transforms cache (C:\Users\User\.gradle\caches\transforms-1)" [_thread_blocked, id=11224, stack(0x000000001ef30000,0x000000001f030000)]
  0x000000001af0b000 JavaThread "File lock request listener" [_thread_in_native, id=9256, stack(0x000000001c890000,0x000000001c990000)]
  0x000000001af0a800 JavaThread "Cache worker for file hash cache (C:\Users\User\.gradle\caches\3.5\fileHashes)" [_thread_blocked, id=8800, stack(0x000000001c790000,0x000000001c890000)]
  0x000000001af04800 JavaThread "Daemon worker" [_thread_in_native, id=5712, stack(0x000000001c490000,0x000000001c590000)]
  0x000000001ae1b800 JavaThread "Daemon" [_thread_blocked, id=11664, stack(0x000000001bf90000,0x000000001c090000)]
  0x000000001b03e800 JavaThread "Daemon periodic checks" [_thread_blocked, id=13564, stack(0x000000001be90000,0x000000001bf90000)]
  0x000000001ab20000 JavaThread "Incoming local TCP Connector on port 60540" [_thread_in_native, id=11720, stack(0x000000001bc50000,0x000000001bd50000)]
  0x000000001b0ac800 JavaThread "Daemon health stats" [_thread_blocked, id=12972, stack(0x000000001b5e0000,0x000000001b6e0000)]
  0x0000000017f1e800 JavaThread "Service Thread" daemon [_thread_blocked, id=9668, stack(0x0000000019c10000,0x0000000019d10000)]
  0x0000000017ed2000 JavaThread "C1 CompilerThread2" daemon [_thread_blocked, id=8588, stack(0x0000000019710000,0x0000000019810000)]
  0x0000000017ec3000 JavaThread "C2 CompilerThread1" daemon [_thread_blocked, id=3624, stack(0x0000000019610000,0x0000000019710000)]
=>0x0000000017ebf800 JavaThread "C2 CompilerThread0" daemon [_thread_in_native, id=7324, stack(0x0000000019510000,0x0000000019610000)]
  0x0000000017ebc000 JavaThread "Attach Listener" daemon [_thread_blocked, id=12960, stack(0x0000000019410000,0x0000000019510000)]
  0x0000000017eba800 JavaThread "Signal Dispatcher" daemon [_thread_blocked, id=3688, stack(0x0000000019310000,0x0000000019410000)]
  0x0000000017eaa800 JavaThread "Finalizer" daemon [_thread_blocked, id=12404, stack(0x0000000019110000,0x0000000019210000)]
  0x0000000003290800 JavaThread "Reference Handler" daemon [_thread_blocked, id=5244, stack(0x0000000019010000,0x0000000019110000)]
  0x00000000031a2800 JavaThread "main" [_thread_blocked, id=13228, stack(0x00000000030a0000,0x00000000031a0000)]

Other Threads:
  0x0000000017e88000 VMThread [stack: 0x0000000018f10000,0x0000000019010000] [id=7356]
  0x0000000019877000 WatcherThread [stack: 0x0000000019d10000,0x0000000019e10000] [id=13104]

VM state:not at safepoint (normal execution)

VM Mutex/Monitor currently owned by a thread: None

Heap:
 PSYoungGen      total 145920K, used 52152K [0x00000000d5580000, 0x00000000e2100000, 0x0000000100000000)
  eden space 123904K, 24% used [0x00000000d5580000,0x00000000d72f2068,0x00000000dce80000)
  from space 22016K, 99% used [0x00000000e0b80000,0x00000000e20fc020,0x00000000e2100000)
  to   space 16896K, 0% used [0x00000000dce80000,0x00000000dce80000,0x00000000ddf00000)
 ParOldGen       total 93696K, used 35433K [0x0000000080000000, 0x0000000085b80000, 0x00000000d5580000)
  object space 93696K, 37% used [0x0000000080000000,0x000000008229a538,0x0000000085b80000)
 Metaspace       used 42505K, capacity 45390K, committed 45568K, reserved 1089536K
  class space    used 5918K, capacity 6282K, committed 6400K, reserved 1048576K

Card table byte_map: [0x0000000012660000,0x0000000012a70000] byte_map_base: 0x0000000012260000

Marking Bits: (ParMarkBitMap*) 0x00000000524ab6d0
 Begin Bits: [0x0000000013120000, 0x0000000015120000)
 End Bits:   [0x0000000015120000, 0x0000000017120000)

Polling page: 0x0000000001660000

CodeCache: size=245760Kb used=26194Kb max_used=26310Kb free=219565Kb
 bounds [0x00000000032a0000, 0x0000000004c90000, 0x00000000122a0000]
 total_blobs=8093 nmethods=7411 adapters=593
 compilation: enabled

Compilation events (10 events):
Event: 26.628 Thread 0x0000000017ec3000 8210       4       org.gradle.internal.resolve.result.DefaultBuildableModuleComponentMetaDataResolveResult::isAuthoritative (9 bytes)
Event: 26.629 Thread 0x0000000017ec3000 nmethod 8210 0x000000000361a890 code [0x000000000361a9e0, 0x000000000361aa78]
Event: 26.866 Thread 0x0000000017ec3000 8211       4       com.sun.org.apache.xerces.internal.impl.XMLScanner::setProperty (94 bytes)
Event: 26.874 Thread 0x0000000017ec3000 nmethod 8211 0x00000000039ea390 code [0x00000000039ea500, 0x00000000039eab18]
Event: 26.907 Thread 0x0000000017ec3000 8212       4       com.sun.org.apache.xerces.internal.dom.DeferredDocumentImpl::createChunk (23 bytes)
Event: 26.909 Thread 0x0000000017ec3000 nmethod 8212 0x00000000037921d0 code [0x0000000003792320, 0x0000000003792498]
Event: 26.988 Thread 0x0000000017ed2000 8213       3       com.sun.org.apache.xerces.internal.impl.XMLDocumentScannerImpl::startEntity (101 bytes)
Event: 26.989 Thread 0x0000000017ed2000 nmethod 8213 0x0000000004033c50 code [0x0000000004033ea0, 0x0000000004034f28]
Event: 26.992 Thread 0x0000000017ed2000 8214       3       com.sun.org.apache.xerces.internal.impl.XMLDocumentScannerImpl::endEntity (51 bytes)
Event: 26.993 Thread 0x0000000017ed2000 nmethod 8214 0x00000000034531d0 code [0x0000000003453360, 0x0000000003453828]

GC Heap History (10 events):
Event: 15.616 GC heap before
{Heap before GC invocations=12 (full 2):
 PSYoungGen      total 105984K, used 12433K [0x00000000d5580000, 0x00000000dd200000, 0x0000000100000000)
  eden space 92672K, 0% used [0x00000000d5580000,0x00000000d5580000,0x00000000db000000)
  from space 13312K, 93% used [0x00000000dbe00000,0x00000000dca24568,0x00000000dcb00000)
  to   space 14336K, 0% used [0x00000000db000000,0x00000000db000000,0x00000000dbe00000)
 ParOldGen       total 66560K, used 11264K [0x0000000080000000, 0x0000000084100000, 0x00000000d5580000)
  object space 66560K, 16% used [0x0000000080000000,0x0000000080b00240,0x0000000084100000)
 Metaspace       used 34782K, capacity 35256K, committed 35416K, reserved 1079296K
  class space    used 4851K, capacity 5019K, committed 5120K, reserved 1048576K
Event: 15.822 GC heap after
Heap after GC invocations=12 (full 2):
 PSYoungGen      total 105984K, used 0K [0x00000000d5580000, 0x00000000dd200000, 0x0000000100000000)
  eden space 92672K, 0% used [0x00000000d5580000,0x00000000d5580000,0x00000000db000000)
  from space 13312K, 0% used [0x00000000dbe00000,0x00000000dbe00000,0x00000000dcb00000)
  to   space 14336K, 0% used [0x00000000db000000,0x00000000db000000,0x00000000dbe00000)
 ParOldGen       total 93696K, used 18896K [0x0000000080000000, 0x0000000085b80000, 0x00000000d5580000)
  object space 93696K, 20% used [0x0000000080000000,0x00000000812743e8,0x0000000085b80000)
 Metaspace       used 34782K, capacity 35256K, committed 35416K, reserved 1079296K
  class space    used 4851K, capacity 5019K, committed 5120K, reserved 1048576K
}
Event: 17.135 GC heap before
{Heap before GC invocations=13 (full 2):
 PSYoungGen      total 105984K, used 92672K [0x00000000d5580000, 0x00000000dd200000, 0x0000000100000000)
  eden space 92672K, 100% used [0x00000000d5580000,0x00000000db000000,0x00000000db000000)
  from space 13312K, 0% used [0x00000000dbe00000,0x00000000dbe00000,0x00000000dcb00000)
  to   space 14336K, 0% used [0x00000000db000000,0x00000000db000000,0x00000000dbe00000)
 ParOldGen       total 93696K, used 18896K [0x0000000080000000, 0x0000000085b80000, 0x00000000d5580000)
  object space 93696K, 20% used [0x0000000080000000,0x00000000812743e8,0x0000000085b80000)
 Metaspace       used 36887K, capacity 37468K, committed 37760K, reserved 1081344K
  class space    used 5214K, capacity 5393K, committed 5504K, reserved 1048576K
Event: 17.155 GC heap after
Heap after GC invocations=13 (full 2):
 PSYoungGen      total 107008K, used 9301K [0x00000000d5580000, 0x00000000ded00000, 0x0000000100000000)
  eden space 92672K, 0% used [0x00000000d5580000,0x00000000d5580000,0x00000000db000000)
  from space 14336K, 64% used [0x00000000db000000,0x00000000db9157b8,0x00000000dbe00000)
  to   space 14336K, 0% used [0x00000000ddf00000,0x00000000ddf00000,0x00000000ded00000)
 ParOldGen       total 93696K, used 18904K [0x0000000080000000, 0x0000000085b80000, 0x00000000d5580000)
  object space 93696K, 20% used [0x0000000080000000,0x00000000812763e8,0x0000000085b80000)
 Metaspace       used 36887K, capacity 37468K, committed 37760K, reserved 1081344K
  class space    used 5214K, capacity 5393K, committed 5504K, reserved 1048576K
}
Event: 19.752 GC heap before
{Heap before GC invocations=14 (full 2):
 PSYoungGen      total 107008K, used 101973K [0x00000000d5580000, 0x00000000ded00000, 0x0000000100000000)
  eden space 92672K, 100% used [0x00000000d5580000,0x00000000db000000,0x00000000db000000)
  from space 14336K, 64% used [0x00000000db000000,0x00000000db9157b8,0x00000000dbe00000)
  to   space 14336K, 0% used [0x00000000ddf00000,0x00000000ddf00000,0x00000000ded00000)
 ParOldGen       total 93696K, used 18904K [0x0000000080000000, 0x0000000085b80000, 0x00000000d5580000)
  object space 93696K, 20% used [0x0000000080000000,0x00000000812763e8,0x0000000085b80000)
 Metaspace       used 39174K, capacity 40156K, committed 40320K, reserved 1083392K
  class space    used 5485K, capacity 5711K, committed 5760K, reserved 1048576K
Event: 19.781 GC heap after
Heap after GC invocations=14 (full 2):
 PSYoungGen      total 138240K, used 14304K [0x00000000d5580000, 0x00000000df000000, 0x0000000100000000)
  eden space 123904K, 0% used [0x00000000d5580000,0x00000000d5580000,0x00000000dce80000)
  from space 14336K, 99% used [0x00000000ddf00000,0x00000000decf8010,0x00000000ded00000)
  to   space 16896K, 0% used [0x00000000dce80000,0x00000000dce80000,0x00000000ddf00000)
 ParOldGen       total 93696K, used 20575K [0x0000000080000000, 0x0000000085b80000, 0x00000000d5580000)
  object space 93696K, 21% used [0x0000000080000000,0x0000000081417fc8,0x0000000085b80000)
 Metaspace       used 39174K, capacity 40156K, committed 40320K, reserved 1083392K
  class space    used 5485K, capacity 5711K, committed 5760K, reserved 1048576K
}
Event: 22.389 GC heap before
{Heap before GC invocations=15 (full 2):
 PSYoungGen      total 138240K, used 138208K [0x00000000d5580000, 0x00000000df000000, 0x0000000100000000)
  eden space 123904K, 100% used [0x00000000d5580000,0x00000000dce80000,0x00000000dce80000)
  from space 14336K, 99% used [0x00000000ddf00000,0x00000000decf8010,0x00000000ded00000)
  to   space 16896K, 0% used [0x00000000dce80000,0x00000000dce80000,0x00000000ddf00000)
 ParOldGen       total 93696K, used 20575K [0x0000000080000000, 0x0000000085b80000, 0x00000000d5580000)
  object space 93696K, 21% used [0x0000000080000000,0x0000000081417fc8,0x0000000085b80000)
 Metaspace       used 40404K, capacity 42574K, committed 42880K, reserved 1085440K
  class space    used 5632K, capacity 5924K, committed 6016K, reserved 1048576K
Event: 22.421 GC heap after
Heap after GC invocations=15 (full 2):
 PSYoungGen      total 140800K, used 16880K [0x00000000d5580000, 0x00000000e2100000, 0x0000000100000000)
  eden space 123904K, 0% used [0x00000000d5580000,0x00000000d5580000,0x00000000dce80000)
  from space 16896K, 99% used [0x00000000dce80000,0x00000000ddefc020,0x00000000ddf00000)
  to   space 22016K, 0% used [0x00000000e0b80000,0x00000000e0b80000,0x00000000e2100000)
 ParOldGen       total 93696K, used 28751K [0x0000000080000000, 0x0000000085b80000, 0x00000000d5580000)
  object space 93696K, 30% used [0x0000000080000000,0x0000000081c13f08,0x0000000085b80000)
 Metaspace       used 40404K, capacity 42574K, committed 42880K, reserved 1085440K
  class space    used 5632K, capacity 5924K, committed 6016K, reserved 1048576K
}
Event: 25.134 GC heap before
{Heap before GC invocations=16 (full 2):
 PSYoungGen      total 140800K, used 140784K [0x00000000d5580000, 0x00000000e2100000, 0x0000000100000000)
  eden space 123904K, 100% used [0x00000000d5580000,0x00000000dce80000,0x00000000dce80000)
  from space 16896K, 99% used [0x00000000dce80000,0x00000000ddefc020,0x00000000ddf00000)
  to   space 22016K, 0% used [0x00000000e0b80000,0x00000000e0b80000,0x00000000e2100000)
 ParOldGen       total 93696K, used 28751K [0x0000000080000000, 0x0000000085b80000, 0x00000000d5580000)
  object space 93696K, 30% used [0x0000000080000000,0x0000000081c13f08,0x0000000085b80000)
 Metaspace       used 41917K, capacity 44704K, committed 44928K, reserved 1087488K
  class space    used 5842K, capacity 6189K, committed 6272K, reserved 1048576K
Event: 25.199 GC heap after
Heap after GC invocations=16 (full 2):
 PSYoungGen      total 145920K, used 22000K [0x00000000d5580000, 0x00000000e2100000, 0x0000000100000000)
  eden space 123904K, 0% used [0x00000000d5580000,0x00000000d5580000,0x00000000dce80000)
  from space 22016K, 99% used [0x00000000e0b80000,0x00000000e20fc020,0x00000000e2100000)
  to   space 16896K, 0% used [0x00000000dce80000,0x00000000dce80000,0x00000000ddf00000)
 ParOldGen       total 93696K, used 35433K [0x0000000080000000, 0x0000000085b80000, 0x00000000d5580000)
  object space 93696K, 37% used [0x0000000080000000,0x000000008229a538,0x0000000085b80000)
 Metaspace       used 41917K, capacity 44704K, committed 44928K, reserved 1087488K
  class space    used 5842K, capacity 6189K, committed 6272K, reserved 1048576K
}

Deoptimization events (10 events):
Event: 25.547 Thread 0x000000001af04800 Uncommon trap: reason=unstable_if action=reinterpret pc=0x0000000004726834 method=org.gradle.internal.logging.slf4j.OutputEventListenerBackedLogger.debug(Ljava/lang/String;Ljava/lang/Object;)V @ 4
Event: 25.549 Thread 0x000000001af04800 Uncommon trap: reason=bimorphic action=maybe_recompile pc=0x000000000475979c method=java.util.HashMap.removeNode(ILjava/lang/Object;Ljava/lang/Object;ZZ)Ljava/util/HashMap$Node; @ 68
Event: 25.567 Thread 0x000000001af04800 Uncommon trap: reason=unstable_if action=reinterpret pc=0x00000000036b61b8 method=org.gradle.internal.logging.slf4j.OutputEventListenerBackedLogger.debug(Ljava/lang/String;Ljava/lang/Object;Ljava/lang/Object;)V @ 4
Event: 25.575 Thread 0x000000001af04800 Uncommon trap: reason=bimorphic action=maybe_recompile pc=0x000000000475979c method=java.util.HashMap.removeNode(ILjava/lang/Object;Ljava/lang/Object;ZZ)Ljava/util/HashMap$Node; @ 68
Event: 25.576 Thread 0x000000001af06000 Uncommon trap: reason=unstable_if action=reinterpret pc=0x0000000003ab0820 method=java.util.concurrent.locks.ReentrantLock$Sync.nonfairTryAcquire(I)Z @ 34
Event: 25.662 Thread 0x000000001ae1c800 Uncommon trap: reason=unstable_if action=reinterpret pc=0x0000000003c69cb4 method=com.esotericsoftware.kryo.io.Input.require(I)I @ 117
Event: 25.672 Thread 0x000000001ae1c800 Uncommon trap: reason=unstable_if action=reinterpret pc=0x00000000039d485c method=java.util.concurrent.locks.ReentrantLock$Sync.nonfairTryAcquire(I)Z @ 34
Event: 25.672 Thread 0x000000001ae1b800 Uncommon trap: reason=unstable_if action=reinterpret pc=0x0000000003ebd504 method=java.util.HashMap$HashIterator.<init>(Ljava/util/HashMap;)V @ 45
Event: 25.927 Thread 0x000000001af04800 Uncommon trap: reason=unstable_if action=reinterpret pc=0x0000000004af8ca0 method=java.io.WinNTFileSystem.parentOrNull(Ljava/lang/String;)Ljava/lang/String; @ 62
Event: 26.024 Thread 0x000000001af04800 Uncommon trap: reason=unstable_if action=reinterpret pc=0x00000000049a2798 method=org.gradle.api.internal.project.DefaultProject.getGroup()Ljava/lang/Object; @ 4

Internal exceptions (10 events):
Event: 24.856 Thread 0x000000001af04800 Exception <a 'java/lang/ClassNotFoundException': org/gradle/model/internal/core/ModelMapGroovyViewCustomizer> (0x00000000dc599d90) thrown at [C:\re\workspace\8-2-build-windows-amd64-cygwin\jdk8u121\8372\hotspot\src\share\vm\classfile\systemDictionary.cpp,
Event: 24.857 Thread 0x000000001af04800 Exception <a 'java/lang/ClassNotFoundException': org/gradle/model/internal/core/NodeBackedModelMapCustomizer> (0x00000000dc5bfce0) thrown at [C:\re\workspace\8-2-build-windows-amd64-cygwin\jdk8u121\8372\hotspot\src\share\vm\classfile\systemDictionary.cpp,
Event: 24.859 Thread 0x000000001af04800 Exception <a 'java/lang/ClassNotFoundException': org/gradle/platform/base/BinaryContainer_ImplCustomizer> (0x00000000dc61f4a8) thrown at [C:\re\workspace\8-2-build-windows-amd64-cygwin\jdk8u121\8372\hotspot\src\share\vm\classfile\systemDictionary.cpp, lin
Event: 24.924 Thread 0x000000001ae1c800 Exception <a 'java/lang/NoSuchMethodError': <clinit>> (0x00000000dc8e6fd8) thrown at [C:\re\workspace\8-2-build-windows-amd64-cygwin\jdk8u121\8372\hotspot\src\share\vm\prims\jni.cpp, line 1613]
Event: 25.602 Thread 0x000000001ae1b800 Exception <a 'java/lang/NoSuchMethodError': <clinit>> (0x00000000d5cfe348) thrown at [C:\re\workspace\8-2-build-windows-amd64-cygwin\jdk8u121\8372\hotspot\src\share\vm\prims\jni.cpp, line 1613]
Event: 25.605 Thread 0x000000001ae1b800 Exception <a 'java/lang/NoSuchMethodError': <clinit>> (0x00000000d5d1ac08) thrown at [C:\re\workspace\8-2-build-windows-amd64-cygwin\jdk8u121\8372\hotspot\src\share\vm\prims\jni.cpp, line 1613]
Event: 25.611 Thread 0x000000001ae1b800 Exception <a 'java/lang/NoSuchMethodError': <clinit>> (0x00000000d5d3bf18) thrown at [C:\re\workspace\8-2-build-windows-amd64-cygwin\jdk8u121\8372\hotspot\src\share\vm\prims\jni.cpp, line 1613]
Event: 25.611 Thread 0x000000001ae1b800 Exception <a 'java/lang/NoSuchMethodError': <clinit>> (0x00000000d5d41a80) thrown at [C:\re\workspace\8-2-build-windows-amd64-cygwin\jdk8u121\8372\hotspot\src\share\vm\prims\jni.cpp, line 1613]
Event: 25.614 Thread 0x000000001ae1b800 Exception <a 'java/lang/NoSuchMethodError': <clinit>> (0x00000000d5d527c0) thrown at [C:\re\workspace\8-2-build-windows-amd64-cygwin\jdk8u121\8372\hotspot\src\share\vm\prims\jni.cpp, line 1613]
Event: 25.661 Thread 0x000000001ae1c800 Exception <a 'java/lang/NoSuchMethodError': <clinit>> (0x00000000d5d82960) thrown at [C:\re\workspace\8-2-build-windows-amd64-cygwin\jdk8u121\8372\hotspot\src\share\vm\prims\jni.cpp, line 1613]

Events (10 events):
Event: 25.927 Thread 0x000000001af04800 DEOPT UNPACKING pc=0x00000000032e582a sp=0x000000001c58edd8 mode 2
Event: 25.930 Thread 0x000000001d918000 Thread added: 0x000000001d918000
Event: 25.931 Thread 0x000000001d920800 Thread added: 0x000000001d920800
Event: 26.024 Thread 0x000000001af04800 Uncommon trap: trap_request=0xffffff65 fr.pc=0x00000000049a2798
Event: 26.024 Thread 0x000000001af04800 DEOPT PACKING pc=0x00000000049a2798 sp=0x000000001c58c3d0
Event: 26.024 Thread 0x000000001af04800 DEOPT UNPACKING pc=0x00000000032e582a sp=0x000000001c58c378 mode 2
Event: 26.176 Thread 0x000000001af04800 DEOPT PACKING pc=0x0000000003c385ad sp=0x000000001c58ac20
Event: 26.176 Thread 0x000000001af04800 DEOPT UNPACKING pc=0x00000000032e787f sp=0x000000001c58ab68 mode 0
Event: 26.418 Thread 0x000000001af04800 DEOPT PACKING pc=0x0000000003ca8c06 sp=0x000000001c58b9b0
Event: 26.418 Thread 0x000000001af04800 DEOPT UNPACKING pc=0x00000000032e787f sp=0x000000001c58b7d0 mode 0


Dynamic libraries:
0x00007ff6c2840000 - 0x00007ff6c2877000 	C:\Program Files\Java\jdk1.8.0_121\bin\java.exe
0x00007fff68670000 - 0x00007fff68868000 	C:\WINDOWS\SYSTEM32\ntdll.dll
0x00007fff683a0000 - 0x00007fff6845d000 	C:\WINDOWS\System32\KERNEL32.DLL
0x00007fff66300000 - 0x00007fff665ce000 	C:\WINDOWS\System32\KERNELBASE.dll
0x00007fff66750000 - 0x00007fff667fe000 	C:\WINDOWS\System32\ADVAPI32.dll
0x00007fff67350000 - 0x00007fff673ee000 	C:\WINDOWS\System32\msvcrt.dll
0x00007fff67da0000 - 0x00007fff67e3c000 	C:\WINDOWS\System32\sechost.dll
0x00007fff67860000 - 0x00007fff67985000 	C:\WINDOWS\System32\RPCRT4.dll
0x00007fff67e40000 - 0x00007fff67fe0000 	C:\WINDOWS\System32\USER32.dll
0x00007fff66220000 - 0x00007fff66242000 	C:\WINDOWS\System32\win32u.dll
0x00007fff67250000 - 0x00007fff6727a000 	C:\WINDOWS\System32\GDI32.dll
0x00007fff65de0000 - 0x00007fff65eeb000 	C:\WINDOWS\System32\gdi32full.dll
0x00007fff66180000 - 0x00007fff6621d000 	C:\WINDOWS\System32\msvcp_win.dll
0x00007fff66050000 - 0x00007fff66150000 	C:\WINDOWS\System32\ucrtbase.dll
0x00007fff55740000 - 0x00007fff559da000 	C:\WINDOWS\WinSxS\amd64_microsoft.windows.common-controls_6595b64144ccf1df_6.0.19041.1110_none_60b5254171f9507e\COMCTL32.dll
0x00007fff66800000 - 0x00007fff66830000 	C:\WINDOWS\System32\IMM32.DLL
0x0000000052530000 - 0x0000000052602000 	C:\Program Files\Java\jdk1.8.0_121\jre\bin\msvcr100.dll
0x0000000051c90000 - 0x000000005252b000 	C:\Program Files\Java\jdk1.8.0_121\jre\bin\server\jvm.dll
0x00007fff67330000 - 0x00007fff67338000 	C:\WINDOWS\System32\PSAPI.DLL
0x00007fff51f10000 - 0x00007fff51f19000 	C:\WINDOWS\SYSTEM32\WSOCK32.dll
0x00007fff67990000 - 0x00007fff679fb000 	C:\WINDOWS\System32\WS2_32.dll
0x00007fff55710000 - 0x00007fff55737000 	C:\WINDOWS\SYSTEM32\WINMM.dll
0x00007fff56f90000 - 0x00007fff56f9a000 	C:\WINDOWS\SYSTEM32\VERSION.dll
0x0000000051c80000 - 0x0000000051c8f000 	C:\Program Files\Java\jdk1.8.0_121\jre\bin\verify.dll
0x0000000051c50000 - 0x0000000051c79000 	C:\Program Files\Java\jdk1.8.0_121\jre\bin\java.dll
0x0000000051c30000 - 0x0000000051c46000 	C:\Program Files\Java\jdk1.8.0_121\jre\bin\zip.dll
0x00007fff66950000 - 0x00007fff67094000 	C:\WINDOWS\System32\SHELL32.dll
0x00007fff63a80000 - 0x00007fff64214000 	C:\WINDOWS\SYSTEM32\windows.storage.dll
0x00007fff67fe0000 - 0x00007fff68334000 	C:\WINDOWS\System32\combase.dll
0x00007fff65640000 - 0x00007fff65670000 	C:\WINDOWS\SYSTEM32\Wldp.dll
0x00007fff67140000 - 0x00007fff671ed000 	C:\WINDOWS\System32\SHCORE.dll
0x00007fff67a60000 - 0x00007fff67ab5000 	C:\WINDOWS\System32\shlwapi.dll
0x00007fff65cd0000 - 0x00007fff65cef000 	C:\WINDOWS\SYSTEM32\profapi.dll
0x0000000051c10000 - 0x0000000051c2a000 	C:\Program Files\Java\jdk1.8.0_121\jre\bin\net.dll
0x00007fff65420000 - 0x00007fff6548a000 	C:\WINDOWS\system32\mswsock.dll
0x0000000051bf0000 - 0x0000000051c01000 	C:\Program Files\Java\jdk1.8.0_121\jre\bin\nio.dll
0x00007fff5f0f0000 - 0x00007fff5f10e000 	C:\Users\User\.gradle\native\25\windows-amd64\native-platform.dll
0x00007fff65680000 - 0x00007fff65698000 	C:\WINDOWS\SYSTEM32\CRYPTSP.dll
0x00007fff64dc0000 - 0x00007fff64df4000 	C:\WINDOWS\system32\rsaenh.dll
0x00007fff66150000 - 0x00007fff66177000 	C:\WINDOWS\System32\bcrypt.dll
0x00007fff65c90000 - 0x00007fff65cbe000 	C:\WINDOWS\SYSTEM32\USERENV.dll
0x00007fff665d0000 - 0x00007fff66652000 	C:\WINDOWS\System32\bcryptprimitives.dll
0x00007fff655b0000 - 0x00007fff655bc000 	C:\WINDOWS\SYSTEM32\CRYPTBASE.dll
0x00007fff65130000 - 0x00007fff6516b000 	C:\WINDOWS\SYSTEM32\IPHLPAPI.DLL
0x00007fff67340000 - 0x00007fff67348000 	C:\WINDOWS\System32\NSI.dll
0x00007fff59d80000 - 0x00007fff59d97000 	C:\WINDOWS\SYSTEM32\dhcpcsvc6.DLL
0x00007fff59ee0000 - 0x00007fff59efd000 	C:\WINDOWS\SYSTEM32\dhcpcsvc.DLL
0x00007fff65170000 - 0x00007fff6523b000 	C:\WINDOWS\SYSTEM32\DNSAPI.dll
0x0000000051be0000 - 0x0000000051bed000 	C:\Program Files\Java\jdk1.8.0_121\jre\bin\management.dll

VM Arguments:
jvm_args: -XX:MaxPermSize=512m -XX:+HeapDumpOnOutOfMemoryError -Xmx2048m -Dfile.encoding=UTF-8 -Duser.country=IN -Duser.language=en -Duser.variant 
java_command: org.gradle.launcher.daemon.bootstrap.GradleDaemon 3.5
java_class_path (initial): C:\Users\User\.gradle\wrapper\dists\gradle-3.5-all\exhrs6ca08n232b14ue48lbye\gradle-3.5\lib\gradle-launcher-3.5.jar
Launcher Type: SUN_STANDARD

Environment Variables:
JAVA_HOME=C:\Program Files\Java\jdk1.8.0_121
PATH=C:\Program Files\Common Files\Oracle\Java\javapath;C:\Python39\Scripts\;C:\Python39\;C:\WINDOWS\system32;C:\WINDOWS;C:\WINDOWS\System32\Wbem;C:\WINDOWS\System32\WindowsPowerShell\v1.0\;C:\WINDOWS\System32\OpenSSH\;C:\Program Files\Git\cmd;C:\Program Files\nodejs\;C:\ProgramData\chocolatey\bin;C:\Program Files\Java\jdk1.8.0_121\bin;C:\hadoop\bin;C:\hadoop\sbin;C:\grails-3.3.6\bin;C:\Program Files\PostgreSQL\14\bin;C:\Program Files\PuTTY\;C:\Program Files\Docker\Docker\resources\bin;C:\ProgramData\DockerDesktop\version-bin;C:\Users\User\AppData\Local\Microsoft\WindowsApps;C:\Users\User\AppData\Roaming\npm;C:\Users\User\AppData\Local\Programs\Microsoft VS Code\bin;C:\Program Files\JetBrains\IntelliJ IDEA 2020.2.4\bin;;
USERNAME=Capulus
OS=Windows_NT
PROCESSOR_IDENTIFIER=Intel64 Family 6 Model 61 Stepping 4, GenuineIntel



---------------  S Y S T E M  ---------------

OS: Windows 10.0 , 64 bit Build 19041 (10.0.19041.1806)

CPU:total 4 (2 cores per cpu, 2 threads per core) family 6 model 61 stepping 4, cmov, cx8, fxsr, mmx, sse, sse2, sse3, ssse3, sse4.1, sse4.2, popcnt, avx, avx2, aes, clmul, erms, rtm, 3dnowpref, lzcnt, ht, tsc, tscinvbit, bmi1, bmi2, adx

Memory: 4k page, physical 8277520k(467460k free), swap 26593948k(5368k free)

vm_info: Java HotSpot(TM) 64-Bit Server VM (25.121-b13) for windows-amd64 JRE (1.8.0_121-b13), built on Dec 12 2016 18:21:36 by "java_re" with MS VC++ 10.0 (VS2010)

time: Wed Aug 10 17:42:11 2022
elapsed time: 27 seconds (0d 0h 0m 27s)

