#
# There is insufficient memory for the Java Runtime Environment to continue.
# Native memory allocation (malloc) failed to allocate 32744 bytes for ChunkPool::allocate
# Possible reasons:
#   The system is out of physical RAM or swap space
#   In 32 bit mode, the process size limit was hit
# Possible solutions:
#   Reduce memory load on the system
#   Increase physical memory or swap space
#   Check if swap backing store is full
#   Use 64 bit Java on a 64 bit OS
#   Decrease Java heap size (-Xmx/-Xms)
#   Decrease number of Java threads
#   Decrease Java thread stack sizes (-Xss)
#   Set larger code cache with -XX:ReservedCodeCacheSize=
# This output file may be truncated or incomplete.
#
#  Out of Memory Error (allocation.cpp:273), pid=14928, tid=0x0000000000001130
#
# JRE version: Java(TM) SE Runtime Environment (8.0_121-b13) (build 1.8.0_121-b13)
# Java VM: Java HotSpot(TM) 64-Bit Server VM (25.121-b13 mixed mode windows-amd64 compressed oops)
# Failed to write core dump. Minidumps are not enabled by default on client versions of Windows
#

---------------  T H R E A D  ---------------

Current thread (0x0000000017d28000):  JavaThread "C2 CompilerThread0" daemon [_thread_in_native, id=4400, stack(0x0000000019890000,0x0000000019990000)]

Stack: [0x0000000019890000,0x0000000019990000]
[error occurred during error reporting (printing stack bounds), id 0xc0000005]

Native frames: (J=compiled Java code, j=interpreted, Vv=VM code, C=native code)


Current CompileTask:
C2:   5181 2123       4       org.codehaus.groovy.control.ResolveVisitor::resolve (229 bytes)


---------------  P R O C E S S  ---------------

Java Threads: ( => current thread )
  0x000000001a816800 JavaThread "/127.0.0.1:52757 to /127.0.0.1:52755 workers Thread 3" [_thread_in_native, id=1180, stack(0x000000001bea0000,0x000000001bfa0000)]
  0x000000001a816000 JavaThread "/127.0.0.1:52757 to /127.0.0.1:52755 workers Thread 2" [_thread_blocked, id=16400, stack(0x000000001bda0000,0x000000001bea0000)]
  0x000000001a7bb000 JavaThread "/127.0.0.1:52757 to /127.0.0.1:52755 workers" [_thread_in_vm, id=8496, stack(0x000000001b760000,0x000000001b860000)]
  0x000000001a77d800 JavaThread "Memory manager" [_thread_blocked, id=16396, stack(0x000000001b660000,0x000000001b760000)]
  0x0000000017d5e800 JavaThread "Service Thread" daemon [_thread_blocked, id=17028, stack(0x0000000019b90000,0x0000000019c90000)]
  0x0000000017d43000 JavaThread "C1 CompilerThread2" daemon [_thread_in_native, id=18532, stack(0x0000000019a90000,0x0000000019b90000)]
  0x0000000017d2a000 JavaThread "C2 CompilerThread1" daemon [_thread_in_native, id=18356, stack(0x0000000019990000,0x0000000019a90000)]
=>0x0000000017d28000 JavaThread "C2 CompilerThread0" daemon [_thread_in_native, id=4400, stack(0x0000000019890000,0x0000000019990000)]
  0x0000000019193000 JavaThread "Attach Listener" daemon [_thread_blocked, id=12704, stack(0x0000000019790000,0x0000000019890000)]
  0x0000000019192800 JavaThread "Signal Dispatcher" daemon [_thread_blocked, id=9284, stack(0x0000000019690000,0x0000000019790000)]
  0x0000000017ce9000 JavaThread "Finalizer" daemon [_thread_blocked, id=17900, stack(0x0000000018f50000,0x0000000019050000)]
  0x00000000031b1000 JavaThread "Reference Handler" daemon [_thread_blocked, id=1544, stack(0x0000000018e50000,0x0000000018f50000)]
  0x00000000030c1000 JavaThread "main" [_thread_blocked, id=10664, stack(0x0000000002fc0000,0x00000000030c0000)]

Other Threads:
  0x0000000017cc7800 VMThread [stack: 0x0000000018d50000,0x0000000018e50000] [id=3300]
  0x000000001920a800 WatcherThread [stack: 0x0000000019c90000,0x0000000019d90000] [id=4192]

VM state:not at safepoint (normal execution)

VM Mutex/Monitor currently owned by a thread: None

Heap:
 PSYoungGen      total 71680K, used 7406K [0x00000000d5e00000, 0x00000000da900000, 0x0000000100000000)
  eden space 66560K, 3% used [0x00000000d5e00000,0x00000000d603d830,0x00000000d9f00000)
  from space 5120K, 99% used [0x00000000d9f00000,0x00000000da3fe0f0,0x00000000da400000)
  to   space 5120K, 0% used [0x00000000da400000,0x00000000da400000,0x00000000da900000)
 ParOldGen       total 87552K, used 16142K [0x0000000081a00000, 0x0000000086f80000, 0x00000000d5e00000)
  object space 87552K, 18% used [0x0000000081a00000,0x00000000829c3838,0x0000000086f80000)
 Metaspace       used 18639K, capacity 19012K, committed 19200K, reserved 1067008K
  class space    used 2079K, capacity 2234K, committed 2304K, reserved 1048576K

Card table byte_map: [0x0000000012580000,0x0000000012980000] byte_map_base: 0x0000000012173000

Marking Bits: (ParMarkBitMap*) 0x000000006abab6d0
 Begin Bits: [0x0000000013030000, 0x0000000014fc8000)
 End Bits:   [0x0000000014fc8000, 0x0000000016f60000)

Polling page: 0x0000000001580000

CodeCache: size=245760Kb used=11489Kb max_used=11489Kb free=234271Kb
 bounds [0x00000000031c0000, 0x0000000003d00000, 0x00000000121c0000]
 total_blobs=3001 nmethods=2619 adapters=294
 compilation: enabled

Compilation events (10 events):
Event: 5.078 Thread 0x0000000017d43000 nmethod 2641 0x0000000003cf1650 code [0x0000000003cf1840, 0x0000000003cf1c48]
Event: 5.096 Thread 0x0000000017d43000 2646       2       org.codehaus.groovy.ast.ClassNode::getProperties (28 bytes)
Event: 5.097 Thread 0x0000000017d43000 nmethod 2646 0x0000000003cf1ed0 code [0x0000000003cf2040, 0x0000000003cf2288]
Event: 5.102 Thread 0x0000000017d43000 2647       3       org.codehaus.groovy.classgen.asm.BytecodeHelper::getTypeDescription (255 bytes)
Event: 5.106 Thread 0x0000000017d43000 nmethod 2647 0x0000000003cf23d0 code [0x0000000003cf2840, 0x0000000003cf58d8]
Event: 5.113 Thread 0x0000000017d43000 2648       2       java.util.Formatter::checkText (58 bytes)
Event: 5.114 Thread 0x0000000017d43000 nmethod 2648 0x0000000003cf7750 code [0x0000000003cf7900, 0x0000000003cf7d88]
Event: 5.166 Thread 0x0000000017d43000 2651       2       org.codehaus.groovy.ast.ClassNode::getDeclaredMethodsMap (83 bytes)
Event: 5.167 Thread 0x0000000017d43000 nmethod 2651 0x0000000003cf84d0 code [0x0000000003cf86a0, 0x0000000003cf8a88]
Event: 5.176 Thread 0x0000000017d43000 2652       2       org.codehaus.groovy.transform.trait.TraitComposer::createSuperFallback (267 bytes)

GC Heap History (10 events):
Event: 1.000 GC heap before
{Heap before GC invocations=1 (full 0):
 PSYoungGen      total 38400K, used 33280K [0x00000000d5e00000, 0x00000000d8880000, 0x0000000100000000)
  eden space 33280K, 100% used [0x00000000d5e00000,0x00000000d7e80000,0x00000000d7e80000)
  from space 5120K, 0% used [0x00000000d8380000,0x00000000d8380000,0x00000000d8880000)
  to   space 5120K, 0% used [0x00000000d7e80000,0x00000000d7e80000,0x00000000d8380000)
 ParOldGen       total 87552K, used 0K [0x0000000081a00000, 0x0000000086f80000, 0x00000000d5e00000)
  object space 87552K, 0% used [0x0000000081a00000,0x0000000081a00000,0x0000000086f80000)
 Metaspace       used 8126K, capacity 8378K, committed 8576K, reserved 1056768K
  class space    used 1017K, capacity 1127K, committed 1152K, reserved 1048576K
Event: 1.005 GC heap after
Heap after GC invocations=1 (full 0):
 PSYoungGen      total 38400K, used 3748K [0x00000000d5e00000, 0x00000000d8880000, 0x0000000100000000)
  eden space 33280K, 0% used [0x00000000d5e00000,0x00000000d5e00000,0x00000000d7e80000)
  from space 5120K, 73% used [0x00000000d7e80000,0x00000000d8229120,0x00000000d8380000)
  to   space 5120K, 0% used [0x00000000d8380000,0x00000000d8380000,0x00000000d8880000)
 ParOldGen       total 87552K, used 8K [0x0000000081a00000, 0x0000000086f80000, 0x00000000d5e00000)
  object space 87552K, 0% used [0x0000000081a00000,0x0000000081a02000,0x0000000086f80000)
 Metaspace       used 8126K, capacity 8378K, committed 8576K, reserved 1056768K
  class space    used 1017K, capacity 1127K, committed 1152K, reserved 1048576K
}
Event: 2.194 GC heap before
{Heap before GC invocations=2 (full 0):
 PSYoungGen      total 38400K, used 37028K [0x00000000d5e00000, 0x00000000d8880000, 0x0000000100000000)
  eden space 33280K, 100% used [0x00000000d5e00000,0x00000000d7e80000,0x00000000d7e80000)
  from space 5120K, 73% used [0x00000000d7e80000,0x00000000d8229120,0x00000000d8380000)
  to   space 5120K, 0% used [0x00000000d8380000,0x00000000d8380000,0x00000000d8880000)
 ParOldGen       total 87552K, used 8K [0x0000000081a00000, 0x0000000086f80000, 0x00000000d5e00000)
  object space 87552K, 0% used [0x0000000081a00000,0x0000000081a02000,0x0000000086f80000)
 Metaspace       used 13348K, capacity 13690K, committed 13824K, reserved 1060864K
  class space    used 1625K, capacity 1741K, committed 1792K, reserved 1048576K
Event: 2.202 GC heap after
Heap after GC invocations=2 (full 0):
 PSYoungGen      total 38400K, used 5112K [0x00000000d5e00000, 0x00000000d8880000, 0x0000000100000000)
  eden space 33280K, 0% used [0x00000000d5e00000,0x00000000d5e00000,0x00000000d7e80000)
  from space 5120K, 99% used [0x00000000d8380000,0x00000000d887e310,0x00000000d8880000)
  to   space 5120K, 0% used [0x00000000d7e80000,0x00000000d7e80000,0x00000000d8380000)
 ParOldGen       total 87552K, used 2033K [0x0000000081a00000, 0x0000000086f80000, 0x00000000d5e00000)
  object space 87552K, 2% used [0x0000000081a00000,0x0000000081bfc700,0x0000000086f80000)
 Metaspace       used 13348K, capacity 13690K, committed 13824K, reserved 1060864K
  class space    used 1625K, capacity 1741K, committed 1792K, reserved 1048576K
}
Event: 2.773 GC heap before
{Heap before GC invocations=3 (full 0):
 PSYoungGen      total 38400K, used 38392K [0x00000000d5e00000, 0x00000000d8880000, 0x0000000100000000)
  eden space 33280K, 100% used [0x00000000d5e00000,0x00000000d7e80000,0x00000000d7e80000)
  from space 5120K, 99% used [0x00000000d8380000,0x00000000d887e310,0x00000000d8880000)
  to   space 5120K, 0% used [0x00000000d7e80000,0x00000000d7e80000,0x00000000d8380000)
 ParOldGen       total 87552K, used 2033K [0x0000000081a00000, 0x0000000086f80000, 0x00000000d5e00000)
  object space 87552K, 2% used [0x0000000081a00000,0x0000000081bfc700,0x0000000086f80000)
 Metaspace       used 16210K, capacity 16620K, committed 16768K, reserved 1064960K
  class space    used 1952K, capacity 2102K, committed 2176K, reserved 1048576K
Event: 2.785 GC heap after
Heap after GC invocations=3 (full 0):
 PSYoungGen      total 38400K, used 5112K [0x00000000d5e00000, 0x00000000da900000, 0x0000000100000000)
  eden space 33280K, 0% used [0x00000000d5e00000,0x00000000d5e00000,0x00000000d7e80000)
  from space 5120K, 99% used [0x00000000d7e80000,0x00000000d837e0b0,0x00000000d8380000)
  to   space 5120K, 0% used [0x00000000da400000,0x00000000da400000,0x00000000da900000)
 ParOldGen       total 87552K, used 5490K [0x0000000081a00000, 0x0000000086f80000, 0x00000000d5e00000)
  object space 87552K, 6% used [0x0000000081a00000,0x0000000081f5c858,0x0000000086f80000)
 Metaspace       used 16210K, capacity 16620K, committed 16768K, reserved 1064960K
  class space    used 1952K, capacity 2102K, committed 2176K, reserved 1048576K
}
Event: 4.005 GC heap before
{Heap before GC invocations=4 (full 0):
 PSYoungGen      total 38400K, used 38392K [0x00000000d5e00000, 0x00000000da900000, 0x0000000100000000)
  eden space 33280K, 100% used [0x00000000d5e00000,0x00000000d7e80000,0x00000000d7e80000)
  from space 5120K, 99% used [0x00000000d7e80000,0x00000000d837e0b0,0x00000000d8380000)
  to   space 5120K, 0% used [0x00000000da400000,0x00000000da400000,0x00000000da900000)
 ParOldGen       total 87552K, used 5490K [0x0000000081a00000, 0x0000000086f80000, 0x00000000d5e00000)
  object space 87552K, 6% used [0x0000000081a00000,0x0000000081f5c858,0x0000000086f80000)
 Metaspace       used 16675K, capacity 17068K, committed 17280K, reserved 1064960K
  class space    used 1952K, capacity 2102K, committed 2176K, reserved 1048576K
Event: 4.024 GC heap after
Heap after GC invocations=4 (full 0):
 PSYoungGen      total 71680K, used 5108K [0x00000000d5e00000, 0x00000000da900000, 0x0000000100000000)
  eden space 66560K, 0% used [0x00000000d5e00000,0x00000000d5e00000,0x00000000d9f00000)
  from space 5120K, 99% used [0x00000000da400000,0x00000000da8fd0d0,0x00000000da900000)
  to   space 5120K, 0% used [0x00000000d9f00000,0x00000000d9f00000,0x00000000da400000)
 ParOldGen       total 87552K, used 7874K [0x0000000081a00000, 0x0000000086f80000, 0x00000000d5e00000)
  object space 87552K, 8% used [0x0000000081a00000,0x00000000821b0878,0x0000000086f80000)
 Metaspace       used 16675K, capacity 17068K, committed 17280K, reserved 1064960K
  class space    used 1952K, capacity 2102K, committed 2176K, reserved 1048576K
}
Event: 5.120 GC heap before
{Heap before GC invocations=5 (full 0):
 PSYoungGen      total 71680K, used 71668K [0x00000000d5e00000, 0x00000000da900000, 0x0000000100000000)
  eden space 66560K, 100% used [0x00000000d5e00000,0x00000000d9f00000,0x00000000d9f00000)
  from space 5120K, 99% used [0x00000000da400000,0x00000000da8fd0d0,0x00000000da900000)
  to   space 5120K, 0% used [0x00000000d9f00000,0x00000000d9f00000,0x00000000da400000)
 ParOldGen       total 87552K, used 7874K [0x0000000081a00000, 0x0000000086f80000, 0x00000000d5e00000)
  object space 87552K, 8% used [0x0000000081a00000,0x00000000821b0878,0x0000000086f80000)
 Metaspace       used 18633K, capacity 19012K, committed 19200K, reserved 1067008K
  class space    used 2079K, capacity 2234K, committed 2304K, reserved 1048576K
Event: 5.165 GC heap after
Heap after GC invocations=5 (full 0):
 PSYoungGen      total 71680K, used 5112K [0x00000000d5e00000, 0x00000000da900000, 0x0000000100000000)
  eden space 66560K, 0% used [0x00000000d5e00000,0x00000000d5e00000,0x00000000d9f00000)
  from space 5120K, 99% used [0x00000000d9f00000,0x00000000da3fe0f0,0x00000000da400000)
  to   space 5120K, 0% used [0x00000000da400000,0x00000000da400000,0x00000000da900000)
 ParOldGen       total 87552K, used 16142K [0x0000000081a00000, 0x0000000086f80000, 0x00000000d5e00000)
  object space 87552K, 18% used [0x0000000081a00000,0x00000000829c3838,0x0000000086f80000)
 Metaspace       used 18633K, capacity 19012K, committed 19200K, reserved 1067008K
  class space    used 2079K, capacity 2234K, committed 2304K, reserved 1048576K
}

Deoptimization events (10 events):
Event: 2.888 Thread 0x000000001a7bb000 Uncommon trap: reason=unstable_if action=reinterpret pc=0x00000000036b641c method=sun.nio.cs.StreamDecoder.implRead([CII)I @ 71
Event: 2.889 Thread 0x000000001a7bb000 Uncommon trap: reason=unstable_if action=reinterpret pc=0x00000000036bb720 method=sun.nio.cs.StreamDecoder.implRead([CII)I @ 71
Event: 3.639 Thread 0x000000001a7bb000 Uncommon trap: reason=unstable_if action=reinterpret pc=0x00000000039714d8 method=org.codehaus.groovy.antlr.parser.GroovyLexer.nextToken()Lgroovyjarjarantlr/Token; @ 833
Event: 4.295 Thread 0x000000001a7bb000 Uncommon trap: reason=unstable_if action=reinterpret pc=0x0000000003ac40e0 method=org.codehaus.groovy.ast.ClassHelper.make(Ljava/lang/Class;Z)Lorg/codehaus/groovy/ast/ClassNode; @ 7
Event: 4.381 Thread 0x000000001a7bb000 Uncommon trap: reason=unstable_if action=reinterpret pc=0x0000000003802bd0 method=java.lang.reflect.Constructor.newInstance([Ljava/lang/Object;)Ljava/lang/Object; @ 4
Event: 4.492 Thread 0x000000001a7bb000 Uncommon trap: reason=unstable_if action=reinterpret pc=0x0000000003866178 method=java.lang.reflect.Constructor.newInstance([Ljava/lang/Object;)Ljava/lang/Object; @ 69
Event: 4.785 Thread 0x000000001a7bb000 Uncommon trap: reason=bimorphic action=maybe_recompile pc=0x00000000035a73c8 method=java.util.HashMap.putVal(ILjava/lang/Object;Ljava/lang/Object;ZZ)Ljava/lang/Object; @ 203
Event: 4.810 Thread 0x000000001a7bb000 Uncommon trap: reason=bimorphic action=maybe_recompile pc=0x00000000035a73c8 method=java.util.HashMap.putVal(ILjava/lang/Object;Ljava/lang/Object;ZZ)Ljava/lang/Object; @ 203
Event: 4.811 Thread 0x000000001a7bb000 Uncommon trap: reason=bimorphic action=maybe_recompile pc=0x00000000035a73c8 method=java.util.HashMap.putVal(ILjava/lang/Object;Ljava/lang/Object;ZZ)Ljava/lang/Object; @ 203
Event: 4.812 Thread 0x000000001a7bb000 Uncommon trap: reason=bimorphic action=maybe_recompile pc=0x00000000035a73c8 method=java.util.HashMap.putVal(ILjava/lang/Object;Ljava/lang/Object;ZZ)Ljava/lang/Object; @ 203

Internal exceptions (10 events):
Event: 2.596 Thread 0x000000001a7bb000 Exception <a 'java/lang/ClassNotFoundException': org/grails/compiler/injection/GlobalGrailsClassInjectorTransformationCustomizer> (0x00000000d7920c40) thrown at [C:\re\workspace\8-2-build-windows-amd64-cygwin\jdk8u121\8372\hotspot\src\share\vm\classfile\s
Event: 2.602 Thread 0x000000001a7bb000 Exception <a 'java/lang/ClassNotFoundException': org/grails/compiler/injection/GlobalImportTransformationBeanInfo> (0x00000000d7981958) thrown at [C:\re\workspace\8-2-build-windows-amd64-cygwin\jdk8u121\8372\hotspot\src\share\vm\classfile\systemDictionary
Event: 2.603 Thread 0x000000001a7bb000 Exception <a 'java/lang/ClassNotFoundException': org/grails/compiler/injection/GlobalImportTransformationCustomizer> (0x00000000d79b6768) thrown at [C:\re\workspace\8-2-build-windows-amd64-cygwin\jdk8u121\8372\hotspot\src\share\vm\classfile\systemDictiona
Event: 2.614 Thread 0x000000001a7bb000 Exception <a 'java/lang/ClassNotFoundException': org/grails/compiler/gorm/GlobalTraitRepairTransformationBeanInfo> (0x00000000d7a54b48) thrown at [C:\re\workspace\8-2-build-windows-amd64-cygwin\jdk8u121\8372\hotspot\src\share\vm\classfile\systemDictionary
Event: 2.615 Thread 0x000000001a7bb000 Exception <a 'java/lang/ClassNotFoundException': org/grails/compiler/gorm/GlobalTraitRepairTransformationCustomizer> (0x00000000d7a89958) thrown at [C:\re\workspace\8-2-build-windows-amd64-cygwin\jdk8u121\8372\hotspot\src\share\vm\classfile\systemDictiona
Event: 2.619 Thread 0x000000001a7bb000 Exception <a 'java/lang/ClassNotFoundException': org/grails/compiler/gorm/GlobalJpaEntityTransformBeanInfo> (0x00000000d7af8d78) thrown at [C:\re\workspace\8-2-build-windows-amd64-cygwin\jdk8u121\8372\hotspot\src\share\vm\classfile\systemDictionary.cpp, l
Event: 2.619 Thread 0x000000001a7bb000 Exception <a 'java/lang/ClassNotFoundException': org/codehaus/groovy/transform/AbstractASTTransformationBeanInfo> (0x00000000d7b13420) thrown at [C:\re\workspace\8-2-build-windows-amd64-cygwin\jdk8u121\8372\hotspot\src\share\vm\classfile\systemDictionary.
Event: 2.620 Thread 0x000000001a7bb000 Exception <a 'java/lang/ClassNotFoundException': org/codehaus/groovy/transform/AbstractASTTransformationCustomizer> (0x00000000d7b2df90) thrown at [C:\re\workspace\8-2-build-windows-amd64-cygwin\jdk8u121\8372\hotspot\src\share\vm\classfile\systemDictionar
Event: 2.622 Thread 0x000000001a7bb000 Exception <a 'java/lang/ClassNotFoundException': org/grails/compiler/gorm/GlobalJpaEntityTransformCustomizer> (0x00000000d7b71e88) thrown at [C:\re\workspace\8-2-build-windows-amd64-cygwin\jdk8u121\8372\hotspot\src\share\vm\classfile\systemDictionary.cpp,
Event: 4.492 Thread 0x000000001a7bb000 Implicit null exception at 0x0000000003865e77 to 0x0000000003866169

Events (10 events):
Event: 5.166 loading class org/codehaus/groovy/transform/sc/StaticCompileTransformation
Event: 5.166 loading class org/codehaus/groovy/transform/sc/StaticCompileTransformation done
Event: 5.166 loading class org/codehaus/groovy/transform/sc/StaticCompileTransformation
Event: 5.166 loading class org/codehaus/groovy/transform/sc/StaticCompileTransformation done
Event: 5.166 loading class org/grails/datastore/gorm/GormEntity$Trait$FieldHelper
Event: 5.166 loading class org/grails/datastore/gorm/GormEntity$Trait$FieldHelper done
Event: 5.174 loading class org/codehaus/groovy/transform/sc/StaticCompileTransformation
Event: 5.174 loading class org/codehaus/groovy/transform/sc/StaticCompileTransformation done
Event: 5.174 loading class org/codehaus/groovy/transform/sc/StaticCompileTransformation
Event: 5.174 loading class org/codehaus/groovy/transform/sc/StaticCompileTransformation done


Dynamic libraries:
0x00007ff7c5590000 - 0x00007ff7c55c7000 	C:\Program Files\Java\jdk1.8.0_121\bin\java.exe
0x00007ffca61b0000 - 0x00007ffca63a5000 	C:\WINDOWS\SYSTEM32\ntdll.dll
0x00007ffca5a80000 - 0x00007ffca5b3e000 	C:\WINDOWS\System32\KERNEL32.DLL
0x00007ffca3a30000 - 0x00007ffca3cf8000 	C:\WINDOWS\System32\KERNELBASE.dll
0x00007ffca57a0000 - 0x00007ffca584e000 	C:\WINDOWS\System32\ADVAPI32.dll
0x00007ffca4fc0000 - 0x00007ffca505e000 	C:\WINDOWS\System32\msvcrt.dll
0x00007ffca5700000 - 0x00007ffca579c000 	C:\WINDOWS\System32\sechost.dll
0x00007ffca54d0000 - 0x00007ffca55f5000 	C:\WINDOWS\System32\RPCRT4.dll
0x00007ffca5b40000 - 0x00007ffca5ce0000 	C:\WINDOWS\System32\USER32.dll
0x00007ffca3a00000 - 0x00007ffca3a22000 	C:\WINDOWS\System32\win32u.dll
0x00007ffca4cf0000 - 0x00007ffca4d1b000 	C:\WINDOWS\System32\GDI32.dll
0x00007ffca3d70000 - 0x00007ffca3e7b000 	C:\WINDOWS\System32\gdi32full.dll
0x00007ffca3960000 - 0x00007ffca39fd000 	C:\WINDOWS\System32\msvcp_win.dll
0x00007ffca4060000 - 0x00007ffca4160000 	C:\WINDOWS\System32\ucrtbase.dll
0x00007ffc93860000 - 0x00007ffc93afa000 	C:\WINDOWS\WinSxS\amd64_microsoft.windows.common-controls_6595b64144ccf1df_6.0.19041.1110_none_60b5254171f9507e\COMCTL32.dll
0x00007ffca4330000 - 0x00007ffca4360000 	C:\WINDOWS\System32\IMM32.DLL
0x000000006ac30000 - 0x000000006ad02000 	C:\Program Files\Java\jdk1.8.0_121\jre\bin\msvcr100.dll
0x000000006a390000 - 0x000000006ac2b000 	C:\Program Files\Java\jdk1.8.0_121\jre\bin\server\jvm.dll
0x00007ffca5600000 - 0x00007ffca5608000 	C:\WINDOWS\System32\PSAPI.DLL
0x00007ffc90f80000 - 0x00007ffc90f89000 	C:\WINDOWS\SYSTEM32\WSOCK32.dll
0x00007ffc93ba0000 - 0x00007ffc93bc7000 	C:\WINDOWS\SYSTEM32\WINMM.dll
0x00007ffca5940000 - 0x00007ffca59ab000 	C:\WINDOWS\System32\WS2_32.dll
0x00007ffc94b30000 - 0x00007ffc94b3a000 	C:\WINDOWS\SYSTEM32\VERSION.dll
0x000000006a380000 - 0x000000006a38f000 	C:\Program Files\Java\jdk1.8.0_121\jre\bin\verify.dll
0x000000006a350000 - 0x000000006a379000 	C:\Program Files\Java\jdk1.8.0_121\jre\bin\java.dll
0x000000006a330000 - 0x000000006a346000 	C:\Program Files\Java\jdk1.8.0_121\jre\bin\zip.dll
0x00007ffca43e0000 - 0x00007ffca4b24000 	C:\WINDOWS\System32\SHELL32.dll
0x00007ffca1610000 - 0x00007ffca1da4000 	C:\WINDOWS\SYSTEM32\windows.storage.dll
0x00007ffca5e10000 - 0x00007ffca6164000 	C:\WINDOWS\System32\combase.dll
0x00007ffca3260000 - 0x00007ffca328c000 	C:\WINDOWS\SYSTEM32\Wldp.dll
0x00007ffca4b90000 - 0x00007ffca4c3d000 	C:\WINDOWS\System32\SHCORE.dll
0x00007ffca4b30000 - 0x00007ffca4b85000 	C:\WINDOWS\System32\shlwapi.dll
0x00007ffca3810000 - 0x00007ffca382f000 	C:\WINDOWS\SYSTEM32\profapi.dll
0x000000006a310000 - 0x000000006a32a000 	C:\Program Files\Java\jdk1.8.0_121\jre\bin\net.dll
0x00007ffca2fc0000 - 0x00007ffca302a000 	C:\WINDOWS\system32\mswsock.dll
0x000000006a2f0000 - 0x000000006a301000 	C:\Program Files\Java\jdk1.8.0_121\jre\bin\nio.dll
0x00007ffc81a70000 - 0x00007ffc81a8e000 	C:\Users\User\.gradle\native\25\windows-amd64\native-platform.dll
0x00007ffca31c0000 - 0x00007ffca31d8000 	C:\WINDOWS\SYSTEM32\CRYPTSP.dll
0x00007ffca2940000 - 0x00007ffca2974000 	C:\WINDOWS\system32\rsaenh.dll
0x00007ffca3e80000 - 0x00007ffca3ea7000 	C:\WINDOWS\System32\bcrypt.dll
0x00007ffca37d0000 - 0x00007ffca37fe000 	C:\WINDOWS\SYSTEM32\USERENV.dll
0x00007ffca38d0000 - 0x00007ffca3952000 	C:\WINDOWS\System32\bcryptprimitives.dll
0x00007ffca31b0000 - 0x00007ffca31bc000 	C:\WINDOWS\SYSTEM32\CRYPTBASE.dll
0x00007ffca2cb0000 - 0x00007ffca2ceb000 	C:\WINDOWS\SYSTEM32\IPHLPAPI.DLL
0x00007ffca5850000 - 0x00007ffca5858000 	C:\WINDOWS\System32\NSI.dll
0x00007ffc97100000 - 0x00007ffc97117000 	C:\WINDOWS\SYSTEM32\dhcpcsvc6.DLL
0x00007ffc97a60000 - 0x00007ffc97a7d000 	C:\WINDOWS\SYSTEM32\dhcpcsvc.DLL
0x00007ffca2cf0000 - 0x00007ffca2dba000 	C:\WINDOWS\SYSTEM32\DNSAPI.dll

VM Arguments:
jvm_args: -Djava.security.manager=worker.org.gradle.process.internal.worker.child.BootstrapSecurityManager -Dfile.encoding=ISO-8859-1 -Duser.country=IN -Duser.language=en -Duser.variant 
java_command: worker.org.gradle.process.internal.worker.GradleWorkerMain 'Gradle Worker Daemon 1'
java_class_path (initial): C:\Users\User\.gradle\caches\3.5\workerMain\gradle-worker.jar
Launcher Type: SUN_STANDARD

Environment Variables:
JAVA_HOME=C:\Program Files\Java\jdk1.8.0_121
PATH=C:\Program Files\Common Files\Oracle\Java\javapath;C:\Python39\Scripts\;C:\Python39\;C:\WINDOWS\system32;C:\WINDOWS;C:\WINDOWS\System32\Wbem;C:\WINDOWS\System32\WindowsPowerShell\v1.0\;C:\WINDOWS\System32\OpenSSH\;C:\Program Files\Git\cmd;C:\Program Files\nodejs\;C:\ProgramData\chocolatey\bin;C:\Program Files\Java\jdk1.8.0_121\bin;C:\hadoop\bin;C:\hadoop\sbin;C:\grails-3.3.6\bin;C:\Program Files\PostgreSQL\14\bin;C:\Users\User\AppData\Local\Microsoft\WindowsApps;C:\Users\User\AppData\Roaming\npm;C:\Users\User\AppData\Local\Programs\Microsoft VS Code\bin;C:\Program Files\JetBrains\IntelliJ IDEA 2020.2.4\bin;;
USERNAME=Capulus
OS=Windows_NT
PROCESSOR_IDENTIFIER=Intel64 Family 6 Model 61 Stepping 4, GenuineIntel



---------------  S Y S T E M  ---------------

OS: Windows 10.0 , 64 bit Build 19041 (10.0.19041.1566)

CPU:total 4 (2 cores per cpu, 2 threads per core) family 6 model 61 stepping 4, cmov, cx8, fxsr, mmx, sse, sse2, sse3, ssse3, sse4.1, sse4.2, popcnt, avx, avx2, aes, clmul, erms, rtm, 3dnowpref, lzcnt, ht, tsc, tscinvbit, bmi1, bmi2, adx

Memory: 4k page, physical 8277520k(193020k free), swap 26593948k(4116k free)

vm_info: Java HotSpot(TM) 64-Bit Server VM (25.121-b13) for windows-amd64 JRE (1.8.0_121-b13), built on Dec 12 2016 18:21:36 by "java_re" with MS VC++ 10.0 (VS2010)

time: Wed Mar 23 23:31:59 2022
elapsed time: 5 seconds (0d 0h 0m 5s)

