#
# There is insufficient memory for the Java Runtime Environment to continue.
# Native memory allocation (malloc) failed to allocate 1059536 bytes for Chunk::new
# Possible reasons:
#   The system is out of physical RAM or swap space
#   In 32 bit mode, the process size limit was hit
# Possible solutions:
#   Reduce memory load on the system
#   Increase physical memory or swap space
#   Check if swap backing store is full
#   Use 64 bit Java on a 64 bit OS
#   Decrease Java heap size (-Xmx/-Xms)
#   Decrease number of Java threads
#   Decrease Java thread stack sizes (-Xss)
#   Set larger code cache with -XX:ReservedCodeCacheSize=
# This output file may be truncated or incomplete.
#
#  Out of Memory Error (allocation.cpp:390), pid=4568, tid=0x00000000000025e0
#
# JRE version: Java(TM) SE Runtime Environment (8.0_121-b13) (build 1.8.0_121-b13)
# Java VM: Java HotSpot(TM) 64-Bit Server VM (25.121-b13 mixed mode windows-amd64 compressed oops)
# Failed to write core dump. Minidumps are not enabled by default on client versions of Windows
#

---------------  T H R E A D  ---------------

Current thread (0x000000001795f800):  JavaThread "C2 CompilerThread0" daemon [_thread_in_native, id=9696, stack(0x0000000018fb0000,0x00000000190b0000)]

Stack: [0x0000000018fb0000,0x00000000190b0000]
[error occurred during error reporting (printing stack bounds), id 0xc0000005]

Native frames: (J=compiled Java code, j=interpreted, Vv=VM code, C=native code)


Current CompileTask:
C2:  22453 9014   !   4       java.nio.file.FileTreeWalker::next (144 bytes)


---------------  P R O C E S S  ---------------

Java Threads: ( => current thread )
  0x000000001b01a800 JavaThread "Cache worker for task history cache (D:\PharmIT-Billing\.gradle\3.5\taskHistory)" [_thread_blocked, id=7952, stack(0x0000000021c00000,0x0000000021d00000)]
  0x000000001b017800 JavaThread "Memory manager" [_thread_blocked, id=12792, stack(0x000000001fb40000,0x000000001fc40000)]
  0x000000001b01b000 JavaThread "Cache worker for Artifact transforms cache (C:\Users\User\.gradle\caches\transforms-1)" [_thread_blocked, id=12976, stack(0x000000001f5a0000,0x000000001f6a0000)]
  0x000000001b015000 JavaThread "File lock request listener" [_thread_in_native, id=15052, stack(0x000000001d300000,0x000000001d400000)]
  0x000000001a6c6000 JavaThread "Cache worker for file hash cache (C:\Users\User\.gradle\caches\3.5\fileHashes)" [_thread_blocked, id=7176, stack(0x000000001d200000,0x000000001d300000)]
  0x000000001a6c6800 JavaThread "Stdin handler" [_thread_blocked, id=9688, stack(0x000000001d100000,0x000000001d200000)]
  0x000000001a6c2000 JavaThread "Asynchronous log dispatcher for DefaultDaemonConnection: socket connection from /127.0.0.1:60515 to /127.0.0.1:60516" [_thread_blocked, id=8704, stack(0x000000001d000000,0x000000001d100000)]
  0x000000001a6c4800 JavaThread "Daemon worker" [_thread_in_native, id=2068, stack(0x000000001cf00000,0x000000001d000000)]
  0x000000001a6c0800 JavaThread "Cancel handler" [_thread_blocked, id=11904, stack(0x000000001ce00000,0x000000001cf00000)]
  0x000000001a6c5000 JavaThread "Handler for socket connection from /127.0.0.1:60515 to /127.0.0.1:60516" [_thread_in_native, id=14408, stack(0x000000001cb00000,0x000000001cc00000)]
  0x000000001a6c3800 JavaThread "Daemon" [_thread_blocked, id=10752, stack(0x000000001ca00000,0x000000001cb00000)]
  0x000000001a6c3000 JavaThread "Daemon periodic checks" [_thread_blocked, id=15048, stack(0x000000001c900000,0x000000001ca00000)]
  0x000000001a6c0000 JavaThread "Incoming local TCP Connector on port 60515" [_thread_in_native, id=3740, stack(0x000000001c6c0000,0x000000001c7c0000)]
  0x000000001a6c1800 JavaThread "Daemon health stats" [_thread_blocked, id=4600, stack(0x000000001b080000,0x000000001b180000)]
  0x00000000192d8800 JavaThread "Service Thread" daemon [_thread_blocked, id=14168, stack(0x00000000196b0000,0x00000000197b0000)]
  0x0000000017969800 JavaThread "C1 CompilerThread2" daemon [_thread_in_native, id=14164, stack(0x00000000191b0000,0x00000000192b0000)]
  0x0000000017963000 JavaThread "C2 CompilerThread1" daemon [_thread_in_native, id=10368, stack(0x00000000190b0000,0x00000000191b0000)]
=>0x000000001795f800 JavaThread "C2 CompilerThread0" daemon [_thread_in_native, id=9696, stack(0x0000000018fb0000,0x00000000190b0000)]
  0x000000001795c000 JavaThread "Attach Listener" daemon [_thread_blocked, id=10044, stack(0x0000000018eb0000,0x0000000018fb0000)]
  0x000000001795a800 JavaThread "Signal Dispatcher" daemon [_thread_blocked, id=4932, stack(0x0000000018db0000,0x0000000018eb0000)]
  0x000000001794a800 JavaThread "Finalizer" daemon [_thread_blocked, id=11424, stack(0x0000000018bb0000,0x0000000018cb0000)]
  0x0000000002d30800 JavaThread "Reference Handler" daemon [_thread_blocked, id=12852, stack(0x0000000018ab0000,0x0000000018bb0000)]
  0x0000000002c42800 JavaThread "main" [_thread_blocked, id=14380, stack(0x0000000002a90000,0x0000000002b90000)]

Other Threads:
  0x0000000017928000 VMThread [stack: 0x00000000189b0000,0x0000000018ab0000] [id=1064]
  0x00000000192da800 WatcherThread [stack: 0x00000000197b0000,0x00000000198b0000] [id=8040]

VM state:not at safepoint (normal execution)

VM Mutex/Monitor currently owned by a thread: None

Heap:
 PSYoungGen      total 169984K, used 68429K [0x00000000d5580000, 0x00000000e3700000, 0x0000000100000000)
  eden space 151552K, 36% used [0x00000000d5580000,0x00000000d8c00cc0,0x00000000de980000)
  from space 18432K, 68% used [0x00000000de980000,0x00000000df5d2ab0,0x00000000dfb80000)
  to   space 18944K, 0% used [0x00000000e2480000,0x00000000e2480000,0x00000000e3700000)
 ParOldGen       total 102400K, used 62707K [0x0000000080000000, 0x0000000086400000, 0x00000000d5580000)
  object space 102400K, 61% used [0x0000000080000000,0x0000000083d3cc48,0x0000000086400000)
 Metaspace       used 47132K, capacity 50472K, committed 50520K, reserved 1093632K
  class space    used 6504K, capacity 6996K, committed 7040K, reserved 1048576K

Card table byte_map: [0x0000000012100000,0x0000000012510000] byte_map_base: 0x0000000011d00000

Marking Bits: (ParMarkBitMap*) 0x00000000524ab6d0
 Begin Bits: [0x0000000012bc0000, 0x0000000014bc0000)
 End Bits:   [0x0000000014bc0000, 0x0000000016bc0000)

Polling page: 0x0000000000f20000

CodeCache: size=245760Kb used=27719Kb max_used=27929Kb free=218040Kb
 bounds [0x0000000002d40000, 0x00000000048e0000, 0x0000000011d40000]
 total_blobs=8555 nmethods=7847 adapters=619
 compilation: enabled

Compilation events (10 events):
Event: 22.433 Thread 0x0000000017969800 9116       1       org.gradle.api.internal.artifacts.ivyservice.modulecache.DefaultModuleArtifactsCache$ModuleArtifactsCacheEntry::access$400 (5 bytes)
Event: 22.433 Thread 0x0000000017969800 nmethod 9116 0x00000000041792d0 code [0x0000000004179420, 0x0000000004179510]
Event: 22.433 Thread 0x0000000017969800 9117       1       org.gradle.api.internal.artifacts.ivyservice.modulecache.DefaultModuleArtifactsCache$ModuleArtifactsCacheEntry::access$500 (5 bytes)
Event: 22.434 Thread 0x0000000017969800 nmethod 9117 0x0000000004183010 code [0x0000000004183160, 0x0000000004183250]
Event: 22.434 Thread 0x0000000017969800 9118       1       org.gradle.api.internal.artifacts.ivyservice.modulecache.DefaultModuleArtifactsCache$DefaultCachedArtifacts::getDescriptorHash (5 bytes)
Event: 22.434 Thread 0x0000000017969800 nmethod 9118 0x00000000041b4890 code [0x00000000041b49e0, 0x00000000041b4af0]
Event: 22.434 Thread 0x0000000017969800 9119       1       org.gradle.api.internal.artifacts.ivyservice.modulecache.DefaultModuleArtifactsCache$DefaultCachedArtifacts::getArtifacts (5 bytes)
Event: 22.434 Thread 0x0000000017969800 nmethod 9119 0x0000000003cbbf90 code [0x0000000003cbc0e0, 0x0000000003cbc1f0]
Event: 22.440 Thread 0x0000000017969800 9120       3       org.gradle.api.internal.artifacts.repositories.resolver.ExternalResourceResolver$AbstractRepositoryAccess::resolveArtifactsWithType (69 bytes)
Event: 22.441 Thread 0x0000000017969800 nmethod 9120 0x0000000003943950 code [0x0000000003943b40, 0x0000000003944588]

GC Heap History (10 events):
Event: 13.111 GC heap before
{Heap before GC invocations=13 (full 2):
 PSYoungGen      total 105984K, used 105956K [0x00000000d5580000, 0x00000000dd400000, 0x0000000100000000)
  eden space 98304K, 100% used [0x00000000d5580000,0x00000000db580000,0x00000000db580000)
  from space 7680K, 99% used [0x00000000dcc80000,0x00000000dd3f9228,0x00000000dd400000)
  to   space 12288K, 0% used [0x00000000dbc00000,0x00000000dbc00000,0x00000000dc800000)
 ParOldGen       total 102400K, used 19743K [0x0000000080000000, 0x0000000086400000, 0x00000000d5580000)
  object space 102400K, 19% used [0x0000000080000000,0x0000000081347c28,0x0000000086400000)
 Metaspace       used 40292K, capacity 41314K, committed 41560K, reserved 1085440K
  class space    used 5615K, capacity 5925K, committed 6016K, reserved 1048576K
Event: 13.138 GC heap after
Heap after GC invocations=13 (full 2):
 PSYoungGen      total 117248K, used 12256K [0x00000000d5580000, 0x00000000de900000, 0x0000000100000000)
  eden space 104960K, 0% used [0x00000000d5580000,0x00000000d5580000,0x00000000dbc00000)
  from space 12288K, 99% used [0x00000000dbc00000,0x00000000dc7f8010,0x00000000dc800000)
  to   space 14336K, 0% used [0x00000000ddb00000,0x00000000ddb00000,0x00000000de900000)
 ParOldGen       total 102400K, used 21258K [0x0000000080000000, 0x0000000086400000, 0x00000000d5580000)
  object space 102400K, 20% used [0x0000000080000000,0x00000000814c2810,0x0000000086400000)
 Metaspace       used 40292K, capacity 41314K, committed 41560K, reserved 1085440K
  class space    used 5615K, capacity 5925K, committed 6016K, reserved 1048576K
}
Event: 15.315 GC heap before
{Heap before GC invocations=14 (full 2):
 PSYoungGen      total 117248K, used 117216K [0x00000000d5580000, 0x00000000de900000, 0x0000000100000000)
  eden space 104960K, 100% used [0x00000000d5580000,0x00000000dbc00000,0x00000000dbc00000)
  from space 12288K, 99% used [0x00000000dbc00000,0x00000000dc7f8010,0x00000000dc800000)
  to   space 14336K, 0% used [0x00000000ddb00000,0x00000000ddb00000,0x00000000de900000)
 ParOldGen       total 102400K, used 21258K [0x0000000080000000, 0x0000000086400000, 0x00000000d5580000)
  object space 102400K, 20% used [0x0000000080000000,0x00000000814c2810,0x0000000086400000)
 Metaspace       used 41574K, capacity 43412K, committed 43480K, reserved 1087488K
  class space    used 5752K, capacity 6109K, committed 6144K, reserved 1048576K
Event: 15.361 GC heap after
Heap after GC invocations=14 (full 2):
 PSYoungGen      total 131584K, used 14304K [0x00000000d5580000, 0x00000000dfc80000, 0x0000000100000000)
  eden space 117248K, 0% used [0x00000000d5580000,0x00000000d5580000,0x00000000dc800000)
  from space 14336K, 99% used [0x00000000ddb00000,0x00000000de8f8010,0x00000000de900000)
  to   space 19456K, 0% used [0x00000000dc800000,0x00000000dc800000,0x00000000ddb00000)
 ParOldGen       total 102400K, used 29493K [0x0000000080000000, 0x0000000086400000, 0x00000000d5580000)
  object space 102400K, 28% used [0x0000000080000000,0x0000000081ccd530,0x0000000086400000)
 Metaspace       used 41574K, capacity 43412K, committed 43480K, reserved 1087488K
  class space    used 5752K, capacity 6109K, committed 6144K, reserved 1048576K
}
Event: 17.171 GC heap before
{Heap before GC invocations=15 (full 2):
 PSYoungGen      total 131584K, used 131552K [0x00000000d5580000, 0x00000000dfc80000, 0x0000000100000000)
  eden space 117248K, 100% used [0x00000000d5580000,0x00000000dc800000,0x00000000dc800000)
  from space 14336K, 99% used [0x00000000ddb00000,0x00000000de8f8010,0x00000000de900000)
  to   space 19456K, 0% used [0x00000000dc800000,0x00000000dc800000,0x00000000ddb00000)
 ParOldGen       total 102400K, used 29493K [0x0000000080000000, 0x0000000086400000, 0x00000000d5580000)
  object space 102400K, 28% used [0x0000000080000000,0x0000000081ccd530,0x0000000086400000)
 Metaspace       used 42604K, capacity 45456K, committed 45784K, reserved 1089536K
  class space    used 5883K, capacity 6300K, committed 6400K, reserved 1048576K
Event: 17.240 GC heap after
Heap after GC invocations=15 (full 2):
 PSYoungGen      total 136704K, used 10768K [0x00000000d5580000, 0x00000000e1000000, 0x0000000100000000)
  eden space 117248K, 0% used [0x00000000d5580000,0x00000000d5580000,0x00000000dc800000)
  from space 19456K, 55% used [0x00000000dc800000,0x00000000dd284030,0x00000000ddb00000)
  to   space 18944K, 0% used [0x00000000dfd80000,0x00000000dfd80000,0x00000000e1000000)
 ParOldGen       total 102400K, used 43716K [0x0000000080000000, 0x0000000086400000, 0x00000000d5580000)
  object space 102400K, 42% used [0x0000000080000000,0x0000000082ab1138,0x0000000086400000)
 Metaspace       used 42604K, capacity 45456K, committed 45784K, reserved 1089536K
  class space    used 5883K, capacity 6300K, committed 6400K, reserved 1048576K
}
Event: 19.354 GC heap before
{Heap before GC invocations=16 (full 2):
 PSYoungGen      total 136704K, used 128016K [0x00000000d5580000, 0x00000000e1000000, 0x0000000100000000)
  eden space 117248K, 100% used [0x00000000d5580000,0x00000000dc800000,0x00000000dc800000)
  from space 19456K, 55% used [0x00000000dc800000,0x00000000dd284030,0x00000000ddb00000)
  to   space 18944K, 0% used [0x00000000dfd80000,0x00000000dfd80000,0x00000000e1000000)
 ParOldGen       total 102400K, used 43716K [0x0000000080000000, 0x0000000086400000, 0x00000000d5580000)
  object space 102400K, 42% used [0x0000000080000000,0x0000000082ab1138,0x0000000086400000)
 Metaspace       used 46388K, capacity 49444K, committed 49624K, reserved 1091584K
  class space    used 6422K, capacity 6843K, committed 6912K, reserved 1048576K
Event: 19.384 GC heap after
Heap after GC invocations=16 (full 2):
 PSYoungGen      total 167936K, used 11199K [0x00000000d5580000, 0x00000000e0d80000, 0x0000000100000000)
  eden space 151552K, 0% used [0x00000000d5580000,0x00000000d5580000,0x00000000de980000)
  from space 16384K, 68% used [0x00000000dfd80000,0x00000000e086fc20,0x00000000e0d80000)
  to   space 18432K, 0% used [0x00000000de980000,0x00000000de980000,0x00000000dfb80000)
 ParOldGen       total 102400K, used 53953K [0x0000000080000000, 0x0000000086400000, 0x00000000d5580000)
  object space 102400K, 52% used [0x0000000080000000,0x00000000834b0670,0x0000000086400000)
 Metaspace       used 46388K, capacity 49444K, committed 49624K, reserved 1091584K
  class space    used 6422K, capacity 6843K, committed 6912K, reserved 1048576K
}
Event: 21.856 GC heap before
{Heap before GC invocations=17 (full 2):
 PSYoungGen      total 167936K, used 162751K [0x00000000d5580000, 0x00000000e0d80000, 0x0000000100000000)
  eden space 151552K, 100% used [0x00000000d5580000,0x00000000de980000,0x00000000de980000)
  from space 16384K, 68% used [0x00000000dfd80000,0x00000000e086fc20,0x00000000e0d80000)
  to   space 18432K, 0% used [0x00000000de980000,0x00000000de980000,0x00000000dfb80000)
 ParOldGen       total 102400K, used 53953K [0x0000000080000000, 0x0000000086400000, 0x00000000d5580000)
  object space 102400K, 52% used [0x0000000080000000,0x00000000834b0670,0x0000000086400000)
 Metaspace       used 46892K, capacity 50070K, committed 50136K, reserved 1093632K
  class space    used 6453K, capacity 6902K, committed 6912K, reserved 1048576K
Event: 21.884 GC heap after
Heap after GC invocations=17 (full 2):
 PSYoungGen      total 169984K, used 12618K [0x00000000d5580000, 0x00000000e3700000, 0x0000000100000000)
  eden space 151552K, 0% used [0x00000000d5580000,0x00000000d5580000,0x00000000de980000)
  from space 18432K, 68% used [0x00000000de980000,0x00000000df5d2ab0,0x00000000dfb80000)
  to   space 18944K, 0% used [0x00000000e2480000,0x00000000e2480000,0x00000000e3700000)
 ParOldGen       total 102400K, used 62707K [0x0000000080000000, 0x0000000086400000, 0x00000000d5580000)
  object space 102400K, 61% used [0x0000000080000000,0x0000000083d3cc48,0x0000000086400000)
 Metaspace       used 46892K, capacity 50070K, committed 50136K, reserved 1093632K
  class space    used 6453K, capacity 6902K, committed 6912K, reserved 1048576K
}

Deoptimization events (10 events):
Event: 22.366 Thread 0x000000001a6c4800 Uncommon trap: reason=class_check action=maybe_recompile pc=0x0000000004314118 method=org.gradle.api.internal.artifacts.ivyservice.resolveengine.excludes.ImmutableModuleExclusionSet.contains(Ljava/lang/Object;)Z @ 5
Event: 22.366 Thread 0x000000001a6c4800 Uncommon trap: reason=class_check action=maybe_recompile pc=0x0000000004314118 method=org.gradle.api.internal.artifacts.ivyservice.resolveengine.excludes.ImmutableModuleExclusionSet.contains(Ljava/lang/Object;)Z @ 5
Event: 22.372 Thread 0x000000001a6c4800 Uncommon trap: reason=class_check action=maybe_recompile pc=0x0000000004314118 method=org.gradle.api.internal.artifacts.ivyservice.resolveengine.excludes.ImmutableModuleExclusionSet.contains(Ljava/lang/Object;)Z @ 5
Event: 22.373 Thread 0x000000001a6c4800 Uncommon trap: reason=bimorphic action=maybe_recompile pc=0x00000000043dc5dc method=org.gradle.api.internal.artifacts.ivyservice.resolveengine.excludes.IntersectionExclusion.excludeModule(Lorg/gradle/api/artifacts/ModuleIdentifier;)Z @ 29
Event: 22.373 Thread 0x000000001a6c4800 Uncommon trap: reason=bimorphic action=maybe_recompile pc=0x00000000043dc5dc method=org.gradle.api.internal.artifacts.ivyservice.resolveengine.excludes.IntersectionExclusion.excludeModule(Lorg/gradle/api/artifacts/ModuleIdentifier;)Z @ 29
Event: 22.373 Thread 0x000000001a6c4800 Uncommon trap: reason=bimorphic action=maybe_recompile pc=0x00000000043dc5dc method=org.gradle.api.internal.artifacts.ivyservice.resolveengine.excludes.IntersectionExclusion.excludeModule(Lorg/gradle/api/artifacts/ModuleIdentifier;)Z @ 29
Event: 22.373 Thread 0x000000001a6c4800 Uncommon trap: reason=bimorphic action=maybe_recompile pc=0x00000000043dc5dc method=org.gradle.api.internal.artifacts.ivyservice.resolveengine.excludes.IntersectionExclusion.excludeModule(Lorg/gradle/api/artifacts/ModuleIdentifier;)Z @ 29
Event: 22.414 Thread 0x000000001a6c4800 Uncommon trap: reason=bimorphic action=maybe_recompile pc=0x00000000045b7424 method=org.gradle.api.internal.artifacts.ivyservice.resolveengine.excludes.IntersectionExclusion.mayExcludeArtifacts()Z @ 28
Event: 22.414 Thread 0x000000001a6c4800 Uncommon trap: reason=bimorphic action=maybe_recompile pc=0x00000000045b7424 method=org.gradle.api.internal.artifacts.ivyservice.resolveengine.excludes.IntersectionExclusion.mayExcludeArtifacts()Z @ 28
Event: 22.414 Thread 0x000000001a6c4800 Uncommon trap: reason=bimorphic action=maybe_recompile pc=0x00000000045b7424 method=org.gradle.api.internal.artifacts.ivyservice.resolveengine.excludes.IntersectionExclusion.mayExcludeArtifacts()Z @ 28

Internal exceptions (10 events):
Event: 22.290 Thread 0x000000001a6c4800 Exception <a 'java/lang/ClassNotFoundException': [Ljava/lang/Object;Customizer> (0x00000000d7ffc440) thrown at [C:\re\workspace\8-2-build-windows-amd64-cygwin\jdk8u121\8372\hotspot\src\share\vm\prims\jni.cpp, line 735]
Event: 22.290 Thread 0x000000001a6c4800 Exception <a 'java/lang/ClassNotFoundException': [Ljava/lang/Object;Customizer> (0x00000000d7ffce58) thrown at [C:\re\workspace\8-2-build-windows-amd64-cygwin\jdk8u121\8372\hotspot\src\share\vm\prims\jni.cpp, line 735]
Event: 22.294 Thread 0x000000001a6c4800 Exception <a 'java/lang/ClassNotFoundException': org/gradle/util/GUtilBeanInfo> (0x00000000d8030cb8) thrown at [C:\re\workspace\8-2-build-windows-amd64-cygwin\jdk8u121\8372\hotspot\src\share\vm\classfile\systemDictionary.cpp, line 210]
Event: 22.294 Thread 0x000000001a6c4800 Exception <a 'java/lang/ClassNotFoundException': org/gradle/util/GUtilCustomizer> (0x00000000d803e7c0) thrown at [C:\re\workspace\8-2-build-windows-amd64-cygwin\jdk8u121\8372\hotspot\src\share\vm\classfile\systemDictionary.cpp, line 210]
Event: 22.301 Thread 0x000000001a6c4800 Exception <a 'java/lang/ClassNotFoundException': com/intellij/openapi/externalSystem/model/project/ExternalSystemSourceTypeBeanInfo> (0x00000000d80b0a08) thrown at [C:\re\workspace\8-2-build-windows-amd64-cygwin\jdk8u121\8372\hotspot\src\share\vm\classfil
Event: 22.302 Thread 0x000000001a6c4800 Exception <a 'java/lang/ClassNotFoundException': com/intellij/openapi/externalSystem/model/project/ExternalSystemSourceTypeCustomizer> (0x00000000d80c3590) thrown at [C:\re\workspace\8-2-build-windows-amd64-cygwin\jdk8u121\8372\hotspot\src\share\vm\classf
Event: 22.304 Thread 0x000000001a6c4800 Exception <a 'java/lang/ClassNotFoundException': java/util/LinkedHashMap$LinkedValuesBeanInfo> (0x00000000d80f5720) thrown at [C:\re\workspace\8-2-build-windows-amd64-cygwin\jdk8u121\8372\hotspot\src\share\vm\classfile\systemDictionary.cpp, line 210]
Event: 22.304 Thread 0x000000001a6c4800 Exception <a 'java/lang/ClassNotFoundException': java/util/LinkedHashMap$LinkedValuesCustomizer> (0x00000000d80fe2a0) thrown at [C:\re\workspace\8-2-build-windows-amd64-cygwin\jdk8u121\8372\hotspot\src\share\vm\classfile\systemDictionary.cpp, line 210]
Event: 22.312 Thread 0x000000001a6c4800 Exception <a 'java/lang/ClassNotFoundException': org/jetbrains/plugins/gradle/tooling/util/resolve/DependencyResolverImplBeanInfo> (0x00000000d8165a30) thrown at [C:\re\workspace\8-2-build-windows-amd64-cygwin\jdk8u121\8372\hotspot\src\share\vm\classfile\
Event: 22.313 Thread 0x000000001a6c4800 Exception <a 'java/lang/ClassNotFoundException': org/jetbrains/plugins/gradle/tooling/util/resolve/DependencyResolverImplCustomizer> (0x00000000d8177db0) thrown at [C:\re\workspace\8-2-build-windows-amd64-cygwin\jdk8u121\8372\hotspot\src\share\vm\classfil

Events (10 events):
Event: 22.373 Thread 0x000000001a6c4800 DEOPT UNPACKING pc=0x0000000002d8582a sp=0x000000001cff99b0 mode 2
Event: 22.414 Thread 0x000000001a6c4800 Uncommon trap: trap_request=0xffffffc6 fr.pc=0x00000000045b7424
Event: 22.414 Thread 0x000000001a6c4800 DEOPT PACKING pc=0x00000000045b7424 sp=0x000000001cff9ae0
Event: 22.414 Thread 0x000000001a6c4800 DEOPT UNPACKING pc=0x0000000002d8582a sp=0x000000001cff9a60 mode 2
Event: 22.414 Thread 0x000000001a6c4800 Uncommon trap: trap_request=0xffffffc6 fr.pc=0x00000000045b7424
Event: 22.414 Thread 0x000000001a6c4800 DEOPT PACKING pc=0x00000000045b7424 sp=0x000000001cff9ae0
Event: 22.414 Thread 0x000000001a6c4800 DEOPT UNPACKING pc=0x0000000002d8582a sp=0x000000001cff9a60 mode 2
Event: 22.414 Thread 0x000000001a6c4800 Uncommon trap: trap_request=0xffffffc6 fr.pc=0x00000000045b7424
Event: 22.414 Thread 0x000000001a6c4800 DEOPT PACKING pc=0x00000000045b7424 sp=0x000000001cff9ae0
Event: 22.414 Thread 0x000000001a6c4800 DEOPT UNPACKING pc=0x0000000002d8582a sp=0x000000001cff9a60 mode 2


Dynamic libraries:
0x00007ff6c2840000 - 0x00007ff6c2877000 	C:\Program Files\Java\jdk1.8.0_121\bin\java.exe
0x00007fff68670000 - 0x00007fff68868000 	C:\WINDOWS\SYSTEM32\ntdll.dll
0x00007fff683a0000 - 0x00007fff6845d000 	C:\WINDOWS\System32\KERNEL32.DLL
0x00007fff66300000 - 0x00007fff665ce000 	C:\WINDOWS\System32\KERNELBASE.dll
0x00007fff66750000 - 0x00007fff667fe000 	C:\WINDOWS\System32\ADVAPI32.dll
0x00007fff67350000 - 0x00007fff673ee000 	C:\WINDOWS\System32\msvcrt.dll
0x00007fff67da0000 - 0x00007fff67e3c000 	C:\WINDOWS\System32\sechost.dll
0x00007fff67860000 - 0x00007fff67985000 	C:\WINDOWS\System32\RPCRT4.dll
0x00007fff67e40000 - 0x00007fff67fe0000 	C:\WINDOWS\System32\USER32.dll
0x00007fff66220000 - 0x00007fff66242000 	C:\WINDOWS\System32\win32u.dll
0x00007fff67250000 - 0x00007fff6727a000 	C:\WINDOWS\System32\GDI32.dll
0x00007fff65de0000 - 0x00007fff65eeb000 	C:\WINDOWS\System32\gdi32full.dll
0x00007fff66180000 - 0x00007fff6621d000 	C:\WINDOWS\System32\msvcp_win.dll
0x00007fff66050000 - 0x00007fff66150000 	C:\WINDOWS\System32\ucrtbase.dll
0x00007fff55740000 - 0x00007fff559da000 	C:\WINDOWS\WinSxS\amd64_microsoft.windows.common-controls_6595b64144ccf1df_6.0.19041.1110_none_60b5254171f9507e\COMCTL32.dll
0x00007fff66800000 - 0x00007fff66830000 	C:\WINDOWS\System32\IMM32.DLL
0x0000000052530000 - 0x0000000052602000 	C:\Program Files\Java\jdk1.8.0_121\jre\bin\msvcr100.dll
0x0000000051c90000 - 0x000000005252b000 	C:\Program Files\Java\jdk1.8.0_121\jre\bin\server\jvm.dll
0x00007fff67330000 - 0x00007fff67338000 	C:\WINDOWS\System32\PSAPI.DLL
0x00007fff51f10000 - 0x00007fff51f19000 	C:\WINDOWS\SYSTEM32\WSOCK32.dll
0x00007fff67990000 - 0x00007fff679fb000 	C:\WINDOWS\System32\WS2_32.dll
0x00007fff55710000 - 0x00007fff55737000 	C:\WINDOWS\SYSTEM32\WINMM.dll
0x00007fff56f90000 - 0x00007fff56f9a000 	C:\WINDOWS\SYSTEM32\VERSION.dll
0x0000000051c80000 - 0x0000000051c8f000 	C:\Program Files\Java\jdk1.8.0_121\jre\bin\verify.dll
0x0000000051c50000 - 0x0000000051c79000 	C:\Program Files\Java\jdk1.8.0_121\jre\bin\java.dll
0x0000000051c30000 - 0x0000000051c46000 	C:\Program Files\Java\jdk1.8.0_121\jre\bin\zip.dll
0x00007fff66950000 - 0x00007fff67094000 	C:\WINDOWS\System32\SHELL32.dll
0x00007fff63a80000 - 0x00007fff64214000 	C:\WINDOWS\SYSTEM32\windows.storage.dll
0x00007fff67fe0000 - 0x00007fff68334000 	C:\WINDOWS\System32\combase.dll
0x00007fff65640000 - 0x00007fff65670000 	C:\WINDOWS\SYSTEM32\Wldp.dll
0x00007fff67140000 - 0x00007fff671ed000 	C:\WINDOWS\System32\SHCORE.dll
0x00007fff67a60000 - 0x00007fff67ab5000 	C:\WINDOWS\System32\shlwapi.dll
0x00007fff65cd0000 - 0x00007fff65cef000 	C:\WINDOWS\SYSTEM32\profapi.dll
0x0000000051c10000 - 0x0000000051c2a000 	C:\Program Files\Java\jdk1.8.0_121\jre\bin\net.dll
0x00007fff65420000 - 0x00007fff6548a000 	C:\WINDOWS\system32\mswsock.dll
0x0000000051bf0000 - 0x0000000051c01000 	C:\Program Files\Java\jdk1.8.0_121\jre\bin\nio.dll
0x00007fff5f0f0000 - 0x00007fff5f10e000 	C:\Users\User\.gradle\native\25\windows-amd64\native-platform.dll
0x00007fff65680000 - 0x00007fff65698000 	C:\WINDOWS\SYSTEM32\CRYPTSP.dll
0x00007fff64dc0000 - 0x00007fff64df4000 	C:\WINDOWS\system32\rsaenh.dll
0x00007fff66150000 - 0x00007fff66177000 	C:\WINDOWS\System32\bcrypt.dll
0x00007fff65c90000 - 0x00007fff65cbe000 	C:\WINDOWS\SYSTEM32\USERENV.dll
0x00007fff665d0000 - 0x00007fff66652000 	C:\WINDOWS\System32\bcryptprimitives.dll
0x00007fff655b0000 - 0x00007fff655bc000 	C:\WINDOWS\SYSTEM32\CRYPTBASE.dll
0x00007fff65130000 - 0x00007fff6516b000 	C:\WINDOWS\SYSTEM32\IPHLPAPI.DLL
0x00007fff67340000 - 0x00007fff67348000 	C:\WINDOWS\System32\NSI.dll
0x00007fff59d80000 - 0x00007fff59d97000 	C:\WINDOWS\SYSTEM32\dhcpcsvc6.DLL
0x00007fff59ee0000 - 0x00007fff59efd000 	C:\WINDOWS\SYSTEM32\dhcpcsvc.DLL
0x00007fff65170000 - 0x00007fff6523b000 	C:\WINDOWS\SYSTEM32\DNSAPI.dll
0x0000000051be0000 - 0x0000000051bed000 	C:\Program Files\Java\jdk1.8.0_121\jre\bin\management.dll

VM Arguments:
jvm_args: -XX:MaxPermSize=512m -XX:+HeapDumpOnOutOfMemoryError -Xmx2048m -Dfile.encoding=UTF-8 -Duser.country=IN -Duser.language=en -Duser.variant 
java_command: org.gradle.launcher.daemon.bootstrap.GradleDaemon 3.5
java_class_path (initial): C:\Users\User\.gradle\wrapper\dists\gradle-3.5-all\exhrs6ca08n232b14ue48lbye\gradle-3.5\lib\gradle-launcher-3.5.jar
Launcher Type: SUN_STANDARD

Environment Variables:
JAVA_HOME=C:\Program Files\Java\jdk1.8.0_121
PATH=C:\Program Files\Common Files\Oracle\Java\javapath;C:\Python39\Scripts\;C:\Python39\;C:\WINDOWS\system32;C:\WINDOWS;C:\WINDOWS\System32\Wbem;C:\WINDOWS\System32\WindowsPowerShell\v1.0\;C:\WINDOWS\System32\OpenSSH\;C:\Program Files\Git\cmd;C:\Program Files\nodejs\;C:\ProgramData\chocolatey\bin;C:\Program Files\Java\jdk1.8.0_121\bin;C:\hadoop\bin;C:\hadoop\sbin;C:\grails-3.3.6\bin;C:\Program Files\PostgreSQL\14\bin;C:\Program Files\PuTTY\;C:\Program Files\Docker\Docker\resources\bin;C:\ProgramData\DockerDesktop\version-bin;C:\Users\User\AppData\Local\Microsoft\WindowsApps;C:\Users\User\AppData\Roaming\npm;C:\Users\User\AppData\Local\Programs\Microsoft VS Code\bin;C:\Program Files\JetBrains\IntelliJ IDEA 2020.2.4\bin;;
USERNAME=Capulus
OS=Windows_NT
PROCESSOR_IDENTIFIER=Intel64 Family 6 Model 61 Stepping 4, GenuineIntel



---------------  S Y S T E M  ---------------

OS: Windows 10.0 , 64 bit Build 19041 (10.0.19041.1806)

CPU:total 4 (2 cores per cpu, 2 threads per core) family 6 model 61 stepping 4, cmov, cx8, fxsr, mmx, sse, sse2, sse3, ssse3, sse4.1, sse4.2, popcnt, avx, avx2, aes, clmul, erms, rtm, 3dnowpref, lzcnt, ht, tsc, tscinvbit, bmi1, bmi2, adx

Memory: 4k page, physical 8277520k(371284k free), swap 26593948k(5224k free)

vm_info: Java HotSpot(TM) 64-Bit Server VM (25.121-b13) for windows-amd64 JRE (1.8.0_121-b13), built on Dec 12 2016 18:21:36 by "java_re" with MS VC++ 10.0 (VS2010)

time: Wed Aug 10 17:40:43 2022
elapsed time: 22 seconds (0d 0h 0m 22s)

