#
# There is insufficient memory for the Java Runtime Environment to continue.
# Native memory allocation (malloc) failed to allocate 494256 bytes for Chunk::new
# Possible reasons:
#   The system is out of physical RAM or swap space
#   In 32 bit mode, the process size limit was hit
# Possible solutions:
#   Reduce memory load on the system
#   Increase physical memory or swap space
#   Check if swap backing store is full
#   Use 64 bit Java on a 64 bit OS
#   Decrease Java heap size (-Xmx/-Xms)
#   Decrease number of Java threads
#   Decrease Java thread stack sizes (-Xss)
#   Set larger code cache with -XX:ReservedCodeCacheSize=
# This output file may be truncated or incomplete.
#
#  Out of Memory Error (allocation.cpp:390), pid=4300, tid=0x0000000000002fd4
#
# JRE version: Java(TM) SE Runtime Environment (8.0_121-b13) (build 1.8.0_121-b13)
# Java VM: Java HotSpot(TM) 64-Bit Server VM (25.121-b13 mixed mode windows-amd64 compressed oops)
# Failed to write core dump. Minidumps are not enabled by default on client versions of Windows
#

---------------  T H R E A D  ---------------

Current thread (0x0000000017ce9000):  JavaThread "C2 CompilerThread1" daemon [_thread_in_native, id=12244, stack(0x00000000193f0000,0x00000000194f0000)]

Stack: [0x00000000193f0000,0x00000000194f0000]
[error occurred during error reporting (printing stack bounds), id 0xc0000005]

Native frames: (J=compiled Java code, j=interpreted, Vv=VM code, C=native code)


Current CompileTask:
C2:  20145 3309   !   4       com.sun.org.apache.xerces.internal.impl.XMLDocumentFragmentScannerImpl$FragmentContentDriver::next (2346 bytes)


---------------  P R O C E S S  ---------------

Java Threads: ( => current thread )
  0x000000001af58800 JavaThread "Cache worker for Artifact transforms cache (C:\Users\User\.gradle\caches\transforms-1)" [_thread_blocked, id=6356, stack(0x000000001fd10000,0x000000001fe10000)]
  0x000000001af57800 JavaThread "File lock request listener" [_thread_in_native, id=3892, stack(0x000000001c640000,0x000000001c740000)]
  0x000000001af5a000 JavaThread "Cache worker for file hash cache (C:\Users\User\.gradle\caches\3.5\fileHashes)" [_thread_blocked, id=15440, stack(0x000000001c540000,0x000000001c640000)]
  0x000000001acb8000 JavaThread "Stdin handler" [_thread_blocked, id=16364, stack(0x000000001c440000,0x000000001c540000)]
  0x000000001abc4000 JavaThread "Asynchronous log dispatcher for DefaultDaemonConnection: socket connection from /127.0.0.1:51046 to /127.0.0.1:51047" [_thread_blocked, id=18040, stack(0x000000001c340000,0x000000001c440000)]
  0x000000001acb7800 JavaThread "Daemon worker" [_thread_in_native, id=11280, stack(0x000000001c240000,0x000000001c340000)]
  0x000000001acb6800 JavaThread "Cancel handler" [_thread_blocked, id=14096, stack(0x000000001c140000,0x000000001c240000)]
  0x000000001ac9a000 JavaThread "Handler for socket connection from /127.0.0.1:51046 to /127.0.0.1:51047" [_thread_in_native, id=3200, stack(0x000000001be40000,0x000000001bf40000)]
  0x0000000019d86000 JavaThread "Daemon" [_thread_blocked, id=11648, stack(0x000000001bd40000,0x000000001be40000)]
  0x000000001a4fd800 JavaThread "Daemon periodic checks" [_thread_blocked, id=16108, stack(0x000000001bc40000,0x000000001bd40000)]
  0x000000001a664800 JavaThread "Incoming local TCP Connector on port 51046" [_thread_in_native, id=1332, stack(0x000000001ba00000,0x000000001bb00000)]
  0x000000001b067000 JavaThread "Daemon health stats" [_thread_blocked, id=19252, stack(0x000000001b700000,0x000000001b800000)]
  0x00000000194f2800 JavaThread "Service Thread" daemon [_thread_blocked, id=18080, stack(0x00000000199f0000,0x0000000019af0000)]
  0x00000000194f0800 JavaThread "C1 CompilerThread2" daemon [_thread_blocked, id=5148, stack(0x00000000198f0000,0x00000000199f0000)]
=>0x0000000017ce9000 JavaThread "C2 CompilerThread1" daemon [_thread_in_native, id=12244, stack(0x00000000193f0000,0x00000000194f0000)]
  0x0000000017c8f000 JavaThread "C2 CompilerThread0" daemon [_thread_blocked, id=15840, stack(0x00000000192f0000,0x00000000193f0000)]
  0x0000000017c8d800 JavaThread "Attach Listener" daemon [_thread_blocked, id=18424, stack(0x00000000191f0000,0x00000000192f0000)]
  0x0000000017c8a800 JavaThread "Signal Dispatcher" daemon [_thread_blocked, id=18912, stack(0x00000000190f0000,0x00000000191f0000)]
  0x0000000003067800 JavaThread "Finalizer" daemon [_thread_blocked, id=18420, stack(0x0000000018ef0000,0x0000000018ff0000)]
  0x0000000003062000 JavaThread "Reference Handler" daemon [_thread_blocked, id=10032, stack(0x0000000018df0000,0x0000000018ef0000)]
  0x0000000002f72800 JavaThread "main" [_thread_blocked, id=11940, stack(0x0000000002e10000,0x0000000002f10000)]

Other Threads:
  0x0000000017c57000 VMThread [stack: 0x0000000018cf0000,0x0000000018df0000] [id=14432]
  0x000000001950b000 WatcherThread [stack: 0x0000000019af0000,0x0000000019bf0000] [id=13540]

VM state:not at safepoint (normal execution)

VM Mutex/Monitor currently owned by a thread: None

Heap:
 PSYoungGen      total 66048K, used 38854K [0x00000000d5580000, 0x00000000dcb80000, 0x0000000100000000)
  eden space 55296K, 50% used [0x00000000d5580000,0x00000000d70f8ba0,0x00000000d8b80000)
  from space 10752K, 99% used [0x00000000d8b80000,0x00000000d95f8e28,0x00000000d9600000)
  to   space 12800K, 0% used [0x00000000dbf00000,0x00000000dbf00000,0x00000000dcb80000)
 ParOldGen       total 59904K, used 9982K [0x0000000080000000, 0x0000000083a80000, 0x00000000d5580000)
  object space 59904K, 16% used [0x0000000080000000,0x00000000809bf9f8,0x0000000083a80000)
 Metaspace       used 33736K, capacity 34444K, committed 34816K, reserved 1079296K
  class space    used 4555K, capacity 4752K, committed 4864K, reserved 1048576K

Card table byte_map: [0x0000000012430000,0x0000000012840000] byte_map_base: 0x0000000012030000

Marking Bits: (ParMarkBitMap*) 0x00000000556cb6d0
 Begin Bits: [0x0000000012ef0000, 0x0000000014ef0000)
 End Bits:   [0x0000000014ef0000, 0x0000000016ef0000)

Polling page: 0x0000000001410000

CodeCache: size=245760Kb used=11878Kb max_used=11889Kb free=233882Kb
 bounds [0x0000000003070000, 0x0000000003c20000, 0x0000000012070000]
 total_blobs=3818 nmethods=3133 adapters=597
 compilation: enabled

Compilation events (10 events):
Event: 20.108 Thread 0x00000000194f0800 3317       3       com.sun.org.apache.xerces.internal.util.AugmentationsImpl$SmallContainer::getItem (43 bytes)
Event: 20.108 Thread 0x00000000194f0800 nmethod 3317 0x0000000003c0af10 code [0x0000000003c0b0a0, 0x0000000003c0b428]
Event: 20.112 Thread 0x00000000194f0800 3320       3       com.sun.org.apache.xerces.internal.dom.NodeImpl::isNormalized (55 bytes)
Event: 20.113 Thread 0x00000000194f0800 nmethod 3320 0x0000000003c0a7d0 code [0x0000000003c0a940, 0x0000000003c0ade8]
Event: 20.113 Thread 0x00000000194f0800 3321       3       com.sun.org.apache.xerces.internal.dom.CoreDocumentImpl::getNodeListCache (69 bytes)
Event: 20.113 Thread 0x00000000194f0800 nmethod 3321 0x0000000003c0f3d0 code [0x0000000003c0f540, 0x0000000003c0f8d0]
Event: 20.123 Thread 0x0000000017c8f000 nmethod 3316 0x0000000003c14a10 code [0x0000000003c14c20, 0x0000000003c15870]
Event: 20.123 Thread 0x0000000017c8f000 3319 % !   4       sun.nio.cs.ISO_8859_1$Decoder::decodeArrayLoop @ 129 (263 bytes)
Event: 20.138 Thread 0x0000000017c8f000 nmethod 3319% 0x0000000003c16810 code [0x0000000003c169a0, 0x0000000003c17030]
Event: 20.138 Thread 0x0000000017c8f000 3318       4       com.sun.org.apache.xerces.internal.impl.XMLEntityScanner::checkLimit (253 bytes)

GC Heap History (10 events):
Event: 11.797 GC heap before
{Heap before GC invocations=4 (full 0):
 PSYoungGen      total 38400K, used 36420K [0x00000000d5580000, 0x00000000d8000000, 0x0000000100000000)
  eden space 33280K, 94% used [0x00000000d5580000,0x00000000d7411a38,0x00000000d7600000)
  from space 5120K, 99% used [0x00000000d7600000,0x00000000d7aff5f8,0x00000000d7b00000)
  to   space 5120K, 0% used [0x00000000d7b00000,0x00000000d7b00000,0x00000000d8000000)
 ParOldGen       total 87552K, used 3442K [0x0000000080000000, 0x0000000085580000, 0x00000000d5580000)
  object space 87552K, 3% used [0x0000000080000000,0x000000008035ca68,0x0000000085580000)
 Metaspace       used 20767K, capacity 21174K, committed 21248K, reserved 1067008K
  class space    used 2870K, capacity 3047K, committed 3072K, reserved 1048576K
Event: 11.807 GC heap after
Heap after GC invocations=4 (full 0):
 PSYoungGen      total 38400K, used 5116K [0x00000000d5580000, 0x00000000d8000000, 0x0000000100000000)
  eden space 33280K, 0% used [0x00000000d5580000,0x00000000d5580000,0x00000000d7600000)
  from space 5120K, 99% used [0x00000000d7b00000,0x00000000d7fff000,0x00000000d8000000)
  to   space 5120K, 0% used [0x00000000d7600000,0x00000000d7600000,0x00000000d7b00000)
 ParOldGen       total 87552K, used 8183K [0x0000000080000000, 0x0000000085580000, 0x00000000d5580000)
  object space 87552K, 9% used [0x0000000080000000,0x00000000807fdc50,0x0000000085580000)
 Metaspace       used 20767K, capacity 21174K, committed 21248K, reserved 1067008K
  class space    used 2870K, capacity 3047K, committed 3072K, reserved 1048576K
}
Event: 11.807 GC heap before
{Heap before GC invocations=5 (full 1):
 PSYoungGen      total 38400K, used 5116K [0x00000000d5580000, 0x00000000d8000000, 0x0000000100000000)
  eden space 33280K, 0% used [0x00000000d5580000,0x00000000d5580000,0x00000000d7600000)
  from space 5120K, 99% used [0x00000000d7b00000,0x00000000d7fff000,0x00000000d8000000)
  to   space 5120K, 0% used [0x00000000d7600000,0x00000000d7600000,0x00000000d7b00000)
 ParOldGen       total 87552K, used 8183K [0x0000000080000000, 0x0000000085580000, 0x00000000d5580000)
  object space 87552K, 9% used [0x0000000080000000,0x00000000807fdc50,0x0000000085580000)
 Metaspace       used 20767K, capacity 21174K, committed 21248K, reserved 1067008K
  class space    used 2870K, capacity 3047K, committed 3072K, reserved 1048576K
Event: 11.853 GC heap after
Heap after GC invocations=5 (full 1):
 PSYoungGen      total 38400K, used 0K [0x00000000d5580000, 0x00000000d8000000, 0x0000000100000000)
  eden space 33280K, 0% used [0x00000000d5580000,0x00000000d5580000,0x00000000d7600000)
  from space 5120K, 0% used [0x00000000d7b00000,0x00000000d7b00000,0x00000000d8000000)
  to   space 5120K, 0% used [0x00000000d7600000,0x00000000d7600000,0x00000000d7b00000)
 ParOldGen       total 59904K, used 9704K [0x0000000080000000, 0x0000000083a80000, 0x00000000d5580000)
  object space 59904K, 16% used [0x0000000080000000,0x000000008097a3a8,0x0000000083a80000)
 Metaspace       used 20767K, capacity 21174K, committed 21248K, reserved 1067008K
  class space    used 2870K, capacity 3047K, committed 3072K, reserved 1048576K
}
Event: 12.822 GC heap before
{Heap before GC invocations=6 (full 1):
 PSYoungGen      total 38400K, used 33280K [0x00000000d5580000, 0x00000000d8000000, 0x0000000100000000)
  eden space 33280K, 100% used [0x00000000d5580000,0x00000000d7600000,0x00000000d7600000)
  from space 5120K, 0% used [0x00000000d7b00000,0x00000000d7b00000,0x00000000d8000000)
  to   space 5120K, 0% used [0x00000000d7600000,0x00000000d7600000,0x00000000d7b00000)
 ParOldGen       total 59904K, used 9704K [0x0000000080000000, 0x0000000083a80000, 0x00000000d5580000)
  object space 59904K, 16% used [0x0000000080000000,0x000000008097a3a8,0x0000000083a80000)
 Metaspace       used 23550K, capacity 23980K, committed 24320K, reserved 1071104K
  class space    used 3296K, capacity 3468K, committed 3584K, reserved 1048576K
Event: 12.825 GC heap after
Heap after GC invocations=6 (full 1):
 PSYoungGen      total 38400K, used 3373K [0x00000000d5580000, 0x00000000da100000, 0x0000000100000000)
  eden space 33280K, 0% used [0x00000000d5580000,0x00000000d5580000,0x00000000d7600000)
  from space 5120K, 65% used [0x00000000d7600000,0x00000000d794b700,0x00000000d7b00000)
  to   space 11264K, 0% used [0x00000000d9600000,0x00000000d9600000,0x00000000da100000)
 ParOldGen       total 59904K, used 9712K [0x0000000080000000, 0x0000000083a80000, 0x00000000d5580000)
  object space 59904K, 16% used [0x0000000080000000,0x000000008097c3a8,0x0000000083a80000)
 Metaspace       used 23550K, capacity 23980K, committed 24320K, reserved 1071104K
  class space    used 3296K, capacity 3468K, committed 3584K, reserved 1048576K
}
Event: 13.723 GC heap before
{Heap before GC invocations=7 (full 1):
 PSYoungGen      total 38400K, used 36653K [0x00000000d5580000, 0x00000000da100000, 0x0000000100000000)
  eden space 33280K, 100% used [0x00000000d5580000,0x00000000d7600000,0x00000000d7600000)
  from space 5120K, 65% used [0x00000000d7600000,0x00000000d794b700,0x00000000d7b00000)
  to   space 11264K, 0% used [0x00000000d9600000,0x00000000d9600000,0x00000000da100000)
 ParOldGen       total 59904K, used 9712K [0x0000000080000000, 0x0000000083a80000, 0x00000000d5580000)
  object space 59904K, 16% used [0x0000000080000000,0x000000008097c3a8,0x0000000083a80000)
 Metaspace       used 26103K, capacity 26668K, committed 26880K, reserved 1073152K
  class space    used 3581K, capacity 3785K, committed 3840K, reserved 1048576K
Event: 13.737 GC heap after
Heap after GC invocations=7 (full 1):
 PSYoungGen      total 66560K, used 5250K [0x00000000d5580000, 0x00000000da200000, 0x0000000100000000)
  eden space 55296K, 0% used [0x00000000d5580000,0x00000000d5580000,0x00000000d8b80000)
  from space 11264K, 46% used [0x00000000d9600000,0x00000000d9b20a28,0x00000000da100000)
  to   space 10752K, 0% used [0x00000000d8b80000,0x00000000d8b80000,0x00000000d9600000)
 ParOldGen       total 59904K, used 9720K [0x0000000080000000, 0x0000000083a80000, 0x00000000d5580000)
  object space 59904K, 16% used [0x0000000080000000,0x000000008097e3a8,0x0000000083a80000)
 Metaspace       used 26103K, capacity 26668K, committed 26880K, reserved 1073152K
  class space    used 3581K, capacity 3785K, committed 3840K, reserved 1048576K
}
Event: 15.758 GC heap before
{Heap before GC invocations=8 (full 1):
 PSYoungGen      total 66560K, used 60546K [0x00000000d5580000, 0x00000000da200000, 0x0000000100000000)
  eden space 55296K, 100% used [0x00000000d5580000,0x00000000d8b80000,0x00000000d8b80000)
  from space 11264K, 46% used [0x00000000d9600000,0x00000000d9b20a28,0x00000000da100000)
  to   space 10752K, 0% used [0x00000000d8b80000,0x00000000d8b80000,0x00000000d9600000)
 ParOldGen       total 59904K, used 9720K [0x0000000080000000, 0x0000000083a80000, 0x00000000d5580000)
  object space 59904K, 16% used [0x0000000080000000,0x000000008097e3a8,0x0000000083a80000)
 Metaspace       used 31085K, capacity 31740K, committed 31872K, reserved 1077248K
  class space    used 4250K, capacity 4426K, committed 4480K, reserved 1048576K
Event: 15.784 GC heap after
Heap after GC invocations=8 (full 1):
 PSYoungGen      total 66048K, used 10723K [0x00000000d5580000, 0x00000000dcb80000, 0x0000000100000000)
  eden space 55296K, 0% used [0x00000000d5580000,0x00000000d5580000,0x00000000d8b80000)
  from space 10752K, 99% used [0x00000000d8b80000,0x00000000d95f8e28,0x00000000d9600000)
  to   space 12800K, 0% used [0x00000000dbf00000,0x00000000dbf00000,0x00000000dcb80000)
 ParOldGen       total 59904K, used 9982K [0x0000000080000000, 0x0000000083a80000, 0x00000000d5580000)
  object space 59904K, 16% used [0x0000000080000000,0x00000000809bf9f8,0x0000000083a80000)
 Metaspace       used 31085K, capacity 31740K, committed 31872K, reserved 1077248K
  class space    used 4250K, capacity 4426K, committed 4480K, reserved 1048576K
}

Deoptimization events (10 events):
Event: 14.284 Thread 0x000000001acb7800 Uncommon trap: reason=unstable_if action=reinterpret pc=0x0000000003622828 method=java.net.URLStreamHandler.sameFile(Ljava/net/URL;Ljava/net/URL;)Z @ 63
Event: 15.503 Thread 0x000000001acb7800 Uncommon trap: reason=class_check action=maybe_recompile pc=0x000000000322ad28 method=java.lang.String.equals(Ljava/lang/Object;)Z @ 8
Event: 15.503 Thread 0x000000001acb7800 Uncommon trap: reason=class_check action=maybe_recompile pc=0x000000000322ad28 method=java.lang.String.equals(Ljava/lang/Object;)Z @ 8
Event: 15.503 Thread 0x000000001acb7800 Uncommon trap: reason=class_check action=maybe_recompile pc=0x000000000322ad28 method=java.lang.String.equals(Ljava/lang/Object;)Z @ 8
Event: 15.503 Thread 0x000000001acb7800 Uncommon trap: reason=class_check action=maybe_recompile pc=0x000000000322ad28 method=java.lang.String.equals(Ljava/lang/Object;)Z @ 8
Event: 16.051 Thread 0x000000001acb7800 Uncommon trap: reason=unstable_if action=reinterpret pc=0x0000000003550f20 method=java.net.URI.match(CJJ)Z @ 45
Event: 16.400 Thread 0x000000001acb7800 Uncommon trap: reason=unstable_if action=reinterpret pc=0x00000000038f5220 method=java.net.URLClassLoader.isSealed(Ljava/lang/String;Ljava/util/jar/Manifest;)Z @ 26
Event: 19.904 Thread 0x000000001acb7800 Uncommon trap: reason=unstable_if action=reinterpret pc=0x0000000003b3f0e4 method=com.sun.org.apache.xerces.internal.impl.XMLEntityScanner.scanName(Lcom/sun/org/apache/xerces/internal/impl/XMLScanner$NameType;)Ljava/lang/String; @ 69
Event: 19.920 Thread 0x000000001acb7800 Uncommon trap: reason=unstable_if action=reinterpret pc=0x0000000003b036a8 method=com.sun.org.apache.xerces.internal.impl.XMLEntityScanner.scanContent(Lcom/sun/org/apache/xerces/internal/xni/XMLString;)I @ 526
Event: 19.921 Thread 0x000000001acb7800 Uncommon trap: reason=unstable_if action=reinterpret pc=0x0000000003b453c4 method=com.sun.org.apache.xerces.internal.impl.XMLDocumentFragmentScannerImpl$FragmentContentDriver.next()I @ 1171

Internal exceptions (10 events):
Event: 15.724 Thread 0x000000001acb7800 Exception <a 'java/lang/ClassNotFoundException': org/gradle/api/internal/artifacts/repositories/DefaultMavenArtifactRepository_DecoratedCustomizer> (0x00000000d8a01c18) thrown at [C:\re\workspace\8-2-build-windows-amd64-cygwin\jdk8u121\8372\hotspot\src\sh
Event: 15.735 Thread 0x000000001acb7800 Exception <a 'java/lang/ClassNotFoundException': groovy/lang/GString$1BeanInfo> (0x00000000d8a8e248) thrown at [C:\re\workspace\8-2-build-windows-amd64-cygwin\jdk8u121\8372\hotspot\src\share\vm\classfile\systemDictionary.cpp, line 210]
Event: 15.736 Thread 0x000000001acb7800 Exception <a 'java/lang/ClassNotFoundException': groovy/lang/GStringBeanInfo> (0x00000000d8aa6828) thrown at [C:\re\workspace\8-2-build-windows-amd64-cygwin\jdk8u121\8372\hotspot\src\share\vm\classfile\systemDictionary.cpp, line 210]
Event: 15.737 Thread 0x000000001acb7800 Exception <a 'java/lang/ClassNotFoundException': groovy/lang/GStringCustomizer> (0x00000000d8abf6a0) thrown at [C:\re\workspace\8-2-build-windows-amd64-cygwin\jdk8u121\8372\hotspot\src\share\vm\classfile\systemDictionary.cpp, line 210]
Event: 15.740 Thread 0x000000001acb7800 Exception <a 'java/lang/ClassNotFoundException': groovy/lang/GString$1Customizer> (0x00000000d8ae4b88) thrown at [C:\re\workspace\8-2-build-windows-amd64-cygwin\jdk8u121\8372\hotspot\src\share\vm\classfile\systemDictionary.cpp, line 210]
Event: 15.751 Thread 0x000000001acb7800 Exception <a 'java/lang/ClassNotFoundException': org/codehaus/groovy/runtime/GStringImplBeanInfo> (0x00000000d8b2d130) thrown at [C:\re\workspace\8-2-build-windows-amd64-cygwin\jdk8u121\8372\hotspot\src\share\vm\classfile\systemDictionary.cpp, line 210]
Event: 15.752 Thread 0x000000001acb7800 Exception <a 'java/lang/ClassNotFoundException': org/codehaus/groovy/runtime/GStringImplCustomizer> (0x00000000d8b4d6a8) thrown at [C:\re\workspace\8-2-build-windows-amd64-cygwin\jdk8u121\8372\hotspot\src\share\vm\classfile\systemDictionary.cpp, line 210]
Event: 15.799 Thread 0x000000001acb7800 Exception <a 'java/lang/ClassNotFoundException': java/lang/StringBeanInfo> (0x00000000d55de200) thrown at [C:\re\workspace\8-2-build-windows-amd64-cygwin\jdk8u121\8372\hotspot\src\share\vm\classfile\systemDictionary.cpp, line 210]
Event: 15.799 Thread 0x000000001acb7800 Exception <a 'java/lang/ClassNotFoundException': java/lang/StringCustomizer> (0x00000000d55e10b0) thrown at [C:\re\workspace\8-2-build-windows-amd64-cygwin\jdk8u121\8372\hotspot\src\share\vm\classfile\systemDictionary.cpp, line 210]
Event: 16.494 Thread 0x000000001acb7800 Exception <a 'java/lang/NoSuchMethodError': <clinit>> (0x00000000d61cad98) thrown at [C:\re\workspace\8-2-build-windows-amd64-cygwin\jdk8u121\8372\hotspot\src\share\vm\prims\jni.cpp, line 1613]

Events (10 events):
Event: 19.910 loading class sun/nio/cs/ISO_8859_1$Decoder
Event: 19.910 loading class sun/nio/cs/ISO_8859_1$Decoder done
Event: 19.920 Thread 0x000000001acb7800 Uncommon trap: trap_request=0xffffff65 fr.pc=0x0000000003b036a8
Event: 19.920 Thread 0x000000001acb7800 DEOPT PACKING pc=0x0000000003b036a8 sp=0x000000001c33a770
Event: 19.920 Thread 0x000000001acb7800 DEOPT UNPACKING pc=0x00000000030b582a sp=0x000000001c33a718 mode 2
Event: 19.921 Thread 0x000000001acb7800 Uncommon trap: trap_request=0xffffff65 fr.pc=0x0000000003b453c4
Event: 19.921 Thread 0x000000001acb7800 DEOPT PACKING pc=0x0000000003b453c4 sp=0x000000001c33a7e0
Event: 19.921 Thread 0x000000001acb7800 DEOPT UNPACKING pc=0x00000000030b582a sp=0x000000001c33a7e0 mode 2
Event: 20.016 Thread 0x000000001acb7800 DEOPT PACKING pc=0x0000000003b55443 sp=0x000000001c33a430
Event: 20.016 Thread 0x000000001acb7800 DEOPT UNPACKING pc=0x00000000030b787f sp=0x000000001c33a198 mode 0


Dynamic libraries:
0x00007ff7fff00000 - 0x00007ff7fff37000 	C:\Program Files\Java\jdk1.8.0_121\bin\java.exe
0x00007fffe39b0000 - 0x00007fffe3ba8000 	C:\WINDOWS\SYSTEM32\ntdll.dll
0x00007fffe38b0000 - 0x00007fffe396f000 	C:\WINDOWS\System32\KERNEL32.DLL
0x00007fffe1310000 - 0x00007fffe15e2000 	C:\WINDOWS\System32\KERNELBASE.dll
0x00007fffe23d0000 - 0x00007fffe247e000 	C:\WINDOWS\System32\ADVAPI32.dll
0x00007fffe3770000 - 0x00007fffe380e000 	C:\WINDOWS\System32\msvcrt.dll
0x00007fffe3810000 - 0x00007fffe38ac000 	C:\WINDOWS\System32\sechost.dll
0x00007fffe32b0000 - 0x00007fffe33d5000 	C:\WINDOWS\System32\RPCRT4.dll
0x00007fffe2560000 - 0x00007fffe26fd000 	C:\WINDOWS\System32\USER32.dll
0x00007fffe19d0000 - 0x00007fffe19f2000 	C:\WINDOWS\System32\win32u.dll
0x00007fffe24e0000 - 0x00007fffe250b000 	C:\WINDOWS\System32\GDI32.dll
0x00007fffe18c0000 - 0x00007fffe19cf000 	C:\WINDOWS\System32\gdi32full.dll
0x00007fffe1820000 - 0x00007fffe18bd000 	C:\WINDOWS\System32\msvcp_win.dll
0x00007fffe16a0000 - 0x00007fffe17a0000 	C:\WINDOWS\System32\ucrtbase.dll
0x00007fffd1530000 - 0x00007fffd17ca000 	C:\WINDOWS\WinSxS\amd64_microsoft.windows.common-controls_6595b64144ccf1df_6.0.19041.1110_none_60b5254171f9507e\COMCTL32.dll
0x00007fffe2520000 - 0x00007fffe2552000 	C:\WINDOWS\System32\IMM32.DLL
0x0000000055750000 - 0x0000000055822000 	C:\Program Files\Java\jdk1.8.0_121\jre\bin\msvcr100.dll
0x0000000054eb0000 - 0x000000005574b000 	C:\Program Files\Java\jdk1.8.0_121\jre\bin\server\jvm.dll
0x00007fffe2510000 - 0x00007fffe2518000 	C:\WINDOWS\System32\PSAPI.DLL
0x00007fffcd700000 - 0x00007fffcd709000 	C:\WINDOWS\SYSTEM32\WSOCK32.dll
0x00007fffe1a80000 - 0x00007fffe1aeb000 	C:\WINDOWS\System32\WS2_32.dll
0x00007fffd0300000 - 0x00007fffd0327000 	C:\WINDOWS\SYSTEM32\WINMM.dll
0x00007fffd1990000 - 0x00007fffd199a000 	C:\WINDOWS\SYSTEM32\VERSION.dll
0x0000000056250000 - 0x000000005625f000 	C:\Program Files\Java\jdk1.8.0_121\jre\bin\verify.dll
0x0000000056220000 - 0x0000000056249000 	C:\Program Files\Java\jdk1.8.0_121\jre\bin\java.dll
0x0000000056200000 - 0x0000000056216000 	C:\Program Files\Java\jdk1.8.0_121\jre\bin\zip.dll
0x00007fffe1ba0000 - 0x00007fffe22e3000 	C:\WINDOWS\System32\SHELL32.dll
0x00007fffded60000 - 0x00007fffdf4f2000 	C:\WINDOWS\SYSTEM32\windows.storage.dll
0x00007fffe2900000 - 0x00007fffe2c54000 	C:\WINDOWS\System32\combase.dll
0x00007fffe0950000 - 0x00007fffe0980000 	C:\WINDOWS\SYSTEM32\Wldp.dll
0x00007fffe1af0000 - 0x00007fffe1b9d000 	C:\WINDOWS\System32\SHCORE.dll
0x00007fffe2480000 - 0x00007fffe24d5000 	C:\WINDOWS\System32\shlwapi.dll
0x00007fffe0ff0000 - 0x00007fffe100f000 	C:\WINDOWS\SYSTEM32\profapi.dll
0x00000000561e0000 - 0x00000000561fa000 	C:\Program Files\Java\jdk1.8.0_121\jre\bin\net.dll
0x00007fffe0730000 - 0x00007fffe079a000 	C:\WINDOWS\system32\mswsock.dll
0x0000000054e90000 - 0x0000000054ea1000 	C:\Program Files\Java\jdk1.8.0_121\jre\bin\nio.dll
0x00007fffbe060000 - 0x00007fffbe07e000 	C:\Users\User\.gradle\native\25\windows-amd64\native-platform.dll
0x00007fffe0990000 - 0x00007fffe09a8000 	C:\WINDOWS\SYSTEM32\CRYPTSP.dll
0x00007fffe0070000 - 0x00007fffe00a4000 	C:\WINDOWS\system32\rsaenh.dll
0x00007fffe17a0000 - 0x00007fffe17c7000 	C:\WINDOWS\System32\bcrypt.dll
0x00007fffe0f70000 - 0x00007fffe0f9e000 	C:\WINDOWS\SYSTEM32\USERENV.dll
0x00007fffe1280000 - 0x00007fffe1302000 	C:\WINDOWS\System32\bcryptprimitives.dll
0x00007fffe08c0000 - 0x00007fffe08cc000 	C:\WINDOWS\SYSTEM32\CRYPTBASE.dll
0x00007fffe0440000 - 0x00007fffe047b000 	C:\WINDOWS\SYSTEM32\IPHLPAPI.DLL
0x00007fffe3280000 - 0x00007fffe3288000 	C:\WINDOWS\System32\NSI.dll
0x00007fffd6f40000 - 0x00007fffd6f57000 	C:\WINDOWS\SYSTEM32\dhcpcsvc6.DLL
0x00007fffd6df0000 - 0x00007fffd6e0d000 	C:\WINDOWS\SYSTEM32\dhcpcsvc.DLL
0x00007fffe0480000 - 0x00007fffe054a000 	C:\WINDOWS\SYSTEM32\DNSAPI.dll
0x0000000054e80000 - 0x0000000054e8d000 	C:\Program Files\Java\jdk1.8.0_121\jre\bin\management.dll

VM Arguments:
jvm_args: -XX:MaxPermSize=512m -XX:+HeapDumpOnOutOfMemoryError -Xmx2048m -Dfile.encoding=UTF-8 -Duser.country=IN -Duser.language=en -Duser.variant 
java_command: org.gradle.launcher.daemon.bootstrap.GradleDaemon 3.5
java_class_path (initial): C:\Users\User\.gradle\wrapper\dists\gradle-3.5-all\exhrs6ca08n232b14ue48lbye\gradle-3.5\lib\gradle-launcher-3.5.jar
Launcher Type: SUN_STANDARD

Environment Variables:
JAVA_HOME=C:\Program Files\Java\jdk-15.0.2
PATH=C:\Program Files\Common Files\Oracle\Java\javapath;C:\Python39\Scripts\;C:\Python39\;C:\WINDOWS\system32;C:\WINDOWS;C:\WINDOWS\System32\Wbem;C:\WINDOWS\System32\WindowsPowerShell\v1.0\;C:\WINDOWS\System32\OpenSSH\;C:\Program Files\Git\cmd;C:\Program Files\nodejs\;C:\ProgramData\chocolatey\bin;C:\Program Files\Java\jdk1.8.0_121\bin;C:\hadoop\bin;C:\hadoop\sbin;C:\grails-3.3.6\bin;C:\Program Files\PostgreSQL\14\bin;C:\Program Files\PuTTY\;C:\Program Files\Docker\Docker\resources\bin;C:\ProgramData\DockerDesktop\version-bin;C:\Users\User\AppData\Local\Microsoft\WindowsApps;C:\Users\User\AppData\Roaming\npm;C:\Users\User\AppData\Local\Programs\Microsoft VS Code\bin;C:\Program Files\JetBrains\IntelliJ IDEA 2020.2.4\bin;;
USERNAME=Capulus
OS=Windows_NT
PROCESSOR_IDENTIFIER=Intel64 Family 6 Model 61 Stepping 4, GenuineIntel



---------------  S Y S T E M  ---------------

OS: Windows 10.0 , 64 bit Build 19041 (10.0.19041.2251)

CPU:total 4 (2 cores per cpu, 2 threads per core) family 6 model 61 stepping 4, cmov, cx8, fxsr, mmx, sse, sse2, sse3, ssse3, sse4.1, sse4.2, popcnt, avx, avx2, aes, clmul, erms, rtm, 3dnowpref, lzcnt, ht, tsc, tscinvbit, bmi1, bmi2, adx

Memory: 4k page, physical 8277520k(464100k free), swap 26593948k(5220k free)

vm_info: Java HotSpot(TM) 64-Bit Server VM (25.121-b13) for windows-amd64 JRE (1.8.0_121-b13), built on Dec 12 2016 18:21:36 by "java_re" with MS VC++ 10.0 (VS2010)

time: Thu Nov 17 18:09:50 2022
elapsed time: 20 seconds (0d 0h 0m 20s)

