#
# There is insufficient memory for the Java Runtime Environment to continue.
# Native memory allocation (malloc) failed to allocate 921056 bytes for Chunk::new
# Possible reasons:
#   The system is out of physical RAM or swap space
#   In 32 bit mode, the process size limit was hit
# Possible solutions:
#   Reduce memory load on the system
#   Increase physical memory or swap space
#   Check if swap backing store is full
#   Use 64 bit Java on a 64 bit OS
#   Decrease Java heap size (-Xmx/-Xms)
#   Decrease number of Java threads
#   Decrease Java thread stack sizes (-Xss)
#   Set larger code cache with -XX:ReservedCodeCacheSize=
# This output file may be truncated or incomplete.
#
#  Out of Memory Error (allocation.cpp:390), pid=14732, tid=0x0000000000000888
#
# JRE version: Java(TM) SE Runtime Environment (8.0_121-b13) (build 1.8.0_121-b13)
# Java VM: Java HotSpot(TM) 64-Bit Server VM (25.121-b13 mixed mode windows-amd64 compressed oops)
# Failed to write core dump. Minidumps are not enabled by default on client versions of Windows
#

---------------  T H R E A D  ---------------

Current thread (0x0000000017f14800):  JavaThread "C2 CompilerThread1" daemon [_thread_in_native, id=2184, stack(0x0000000019670000,0x0000000019770000)]

Stack: [0x0000000019670000,0x0000000019770000]
[error occurred during error reporting (printing stack bounds), id 0xc0000005]

Native frames: (J=compiled Java code, j=interpreted, Vv=VM code, C=native code)


Current CompileTask:
C2:  37607 9675   !   4       org.jetbrains.plugins.gradle.tooling.util.resolve.DependencyResultsTransformer::processResolvedResult (1399 bytes)


---------------  P R O C E S S  ---------------

Java Threads: ( => current thread )
  0x000000001b9c0800 JavaThread "Cache worker for task history cache (D:\PharmIT-Billing\.gradle\3.5\taskHistory)" [_thread_blocked, id=1196, stack(0x00000000204c0000,0x00000000205c0000)]
  0x000000001a959800 JavaThread "Memory manager" [_thread_blocked, id=580, stack(0x0000000020130000,0x0000000020230000)]
  0x000000001a95c000 JavaThread "Cache worker for Artifact transforms cache (C:\Users\User\.gradle\caches\transforms-1)" [_thread_blocked, id=15180, stack(0x000000001ed80000,0x000000001ee80000)]
  0x000000001a95a800 JavaThread "File lock request listener" [_thread_in_native, id=10704, stack(0x000000001d8b0000,0x000000001d9b0000)]
  0x000000001a95b000 JavaThread "Cache worker for file hash cache (C:\Users\User\.gradle\caches\3.5\fileHashes)" [_thread_blocked, id=11740, stack(0x000000001d7b0000,0x000000001d8b0000)]
  0x000000001af95800 JavaThread "Stdin handler" [_thread_blocked, id=14492, stack(0x000000001d6b0000,0x000000001d7b0000)]
  0x000000001a7bb800 JavaThread "Asynchronous log dispatcher for DefaultDaemonConnection: socket connection from /127.0.0.1:60502 to /127.0.0.1:60503" [_thread_blocked, id=10324, stack(0x000000001d5b0000,0x000000001d6b0000)]
  0x000000001ab20800 JavaThread "Daemon worker" [_thread_in_Java, id=13484, stack(0x000000001d4b0000,0x000000001d5b0000)]
  0x000000001aa2b800 JavaThread "Cancel handler" [_thread_blocked, id=13360, stack(0x000000001d3b0000,0x000000001d4b0000)]
  0x000000001ae86000 JavaThread "Handler for socket connection from /127.0.0.1:60502 to /127.0.0.1:60503" [_thread_in_native, id=9424, stack(0x000000001d0b0000,0x000000001d1b0000)]
  0x000000001ae85800 JavaThread "Daemon" [_thread_blocked, id=11844, stack(0x000000001cfb0000,0x000000001d0b0000)]
  0x000000001ae63800 JavaThread "Daemon periodic checks" [_thread_blocked, id=13020, stack(0x000000001ceb0000,0x000000001cfb0000)]
  0x000000001a9fe800 JavaThread "Incoming local TCP Connector on port 60502" [_thread_in_native, id=6760, stack(0x000000001cc70000,0x000000001cd70000)]
  0x000000001b13f800 JavaThread "Daemon health stats" [_thread_blocked, id=8836, stack(0x000000001b640000,0x000000001b740000)]
  0x0000000019891000 JavaThread "Service Thread" daemon [_thread_blocked, id=14968, stack(0x0000000019c70000,0x0000000019d70000)]
  0x0000000017f1b000 JavaThread "C1 CompilerThread2" daemon [_thread_blocked, id=9412, stack(0x0000000019770000,0x0000000019870000)]
=>0x0000000017f14800 JavaThread "C2 CompilerThread1" daemon [_thread_in_native, id=2184, stack(0x0000000019670000,0x0000000019770000)]
  0x0000000017f11000 JavaThread "C2 CompilerThread0" daemon [_thread_in_native, id=1132, stack(0x0000000019570000,0x0000000019670000)]
  0x0000000017f0d800 JavaThread "Attach Listener" daemon [_thread_blocked, id=13696, stack(0x0000000019470000,0x0000000019570000)]
  0x0000000017f0a800 JavaThread "Signal Dispatcher" daemon [_thread_blocked, id=11920, stack(0x0000000019370000,0x0000000019470000)]
  0x00000000032ed000 JavaThread "Finalizer" daemon [_thread_blocked, id=13704, stack(0x0000000019170000,0x0000000019270000)]
  0x00000000032e2000 JavaThread "Reference Handler" daemon [_thread_blocked, id=5328, stack(0x0000000019070000,0x0000000019170000)]
  0x00000000031f2800 JavaThread "main" [_thread_blocked, id=14620, stack(0x00000000030f0000,0x00000000031f0000)]

Other Threads:
  0x0000000017ed7000 VMThread [stack: 0x0000000018f70000,0x0000000019070000] [id=8816]
  0x000000001989b800 WatcherThread [stack: 0x0000000019d70000,0x0000000019e70000] [id=8444]

VM state:not at safepoint (normal execution)

VM Mutex/Monitor currently owned by a thread: None

Heap:
 PSYoungGen      total 245248K, used 85548K [0x00000000d5580000, 0x00000000e6880000, 0x0000000100000000)
  eden space 216576K, 35% used [0x00000000d5580000,0x00000000da10d9f8,0x00000000e2900000)
  from space 28672K, 28% used [0x00000000e4480000,0x00000000e4c7d710,0x00000000e6080000)
  to   space 28160K, 0% used [0x00000000e2900000,0x00000000e2900000,0x00000000e4480000)
 ParOldGen       total 101888K, used 80054K [0x0000000080000000, 0x0000000086380000, 0x00000000d5580000)
  object space 101888K, 78% used [0x0000000080000000,0x0000000084e2dae8,0x0000000086380000)
 Metaspace       used 47836K, capacity 51198K, committed 51416K, reserved 1093632K
  class space    used 6607K, capacity 7098K, committed 7128K, reserved 1048576K

Card table byte_map: [0x00000000126b0000,0x0000000012ac0000] byte_map_base: 0x00000000122b0000

Marking Bits: (ParMarkBitMap*) 0x00000000524ab6d0
 Begin Bits: [0x0000000013170000, 0x0000000015170000)
 End Bits:   [0x0000000015170000, 0x0000000017170000)

Polling page: 0x0000000002eb0000

CodeCache: size=245760Kb used=28969Kb max_used=30566Kb free=216791Kb
 bounds [0x00000000032f0000, 0x00000000050f0000, 0x00000000122f0000]
 total_blobs=8927 nmethods=8218 adapters=619
 compilation: enabled

Compilation events (10 events):
Event: 37.599 Thread 0x0000000017f1b000 9710       2       org.gradle.api.internal.artifacts.configurations.DefaultConfiguration::access$500 (6 bytes)
Event: 37.599 Thread 0x0000000017f1b000 nmethod 9710 0x000000000485d350 code [0x000000000485d4c0, 0x000000000485d608]
Event: 37.599 Thread 0x0000000017f1b000 9711       2       com.sun.proxy.$Proxy21::<init> (6 bytes)
Event: 37.600 Thread 0x0000000017f1b000 nmethod 9711 0x000000000485ce90 code [0x000000000485d000, 0x000000000485d228]
Event: 37.600 Thread 0x0000000017f1b000 9712   !   2       com.sun.proxy.$Proxy21::beforeResolve (34 bytes)
Event: 37.600 Thread 0x0000000017f1b000 nmethod 9712 0x0000000004445990 code [0x0000000004445b20, 0x0000000004445e98]
Event: 37.601 Thread 0x0000000017f1b000 9713       2       org.gradle.initialization.DependencyResolutionLogger::beforeResolve (84 bytes)
Event: 37.603 Thread 0x0000000017f1b000 nmethod 9713 0x00000000044ce810 code [0x00000000044cea80, 0x00000000044cf358]
Event: 37.603 Thread 0x0000000017f1b000 9714       2       org.gradle.profile.ProfileEventAdapter::beforeResolve (29 bytes)
Event: 37.604 Thread 0x0000000017f1b000 nmethod 9714 0x0000000004445390 code [0x0000000004445500, 0x0000000004445728]

GC Heap History (10 events):
Event: 21.618 GC heap before
{Heap before GC invocations=14 (full 2):
 PSYoungGen      total 114176K, used 114135K [0x00000000d5580000, 0x00000000df400000, 0x0000000100000000)
  eden space 100352K, 100% used [0x00000000d5580000,0x00000000db780000,0x00000000db780000)
  from space 13824K, 99% used [0x00000000db780000,0x00000000dc4f5ca8,0x00000000dc500000)
  to   space 15360K, 0% used [0x00000000de500000,0x00000000de500000,0x00000000df400000)
 ParOldGen       total 101888K, used 19865K [0x0000000080000000, 0x0000000086380000, 0x00000000d5580000)
  object space 101888K, 19% used [0x0000000080000000,0x00000000813667c8,0x0000000086380000)
 Metaspace       used 41562K, capacity 43376K, committed 43480K, reserved 1087488K
  class space    used 5752K, capacity 6077K, committed 6104K, reserved 1048576K
Event: 21.657 GC heap after
Heap after GC invocations=14 (full 2):
 PSYoungGen      total 142336K, used 15344K [0x00000000d5580000, 0x00000000dfc80000, 0x0000000100000000)
  eden space 126976K, 0% used [0x00000000d5580000,0x00000000d5580000,0x00000000dd180000)
  from space 15360K, 99% used [0x00000000de500000,0x00000000df3fc020,0x00000000df400000)
  to   space 19968K, 0% used [0x00000000dd180000,0x00000000dd180000,0x00000000de500000)
 ParOldGen       total 101888K, used 26466K [0x0000000080000000, 0x0000000086380000, 0x00000000d5580000)
  object space 101888K, 25% used [0x0000000080000000,0x00000000819d8a88,0x0000000086380000)
 Metaspace       used 41562K, capacity 43376K, committed 43480K, reserved 1087488K
  class space    used 5752K, capacity 6077K, committed 6104K, reserved 1048576K
}
Event: 25.262 GC heap before
{Heap before GC invocations=15 (full 2):
 PSYoungGen      total 142336K, used 142320K [0x00000000d5580000, 0x00000000dfc80000, 0x0000000100000000)
  eden space 126976K, 100% used [0x00000000d5580000,0x00000000dd180000,0x00000000dd180000)
  from space 15360K, 99% used [0x00000000de500000,0x00000000df3fc020,0x00000000df400000)
  to   space 19968K, 0% used [0x00000000dd180000,0x00000000dd180000,0x00000000de500000)
 ParOldGen       total 101888K, used 26466K [0x0000000080000000, 0x0000000086380000, 0x00000000d5580000)
  object space 101888K, 25% used [0x0000000080000000,0x00000000819d8a88,0x0000000086380000)
 Metaspace       used 42614K, capacity 45420K, committed 45528K, reserved 1089536K
  class space    used 5884K, capacity 6268K, committed 6360K, reserved 1048576K
Event: 25.316 GC heap after
Heap after GC invocations=15 (full 2):
 PSYoungGen      total 146944K, used 19952K [0x00000000d5580000, 0x00000000e2880000, 0x0000000100000000)
  eden space 126976K, 0% used [0x00000000d5580000,0x00000000d5580000,0x00000000dd180000)
  from space 19968K, 99% used [0x00000000dd180000,0x00000000de4fc030,0x00000000de500000)
  to   space 25088K, 0% used [0x00000000e1000000,0x00000000e1000000,0x00000000e2880000)
 ParOldGen       total 101888K, used 32871K [0x0000000080000000, 0x0000000086380000, 0x00000000d5580000)
  object space 101888K, 32% used [0x0000000080000000,0x0000000082019e18,0x0000000086380000)
 Metaspace       used 42614K, capacity 45420K, committed 45528K, reserved 1089536K
  class space    used 5884K, capacity 6268K, committed 6360K, reserved 1048576K
}
Event: 28.726 GC heap before
{Heap before GC invocations=16 (full 2):
 PSYoungGen      total 146944K, used 146928K [0x00000000d5580000, 0x00000000e2880000, 0x0000000100000000)
  eden space 126976K, 100% used [0x00000000d5580000,0x00000000dd180000,0x00000000dd180000)
  from space 19968K, 99% used [0x00000000dd180000,0x00000000de4fc030,0x00000000de500000)
  to   space 25088K, 0% used [0x00000000e1000000,0x00000000e1000000,0x00000000e2880000)
 ParOldGen       total 101888K, used 32871K [0x0000000080000000, 0x0000000086380000, 0x00000000d5580000)
  object space 101888K, 32% used [0x0000000080000000,0x0000000082019e18,0x0000000086380000)
 Metaspace       used 46632K, capacity 49812K, committed 50008K, reserved 1091584K
  class space    used 6442K, capacity 6890K, committed 7000K, reserved 1048576K
Event: 28.821 GC heap after
Heap after GC invocations=16 (full 2):
 PSYoungGen      total 188416K, used 22669K [0x00000000d5580000, 0x00000000e3100000, 0x0000000100000000)
  eden space 163328K, 0% used [0x00000000d5580000,0x00000000d5580000,0x00000000df500000)
  from space 25088K, 90% used [0x00000000e1000000,0x00000000e2623790,0x00000000e2880000)
  to   space 27648K, 0% used [0x00000000df500000,0x00000000df500000,0x00000000e1000000)
 ParOldGen       total 101888K, used 41870K [0x0000000080000000, 0x0000000086380000, 0x00000000d5580000)
  object space 101888K, 41% used [0x0000000080000000,0x00000000828e3a40,0x0000000086380000)
 Metaspace       used 46632K, capacity 49812K, committed 50008K, reserved 1091584K
  class space    used 6442K, capacity 6890K, committed 7000K, reserved 1048576K
}
Event: 34.531 GC heap before
{Heap before GC invocations=17 (full 2):
 PSYoungGen      total 188416K, used 185997K [0x00000000d5580000, 0x00000000e3100000, 0x0000000100000000)
  eden space 163328K, 100% used [0x00000000d5580000,0x00000000df500000,0x00000000df500000)
  from space 25088K, 90% used [0x00000000e1000000,0x00000000e2623790,0x00000000e2880000)
  to   space 27648K, 0% used [0x00000000df500000,0x00000000df500000,0x00000000e1000000)
 ParOldGen       total 101888K, used 41870K [0x0000000080000000, 0x0000000086380000, 0x00000000d5580000)
  object space 101888K, 41% used [0x0000000080000000,0x00000000828e3a40,0x0000000086380000)
 Metaspace       used 46908K, capacity 50130K, committed 50264K, reserved 1093632K
  class space    used 6454K, capacity 6902K, committed 7000K, reserved 1048576K
Event: 34.597 GC heap after
Heap after GC invocations=17 (full 2):
 PSYoungGen      total 190976K, used 18537K [0x00000000d5580000, 0x00000000e6080000, 0x0000000100000000)
  eden space 163328K, 0% used [0x00000000d5580000,0x00000000d5580000,0x00000000df500000)
  from space 27648K, 67% used [0x00000000df500000,0x00000000e071a688,0x00000000e1000000)
  to   space 28672K, 0% used [0x00000000e4480000,0x00000000e4480000,0x00000000e6080000)
 ParOldGen       total 101888K, used 61573K [0x0000000080000000, 0x0000000086380000, 0x00000000d5580000)
  object space 101888K, 60% used [0x0000000080000000,0x0000000083c217c0,0x0000000086380000)
 Metaspace       used 46908K, capacity 50130K, committed 50264K, reserved 1093632K
  class space    used 6454K, capacity 6902K, committed 7000K, reserved 1048576K
}
Event: 37.087 GC heap before
{Heap before GC invocations=18 (full 2):
 PSYoungGen      total 190976K, used 181865K [0x00000000d5580000, 0x00000000e6080000, 0x0000000100000000)
  eden space 163328K, 100% used [0x00000000d5580000,0x00000000df500000,0x00000000df500000)
  from space 27648K, 67% used [0x00000000df500000,0x00000000e071a688,0x00000000e1000000)
  to   space 28672K, 0% used [0x00000000e4480000,0x00000000e4480000,0x00000000e6080000)
 ParOldGen       total 101888K, used 61573K [0x0000000080000000, 0x0000000086380000, 0x00000000d5580000)
  object space 101888K, 60% used [0x0000000080000000,0x0000000083c217c0,0x0000000086380000)
 Metaspace       used 47763K, capacity 51102K, committed 51160K, reserved 1093632K
  class space    used 6598K, capacity 7082K, committed 7128K, reserved 1048576K
Event: 37.208 GC heap after
Heap after GC invocations=18 (full 2):
 PSYoungGen      total 245248K, used 8181K [0x00000000d5580000, 0x00000000e6880000, 0x0000000100000000)
  eden space 216576K, 0% used [0x00000000d5580000,0x00000000d5580000,0x00000000e2900000)
  from space 28672K, 28% used [0x00000000e4480000,0x00000000e4c7d710,0x00000000e6080000)
  to   space 28160K, 0% used [0x00000000e2900000,0x00000000e2900000,0x00000000e4480000)
 ParOldGen       total 101888K, used 80054K [0x0000000080000000, 0x0000000086380000, 0x00000000d5580000)
  object space 101888K, 78% used [0x0000000080000000,0x0000000084e2dae8,0x0000000086380000)
 Metaspace       used 47763K, capacity 51102K, committed 51160K, reserved 1093632K
  class space    used 6598K, capacity 7082K, committed 7128K, reserved 1048576K
}

Deoptimization events (10 events):
Event: 35.624 Thread 0x000000001ab20800 Uncommon trap: reason=class_check action=maybe_recompile pc=0x0000000004913b70 method=java.util.Collections.eq(Ljava/lang/Object;Ljava/lang/Object;)Z @ 18
Event: 35.818 Thread 0x000000001ab20800 Uncommon trap: reason=bimorphic action=maybe_recompile pc=0x000000000466d7b4 method=java.util.HashMap.removeNode(ILjava/lang/Object;Ljava/lang/Object;ZZ)Ljava/util/HashMap$Node; @ 68
Event: 35.819 Thread 0x000000001ab20800 Uncommon trap: reason=bimorphic action=maybe_recompile pc=0x000000000466d7b4 method=java.util.HashMap.removeNode(ILjava/lang/Object;Ljava/lang/Object;ZZ)Ljava/util/HashMap$Node; @ 68
Event: 35.819 Thread 0x000000001ab20800 Uncommon trap: reason=bimorphic action=maybe_recompile pc=0x000000000466d7b4 method=java.util.HashMap.removeNode(ILjava/lang/Object;Ljava/lang/Object;ZZ)Ljava/util/HashMap$Node; @ 68
Event: 35.819 Thread 0x000000001ab20800 Uncommon trap: reason=bimorphic action=maybe_recompile pc=0x000000000466d7b4 method=java.util.HashMap.removeNode(ILjava/lang/Object;Ljava/lang/Object;ZZ)Ljava/util/HashMap$Node; @ 68
Event: 35.819 Thread 0x000000001ab20800 Uncommon trap: reason=bimorphic action=maybe_recompile pc=0x00000000046d6088 method=java.util.HashMap.removeNode(ILjava/lang/Object;Ljava/lang/Object;ZZ)Ljava/util/HashMap$Node; @ 68
Event: 36.360 Thread 0x000000001ab20800 Uncommon trap: reason=unstable_if action=reinterpret pc=0x0000000004629540 method=java.lang.Integer.compare(II)I @ 11
Event: 36.385 Thread 0x000000001ab20800 Uncommon trap: reason=bimorphic action=maybe_recompile pc=0x00000000049829c8 method=java.util.AbstractCollection.containsAll(Ljava/util/Collection;)Z @ 8
Event: 36.677 Thread 0x000000001ab20800 Uncommon trap: reason=bimorphic action=maybe_recompile pc=0x00000000049829c8 method=java.util.AbstractCollection.containsAll(Ljava/util/Collection;)Z @ 8
Event: 36.977 Thread 0x000000001ab20800 Uncommon trap: reason=bimorphic action=maybe_recompile pc=0x00000000049829c8 method=java.util.AbstractCollection.containsAll(Ljava/util/Collection;)Z @ 8

Internal exceptions (10 events):
Event: 34.653 Thread 0x000000001ab20800 Exception <a 'java/lang/ClassNotFoundException': [Ljava/lang/Object;Customizer> (0x00000000d59d87d8) thrown at [C:\re\workspace\8-2-build-windows-amd64-cygwin\jdk8u121\8372\hotspot\src\share\vm\prims\jni.cpp, line 735]
Event: 34.653 Thread 0x000000001ab20800 Exception <a 'java/lang/ClassNotFoundException': [Ljava/lang/Object;Customizer> (0x00000000d59d91f0) thrown at [C:\re\workspace\8-2-build-windows-amd64-cygwin\jdk8u121\8372\hotspot\src\share\vm\prims\jni.cpp, line 735]
Event: 34.656 Thread 0x000000001ab20800 Exception <a 'java/lang/ClassNotFoundException': org/gradle/util/GUtilBeanInfo> (0x00000000d5a0d050) thrown at [C:\re\workspace\8-2-build-windows-amd64-cygwin\jdk8u121\8372\hotspot\src\share\vm\classfile\systemDictionary.cpp, line 210]
Event: 34.656 Thread 0x000000001ab20800 Exception <a 'java/lang/ClassNotFoundException': org/gradle/util/GUtilCustomizer> (0x00000000d5a1ab58) thrown at [C:\re\workspace\8-2-build-windows-amd64-cygwin\jdk8u121\8372\hotspot\src\share\vm\classfile\systemDictionary.cpp, line 210]
Event: 34.667 Thread 0x000000001ab20800 Exception <a 'java/lang/ClassNotFoundException': com/intellij/openapi/externalSystem/model/project/ExternalSystemSourceTypeBeanInfo> (0x00000000d5a8c990) thrown at [C:\re\workspace\8-2-build-windows-amd64-cygwin\jdk8u121\8372\hotspot\src\share\vm\classfil
Event: 34.668 Thread 0x000000001ab20800 Exception <a 'java/lang/ClassNotFoundException': com/intellij/openapi/externalSystem/model/project/ExternalSystemSourceTypeCustomizer> (0x00000000d5a9f518) thrown at [C:\re\workspace\8-2-build-windows-amd64-cygwin\jdk8u121\8372\hotspot\src\share\vm\classf
Event: 34.672 Thread 0x000000001ab20800 Exception <a 'java/lang/ClassNotFoundException': java/util/LinkedHashMap$LinkedValuesBeanInfo> (0x00000000d5ad1608) thrown at [C:\re\workspace\8-2-build-windows-amd64-cygwin\jdk8u121\8372\hotspot\src\share\vm\classfile\systemDictionary.cpp, line 210]
Event: 34.673 Thread 0x000000001ab20800 Exception <a 'java/lang/ClassNotFoundException': java/util/LinkedHashMap$LinkedValuesCustomizer> (0x00000000d5ada188) thrown at [C:\re\workspace\8-2-build-windows-amd64-cygwin\jdk8u121\8372\hotspot\src\share\vm\classfile\systemDictionary.cpp, line 210]
Event: 34.695 Thread 0x000000001ab20800 Exception <a 'java/lang/ClassNotFoundException': org/jetbrains/plugins/gradle/tooling/util/resolve/DependencyResolverImplBeanInfo> (0x00000000d5b41938) thrown at [C:\re\workspace\8-2-build-windows-amd64-cygwin\jdk8u121\8372\hotspot\src\share\vm\classfile\
Event: 34.697 Thread 0x000000001ab20800 Exception <a 'java/lang/ClassNotFoundException': org/jetbrains/plugins/gradle/tooling/util/resolve/DependencyResolverImplCustomizer> (0x00000000d5b53cb8) thrown at [C:\re\workspace\8-2-build-windows-amd64-cygwin\jdk8u121\8372\hotspot\src\share\vm\classfil

Events (10 events):
Event: 36.411 loading class org/gradle/internal/progress/BuildOperationDetails$1
Event: 36.411 loading class org/gradle/internal/progress/BuildOperationDetails$1 done
Event: 36.677 Thread 0x000000001ab20800 Uncommon trap: trap_request=0xffffffc6 fr.pc=0x00000000049829c8
Event: 36.677 Thread 0x000000001ab20800 DEOPT PACKING pc=0x00000000049829c8 sp=0x000000001d5ab180
Event: 36.677 Thread 0x000000001ab20800 DEOPT UNPACKING pc=0x000000000333582a sp=0x000000001d5ab148 mode 2
Event: 36.977 Thread 0x000000001ab20800 Uncommon trap: trap_request=0xffffffc6 fr.pc=0x00000000049829c8
Event: 36.977 Thread 0x000000001ab20800 DEOPT PACKING pc=0x00000000049829c8 sp=0x000000001d5ab180
Event: 36.977 Thread 0x000000001ab20800 DEOPT UNPACKING pc=0x000000000333582a sp=0x000000001d5ab148 mode 2
Event: 37.087 Executing VM operation: ParallelGCFailedAllocation
Event: 37.208 Executing VM operation: ParallelGCFailedAllocation done


Dynamic libraries:
0x00007ff6c2840000 - 0x00007ff6c2877000 	C:\Program Files\Java\jdk1.8.0_121\bin\java.exe
0x00007fff68670000 - 0x00007fff68868000 	C:\WINDOWS\SYSTEM32\ntdll.dll
0x00007fff683a0000 - 0x00007fff6845d000 	C:\WINDOWS\System32\KERNEL32.DLL
0x00007fff66300000 - 0x00007fff665ce000 	C:\WINDOWS\System32\KERNELBASE.dll
0x00007fff66750000 - 0x00007fff667fe000 	C:\WINDOWS\System32\ADVAPI32.dll
0x00007fff67350000 - 0x00007fff673ee000 	C:\WINDOWS\System32\msvcrt.dll
0x00007fff67da0000 - 0x00007fff67e3c000 	C:\WINDOWS\System32\sechost.dll
0x00007fff67860000 - 0x00007fff67985000 	C:\WINDOWS\System32\RPCRT4.dll
0x00007fff67e40000 - 0x00007fff67fe0000 	C:\WINDOWS\System32\USER32.dll
0x00007fff66220000 - 0x00007fff66242000 	C:\WINDOWS\System32\win32u.dll
0x00007fff67250000 - 0x00007fff6727a000 	C:\WINDOWS\System32\GDI32.dll
0x00007fff65de0000 - 0x00007fff65eeb000 	C:\WINDOWS\System32\gdi32full.dll
0x00007fff66180000 - 0x00007fff6621d000 	C:\WINDOWS\System32\msvcp_win.dll
0x00007fff66050000 - 0x00007fff66150000 	C:\WINDOWS\System32\ucrtbase.dll
0x00007fff55740000 - 0x00007fff559da000 	C:\WINDOWS\WinSxS\amd64_microsoft.windows.common-controls_6595b64144ccf1df_6.0.19041.1110_none_60b5254171f9507e\COMCTL32.dll
0x00007fff66800000 - 0x00007fff66830000 	C:\WINDOWS\System32\IMM32.DLL
0x0000000052530000 - 0x0000000052602000 	C:\Program Files\Java\jdk1.8.0_121\jre\bin\msvcr100.dll
0x0000000051c90000 - 0x000000005252b000 	C:\Program Files\Java\jdk1.8.0_121\jre\bin\server\jvm.dll
0x00007fff67330000 - 0x00007fff67338000 	C:\WINDOWS\System32\PSAPI.DLL
0x00007fff51f10000 - 0x00007fff51f19000 	C:\WINDOWS\SYSTEM32\WSOCK32.dll
0x00007fff67990000 - 0x00007fff679fb000 	C:\WINDOWS\System32\WS2_32.dll
0x00007fff55710000 - 0x00007fff55737000 	C:\WINDOWS\SYSTEM32\WINMM.dll
0x00007fff56f90000 - 0x00007fff56f9a000 	C:\WINDOWS\SYSTEM32\VERSION.dll
0x0000000051c80000 - 0x0000000051c8f000 	C:\Program Files\Java\jdk1.8.0_121\jre\bin\verify.dll
0x0000000051c50000 - 0x0000000051c79000 	C:\Program Files\Java\jdk1.8.0_121\jre\bin\java.dll
0x0000000051c30000 - 0x0000000051c46000 	C:\Program Files\Java\jdk1.8.0_121\jre\bin\zip.dll
0x00007fff66950000 - 0x00007fff67094000 	C:\WINDOWS\System32\SHELL32.dll
0x00007fff63a80000 - 0x00007fff64214000 	C:\WINDOWS\SYSTEM32\windows.storage.dll
0x00007fff67fe0000 - 0x00007fff68334000 	C:\WINDOWS\System32\combase.dll
0x00007fff65640000 - 0x00007fff65670000 	C:\WINDOWS\SYSTEM32\Wldp.dll
0x00007fff67140000 - 0x00007fff671ed000 	C:\WINDOWS\System32\SHCORE.dll
0x00007fff67a60000 - 0x00007fff67ab5000 	C:\WINDOWS\System32\shlwapi.dll
0x00007fff65cd0000 - 0x00007fff65cef000 	C:\WINDOWS\SYSTEM32\profapi.dll
0x0000000051c10000 - 0x0000000051c2a000 	C:\Program Files\Java\jdk1.8.0_121\jre\bin\net.dll
0x00007fff65420000 - 0x00007fff6548a000 	C:\WINDOWS\system32\mswsock.dll
0x0000000051bf0000 - 0x0000000051c01000 	C:\Program Files\Java\jdk1.8.0_121\jre\bin\nio.dll
0x00007fff5f0f0000 - 0x00007fff5f10e000 	C:\Users\User\.gradle\native\25\windows-amd64\native-platform.dll
0x00007fff65680000 - 0x00007fff65698000 	C:\WINDOWS\SYSTEM32\CRYPTSP.dll
0x00007fff64dc0000 - 0x00007fff64df4000 	C:\WINDOWS\system32\rsaenh.dll
0x00007fff66150000 - 0x00007fff66177000 	C:\WINDOWS\System32\bcrypt.dll
0x00007fff65c90000 - 0x00007fff65cbe000 	C:\WINDOWS\SYSTEM32\USERENV.dll
0x00007fff665d0000 - 0x00007fff66652000 	C:\WINDOWS\System32\bcryptprimitives.dll
0x00007fff655b0000 - 0x00007fff655bc000 	C:\WINDOWS\SYSTEM32\CRYPTBASE.dll
0x00007fff65130000 - 0x00007fff6516b000 	C:\WINDOWS\SYSTEM32\IPHLPAPI.DLL
0x00007fff67340000 - 0x00007fff67348000 	C:\WINDOWS\System32\NSI.dll
0x00007fff59d80000 - 0x00007fff59d97000 	C:\WINDOWS\SYSTEM32\dhcpcsvc6.DLL
0x00007fff59ee0000 - 0x00007fff59efd000 	C:\WINDOWS\SYSTEM32\dhcpcsvc.DLL
0x00007fff65170000 - 0x00007fff6523b000 	C:\WINDOWS\SYSTEM32\DNSAPI.dll
0x0000000051be0000 - 0x0000000051bed000 	C:\Program Files\Java\jdk1.8.0_121\jre\bin\management.dll

VM Arguments:
jvm_args: -XX:MaxPermSize=512m -XX:+HeapDumpOnOutOfMemoryError -Xmx2048m -Dfile.encoding=UTF-8 -Duser.country=IN -Duser.language=en -Duser.variant 
java_command: org.gradle.launcher.daemon.bootstrap.GradleDaemon 3.5
java_class_path (initial): C:\Users\User\.gradle\wrapper\dists\gradle-3.5-all\exhrs6ca08n232b14ue48lbye\gradle-3.5\lib\gradle-launcher-3.5.jar
Launcher Type: SUN_STANDARD

Environment Variables:
JAVA_HOME=C:\Program Files\Java\jdk1.8.0_121
PATH=C:\Program Files\Common Files\Oracle\Java\javapath;C:\Python39\Scripts\;C:\Python39\;C:\WINDOWS\system32;C:\WINDOWS;C:\WINDOWS\System32\Wbem;C:\WINDOWS\System32\WindowsPowerShell\v1.0\;C:\WINDOWS\System32\OpenSSH\;C:\Program Files\Git\cmd;C:\Program Files\nodejs\;C:\ProgramData\chocolatey\bin;C:\Program Files\Java\jdk1.8.0_121\bin;C:\hadoop\bin;C:\hadoop\sbin;C:\grails-3.3.6\bin;C:\Program Files\PostgreSQL\14\bin;C:\Program Files\PuTTY\;C:\Program Files\Docker\Docker\resources\bin;C:\ProgramData\DockerDesktop\version-bin;C:\Users\User\AppData\Local\Microsoft\WindowsApps;C:\Users\User\AppData\Roaming\npm;C:\Users\User\AppData\Local\Programs\Microsoft VS Code\bin;C:\Program Files\JetBrains\IntelliJ IDEA 2020.2.4\bin;;
USERNAME=Capulus
OS=Windows_NT
PROCESSOR_IDENTIFIER=Intel64 Family 6 Model 61 Stepping 4, GenuineIntel



---------------  S Y S T E M  ---------------

OS: Windows 10.0 , 64 bit Build 19041 (10.0.19041.1806)

CPU:total 4 (2 cores per cpu, 2 threads per core) family 6 model 61 stepping 4, cmov, cx8, fxsr, mmx, sse, sse2, sse3, ssse3, sse4.1, sse4.2, popcnt, avx, avx2, aes, clmul, erms, rtm, 3dnowpref, lzcnt, ht, tsc, tscinvbit, bmi1, bmi2, adx

Memory: 4k page, physical 8277520k(264784k free), swap 26593948k(5800k free)

vm_info: Java HotSpot(TM) 64-Bit Server VM (25.121-b13) for windows-amd64 JRE (1.8.0_121-b13), built on Dec 12 2016 18:21:36 by "java_re" with MS VC++ 10.0 (VS2010)

time: Wed Aug 10 17:40:12 2022
elapsed time: 37 seconds (0d 0h 0m 37s)

