#
# There is insufficient memory for the Java Runtime Environment to continue.
# Native memory allocation (malloc) failed to allocate 184656 bytes for Chunk::new
# Possible reasons:
#   The system is out of physical RAM or swap space
#   In 32 bit mode, the process size limit was hit
# Possible solutions:
#   Reduce memory load on the system
#   Increase physical memory or swap space
#   Check if swap backing store is full
#   Use 64 bit Java on a 64 bit OS
#   Decrease Java heap size (-Xmx/-Xms)
#   Decrease number of Java threads
#   Decrease Java thread stack sizes (-Xss)
#   Set larger code cache with -XX:ReservedCodeCacheSize=
# This output file may be truncated or incomplete.
#
#  Out of Memory Error (allocation.cpp:390), pid=14268, tid=0x0000000000000294
#
# JRE version: Java(TM) SE Runtime Environment (8.0_121-b13) (build 1.8.0_121-b13)
# Java VM: Java HotSpot(TM) 64-Bit Server VM (25.121-b13 mixed mode windows-amd64 compressed oops)
# Failed to write core dump. Minidumps are not enabled by default on client versions of Windows
#

---------------  T H R E A D  ---------------

Current thread (0x0000000016fd1800):  JavaThread "C2 CompilerThread1" daemon [_thread_in_native, id=660, stack(0x00000000186e0000,0x00000000187e0000)]

Stack: [0x00000000186e0000,0x00000000187e0000]
[error occurred during error reporting (printing stack bounds), id 0xc0000005]

Native frames: (J=compiled Java code, j=interpreted, Vv=VM code, C=native code)


Current CompileTask:
C2:  18130 7737       4       com.google.common.collect.AbstractMapBasedMultimap::put (92 bytes)


---------------  P R O C E S S  ---------------

Java Threads: ( => current thread )
  0x000000001a1b8000 JavaThread "Cache worker for task history cache (D:\PharmIT-Billing\.gradle\3.5\taskHistory)" [_thread_blocked, id=5804, stack(0x0000000020520000,0x0000000020620000)]
  0x000000001a1b6800 JavaThread "Memory manager" [_thread_blocked, id=11964, stack(0x000000001f170000,0x000000001f270000)]
  0x000000001a1bc800 JavaThread "Cache worker for Artifact transforms cache (C:\Users\User\.gradle\caches\transforms-1)" [_thread_blocked, id=4052, stack(0x000000001edd0000,0x000000001eed0000)]
  0x000000001a1b7000 JavaThread "File lock request listener" [_thread_in_native, id=10096, stack(0x000000001b960000,0x000000001ba60000)]
  0x000000001a1ba800 JavaThread "Cache worker for file hash cache (C:\Users\User\.gradle\caches\3.5\fileHashes)" [_thread_blocked, id=13760, stack(0x000000001b860000,0x000000001b960000)]
  0x0000000019c2f000 JavaThread "Stdin handler" [_thread_blocked, id=15092, stack(0x000000001b760000,0x000000001b860000)]
  0x0000000019c48800 JavaThread "Asynchronous log dispatcher for DefaultDaemonConnection: socket connection from /127.0.0.1:60530 to /127.0.0.1:60531" [_thread_blocked, id=220, stack(0x000000001b660000,0x000000001b760000)]
  0x000000001a57e800 JavaThread "Daemon worker" [_thread_in_Java, id=2876, stack(0x000000001b560000,0x000000001b660000)]
  0x000000001a039800 JavaThread "Cancel handler" [_thread_blocked, id=8620, stack(0x000000001b460000,0x000000001b560000)]
  0x0000000019f7b000 JavaThread "Handler for socket connection from /127.0.0.1:60530 to /127.0.0.1:60531" [_thread_in_native, id=4548, stack(0x000000001b160000,0x000000001b260000)]
  0x000000001a545800 JavaThread "Daemon" [_thread_blocked, id=8584, stack(0x000000001b060000,0x000000001b160000)]
  0x0000000019f76800 JavaThread "Daemon periodic checks" [_thread_blocked, id=14144, stack(0x000000001af60000,0x000000001b060000)]
  0x0000000019deb800 JavaThread "Incoming local TCP Connector on port 60530" [_thread_in_native, id=15200, stack(0x000000001ad20000,0x000000001ae20000)]
  0x0000000019fdd800 JavaThread "Daemon health stats" [_thread_blocked, id=14128, stack(0x000000001a6b0000,0x000000001a7b0000)]
  0x00000000187fe800 JavaThread "Service Thread" daemon [_thread_blocked, id=6468, stack(0x0000000018ce0000,0x0000000018de0000)]
  0x00000000187e9000 JavaThread "C1 CompilerThread2" daemon [_thread_blocked, id=7456, stack(0x0000000018be0000,0x0000000018ce0000)]
=>0x0000000016fd1800 JavaThread "C2 CompilerThread1" daemon [_thread_in_native, id=660, stack(0x00000000186e0000,0x00000000187e0000)]
  0x0000000016f80000 JavaThread "C2 CompilerThread0" daemon [_thread_in_native, id=13900, stack(0x00000000185e0000,0x00000000186e0000)]
  0x0000000016f7d000 JavaThread "Attach Listener" daemon [_thread_blocked, id=13180, stack(0x00000000184e0000,0x00000000185e0000)]
  0x0000000016f7c000 JavaThread "Signal Dispatcher" daemon [_thread_blocked, id=6640, stack(0x00000000183e0000,0x00000000184e0000)]
  0x000000000235c800 JavaThread "Finalizer" daemon [_thread_blocked, id=13092, stack(0x00000000181e0000,0x00000000182e0000)]
  0x0000000002352000 JavaThread "Reference Handler" daemon [_thread_blocked, id=436, stack(0x00000000180e0000,0x00000000181e0000)]
  0x0000000002262800 JavaThread "main" [_thread_blocked, id=14472, stack(0x00000000020d0000,0x00000000021d0000)]

Other Threads:
  0x0000000016f47000 VMThread [stack: 0x0000000017fe0000,0x00000000180e0000] [id=676]
  0x0000000018803000 WatcherThread [stack: 0x0000000018de0000,0x0000000018ee0000] [id=10172]

VM state:not at safepoint (normal execution)

VM Mutex/Monitor currently owned by a thread: None

Heap:
 PSYoungGen      total 141312K, used 24267K [0x00000000d5580000, 0x00000000e2280000, 0x0000000100000000)
  eden space 121856K, 3% used [0x00000000d5580000,0x00000000d5a36ea0,0x00000000dcc80000)
  from space 19456K, 99% used [0x00000000dcc80000,0x00000000ddf7c010,0x00000000ddf80000)
  to   space 25088K, 0% used [0x00000000e0a00000,0x00000000e0a00000,0x00000000e2280000)
 ParOldGen       total 102400K, used 33132K [0x0000000080000000, 0x0000000086400000, 0x00000000d5580000)
  object space 102400K, 32% used [0x0000000080000000,0x000000008205b158,0x0000000086400000)
 Metaspace       used 42666K, capacity 45548K, committed 45784K, reserved 1089536K
  class space    used 5882K, capacity 6264K, committed 6360K, reserved 1048576K

Card table byte_map: [0x0000000011720000,0x0000000011b30000] byte_map_base: 0x0000000011320000

Marking Bits: (ParMarkBitMap*) 0x00000000524ab6d0
 Begin Bits: [0x00000000121e0000, 0x00000000141e0000)
 End Bits:   [0x00000000141e0000, 0x00000000161e0000)

Polling page: 0x0000000000520000

CodeCache: size=245760Kb used=25584Kb max_used=25584Kb free=220176Kb
 bounds [0x0000000002360000, 0x0000000003c80000, 0x0000000011360000]
 total_blobs=7952 nmethods=7251 adapters=610
 compilation: enabled

Compilation events (10 events):
Event: 18.124 Thread 0x0000000016f80000 nmethod 7842 0x0000000003c06350 code [0x0000000003c06480, 0x0000000003c064f8]
Event: 18.126 Thread 0x00000000187e9000 7843       1       io.spring.gradle.dependencymanagement.org.apache.maven.model.Reporting::getExcludeDefaults (5 bytes)
Event: 18.126 Thread 0x00000000187e9000 nmethod 7843 0x0000000003c36190 code [0x0000000003c362e0, 0x0000000003c363f0]
Event: 18.126 Thread 0x00000000187e9000 7844       1       io.spring.gradle.dependencymanagement.org.apache.maven.model.Model::getInceptionYear (5 bytes)
Event: 18.127 Thread 0x00000000187e9000 nmethod 7844 0x0000000003c646d0 code [0x0000000003c64820, 0x0000000003c64930]
Event: 18.127 Thread 0x00000000187e9000 7845       1       io.spring.gradle.dependencymanagement.org.apache.maven.model.Model::getCiManagement (5 bytes)
Event: 18.127 Thread 0x00000000187e9000 nmethod 7845 0x0000000003c64410 code [0x0000000003c64560, 0x0000000003c64670]
Event: 18.127 Thread 0x00000000187e9000 7846       1       io.spring.gradle.dependencymanagement.org.apache.maven.model.BuildBase::getDefaultGoal (5 bytes)
Event: 18.127 Thread 0x0000000016f80000 7847       4       java.util.StringTokenizer::scanToken (179 bytes)
Event: 18.127 Thread 0x00000000187e9000 nmethod 7846 0x0000000003c64150 code [0x0000000003c642a0, 0x0000000003c643b0]

GC Heap History (10 events):
Event: 9.691 GC heap before
{Heap before GC invocations=11 (full 2):
 PSYoungGen      total 90624K, used 12276K [0x00000000d5580000, 0x00000000dd900000, 0x0000000100000000)
  eden space 78336K, 0% used [0x00000000d5580000,0x00000000d5580000,0x00000000da200000)
  from space 12288K, 99% used [0x00000000da200000,0x00000000dadfd218,0x00000000dae00000)
  to   space 14336K, 0% used [0x00000000dcb00000,0x00000000dcb00000,0x00000000dd900000)
 ParOldGen       total 65536K, used 10749K [0x0000000080000000, 0x0000000084000000, 0x00000000d5580000)
  object space 65536K, 16% used [0x0000000080000000,0x0000000080a7f730,0x0000000084000000)
 Metaspace       used 34557K, capacity 35204K, committed 35416K, reserved 1079296K
  class space    used 4719K, capacity 4879K, committed 4952K, reserved 1048576K
Event: 9.815 GC heap after
Heap after GC invocations=11 (full 2):
 PSYoungGen      total 90624K, used 0K [0x00000000d5580000, 0x00000000dd900000, 0x0000000100000000)
  eden space 78336K, 0% used [0x00000000d5580000,0x00000000d5580000,0x00000000da200000)
  from space 12288K, 0% used [0x00000000da200000,0x00000000da200000,0x00000000dae00000)
  to   space 14336K, 0% used [0x00000000dcb00000,0x00000000dcb00000,0x00000000dd900000)
 ParOldGen       total 102400K, used 19714K [0x0000000080000000, 0x0000000086400000, 0x00000000d5580000)
  object space 102400K, 19% used [0x0000000080000000,0x00000000813408b0,0x0000000086400000)
 Metaspace       used 34557K, capacity 35204K, committed 35416K, reserved 1079296K
  class space    used 4719K, capacity 4879K, committed 4952K, reserved 1048576K
}
Event: 11.066 GC heap before
{Heap before GC invocations=12 (full 2):
 PSYoungGen      total 90624K, used 78336K [0x00000000d5580000, 0x00000000dd900000, 0x0000000100000000)
  eden space 78336K, 100% used [0x00000000d5580000,0x00000000da200000,0x00000000da200000)
  from space 12288K, 0% used [0x00000000da200000,0x00000000da200000,0x00000000dae00000)
  to   space 14336K, 0% used [0x00000000dcb00000,0x00000000dcb00000,0x00000000dd900000)
 ParOldGen       total 102400K, used 19714K [0x0000000080000000, 0x0000000086400000, 0x00000000d5580000)
  object space 102400K, 19% used [0x0000000080000000,0x00000000813408b0,0x0000000086400000)
 Metaspace       used 37872K, capacity 38582K, committed 38872K, reserved 1083392K
  class space    used 5246K, capacity 5465K, committed 5592K, reserved 1048576K
Event: 11.079 GC heap after
Heap after GC invocations=12 (full 2):
 PSYoungGen      total 105984K, used 7631K [0x00000000d5580000, 0x00000000dd280000, 0x0000000100000000)
  eden space 98304K, 0% used [0x00000000d5580000,0x00000000d5580000,0x00000000db580000)
  from space 7680K, 99% used [0x00000000dcb00000,0x00000000dd273e10,0x00000000dd280000)
  to   space 13824K, 0% used [0x00000000db780000,0x00000000db780000,0x00000000dc500000)
 ParOldGen       total 102400K, used 19722K [0x0000000080000000, 0x0000000086400000, 0x00000000d5580000)
  object space 102400K, 19% used [0x0000000080000000,0x00000000813428b0,0x0000000086400000)
 Metaspace       used 37872K, capacity 38582K, committed 38872K, reserved 1083392K
  class space    used 5246K, capacity 5465K, committed 5592K, reserved 1048576K
}
Event: 12.397 GC heap before
{Heap before GC invocations=13 (full 2):
 PSYoungGen      total 105984K, used 105935K [0x00000000d5580000, 0x00000000dd280000, 0x0000000100000000)
  eden space 98304K, 100% used [0x00000000d5580000,0x00000000db580000,0x00000000db580000)
  from space 7680K, 99% used [0x00000000dcb00000,0x00000000dd273e10,0x00000000dd280000)
  to   space 13824K, 0% used [0x00000000db780000,0x00000000db780000,0x00000000dc500000)
 ParOldGen       total 102400K, used 19722K [0x0000000080000000, 0x0000000086400000, 0x00000000d5580000)
  object space 102400K, 19% used [0x0000000080000000,0x00000000813428b0,0x0000000086400000)
 Metaspace       used 40265K, capacity 41194K, committed 41304K, reserved 1085440K
  class space    used 5606K, capacity 5881K, committed 5976K, reserved 1048576K
Event: 12.428 GC heap after
Heap after GC invocations=13 (full 2):
 PSYoungGen      total 114176K, used 13602K [0x00000000d5580000, 0x00000000dee80000, 0x0000000100000000)
  eden space 100352K, 0% used [0x00000000d5580000,0x00000000d5580000,0x00000000db780000)
  from space 13824K, 98% used [0x00000000db780000,0x00000000dc4c8bc8,0x00000000dc500000)
  to   space 15360K, 0% used [0x00000000ddf80000,0x00000000ddf80000,0x00000000dee80000)
 ParOldGen       total 102400K, used 19730K [0x0000000080000000, 0x0000000086400000, 0x00000000d5580000)
  object space 102400K, 19% used [0x0000000080000000,0x00000000813448b0,0x0000000086400000)
 Metaspace       used 40265K, capacity 41194K, committed 41304K, reserved 1085440K
  class space    used 5606K, capacity 5881K, committed 5976K, reserved 1048576K
}
Event: 14.773 GC heap before
{Heap before GC invocations=14 (full 2):
 PSYoungGen      total 114176K, used 113954K [0x00000000d5580000, 0x00000000dee80000, 0x0000000100000000)
  eden space 100352K, 100% used [0x00000000d5580000,0x00000000db780000,0x00000000db780000)
  from space 13824K, 98% used [0x00000000db780000,0x00000000dc4c8bc8,0x00000000dc500000)
  to   space 15360K, 0% used [0x00000000ddf80000,0x00000000ddf80000,0x00000000dee80000)
 ParOldGen       total 102400K, used 19730K [0x0000000080000000, 0x0000000086400000, 0x00000000d5580000)
  object space 102400K, 19% used [0x0000000080000000,0x00000000813448b0,0x0000000086400000)
 Metaspace       used 41500K, capacity 43288K, committed 43480K, reserved 1087488K
  class space    used 5744K, capacity 6065K, committed 6104K, reserved 1048576K
Event: 14.799 GC heap after
Heap after GC invocations=14 (full 2):
 PSYoungGen      total 137216K, used 15360K [0x00000000d5580000, 0x00000000df800000, 0x0000000100000000)
  eden space 121856K, 0% used [0x00000000d5580000,0x00000000d5580000,0x00000000dcc80000)
  from space 15360K, 100% used [0x00000000ddf80000,0x00000000dee80000,0x00000000dee80000)
  to   space 19456K, 0% used [0x00000000dcc80000,0x00000000dcc80000,0x00000000ddf80000)
 ParOldGen       total 102400K, used 25603K [0x0000000080000000, 0x0000000086400000, 0x00000000d5580000)
  object space 102400K, 25% used [0x0000000080000000,0x0000000081900ed8,0x0000000086400000)
 Metaspace       used 41500K, capacity 43288K, committed 43480K, reserved 1087488K
  class space    used 5744K, capacity 6065K, committed 6104K, reserved 1048576K
}
Event: 17.904 GC heap before
{Heap before GC invocations=15 (full 2):
 PSYoungGen      total 137216K, used 137216K [0x00000000d5580000, 0x00000000df800000, 0x0000000100000000)
  eden space 121856K, 100% used [0x00000000d5580000,0x00000000dcc80000,0x00000000dcc80000)
  from space 15360K, 100% used [0x00000000ddf80000,0x00000000dee80000,0x00000000dee80000)
  to   space 19456K, 0% used [0x00000000dcc80000,0x00000000dcc80000,0x00000000ddf80000)
 ParOldGen       total 102400K, used 25603K [0x0000000080000000, 0x0000000086400000, 0x00000000d5580000)
  object space 102400K, 25% used [0x0000000080000000,0x0000000081900ed8,0x0000000086400000)
 Metaspace       used 42665K, capacity 45548K, committed 45784K, reserved 1089536K
  class space    used 5882K, capacity 6264K, committed 6360K, reserved 1048576K
Event: 18.011 GC heap after
Heap after GC invocations=15 (full 2):
 PSYoungGen      total 141312K, used 19440K [0x00000000d5580000, 0x00000000e2280000, 0x0000000100000000)
  eden space 121856K, 0% used [0x00000000d5580000,0x00000000d5580000,0x00000000dcc80000)
  from space 19456K, 99% used [0x00000000dcc80000,0x00000000ddf7c010,0x00000000ddf80000)
  to   space 25088K, 0% used [0x00000000e0a00000,0x00000000e0a00000,0x00000000e2280000)
 ParOldGen       total 102400K, used 33132K [0x0000000080000000, 0x0000000086400000, 0x00000000d5580000)
  object space 102400K, 32% used [0x0000000080000000,0x000000008205b158,0x0000000086400000)
 Metaspace       used 42665K, capacity 45548K, committed 45784K, reserved 1089536K
  class space    used 5882K, capacity 6264K, committed 6360K, reserved 1048576K
}

Deoptimization events (10 events):
Event: 13.299 Thread 0x0000000019f76800 Uncommon trap: reason=speculate_class_check action=maybe_recompile pc=0x00000000035f6e50 method=java.util.AbstractList.listIterator()Ljava/util/ListIterator; @ 2
Event: 13.336 Thread 0x000000001a57e800 Uncommon trap: reason=range_check action=make_not_entrant pc=0x0000000003619064 method=java.lang.String.charAt(I)C @ 27
Event: 13.941 Thread 0x000000001a57e800 Uncommon trap: reason=unstable_if action=reinterpret pc=0x000000000371739c method=java.util.concurrent.locks.ReentrantLock$Sync.nonfairTryAcquire(I)Z @ 34
Event: 16.404 Thread 0x000000001a57e800 Uncommon trap: reason=null_check action=make_not_entrant pc=0x0000000002b9b7a0 method=org.gradle.api.internal.collections.CollectionFilter.filter(Ljava/lang/Object;)Ljava/lang/Object; @ 5
Event: 16.979 Thread 0x000000001a57e800 Uncommon trap: reason=predicate action=maybe_recompile pc=0x0000000003aef378 method=java.util.AbstractCollection.toArray([Ljava/lang/Object;)[Ljava/lang/Object; @ 49
Event: 17.001 Thread 0x000000001a57e800 Uncommon trap: reason=array_check action=maybe_recompile pc=0x0000000003b03170 method=java.util.AbstractCollection.toArray([Ljava/lang/Object;)[Ljava/lang/Object; @ 119
Event: 17.002 Thread 0x000000001a57e800 Uncommon trap: reason=array_check action=maybe_recompile pc=0x0000000003b03170 method=java.util.AbstractCollection.toArray([Ljava/lang/Object;)[Ljava/lang/Object; @ 119
Event: 17.002 Thread 0x000000001a57e800 Uncommon trap: reason=array_check action=maybe_recompile pc=0x0000000003b03170 method=java.util.AbstractCollection.toArray([Ljava/lang/Object;)[Ljava/lang/Object; @ 119
Event: 17.004 Thread 0x000000001a57e800 Uncommon trap: reason=array_check action=maybe_recompile pc=0x0000000003b03170 method=java.util.AbstractCollection.toArray([Ljava/lang/Object;)[Ljava/lang/Object; @ 119
Event: 17.118 Thread 0x000000001a57e800 Uncommon trap: reason=null_check action=make_not_entrant pc=0x0000000003b0eb64 method=io.spring.gradle.dependencymanagement.org.apache.maven.model.validation.DefaultModelValidator.validateEffectiveDependency(Lio/spring/gradle/dependencymanagement/org/apac

Internal exceptions (10 events):
Event: 17.769 Thread 0x000000001a57e800 Exception <a 'java/lang/ArrayIndexOutOfBoundsException'> (0x00000000dc77b5f0) thrown at [C:\re\workspace\8-2-build-windows-amd64-cygwin\jdk8u121\8372\hotspot\src\share\vm\runtime\sharedRuntime.cpp, line 605]
Event: 17.769 Thread 0x000000001a57e800 Exception <a 'java/lang/ArrayIndexOutOfBoundsException'> (0x00000000dc77c2e8) thrown at [C:\re\workspace\8-2-build-windows-amd64-cygwin\jdk8u121\8372\hotspot\src\share\vm\runtime\sharedRuntime.cpp, line 605]
Event: 17.769 Thread 0x000000001a57e800 Exception <a 'java/lang/ArrayIndexOutOfBoundsException'> (0x00000000dc77d178) thrown at [C:\re\workspace\8-2-build-windows-amd64-cygwin\jdk8u121\8372\hotspot\src\share\vm\runtime\sharedRuntime.cpp, line 605]
Event: 17.769 Thread 0x000000001a57e800 Exception <a 'java/lang/ArrayIndexOutOfBoundsException'> (0x00000000dc77dea0) thrown at [C:\re\workspace\8-2-build-windows-amd64-cygwin\jdk8u121\8372\hotspot\src\share\vm\runtime\sharedRuntime.cpp, line 605]
Event: 17.769 Thread 0x000000001a57e800 Exception <a 'java/lang/ArrayIndexOutOfBoundsException'> (0x00000000dc77f1c8) thrown at [C:\re\workspace\8-2-build-windows-amd64-cygwin\jdk8u121\8372\hotspot\src\share\vm\runtime\sharedRuntime.cpp, line 605]
Event: 17.769 Thread 0x000000001a57e800 Exception <a 'java/lang/ArrayIndexOutOfBoundsException'> (0x00000000dc7801c0) thrown at [C:\re\workspace\8-2-build-windows-amd64-cygwin\jdk8u121\8372\hotspot\src\share\vm\runtime\sharedRuntime.cpp, line 605]
Event: 17.769 Thread 0x000000001a57e800 Exception <a 'java/lang/ArrayIndexOutOfBoundsException'> (0x00000000dc780e90) thrown at [C:\re\workspace\8-2-build-windows-amd64-cygwin\jdk8u121\8372\hotspot\src\share\vm\runtime\sharedRuntime.cpp, line 605]
Event: 17.769 Thread 0x000000001a57e800 Exception <a 'java/lang/ArrayIndexOutOfBoundsException'> (0x00000000dc7821a0) thrown at [C:\re\workspace\8-2-build-windows-amd64-cygwin\jdk8u121\8372\hotspot\src\share\vm\runtime\sharedRuntime.cpp, line 605]
Event: 17.769 Thread 0x000000001a57e800 Exception <a 'java/lang/ArrayIndexOutOfBoundsException'> (0x00000000dc783038) thrown at [C:\re\workspace\8-2-build-windows-amd64-cygwin\jdk8u121\8372\hotspot\src\share\vm\runtime\sharedRuntime.cpp, line 605]
Event: 17.769 Thread 0x000000001a57e800 Exception <a 'java/lang/ArrayIndexOutOfBoundsException'> (0x00000000dc783ec0) thrown at [C:\re\workspace\8-2-build-windows-amd64-cygwin\jdk8u121\8372\hotspot\src\share\vm\runtime\sharedRuntime.cpp, line 605]

Events (10 events):
Event: 17.821 loading class groovy/runtime/metaclass/build_cb2pukc4ln3ez0g6sxcnzi7cc$_run_closure2MetaClass
Event: 17.821 loading class groovy/runtime/metaclass/build_cb2pukc4ln3ez0g6sxcnzi7cc$_run_closure2MetaClass done
Event: 17.825 loading class groovy/runtime/metaclass/build_cb2pukc4ln3ez0g6sxcnzi7cc$_run_closure3MetaClass
Event: 17.825 loading class groovy/runtime/metaclass/build_cb2pukc4ln3ez0g6sxcnzi7cc$_run_closure3MetaClass done
Event: 17.830 loading class groovy/runtime/metaclass/build_cb2pukc4ln3ez0g6sxcnzi7cc$_run_closure4MetaClass
Event: 17.830 loading class groovy/runtime/metaclass/build_cb2pukc4ln3ez0g6sxcnzi7cc$_run_closure4MetaClass done
Event: 17.881 Thread 0x000000001a57e800 DEOPT PACKING pc=0x0000000003677254 sp=0x000000001b65a870
Event: 17.881 Thread 0x000000001a57e800 DEOPT UNPACKING pc=0x00000000023a787f sp=0x000000001b65a618 mode 0
Event: 17.904 Executing VM operation: ParallelGCFailedAllocation
Event: 18.011 Executing VM operation: ParallelGCFailedAllocation done


Dynamic libraries:
0x00007ff6c2840000 - 0x00007ff6c2877000 	C:\Program Files\Java\jdk1.8.0_121\bin\java.exe
0x00007fff68670000 - 0x00007fff68868000 	C:\WINDOWS\SYSTEM32\ntdll.dll
0x00007fff683a0000 - 0x00007fff6845d000 	C:\WINDOWS\System32\KERNEL32.DLL
0x00007fff66300000 - 0x00007fff665ce000 	C:\WINDOWS\System32\KERNELBASE.dll
0x00007fff66750000 - 0x00007fff667fe000 	C:\WINDOWS\System32\ADVAPI32.dll
0x00007fff67350000 - 0x00007fff673ee000 	C:\WINDOWS\System32\msvcrt.dll
0x00007fff67da0000 - 0x00007fff67e3c000 	C:\WINDOWS\System32\sechost.dll
0x00007fff67860000 - 0x00007fff67985000 	C:\WINDOWS\System32\RPCRT4.dll
0x00007fff67e40000 - 0x00007fff67fe0000 	C:\WINDOWS\System32\USER32.dll
0x00007fff66220000 - 0x00007fff66242000 	C:\WINDOWS\System32\win32u.dll
0x00007fff67250000 - 0x00007fff6727a000 	C:\WINDOWS\System32\GDI32.dll
0x00007fff65de0000 - 0x00007fff65eeb000 	C:\WINDOWS\System32\gdi32full.dll
0x00007fff66180000 - 0x00007fff6621d000 	C:\WINDOWS\System32\msvcp_win.dll
0x00007fff66050000 - 0x00007fff66150000 	C:\WINDOWS\System32\ucrtbase.dll
0x00007fff55740000 - 0x00007fff559da000 	C:\WINDOWS\WinSxS\amd64_microsoft.windows.common-controls_6595b64144ccf1df_6.0.19041.1110_none_60b5254171f9507e\COMCTL32.dll
0x00007fff66800000 - 0x00007fff66830000 	C:\WINDOWS\System32\IMM32.DLL
0x0000000052530000 - 0x0000000052602000 	C:\Program Files\Java\jdk1.8.0_121\jre\bin\msvcr100.dll
0x0000000051c90000 - 0x000000005252b000 	C:\Program Files\Java\jdk1.8.0_121\jre\bin\server\jvm.dll
0x00007fff67330000 - 0x00007fff67338000 	C:\WINDOWS\System32\PSAPI.DLL
0x00007fff51f10000 - 0x00007fff51f19000 	C:\WINDOWS\SYSTEM32\WSOCK32.dll
0x00007fff67990000 - 0x00007fff679fb000 	C:\WINDOWS\System32\WS2_32.dll
0x00007fff55710000 - 0x00007fff55737000 	C:\WINDOWS\SYSTEM32\WINMM.dll
0x00007fff56f90000 - 0x00007fff56f9a000 	C:\WINDOWS\SYSTEM32\VERSION.dll
0x0000000051c80000 - 0x0000000051c8f000 	C:\Program Files\Java\jdk1.8.0_121\jre\bin\verify.dll
0x0000000051c50000 - 0x0000000051c79000 	C:\Program Files\Java\jdk1.8.0_121\jre\bin\java.dll
0x0000000051c30000 - 0x0000000051c46000 	C:\Program Files\Java\jdk1.8.0_121\jre\bin\zip.dll
0x00007fff66950000 - 0x00007fff67094000 	C:\WINDOWS\System32\SHELL32.dll
0x00007fff63a80000 - 0x00007fff64214000 	C:\WINDOWS\SYSTEM32\windows.storage.dll
0x00007fff67fe0000 - 0x00007fff68334000 	C:\WINDOWS\System32\combase.dll
0x00007fff65640000 - 0x00007fff65670000 	C:\WINDOWS\SYSTEM32\Wldp.dll
0x00007fff67140000 - 0x00007fff671ed000 	C:\WINDOWS\System32\SHCORE.dll
0x00007fff67a60000 - 0x00007fff67ab5000 	C:\WINDOWS\System32\shlwapi.dll
0x00007fff65cd0000 - 0x00007fff65cef000 	C:\WINDOWS\SYSTEM32\profapi.dll
0x0000000051c10000 - 0x0000000051c2a000 	C:\Program Files\Java\jdk1.8.0_121\jre\bin\net.dll
0x00007fff65420000 - 0x00007fff6548a000 	C:\WINDOWS\system32\mswsock.dll
0x0000000051bf0000 - 0x0000000051c01000 	C:\Program Files\Java\jdk1.8.0_121\jre\bin\nio.dll
0x00007fff5f0f0000 - 0x00007fff5f10e000 	C:\Users\User\.gradle\native\25\windows-amd64\native-platform.dll
0x00007fff65680000 - 0x00007fff65698000 	C:\WINDOWS\SYSTEM32\CRYPTSP.dll
0x00007fff64dc0000 - 0x00007fff64df4000 	C:\WINDOWS\system32\rsaenh.dll
0x00007fff66150000 - 0x00007fff66177000 	C:\WINDOWS\System32\bcrypt.dll
0x00007fff65c90000 - 0x00007fff65cbe000 	C:\WINDOWS\SYSTEM32\USERENV.dll
0x00007fff665d0000 - 0x00007fff66652000 	C:\WINDOWS\System32\bcryptprimitives.dll
0x00007fff655b0000 - 0x00007fff655bc000 	C:\WINDOWS\SYSTEM32\CRYPTBASE.dll
0x00007fff65130000 - 0x00007fff6516b000 	C:\WINDOWS\SYSTEM32\IPHLPAPI.DLL
0x00007fff67340000 - 0x00007fff67348000 	C:\WINDOWS\System32\NSI.dll
0x00007fff59d80000 - 0x00007fff59d97000 	C:\WINDOWS\SYSTEM32\dhcpcsvc6.DLL
0x00007fff59ee0000 - 0x00007fff59efd000 	C:\WINDOWS\SYSTEM32\dhcpcsvc.DLL
0x00007fff65170000 - 0x00007fff6523b000 	C:\WINDOWS\SYSTEM32\DNSAPI.dll
0x0000000051be0000 - 0x0000000051bed000 	C:\Program Files\Java\jdk1.8.0_121\jre\bin\management.dll

VM Arguments:
jvm_args: -XX:MaxPermSize=512m -XX:+HeapDumpOnOutOfMemoryError -Xmx2048m -Dfile.encoding=UTF-8 -Duser.country=IN -Duser.language=en -Duser.variant 
java_command: org.gradle.launcher.daemon.bootstrap.GradleDaemon 3.5
java_class_path (initial): C:\Users\User\.gradle\wrapper\dists\gradle-3.5-all\exhrs6ca08n232b14ue48lbye\gradle-3.5\lib\gradle-launcher-3.5.jar
Launcher Type: SUN_STANDARD

Environment Variables:
JAVA_HOME=C:\Program Files\Java\jdk1.8.0_121
PATH=C:\Program Files\Common Files\Oracle\Java\javapath;C:\Python39\Scripts\;C:\Python39\;C:\WINDOWS\system32;C:\WINDOWS;C:\WINDOWS\System32\Wbem;C:\WINDOWS\System32\WindowsPowerShell\v1.0\;C:\WINDOWS\System32\OpenSSH\;C:\Program Files\Git\cmd;C:\Program Files\nodejs\;C:\ProgramData\chocolatey\bin;C:\Program Files\Java\jdk1.8.0_121\bin;C:\hadoop\bin;C:\hadoop\sbin;C:\grails-3.3.6\bin;C:\Program Files\PostgreSQL\14\bin;C:\Program Files\PuTTY\;C:\Program Files\Docker\Docker\resources\bin;C:\ProgramData\DockerDesktop\version-bin;C:\Users\User\AppData\Local\Microsoft\WindowsApps;C:\Users\User\AppData\Roaming\npm;C:\Users\User\AppData\Local\Programs\Microsoft VS Code\bin;C:\Program Files\JetBrains\IntelliJ IDEA 2020.2.4\bin;;
USERNAME=Capulus
OS=Windows_NT
PROCESSOR_IDENTIFIER=Intel64 Family 6 Model 61 Stepping 4, GenuineIntel



---------------  S Y S T E M  ---------------

OS: Windows 10.0 , 64 bit Build 19041 (10.0.19041.1806)

CPU:total 4 (2 cores per cpu, 2 threads per core) family 6 model 61 stepping 4, cmov, cx8, fxsr, mmx, sse, sse2, sse3, ssse3, sse4.1, sse4.2, popcnt, avx, avx2, aes, clmul, erms, rtm, 3dnowpref, lzcnt, ht, tsc, tscinvbit, bmi1, bmi2, adx

Memory: 4k page, physical 8277520k(446244k free), swap 26593948k(4224k free)

vm_info: Java HotSpot(TM) 64-Bit Server VM (25.121-b13) for windows-amd64 JRE (1.8.0_121-b13), built on Dec 12 2016 18:21:36 by "java_re" with MS VC++ 10.0 (VS2010)

time: Wed Aug 10 17:41:25 2022
elapsed time: 18 seconds (0d 0h 0m 18s)

