#
# There is insufficient memory for the Java Runtime Environment to continue.
# Native memory allocation (malloc) failed to allocate 1420064 bytes for Chunk::new
# Possible reasons:
#   The system is out of physical RAM or swap space
#   In 32 bit mode, the process size limit was hit
# Possible solutions:
#   Reduce memory load on the system
#   Increase physical memory or swap space
#   Check if swap backing store is full
#   Use 64 bit Java on a 64 bit OS
#   Decrease Java heap size (-Xmx/-Xms)
#   Decrease number of Java threads
#   Decrease Java thread stack sizes (-Xss)
#   Set larger code cache with -XX:ReservedCodeCacheSize=
# This output file may be truncated or incomplete.
#
#  Out of Memory Error (allocation.cpp:390), pid=2236, tid=0x00000000000022c4
#
# JRE version: Java(TM) SE Runtime Environment (8.0_121-b13) (build 1.8.0_121-b13)
# Java VM: Java HotSpot(TM) 64-Bit Server VM (25.121-b13 mixed mode windows-amd64 compressed oops)
# Failed to write core dump. Minidumps are not enabled by default on client versions of Windows
#

---------------  T H R E A D  ---------------

Current thread (0x0000000017b12800):  JavaThread "C2 CompilerThread0" daemon [_thread_in_native, id=8900, stack(0x0000000019430000,0x0000000019530000)]

Stack: [0x0000000019430000,0x0000000019530000]
[error occurred during error reporting (printing stack bounds), id 0xc0000005]

Native frames: (J=compiled Java code, j=interpreted, Vv=VM code, C=native code)


Current CompileTask:
C2:  33165 4799       4       java.lang.reflect.Method::toString (20 bytes)


---------------  P R O C E S S  ---------------

Java Threads: ( => current thread )
  0x000000001b54d800 JavaThread "Cache worker for task history cache (D:\PharmIT-Billing\.gradle\3.5\taskHistory)" [_thread_blocked, id=4888, stack(0x0000000020250000,0x0000000020350000)]
  0x000000001b54c000 JavaThread "Memory manager" [_thread_blocked, id=2004, stack(0x00000000011f0000,0x00000000012f0000)]
  0x000000001b547000 JavaThread "Cache worker for Artifact transforms cache (C:\Users\User\.gradle\caches\transforms-1)" [_thread_blocked, id=14380, stack(0x000000001ef10000,0x000000001f010000)]
  0x000000001b54d000 JavaThread "File lock request listener" [_thread_in_native, id=4932, stack(0x000000001d840000,0x000000001d940000)]
  0x000000001b54a800 JavaThread "Cache worker for file hash cache (C:\Users\User\.gradle\caches\3.5\fileHashes)" [_thread_blocked, id=11424, stack(0x000000001d740000,0x000000001d840000)]
  0x000000001aa3e800 JavaThread "Stdin handler" [_thread_blocked, id=12852, stack(0x000000001d640000,0x000000001d740000)]
  0x000000001aa3c000 JavaThread "Asynchronous log dispatcher for DefaultDaemonConnection: socket connection from /127.0.0.1:60564 to /127.0.0.1:60565" [_thread_blocked, id=1064, stack(0x000000001d540000,0x000000001d640000)]
  0x000000001aa13800 JavaThread "Daemon worker" [_thread_in_vm, id=14104, stack(0x000000001d440000,0x000000001d540000)]
  0x000000001aa12800 JavaThread "Cancel handler" [_thread_blocked, id=13908, stack(0x000000001d340000,0x000000001d440000)]
  0x000000001b125800 JavaThread "Handler for socket connection from /127.0.0.1:60564 to /127.0.0.1:60565" [_thread_in_native, id=5736, stack(0x000000001d240000,0x000000001d340000)]
  0x000000001b124000 JavaThread "Daemon" [_thread_blocked, id=14752, stack(0x000000001d140000,0x000000001d240000)]
  0x000000001ad34000 JavaThread "Daemon periodic checks" [_thread_blocked, id=15232, stack(0x000000001ce40000,0x000000001cf40000)]
  0x000000001ab19800 JavaThread "Incoming local TCP Connector on port 60564" [_thread_in_native, id=10952, stack(0x000000001c5d0000,0x000000001c6d0000)]
  0x000000001b040000 JavaThread "Daemon health stats" [_thread_blocked, id=14580, stack(0x000000001c4d0000,0x000000001c5d0000)]
  0x0000000017b3d800 JavaThread "Service Thread" daemon [_thread_blocked, id=10084, stack(0x0000000019b30000,0x0000000019c30000)]
  0x0000000017b3c800 JavaThread "C1 CompilerThread2" daemon [_thread_blocked, id=3308, stack(0x0000000019a30000,0x0000000019b30000)]
  0x0000000017b3c000 JavaThread "C2 CompilerThread1" daemon [_thread_in_native, id=9416, stack(0x0000000019930000,0x0000000019a30000)]
=>0x0000000017b12800 JavaThread "C2 CompilerThread0" daemon [_thread_in_native, id=8900, stack(0x0000000019430000,0x0000000019530000)]
  0x0000000017af9800 JavaThread "JDWP Command Reader" daemon [_thread_in_native, id=2520, stack(0x0000000019330000,0x0000000019430000)]
  0x0000000017af3000 JavaThread "JDWP Event Helper Thread" daemon [_thread_blocked, id=2272, stack(0x0000000019230000,0x0000000019330000)]
  0x0000000017ae6000 JavaThread "JDWP Transport Listener: dt_socket" daemon [_thread_blocked, id=14684, stack(0x0000000019130000,0x0000000019230000)]
  0x0000000017ae1000 JavaThread "Attach Listener" daemon [_thread_blocked, id=8424, stack(0x0000000019030000,0x0000000019130000)]
  0x0000000017adc000 JavaThread "Signal Dispatcher" daemon [_thread_blocked, id=4180, stack(0x0000000018f30000,0x0000000019030000)]
  0x0000000017aca000 JavaThread "Finalizer" daemon [_thread_blocked, id=4312, stack(0x0000000018d30000,0x0000000018e30000)]
  0x0000000002eb2000 JavaThread "Reference Handler" daemon [_thread_blocked, id=15084, stack(0x0000000018c30000,0x0000000018d30000)]
  0x0000000002dc2800 JavaThread "main" [_thread_blocked, id=13440, stack(0x0000000002cc0000,0x0000000002dc0000)]

Other Threads:
  0x0000000017aa7800 VMThread [stack: 0x0000000018b30000,0x0000000018c30000] [id=15252]
  0x000000001957e800 WatcherThread [stack: 0x0000000019c30000,0x0000000019d30000] [id=9568]

VM state:not at safepoint (normal execution)

VM Mutex/Monitor currently owned by a thread: None

Heap:
 PSYoungGen      total 71680K, used 29905K [0x00000000d5580000, 0x00000000da080000, 0x0000000100000000)
  eden space 66560K, 44% used [0x00000000d5580000,0x00000000d72b4448,0x00000000d9680000)
  from space 5120K, 0% used [0x00000000d9b80000,0x00000000d9b80000,0x00000000da080000)
  to   space 5120K, 0% used [0x00000000d9680000,0x00000000d9680000,0x00000000d9b80000)
 ParOldGen       total 60928K, used 17818K [0x0000000080000000, 0x0000000083b80000, 0x00000000d5580000)
  object space 60928K, 29% used [0x0000000080000000,0x00000000811668f8,0x0000000083b80000)
 Metaspace       used 36364K, capacity 36832K, committed 36992K, reserved 1081344K
  class space    used 4832K, capacity 4961K, committed 4992K, reserved 1048576K

Card table byte_map: [0x0000000012280000,0x0000000012690000] byte_map_base: 0x0000000011e80000

Marking Bits: (ParMarkBitMap*) 0x00000000524ab6d0
 Begin Bits: [0x0000000012d40000, 0x0000000014d40000)
 End Bits:   [0x0000000014d40000, 0x0000000016d40000)

Polling page: 0x00000000014a0000

CodeCache: size=245760Kb used=18207Kb max_used=18207Kb free=227552Kb
 bounds [0x0000000002ec0000, 0x00000000040a0000, 0x0000000011ec0000]
 total_blobs=5341 nmethods=4644 adapters=616
 compilation: enabled

Compilation events (10 events):
Event: 33.093 Thread 0x0000000017b3c800 4891   !   3       org.gradle.model.internal.type.ClassTypeWrapper::getRepresentation (100 bytes)
Event: 33.094 Thread 0x0000000017b3c800 nmethod 4891 0x0000000004091390 code [0x0000000004091620, 0x0000000004092868]
Event: 33.095 Thread 0x0000000017b3c800 4892       3       org.gradle.model.internal.type.ClassTypeWrapper::getEnclosingClassChain (30 bytes)
Event: 33.096 Thread 0x0000000017b3c800 nmethod 4892 0x0000000004093110 code [0x0000000004093320, 0x0000000004093e18]
Event: 33.099 Thread 0x0000000017b3c800 4893       3       org.gradle.model.internal.manage.schema.cache.ModelSchemaCache::get (35 bytes)
Event: 33.100 Thread 0x0000000017b3c800 nmethod 4893 0x00000000040943d0 code [0x0000000004094580, 0x0000000004094b68]
Event: 33.100 Thread 0x0000000017b3c800 4894       3       org.gradle.model.internal.manage.schema.cache.MultiWeakClassSet$1::apply (9 bytes)
Event: 33.100 Thread 0x0000000017b3c800 nmethod 4894 0x0000000004094d10 code [0x0000000004094ea0, 0x0000000004095348]
Event: 33.101 Thread 0x0000000017b3c800 4895       3       org.gradle.model.internal.manage.schema.extract.DefaultModelSchemaExtractor$1::apply (9 bytes)
Event: 33.101 Thread 0x0000000017b3c800 nmethod 4895 0x0000000004095510 code [0x00000000040956a0, 0x0000000004095aa8]

GC Heap History (10 events):
Event: 22.367 GC heap before
{Heap before GC invocations=6 (full 1):
 PSYoungGen      total 71680K, used 66560K [0x00000000d5580000, 0x00000000da080000, 0x0000000100000000)
  eden space 66560K, 100% used [0x00000000d5580000,0x00000000d9680000,0x00000000d9680000)
  from space 5120K, 0% used [0x00000000d9b80000,0x00000000d9b80000,0x00000000da080000)
  to   space 5120K, 0% used [0x00000000d9680000,0x00000000d9680000,0x00000000d9b80000)
 ParOldGen       total 60928K, used 9285K [0x0000000080000000, 0x0000000083b80000, 0x00000000d5580000)
  object space 60928K, 15% used [0x0000000080000000,0x0000000080911440,0x0000000083b80000)
 Metaspace       used 27547K, capacity 27970K, committed 28160K, reserved 1073152K
  class space    used 3653K, capacity 3782K, committed 3840K, reserved 1048576K
Event: 22.381 GC heap after
Heap after GC invocations=6 (full 1):
 PSYoungGen      total 71680K, used 5120K [0x00000000d5580000, 0x00000000da080000, 0x0000000100000000)
  eden space 66560K, 0% used [0x00000000d5580000,0x00000000d5580000,0x00000000d9680000)
  from space 5120K, 100% used [0x00000000d9680000,0x00000000d9b80000,0x00000000d9b80000)
  to   space 5120K, 0% used [0x00000000d9b80000,0x00000000d9b80000,0x00000000da080000)
 ParOldGen       total 60928K, used 11023K [0x0000000080000000, 0x0000000083b80000, 0x00000000d5580000)
  object space 60928K, 18% used [0x0000000080000000,0x0000000080ac3fe0,0x0000000083b80000)
 Metaspace       used 27547K, capacity 27970K, committed 28160K, reserved 1073152K
  class space    used 3653K, capacity 3782K, committed 3840K, reserved 1048576K
}
Event: 29.031 GC heap before
{Heap before GC invocations=7 (full 1):
 PSYoungGen      total 71680K, used 71680K [0x00000000d5580000, 0x00000000da080000, 0x0000000100000000)
  eden space 66560K, 100% used [0x00000000d5580000,0x00000000d9680000,0x00000000d9680000)
  from space 5120K, 100% used [0x00000000d9680000,0x00000000d9b80000,0x00000000d9b80000)
  to   space 5120K, 0% used [0x00000000d9b80000,0x00000000d9b80000,0x00000000da080000)
 ParOldGen       total 60928K, used 11023K [0x0000000080000000, 0x0000000083b80000, 0x00000000d5580000)
  object space 60928K, 18% used [0x0000000080000000,0x0000000080ac3fe0,0x0000000083b80000)
 Metaspace       used 32967K, capacity 33560K, committed 33792K, reserved 1079296K
  class space    used 4425K, capacity 4576K, committed 4608K, reserved 1048576K
Event: 29.051 GC heap after
Heap after GC invocations=7 (full 1):
 PSYoungGen      total 71680K, used 5104K [0x00000000d5580000, 0x00000000da080000, 0x0000000100000000)
  eden space 66560K, 0% used [0x00000000d5580000,0x00000000d5580000,0x00000000d9680000)
  from space 5120K, 99% used [0x00000000d9b80000,0x00000000da07c010,0x00000000da080000)
  to   space 5120K, 0% used [0x00000000d9680000,0x00000000d9680000,0x00000000d9b80000)
 ParOldGen       total 60928K, used 16863K [0x0000000080000000, 0x0000000083b80000, 0x00000000d5580000)
  object space 60928K, 27% used [0x0000000080000000,0x0000000081077c50,0x0000000083b80000)
 Metaspace       used 32967K, capacity 33560K, committed 33792K, reserved 1079296K
  class space    used 4425K, capacity 4576K, committed 4608K, reserved 1048576K
}
Event: 32.024 GC heap before
{Heap before GC invocations=8 (full 1):
 PSYoungGen      total 71680K, used 71664K [0x00000000d5580000, 0x00000000da080000, 0x0000000100000000)
  eden space 66560K, 100% used [0x00000000d5580000,0x00000000d9680000,0x00000000d9680000)
  from space 5120K, 99% used [0x00000000d9b80000,0x00000000da07c010,0x00000000da080000)
  to   space 5120K, 0% used [0x00000000d9680000,0x00000000d9680000,0x00000000d9b80000)
 ParOldGen       total 60928K, used 16863K [0x0000000080000000, 0x0000000083b80000, 0x00000000d5580000)
  object space 60928K, 27% used [0x0000000080000000,0x0000000081077c50,0x0000000083b80000)
 Metaspace       used 34388K, capacity 34892K, committed 35072K, reserved 1079296K
  class space    used 4569K, capacity 4742K, committed 4864K, reserved 1048576K
Event: 32.046 GC heap after
Heap after GC invocations=8 (full 1):
 PSYoungGen      total 71680K, used 5088K [0x00000000d5580000, 0x00000000da080000, 0x0000000100000000)
  eden space 66560K, 0% used [0x00000000d5580000,0x00000000d5580000,0x00000000d9680000)
  from space 5120K, 99% used [0x00000000d9680000,0x00000000d9b78020,0x00000000d9b80000)
  to   space 5120K, 0% used [0x00000000d9b80000,0x00000000d9b80000,0x00000000da080000)
 ParOldGen       total 60928K, used 22170K [0x0000000080000000, 0x0000000083b80000, 0x00000000d5580000)
  object space 60928K, 36% used [0x0000000080000000,0x00000000815a6918,0x0000000083b80000)
 Metaspace       used 34388K, capacity 34892K, committed 35072K, reserved 1079296K
  class space    used 4569K, capacity 4742K, committed 4864K, reserved 1048576K
}
Event: 32.169 GC heap before
{Heap before GC invocations=9 (full 1):
 PSYoungGen      total 71680K, used 12226K [0x00000000d5580000, 0x00000000da080000, 0x0000000100000000)
  eden space 66560K, 10% used [0x00000000d5580000,0x00000000d5c78bb0,0x00000000d9680000)
  from space 5120K, 99% used [0x00000000d9680000,0x00000000d9b78020,0x00000000d9b80000)
  to   space 5120K, 0% used [0x00000000d9b80000,0x00000000d9b80000,0x00000000da080000)
 ParOldGen       total 60928K, used 22170K [0x0000000080000000, 0x0000000083b80000, 0x00000000d5580000)
  object space 60928K, 36% used [0x0000000080000000,0x00000000815a6918,0x0000000083b80000)
 Metaspace       used 34851K, capacity 35372K, committed 35416K, reserved 1079296K
  class space    used 4647K, capacity 4838K, committed 4864K, reserved 1048576K
Event: 32.177 GC heap after
Heap after GC invocations=9 (full 1):
 PSYoungGen      total 71680K, used 5120K [0x00000000d5580000, 0x00000000da080000, 0x0000000100000000)
  eden space 66560K, 0% used [0x00000000d5580000,0x00000000d5580000,0x00000000d9680000)
  from space 5120K, 100% used [0x00000000d9b80000,0x00000000da080000,0x00000000da080000)
  to   space 5120K, 0% used [0x00000000d9680000,0x00000000d9680000,0x00000000d9b80000)
 ParOldGen       total 60928K, used 22564K [0x0000000080000000, 0x0000000083b80000, 0x00000000d5580000)
  object space 60928K, 37% used [0x0000000080000000,0x00000000816091d8,0x0000000083b80000)
 Metaspace       used 34851K, capacity 35372K, committed 35416K, reserved 1079296K
  class space    used 4647K, capacity 4838K, committed 4864K, reserved 1048576K
}
Event: 32.177 GC heap before
{Heap before GC invocations=10 (full 2):
 PSYoungGen      total 71680K, used 5120K [0x00000000d5580000, 0x00000000da080000, 0x0000000100000000)
  eden space 66560K, 0% used [0x00000000d5580000,0x00000000d5580000,0x00000000d9680000)
  from space 5120K, 100% used [0x00000000d9b80000,0x00000000da080000,0x00000000da080000)
  to   space 5120K, 0% used [0x00000000d9680000,0x00000000d9680000,0x00000000d9b80000)
 ParOldGen       total 60928K, used 22564K [0x0000000080000000, 0x0000000083b80000, 0x00000000d5580000)
  object space 60928K, 37% used [0x0000000080000000,0x00000000816091d8,0x0000000083b80000)
 Metaspace       used 34851K, capacity 35372K, committed 35416K, reserved 1079296K
  class space    used 4647K, capacity 4838K, committed 4864K, reserved 1048576K
Event: 32.316 GC heap after
Heap after GC invocations=10 (full 2):
 PSYoungGen      total 71680K, used 0K [0x00000000d5580000, 0x00000000da080000, 0x0000000100000000)
  eden space 66560K, 0% used [0x00000000d5580000,0x00000000d5580000,0x00000000d9680000)
  from space 5120K, 0% used [0x00000000d9b80000,0x00000000d9b80000,0x00000000da080000)
  to   space 5120K, 0% used [0x00000000d9680000,0x00000000d9680000,0x00000000d9b80000)
 ParOldGen       total 60928K, used 17818K [0x0000000080000000, 0x0000000083b80000, 0x00000000d5580000)
  object space 60928K, 29% used [0x0000000080000000,0x00000000811668f8,0x0000000083b80000)
 Metaspace       used 34781K, capacity 35252K, committed 35416K, reserved 1079296K
  class space    used 4631K, capacity 4798K, committed 4864K, reserved 1048576K
}

Deoptimization events (10 events):
Event: 32.503 Thread 0x000000001aa13800 Uncommon trap: reason=unstable_if action=reinterpret pc=0x0000000003fabf34 method=org.objectweb.asm.MethodWriter.visitVarInsn(II)V @ 22
Event: 32.545 Thread 0x000000001aa13800 Uncommon trap: reason=class_check action=maybe_recompile pc=0x00000000035b516c method=java.lang.ref.ReferenceQueue.reallyPoll()Ljava/lang/ref/Reference; @ 52
Event: 32.586 Thread 0x000000001aa13800 Uncommon trap: reason=class_check action=maybe_recompile pc=0x0000000003d3ed90 method=java.util.HashMap.removeNode(ILjava/lang/Object;Ljava/lang/Object;ZZ)Ljava/util/HashMap$Node; @ 68
Event: 32.597 Thread 0x000000001aa13800 Uncommon trap: reason=unstable_if action=reinterpret pc=0x0000000003a78514 method=java.util.HashMap.putVal(ILjava/lang/Object;Ljava/lang/Object;ZZ)Ljava/lang/Object; @ 162
Event: 32.597 Thread 0x000000001aa13800 Uncommon trap: reason=unstable_if action=reinterpret pc=0x0000000003a614ec method=java.util.HashMap.putVal(ILjava/lang/Object;Ljava/lang/Object;ZZ)Ljava/lang/Object; @ 162
Event: 32.598 Thread 0x000000001aa13800 Uncommon trap: reason=unstable_if action=reinterpret pc=0x0000000003163524 method=java.util.HashMap.resize()[Ljava/util/HashMap$Node; @ 206
Event: 32.636 Thread 0x000000001aa13800 Uncommon trap: reason=unstable_if action=reinterpret pc=0x0000000003d3ed58 method=java.util.HashMap.removeNode(ILjava/lang/Object;Ljava/lang/Object;ZZ)Ljava/util/HashMap$Node; @ 97
Event: 32.666 Thread 0x000000001aa13800 Uncommon trap: reason=class_check action=maybe_recompile pc=0x0000000003d3dbe8 method=java.util.HashMap.removeNode(ILjava/lang/Object;Ljava/lang/Object;ZZ)Ljava/util/HashMap$Node; @ 68
Event: 32.731 Thread 0x000000001aa13800 Uncommon trap: reason=unstable_if action=reinterpret pc=0x0000000004031100 method=java.lang.reflect.Modifier.toString(I)Ljava/lang/String; @ 123
Event: 32.731 Thread 0x000000001aa13800 Uncommon trap: reason=unstable_if action=reinterpret pc=0x000000000400b5ec method=java.lang.reflect.Modifier.toString(I)Ljava/lang/String; @ 123

Internal exceptions (10 events):
Event: 28.331 Thread 0x000000001aa13800 Exception <a 'java/lang/ClassNotFoundException': org/codehaus/groovy/runtime/GStringImplBeanInfo> (0x00000000d80f8668) thrown at [C:\re\workspace\8-2-build-windows-amd64-cygwin\jdk8u121\8372\hotspot\src\share\vm\classfile\systemDictionary.cpp, line 210]
Event: 28.334 Thread 0x000000001aa13800 Exception <a 'java/lang/ClassNotFoundException': org/codehaus/groovy/runtime/GStringImplCustomizer> (0x00000000d8118be0) thrown at [C:\re\workspace\8-2-build-windows-amd64-cygwin\jdk8u121\8372\hotspot\src\share\vm\classfile\systemDictionary.cpp, line 210]
Event: 28.353 Thread 0x000000001aa13800 Exception <a 'java/lang/ClassNotFoundException': java/lang/StringBeanInfo> (0x00000000d818c728) thrown at [C:\re\workspace\8-2-build-windows-amd64-cygwin\jdk8u121\8372\hotspot\src\share\vm\classfile\systemDictionary.cpp, line 210]
Event: 28.354 Thread 0x000000001aa13800 Exception <a 'java/lang/ClassNotFoundException': java/lang/StringCustomizer> (0x00000000d818f5d8) thrown at [C:\re\workspace\8-2-build-windows-amd64-cygwin\jdk8u121\8372\hotspot\src\share\vm\classfile\systemDictionary.cpp, line 210]
Event: 28.555 Thread 0x000000001aa13800 Exception <a 'java/lang/NoSuchMethodError': <clinit>> (0x00000000d8d727e8) thrown at [C:\re\workspace\8-2-build-windows-amd64-cygwin\jdk8u121\8372\hotspot\src\share\vm\prims\jni.cpp, line 1613]
Event: 30.977 Thread 0x000000001aa13800 Implicit null exception at 0x0000000003e8f530 to 0x0000000003e8f9d1
Event: 31.316 Thread 0x000000001aa13800 Exception <a 'java/lang/ClassNotFoundException': build_5hu92sesujn8u88zkv5m8a6maBeanInfo> (0x00000000d8c26808) thrown at [C:\re\workspace\8-2-build-windows-amd64-cygwin\jdk8u121\8372\hotspot\src\share\vm\classfile\systemDictionary.cpp, line 210]
Event: 31.317 Thread 0x000000001aa13800 Exception <a 'java/lang/ClassNotFoundException': build_5hu92sesujn8u88zkv5m8a6maCustomizer> (0x00000000d8c2fad8) thrown at [C:\re\workspace\8-2-build-windows-amd64-cygwin\jdk8u121\8372\hotspot\src\share\vm\classfile\systemDictionary.cpp, line 210]
Event: 31.757 Thread 0x000000001aa13800 Exception <a 'java/lang/ClassNotFoundException': org/gradle/api/internal/plugins/DefaultObjectConfigurationActionBeanInfo> (0x00000000d8dfd250) thrown at [C:\re\workspace\8-2-build-windows-amd64-cygwin\jdk8u121\8372\hotspot\src\share\vm\classfile\systemDi
Event: 31.759 Thread 0x000000001aa13800 Exception <a 'java/lang/ClassNotFoundException': org/gradle/api/internal/plugins/DefaultObjectConfigurationActionCustomizer> (0x00000000d8e35160) thrown at [C:\re\workspace\8-2-build-windows-amd64-cygwin\jdk8u121\8372\hotspot\src\share\vm\classfile\system

Events (10 events):
Event: 32.947 Thread 0x000000001aa13800 DEOPT PACKING pc=0x00000000034e180c sp=0x000000001d53ab30
Event: 32.947 Thread 0x000000001aa13800 DEOPT UNPACKING pc=0x0000000002f0787f sp=0x000000001d53a870 mode 1
Event: 32.947 Thread 0x000000001aa13800 DEOPT PACKING pc=0x00000000034e1708 sp=0x000000001d53abe0
Event: 32.947 Thread 0x000000001aa13800 DEOPT UNPACKING pc=0x0000000002f0787f sp=0x000000001d53a920 mode 1
Event: 32.947 loading class org/apache/tools/ant/Location
Event: 32.947 loading class org/apache/tools/ant/Location done
Event: 32.948 Thread 0x000000001aa13800 DEOPT PACKING pc=0x00000000034e180c sp=0x000000001d53ab30
Event: 32.948 Thread 0x000000001aa13800 DEOPT UNPACKING pc=0x0000000002f0787f sp=0x000000001d53a870 mode 1
Event: 32.948 Thread 0x000000001aa13800 DEOPT PACKING pc=0x00000000034e1708 sp=0x000000001d53abe0
Event: 32.948 Thread 0x000000001aa13800 DEOPT UNPACKING pc=0x0000000002f0787f sp=0x000000001d53a920 mode 1


Dynamic libraries:
0x00007ff6c2840000 - 0x00007ff6c2877000 	C:\Program Files\Java\jdk1.8.0_121\bin\java.exe
0x00007fff68670000 - 0x00007fff68868000 	C:\WINDOWS\SYSTEM32\ntdll.dll
0x00007fff683a0000 - 0x00007fff6845d000 	C:\WINDOWS\System32\KERNEL32.DLL
0x00007fff66300000 - 0x00007fff665ce000 	C:\WINDOWS\System32\KERNELBASE.dll
0x00007fff66750000 - 0x00007fff667fe000 	C:\WINDOWS\System32\ADVAPI32.dll
0x00007fff67350000 - 0x00007fff673ee000 	C:\WINDOWS\System32\msvcrt.dll
0x00007fff67da0000 - 0x00007fff67e3c000 	C:\WINDOWS\System32\sechost.dll
0x00007fff67860000 - 0x00007fff67985000 	C:\WINDOWS\System32\RPCRT4.dll
0x00007fff67e40000 - 0x00007fff67fe0000 	C:\WINDOWS\System32\USER32.dll
0x00007fff66220000 - 0x00007fff66242000 	C:\WINDOWS\System32\win32u.dll
0x00007fff67250000 - 0x00007fff6727a000 	C:\WINDOWS\System32\GDI32.dll
0x00007fff65de0000 - 0x00007fff65eeb000 	C:\WINDOWS\System32\gdi32full.dll
0x00007fff66180000 - 0x00007fff6621d000 	C:\WINDOWS\System32\msvcp_win.dll
0x00007fff66050000 - 0x00007fff66150000 	C:\WINDOWS\System32\ucrtbase.dll
0x00007fff55740000 - 0x00007fff559da000 	C:\WINDOWS\WinSxS\amd64_microsoft.windows.common-controls_6595b64144ccf1df_6.0.19041.1110_none_60b5254171f9507e\COMCTL32.dll
0x00007fff66800000 - 0x00007fff66830000 	C:\WINDOWS\System32\IMM32.DLL
0x0000000052530000 - 0x0000000052602000 	C:\Program Files\Java\jdk1.8.0_121\jre\bin\msvcr100.dll
0x0000000051c90000 - 0x000000005252b000 	C:\Program Files\Java\jdk1.8.0_121\jre\bin\server\jvm.dll
0x00007fff67330000 - 0x00007fff67338000 	C:\WINDOWS\System32\PSAPI.DLL
0x00007fff51f10000 - 0x00007fff51f19000 	C:\WINDOWS\SYSTEM32\WSOCK32.dll
0x00007fff55710000 - 0x00007fff55737000 	C:\WINDOWS\SYSTEM32\WINMM.dll
0x00007fff67990000 - 0x00007fff679fb000 	C:\WINDOWS\System32\WS2_32.dll
0x00007fff56f90000 - 0x00007fff56f9a000 	C:\WINDOWS\SYSTEM32\VERSION.dll
0x0000000051c80000 - 0x0000000051c8f000 	C:\Program Files\Java\jdk1.8.0_121\jre\bin\verify.dll
0x0000000051c50000 - 0x0000000051c79000 	C:\Program Files\Java\jdk1.8.0_121\jre\bin\java.dll
0x0000000051ba0000 - 0x0000000051bd5000 	C:\Program Files\Java\jdk1.8.0_121\jre\bin\jdwp.dll
0x0000000051b90000 - 0x0000000051b98000 	C:\Program Files\Java\jdk1.8.0_121\jre\bin\npt.dll
0x0000000051c30000 - 0x0000000051c46000 	C:\Program Files\Java\jdk1.8.0_121\jre\bin\zip.dll
0x00007fff66950000 - 0x00007fff67094000 	C:\WINDOWS\System32\SHELL32.dll
0x00007fff63a80000 - 0x00007fff64214000 	C:\WINDOWS\SYSTEM32\windows.storage.dll
0x00007fff67fe0000 - 0x00007fff68334000 	C:\WINDOWS\System32\combase.dll
0x00007fff65640000 - 0x00007fff65670000 	C:\WINDOWS\SYSTEM32\Wldp.dll
0x00007fff67140000 - 0x00007fff671ed000 	C:\WINDOWS\System32\SHCORE.dll
0x00007fff67a60000 - 0x00007fff67ab5000 	C:\WINDOWS\System32\shlwapi.dll
0x00007fff65cd0000 - 0x00007fff65cef000 	C:\WINDOWS\SYSTEM32\profapi.dll
0x0000000051b50000 - 0x0000000051b59000 	C:\Program Files\Java\jdk1.8.0_121\jre\bin\dt_socket.dll
0x00007fff65420000 - 0x00007fff6548a000 	C:\WINDOWS\system32\mswsock.dll
0x0000000051c10000 - 0x0000000051c2a000 	C:\Program Files\Java\jdk1.8.0_121\jre\bin\net.dll
0x0000000051bf0000 - 0x0000000051c01000 	C:\Program Files\Java\jdk1.8.0_121\jre\bin\nio.dll
0x00007fff5f0f0000 - 0x00007fff5f10e000 	C:\Users\User\.gradle\native\25\windows-amd64\native-platform.dll
0x00007fff65680000 - 0x00007fff65698000 	C:\WINDOWS\SYSTEM32\CRYPTSP.dll
0x00007fff64dc0000 - 0x00007fff64df4000 	C:\WINDOWS\system32\rsaenh.dll
0x00007fff66150000 - 0x00007fff66177000 	C:\WINDOWS\System32\bcrypt.dll
0x00007fff65c90000 - 0x00007fff65cbe000 	C:\WINDOWS\SYSTEM32\USERENV.dll
0x00007fff665d0000 - 0x00007fff66652000 	C:\WINDOWS\System32\bcryptprimitives.dll
0x00007fff655b0000 - 0x00007fff655bc000 	C:\WINDOWS\SYSTEM32\CRYPTBASE.dll
0x00007fff65130000 - 0x00007fff6516b000 	C:\WINDOWS\SYSTEM32\IPHLPAPI.DLL
0x00007fff67340000 - 0x00007fff67348000 	C:\WINDOWS\System32\NSI.dll
0x00007fff59d80000 - 0x00007fff59d97000 	C:\WINDOWS\SYSTEM32\dhcpcsvc6.DLL
0x00007fff59ee0000 - 0x00007fff59efd000 	C:\WINDOWS\SYSTEM32\dhcpcsvc.DLL
0x00007fff65170000 - 0x00007fff6523b000 	C:\WINDOWS\SYSTEM32\DNSAPI.dll
0x0000000051be0000 - 0x0000000051bed000 	C:\Program Files\Java\jdk1.8.0_121\jre\bin\management.dll

VM Arguments:
jvm_args: -XX:MaxPermSize=512m -XX:+HeapDumpOnOutOfMemoryError -agentlib:jdwp=transport=dt_socket,server=n,suspend=y,address=60556 -Xmx2048m -Dfile.encoding=UTF-8 -Duser.country=IN -Duser.language=en -Duser.variant 
java_command: org.gradle.launcher.daemon.bootstrap.GradleDaemon 3.5
java_class_path (initial): C:\Users\User\.gradle\wrapper\dists\gradle-3.5-all\exhrs6ca08n232b14ue48lbye\gradle-3.5\lib\gradle-launcher-3.5.jar
Launcher Type: SUN_STANDARD

Environment Variables:
JAVA_HOME=C:\Program Files\Java\jdk1.8.0_121
PATH=C:\Program Files\Common Files\Oracle\Java\javapath;C:\Python39\Scripts\;C:\Python39\;C:\WINDOWS\system32;C:\WINDOWS;C:\WINDOWS\System32\Wbem;C:\WINDOWS\System32\WindowsPowerShell\v1.0\;C:\WINDOWS\System32\OpenSSH\;C:\Program Files\Git\cmd;C:\Program Files\nodejs\;C:\ProgramData\chocolatey\bin;C:\Program Files\Java\jdk1.8.0_121\bin;C:\hadoop\bin;C:\hadoop\sbin;C:\grails-3.3.6\bin;C:\Program Files\PostgreSQL\14\bin;C:\Program Files\PuTTY\;C:\Program Files\Docker\Docker\resources\bin;C:\ProgramData\DockerDesktop\version-bin;C:\Users\User\AppData\Local\Microsoft\WindowsApps;C:\Users\User\AppData\Roaming\npm;C:\Users\User\AppData\Local\Programs\Microsoft VS Code\bin;C:\Program Files\JetBrains\IntelliJ IDEA 2020.2.4\bin;;
USERNAME=Capulus
OS=Windows_NT
PROCESSOR_IDENTIFIER=Intel64 Family 6 Model 61 Stepping 4, GenuineIntel



---------------  S Y S T E M  ---------------

OS: Windows 10.0 , 64 bit Build 19041 (10.0.19041.1806)

CPU:total 4 (2 cores per cpu, 2 threads per core) family 6 model 61 stepping 4, cmov, cx8, fxsr, mmx, sse, sse2, sse3, ssse3, sse4.1, sse4.2, popcnt, avx, avx2, aes, clmul, erms, rtm, 3dnowpref, lzcnt, ht, tsc, tscinvbit, bmi1, bmi2, adx

Memory: 4k page, physical 8277520k(525892k free), swap 26593948k(5760k free)

vm_info: Java HotSpot(TM) 64-Bit Server VM (25.121-b13) for windows-amd64 JRE (1.8.0_121-b13), built on Dec 12 2016 18:21:36 by "java_re" with MS VC++ 10.0 (VS2010)

time: Wed Aug 10 17:42:52 2022
elapsed time: 33 seconds (0d 0h 0m 33s)

