#
# There is insufficient memory for the Java Runtime Environment to continue.
# Native memory allocation (malloc) failed to allocate 308896 bytes for Chunk::new
# Possible reasons:
#   The system is out of physical RAM or swap space
#   In 32 bit mode, the process size limit was hit
# Possible solutions:
#   Reduce memory load on the system
#   Increase physical memory or swap space
#   Check if swap backing store is full
#   Use 64 bit Java on a 64 bit OS
#   Decrease Java heap size (-Xmx/-Xms)
#   Decrease number of Java threads
#   Decrease Java thread stack sizes (-Xss)
#   Set larger code cache with -XX:ReservedCodeCacheSize=
# This output file may be truncated or incomplete.
#
#  Out of Memory Error (allocation.cpp:390), pid=6352, tid=0x0000000000001ad4
#
# JRE version: Java(TM) SE Runtime Environment (8.0_121-b13) (build 1.8.0_121-b13)
# Java VM: Java HotSpot(TM) 64-Bit Server VM (25.121-b13 mixed mode windows-amd64 compressed oops)
# Failed to write core dump. Minidumps are not enabled by default on client versions of Windows
#

---------------  T H R E A D  ---------------

Current thread (0x0000000017714000):  JavaThread "C2 CompilerThread1" daemon [_thread_in_native, id=6868, stack(0x0000000018e80000,0x0000000018f80000)]

Stack: [0x0000000018e80000,0x0000000018f80000]
[error occurred during error reporting (printing stack bounds), id 0xc0000005]

Native frames: (J=compiled Java code, j=interpreted, Vv=VM code, C=native code)


Current CompileTask:
C2:  25003 2947   !   4       com.sun.org.apache.xerces.internal.impl.XMLScanner::scanCharReferenceValue (779 bytes)


---------------  P R O C E S S  ---------------

Java Threads: ( => current thread )
  0x000000001a54d800 JavaThread "Cache worker for Artifact transforms cache (C:\Users\User\.gradle\caches\transforms-1)" [_thread_blocked, id=9052, stack(0x000000001fb40000,0x000000001fc40000)]
  0x000000001a54b000 JavaThread "File lock request listener" [_thread_in_native, id=8904, stack(0x000000001c0d0000,0x000000001c1d0000)]
  0x000000001a54c000 JavaThread "Cache worker for file hash cache (C:\Users\User\.gradle\caches\3.5\fileHashes)" [_thread_blocked, id=6628, stack(0x000000001bfd0000,0x000000001c0d0000)]
  0x000000001996f000 JavaThread "Stdin handler" [_thread_blocked, id=15912, stack(0x000000001bed0000,0x000000001bfd0000)]
  0x0000000019b03000 JavaThread "Asynchronous log dispatcher for DefaultDaemonConnection: socket connection from /127.0.0.1:52554 to /127.0.0.1:52555" [_thread_blocked, id=16824, stack(0x000000001bdd0000,0x000000001bed0000)]
  0x0000000019ae3800 JavaThread "Daemon worker" [_thread_in_vm, id=5772, stack(0x000000001bcd0000,0x000000001bdd0000)]
  0x0000000019b00000 JavaThread "Cancel handler" [_thread_blocked, id=17424, stack(0x000000001bbd0000,0x000000001bcd0000)]
  0x0000000019902000 JavaThread "Handler for socket connection from /127.0.0.1:52554 to /127.0.0.1:52555" [_thread_in_native, id=17388, stack(0x000000001b8d0000,0x000000001b9d0000)]
  0x00000000198eb000 JavaThread "Daemon" [_thread_blocked, id=14376, stack(0x000000001b7d0000,0x000000001b8d0000)]
  0x000000001924a800 JavaThread "Daemon periodic checks" [_thread_blocked, id=1168, stack(0x000000001b6d0000,0x000000001b7d0000)]
  0x0000000019ea4000 JavaThread "Incoming local TCP Connector on port 52554" [_thread_in_native, id=18932, stack(0x000000001b490000,0x000000001b590000)]
  0x000000001a4a4000 JavaThread "Daemon health stats" [_thread_blocked, id=9144, stack(0x000000001b190000,0x000000001b290000)]
  0x000000001776d000 JavaThread "Service Thread" daemon [_thread_blocked, id=4656, stack(0x0000000019480000,0x0000000019580000)]
  0x0000000017764800 JavaThread "C1 CompilerThread2" daemon [_thread_blocked, id=14544, stack(0x0000000018f80000,0x0000000019080000)]
=>0x0000000017714000 JavaThread "C2 CompilerThread1" daemon [_thread_in_native, id=6868, stack(0x0000000018e80000,0x0000000018f80000)]
  0x0000000017710000 JavaThread "C2 CompilerThread0" daemon [_thread_in_native, id=11032, stack(0x0000000018d80000,0x0000000018e80000)]
  0x000000001770d000 JavaThread "Attach Listener" daemon [_thread_blocked, id=18676, stack(0x0000000018c80000,0x0000000018d80000)]
  0x0000000002aee800 JavaThread "Signal Dispatcher" daemon [_thread_blocked, id=192, stack(0x0000000018b80000,0x0000000018c80000)]
  0x0000000002ae7800 JavaThread "Finalizer" daemon [_thread_blocked, id=2092, stack(0x0000000018980000,0x0000000018a80000)]
  0x0000000002ae2000 JavaThread "Reference Handler" daemon [_thread_blocked, id=19188, stack(0x0000000018880000,0x0000000018980000)]
  0x00000000029f2800 JavaThread "main" [_thread_blocked, id=18804, stack(0x00000000027f0000,0x00000000028f0000)]

Other Threads:
  0x00000000176d7000 VMThread [stack: 0x0000000018780000,0x0000000018880000] [id=12852]
  0x00000000190a5000 WatcherThread [stack: 0x0000000019580000,0x0000000019680000] [id=11848]

VM state:not at safepoint (normal execution)

VM Mutex/Monitor currently owned by a thread: None

Heap:
 PSYoungGen      total 68608K, used 46623K [0x00000000d5580000, 0x00000000da500000, 0x0000000100000000)
  eden space 57856K, 72% used [0x00000000d5580000,0x00000000d7e2ea60,0x00000000d8e00000)
  from space 10752K, 46% used [0x00000000d9880000,0x00000000d9d591a0,0x00000000da300000)
  to   space 10752K, 0% used [0x00000000d8e00000,0x00000000d8e00000,0x00000000d9880000)
 ParOldGen       total 56320K, used 9648K [0x0000000080000000, 0x0000000083700000, 0x00000000d5580000)
  object space 56320K, 17% used [0x0000000080000000,0x000000008096c1d8,0x0000000083700000)
 Metaspace       used 28882K, capacity 29400K, committed 29568K, reserved 1075200K
  class space    used 4017K, capacity 4162K, committed 4224K, reserved 1048576K

Card table byte_map: [0x0000000011eb0000,0x00000000122c0000] byte_map_base: 0x0000000011ab0000

Marking Bits: (ParMarkBitMap*) 0x000000005bf8b6d0
 Begin Bits: [0x0000000012970000, 0x0000000014970000)
 End Bits:   [0x0000000014970000, 0x0000000016970000)

Polling page: 0x00000000026c0000

CodeCache: size=245760Kb used=10868Kb max_used=10880Kb free=234891Kb
 bounds [0x0000000002af0000, 0x00000000035a0000, 0x0000000011af0000]
 total_blobs=3414 nmethods=2754 adapters=572
 compilation: enabled

Compilation events (10 events):
Event: 24.981 Thread 0x0000000017764800 2943       3       com.sun.org.apache.xerces.internal.impl.XMLDocumentFragmentScannerImpl::getFeatureDefault (36 bytes)
Event: 24.981 Thread 0x0000000017764800 nmethod 2943 0x0000000003596710 code [0x00000000035968a0, 0x0000000003596c08]
Event: 24.982 Thread 0x0000000017764800 2944       1       com.sun.org.apache.xerces.internal.impl.XMLEntityScanner::getCurrentEntity (5 bytes)
Event: 24.982 Thread 0x0000000017764800 nmethod 2944 0x0000000003596450 code [0x00000000035965a0, 0x00000000035966b0]
Event: 24.983 Thread 0x0000000017764800 2945       3       java.lang.ThreadLocal$ThreadLocalMap::getEntryAfterMiss (63 bytes)
Event: 24.983 Thread 0x0000000017710000 2946       4       java.util.HashMap::remove (26 bytes)
Event: 24.984 Thread 0x0000000017764800 nmethod 2945 0x0000000003595b50 code [0x0000000003595ce0, 0x0000000003596248]
Event: 24.986 Thread 0x0000000017714000 2947   !   4       com.sun.org.apache.xerces.internal.impl.XMLScanner::scanCharReferenceValue (779 bytes)
Event: 24.991 Thread 0x0000000017710000 nmethod 2946 0x000000000359aa10 code [0x000000000359ab80, 0x000000000359afa8]
Event: 24.992 Thread 0x0000000017710000 2948       4       com.sun.org.apache.xerces.internal.impl.dtd.XMLDTDValidator::handleStartElement (509 bytes)

GC Heap History (10 events):
Event: 14.263 GC heap before
{Heap before GC invocations=3 (full 0):
 PSYoungGen      total 38400K, used 38384K [0x00000000d5580000, 0x00000000d8000000, 0x0000000100000000)
  eden space 33280K, 100% used [0x00000000d5580000,0x00000000d7600000,0x00000000d7600000)
  from space 5120K, 99% used [0x00000000d7b00000,0x00000000d7ffc010,0x00000000d8000000)
  to   space 5120K, 0% used [0x00000000d7600000,0x00000000d7600000,0x00000000d7b00000)
 ParOldGen       total 87552K, used 768K [0x0000000080000000, 0x0000000085580000, 0x00000000d5580000)
  object space 87552K, 0% used [0x0000000080000000,0x00000000800c0188,0x0000000085580000)
 Metaspace       used 15783K, capacity 16068K, committed 16256K, reserved 1062912K
  class space    used 2264K, capacity 2346K, committed 2432K, reserved 1048576K
Event: 14.313 GC heap after
Heap after GC invocations=3 (full 0):
 PSYoungGen      total 38400K, used 5106K [0x00000000d5580000, 0x00000000d8000000, 0x0000000100000000)
  eden space 33280K, 0% used [0x00000000d5580000,0x00000000d5580000,0x00000000d7600000)
  from space 5120K, 99% used [0x00000000d7600000,0x00000000d7afc8c8,0x00000000d7b00000)
  to   space 5120K, 0% used [0x00000000d7b00000,0x00000000d7b00000,0x00000000d8000000)
 ParOldGen       total 87552K, used 3223K [0x0000000080000000, 0x0000000085580000, 0x00000000d5580000)
  object space 87552K, 3% used [0x0000000080000000,0x0000000080325f18,0x0000000085580000)
 Metaspace       used 15783K, capacity 16068K, committed 16256K, reserved 1062912K
  class space    used 2264K, capacity 2346K, committed 2432K, reserved 1048576K
}
Event: 16.207 GC heap before
{Heap before GC invocations=4 (full 0):
 PSYoungGen      total 38400K, used 32905K [0x00000000d5580000, 0x00000000d8000000, 0x0000000100000000)
  eden space 33280K, 83% used [0x00000000d5580000,0x00000000d70a5bb0,0x00000000d7600000)
  from space 5120K, 99% used [0x00000000d7600000,0x00000000d7afc8c8,0x00000000d7b00000)
  to   space 5120K, 0% used [0x00000000d7b00000,0x00000000d7b00000,0x00000000d8000000)
 ParOldGen       total 87552K, used 3223K [0x0000000080000000, 0x0000000085580000, 0x00000000d5580000)
  object space 87552K, 3% used [0x0000000080000000,0x0000000080325f18,0x0000000085580000)
 Metaspace       used 20792K, capacity 21098K, committed 21248K, reserved 1067008K
  class space    used 2825K, capacity 2956K, committed 3072K, reserved 1048576K
Event: 16.242 GC heap after
Heap after GC invocations=4 (full 0):
 PSYoungGen      total 38400K, used 5099K [0x00000000d5580000, 0x00000000da080000, 0x0000000100000000)
  eden space 33280K, 0% used [0x00000000d5580000,0x00000000d5580000,0x00000000d7600000)
  from space 5120K, 99% used [0x00000000d7b00000,0x00000000d7ffafc0,0x00000000d8000000)
  to   space 5120K, 0% used [0x00000000d7600000,0x00000000d7600000,0x00000000d7b00000)
 ParOldGen       total 87552K, used 7954K [0x0000000080000000, 0x0000000085580000, 0x00000000d5580000)
  object space 87552K, 9% used [0x0000000080000000,0x00000000807c4ab8,0x0000000085580000)
 Metaspace       used 20792K, capacity 21098K, committed 21248K, reserved 1067008K
  class space    used 2825K, capacity 2956K, committed 3072K, reserved 1048576K
}
Event: 16.242 GC heap before
{Heap before GC invocations=5 (full 1):
 PSYoungGen      total 38400K, used 5099K [0x00000000d5580000, 0x00000000da080000, 0x0000000100000000)
  eden space 33280K, 0% used [0x00000000d5580000,0x00000000d5580000,0x00000000d7600000)
  from space 5120K, 99% used [0x00000000d7b00000,0x00000000d7ffafc0,0x00000000d8000000)
  to   space 5120K, 0% used [0x00000000d7600000,0x00000000d7600000,0x00000000d7b00000)
 ParOldGen       total 87552K, used 7954K [0x0000000080000000, 0x0000000085580000, 0x00000000d5580000)
  object space 87552K, 9% used [0x0000000080000000,0x00000000807c4ab8,0x0000000085580000)
 Metaspace       used 20792K, capacity 21098K, committed 21248K, reserved 1067008K
  class space    used 2825K, capacity 2956K, committed 3072K, reserved 1048576K
Event: 16.299 GC heap after
Heap after GC invocations=5 (full 1):
 PSYoungGen      total 38400K, used 0K [0x00000000d5580000, 0x00000000da080000, 0x0000000100000000)
  eden space 33280K, 0% used [0x00000000d5580000,0x00000000d5580000,0x00000000d7600000)
  from space 5120K, 0% used [0x00000000d7b00000,0x00000000d7b00000,0x00000000d8000000)
  to   space 5120K, 0% used [0x00000000d7600000,0x00000000d7600000,0x00000000d7b00000)
 ParOldGen       total 56320K, used 9632K [0x0000000080000000, 0x0000000083700000, 0x00000000d5580000)
  object space 56320K, 17% used [0x0000000080000000,0x00000000809681d8,0x0000000083700000)
 Metaspace       used 20792K, capacity 21098K, committed 21248K, reserved 1067008K
  class space    used 2825K, capacity 2956K, committed 3072K, reserved 1048576K
}
Event: 18.020 GC heap before
{Heap before GC invocations=6 (full 1):
 PSYoungGen      total 38400K, used 33280K [0x00000000d5580000, 0x00000000da080000, 0x0000000100000000)
  eden space 33280K, 100% used [0x00000000d5580000,0x00000000d7600000,0x00000000d7600000)
  from space 5120K, 0% used [0x00000000d7b00000,0x00000000d7b00000,0x00000000d8000000)
  to   space 5120K, 0% used [0x00000000d7600000,0x00000000d7600000,0x00000000d7b00000)
 ParOldGen       total 56320K, used 9632K [0x0000000080000000, 0x0000000083700000, 0x00000000d5580000)
  object space 56320K, 17% used [0x0000000080000000,0x00000000809681d8,0x0000000083700000)
 Metaspace       used 23922K, capacity 24258K, committed 24448K, reserved 1071104K
  class space    used 3299K, capacity 3410K, committed 3456K, reserved 1048576K
Event: 18.028 GC heap after
Heap after GC invocations=6 (full 1):
 PSYoungGen      total 38400K, used 4397K [0x00000000d5580000, 0x00000000da300000, 0x0000000100000000)
  eden space 33280K, 0% used [0x00000000d5580000,0x00000000d5580000,0x00000000d7600000)
  from space 5120K, 85% used [0x00000000d7600000,0x00000000d7a4b648,0x00000000d7b00000)
  to   space 10752K, 0% used [0x00000000d9880000,0x00000000d9880000,0x00000000da300000)
 ParOldGen       total 56320K, used 9640K [0x0000000080000000, 0x0000000083700000, 0x00000000d5580000)
  object space 56320K, 17% used [0x0000000080000000,0x000000008096a1d8,0x0000000083700000)
 Metaspace       used 23922K, capacity 24258K, committed 24448K, reserved 1071104K
  class space    used 3299K, capacity 3410K, committed 3456K, reserved 1048576K
}
Event: 19.902 GC heap before
{Heap before GC invocations=7 (full 1):
 PSYoungGen      total 38400K, used 37677K [0x00000000d5580000, 0x00000000da300000, 0x0000000100000000)
  eden space 33280K, 100% used [0x00000000d5580000,0x00000000d7600000,0x00000000d7600000)
  from space 5120K, 85% used [0x00000000d7600000,0x00000000d7a4b648,0x00000000d7b00000)
  to   space 10752K, 0% used [0x00000000d9880000,0x00000000d9880000,0x00000000da300000)
 ParOldGen       total 56320K, used 9640K [0x0000000080000000, 0x0000000083700000, 0x00000000d5580000)
  object space 56320K, 17% used [0x0000000080000000,0x000000008096a1d8,0x0000000083700000)
 Metaspace       used 25737K, capacity 26158K, committed 26368K, reserved 1071104K
  class space    used 3628K, capacity 3741K, committed 3840K, reserved 1048576K
Event: 19.942 GC heap after
Heap after GC invocations=7 (full 1):
 PSYoungGen      total 68608K, used 4964K [0x00000000d5580000, 0x00000000da500000, 0x0000000100000000)
  eden space 57856K, 0% used [0x00000000d5580000,0x00000000d5580000,0x00000000d8e00000)
  from space 10752K, 46% used [0x00000000d9880000,0x00000000d9d591a0,0x00000000da300000)
  to   space 10752K, 0% used [0x00000000d8e00000,0x00000000d8e00000,0x00000000d9880000)
 ParOldGen       total 56320K, used 9648K [0x0000000080000000, 0x0000000083700000, 0x00000000d5580000)
  object space 56320K, 17% used [0x0000000080000000,0x000000008096c1d8,0x0000000083700000)
 Metaspace       used 25737K, capacity 26158K, committed 26368K, reserved 1071104K
  class space    used 3628K, capacity 3741K, committed 3840K, reserved 1048576K
}

Deoptimization events (10 events):
Event: 17.957 Thread 0x0000000019ae3800 Uncommon trap: reason=class_check action=maybe_recompile pc=0x0000000002cb0390 method=sun.misc.URLClassPath.getLoader(I)Lsun/misc/URLClassPath$Loader; @ 239
Event: 18.296 Thread 0x0000000019ae3800 Uncommon trap: reason=unstable_if action=reinterpret pc=0x0000000002d51f4c method=java.io.WinNTFileSystem.resolve(Ljava/lang/String;Ljava/lang/String;)Ljava/lang/String; @ 49
Event: 19.752 Thread 0x0000000019ae3800 Uncommon trap: reason=unstable_if action=reinterpret pc=0x00000000031fd87c method=java.net.URLClassLoader.isSealed(Ljava/lang/String;Ljava/util/jar/Manifest;)Z @ 26
Event: 19.752 Thread 0x0000000019ae3800 Uncommon trap: reason=unstable_if action=reinterpret pc=0x000000000327e638 method=java.net.URLClassLoader.isSealed(Ljava/lang/String;Ljava/util/jar/Manifest;)Z @ 26
Event: 22.304 Thread 0x0000000019ae3800 Uncommon trap: reason=unstable_if action=reinterpret pc=0x00000000030535ec method=java.lang.AbstractStringBuilder.append(Ljava/lang/String;)Ljava/lang/AbstractStringBuilder; @ 1
Event: 24.114 Thread 0x0000000019ae3800 Uncommon trap: reason=unstable_if action=reinterpret pc=0x0000000003476ab0 method=com.sun.org.apache.xerces.internal.impl.io.UTF8Reader.read([CII)I @ 131
Event: 24.138 Thread 0x0000000019ae3800 Uncommon trap: reason=unstable_if action=reinterpret pc=0x000000000341c8dc method=com.sun.org.apache.xerces.internal.impl.XMLEntityScanner.scanContent(Lcom/sun/org/apache/xerces/internal/xni/XMLString;)I @ 526
Event: 24.139 Thread 0x0000000019ae3800 Uncommon trap: reason=unstable_if action=reinterpret pc=0x000000000347d2f4 method=com.sun.org.apache.xerces.internal.impl.XMLDocumentFragmentScannerImpl$FragmentContentDriver.next()I @ 1171
Event: 24.625 Thread 0x0000000019ae3800 Uncommon trap: reason=unstable_if action=reinterpret pc=0x000000000333b730 method=java.util.concurrent.ConcurrentHashMap.get(Ljava/lang/Object;)Ljava/lang/Object; @ 76
Event: 24.625 Thread 0x0000000019ae3800 Uncommon trap: reason=class_check action=maybe_recompile pc=0x0000000002c86aa8 method=java.util.concurrent.ConcurrentHashMap.putVal(Ljava/lang/Object;Ljava/lang/Object;Z)Ljava/lang/Object; @ 192

Internal exceptions (10 events):
Event: 19.731 Thread 0x0000000019ae3800 Exception <a 'java/lang/ClassNotFoundException': org/gradle/api/internal/project/DefaultProject_DecoratedBeanInfo> (0x00000000d721da70) thrown at [C:\re\workspace\8-2-build-windows-amd64-cygwin\jdk8u121\8372\hotspot\src\share\vm\classfile\systemDictionary
Event: 19.732 Thread 0x0000000019ae3800 Exception <a 'java/lang/ClassNotFoundException': org/gradle/api/internal/project/DefaultProjectBeanInfo> (0x00000000d72416d8) thrown at [C:\re\workspace\8-2-build-windows-amd64-cygwin\jdk8u121\8372\hotspot\src\share\vm\classfile\systemDictionary.cpp, line
Event: 19.733 Thread 0x0000000019ae3800 Exception <a 'java/lang/ClassNotFoundException': org/gradle/api/internal/project/DefaultProjectCustomizer> (0x00000000d7266380) thrown at [C:\re\workspace\8-2-build-windows-amd64-cygwin\jdk8u121\8372\hotspot\src\share\vm\classfile\systemDictionary.cpp, li
Event: 19.745 Thread 0x0000000019ae3800 Exception <a 'java/lang/ClassNotFoundException': org/gradle/api/internal/project/DefaultProject_DecoratedCustomizer> (0x00000000d733ebe8) thrown at [C:\re\workspace\8-2-build-windows-amd64-cygwin\jdk8u121\8372\hotspot\src\share\vm\classfile\systemDictiona
Event: 19.804 Thread 0x0000000019ae3800 Exception <a 'java/lang/ClassNotFoundException': org/codehaus/groovy/runtime/GStringImplBeanInfo> (0x00000000d740c7e8) thrown at [C:\re\workspace\8-2-build-windows-amd64-cygwin\jdk8u121\8372\hotspot\src\share\vm\classfile\systemDictionary.cpp, line 210]
Event: 19.808 Thread 0x0000000019ae3800 Exception <a 'java/lang/ClassNotFoundException': org/codehaus/groovy/runtime/GStringImplCustomizer> (0x00000000d742cd60) thrown at [C:\re\workspace\8-2-build-windows-amd64-cygwin\jdk8u121\8372\hotspot\src\share\vm\classfile\systemDictionary.cpp, line 210]
Event: 19.840 Thread 0x0000000019ae3800 Exception <a 'java/lang/ClassNotFoundException': java/lang/StringBeanInfo> (0x00000000d74a4fd8) thrown at [C:\re\workspace\8-2-build-windows-amd64-cygwin\jdk8u121\8372\hotspot\src\share\vm\classfile\systemDictionary.cpp, line 210]
Event: 19.841 Thread 0x0000000019ae3800 Exception <a 'java/lang/ClassNotFoundException': java/lang/StringCustomizer> (0x00000000d74a7e88) thrown at [C:\re\workspace\8-2-build-windows-amd64-cygwin\jdk8u121\8372\hotspot\src\share\vm\classfile\systemDictionary.cpp, line 210]
Event: 22.304 Thread 0x0000000019ae3800 Implicit null exception at 0x00000000030530a1 to 0x00000000030535d5
Event: 22.503 Thread 0x0000000019ae3800 Exception <a 'java/lang/NoSuchMethodError': <clinit>> (0x00000000d6af20f0) thrown at [C:\re\workspace\8-2-build-windows-amd64-cygwin\jdk8u121\8372\hotspot\src\share\vm\prims\jni.cpp, line 1613]

Events (10 events):
Event: 24.625 Thread 0x0000000019ae3800 Uncommon trap: trap_request=0xffffff65 fr.pc=0x000000000333b730
Event: 24.625 Thread 0x0000000019ae3800 DEOPT PACKING pc=0x000000000333b730 sp=0x000000001bdcc3a0
Event: 24.625 Thread 0x0000000019ae3800 DEOPT UNPACKING pc=0x0000000002b3582a sp=0x000000001bdcc320 mode 2
Event: 24.625 Thread 0x0000000019ae3800 Uncommon trap: trap_request=0xffffffde fr.pc=0x0000000002c86aa8
Event: 24.625 Thread 0x0000000019ae3800 DEOPT PACKING pc=0x0000000002c86aa8 sp=0x000000001bdcc2e0
Event: 24.625 Thread 0x0000000019ae3800 DEOPT UNPACKING pc=0x0000000002b3582a sp=0x000000001bdcc278 mode 2
Event: 24.626 loading class org/gradle/api/internal/artifacts/ivyservice/resolveengine/excludes/ModuleExclusions$MergeOperation
Event: 24.626 loading class org/gradle/api/internal/artifacts/ivyservice/resolveengine/excludes/ModuleExclusions$MergeOperation done
Event: 24.628 loading class org/gradle/api/internal/artifacts/ivyservice/resolveengine/excludes/ModuleExclusions$MergeSet
Event: 24.628 loading class org/gradle/api/internal/artifacts/ivyservice/resolveengine/excludes/ModuleExclusions$MergeSet done


Dynamic libraries:
0x00007ff6796e0000 - 0x00007ff679717000 	C:\Program Files\Java\jdk1.8.0_121\bin\java.exe
0x00007ffa6fed0000 - 0x00007ffa700c8000 	C:\WINDOWS\SYSTEM32\ntdll.dll
0x00007ffa6f0e0000 - 0x00007ffa6f19d000 	C:\WINDOWS\System32\KERNEL32.DLL
0x00007ffa6db50000 - 0x00007ffa6de1e000 	C:\WINDOWS\System32\KERNELBASE.dll
0x00007ffa6e7d0000 - 0x00007ffa6e87e000 	C:\WINDOWS\System32\ADVAPI32.dll
0x00007ffa6eeb0000 - 0x00007ffa6ef4e000 	C:\WINDOWS\System32\msvcrt.dll
0x00007ffa6e000000 - 0x00007ffa6e09c000 	C:\WINDOWS\System32\sechost.dll
0x00007ffa6e880000 - 0x00007ffa6e9a5000 	C:\WINDOWS\System32\RPCRT4.dll
0x00007ffa6ed10000 - 0x00007ffa6eeb0000 	C:\WINDOWS\System32\USER32.dll
0x00007ffa6d5f0000 - 0x00007ffa6d612000 	C:\WINDOWS\System32\win32u.dll
0x00007ffa6f2c0000 - 0x00007ffa6f2ea000 	C:\WINDOWS\System32\GDI32.dll
0x00007ffa6de20000 - 0x00007ffa6df2b000 	C:\WINDOWS\System32\gdi32full.dll
0x00007ffa6d760000 - 0x00007ffa6d7fd000 	C:\WINDOWS\System32\msvcp_win.dll
0x00007ffa6d800000 - 0x00007ffa6d900000 	C:\WINDOWS\System32\ucrtbase.dll
0x00007ffa5cf50000 - 0x00007ffa5d1ea000 	C:\WINDOWS\WinSxS\amd64_microsoft.windows.common-controls_6595b64144ccf1df_6.0.19041.1110_none_60b5254171f9507e\COMCTL32.dll
0x00007ffa6f1a0000 - 0x00007ffa6f1d0000 	C:\WINDOWS\System32\IMM32.DLL
0x000000005c010000 - 0x000000005c0e2000 	C:\Program Files\Java\jdk1.8.0_121\jre\bin\msvcr100.dll
0x000000005b770000 - 0x000000005c00b000 	C:\Program Files\Java\jdk1.8.0_121\jre\bin\server\jvm.dll
0x00007ffa6f580000 - 0x00007ffa6f588000 	C:\WINDOWS\System32\PSAPI.DLL
0x00007ffa5b570000 - 0x00007ffa5b579000 	C:\WINDOWS\SYSTEM32\WSOCK32.dll
0x00007ffa6f350000 - 0x00007ffa6f3bb000 	C:\WINDOWS\System32\WS2_32.dll
0x00007ffa5d240000 - 0x00007ffa5d267000 	C:\WINDOWS\SYSTEM32\WINMM.dll
0x00007ffa5e1a0000 - 0x00007ffa5e1aa000 	C:\WINDOWS\SYSTEM32\VERSION.dll
0x000000005b760000 - 0x000000005b76f000 	C:\Program Files\Java\jdk1.8.0_121\jre\bin\verify.dll
0x000000005b730000 - 0x000000005b759000 	C:\Program Files\Java\jdk1.8.0_121\jre\bin\java.dll
0x000000005b710000 - 0x000000005b726000 	C:\Program Files\Java\jdk1.8.0_121\jre\bin\zip.dll
0x00007ffa6f6c0000 - 0x00007ffa6fe04000 	C:\WINDOWS\System32\SHELL32.dll
0x00007ffa6b2e0000 - 0x00007ffa6ba74000 	C:\WINDOWS\SYSTEM32\windows.storage.dll
0x00007ffa6e9b0000 - 0x00007ffa6ed04000 	C:\WINDOWS\System32\combase.dll
0x00007ffa6cea0000 - 0x00007ffa6ced0000 	C:\WINDOWS\SYSTEM32\Wldp.dll
0x00007ffa6e6c0000 - 0x00007ffa6e76d000 	C:\WINDOWS\System32\SHCORE.dll
0x00007ffa6e770000 - 0x00007ffa6e7c5000 	C:\WINDOWS\System32\shlwapi.dll
0x00007ffa6d530000 - 0x00007ffa6d54f000 	C:\WINDOWS\SYSTEM32\profapi.dll
0x000000005b6f0000 - 0x000000005b70a000 	C:\Program Files\Java\jdk1.8.0_121\jre\bin\net.dll
0x00007ffa6cc80000 - 0x00007ffa6ccea000 	C:\WINDOWS\system32\mswsock.dll
0x000000005b6d0000 - 0x000000005b6e1000 	C:\Program Files\Java\jdk1.8.0_121\jre\bin\nio.dll
0x00007ffa3b9d0000 - 0x00007ffa3b9ee000 	C:\Users\User\.gradle\native\25\windows-amd64\native-platform.dll
0x00007ffa6cee0000 - 0x00007ffa6cef8000 	C:\WINDOWS\SYSTEM32\CRYPTSP.dll
0x00007ffa6c620000 - 0x00007ffa6c654000 	C:\WINDOWS\system32\rsaenh.dll
0x00007ffa6dab0000 - 0x00007ffa6dad7000 	C:\WINDOWS\System32\bcrypt.dll
0x00007ffa6d4b0000 - 0x00007ffa6d4de000 	C:\WINDOWS\SYSTEM32\USERENV.dll
0x00007ffa6d620000 - 0x00007ffa6d6a2000 	C:\WINDOWS\System32\bcryptprimitives.dll
0x00007ffa6ce10000 - 0x00007ffa6ce1c000 	C:\WINDOWS\SYSTEM32\CRYPTBASE.dll
0x00007ffa6c990000 - 0x00007ffa6c9cb000 	C:\WINDOWS\SYSTEM32\IPHLPAPI.DLL
0x00007ffa6f2b0000 - 0x00007ffa6f2b8000 	C:\WINDOWS\System32\NSI.dll
0x00007ffa61c90000 - 0x00007ffa61ca7000 	C:\WINDOWS\SYSTEM32\dhcpcsvc6.DLL
0x00007ffa62fc0000 - 0x00007ffa62fdd000 	C:\WINDOWS\SYSTEM32\dhcpcsvc.DLL
0x00007ffa6c9d0000 - 0x00007ffa6ca9b000 	C:\WINDOWS\SYSTEM32\DNSAPI.dll
0x000000005b6c0000 - 0x000000005b6cd000 	C:\Program Files\Java\jdk1.8.0_121\jre\bin\management.dll

VM Arguments:
jvm_args: -XX:MaxPermSize=512m -XX:+HeapDumpOnOutOfMemoryError -Xmx2048m -Dfile.encoding=UTF-8 -Duser.country=IN -Duser.language=en -Duser.variant 
java_command: org.gradle.launcher.daemon.bootstrap.GradleDaemon 3.5
java_class_path (initial): C:\Users\User\.gradle\wrapper\dists\gradle-3.5-all\exhrs6ca08n232b14ue48lbye\gradle-3.5\lib\gradle-launcher-3.5.jar
Launcher Type: SUN_STANDARD

Environment Variables:
JAVA_HOME=C:\Program Files\Java\jdk1.8.0_121
PATH=C:\Program Files\Common Files\Oracle\Java\javapath;C:\Python39\Scripts\;C:\Python39\;C:\WINDOWS\system32;C:\WINDOWS;C:\WINDOWS\System32\Wbem;C:\WINDOWS\System32\WindowsPowerShell\v1.0\;C:\WINDOWS\System32\OpenSSH\;C:\Program Files\Git\cmd;C:\Program Files\nodejs\;C:\ProgramData\chocolatey\bin;C:\Program Files\Java\jdk1.8.0_121\bin;C:\hadoop\bin;C:\hadoop\sbin;C:\grails-3.3.6\bin;C:\Program Files\PostgreSQL\14\bin;C:\Program Files\PuTTY\;C:\Program Files\Docker\Docker\resources\bin;C:\ProgramData\DockerDesktop\version-bin;C:\Users\User\AppData\Local\Microsoft\WindowsApps;C:\Users\User\AppData\Roaming\npm;C:\Users\User\AppData\Local\Programs\Microsoft VS Code\bin;C:\Program Files\JetBrains\IntelliJ IDEA 2020.2.4\bin;;
USERNAME=Capulus
OS=Windows_NT
PROCESSOR_IDENTIFIER=Intel64 Family 6 Model 61 Stepping 4, GenuineIntel



---------------  S Y S T E M  ---------------

OS: Windows 10.0 , 64 bit Build 19041 (10.0.19041.1806)

CPU:total 4 (2 cores per cpu, 2 threads per core) family 6 model 61 stepping 4, cmov, cx8, fxsr, mmx, sse, sse2, sse3, ssse3, sse4.1, sse4.2, popcnt, avx, avx2, aes, clmul, erms, rtm, 3dnowpref, lzcnt, ht, tsc, tscinvbit, bmi1, bmi2, adx

Memory: 4k page, physical 8277520k(483996k free), swap 26593948k(4504k free)

vm_info: Java HotSpot(TM) 64-Bit Server VM (25.121-b13) for windows-amd64 JRE (1.8.0_121-b13), built on Dec 12 2016 18:21:36 by "java_re" with MS VC++ 10.0 (VS2010)

time: Tue Jul 26 10:17:00 2022
elapsed time: 25 seconds (0d 0h 0m 25s)

