JvmtiExport can_access_local_variables 0
JvmtiExport can_hotswap_or_post_breakpoint 0
JvmtiExport can_post_on_exceptions 0
# 228 ciObject found
ciMethod java/lang/Object <init> ()V 4097 1 2427135 0 0
ciMethod java/lang/Object getClass ()Ljava/lang/Class; 2049 1 256 0 -1
ciMethod java/lang/String <init> ([CII)V 2129 1 5386 0 -1
ciMethod java/lang/String length ()I 4097 1 679092 0 0
ciMethod java/lang/String charAt (I)C 4097 1 1146046 0 128
ciMethod java/lang/System arraycopy (Ljava/lang/Object;ILjava/lang/Object;II)V 5121 1 640 0 -1
ciMethod java/io/ByteArrayInputStream read ()I 2057 1 1648 0 0
ciMethod java/io/InputStream read ()I 0 0 1 0 -1
ciMethod java/io/InputStream read ([BII)I 9 1857 1 0 -1
ciMethod java/io/File <init> (Ljava/lang/String;)V 2081 1 5437 0 544
ciMethod java/lang/Number <init> ()V 3105 1 22239 0 32
ciMethod java/lang/Integer valueOf (I)Ljava/lang/Integer; 2089 1 25679 0 192
ciMethod java/lang/Integer <init> (I)V 3073 1 8155 0 0
ciMethod java/lang/Long valueOf (J)Ljava/lang/Long; 3225 1 5536 0 192
ciMethod java/lang/Long <init> (J)V 2129 1 3751 0 0
ciMethod java/util/List add (Ljava/lang/Object;)Z 0 0 1 0 -1
ciMethod java/util/AbstractList <init> ()V 2049 1 144732 0 32
ciMethod java/util/AbstractCollection <init> ()V 457 1 365630 0 0
ciMethod java/util/ArrayList <init> (I)V 2097 1 5390 0 320
ciMethod java/util/ArrayList ensureCapacityInternal (I)V 713 1 95034 0 576
ciMethod java/util/ArrayList ensureExplicitCapacity (I)V 713 1 91380 0 544
ciMethod java/util/ArrayList grow (I)V 129 1 5136 0 544
ciMethod java/util/ArrayList hugeCapacity (I)I 0 0 1 0 -1
ciMethod java/util/ArrayList add (Ljava/lang/Object;)Z 713 1 81572 0 736
ciMethod java/lang/Math max (II)I 513 1 99513 0 -1
ciMethod java/io/BufferedInputStream getInIfOpen ()Ljava/io/InputStream; 129 1 6295 0 -1
ciMethod java/io/BufferedInputStream getBufIfOpen ()[B 2233 1 27156 0 64
ciMethod java/io/BufferedInputStream fill ()V 9 1 5121 0 960
ciMethod java/io/BufferedInputStream read ()I 2089 1 5513 0 992
ciMethod java/util/concurrent/atomic/AtomicReferenceFieldUpdater compareAndSet (Ljava/lang/Object;Ljava/lang/Object;Ljava/lang/Object;)Z 0 0 1 0 -1
ciMethod java/util/Arrays copyOf ([Ljava/lang/Object;I)[Ljava/lang/Object; 2057 1 12681 0 0
ciMethod java/util/Arrays copyOf ([Ljava/lang/Object;ILjava/lang/Class;)[Ljava/lang/Object; 2057 1 5389 0 -1
ciMethod java/io/WinNTFileSystem isLetter (C)Z 2049 1 8604 0 96
ciMethod java/io/WinNTFileSystem normalize (Ljava/lang/String;)Ljava/lang/String; 1025 24777 1882 0 28256
ciMethod java/io/WinNTFileSystem normalize (Ljava/lang/String;II)Ljava/lang/String; 297 23089 3139 0 -1
ciMethod java/io/WinNTFileSystem prefixLength (Ljava/lang/String;)I 2073 1 5540 0 448
ciMethod java/io/FileSystem normalize (Ljava/lang/String;)Ljava/lang/String; 0 0 1 0 -1
ciMethod java/io/FileSystem prefixLength (Ljava/lang/String;)I 0 0 1 0 -1
ciMethodData java/lang/Object <init> ()V 2 2427155 orig 264 72 50 213 91 0 0 0 0 128 4 195 22 0 0 0 0 32 1 0 0 0 0 0 0 0 0 0 0 0 0 0 0 0 0 0 0 0 0 0 0 0 0 0 0 0 0 0 0 0 0 0 0 0 0 0 0 0 0 0 0 0 0 0 0 0 0 0 0 0 0 0 0 0 0 0 0 0 0 0 0 77 68 79 32 101 120 116 114 97 32 100 97 116 97 32 108 111 99 107 0 0 0 0 0 0 0 0 0 0 0 0 0 0 0 0 0 0 0 0 0 0 0 0 0 0 0 0 0 0 0 0 0 0 0 0 0 0 0 0 0 0 0 0 0 0 0 0 0 0 0 0 0 0 0 0 0 0 0 0 0 0 0 0 0 0 0 0 0 0 0 0 0 0 0 0 0 0 0 0 0 0 0 0 0 1 0 0 0 0 0 0 0 1 0 0 0 0 0 0 0 1 0 0 0 0 0 0 0 0 0 0 0 0 0 0 0 0 2 0 0 153 56 40 1 1 0 0 0 0 0 0 0 0 0 0 0 2 0 0 0 0 0 3 0 1 0 0 0 0 0 0 0 255 255 255 255 0 0 0 0 0 0 0 0 data 0 oops 0
ciMethodData java/lang/String charAt (I)C 2 1146157 orig 264 72 50 213 91 0 0 0 0 104 61 195 22 0 0 0 0 120 1 0 0 32 0 0 0 0 0 0 0 0 0 0 0 0 0 0 0 0 0 0 0 0 0 0 0 0 0 0 0 0 0 0 0 0 0 0 0 0 0 0 0 0 0 0 0 0 0 0 0 0 0 0 0 0 0 0 0 0 0 0 0 77 68 79 32 101 120 116 114 97 32 100 97 116 97 32 108 111 99 107 0 0 0 0 0 0 0 0 0 0 0 0 0 0 0 0 0 0 0 0 0 0 0 0 0 0 0 0 0 0 0 0 0 0 0 0 0 0 0 0 0 0 0 0 0 0 0 0 0 0 0 0 0 0 0 0 0 0 0 0 0 0 0 0 1 0 0 0 0 0 0 0 0 0 0 0 0 0 0 0 0 0 0 0 0 25 0 0 0 0 0 0 0 0 0 0 0 0 0 0 0 1 0 0 0 0 0 0 0 0 0 0 0 0 0 0 0 0 2 0 0 105 217 139 0 1 0 0 0 0 0 0 0 0 0 0 0 2 0 0 0 0 0 8 0 2 0 0 0 80 0 0 0 255 255 255 255 7 0 1 0 0 0 0 0 data 10 0x10007 0x0 0x40 0x117b2d 0xa0007 0x117b2d 0x30 0x0 0x120002 0x0 oops 0
ciMethodData java/lang/String length ()I 2 679100 orig 264 72 50 213 91 0 0 0 0 24 60 195 22 0 0 0 0 32 1 0 0 0 0 0 0 0 0 0 0 0 0 0 0 0 0 0 0 0 0 0 0 0 0 0 0 0 0 0 0 0 0 0 0 0 0 0 0 0 0 0 0 0 0 0 0 0 0 0 0 0 0 0 0 0 0 0 0 0 0 0 0 77 68 79 32 101 120 116 114 97 32 100 97 116 97 32 108 111 99 107 0 0 0 0 0 0 0 0 0 0 0 0 0 0 0 0 0 0 0 0 0 0 0 0 0 0 0 0 0 0 0 0 0 0 0 0 0 0 0 0 0 0 0 0 0 0 0 0 0 0 0 0 0 0 0 0 0 0 0 0 0 0 0 0 0 0 0 0 0 0 0 0 0 0 0 0 0 0 0 0 0 0 0 0 0 1 0 0 0 0 0 0 0 0 0 0 0 0 0 0 0 1 0 0 0 0 0 0 0 0 0 0 0 0 0 0 0 0 2 0 0 225 213 82 0 1 0 0 0 0 0 0 0 0 0 0 0 2 0 0 0 0 0 3 0 1 0 0 0 0 0 0 0 255 255 255 255 0 0 0 0 0 0 0 0 data 0 oops 0
ciMethodData java/util/ArrayList add (Ljava/lang/Object;)Z 2 81572 orig 264 72 50 213 91 0 0 0 0 208 240 207 22 0 0 0 0 144 1 0 0 0 0 0 0 0 0 0 0 0 0 0 0 0 0 0 0 0 0 0 0 0 0 0 0 0 0 0 0 0 0 0 0 0 0 0 0 0 0 0 0 0 0 0 0 0 0 0 0 0 0 0 0 0 0 0 0 0 0 0 0 77 68 79 32 101 120 116 114 97 32 100 97 116 97 32 108 111 99 107 0 0 0 0 0 0 0 0 0 0 0 0 0 0 0 0 0 0 0 0 0 0 0 0 0 0 0 0 0 0 0 0 0 0 0 0 0 0 0 0 0 0 0 0 0 0 0 0 0 0 0 0 0 0 0 0 0 0 0 0 0 0 0 0 0 0 0 0 0 0 0 0 0 0 0 0 0 0 0 0 0 0 0 0 0 17 0 0 0 0 0 0 0 0 0 0 0 0 0 0 0 1 0 0 0 0 0 0 0 0 0 0 0 0 0 0 0 89 0 0 0 89 242 9 0 1 0 0 0 0 0 0 0 0 0 0 0 2 0 0 0 0 0 15 0 2 0 0 0 64 0 0 0 255 255 255 255 2 0 7 0 0 0 0 0 data 8 0x70002 0x13e4b 0x1a0104 0x0 0x175c2030 0xc0 0x175c2150 0x1c7 oops 2 4 java/io/File 6 java/net/URL
ciMethodData java/util/ArrayList ensureCapacityInternal (I)V 2 95034 orig 264 72 50 213 91 0 0 0 0 72 230 207 22 0 0 0 0 144 1 0 0 32 0 0 0 0 0 0 0 0 0 0 0 0 0 0 0 0 0 0 0 0 0 0 0 0 0 0 0 0 0 0 0 0 0 0 0 0 0 0 0 0 0 0 0 0 0 0 0 0 0 0 0 0 0 0 0 0 0 0 0 77 68 79 32 101 120 116 114 97 32 100 97 116 97 32 108 111 99 107 0 0 0 0 0 0 0 0 0 0 0 0 0 0 0 0 0 0 0 0 0 0 0 0 0 0 0 0 0 0 0 0 0 0 0 0 0 0 0 0 0 0 0 0 0 0 0 0 0 0 0 0 0 0 0 0 0 0 0 0 0 0 0 0 0 0 0 0 0 0 0 0 0 0 0 0 0 0 0 0 0 0 0 0 0 17 0 0 0 0 0 0 0 0 0 0 0 0 0 0 0 1 0 0 0 0 0 0 0 0 0 0 0 0 0 0 0 89 0 0 0 9 151 11 0 1 0 0 0 0 0 0 0 0 0 0 0 2 0 0 0 0 0 14 0 2 0 0 0 64 0 0 0 255 255 255 255 7 0 7 0 0 0 0 0 data 8 0x70007 0x1375b 0x30 0x3b86 0xd0002 0x3b86 0x130002 0x172e1 oops 0
ciMethodData java/util/ArrayList ensureExplicitCapacity (I)V 2 91380 orig 264 72 50 213 91 0 0 0 0 248 230 207 22 0 0 0 0 88 1 0 0 0 0 0 0 0 0 0 0 0 0 0 0 0 0 0 0 0 0 0 0 0 0 0 0 0 0 0 0 0 0 0 0 0 0 0 0 0 0 0 0 0 0 0 0 0 0 0 0 0 0 0 0 0 0 0 0 0 0 0 0 77 68 79 32 101 120 116 114 97 32 100 97 116 97 32 108 111 99 107 0 0 0 0 0 0 0 0 0 0 0 0 0 0 0 0 0 0 0 0 0 0 0 0 0 0 0 0 0 0 0 0 0 0 0 0 0 0 0 0 0 0 0 0 0 0 0 0 0 0 0 0 0 0 0 0 0 0 0 0 0 0 0 0 0 0 0 0 0 0 0 0 0 0 0 0 0 0 0 0 0 0 0 0 0 17 0 0 0 0 0 0 0 0 0 0 0 0 0 0 0 1 0 0 0 0 0 0 0 0 0 0 0 0 0 0 0 89 0 0 0 217 36 11 0 1 0 0 0 0 0 0 0 0 0 0 0 2 0 0 0 0 0 0 0 0 0 0 0 48 0 0 0 255 255 255 255 7 0 17 0 0 0 0 0 data 6 0x110007 0x12a25 0x30 0x3a76 0x160002 0x3a76 oops 0
ciMethodData java/util/ArrayList grow (I)V 2 5136 orig 264 72 50 213 91 0 0 0 0 192 231 207 22 0 0 0 0 176 1 0 0 64 0 0 0 0 0 0 0 0 0 0 0 0 0 0 0 0 0 0 0 0 0 0 0 0 0 0 0 0 0 0 0 0 0 0 0 0 0 0 0 0 0 0 0 0 0 0 0 0 0 0 0 0 0 0 0 0 0 0 0 77 68 79 32 101 120 116 114 97 32 100 97 116 97 32 108 111 99 107 0 0 0 0 0 0 0 0 0 0 0 0 0 0 0 0 0 0 0 0 0 0 0 0 0 0 0 0 0 0 0 0 0 0 0 0 0 0 0 0 0 0 0 0 0 0 0 0 0 0 0 0 0 0 0 0 0 0 0 0 0 0 0 0 0 0 0 0 0 0 0 0 0 0 0 0 0 0 0 0 0 0 0 0 0 17 0 0 0 0 0 0 0 0 0 0 0 0 0 0 0 1 0 0 0 0 0 0 0 0 0 0 0 0 0 0 0 16 0 0 0 1 160 0 0 1 0 0 0 0 0 0 0 0 0 0 0 2 0 0 0 0 0 15 0 2 0 0 0 96 0 0 0 255 255 255 255 7 0 15 0 0 0 0 0 data 12 0xf0007 0x3c7 0x20 0x1039 0x180007 0x1400 0x30 0x0 0x1c0002 0x0 0x260002 0x1400 oops 0
ciMethodData java/util/AbstractCollection <init> ()V 2 365630 orig 264 72 50 213 91 0 0 0 0 48 97 207 22 0 0 0 0 48 1 0 0 0 0 0 0 0 0 0 0 0 0 0 0 0 0 0 0 0 0 0 0 0 0 0 0 0 0 0 0 0 0 0 0 0 0 0 0 0 0 0 0 0 0 0 0 0 0 0 0 0 0 0 0 0 0 0 0 0 0 0 0 77 68 79 32 101 120 116 114 97 32 100 97 116 97 32 108 111 99 107 0 0 0 0 0 0 0 0 0 0 0 0 0 0 0 0 0 0 0 0 0 0 0 0 0 0 0 0 0 0 0 0 0 0 0 0 0 0 0 0 0 0 0 0 0 0 0 0 0 0 0 0 0 0 0 0 0 0 0 0 0 0 0 0 0 0 0 0 0 0 0 0 0 0 0 0 0 0 0 0 0 0 0 0 0 1 0 0 0 0 0 0 0 0 0 0 0 0 0 0 0 1 0 0 0 0 0 0 0 0 0 0 0 0 0 0 0 57 0 0 0 41 160 44 0 1 0 0 0 0 0 0 0 0 0 0 0 2 0 0 0 0 0 3 0 2 0 0 0 16 0 0 0 255 255 255 255 2 0 1 0 0 0 0 0 data 2 0x10002 0x59405 oops 0
ciMethod java/io/DataInput readFully ([BII)V 0 0 1 0 -1
ciMethod java/io/DataInput readUnsignedShort ()I 0 0 1 0 -1
ciMethod java/io/DataInputStream readFully ([BII)V 1489 1489 5306 0 192
ciMethod java/io/DataInputStream readBoolean ()Z 2297 1 5408 0 0
ciMethod java/io/DataInputStream readInt ()I 2049 1 5376 0 4480
ciMethod java/io/DataInputStream readLong ()J 3001 1 5669 0 320
ciMethod java/io/DataInputStream readUTF ()Ljava/lang/String; 4097 1 9212 0 0
ciMethod java/io/DataInputStream readUTF (Ljava/io/DataInput;)Ljava/lang/String; 1497 25185 1104 0 -1
ciMethodData java/io/BufferedInputStream getBufIfOpen ()[B 2 27156 orig 264 72 50 213 91 0 0 0 0 120 100 211 22 0 0 0 0 80 1 0 0 0 0 0 0 0 0 0 0 0 0 0 0 0 0 0 0 0 0 0 0 0 0 0 0 0 0 0 0 0 0 0 0 0 0 0 0 0 0 0 0 0 0 0 0 0 0 0 0 0 0 0 0 0 0 0 0 0 0 0 0 77 68 79 32 101 120 116 114 97 32 100 97 116 97 32 108 111 99 107 0 0 0 0 0 0 0 0 0 0 0 0 0 0 0 0 0 0 0 0 0 0 0 0 0 0 0 0 0 0 0 0 0 0 0 0 0 0 0 0 0 0 0 0 0 0 0 0 0 0 0 0 0 0 0 0 0 0 0 0 0 0 0 0 0 0 0 0 0 0 0 0 0 0 0 0 0 0 0 0 0 0 0 0 0 0 0 0 0 0 0 0 0 0 0 0 0 0 0 0 0 0 0 0 0 0 0 0 0 0 0 0 0 0 0 0 0 23 1 0 0 233 71 3 0 1 0 0 0 0 0 0 0 0 0 0 0 2 0 0 0 0 0 5 0 2 0 0 0 48 0 0 0 255 255 255 255 7 0 6 0 0 0 0 0 data 6 0x60007 0x68fd 0x30 0x0 0xf0002 0x0 oops 0
ciMethodData java/io/BufferedInputStream read ()I 2 5513 orig 264 72 50 213 91 0 0 0 0 40 104 211 22 0 0 0 0 128 1 0 0 48 0 0 0 0 0 0 0 0 0 0 0 0 0 0 0 0 0 0 0 0 0 0 0 0 0 0 0 0 0 0 0 0 0 0 0 0 0 0 0 0 0 0 0 0 0 0 0 0 0 0 0 0 0 0 0 0 0 0 0 77 68 79 32 101 120 116 114 97 32 100 97 116 97 32 108 111 99 107 0 0 0 0 0 0 0 0 0 0 0 0 0 0 0 0 0 0 0 0 0 0 0 0 0 0 0 0 0 0 0 0 0 0 0 0 0 0 0 0 0 0 0 0 0 1 0 0 0 0 0 0 0 0 0 0 0 0 0 0 0 0 0 0 0 0 0 0 0 0 0 0 0 0 0 0 0 0 0 0 0 0 0 0 0 0 0 0 0 0 0 0 0 0 0 0 0 0 0 0 0 0 0 0 0 0 0 0 0 0 0 0 0 0 0 0 0 5 1 0 0 33 164 0 0 1 0 0 0 0 0 0 0 0 0 0 0 2 0 0 0 0 0 11 0 2 0 0 0 96 0 0 0 255 255 255 255 7 0 8 0 0 0 0 0 data 12 0x80007 0x147a 0x50 0xa 0xc0002 0xa 0x170007 0xa 0x20 0x0 0x1d0002 0x1484 oops 0
ciMethodData java/io/BufferedInputStream fill ()V 2 5121 orig 264 72 50 213 91 0 0 0 0 96 103 211 22 0 0 0 0 136 3 0 0 208 1 0 0 0 0 0 0 0 0 0 0 0 0 0 0 0 0 0 0 0 0 0 0 0 0 0 0 0 0 0 0 0 0 0 0 0 0 0 0 0 0 0 0 0 0 0 0 0 0 0 0 0 0 0 0 0 0 0 0 77 68 79 32 101 120 116 114 97 32 100 97 116 97 32 108 111 99 107 0 0 0 0 0 0 0 0 0 0 0 0 0 0 0 0 0 0 0 0 0 0 0 0 0 0 0 0 0 0 0 0 0 0 0 0 0 0 0 0 0 0 0 0 0 0 0 0 0 0 0 0 0 0 0 0 0 0 0 0 0 0 0 0 0 0 0 0 0 0 0 0 0 0 0 0 0 0 0 0 0 0 0 0 0 0 0 0 0 0 0 0 0 0 0 0 0 0 0 0 0 0 0 0 0 0 0 0 0 0 0 0 0 0 0 0 0 1 0 0 0 1 160 0 0 1 0 0 0 0 0 0 0 0 0 0 0 2 0 0 0 0 0 39 0 2 0 0 0 64 2 0 0 255 255 255 255 2 0 1 0 0 0 0 0 data 72 0x10002 0x1400 0x90007 0x32d 0x38 0x10d3 0x110003 0x10d3 0x1b0 0x1a0007 0x1cb 0x198 0x162 0x210007 0x162 0x48 0x0 0x360002 0x0 0x430003 0x0 0x148 0x4c0007 0x61 0x38 0x101 0x590003 0x101 0x110 0x610007 0x61 0x30 0x0 0x6a0002 0x0 0x7a0007 0x0 0x38 0x61 0x830003 0x61 0x18 0x8f0007 0x0 0x20 0x61 0xa30002 0x61 0xac0005 0x0 0x1f682f20 0x61 0x0 0x0 0xaf0007 0x61 0x30 0x0 0xb80002 0x0 0xc70002 0x1400 0xd60005 0x1166 0x18e97460 0x299 0x18e974f0 0x1 0xdb0007 0x11c 0x20 0x12e4 oops 3 50 java/util/concurrent/atomic/AtomicReferenceFieldUpdater$AtomicReferenceFieldUpdaterImpl 64 java/io/FileInputStream 66 java/util/jar/JarInputStream
ciMethodData java/io/DataInputStream readUTF (Ljava/io/DataInput;)Ljava/lang/String; 2 19622 orig 264 72 50 213 91 0 0 0 0 80 118 241 22 0 0 0 0 40 7 0 0 112 1 0 0 0 0 0 0 0 0 0 0 0 0 0 0 0 0 0 0 0 0 0 0 0 0 0 0 0 0 0 0 0 0 0 0 0 0 0 0 0 0 0 0 0 0 0 0 0 0 0 0 0 0 0 0 0 0 0 0 77 68 79 32 101 120 116 114 97 32 100 97 116 97 32 108 111 99 107 0 0 0 0 0 0 0 0 0 0 0 0 0 0 0 0 0 0 0 0 0 0 0 0 0 0 0 0 0 0 0 0 0 0 0 0 0 0 0 0 0 0 0 0 0 0 0 0 0 0 0 0 0 0 0 0 0 0 0 0 0 0 0 0 0 0 0 0 0 0 0 0 0 0 0 0 0 0 0 0 0 0 0 0 0 0 0 0 0 0 0 0 0 0 0 0 0 0 0 0 0 0 0 0 0 0 0 0 0 0 0 0 0 0 0 0 0 76 12 0 0 169 28 0 0 209 2 2 0 0 0 0 0 0 0 0 0 2 0 0 0 2 0 35 0 2 0 0 0 224 5 0 0 255 255 255 255 5 0 1 0 0 0 0 0 data 188 0x10005 0x0 0x19a11990 0x395 0x0 0x0 0xc0004 0x0 0x19a11990 0x395 0x0 0x0 0xf0007 0x0 0x88 0x395 0x130004 0x0 0x19a11990 0x395 0x0 0x0 0x1f0007 0x394 0x20 0x1 0x420003 0x395 0x18 0x570005 0x0 0x19a11990 0x395 0x0 0x0 0x5f0007 0x395 0x70 0x4047 0x700007 0x4047 0x38 0x0 0x730003 0x0 0x30 0x830003 0x4047 0xffffffffffffffa8 0x890007 0x395 0x448 0x0 0x9a0008 0x20 0x0 0x378 0x0 0x110 0x0 0x110 0x0 0x110 0x0 0x110 0x0 0x110 0x0 0x110 0x0 0x110 0x0 0x110 0x0 0x378 0x0 0x378 0x0 0x378 0x0 0x378 0x0 0x128 0x0 0x128 0x0 0x240 0xf10003 0x0 0xfffffffffffffed0 0xfa0007 0x0 0x30 0x0 0x1030002 0x0 0x1180007 0x0 0xd0 0x0 0x1230002 0x0 0x1280005 0x0 0x0 0x0 0x0 0x0 0x12d0005 0x0 0x0 0x0 0x0 0x0 0x1300005 0x0 0x0 0x0 0x0 0x0 0x1330002 0x0 0x14d0003 0x0 0xfffffffffffffdb8 0x1560007 0x0 0x30 0x0 0x15f0002 0x0 0x17c0007 0x0 0x40 0x0 0x1880007 0x0 0xd0 0x0 0x1930002 0x0 0x1980005 0x0 0x0 0x0 0x0 0x0 0x19f0005 0x0 0x0 0x0 0x0 0x0 0x1a20005 0x0 0x0 0x0 0x0 0x0 0x1a50002 0x0 0x1ca0003 0x0 0xfffffffffffffc80 0x1d50002 0x0 0x1da0005 0x0 0x0 0x0 0x0 0x0 0x1df0005 0x0 0x0 0x0 0x0 0x0 0x1e20005 0x0 0x0 0x0 0x0 0x0 0x1e50002 0x0 0x1f10002 0x395 oops 4 2 java/io/DataInputStream 8 java/io/DataInputStream 18 java/io/DataInputStream 31 java/io/DataInputStream
ciMethodData java/io/DataInputStream readFully ([BII)V 2 5306 orig 264 72 50 213 91 0 0 0 0 32 105 241 22 0 0 0 0 40 2 0 0 32 0 0 0 0 0 0 0 0 0 0 0 0 0 0 0 0 0 0 0 0 0 0 0 0 0 0 0 0 0 0 0 0 0 0 0 0 0 0 0 0 0 0 0 0 0 0 0 0 0 0 0 0 0 0 0 0 0 0 0 77 68 79 32 101 120 116 114 97 32 100 97 116 97 32 108 111 99 107 0 0 0 0 0 0 0 0 0 0 0 0 0 0 0 0 0 0 0 0 0 0 0 0 0 0 0 0 0 0 0 0 0 0 0 0 0 0 0 0 0 0 0 0 0 0 0 0 0 0 0 0 0 0 0 0 0 0 0 0 0 0 0 0 0 0 0 0 0 0 0 0 0 0 0 0 0 0 0 0 0 0 0 0 0 0 0 0 0 0 0 0 0 0 0 0 0 0 0 0 0 0 0 0 0 0 0 0 0 0 0 0 0 0 0 0 0 186 0 0 0 1 160 0 0 137 159 0 0 0 0 0 0 0 0 0 0 2 0 0 0 1 0 10 0 2 0 0 0 200 0 0 0 255 255 255 255 7 0 1 0 0 0 0 0 data 25 0x10007 0x1400 0x30 0x0 0x80002 0x0 0x120007 0x1400 0x98 0x13f1 0x220005 0x947 0x19a141b0 0xa7e 0x175c1ef0 0x2c 0x290007 0x13f1 0x30 0x0 0x300002 0x0 0x3b0003 0x13f1 0xffffffffffffff80 oops 2 12 java/io/BufferedInputStream 14 java/io/ByteArrayInputStream
ciMethodData java/io/DataInputStream readUTF ()Ljava/lang/String; 2 9212 orig 264 72 50 213 91 0 0 0 0 152 115 241 22 0 0 0 0 88 1 0 0 0 0 0 0 0 0 0 0 0 0 0 0 0 0 0 0 0 0 0 0 0 0 0 0 0 0 0 0 0 0 0 0 0 0 0 0 0 0 0 0 0 0 0 0 0 0 0 0 0 0 0 0 0 0 0 0 0 0 0 0 77 68 79 32 101 120 116 114 97 32 100 97 116 97 32 108 111 99 107 0 0 0 0 0 0 0 0 0 0 0 0 0 0 0 0 0 0 0 0 0 0 0 0 0 0 0 0 0 0 0 0 0 0 0 0 0 0 0 0 0 0 0 0 0 0 0 0 0 0 0 0 0 0 0 0 0 0 0 0 0 0 0 0 0 0 0 0 0 0 0 0 0 0 0 0 0 0 0 0 0 0 0 0 0 0 0 0 0 0 0 0 0 0 0 0 0 0 0 0 0 0 0 0 0 0 0 0 0 0 0 0 0 0 0 0 0 0 2 0 0 225 15 1 0 1 0 0 0 0 0 0 0 0 0 0 0 2 0 0 0 0 0 3 0 2 0 0 0 16 0 0 0 255 255 255 255 2 0 1 0 0 0 0 0 data 2 0x10002 0x21fc oops 0
ciMethodData java/io/WinNTFileSystem normalize (Ljava/lang/String;)Ljava/lang/String; 2 44383 orig 264 72 50 213 91 0 0 0 0 168 174 216 22 0 0 0 0 64 3 0 0 192 1 0 0 0 0 0 0 0 0 0 0 0 0 0 0 0 0 0 0 0 0 0 0 0 0 0 0 0 0 0 0 0 0 0 0 0 0 0 0 0 0 0 0 0 0 0 0 0 0 0 0 0 0 0 0 0 0 0 0 77 68 79 32 101 120 116 114 97 32 100 97 116 97 32 108 111 99 107 0 0 0 0 0 0 0 0 0 0 0 0 0 0 0 0 0 0 0 0 0 0 0 0 0 0 0 0 0 0 0 0 0 0 0 0 0 0 0 0 0 0 0 0 0 1 0 0 0 0 0 0 0 0 0 0 0 0 0 0 0 0 0 0 0 0 0 0 0 0 0 0 0 0 0 0 0 0 0 0 1 0 0 0 0 17 0 0 0 0 0 0 0 0 0 0 0 0 0 0 0 0 0 0 0 0 0 0 0 2 0 0 0 0 0 0 0 25 12 0 0 209 54 0 0 49 10 5 0 20 4 0 0 2 92 0 0 2 0 0 0 1 0 31 0 2 0 0 0 240 1 0 0 255 255 255 255 5 0 1 0 0 0 0 0 data 62 0x10005 0x78 0x28bada0 0x662 0x0 0x0 0x190007 0x403 0x190 0xa41d 0x1f0005 0xe4e 0x28bada0 0x95cf 0x0 0x0 0x280007 0xa344 0x68 0xd9 0x310007 0xd9 0x38 0x0 0x380003 0x0 0x18 0x3d0002 0xd9 0x440007 0x9585 0x70 0xdbf 0x4a0007 0xdbf 0x50 0x0 0x500007 0x0 0x30 0x0 0x5a0002 0x0 0x620007 0x9ef7 0x50 0x44d 0x680007 0x24f 0x30 0x1fe 0x6f0002 0x1fe 0x7a0003 0xa146 0xfffffffffffffe88 0x80e007 0x3ff 0x30 0x5 0x890002 0x5 oops 2 2 java/lang/String 12 java/lang/String
ciMethodData java/io/WinNTFileSystem isLetter (C)Z 2 8604 orig 264 72 50 213 91 0 0 0 0 136 171 216 22 0 0 0 0 192 1 0 0 96 0 0 0 0 0 0 0 0 0 0 0 0 0 0 0 0 0 0 0 0 0 0 0 0 0 0 0 0 0 0 0 0 0 0 0 0 0 0 0 0 0 0 0 0 0 0 0 0 0 0 0 0 0 0 0 0 0 0 0 77 68 79 32 101 120 116 114 97 32 100 97 116 97 32 108 111 99 107 0 0 0 0 0 0 0 0 0 0 0 0 0 0 0 0 0 0 0 0 0 0 0 0 0 0 0 0 0 0 0 0 0 0 0 0 0 0 0 0 0 0 0 0 0 0 0 0 0 0 0 0 0 0 0 0 0 0 0 0 0 0 0 0 0 0 0 0 0 0 0 0 0 0 0 0 0 0 0 0 0 0 0 0 0 1 0 0 0 0 0 0 0 1 0 0 0 0 0 0 0 1 0 0 0 0 0 0 0 0 0 0 0 0 0 0 0 0 1 0 0 225 4 1 0 1 0 0 0 0 0 0 0 0 0 0 0 2 0 0 0 0 0 15 0 2 0 0 0 152 0 0 0 255 255 255 255 7 0 3 0 0 0 0 0 data 19 0x30007 0x2057 0x40 0x45 0x90007 0x45 0x60 0x0 0xf0007 0x15 0x58 0x2042 0x150007 0x0 0x38 0x2042 0x190003 0x2087 0x18 oops 0
ciMethodData java/io/WinNTFileSystem prefixLength (Ljava/lang/String;)I 2 5540 orig 264 72 50 213 91 0 0 0 0 88 178 216 22 0 0 0 0 56 3 0 0 80 0 0 0 0 0 0 0 0 0 0 0 0 0 0 0 0 0 0 0 0 0 0 0 0 0 0 0 0 0 0 0 0 0 0 0 0 0 0 0 0 0 0 0 0 0 0 0 0 0 0 0 0 0 0 0 0 0 0 0 77 68 79 32 101 120 116 114 97 32 100 97 116 97 32 108 111 99 107 0 0 0 0 0 0 0 0 0 0 0 0 0 0 0 0 0 0 0 0 0 0 0 0 0 0 0 0 0 0 0 0 0 0 0 0 0 0 0 0 0 0 0 0 0 1 0 0 0 0 0 0 0 0 0 0 0 0 0 0 0 0 0 0 0 0 0 0 0 0 0 0 0 0 0 0 0 0 0 0 0 0 0 0 0 17 0 0 0 0 0 0 0 0 0 0 0 0 0 0 0 3 0 0 0 0 0 0 0 0 0 0 0 0 0 0 0 3 1 0 0 9 165 0 0 1 0 0 0 0 0 0 0 0 0 0 0 2 0 0 0 0 0 47 0 2 0 0 0 232 1 0 0 255 255 255 255 5 0 6 0 0 0 0 0 data 61 0x60005 0xa6 0x28bada0 0x13fb 0x0 0x0 0xb0007 0x14a1 0x20 0x0 0x120005 0xa6 0x28bada0 0x13fb 0x0 0x0 0x190007 0x4 0x68 0x149e 0x1e0005 0xa6 0x28bada0 0x13f8 0x0 0x0 0x210003 0x149e 0x18 0x2a0007 0x14a2 0x40 0x0 0x300007 0x0 0x20 0x0 0x3a0002 0x14a2 0x3d0007 0x11 0xb0 0x1491 0x440007 0x4b 0x90 0x1446 0x490007 0x0 0x70 0x1446 0x4e0005 0x90 0x28bada0 0x13b6 0x0 0x0 0x520007 0x0 0x20 0x1446 oops 4 2 java/lang/String 12 java/lang/String 22 java/lang/String 53 java/lang/String
ciMethodData java/util/AbstractList <init> ()V 2 144732 orig 264 72 50 213 91 0 0 0 0 200 77 207 22 0 0 0 0 48 1 0 0 0 0 0 0 0 0 0 0 0 0 0 0 0 0 0 0 0 0 0 0 0 0 0 0 0 0 0 0 0 0 0 0 0 0 0 0 0 0 0 0 0 0 0 0 0 0 0 0 0 0 0 0 0 0 0 0 0 0 0 0 77 68 79 32 101 120 116 114 97 32 100 97 116 97 32 108 111 99 107 0 0 0 0 0 0 0 0 0 0 0 0 0 0 0 0 0 0 0 0 0 0 0 0 0 0 0 0 0 0 0 0 0 0 0 0 0 0 0 0 0 0 0 0 0 0 0 0 0 0 0 0 0 0 0 0 0 0 0 0 0 0 0 0 0 0 0 0 0 0 0 0 0 0 0 0 0 0 0 0 0 0 0 0 0 1 0 0 0 0 0 0 0 0 0 0 0 0 0 0 0 1 0 0 0 0 0 0 0 0 0 0 0 0 0 0 0 0 1 0 0 225 162 17 0 1 0 0 0 0 0 0 0 0 0 0 0 2 0 0 0 0 0 3 0 2 0 0 0 16 0 0 0 255 255 255 255 2 0 1 0 0 0 0 0 data 2 0x10002 0x2345c oops 0
ciMethodData java/io/File <init> (Ljava/lang/String;)V 2 5437 orig 264 72 50 213 91 0 0 0 0 160 58 203 22 0 0 0 0 240 1 0 0 48 0 0 0 0 0 0 0 0 0 0 0 0 0 0 0 0 0 0 0 0 0 0 0 0 0 0 0 0 0 0 0 0 0 0 0 0 0 0 0 0 0 0 0 0 0 0 0 0 0 0 0 0 0 0 0 0 0 0 0 77 68 79 32 101 120 116 114 97 32 100 97 116 97 32 108 111 99 107 0 0 0 0 0 0 0 0 0 0 0 0 0 0 0 0 0 0 0 0 0 0 0 0 0 0 0 0 0 0 0 0 0 0 0 0 0 0 0 0 0 0 0 0 0 0 0 0 0 0 0 0 0 0 0 0 0 0 0 0 0 0 0 0 0 0 0 0 0 0 0 0 0 0 0 0 0 0 0 0 0 0 0 0 0 0 0 0 0 0 0 0 0 0 0 0 0 0 0 0 0 0 0 0 0 0 0 0 0 0 0 0 0 0 0 0 0 4 1 0 0 201 161 0 0 1 0 0 0 0 0 0 0 0 0 0 0 2 0 0 0 0 0 5 0 2 0 0 0 160 0 0 0 255 255 255 255 2 0 1 0 0 0 0 0 data 20 0x10002 0x1439 0xa0007 0x1439 0x30 0x0 0x110002 0x0 0x1a0005 0x0 0x1a271250 0x1439 0x0 0x0 0x280005 0x0 0x1a271250 0x1439 0x0 0x0 oops 2 10 java/io/WinNTFileSystem 16 java/io/WinNTFileSystem
ciMethodData java/io/DataInputStream readInt ()I 2 5376 orig 264 72 50 213 91 0 0 0 0 16 111 241 22 0 0 0 0 56 2 0 0 0 0 0 0 0 0 0 0 0 0 0 0 0 0 0 0 0 0 0 0 0 0 0 0 0 0 0 0 0 0 0 0 0 0 0 0 0 0 0 0 0 0 0 0 0 0 0 0 0 0 0 0 0 0 0 0 0 0 0 0 77 68 79 32 101 120 116 114 97 32 100 97 116 97 32 108 111 99 107 0 0 0 0 0 0 0 0 0 0 0 0 0 0 0 0 0 0 0 0 0 0 0 0 0 0 0 0 0 0 0 0 0 0 0 0 0 0 0 0 0 0 0 0 0 0 0 0 0 0 0 0 0 0 0 0 0 0 0 0 0 0 0 0 0 0 0 0 0 0 0 0 0 0 0 0 0 0 0 0 0 0 0 0 0 25 0 0 0 0 0 0 0 0 0 0 0 0 0 0 0 1 0 0 0 0 0 0 0 0 0 0 0 0 0 0 0 0 1 0 0 1 160 0 0 1 0 0 0 0 0 0 0 0 0 0 0 2 0 0 0 0 0 5 0 2 0 0 0 240 0 0 0 255 255 255 255 5 0 4 0 0 0 0 0 data 30 0x40005 0x8 0x19a141b0 0x13f6 0x175c1ef0 0x2 0xc0005 0x8 0x19a141b0 0x13f6 0x175c1ef0 0x2 0x140005 0x8 0x19a141b0 0x13f6 0x175c1ef0 0x2 0x1c0005 0x8 0x19a141b0 0x13f6 0x175c1ef0 0x2 0x290007 0x1400 0x30 0x0 0x300002 0x0 oops 8 2 java/io/BufferedInputStream 4 java/io/ByteArrayInputStream 8 java/io/BufferedInputStream 10 java/io/ByteArrayInputStream 14 java/io/BufferedInputStream 16 java/io/ByteArrayInputStream 20 java/io/BufferedInputStream 22 java/io/ByteArrayInputStream
ciMethodData java/lang/Number <init> ()V 2 22239 orig 264 72 50 213 91 0 0 0 0 160 213 204 22 0 0 0 0 48 1 0 0 0 0 0 0 0 0 0 0 0 0 0 0 0 0 0 0 0 0 0 0 0 0 0 0 0 0 0 0 0 0 0 0 0 0 0 0 0 0 0 0 0 0 0 0 0 0 0 0 0 0 0 0 0 0 0 0 0 0 0 0 77 68 79 32 101 120 116 114 97 32 100 97 116 97 32 108 111 99 107 0 0 0 0 0 0 0 0 0 0 0 0 0 0 0 0 0 0 0 0 0 0 0 0 0 0 0 0 0 0 0 0 0 0 0 0 0 0 0 0 0 0 0 0 0 0 0 0 0 0 0 0 0 0 0 0 0 0 0 0 0 0 0 0 0 0 0 0 0 0 0 0 0 0 0 0 0 0 0 0 0 0 0 0 0 0 0 0 0 0 0 0 0 0 0 0 0 0 0 0 0 0 0 0 0 0 0 0 0 0 0 0 0 0 0 0 0 132 1 0 0 217 170 2 0 1 0 0 0 0 0 0 0 0 0 0 0 2 0 0 0 0 0 3 0 2 0 0 0 16 0 0 0 255 255 255 255 2 0 1 0 0 0 0 0 data 2 0x10002 0x555b oops 0
ciMethod org/gradle/internal/serialize/Decoder readLong ()J 0 0 1 0 -1
ciMethod org/gradle/internal/serialize/Decoder readInt ()I 0 0 1 0 -1
ciMethod org/gradle/internal/serialize/Decoder readBoolean ()Z 0 0 1 0 -1
ciMethod org/gradle/internal/serialize/Decoder readString ()Ljava/lang/String; 0 0 1 0 -1
ciMethod org/gradle/internal/serialize/Decoder readNullableString ()Ljava/lang/String; 0 0 1 0 -1
ciMethod org/gradle/internal/serialize/AbstractDecoder readNullableString ()Ljava/lang/String; 2049 1 2302 0 0
ciMethodData java/util/Arrays copyOf ([Ljava/lang/Object;I)[Ljava/lang/Object; 2 12681 orig 264 72 50 213 91 0 0 0 0 152 255 212 22 0 0 0 0 192 1 0 0 0 0 0 0 0 0 0 0 0 0 0 0 0 0 0 0 0 0 0 0 0 0 0 0 0 0 0 0 0 0 0 0 0 0 0 0 0 0 0 0 0 0 0 0 0 0 0 0 0 0 0 0 0 0 0 0 0 0 0 0 77 68 79 32 101 120 116 114 97 32 100 97 116 97 32 108 111 99 107 0 0 0 0 0 0 0 0 0 0 0 0 0 0 0 0 0 0 0 0 0 0 0 0 0 0 0 0 0 0 0 0 0 0 0 0 0 0 0 0 0 0 0 0 0 0 0 0 0 0 0 0 0 0 0 0 0 0 0 0 0 0 0 0 0 0 0 0 0 0 0 0 0 0 0 0 0 0 0 0 0 0 0 0 0 0 0 0 0 0 0 0 0 0 0 0 0 0 0 0 0 0 0 0 0 0 0 0 0 0 0 0 0 0 0 0 0 1 1 0 0 65 132 1 0 1 0 0 0 0 0 0 0 0 0 0 0 2 0 0 0 0 0 3 0 2 0 0 0 112 0 0 0 255 255 255 255 5 0 3 0 0 0 0 0 data 14 0x30005 0x30c 0x1c7ad8f0 0x2c73 0x18e94150 0x109 0x60002 0x3088 0x90004 0x0 0x0 0x0 0x0 0x0 oops 2 2 [Ljava/lang/Object; 4 [Ljava/lang/String;
ciMethod org/gradle/launcher/daemon/context/DefaultDaemonContext <init> (Ljava/lang/String;Ljava/io/File;Ljava/io/File;Ljava/lang/Long;Ljava/lang/Integer;Ljava/util/List;)V 2049 1 2303 0 0
ciMethod org/gradle/launcher/daemon/context/DefaultDaemonContext$Serializer read (Lorg/gradle/internal/serialize/Decoder;)Lorg/gradle/launcher/daemon/context/DefaultDaemonContext; 2041 14281 2303 0 -1
ciMethod org/gradle/internal/serialize/InputStreamBackedDecoder readLong ()J 3073 1 5548 0 352
ciMethod org/gradle/internal/serialize/InputStreamBackedDecoder readInt ()I 3025 1 5498 0 96
ciMethod org/gradle/internal/serialize/InputStreamBackedDecoder readBoolean ()Z 2297 1 5407 0 1728
ciMethod org/gradle/internal/serialize/InputStreamBackedDecoder readString ()Ljava/lang/String; 3761 1 5590 0 96
ciMethodData org/gradle/internal/serialize/InputStreamBackedDecoder readString ()Ljava/lang/String; 2 5590 orig 264 72 50 213 91 0 0 0 0 40 95 28 27 0 0 0 0 120 1 0 0 0 0 0 0 0 0 0 0 0 0 0 0 0 0 0 0 0 0 0 0 0 0 0 0 0 0 0 0 0 0 0 0 0 0 0 0 0 0 0 0 0 0 0 0 0 0 0 0 0 0 0 0 0 0 0 0 0 0 0 0 77 68 79 32 101 120 116 114 97 32 100 97 116 97 32 108 111 99 107 0 0 0 0 0 0 0 0 0 0 0 0 0 0 0 0 0 0 0 0 0 0 0 0 0 0 0 0 0 0 0 0 0 0 0 0 0 0 0 0 0 0 0 0 0 0 0 0 0 0 0 0 0 0 0 0 0 0 0 0 0 0 0 0 0 0 0 0 0 0 0 0 0 0 0 0 0 0 0 0 0 0 0 0 0 0 0 0 0 0 0 0 0 0 0 0 0 0 0 0 0 0 0 0 0 0 0 0 0 0 0 0 0 0 0 0 0 214 1 0 0 1 160 0 0 1 0 0 0 0 0 0 0 0 0 0 0 2 0 0 0 0 0 3 0 2 0 0 0 48 0 0 0 255 255 255 255 5 0 4 0 0 0 0 0 data 6 0x40005 0x0 0x19a11990 0x1400 0x0 0x0 oops 1 2 java/io/DataInputStream
ciMethodData org/gradle/internal/serialize/InputStreamBackedDecoder readInt ()I 2 5498 orig 264 72 50 213 91 0 0 0 0 216 93 28 27 0 0 0 0 120 1 0 0 0 0 0 0 0 0 0 0 0 0 0 0 0 0 0 0 0 0 0 0 0 0 0 0 0 0 0 0 0 0 0 0 0 0 0 0 0 0 0 0 0 0 0 0 0 0 0 0 0 0 0 0 0 0 0 0 0 0 0 0 77 68 79 32 101 120 116 114 97 32 100 97 116 97 32 108 111 99 107 0 0 0 0 0 0 0 0 0 0 0 0 0 0 0 0 0 0 0 0 0 0 0 0 0 0 0 0 0 0 0 0 0 0 0 0 0 0 0 0 0 0 0 0 0 0 0 0 0 0 0 0 0 0 0 0 0 0 0 0 0 0 0 0 0 0 0 0 0 0 0 0 0 0 0 0 0 0 0 0 0 0 0 0 0 0 0 0 0 0 0 0 0 0 0 0 0 0 0 0 0 0 0 0 0 0 0 0 0 0 0 0 0 0 0 0 0 122 1 0 0 1 160 0 0 1 0 0 0 0 0 0 0 0 0 0 0 2 0 0 0 0 0 3 0 2 0 0 0 48 0 0 0 255 255 255 255 5 0 4 0 0 0 0 0 data 6 0x40005 0x0 0x19a11990 0x1400 0x0 0x0 oops 1 2 java/io/DataInputStream
ciMethodData java/lang/Long <init> (J)V 2 3751 orig 264 72 50 213 91 0 0 0 0 168 130 205 22 0 0 0 0 64 1 0 0 0 0 0 0 0 0 0 0 0 0 0 0 0 0 0 0 0 0 0 0 0 0 0 0 0 0 0 0 0 0 0 0 0 0 0 0 0 0 0 0 0 0 0 0 0 0 0 0 0 0 0 0 0 0 0 0 0 0 0 0 77 68 79 32 101 120 116 114 97 32 100 97 116 97 32 108 111 99 107 0 0 0 0 0 0 0 0 0 0 0 0 0 0 0 0 0 0 0 0 0 0 0 0 0 0 0 0 0 0 0 0 0 0 0 0 0 0 0 0 0 0 0 0 0 0 0 0 0 0 0 0 0 0 0 0 0 0 0 0 0 0 0 0 0 0 0 0 0 0 0 0 0 0 0 0 0 0 0 0 0 0 0 0 0 0 0 0 0 0 0 0 0 0 0 0 0 0 0 0 0 0 0 0 0 0 0 0 0 0 0 0 0 0 0 0 0 10 1 0 0 233 108 0 0 1 0 0 0 0 0 0 0 0 0 0 0 2 0 0 0 0 0 3 0 2 0 0 0 16 0 0 0 255 255 255 255 2 0 1 0 0 0 0 0 data 2 0x10002 0xd9d oops 0
ciMethodData java/util/ArrayList <init> (I)V 2 5390 orig 264 72 50 213 91 0 0 0 0 176 226 207 22 0 0 0 0 128 2 0 0 104 0 0 0 0 0 0 0 0 0 0 0 0 0 0 0 0 0 0 0 0 0 0 0 0 0 0 0 0 0 0 0 0 0 0 0 0 0 0 0 0 0 0 0 0 0 0 0 0 0 0 0 0 0 0 0 0 0 0 0 77 68 79 32 101 120 116 114 97 32 100 97 116 97 32 108 111 99 107 0 0 0 0 0 0 0 0 0 0 0 0 0 0 0 0 0 0 0 0 0 0 0 0 0 0 0 0 0 0 0 0 0 0 0 0 0 0 0 0 0 0 0 0 0 0 0 0 0 0 0 0 0 0 0 0 0 0 0 0 0 0 0 0 0 0 0 0 0 0 0 0 0 0 0 0 0 0 0 0 0 0 0 0 0 25 0 0 0 0 0 0 0 0 0 0 0 0 0 0 0 1 0 0 0 0 0 0 0 0 0 0 0 0 0 0 0 5 1 0 0 65 160 0 0 1 0 0 0 0 0 0 0 0 0 0 0 2 0 0 0 0 0 8 0 2 0 0 0 48 1 0 0 255 255 255 255 2 0 1 0 0 0 0 0 data 38 0x10002 0x1408 0x50007 0x490 0x38 0xf78 0x100003 0xf78 0x100 0x140007 0x0 0x38 0x490 0x1e0003 0x490 0xc8 0x290002 0x0 0x2e0005 0x0 0x0 0x0 0x0 0x0 0x320005 0x0 0x0 0x0 0x0 0x0 0x350005 0x0 0x0 0x0 0x0 0x0 0x380002 0x0 oops 0
ciMethodData java/io/DataInputStream readLong ()J 2 5669 orig 264 72 50 213 91 0 0 0 0 40 112 241 22 0 0 0 0 120 1 0 0 0 0 0 0 0 0 0 0 0 0 0 0 0 0 0 0 0 0 0 0 0 0 0 0 0 0 0 0 0 0 0 0 0 0 0 0 0 0 0 0 0 0 0 0 0 0 0 0 0 0 0 0 0 0 0 0 0 0 0 0 77 68 79 32 101 120 116 114 97 32 100 97 116 97 32 108 111 99 107 0 0 0 0 0 0 0 0 0 0 0 0 0 0 0 0 0 0 0 0 0 0 0 0 0 0 0 0 0 0 0 0 0 0 0 0 0 0 0 0 0 0 0 0 0 0 0 0 0 0 0 0 0 0 0 0 0 0 0 0 0 0 0 0 0 0 0 0 0 0 0 0 0 0 0 0 0 0 0 0 0 0 0 0 0 0 0 0 0 0 0 0 0 0 0 0 0 0 0 0 0 0 0 0 0 0 0 0 0 0 0 0 0 0 0 0 0 118 1 0 0 113 165 0 0 1 0 0 0 0 0 0 0 0 0 0 0 2 0 0 0 0 0 3 0 2 0 0 0 48 0 0 0 255 255 255 255 5 0 8 0 0 0 0 0 data 6 0x80005 0x1e 0x19a11990 0x1490 0x0 0x0 oops 1 2 java/io/DataInputStream
ciMethodData java/io/DataInputStream readBoolean ()Z 2 5408 orig 264 72 50 213 91 0 0 0 0 144 106 241 22 0 0 0 0 224 1 0 0 80 0 0 0 0 0 0 0 0 0 0 0 0 0 0 0 0 0 0 0 0 0 0 0 0 0 0 0 0 0 0 0 0 0 0 0 0 0 0 0 0 0 0 0 0 0 0 0 0 0 0 0 0 0 0 0 0 0 0 0 77 68 79 32 101 120 116 114 97 32 100 97 116 97 32 108 111 99 107 0 0 0 0 0 0 0 0 0 0 0 0 0 0 0 0 0 0 0 0 0 0 0 0 0 0 0 0 0 0 0 0 0 0 0 0 0 0 0 0 0 0 0 0 0 0 0 0 0 0 0 0 0 0 0 0 0 0 0 0 0 0 0 0 0 0 0 0 0 0 0 0 0 0 0 0 0 0 0 0 0 0 0 0 0 0 0 0 0 0 0 0 0 0 0 0 0 0 0 0 0 0 0 0 0 0 0 0 0 0 0 0 0 0 0 0 0 31 1 0 0 9 160 0 0 1 0 0 0 0 0 0 0 0 0 0 0 2 0 0 0 0 0 8 0 2 0 0 0 152 0 0 0 255 255 255 255 5 0 4 0 0 0 0 0 data 19 0x40005 0x0 0x19a141b0 0x1400 0x175c1ef0 0x1 0x90007 0x1401 0x30 0x0 0x100002 0x0 0x150007 0x0 0x38 0x1401 0x190003 0x1401 0x18 oops 2 2 java/io/BufferedInputStream 4 java/io/ByteArrayInputStream
ciMethodData org/gradle/internal/serialize/InputStreamBackedDecoder readBoolean ()Z 2 5407 orig 264 72 50 213 91 0 0 0 0 128 94 28 27 0 0 0 0 120 1 0 0 0 0 0 0 0 0 0 0 0 0 0 0 0 0 0 0 0 0 0 0 0 0 0 0 0 0 0 0 0 0 0 0 0 0 0 0 0 0 0 0 0 0 0 0 0 0 0 0 0 0 0 0 0 0 0 0 0 0 0 0 77 68 79 32 101 120 116 114 97 32 100 97 116 97 32 108 111 99 107 0 0 0 0 0 0 0 0 0 0 0 0 0 0 0 0 0 0 0 0 0 0 0 0 0 0 0 0 0 0 0 0 0 0 0 0 0 0 0 0 0 0 0 0 0 0 0 0 0 0 0 0 0 0 0 0 0 0 0 0 0 0 0 0 0 0 0 0 0 0 0 0 0 0 0 0 0 0 0 0 0 0 0 0 0 0 0 0 0 0 0 0 0 0 0 0 0 0 0 0 0 0 0 0 0 0 0 0 0 0 0 0 0 0 0 0 0 31 1 0 0 1 160 0 0 1 0 0 0 0 0 0 0 0 0 0 0 2 0 0 0 0 0 9 0 2 0 0 0 48 0 0 0 255 255 255 255 5 0 4 0 0 0 0 0 data 6 0x40005 0x0 0x19a11990 0x1400 0x0 0x0 oops 1 2 java/io/DataInputStream
ciMethodData java/lang/Integer <init> (I)V 2 8155 orig 264 72 50 213 91 0 0 0 0 136 66 205 22 0 0 0 0 56 1 0 0 0 0 0 0 0 0 0 0 0 0 0 0 0 0 0 0 0 0 0 0 0 0 0 0 0 0 0 0 0 0 0 0 0 0 0 0 0 0 0 0 0 0 0 0 0 0 0 0 0 0 0 0 0 0 0 0 0 0 0 0 77 68 79 32 101 120 116 114 97 32 100 97 116 97 32 108 111 99 107 0 0 0 0 0 0 0 0 0 0 0 0 0 0 0 0 0 0 0 0 0 0 0 0 0 0 0 0 0 0 0 0 0 0 0 0 0 0 0 0 0 0 0 0 0 0 0 0 0 0 0 0 0 0 0 0 0 0 0 0 0 0 0 0 0 0 0 0 0 0 0 0 0 0 0 0 0 0 0 0 0 0 0 0 0 0 0 0 0 0 0 0 0 0 0 0 0 0 0 0 0 0 0 0 0 0 0 0 0 0 0 0 0 0 0 0 0 128 1 0 0 217 242 0 0 1 0 0 0 0 0 0 0 0 0 0 0 2 0 0 0 0 0 3 0 2 0 0 0 16 0 0 0 255 255 255 255 2 0 1 0 0 0 0 0 data 2 0x10002 0x1e5b oops 0
ciMethodData java/lang/Integer valueOf (I)Ljava/lang/Integer; 2 25714 orig 264 72 50 213 91 0 0 0 0 232 65 205 22 0 0 0 0 112 1 0 0 0 0 0 0 0 0 0 0 0 0 0 0 0 0 0 0 0 0 0 0 0 0 0 0 0 0 0 0 0 0 0 0 0 0 0 0 0 0 0 0 0 0 0 0 0 0 0 0 0 0 0 0 0 0 0 0 0 0 0 0 77 68 79 32 101 120 116 114 97 32 100 97 116 97 32 108 111 99 107 0 0 0 0 0 0 0 0 0 0 0 0 0 0 0 0 0 0 0 0 0 0 0 0 0 0 0 0 0 0 0 0 0 0 0 0 0 0 0 0 0 0 0 0 0 1 0 0 0 0 0 0 0 0 0 0 0 0 0 0 0 0 0 0 0 0 0 0 0 0 0 0 0 0 0 0 0 0 0 0 1 0 0 0 0 0 0 0 0 0 0 0 0 0 0 0 0 0 0 0 0 0 0 0 0 0 0 0 0 0 0 0 0 0 0 0 0 5 1 0 0 105 27 3 0 1 0 0 0 132 66 0 0 0 0 0 0 2 0 0 0 0 0 8 0 2 0 0 0 80 0 0 0 255 255 255 255 7 224 3 0 0 0 0 0 data 10 0x3e007 0x5 0x40 0x6369 0xa0007 0x8cc 0x20 0x5a9d 0x1c0002 0x8d1 oops 0
ciMethodData org/gradle/internal/serialize/InputStreamBackedDecoder readLong ()J 2 5548 orig 264 72 50 213 91 0 0 0 0 48 93 28 27 0 0 0 0 120 1 0 0 0 0 0 0 0 0 0 0 0 0 0 0 0 0 0 0 0 0 0 0 0 0 0 0 0 0 0 0 0 0 0 0 0 0 0 0 0 0 0 0 0 0 0 0 0 0 0 0 0 0 0 0 0 0 0 0 0 0 0 0 77 68 79 32 101 120 116 114 97 32 100 97 116 97 32 108 111 99 107 0 0 0 0 0 0 0 0 0 0 0 0 0 0 0 0 0 0 0 0 0 0 0 0 0 0 0 0 0 0 0 0 0 0 0 0 0 0 0 0 0 0 0 0 0 0 0 0 0 0 0 0 0 0 0 0 0 0 0 0 0 0 0 0 0 0 0 0 0 0 0 0 0 0 0 0 0 0 0 0 0 0 0 0 0 0 0 0 0 0 0 0 0 0 0 0 0 0 0 0 0 0 0 0 0 0 0 0 0 0 0 0 0 0 0 0 0 128 1 0 0 97 161 0 0 1 0 0 0 0 0 0 0 0 0 0 0 2 0 0 0 0 0 3 0 2 0 0 0 48 0 0 0 255 255 255 255 5 0 4 0 0 0 0 0 data 6 0x40005 0x0 0x19a11990 0x142c 0x0 0x0 oops 1 2 java/io/DataInputStream
ciMethodData java/lang/Long valueOf (J)Ljava/lang/Long; 2 5536 orig 264 72 50 213 91 0 0 0 0 80 128 205 22 0 0 0 0 120 1 0 0 32 0 0 0 0 0 0 0 0 0 0 0 0 0 0 0 0 0 0 0 0 0 0 0 0 0 0 0 0 0 0 0 0 0 0 0 0 0 0 0 0 0 0 0 0 0 0 0 0 0 0 0 0 0 0 0 0 0 0 0 77 68 79 32 101 120 116 114 97 32 100 97 116 97 32 108 111 99 107 0 0 0 0 0 0 0 0 0 0 0 0 0 0 0 0 0 0 0 0 0 0 0 0 0 0 0 0 0 0 0 0 0 0 0 0 0 0 0 0 0 0 0 0 0 0 0 0 0 0 0 0 0 0 0 0 0 0 0 0 0 0 0 0 0 0 0 0 0 0 0 0 0 0 0 0 0 0 0 0 0 0 0 0 0 0 0 0 0 0 0 0 0 0 0 0 0 0 0 0 0 0 0 0 0 0 0 0 0 0 0 0 0 0 0 0 0 147 1 0 0 105 160 0 0 1 0 0 0 0 0 0 0 0 0 0 0 2 0 0 0 0 0 8 0 2 0 0 0 80 0 0 0 255 255 255 255 7 0 5 0 0 0 0 0 data 10 0x50007 0x5b 0x40 0x13b2 0xd0007 0xbf1 0x20 0x7c1 0x200002 0xc4c oops 0
ciMethodData org/gradle/launcher/daemon/context/DefaultDaemonContext <init> (Ljava/lang/String;Ljava/io/File;Ljava/io/File;Ljava/lang/Long;Ljava/lang/Integer;Ljava/util/List;)V 2 2338 orig 264 72 50 213 91 0 0 0 0 16 207 39 23 0 0 0 0 96 1 0 0 0 0 0 0 0 0 0 0 0 0 0 0 0 0 0 0 0 0 0 0 0 0 0 0 0 0 0 0 0 0 0 0 0 0 0 0 0 0 0 0 0 0 0 0 0 0 0 0 0 0 0 0 0 0 0 0 0 0 0 0 77 68 79 32 101 120 116 114 97 32 100 97 116 97 32 108 111 99 107 0 0 0 0 0 0 0 0 0 0 0 0 0 0 0 0 0 0 0 0 0 0 0 0 0 0 0 0 0 0 0 0 0 0 0 0 0 0 0 0 0 0 0 0 0 0 0 0 0 0 0 0 0 0 0 0 0 0 0 0 0 0 0 0 0 0 0 0 0 0 0 0 0 0 0 0 0 0 0 0 0 0 0 0 0 0 0 0 0 0 0 0 0 0 0 0 0 0 0 0 0 0 0 0 0 0 0 0 0 0 0 0 0 0 0 0 0 0 1 0 0 17 65 0 0 1 0 0 0 0 0 0 0 0 0 0 0 2 0 0 0 0 0 3 0 2 0 0 0 16 0 0 0 255 255 255 255 2 0 1 0 0 0 0 0 data 2 0x10002 0x822 oops 0
ciMethodData org/gradle/launcher/daemon/context/DefaultDaemonContext$Serializer read (Lorg/gradle/internal/serialize/Decoder;)Lorg/gradle/launcher/daemon/context/DefaultDaemonContext; 2 16114 orig 264 72 50 213 91 0 0 0 0 0 233 39 23 0 0 0 0 56 4 0 0 48 2 0 0 0 0 0 0 0 0 0 0 0 0 0 0 0 0 0 0 0 0 0 0 0 0 0 0 0 0 0 0 0 0 0 0 0 0 0 0 0 0 0 0 0 0 0 0 0 0 0 0 0 0 0 0 0 0 0 0 77 68 79 32 101 120 116 114 97 32 100 97 116 97 32 108 111 99 107 0 0 0 0 0 0 0 0 0 0 0 0 0 0 0 0 0 0 0 0 0 0 0 0 0 0 0 0 0 0 0 0 0 0 0 0 0 0 0 0 0 0 0 0 0 0 0 0 0 0 0 0 0 0 0 0 0 0 0 0 0 0 0 0 0 0 0 0 0 0 0 0 0 0 0 0 0 0 0 0 0 0 0 0 0 0 0 0 0 0 0 0 0 0 0 0 0 0 0 0 0 0 0 0 0 0 0 0 0 0 0 0 0 0 0 0 0 249 6 0 0 1 64 0 0 201 191 1 0 0 0 0 0 0 0 0 0 2 0 0 0 1 0 31 0 2 0 0 0 232 2 0 0 255 255 255 255 5 0 1 0 0 0 0 0 data 93 0x10005 0x0 0x204b16d0 0x7ff 0x0 0x0 0x80005 0x0 0x204b16d0 0x7ff 0x0 0x0 0x130002 0x7ff 0x1d0005 0x0 0x204b16d0 0x7ff 0x0 0x0 0x220002 0x7ff 0x280005 0x0 0x204b16d0 0x7ff 0x0 0x0 0x2d0007 0x0 0x78 0x7ff 0x310005 0x0 0x204b16d0 0x7ff 0x0 0x0 0x360002 0x7ff 0x390003 0x7ff 0x18 0x400005 0x0 0x204b16d0 0x7ff 0x0 0x0 0x450007 0x0 0x78 0x7ff 0x490005 0x0 0x204b16d0 0x7ff 0x0 0x0 0x4e0002 0x7ff 0x510003 0x7ff 0x18 0x580005 0x0 0x204b16d0 0x7ff 0x0 0x0 0x650002 0x7ff 0x710007 0x7ff 0x98 0x37f9 0x770005 0x0 0x204b16d0 0x37f9 0x0 0x0 0x7c0005 0x0 0x204b1780 0x37f9 0x0 0x0 0x850003 0x37f9 0xffffffffffffff80 0x970002 0x7ff oops 10 2 org/gradle/internal/serialize/InputStreamBackedDecoder 8 org/gradle/internal/serialize/InputStreamBackedDecoder 16 org/gradle/internal/serialize/InputStreamBackedDecoder 24 org/gradle/internal/serialize/InputStreamBackedDecoder 34 org/gradle/internal/serialize/InputStreamBackedDecoder 45 org/gradle/internal/serialize/InputStreamBackedDecoder 55 org/gradle/internal/serialize/InputStreamBackedDecoder 66 org/gradle/internal/serialize/InputStreamBackedDecoder 78 org/gradle/internal/serialize/InputStreamBackedDecoder 84 java/util/ArrayList
ciMethodData org/gradle/internal/serialize/AbstractDecoder readNullableString ()Ljava/lang/String; 2 2302 orig 264 72 50 213 91 0 0 0 0 152 58 10 23 0 0 0 0 200 1 0 0 0 0 0 0 0 0 0 0 0 0 0 0 0 0 0 0 0 0 0 0 0 0 0 0 0 0 0 0 0 0 0 0 0 0 0 0 0 0 0 0 0 0 0 0 0 0 0 0 0 0 0 0 0 0 0 0 0 0 0 0 77 68 79 32 101 120 116 114 97 32 100 97 116 97 32 108 111 99 107 0 0 0 0 0 0 0 0 0 0 0 0 0 0 0 0 0 0 0 0 0 0 0 0 0 0 0 0 0 0 0 0 0 0 0 0 0 0 0 0 0 0 0 0 0 0 0 0 0 0 0 0 0 0 0 0 0 0 0 0 0 0 0 0 0 0 0 0 0 0 0 0 0 0 0 0 0 0 0 0 0 0 0 0 0 0 0 0 0 0 0 0 0 0 0 0 0 0 0 0 0 0 0 0 0 0 0 0 0 0 0 0 0 0 0 0 0 0 1 0 0 241 63 0 0 1 0 0 0 0 0 0 0 0 0 0 0 2 0 0 0 0 0 5 0 2 0 0 0 128 0 0 0 255 255 255 255 5 0 1 0 0 0 0 0 data 16 0x10005 0x0 0x204b16d0 0x7fe 0x0 0x0 0x40007 0x0 0x50 0x7fe 0x80005 0x0 0x204b16d0 0x7fe 0x0 0x0 oops 2 2 org/gradle/internal/serialize/InputStreamBackedDecoder 12 org/gradle/internal/serialize/InputStreamBackedDecoder
ciMethodData java/io/ByteArrayInputStream read ()I 2 1648 orig 264 72 50 213 91 0 0 0 0 160 13 203 22 0 0 0 0 88 1 0 0 0 0 0 0 0 0 0 0 0 0 0 0 0 0 0 0 0 0 0 0 0 0 0 0 0 0 0 0 0 0 0 0 0 0 0 0 0 0 0 0 0 0 0 0 0 0 0 0 0 0 0 0 0 0 0 0 0 0 0 0 77 68 79 32 101 120 116 114 97 32 100 97 116 97 32 108 111 99 107 0 0 0 0 0 0 0 0 0 0 0 0 0 0 0 0 0 0 0 0 0 0 0 0 0 0 0 0 0 0 0 0 0 0 0 0 0 0 0 0 0 0 0 0 0 0 0 0 0 0 0 0 0 0 0 0 0 0 0 0 0 0 0 0 0 0 0 0 0 0 0 0 0 0 0 0 0 0 0 0 0 0 0 0 0 0 0 0 0 0 0 0 0 0 0 0 0 0 0 0 0 0 0 0 0 0 0 0 0 0 0 0 0 0 0 0 0 1 1 0 0 121 43 0 0 1 0 0 0 0 0 0 0 0 0 0 0 2 0 0 0 0 0 6 0 2 0 0 0 56 0 0 0 255 255 255 255 7 0 8 0 0 0 0 0 data 7 0x80007 0x0 0x38 0x56f 0x1f0003 0x56f 0x18 oops 0
instanceKlass org/gradle/internal/logging/events/StyledTextOutputEvent$Span
instanceKlass org/gradle/process/internal/streams/ExecOutputHandleRunner
instanceKlass org/gradle/util/DisconnectableInputStream$1
instanceKlass org/gradle/util/DisconnectableInputStream$ThreadExecuter
instanceKlass java/lang/ProcessImpl$2
instanceKlass net/rubygrapefruit/platform/internal/jni/WindowsHandleFunctions
instanceKlass org/gradle/process/internal/ProcessBuilderFactory
instanceKlass java/lang/ProcessBuilder
instanceKlass org/gradle/process/internal/ExecHandleRunner
instanceKlass org/gradle/process/internal/ExecHandleListener
instanceKlass org/gradle/process/internal/ExecHandleShutdownHookAction
instanceKlass net/rubygrapefruit/platform/internal/DefaultProcessLauncher
instanceKlass net/rubygrapefruit/platform/internal/WindowsProcessLauncher
instanceKlass net/rubygrapefruit/platform/internal/WrapperProcessLauncher
instanceKlass org/gradle/process/internal/DefaultExecHandle
instanceKlass org/gradle/process/internal/ProcessSettings
instanceKlass org/gradle/process/internal/streams/StreamsForwarder
instanceKlass org/springframework/boot/loader/tools/FileUtils
instanceKlass java/io/Console$2
instanceKlass sun/misc/JavaIOAccess
instanceKlass java/io/Console$1
instanceKlass org/gradle/cache/internal/DefaultMultiProcessSafePersistentIndexedCache$3
instanceKlass groovy/util/CharsetToolkit
instanceKlass org/gradle/api/internal/changedetection/changes/NoHistoryArtifactState
instanceKlass org/gradle/cache/internal/AsyncCacheAccessDecoratedCache$3
instanceKlass com/google/common/collect/Maps$10
instanceKlass org/gradle/api/internal/changedetection/rules/OutputFilesTaskStateChanges$1
instanceKlass org/gradle/cache/internal/btree/BTreePersistentIndexedCache$DataBlockUpdateResult
instanceKlass org/gradle/cache/internal/DefaultMultiProcessSafePersistentIndexedCache$2
instanceKlass org/gradle/cache/internal/AsyncCacheAccessDecoratedCache$2
instanceKlass org/gradle/api/internal/tasks/SimpleWorkResult
instanceKlass org/apache/tools/ant/filters/ReplaceTokens$Token
instanceKlass org/apache/tools/ant/types/Parameter
instanceKlass org/gradle/api/internal/file/copy/FilterChain$1
instanceKlass org/gradle/api/internal/file/copy/FilterChain
instanceKlass org/gradle/api/internal/file/copy/CopyFileVisitorImpl
instanceKlass org/gradle/api/internal/file/copy/CopySpecActionImpl
instanceKlass org/gradle/api/internal/file/copy/DuplicateHandlingCopyActionDecorator$1$1
instanceKlass org/gradle/api/internal/file/copy/NormalizingCopyActionDecorator$1$1
instanceKlass org/gradle/api/internal/file/copy/FileCopyAction$FileCopyDetailsInternalAction
instanceKlass org/gradle/api/internal/file/copy/FileCopyDetailsInternal
instanceKlass org/gradle/api/internal/file/copy/NormalizingCopyActionDecorator$1
instanceKlass org/gradle/api/internal/file/copy/DuplicateHandlingCopyActionDecorator$1
instanceKlass org/gradle/api/internal/file/copy/CopySpecBackedCopyActionProcessingStream
instanceKlass org/gradle/api/internal/file/copy/NormalizingCopyActionDecorator
instanceKlass org/gradle/api/internal/file/copy/DuplicateHandlingCopyActionDecorator
instanceKlass org/gradle/api/internal/file/CopyActionProcessingStreamAction
instanceKlass org/gradle/api/internal/file/copy/FileCopyAction
instanceKlass org/gradle/api/internal/file/copy/CopyActionProcessingStream
instanceKlass org/gradle/api/internal/tasks/execution/ExecuteActionsTaskExecuter$1
instanceKlass org/gradle/api/internal/changedetection/rules/FileChange
instanceKlass org/gradle/api/tasks/incremental/InputFileDetails
instanceKlass org/gradle/api/internal/file/collections/DirectoryTrees
instanceKlass org/gradle/api/internal/changedetection/state/EnumValueSnapshot
instanceKlass org/gradle/api/internal/changedetection/state/OrderInsensitiveTaskFilePropertyCompareStrategy$IncrementalFileSnapshotWithAbsolutePath
instanceKlass com/google/common/collect/MultimapBuilder$MultimapBuilderWithKeys
instanceKlass com/google/common/collect/MultimapBuilder
instanceKlass org/gradle/api/internal/changedetection/rules/TaskStateChange
instanceKlass org/gradle/api/internal/changedetection/rules/AbstractNamedFileSnapshotTaskStateChanges$2
instanceKlass org/gradle/util/DiffUtil
instanceKlass org/gradle/api/internal/changedetection/rules/AbstractNamedFileSnapshotTaskStateChanges$1
instanceKlass java/util/Collections$UnmodifiableList$1
instanceKlass org/gradle/api/internal/changedetection/rules/SummaryTaskStateChanges
instanceKlass org/gradle/api/internal/changedetection/rules/DiscoveredInputsTaskStateChanges
instanceKlass org/gradle/api/internal/changedetection/rules/ErrorHandlingTaskStateChanges
instanceKlass org/gradle/internal/component/model/LocalComponentDependencyMetadata$ClientAttributesPreservingConfigurationMetadata
instanceKlass org/gradle/api/internal/changedetection/rules/CachingTaskStateChanges
instanceKlass org/gradle/api/internal/changedetection/state/AbstractNormalizedFileSnapshot
instanceKlass org/gradle/api/internal/changedetection/state/DirectoryTreeDetails
instanceKlass org/gradle/api/internal/changedetection/state/AbstractFileCollectionSnapshotter$FileVisitorImpl
instanceKlass org/gradle/util/ChangeListener
instanceKlass org/gradle/api/internal/changedetection/rules/AbstractNamedFileSnapshotTaskStateChanges
instanceKlass com/google/common/collect/SortedLists
instanceKlass org/gradle/api/internal/changedetection/rules/SimpleTaskStateChanges
instanceKlass org/gradle/api/internal/changedetection/rules/DiscoveredInputsListener
instanceKlass org/gradle/api/internal/changedetection/rules/TaskStateChanges
instanceKlass org/gradle/api/internal/changedetection/rules/TaskUpToDateState
instanceKlass org/gradle/api/internal/tasks/TaskOutputsUtil
instanceKlass org/gradle/api/tasks/util/internal/CachingPatternSpecFactory$CachingSpec$1
instanceKlass org/gradle/api/tasks/util/internal/CachingPatternSpecFactory$CacheKey
instanceKlass org/gradle/api/internal/file/AbstractFileTreeElement
instanceKlass java/nio/file/Files$3
instanceKlass java/nio/file/FileTreeWalker$Event
instanceKlass java/nio/file/FileTreeWalker$DirectoryNode
instanceKlass java/nio/file/FileTreeWalker$1
instanceKlass java/nio/file/FileTreeWalker
instanceKlass org/gradle/api/internal/file/collections/jdk7/Jdk7DirectoryWalker$1
instanceKlass org/gradle/api/file/ReproducibleFileVisitor
instanceKlass org/gradle/api/internal/changedetection/state/TaskExecutionSnapshot
instanceKlass org/gradle/api/internal/changedetection/state/MapValueSnapshot
instanceKlass org/gradle/api/internal/changedetection/state/NullValueSnapshot
instanceKlass org/gradle/api/internal/changedetection/state/ListValueSnapshot
instanceKlass org/gradle/api/internal/changedetection/state/AbstractScalarValueSnapshot
instanceKlass org/gradle/api/tasks/util/internal/CachingPatternSpecFactory$CachingSpec
instanceKlass org/gradle/api/internal/file/RelativePathSpec
instanceKlass org/gradle/api/internal/file/pattern/AnythingMatcher
instanceKlass org/gradle/api/internal/file/pattern/FixedPatternStep
instanceKlass org/gradle/api/internal/file/pattern/PatternMatcherFactory$PathMatcherBackedSpec
instanceKlass org/gradle/api/internal/file/pattern/HasSuffixPatternStep
instanceKlass org/gradle/api/internal/file/pattern/HasPrefixPatternStep
instanceKlass org/gradle/api/internal/file/pattern/HasPrefixAndSuffixPatternStep
instanceKlass org/gradle/api/internal/file/pattern/AnyWildcardPatternStep
instanceKlass org/gradle/api/internal/file/pattern/PatternStep
instanceKlass org/gradle/api/internal/file/pattern/PatternStepFactory
instanceKlass org/gradle/api/internal/file/pattern/FixedStepPathMatcher
instanceKlass org/gradle/api/internal/file/pattern/GreedyPathMatcher
instanceKlass org/gradle/api/internal/file/pattern/EndOfPathMatcher
instanceKlass org/gradle/api/internal/file/pattern/PathMatcher
instanceKlass org/gradle/api/internal/file/pattern/PatternMatcherFactory
instanceKlass org/gradle/api/tasks/util/internal/CachingPatternSpecFactory$1
instanceKlass org/gradle/api/tasks/util/internal/CachingPatternSpecFactory$SpecKey
instanceKlass org/apache/tools/ant/util/SymbolicLinkUtils
instanceKlass org/apache/tools/ant/DirectoryScanner
instanceKlass org/apache/tools/ant/types/selectors/SelectorScanner
instanceKlass org/apache/tools/ant/FileScanner
instanceKlass org/gradle/api/file/EmptyFileVisitor
instanceKlass org/gradle/api/internal/changedetection/state/CacheBackedTaskHistoryRepository$1
instanceKlass java/util/ArrayDeque$DeqIterator
instanceKlass org/gradle/api/internal/changedetection/state/CacheBackedTaskHistoryRepository$3
instanceKlass org/gradle/api/internal/changedetection/state/CacheBackedTaskHistoryRepository$2
instanceKlass org/gradle/api/internal/tasks/DefaultTaskOutputs$5
instanceKlass org/gradle/api/internal/tasks/TaskPropertyUtils
instanceKlass org/gradle/api/internal/changedetection/state/CacheBackedTaskHistoryRepository$TaskExecutionList
instanceKlass org/gradle/cache/internal/btree/FreeListBlockStore$FreeListEntry
instanceKlass org/gradle/api/internal/changedetection/changes/DefaultTaskArtifactStateRepository$TaskArtifactStateImpl
instanceKlass org/gradle/api/internal/tasks/execution/DefaultTaskExecutionContext
instanceKlass org/gradle/execution/taskgraph/DefaultTaskGraphExecuter$EventFiringTaskWorker$1
instanceKlass org/gradle/api/execution/internal/TaskOperationDescriptor
instanceKlass org/gradle/internal/operations/BuildOperationWorkerRegistry$Operation
instanceKlass org/gradle/execution/taskgraph/AbstractTaskPlanExecutor$TaskExecutorWorker
instanceKlass org/gradle/api/internal/tasks/execution/CatchExceptionTaskExecuter
instanceKlass org/gradle/api/internal/tasks/execution/ExecuteAtMostOnceTaskExecuter
instanceKlass org/gradle/api/internal/tasks/execution/SkipTaskWithNoActionsExecuter
instanceKlass org/gradle/api/internal/tasks/execution/ResolveTaskArtifactStateTaskExecuter
instanceKlass org/gradle/api/internal/tasks/execution/SkipEmptySourceFilesTaskExecuter
instanceKlass org/gradle/api/internal/tasks/execution/ValidatingTaskExecuter
instanceKlass org/gradle/api/execution/TaskActionListener
instanceKlass org/gradle/api/execution/internal/TaskInputsListener$1
instanceKlass org/gradle/api/execution/internal/TaskInputsListener
instanceKlass org/gradle/caching/internal/tasks/origin/TaskOutputOriginWriter
instanceKlass org/gradle/caching/internal/tasks/origin/TaskOutputOriginReader
instanceKlass org/gradle/caching/internal/NoOpBuildCacheService
instanceKlass org/gradle/caching/internal/tasks/TarTaskOutputPacker
instanceKlass org/gradle/caching/internal/tasks/GZipTaskOutputPacker
instanceKlass org/gradle/api/internal/changedetection/changes/DefaultTaskArtifactStateRepository
instanceKlass org/gradle/api/internal/changedetection/TaskArtifactState
instanceKlass org/gradle/api/internal/changedetection/changes/ShortCircuitTaskArtifactStateRepository
instanceKlass org/gradle/api/internal/changedetection/state/InputPropertiesSerializer
instanceKlass org/gradle/api/internal/changedetection/state/CacheBackedTaskHistoryRepository$LazyTaskExecution$TaskExecutionSnapshotSerializer
instanceKlass org/gradle/api/internal/changedetection/state/CacheBackedFileSnapshotRepository
instanceKlass org/gradle/api/internal/changedetection/state/TaskHistoryRepository$History
instanceKlass org/gradle/api/internal/changedetection/state/TaskExecution
instanceKlass org/gradle/api/internal/changedetection/state/CacheBackedTaskHistoryRepository
instanceKlass org/gradle/api/internal/changedetection/state/MissingFileSnapshot
instanceKlass org/gradle/api/internal/changedetection/state/DirSnapshot
instanceKlass org/gradle/api/internal/changedetection/state/OutputFilesSnapshotter
instanceKlass org/gradle/api/internal/changedetection/state/DefaultFileCollectionSnapshotterRegistry$1
instanceKlass org/gradle/api/internal/changedetection/state/DefaultFileCollectionSnapshotterRegistry
instanceKlass org/gradle/api/internal/changedetection/state/DefaultCompileClasspathSnapshotter$1
instanceKlass org/gradle/api/internal/changedetection/state/AbiExtractingClasspathContentHasher
instanceKlass org/gradle/internal/work/DefaultAsyncWorkTracker
instanceKlass org/gradle/caching/internal/RoleAwareBuildCacheService
instanceKlass org/gradle/caching/configuration/internal/DefaultBuildCacheConfiguration
instanceKlass org/gradle/caching/internal/DirectoryBuildCacheServiceFactory
instanceKlass org/gradle/execution/taskgraph/DefaultTaskGraphExecuter$EventFiringTaskWorker
instanceKlass org/gradle/execution/taskgraph/DefaultTaskExecutionPlan$2
instanceKlass org/gradle/execution/taskgraph/DefaultTaskExecutionPlan$TaskInfoInVisitingSegment
instanceKlass org/gradle/execution/taskgraph/DefaultTaskExecutionPlan$1
instanceKlass org/gradle/execution/taskgraph/DefaultTaskGraphExecuter$4
instanceKlass org/gradle/execution/SelectedTaskExecutionAction$BindAllReferencesOfProjectsToExecuteListener
instanceKlass org/gradle/execution/DefaultBuildExecuter$1
instanceKlass org/gradle/initialization/DefaultGradleLauncher$RunTasksAction
instanceKlass org/gradle/api/internal/tasks/compile/AnnotationProcessorDetector$2
instanceKlass org/gradle/api/internal/cache/DefaultFileContentCacheFactory$DefaultFileContentCache
instanceKlass org/gradle/api/internal/tasks/compile/AnnotationProcessorDetector$AnnotationServiceLocator
instanceKlass org/gradle/api/internal/cache/FileContentCacheFactory$Calculator
instanceKlass org/gradle/api/internal/cache/FileContentCache
instanceKlass org/gradle/api/internal/cache/DefaultFileContentCacheFactory
instanceKlass org/gradle/model/internal/core/ModelNodes$1
instanceKlass org/gradle/model/internal/core/ModelNodes
instanceKlass org/gradle/api/internal/artifacts/ivyservice/resolveengine/artifact/BuildDependenciesOnlyVisitedArtifactSet$BuildDependenciesOnlySelectedArtifactSet
instanceKlass org/gradle/api/internal/artifacts/ivyservice/ivyresolve/NoRepositoriesResolver
instanceKlass org/gradle/api/internal/project/taskfactory/TaskPropertyInfo$5
instanceKlass org/gradle/api/internal/project/taskfactory/TaskPropertyInfo$4
instanceKlass org/gradle/api/internal/file/collections/BuildDependenciesOnlyFileCollectionResolveContext
instanceKlass org/gradle/internal/graph/CachingDirectedGraphWalker$NodeDetails
instanceKlass org/gradle/internal/graph/CachingDirectedGraphWalker$GraphWithEmpyEdges
instanceKlass org/gradle/api/internal/tasks/CachingTaskDependencyResolveContext$TaskGraphImpl
instanceKlass org/gradle/internal/graph/CachingDirectedGraphWalker
instanceKlass org/gradle/api/internal/tasks/CachingTaskDependencyResolveContext
instanceKlass org/gradle/execution/taskgraph/TaskInfo
instanceKlass org/gradle/execution/TaskSelector$TaskSelection
instanceKlass org/gradle/execution/TaskNameResolver$FixedTaskSelectionResult
instanceKlass org/gradle/model/internal/core/NodeBackedModelMap$9
instanceKlass org/gradle/model/internal/core/DefaultModelViewState$1
instanceKlass org/gradle/model/internal/core/DeferredModelAction
instanceKlass org/gradle/model/internal/core/DefaultModelViewState
instanceKlass org/gradle/model/internal/core/NodeBackedModelMap$2
instanceKlass org/gradle/model/internal/manage/schema/extract/FactoryBasedStructNodeInitializerExtractionStrategy
instanceKlass org/gradle/model/internal/typeregistration/BaseInstanceFactory$InternalViewRegistration
instanceKlass org/gradle/model/internal/typeregistration/BaseInstanceFactory$ImplementationRegistration
instanceKlass org/gradle/platform/base/component/internal/DefaultComponentSpec$ComponentInfo
instanceKlass org/gradle/model/internal/typeregistration/BaseInstanceFactory$TypeRegistrationBuilderImpl
instanceKlass org/gradle/model/internal/typeregistration/BaseInstanceFactory$TypeRegistration
instanceKlass org/gradle/platform/base/internal/registry/DefaultTypeBuilder
instanceKlass org/gradle/platform/base/component/internal/ComponentSpecFactory$3
instanceKlass org/gradle/platform/base/component/internal/ComponentSpecFactory$2
instanceKlass org/gradle/platform/base/component/internal/ComponentSpecFactory$1
instanceKlass org/gradle/model/internal/typeregistration/BaseInstanceFactory$ImplementationFactory
instanceKlass org/gradle/model/internal/typeregistration/BaseInstanceFactory$TypeRegistrationBuilder
instanceKlass org/gradle/model/internal/typeregistration/InstanceFactory$ImplementationInfo
instanceKlass org/gradle/model/internal/manage/schema/extract/ManagedImplStructNodeInitializerExtractionStrategy
instanceKlass org/gradle/model/internal/manage/schema/extract/CollectionNodeInitializerExtractionSupport
instanceKlass org/gradle/model/internal/core/DefaultNodeInitializerRegistry
instanceKlass org/gradle/model/internal/inspect/DefaultModelRuleInvoker
instanceKlass org/gradle/model/internal/core/SpecializedModelMapProjection
instanceKlass org/gradle/model/internal/core/ChildNodeInitializerStrategyAccessors$1
instanceKlass org/gradle/execution/TaskNameResolver$MultiProjectTaskSelectionResult
instanceKlass org/gradle/execution/taskpath/ResolvedTaskPath
instanceKlass org/gradle/execution/taskgraph/DefaultTaskExecutionPlan$RethrowingFailureHandler
instanceKlass org/gradle/execution/taskgraph/TaskDependencyGraph
instanceKlass org/gradle/internal/graph/GraphNodeRenderer
instanceKlass org/gradle/execution/taskgraph/DefaultTaskExecutionPlan
instanceKlass org/gradle/api/execution/internal/TaskOperationInternal
instanceKlass org/gradle/api/execution/internal/InternalTaskExecutionListener
instanceKlass org/gradle/execution/taskgraph/TaskExecutionPlan
instanceKlass org/gradle/execution/taskgraph/DefaultTaskGraphExecuter
instanceKlass org/gradle/internal/service/scopes/GradleScopeServices$3
instanceKlass org/gradle/execution/taskgraph/AbstractTaskPlanExecutor
instanceKlass org/gradle/execution/taskgraph/TaskPlanExecutorFactory
instanceKlass org/gradle/execution/DefaultBuildConfigurationActionExecuter$1
instanceKlass org/gradle/initialization/DefaultGradleLauncher$CalculateTaskGraphAction
instanceKlass org/gradle/cache/internal/filelock/Version1LockStateSerializer$DirtyFlagLockState
instanceKlass org/gradle/internal/cleanup/DefaultBuildOutputCleanupCache$1$1
instanceKlass org/gradle/internal/cleanup/DefaultBuildOutputCleanupCache$1
instanceKlass org/gradle/internal/cleanup/DefaultBuildOutputCleanupCache
instanceKlass org/gradle/internal/cleanup/DefaultBuildOutputDeleter
instanceKlass org/gradle/internal/cleanup/BuildOperationBuildOutputDeleterDecorator
instanceKlass org/gradle/plugins/ide/idea/IdeaPlugin$5
instanceKlass org/gradle/plugins/ide/idea/internal/IdeaNameDeduper$IdeaDeduplicationAdapter
instanceKlass org/gradle/plugins/ide/idea/internal/IdeaNameDeduper$2
instanceKlass org/gradle/plugins/ide/idea/internal/IdeaNameDeduper$1
instanceKlass org/gradle/plugins/ide/idea/internal/IdeaNameDeduper
instanceKlass org/gradle/plugins/ide/idea/internal/IdeaScalaConfigurer$1$2
instanceKlass org/gradle/plugins/ide/idea/internal/IdeaScalaConfigurer$1$1
instanceKlass org/gradle/plugins/ide/idea/internal/IdeaScalaConfigurer$3
instanceKlass org/gradle/plugins/ide/internal/configurer/HierarchicalElementDeduplicator$StatefulDeduplicator$1
instanceKlass org/gradle/plugins/ide/internal/configurer/HierarchicalElementDeduplicator$StatefulDeduplicator
instanceKlass org/gradle/plugins/ide/eclipse/internal/EclipseNameDeduper$EclipseDeduplicationAdapter
instanceKlass org/gradle/plugins/ide/internal/configurer/HierarchicalElementDeduplicator
instanceKlass org/gradle/plugins/ide/eclipse/internal/EclipseNameDeduper$2
instanceKlass org/gradle/plugins/ide/eclipse/internal/EclipseNameDeduper$1
instanceKlass org/gradle/plugins/ide/internal/configurer/NameDeduplicationAdapter
instanceKlass org/gradle/plugins/ide/eclipse/internal/EclipseNameDeduper
