#
# There is insufficient memory for the Java Runtime Environment to continue.
# Native memory allocation (malloc) failed to allocate 32744 bytes for ChunkPool::allocate
# Possible reasons:
#   The system is out of physical RAM or swap space
#   In 32 bit mode, the process size limit was hit
# Possible solutions:
#   Reduce memory load on the system
#   Increase physical memory or swap space
#   Check if swap backing store is full
#   Use 64 bit Java on a 64 bit OS
#   Decrease Java heap size (-Xmx/-Xms)
#   Decrease number of Java threads
#   Decrease Java thread stack sizes (-Xss)
#   Set larger code cache with -XX:ReservedCodeCacheSize=
# This output file may be truncated or incomplete.
#
#  Out of Memory Error (allocation.cpp:273), pid=2532, tid=0x00000000000049e4
#
# JRE version: Java(TM) SE Runtime Environment (8.0_121-b13) (build 1.8.0_121-b13)
# Java VM: Java HotSpot(TM) 64-Bit Server VM (25.121-b13 mixed mode windows-amd64 compressed oops)
# Failed to write core dump. Minidumps are not enabled by default on client versions of Windows
#

---------------  T H R E A D  ---------------

Current thread (0x00000000177f7800):  VMThread [stack: 0x00000000188a0000,0x00000000189a0000] [id=18916]

Stack: [0x00000000188a0000,0x00000000189a0000]
[error occurred during error reporting (printing stack bounds), id 0xc0000005]


[error occurred during error reporting (printing native stack), id 0xc00000fd]

VM_Operation (0x0000000022a7eb40): CollectForMetadataAllocation, mode: safepoint, requested by thread 0x0000000020623800


---------------  P R O C E S S  ---------------

Java Threads: ( => current thread )
  0x0000000020623800 JavaThread "Forward streams with process: command 'C:\Program Files\Java\jdk1.8.0_121\bin\java.exe' Thread 3" [_thread_blocked, id=8824, stack(0x0000000022980000,0x0000000022a80000)]
  0x0000000020628000 JavaThread "Forward streams with process: command 'C:\Program Files\Java\jdk1.8.0_121\bin\java.exe' Thread 2" [_thread_in_native, id=15088, stack(0x0000000022880000,0x0000000022980000)]
  0x0000000020626800 JavaThread "Forward streams with process: command 'C:\Program Files\Java\jdk1.8.0_121\bin\java.exe'" [_thread_blocked, id=15472, stack(0x0000000022780000,0x0000000022880000)]
  0x0000000020625000 JavaThread "Run command 'C:\Program Files\Java\jdk1.8.0_121\bin\java.exe'" [_thread_in_native, id=17904, stack(0x0000000022680000,0x0000000022780000)]
  0x0000000020620800 JavaThread "Cache worker for file content cache (D:\PharmIT-Billing\.gradle\3.5\fileContent)" [_thread_blocked, id=5928, stack(0x0000000020160000,0x0000000020260000)]
  0x000000001a947800 JavaThread "Cache worker for task history cache (D:\PharmIT-Billing\.gradle\3.5\taskHistory)" [_thread_blocked, id=8164, stack(0x000000001fb90000,0x000000001fc90000)]
  0x000000001a94a800 JavaThread "Memory manager" [_thread_blocked, id=404, stack(0x000000001ea20000,0x000000001eb20000)]
  0x000000001a946800 JavaThread "Cache worker for Artifact transforms cache (C:\Users\User\.gradle\caches\transforms-1)" [_thread_blocked, id=3376, stack(0x000000001e500000,0x000000001e600000)]
  0x000000001a945000 JavaThread "File lock request listener" [_thread_in_native, id=14904, stack(0x000000001d230000,0x000000001d330000)]
  0x000000001a946000 JavaThread "Cache worker for file hash cache (C:\Users\User\.gradle\caches\3.5\fileHashes)" [_thread_blocked, id=15052, stack(0x000000001d130000,0x000000001d230000)]
  0x000000001a4c7800 JavaThread "Stdin handler" [_thread_blocked, id=20556, stack(0x000000001d030000,0x000000001d130000)]
  0x000000001a4c7000 JavaThread "Asynchronous log dispatcher for DefaultDaemonConnection: socket connection from /127.0.0.1:54983 to /127.0.0.1:54984" [_thread_blocked, id=6344, stack(0x000000001cf30000,0x000000001d030000)]
  0x000000001a90c800 JavaThread "Daemon worker" [_thread_blocked, id=4472, stack(0x000000001ce30000,0x000000001cf30000)]
  0x000000001a90e000 JavaThread "Cancel handler" [_thread_blocked, id=16004, stack(0x000000001cd30000,0x000000001ce30000)]
  0x000000001abdd800 JavaThread "Handler for socket connection from /127.0.0.1:54983 to /127.0.0.1:54984" [_thread_in_native, id=9676, stack(0x000000001ca30000,0x000000001cb30000)]
  0x000000001a87b800 JavaThread "Daemon" [_thread_blocked, id=18172, stack(0x000000001c930000,0x000000001ca30000)]
  0x000000001a86c000 JavaThread "Daemon periodic checks" [_thread_blocked, id=19712, stack(0x000000001c830000,0x000000001c930000)]
  0x000000001a3f2000 JavaThread "Incoming local TCP Connector on port 54983" [_thread_in_native, id=4964, stack(0x000000001b3e0000,0x000000001b4e0000)]
  0x000000001a5b0000 JavaThread "Daemon health stats" [_thread_blocked, id=7532, stack(0x000000001af70000,0x000000001b070000)]
  0x00000000191c8800 JavaThread "Service Thread" daemon [_thread_blocked, id=10288, stack(0x00000000195a0000,0x00000000196a0000)]
  0x0000000017839800 JavaThread "C1 CompilerThread2" daemon [_thread_blocked, id=13448, stack(0x00000000190a0000,0x00000000191a0000)]
  0x0000000017833800 JavaThread "C2 CompilerThread1" daemon [_thread_blocked, id=6480, stack(0x0000000018fa0000,0x00000000190a0000)]
  0x0000000017830000 JavaThread "C2 CompilerThread0" daemon [_thread_blocked, id=21160, stack(0x0000000018ea0000,0x0000000018fa0000)]
  0x000000001782e800 JavaThread "Attach Listener" daemon [_thread_blocked, id=21024, stack(0x0000000018da0000,0x0000000018ea0000)]
  0x0000000002c0e800 JavaThread "Signal Dispatcher" daemon [_thread_blocked, id=5088, stack(0x0000000018ca0000,0x0000000018da0000)]
  0x0000000002c08800 JavaThread "Finalizer" daemon [_thread_blocked, id=8900, stack(0x0000000018aa0000,0x0000000018ba0000)]
  0x0000000002c03000 JavaThread "Reference Handler" daemon [_thread_blocked, id=10428, stack(0x00000000189a0000,0x0000000018aa0000)]
  0x0000000002b12800 JavaThread "main" [_thread_blocked, id=11616, stack(0x00000000029c0000,0x0000000002ac0000)]

Other Threads:
=>0x00000000177f7800 VMThread [stack: 0x00000000188a0000,0x00000000189a0000] [id=18916]
  0x00000000191e9800 WatcherThread [stack: 0x00000000196a0000,0x00000000197a0000] [id=10576]

VM state:at safepoint (normal execution)

VM Mutex/Monitor currently owned by a thread:  ([mutex/lock_event])
[0x0000000002b0e1b0] Threads_lock - owner thread: 0x00000000177f7800
[0x0000000002b11e50] Heap_lock - owner thread: 0x0000000020623800
[0x0000000002b11550] MethodData_lock - owner thread: 0x0000000020623800

Heap:
 PSYoungGen      total 150528K, used 17396K [0x00000000d5580000, 0x00000000e1e00000, 0x0000000100000000)
  eden space 133120K, 0% used [0x00000000d5580000,0x00000000d5580000,0x00000000dd780000)
  from space 17408K, 99% used [0x00000000e0d00000,0x00000000e1dfd270,0x00000000e1e00000)
  to   space 16384K, 0% used [0x00000000dd780000,0x00000000dd780000,0x00000000de780000)
 ParOldGen       total 98304K, used 44527K [0x0000000080000000, 0x0000000086000000, 0x00000000d5580000)
  object space 98304K, 45% used [0x0000000080000000,0x0000000082b7bff0,0x0000000086000000)
 Metaspace       used 43456K, capacity 46234K, committed 46296K, reserved 1093632K
  class space    used 6056K, capacity 6378K, committed 6400K, reserved 1048576K

Card table byte_map: [0x0000000011fd0000,0x00000000123e0000] byte_map_base: 0x0000000011bd0000

Marking Bits: (ParMarkBitMap*) 0x000000005d78b6d0
 Begin Bits: [0x0000000012a90000, 0x0000000014a90000)
 End Bits:   [0x0000000014a90000, 0x0000000016a90000)

Polling page: 0x0000000001160000

CodeCache: size=245760Kb used=26004Kb max_used=26014Kb free=219755Kb
 bounds [0x0000000002c10000, 0x0000000004590000, 0x0000000011c10000]
 total_blobs=8529 nmethods=7843 adapters=597
 compilation: enabled

Compilation events (10 events):
Event: 56.471 Thread 0x0000000017833800 nmethod 8554 0x000000000457d210 code [0x000000000457d380, 0x000000000457d5a8]
Event: 58.084 Thread 0x0000000017839800 8555       1       org.gradle.internal.io.StreamByteBuffer::access$000 (5 bytes)
Event: 58.084 Thread 0x0000000017830000 8556       4       org.gradle.internal.logging.text.AbstractLineChoppingStyledTextOutput$StateContext::hasChar (22 bytes)
Event: 58.084 Thread 0x0000000017839800 nmethod 8555 0x000000000457ca50 code [0x000000000457cba0, 0x000000000457cc90]
Event: 58.084 Thread 0x0000000017839800 8557       3       org.gradle.internal.io.LinePerThreadBufferingOutputStream::getStream (11 bytes)
Event: 58.085 Thread 0x0000000017839800 nmethod 8557 0x000000000458d790 code [0x000000000458d900, 0x000000000458dc08]
Event: 58.085 Thread 0x0000000017830000 nmethod 8556 0x0000000003895310 code [0x0000000003895440, 0x00000000038954b8]
Event: 58.085 Thread 0x0000000017839800 8558       3       org.gradle.internal.logging.text.AbstractLineChoppingStyledTextOutput$1::execute (9 bytes)
Event: 58.085 Thread 0x0000000017839800 nmethod 8558 0x000000000458d290 code [0x000000000458d400, 0x000000000458d6e8]
Event: 58.085 Thread 0x0000000017839800 8560       3       java.io.FilterOutputStream::write (9 bytes)

GC Heap History (10 events):
Event: 13.246 GC heap after
Heap after GC invocations=12 (full 2):
 PSYoungGen      total 117248K, used 0K [0x00000000d5580000, 0x00000000dd900000, 0x0000000100000000)
  eden space 103936K, 0% used [0x00000000d5580000,0x00000000d5580000,0x00000000dbb00000)
  from space 13312K, 0% used [0x00000000dc800000,0x00000000dc800000,0x00000000dd500000)
  to   space 13312K, 0% used [0x00000000dbb00000,0x00000000dbb00000,0x00000000dc800000)
 ParOldGen       total 98304K, used 19474K [0x0000000080000000, 0x0000000086000000, 0x00000000d5580000)
  object space 98304K, 19% used [0x0000000080000000,0x0000000081304918,0x0000000086000000)
 Metaspace       used 34811K, capacity 35336K, committed 35416K, reserved 1079296K
  class space    used 4857K, capacity 4985K, committed 4992K, reserved 1048576K
}
Event: 14.788 GC heap before
{Heap before GC invocations=13 (full 2):
 PSYoungGen      total 117248K, used 103936K [0x00000000d5580000, 0x00000000dd900000, 0x0000000100000000)
  eden space 103936K, 100% used [0x00000000d5580000,0x00000000dbb00000,0x00000000dbb00000)
  from space 13312K, 0% used [0x00000000dc800000,0x00000000dc800000,0x00000000dd500000)
  to   space 13312K, 0% used [0x00000000dbb00000,0x00000000dbb00000,0x00000000dc800000)
 ParOldGen       total 98304K, used 19474K [0x0000000080000000, 0x0000000086000000, 0x00000000d5580000)
  object space 98304K, 19% used [0x0000000080000000,0x0000000081304918,0x0000000086000000)
 Metaspace       used 37144K, capacity 37810K, committed 37976K, reserved 1081344K
  class space    used 5267K, capacity 5468K, committed 5504K, reserved 1048576K
Event: 14.814 GC heap after
Heap after GC invocations=13 (full 2):
 PSYoungGen      total 117248K, used 10145K [0x00000000d5580000, 0x00000000df500000, 0x0000000100000000)
  eden space 103936K, 0% used [0x00000000d5580000,0x00000000d5580000,0x00000000dbb00000)
  from space 13312K, 76% used [0x00000000dbb00000,0x00000000dc4e8488,0x00000000dc800000)
  to   space 13824K, 0% used [0x00000000de780000,0x00000000de780000,0x00000000df500000)
 ParOldGen       total 98304K, used 19482K [0x0000000080000000, 0x0000000086000000, 0x00000000d5580000)
  object space 98304K, 19% used [0x0000000080000000,0x0000000081306918,0x0000000086000000)
 Metaspace       used 37144K, capacity 37810K, committed 37976K, reserved 1081344K
  class space    used 5267K, capacity 5468K, committed 5504K, reserved 1048576K
}
Event: 16.919 GC heap before
{Heap before GC invocations=14 (full 2):
 PSYoungGen      total 117248K, used 114081K [0x00000000d5580000, 0x00000000df500000, 0x0000000100000000)
  eden space 103936K, 100% used [0x00000000d5580000,0x00000000dbb00000,0x00000000dbb00000)
  from space 13312K, 76% used [0x00000000dbb00000,0x00000000dc4e8488,0x00000000dc800000)
  to   space 13824K, 0% used [0x00000000de780000,0x00000000de780000,0x00000000df500000)
 ParOldGen       total 98304K, used 19482K [0x0000000080000000, 0x0000000086000000, 0x00000000d5580000)
  object space 98304K, 19% used [0x0000000080000000,0x0000000081306918,0x0000000086000000)
 Metaspace       used 39283K, capacity 40500K, committed 40536K, reserved 1083392K
  class space    used 5478K, capacity 5730K, committed 5760K, reserved 1048576K
Event: 16.963 GC heap after
Heap after GC invocations=14 (full 2):
 PSYoungGen      total 146944K, used 13792K [0x00000000d5580000, 0x00000000dfa00000, 0x0000000100000000)
  eden space 133120K, 0% used [0x00000000d5580000,0x00000000d5580000,0x00000000dd780000)
  from space 13824K, 99% used [0x00000000de780000,0x00000000df4f8030,0x00000000df500000)
  to   space 16384K, 0% used [0x00000000dd780000,0x00000000dd780000,0x00000000de780000)
 ParOldGen       total 98304K, used 22834K [0x0000000080000000, 0x0000000086000000, 0x00000000d5580000)
  object space 98304K, 23% used [0x0000000080000000,0x000000008164cb58,0x0000000086000000)
 Metaspace       used 39283K, capacity 40500K, committed 40536K, reserved 1083392K
  class space    used 5478K, capacity 5730K, committed 5760K, reserved 1048576K
}
Event: 22.122 GC heap before
{Heap before GC invocations=15 (full 2):
 PSYoungGen      total 146944K, used 146912K [0x00000000d5580000, 0x00000000dfa00000, 0x0000000100000000)
  eden space 133120K, 100% used [0x00000000d5580000,0x00000000dd780000,0x00000000dd780000)
  from space 13824K, 99% used [0x00000000de780000,0x00000000df4f8030,0x00000000df500000)
  to   space 16384K, 0% used [0x00000000dd780000,0x00000000dd780000,0x00000000de780000)
 ParOldGen       total 98304K, used 22834K [0x0000000080000000, 0x0000000086000000, 0x00000000d5580000)
  object space 98304K, 23% used [0x0000000080000000,0x000000008164cb58,0x0000000086000000)
 Metaspace       used 40630K, capacity 43182K, committed 43352K, reserved 1087488K
  class space    used 5655K, capacity 5991K, committed 6016K, reserved 1048576K
Event: 22.163 GC heap after
Heap after GC invocations=15 (full 2):
 PSYoungGen      total 149504K, used 12480K [0x00000000d5580000, 0x00000000e1e00000, 0x0000000100000000)
  eden space 133120K, 0% used [0x00000000d5580000,0x00000000d5580000,0x00000000dd780000)
  from space 16384K, 76% used [0x00000000dd780000,0x00000000de3b0040,0x00000000de780000)
  to   space 17408K, 0% used [0x00000000e0d00000,0x00000000e0d00000,0x00000000e1e00000)
 ParOldGen       total 98304K, used 36563K [0x0000000080000000, 0x0000000086000000, 0x00000000d5580000)
  object space 98304K, 37% used [0x0000000080000000,0x00000000823b4ef8,0x0000000086000000)
 Metaspace       used 40630K, capacity 43182K, committed 43352K, reserved 1087488K
  class space    used 5655K, capacity 5991K, committed 6016K, reserved 1048576K
}
Event: 58.085 GC heap before
{Heap before GC invocations=16 (full 2):
 PSYoungGen      total 149504K, used 133563K [0x00000000d5580000, 0x00000000e1e00000, 0x0000000100000000)
  eden space 133120K, 90% used [0x00000000d5580000,0x00000000dcbbed28,0x00000000dd780000)
  from space 16384K, 76% used [0x00000000dd780000,0x00000000de3b0040,0x00000000de780000)
  to   space 17408K, 0% used [0x00000000e0d00000,0x00000000e0d00000,0x00000000e1e00000)
 ParOldGen       total 98304K, used 36563K [0x0000000080000000, 0x0000000086000000, 0x00000000d5580000)
  object space 98304K, 37% used [0x0000000080000000,0x00000000823b4ef8,0x0000000086000000)
 Metaspace       used 43456K, capacity 46234K, committed 46296K, reserved 1093632K
  class space    used 6056K, capacity 6378K, committed 6400K, reserved 1048576K
Event: 58.125 GC heap after
Heap after GC invocations=16 (full 2):
 PSYoungGen      total 150528K, used 17396K [0x00000000d5580000, 0x00000000e1e00000, 0x0000000100000000)
  eden space 133120K, 0% used [0x00000000d5580000,0x00000000d5580000,0x00000000dd780000)
  from space 17408K, 99% used [0x00000000e0d00000,0x00000000e1dfd270,0x00000000e1e00000)
  to   space 16384K, 0% used [0x00000000dd780000,0x00000000dd780000,0x00000000de780000)
 ParOldGen       total 98304K, used 44527K [0x0000000080000000, 0x0000000086000000, 0x00000000d5580000)
  object space 98304K, 45% used [0x0000000080000000,0x0000000082b7bff0,0x0000000086000000)
 Metaspace       used 43456K, capacity 46234K, committed 46296K, reserved 1093632K
  class space    used 6056K, capacity 6378K, committed 6400K, reserved 1048576K
}
Event: 58.125 GC heap before
{Heap before GC invocations=17 (full 3):
 PSYoungGen      total 150528K, used 17396K [0x00000000d5580000, 0x00000000e1e00000, 0x0000000100000000)
  eden space 133120K, 0% used [0x00000000d5580000,0x00000000d5580000,0x00000000dd780000)
  from space 17408K, 99% used [0x00000000e0d00000,0x00000000e1dfd270,0x00000000e1e00000)
  to   space 16384K, 0% used [0x00000000dd780000,0x00000000dd780000,0x00000000de780000)
 ParOldGen       total 98304K, used 44527K [0x0000000080000000, 0x0000000086000000, 0x00000000d5580000)
  object space 98304K, 45% used [0x0000000080000000,0x0000000082b7bff0,0x0000000086000000)
 Metaspace       used 43456K, capacity 46234K, committed 46296K, reserved 1093632K
  class space    used 6056K, capacity 6378K, committed 6400K, reserved 1048576K

Deoptimization events (10 events):
Event: 26.193 Thread 0x000000001a90c800 Uncommon trap: reason=bimorphic action=maybe_recompile pc=0x0000000003b66518 method=org.codehaus.groovy.util.SingleKeyHashMap.get(Ljava/lang/Object;)Ljava/lang/Object; @ 43
Event: 26.217 Thread 0x000000001a90c800 Uncommon trap: reason=bimorphic action=maybe_recompile pc=0x0000000003b66518 method=org.codehaus.groovy.util.SingleKeyHashMap.get(Ljava/lang/Object;)Ljava/lang/Object; @ 43
Event: 26.221 Thread 0x000000001a90c800 Uncommon trap: reason=bimorphic action=maybe_recompile pc=0x0000000003b66518 method=org.codehaus.groovy.util.SingleKeyHashMap.get(Ljava/lang/Object;)Ljava/lang/Object; @ 43
Event: 26.222 Thread 0x000000001a90c800 Uncommon trap: reason=bimorphic action=maybe_recompile pc=0x0000000003b66518 method=org.codehaus.groovy.util.SingleKeyHashMap.get(Ljava/lang/Object;)Ljava/lang/Object; @ 43
Event: 26.272 Thread 0x000000001a90c800 Uncommon trap: reason=unstable_if action=reinterpret pc=0x00000000032ae604 method=java.lang.StringBuffer.toString()Ljava/lang/String; @ 4
Event: 26.278 Thread 0x000000001a90c800 Uncommon trap: reason=unstable_if action=reinterpret pc=0x00000000035c9328 method=java.lang.CharacterDataLatin1.digit(II)I @ 31
Event: 26.279 Thread 0x000000001a90c800 Uncommon trap: reason=unstable_if action=reinterpret pc=0x00000000044db818 method=java.util.Calendar.getSetStateFields()I @ 19
Event: 26.587 Thread 0x000000001a90c800 Uncommon trap: reason=unstable_if action=reinterpret pc=0x0000000004317c5c method=java.io.WinNTFileSystem.parentOrNull(Ljava/lang/String;)Ljava/lang/String; @ 62
Event: 27.634 Thread 0x0000000020623800 Uncommon trap: reason=unstable_if action=reinterpret pc=0x0000000002fa6410 method=org.gradle.internal.logging.text.AbstractLineChoppingStyledTextOutput$2.execute(Lorg/gradle/internal/logging/text/AbstractLineChoppingStyledTextOutput$StateContext;)V @ 30
Event: 58.084 Thread 0x0000000020623800 Uncommon trap: reason=unstable_if action=reinterpret pc=0x0000000002f6e78c method=org.gradle.internal.logging.text.AbstractLineChoppingStyledTextOutput$2.execute(Lorg/gradle/internal/logging/text/AbstractLineChoppingStyledTextOutput$StateContext;)V @ 30

Internal exceptions (10 events):
Event: 26.195 Thread 0x000000001a90c800 Exception <a 'java/lang/ClassNotFoundException': java/lang/CloneableBeanInfo> (0x00000000dbd4a808) thrown at [C:\re\workspace\8-2-build-windows-amd64-cygwin\jdk8u121\8372\hotspot\src\share\vm\classfile\systemDictionary.cpp, line 210]
Event: 26.195 Thread 0x000000001a90c800 Exception <a 'java/lang/ClassNotFoundException': java/lang/CloneableCustomizer> (0x00000000dbd55df0) thrown at [C:\re\workspace\8-2-build-windows-amd64-cygwin\jdk8u121\8372\hotspot\src\share\vm\classfile\systemDictionary.cpp, line 210]
Event: 26.196 Thread 0x000000001a90c800 Exception <a 'java/lang/ClassNotFoundException': java/lang/RunnableBeanInfo> (0x00000000dbd6c138) thrown at [C:\re\workspace\8-2-build-windows-amd64-cygwin\jdk8u121\8372\hotspot\src\share\vm\classfile\systemDictionary.cpp, line 210]
Event: 26.197 Thread 0x000000001a90c800 Exception <a 'java/lang/ClassNotFoundException': java/lang/RunnableCustomizer> (0x00000000dbd77338) thrown at [C:\re\workspace\8-2-build-windows-amd64-cygwin\jdk8u121\8372\hotspot\src\share\vm\classfile\systemDictionary.cpp, line 210]
Event: 26.198 Thread 0x000000001a90c800 Exception <a 'java/lang/ClassNotFoundException': groovy/lang/GroovyCallableBeanInfo> (0x00000000dbda7a80) thrown at [C:\re\workspace\8-2-build-windows-amd64-cygwin\jdk8u121\8372\hotspot\src\share\vm\classfile\systemDictionary.cpp, line 210]
Event: 26.207 Thread 0x000000001a90c800 Exception <a 'java/lang/ClassNotFoundException': groovy/lang/GroovyCallableCustomizer> (0x00000000dbdcd398) thrown at [C:\re\workspace\8-2-build-windows-amd64-cygwin\jdk8u121\8372\hotspot\src\share\vm\classfile\systemDictionary.cpp, line 210]
Event: 26.207 Thread 0x000000001a90c800 Exception <a 'java/lang/ClassNotFoundException': java/util/concurrent/CallableBeanInfo> (0x00000000dbde6f68) thrown at [C:\re\workspace\8-2-build-windows-amd64-cygwin\jdk8u121\8372\hotspot\src\share\vm\classfile\systemDictionary.cpp, line 210]
Event: 26.208 Thread 0x000000001a90c800 Exception <a 'java/lang/ClassNotFoundException': java/util/concurrent/CallableCustomizer> (0x00000000dbdf4020) thrown at [C:\re\workspace\8-2-build-windows-amd64-cygwin\jdk8u121\8372\hotspot\src\share\vm\classfile\systemDictionary.cpp, line 210]
Event: 26.215 Thread 0x000000001a90c800 Exception <a 'java/lang/ClassNotFoundException': java/io/SerializableBeanInfo> (0x00000000dbe0bb70) thrown at [C:\re\workspace\8-2-build-windows-amd64-cygwin\jdk8u121\8372\hotspot\src\share\vm\classfile\systemDictionary.cpp, line 210]
Event: 26.215 Thread 0x000000001a90c800 Exception <a 'java/lang/ClassNotFoundException': java/io/SerializableCustomizer> (0x00000000dbe17150) thrown at [C:\re\workspace\8-2-build-windows-amd64-cygwin\jdk8u121\8372\hotspot\src\share\vm\classfile\systemDictionary.cpp, line 210]

Events (10 events):
Event: 26.629 Executing VM operation: RevokeBias done
Event: 27.633 loading class org/gradle/internal/logging/events/StyledTextOutputEvent$Span
Event: 27.633 loading class org/gradle/internal/logging/events/StyledTextOutputEvent$Span done
Event: 27.634 Thread 0x0000000020623800 Uncommon trap: trap_request=0xffffff65 fr.pc=0x0000000002fa6410
Event: 27.634 Thread 0x0000000020623800 DEOPT PACKING pc=0x0000000002fa6410 sp=0x0000000022a7e480
Event: 27.634 Thread 0x0000000020623800 DEOPT UNPACKING pc=0x0000000002c5582a sp=0x0000000022a7e2f0 mode 2
Event: 58.084 Thread 0x0000000020623800 Uncommon trap: trap_request=0xffffff65 fr.pc=0x0000000002f6e78c
Event: 58.084 Thread 0x0000000020623800 DEOPT PACKING pc=0x0000000002f6e78c sp=0x0000000022a7e440
Event: 58.084 Thread 0x0000000020623800 DEOPT UNPACKING pc=0x0000000002c5582a sp=0x0000000022a7e2d8 mode 2
Event: 58.085 Executing VM operation: CollectForMetadataAllocation


Dynamic libraries:
0x00007ff61d0c0000 - 0x00007ff61d0f7000 	C:\Program Files\Java\jdk1.8.0_121\bin\java.exe
0x00007ff806f50000 - 0x00007ff807148000 	C:\WINDOWS\SYSTEM32\ntdll.dll
0x00007ff8061e0000 - 0x00007ff80629f000 	C:\WINDOWS\System32\KERNEL32.DLL
0x00007ff804b00000 - 0x00007ff804dd2000 	C:\WINDOWS\System32\KERNELBASE.dll
0x00007ff8050e0000 - 0x00007ff80518e000 	C:\WINDOWS\System32\ADVAPI32.dll
0x00007ff806140000 - 0x00007ff8061de000 	C:\WINDOWS\System32\msvcrt.dll
0x00007ff805b90000 - 0x00007ff805c2c000 	C:\WINDOWS\System32\sechost.dll
0x00007ff806970000 - 0x00007ff806a95000 	C:\WINDOWS\System32\RPCRT4.dll
0x00007ff805230000 - 0x00007ff8053d1000 	C:\WINDOWS\System32\USER32.dll
0x00007ff804f60000 - 0x00007ff804f82000 	C:\WINDOWS\System32\win32u.dll
0x00007ff805cb0000 - 0x00007ff805cdb000 	C:\WINDOWS\System32\GDI32.dll
0x00007ff8047a0000 - 0x00007ff8048af000 	C:\WINDOWS\System32\gdi32full.dll
0x00007ff804a60000 - 0x00007ff804afd000 	C:\WINDOWS\System32\msvcp_win.dll
0x00007ff804960000 - 0x00007ff804a60000 	C:\WINDOWS\System32\ucrtbase.dll
0x00007ffff40f0000 - 0x00007ffff438a000 	C:\WINDOWS\WinSxS\amd64_microsoft.windows.common-controls_6595b64144ccf1df_6.0.19041.1110_none_60b5254171f9507e\COMCTL32.dll
0x00007ff8051f0000 - 0x00007ff805222000 	C:\WINDOWS\System32\IMM32.DLL
0x000000005d810000 - 0x000000005d8e2000 	C:\Program Files\Java\jdk1.8.0_121\jre\bin\msvcr100.dll
0x000000005cf70000 - 0x000000005d80b000 	C:\Program Files\Java\jdk1.8.0_121\jre\bin\server\jvm.dll
0x00007ff8063b0000 - 0x00007ff8063b8000 	C:\WINDOWS\System32\PSAPI.DLL
0x00007ffff4830000 - 0x00007ffff483a000 	C:\WINDOWS\SYSTEM32\VERSION.dll
0x00007ffff1030000 - 0x00007ffff1039000 	C:\WINDOWS\SYSTEM32\WSOCK32.dll
0x00007ffff32c0000 - 0x00007ffff32e7000 	C:\WINDOWS\SYSTEM32\WINMM.dll
0x00007ff806900000 - 0x00007ff80696b000 	C:\WINDOWS\System32\WS2_32.dll
0x000000005cf60000 - 0x000000005cf6f000 	C:\Program Files\Java\jdk1.8.0_121\jre\bin\verify.dll
0x000000005cf30000 - 0x000000005cf59000 	C:\Program Files\Java\jdk1.8.0_121\jre\bin\java.dll
0x000000005cf10000 - 0x000000005cf26000 	C:\Program Files\Java\jdk1.8.0_121\jre\bin\zip.dll
0x00007ff805440000 - 0x00007ff805b84000 	C:\WINDOWS\System32\SHELL32.dll
0x00007ff8022f0000 - 0x00007ff802a82000 	C:\WINDOWS\SYSTEM32\windows.storage.dll
0x00007ff8063c0000 - 0x00007ff806715000 	C:\WINDOWS\System32\combase.dll
0x00007ff803ee0000 - 0x00007ff803f10000 	C:\WINDOWS\SYSTEM32\Wldp.dll
0x00007ff806730000 - 0x00007ff8067dd000 	C:\WINDOWS\System32\SHCORE.dll
0x00007ff805c50000 - 0x00007ff805ca5000 	C:\WINDOWS\System32\shlwapi.dll
0x00007ff804580000 - 0x00007ff80459f000 	C:\WINDOWS\SYSTEM32\profapi.dll
0x000000005cef0000 - 0x000000005cf0a000 	C:\Program Files\Java\jdk1.8.0_121\jre\bin\net.dll
0x00007ff803cc0000 - 0x00007ff803d2a000 	C:\WINDOWS\system32\mswsock.dll
0x000000005ced0000 - 0x000000005cee1000 	C:\Program Files\Java\jdk1.8.0_121\jre\bin\nio.dll
0x00007fffdaab0000 - 0x00007fffdaace000 	C:\Users\User\.gradle\native\25\windows-amd64\native-platform.dll
0x00007ff803f20000 - 0x00007ff803f38000 	C:\WINDOWS\SYSTEM32\CRYPTSP.dll
0x00007ff803600000 - 0x00007ff803634000 	C:\WINDOWS\system32\rsaenh.dll
0x00007ff804ec0000 - 0x00007ff804ee7000 	C:\WINDOWS\System32\bcrypt.dll
0x00007ff804540000 - 0x00007ff80456e000 	C:\WINDOWS\SYSTEM32\USERENV.dll
0x00007ff804e30000 - 0x00007ff804eb2000 	C:\WINDOWS\System32\bcryptprimitives.dll
0x00007ff803e50000 - 0x00007ff803e5c000 	C:\WINDOWS\SYSTEM32\CRYPTBASE.dll
0x00007ff8039d0000 - 0x00007ff803a0b000 	C:\WINDOWS\SYSTEM32\IPHLPAPI.DLL
0x00007ff806720000 - 0x00007ff806728000 	C:\WINDOWS\System32\NSI.dll
0x00007ffff94a0000 - 0x00007ffff94b7000 	C:\WINDOWS\SYSTEM32\dhcpcsvc6.DLL
0x00007ffff9410000 - 0x00007ffff942d000 	C:\WINDOWS\SYSTEM32\dhcpcsvc.DLL
0x00007ff803a10000 - 0x00007ff803ada000 	C:\WINDOWS\SYSTEM32\DNSAPI.dll
0x000000005cec0000 - 0x000000005cecd000 	C:\Program Files\Java\jdk1.8.0_121\jre\bin\management.dll

VM Arguments:
jvm_args: -XX:MaxPermSize=512m -XX:+HeapDumpOnOutOfMemoryError -Xmx2048m -Dfile.encoding=UTF-8 -Duser.country=IN -Duser.language=en -Duser.variant 
java_command: org.gradle.launcher.daemon.bootstrap.GradleDaemon 3.5
java_class_path (initial): C:\Users\User\.gradle\wrapper\dists\gradle-3.5-all\exhrs6ca08n232b14ue48lbye\gradle-3.5\lib\gradle-launcher-3.5.jar
Launcher Type: SUN_STANDARD

Environment Variables:
JAVA_HOME=C:\Program Files\Java\jdk-15.0.2
PATH=C:\Program Files\Common Files\Oracle\Java\javapath;C:\Python39\Scripts\;C:\Python39\;C:\WINDOWS\system32;C:\WINDOWS;C:\WINDOWS\System32\Wbem;C:\WINDOWS\System32\WindowsPowerShell\v1.0\;C:\WINDOWS\System32\OpenSSH\;C:\Program Files\Git\cmd;C:\Program Files\nodejs\;C:\ProgramData\chocolatey\bin;C:\Program Files\Java\jdk1.8.0_121\bin;C:\hadoop\bin;C:\hadoop\sbin;C:\grails-3.3.6\bin;C:\Program Files\PostgreSQL\14\bin;C:\Program Files\PuTTY\;C:\Program Files\Docker\Docker\resources\bin;C:\ProgramData\DockerDesktop\version-bin;C:\Users\User\AppData\Local\Microsoft\WindowsApps;C:\Users\User\AppData\Roaming\npm;C:\Users\User\AppData\Local\Programs\Microsoft VS Code\bin;C:\Program Files\JetBrains\IntelliJ IDEA 2020.2.4\bin;;
USERNAME=Capulus
OS=Windows_NT
PROCESSOR_IDENTIFIER=Intel64 Family 6 Model 61 Stepping 4, GenuineIntel



---------------  S Y S T E M  ---------------

OS: Windows 10.0 , 64 bit Build 19041 (10.0.19041.2364)

CPU:total 4 (2 cores per cpu, 2 threads per core) family 6 model 61 stepping 4, cmov, cx8, fxsr, mmx, sse, sse2, sse3, ssse3, sse4.1, sse4.2, popcnt, avx, avx2, aes, clmul, erms, rtm, 3dnowpref, lzcnt, ht, tsc, tscinvbit, bmi1, bmi2, adx

Memory: 4k page, physical 8277520k(255764k free), swap 26593948k(0k free)

vm_info: Java HotSpot(TM) 64-Bit Server VM (25.121-b13) for windows-amd64 JRE (1.8.0_121-b13), built on Dec 12 2016 18:21:36 by "java_re" with MS VC++ 10.0 (VS2010)

time: Wed Feb 08 13:19:14 2023
elapsed time: 58 seconds (0d 0h 0m 58s)

