#
# There is insufficient memory for the Java Runtime Environment to continue.
# Native memory allocation (malloc) failed to allocate 1563760 bytes for Chunk::new
# Possible reasons:
#   The system is out of physical RAM or swap space
#   In 32 bit mode, the process size limit was hit
# Possible solutions:
#   Reduce memory load on the system
#   Increase physical memory or swap space
#   Check if swap backing store is full
#   Use 64 bit Java on a 64 bit OS
#   Decrease Java heap size (-Xmx/-Xms)
#   Decrease number of Java threads
#   Decrease Java thread stack sizes (-Xss)
#   Set larger code cache with -XX:ReservedCodeCacheSize=
# This output file may be truncated or incomplete.
#
#  Out of Memory Error (allocation.cpp:390), pid=14468, tid=0x0000000000003574
#
# JRE version: Java(TM) SE Runtime Environment (8.0_121-b13) (build 1.8.0_121-b13)
# Java VM: Java HotSpot(TM) 64-Bit Server VM (25.121-b13 mixed mode windows-amd64 compressed oops)
# Failed to write core dump. Minidumps are not enabled by default on client versions of Windows
#

---------------  T H R E A D  ---------------

Current thread (0x000000001739f800):  JavaThread "C2 CompilerThread0" daemon [_thread_in_native, id=13684, stack(0x00000000189f0000,0x0000000018af0000)]

Stack: [0x00000000189f0000,0x0000000018af0000]
[error occurred during error reporting (printing stack bounds), id 0xc0000005]

Native frames: (J=compiled Java code, j=interpreted, Vv=VM code, C=native code)


Current CompileTask:
C2:  32266 7807       4       org.gradle.model.internal.type.ModelType::wrap (219 bytes)


---------------  P R O C E S S  ---------------

Java Threads: ( => current thread )
  0x00000000202d7000 JavaThread "Cache worker for file content cache (D:\PharmIT-Billing\.gradle\3.5\fileContent)" [_thread_blocked, id=5224, stack(0x0000000022f40000,0x0000000023040000)]
  0x00000000202ce000 JavaThread "Cache worker for task history cache (D:\PharmIT-Billing\.gradle\3.5\taskHistory)" [_thread_blocked, id=1976, stack(0x0000000021ea0000,0x0000000021fa0000)]
  0x00000000202d2000 JavaThread "Memory manager" [_thread_blocked, id=6140, stack(0x000000001f5b0000,0x000000001f6b0000)]
  0x0000000018bfa800 JavaThread "Cache worker for Artifact transforms cache (C:\Users\User\.gradle\caches\transforms-1)" [_thread_blocked, id=11604, stack(0x000000001f930000,0x000000001fa30000)]
  0x0000000018bff000 JavaThread "File lock request listener" [_thread_in_native, id=14428, stack(0x000000001bd40000,0x000000001be40000)]
  0x0000000018bfd800 JavaThread "Cache worker for file hash cache (C:\Users\User\.gradle\caches\3.5\fileHashes)" [_thread_blocked, id=12548, stack(0x000000001bc40000,0x000000001bd40000)]
  0x000000001a1cd800 JavaThread "Stdin handler" [_thread_blocked, id=14612, stack(0x000000001bb40000,0x000000001bc40000)]
  0x0000000019644800 JavaThread "Asynchronous log dispatcher for DefaultDaemonConnection: socket connection from /127.0.0.1:59159 to /127.0.0.1:59160" [_thread_blocked, id=12120, stack(0x000000001ba40000,0x000000001bb40000)]
  0x000000001a111000 JavaThread "Daemon worker" [_thread_in_native, id=3532, stack(0x000000001b940000,0x000000001ba40000)]
  0x0000000019560000 JavaThread "Cancel handler" [_thread_blocked, id=14476, stack(0x000000001b840000,0x000000001b940000)]
  0x0000000018d31800 JavaThread "Handler for socket connection from /127.0.0.1:59159 to /127.0.0.1:59160" [_thread_in_native, id=484, stack(0x000000001b740000,0x000000001b840000)]
  0x0000000018dc3800 JavaThread "Daemon" [_thread_blocked, id=14492, stack(0x000000001b440000,0x000000001b540000)]
  0x000000001a112000 JavaThread "Daemon periodic checks" [_thread_blocked, id=13792, stack(0x000000001b340000,0x000000001b440000)]
  0x0000000019c04000 JavaThread "Incoming local TCP Connector on port 59159" [_thread_in_native, id=9368, stack(0x000000001b100000,0x000000001b200000)]
  0x0000000019d42800 JavaThread "Daemon health stats" [_thread_blocked, id=13200, stack(0x000000001ae00000,0x000000001af00000)]
  0x00000000173fa800 JavaThread "Service Thread" daemon [_thread_blocked, id=5536, stack(0x00000000190f0000,0x00000000191f0000)]
  0x0000000018bfc000 JavaThread "C1 CompilerThread2" daemon [_thread_blocked, id=14956, stack(0x0000000018ff0000,0x00000000190f0000)]
  0x00000000173e1800 JavaThread "C2 CompilerThread1" daemon [_thread_in_native, id=6228, stack(0x0000000018af0000,0x0000000018bf0000)]
=>0x000000001739f800 JavaThread "C2 CompilerThread0" daemon [_thread_in_native, id=13684, stack(0x00000000189f0000,0x0000000018af0000)]
  0x000000001739d800 JavaThread "Attach Listener" daemon [_thread_blocked, id=6944, stack(0x00000000188f0000,0x00000000189f0000)]
  0x000000001739a800 JavaThread "Signal Dispatcher" daemon [_thread_blocked, id=14432, stack(0x00000000187f0000,0x00000000188f0000)]
  0x0000000002775800 JavaThread "Finalizer" daemon [_thread_blocked, id=6748, stack(0x00000000185f0000,0x00000000186f0000)]
  0x0000000002770000 JavaThread "Reference Handler" daemon [_thread_blocked, id=3120, stack(0x00000000184f0000,0x00000000185f0000)]
  0x0000000002682800 JavaThread "main" [_thread_blocked, id=14300, stack(0x0000000002580000,0x0000000002680000)]

Other Threads:
  0x0000000017368000 VMThread [stack: 0x00000000183f0000,0x00000000184f0000] [id=7152]
  0x0000000018c12000 WatcherThread [stack: 0x00000000191f0000,0x00000000192f0000] [id=14620]

VM state:not at safepoint (normal execution)

VM Mutex/Monitor currently owned by a thread: None

Heap:
 PSYoungGen      total 151552K, used 143162K [0x00000000d5580000, 0x00000000e0f80000, 0x0000000100000000)
  eden space 135680K, 93% used [0x00000000d5580000,0x00000000dd1d28b8,0x00000000dda00000)
  from space 15872K, 99% used [0x00000000dee80000,0x00000000dfdfc060,0x00000000dfe00000)
  to   space 20992K, 0% used [0x00000000dda00000,0x00000000dda00000,0x00000000dee80000)
 ParOldGen       total 96256K, used 32862K [0x0000000080000000, 0x0000000085e00000, 0x00000000d5580000)
  object space 96256K, 34% used [0x0000000080000000,0x0000000082017960,0x0000000085e00000)
 Metaspace       used 42382K, capacity 45118K, committed 45144K, reserved 1087488K
  class space    used 5920K, capacity 6246K, committed 6272K, reserved 1048576K

Card table byte_map: [0x0000000011b40000,0x0000000011f50000] byte_map_base: 0x0000000011740000

Marking Bits: (ParMarkBitMap*) 0x000000006888b6d0
 Begin Bits: [0x0000000012600000, 0x0000000014600000)
 End Bits:   [0x0000000014600000, 0x0000000016600000)

Polling page: 0x0000000000960000

CodeCache: size=245760Kb used=26275Kb max_used=26275Kb free=219484Kb
 bounds [0x0000000002780000, 0x0000000004150000, 0x0000000011780000]
 total_blobs=8031 nmethods=7348 adapters=594
 compilation: enabled

Compilation events (10 events):
Event: 32.250 Thread 0x0000000018bfc000 7996       3       java.io.ObjectOutputStream$BlockDataOutputStream::writeLong (48 bytes)
Event: 32.250 Thread 0x0000000018bfc000 nmethod 7996 0x000000000412ce10 code [0x000000000412cf80, 0x000000000412d258]
Event: 32.251 Thread 0x0000000018bfc000 7999       3       com.google.common.cache.LocalCache$Segment::copyEntry (81 bytes)
Event: 32.252 Thread 0x0000000018bfc000 nmethod 7999 0x0000000004136150 code [0x0000000004136320, 0x0000000004136ae8]
Event: 32.252 Thread 0x0000000018bfc000 8000       3       com.google.common.cache.LocalCache$EntryFactory::copyEntry (19 bytes)
Event: 32.252 Thread 0x0000000018bfc000 nmethod 8000 0x000000000412c790 code [0x000000000412c920, 0x000000000412cce8]
Event: 32.261 Thread 0x0000000018bfc000 8001       3       org.apache.commons.collections.map.LRUMap::addMapping (326 bytes)
Event: 32.263 Thread 0x0000000018bfc000 nmethod 8001 0x000000000413fcd0 code [0x0000000004140120, 0x0000000004142168]
Event: 32.263 Thread 0x0000000018bfc000 8002       3       org.apache.commons.collections.map.LRUMap::isFull (17 bytes)
Event: 32.263 Thread 0x0000000018bfc000 nmethod 8002 0x0000000004135dd0 code [0x0000000004135f20, 0x00000000041360d0]

GC Heap History (10 events):
Event: 20.521 GC heap before
{Heap before GC invocations=10 (full 1):
 PSYoungGen      total 97280K, used 91736K [0x00000000d5580000, 0x00000000dc100000, 0x0000000100000000)
  eden space 86528K, 94% used [0x00000000d5580000,0x00000000da5a0b58,0x00000000daa00000)
  from space 10752K, 90% used [0x00000000db600000,0x00000000dbf756d8,0x00000000dc080000)
  to   space 11776K, 0% used [0x00000000daa00000,0x00000000daa00000,0x00000000db580000)
 ParOldGen       total 60416K, used 9732K [0x0000000080000000, 0x0000000083b00000, 0x00000000d5580000)
  object space 60416K, 16% used [0x0000000080000000,0x0000000080981060,0x0000000083b00000)
 Metaspace       used 34889K, capacity 35348K, committed 35416K, reserved 1079296K
  class space    used 4869K, capacity 4985K, committed 4992K, reserved 1048576K
Event: 20.550 GC heap after
Heap after GC invocations=10 (full 1):
 PSYoungGen      total 98304K, used 10706K [0x00000000d5580000, 0x00000000de200000, 0x0000000100000000)
  eden space 86528K, 0% used [0x00000000d5580000,0x00000000d5580000,0x00000000daa00000)
  from space 11776K, 90% used [0x00000000daa00000,0x00000000db474990,0x00000000db580000)
  to   space 12800K, 0% used [0x00000000dd580000,0x00000000dd580000,0x00000000de200000)
 ParOldGen       total 60416K, used 13096K [0x0000000080000000, 0x0000000083b00000, 0x00000000d5580000)
  object space 60416K, 21% used [0x0000000080000000,0x0000000080cca250,0x0000000083b00000)
 Metaspace       used 34889K, capacity 35348K, committed 35416K, reserved 1079296K
  class space    used 4869K, capacity 4985K, committed 4992K, reserved 1048576K
}
Event: 20.550 GC heap before
{Heap before GC invocations=11 (full 2):
 PSYoungGen      total 98304K, used 10706K [0x00000000d5580000, 0x00000000de200000, 0x0000000100000000)
  eden space 86528K, 0% used [0x00000000d5580000,0x00000000d5580000,0x00000000daa00000)
  from space 11776K, 90% used [0x00000000daa00000,0x00000000db474990,0x00000000db580000)
  to   space 12800K, 0% used [0x00000000dd580000,0x00000000dd580000,0x00000000de200000)
 ParOldGen       total 60416K, used 13096K [0x0000000080000000, 0x0000000083b00000, 0x00000000d5580000)
  object space 60416K, 21% used [0x0000000080000000,0x0000000080cca250,0x0000000083b00000)
 Metaspace       used 34889K, capacity 35348K, committed 35416K, reserved 1079296K
  class space    used 4869K, capacity 4985K, committed 4992K, reserved 1048576K
Event: 20.726 GC heap after
Heap after GC invocations=11 (full 2):
 PSYoungGen      total 98304K, used 0K [0x00000000d5580000, 0x00000000de200000, 0x0000000100000000)
  eden space 86528K, 0% used [0x00000000d5580000,0x00000000d5580000,0x00000000daa00000)
  from space 11776K, 0% used [0x00000000daa00000,0x00000000daa00000,0x00000000db580000)
  to   space 12800K, 0% used [0x00000000dd580000,0x00000000dd580000,0x00000000de200000)
 ParOldGen       total 96256K, used 20431K [0x0000000080000000, 0x0000000085e00000, 0x00000000d5580000)
  object space 96256K, 21% used [0x0000000080000000,0x00000000813f3f28,0x0000000085e00000)
 Metaspace       used 34889K, capacity 35348K, committed 35416K, reserved 1079296K
  class space    used 4869K, capacity 4985K, committed 4992K, reserved 1048576K
}
Event: 23.251 GC heap before
{Heap before GC invocations=12 (full 2):
 PSYoungGen      total 98304K, used 86528K [0x00000000d5580000, 0x00000000de200000, 0x0000000100000000)
  eden space 86528K, 100% used [0x00000000d5580000,0x00000000daa00000,0x00000000daa00000)
  from space 11776K, 0% used [0x00000000daa00000,0x00000000daa00000,0x00000000db580000)
  to   space 12800K, 0% used [0x00000000dd580000,0x00000000dd580000,0x00000000de200000)
 ParOldGen       total 96256K, used 20431K [0x0000000080000000, 0x0000000085e00000, 0x00000000d5580000)
  object space 96256K, 21% used [0x0000000080000000,0x00000000813f3f28,0x0000000085e00000)
 Metaspace       used 36742K, capacity 37394K, committed 37720K, reserved 1081344K
  class space    used 5191K, capacity 5390K, committed 5504K, reserved 1048576K
Event: 23.281 GC heap after
Heap after GC invocations=12 (full 2):
 PSYoungGen      total 118784K, used 8677K [0x00000000d5580000, 0x00000000dde00000, 0x0000000100000000)
  eden space 110080K, 0% used [0x00000000d5580000,0x00000000d5580000,0x00000000dc100000)
  from space 8704K, 99% used [0x00000000dd580000,0x00000000dddf97c8,0x00000000dde00000)
  to   space 12800K, 0% used [0x00000000dc500000,0x00000000dc500000,0x00000000dd180000)
 ParOldGen       total 96256K, used 20439K [0x0000000080000000, 0x0000000085e00000, 0x00000000d5580000)
  object space 96256K, 21% used [0x0000000080000000,0x00000000813f5f28,0x0000000085e00000)
 Metaspace       used 36742K, capacity 37394K, committed 37720K, reserved 1081344K
  class space    used 5191K, capacity 5390K, committed 5504K, reserved 1048576K
}
Event: 26.575 GC heap before
{Heap before GC invocations=13 (full 2):
 PSYoungGen      total 118784K, used 118757K [0x00000000d5580000, 0x00000000dde00000, 0x0000000100000000)
  eden space 110080K, 100% used [0x00000000d5580000,0x00000000dc100000,0x00000000dc100000)
  from space 8704K, 99% used [0x00000000dd580000,0x00000000dddf97c8,0x00000000dde00000)
  to   space 12800K, 0% used [0x00000000dc500000,0x00000000dc500000,0x00000000dd180000)
 ParOldGen       total 96256K, used 20439K [0x0000000080000000, 0x0000000085e00000, 0x00000000d5580000)
  object space 96256K, 21% used [0x0000000080000000,0x00000000813f5f28,0x0000000085e00000)
 Metaspace       used 39298K, capacity 40456K, committed 40536K, reserved 1083392K
  class space    used 5480K, capacity 5734K, committed 5760K, reserved 1048576K
Event: 26.614 GC heap after
Heap after GC invocations=13 (full 2):
 PSYoungGen      total 126976K, used 12784K [0x00000000d5580000, 0x00000000dfe00000, 0x0000000100000000)
  eden space 114176K, 0% used [0x00000000d5580000,0x00000000d5580000,0x00000000dc500000)
  from space 12800K, 99% used [0x00000000dc500000,0x00000000dd17c020,0x00000000dd180000)
  to   space 15872K, 0% used [0x00000000dee80000,0x00000000dee80000,0x00000000dfe00000)
 ParOldGen       total 96256K, used 25203K [0x0000000080000000, 0x0000000085e00000, 0x00000000d5580000)
  object space 96256K, 26% used [0x0000000080000000,0x000000008189ccb8,0x0000000085e00000)
 Metaspace       used 39298K, capacity 40456K, committed 40536K, reserved 1083392K
  class space    used 5480K, capacity 5734K, committed 5760K, reserved 1048576K
}
Event: 29.453 GC heap before
{Heap before GC invocations=14 (full 2):
 PSYoungGen      total 126976K, used 126960K [0x00000000d5580000, 0x00000000dfe00000, 0x0000000100000000)
  eden space 114176K, 100% used [0x00000000d5580000,0x00000000dc500000,0x00000000dc500000)
  from space 12800K, 99% used [0x00000000dc500000,0x00000000dd17c020,0x00000000dd180000)
  to   space 15872K, 0% used [0x00000000dee80000,0x00000000dee80000,0x00000000dfe00000)
 ParOldGen       total 96256K, used 25203K [0x0000000080000000, 0x0000000085e00000, 0x00000000d5580000)
  object space 96256K, 26% used [0x0000000080000000,0x000000008189ccb8,0x0000000085e00000)
 Metaspace       used 40466K, capacity 42794K, committed 42840K, reserved 1085440K
  class space    used 5640K, capacity 5974K, committed 6016K, reserved 1048576K
Event: 29.500 GC heap after
Heap after GC invocations=14 (full 2):
 PSYoungGen      total 151552K, used 15856K [0x00000000d5580000, 0x00000000e0f80000, 0x0000000100000000)
  eden space 135680K, 0% used [0x00000000d5580000,0x00000000d5580000,0x00000000dda00000)
  from space 15872K, 99% used [0x00000000dee80000,0x00000000dfdfc060,0x00000000dfe00000)
  to   space 20992K, 0% used [0x00000000dda00000,0x00000000dda00000,0x00000000dee80000)
 ParOldGen       total 96256K, used 32862K [0x0000000080000000, 0x0000000085e00000, 0x00000000d5580000)
  object space 96256K, 34% used [0x0000000080000000,0x0000000082017960,0x0000000085e00000)
 Metaspace       used 40466K, capacity 42794K, committed 42840K, reserved 1085440K
  class space    used 5640K, capacity 5974K, committed 6016K, reserved 1048576K
}

Deoptimization events (10 events):
Event: 31.936 Thread 0x000000001a111000 Uncommon trap: reason=bimorphic action=maybe_recompile pc=0x00000000039935bc method=com.google.common.collect.ImmutableList.copyOf(Ljava/util/Collection;)Lcom/google/common/collect/ImmutableList; @ 35
Event: 32.145 Thread 0x000000001a111000 Uncommon trap: reason=class_check action=maybe_recompile pc=0x00000000040e77f0 method=com.google.common.collect.NaturalOrdering.compare(Ljava/lang/Object;Ljava/lang/Object;)I @ 2
Event: 32.145 Thread 0x000000001a111000 Uncommon trap: reason=class_check action=maybe_recompile pc=0x00000000040e77f0 method=com.google.common.collect.NaturalOrdering.compare(Ljava/lang/Object;Ljava/lang/Object;)I @ 2
Event: 32.145 Thread 0x000000001a111000 Uncommon trap: reason=class_check action=maybe_recompile pc=0x00000000040e77f0 method=com.google.common.collect.NaturalOrdering.compare(Ljava/lang/Object;Ljava/lang/Object;)I @ 2
Event: 32.145 Thread 0x000000001a111000 Uncommon trap: reason=class_check action=maybe_recompile pc=0x00000000040e77f0 method=com.google.common.collect.NaturalOrdering.compare(Ljava/lang/Object;Ljava/lang/Object;)I @ 2
Event: 32.262 Thread 0x000000001a111000 Uncommon trap: reason=bimorphic action=maybe_recompile pc=0x0000000003d856ac method=java.util.regex.Pattern$Branch.match(Ljava/util/regex/Matcher;ILjava/lang/CharSequence;)Z @ 32
Event: 32.262 Thread 0x000000001a111000 Uncommon trap: reason=bimorphic action=maybe_recompile pc=0x0000000003d856ac method=java.util.regex.Pattern$Branch.match(Ljava/util/regex/Matcher;ILjava/lang/CharSequence;)Z @ 32
Event: 32.262 Thread 0x000000001a111000 Uncommon trap: reason=bimorphic action=maybe_recompile pc=0x0000000003d856ac method=java.util.regex.Pattern$Branch.match(Ljava/util/regex/Matcher;ILjava/lang/CharSequence;)Z @ 32
Event: 32.262 Thread 0x000000001a111000 Uncommon trap: reason=bimorphic action=maybe_recompile pc=0x0000000003d856ac method=java.util.regex.Pattern$Branch.match(Ljava/util/regex/Matcher;ILjava/lang/CharSequence;)Z @ 32
Event: 32.262 Thread 0x000000001a111000 Uncommon trap: reason=class_check action=maybe_recompile pc=0x0000000003b2d7c8 method=org.gradle.api.internal.DefaultDomainObjectCollection.isEmpty()Z @ 1

Internal exceptions (10 events):
Event: 31.316 Thread 0x000000001a111000 Exception <a 'java/lang/ClassNotFoundException': org/gradle/api/tasks/DeleteBeanInfo> (0x00000000db56ea18) thrown at [C:\re\workspace\8-2-build-windows-amd64-cygwin\jdk8u121\8372\hotspot\src\share\vm\classfile\systemDictionary.cpp, line 210]
Event: 31.317 Thread 0x000000001a111000 Exception <a 'java/lang/ClassNotFoundException': org/gradle/api/tasks/DeleteCustomizer> (0x00000000db57cd90) thrown at [C:\re\workspace\8-2-build-windows-amd64-cygwin\jdk8u121\8372\hotspot\src\share\vm\classfile\systemDictionary.cpp, line 210]
Event: 31.320 Thread 0x000000001a111000 Exception <a 'java/lang/ClassNotFoundException': org/gradle/api/tasks/Delete_DecoratedCustomizer> (0x00000000db5a5060) thrown at [C:\re\workspace\8-2-build-windows-amd64-cygwin\jdk8u121\8372\hotspot\src\share\vm\classfile\systemDictionary.cpp, line 210]
Event: 31.396 Thread 0x000000001a111000 Implicit null exception at 0x0000000003dd691f to 0x0000000003dd807d
Event: 31.484 Thread 0x000000001a111000 Exception <a 'java/lang/ClassNotFoundException': org/gradle/platform/base/BinaryContainer_ImplBeanInfo> (0x00000000dbc1f630) thrown at [C:\re\workspace\8-2-build-windows-amd64-cygwin\jdk8u121\8372\hotspot\src\share\vm\classfile\systemDictionary.cpp, line 
Event: 31.485 Thread 0x000000001a111000 Exception <a 'java/lang/ClassNotFoundException': org/gradle/model/internal/core/NodeBackedModelMapBeanInfo> (0x00000000dbc31568) thrown at [C:\re\workspace\8-2-build-windows-amd64-cygwin\jdk8u121\8372\hotspot\src\share\vm\classfile\systemDictionary.cpp, l
Event: 31.485 Thread 0x000000001a111000 Exception <a 'java/lang/ClassNotFoundException': org/gradle/model/internal/core/ModelMapGroovyViewBeanInfo> (0x00000000dbc434a0) thrown at [C:\re\workspace\8-2-build-windows-amd64-cygwin\jdk8u121\8372\hotspot\src\share\vm\classfile\systemDictionary.cpp, l
Event: 31.486 Thread 0x000000001a111000 Exception <a 'java/lang/ClassNotFoundException': org/gradle/model/internal/core/ModelMapGroovyViewCustomizer> (0x00000000dbc55f80) thrown at [C:\re\workspace\8-2-build-windows-amd64-cygwin\jdk8u121\8372\hotspot\src\share\vm\classfile\systemDictionary.cpp,
Event: 31.487 Thread 0x000000001a111000 Exception <a 'java/lang/ClassNotFoundException': org/gradle/model/internal/core/NodeBackedModelMapCustomizer> (0x00000000dbc7beb0) thrown at [C:\re\workspace\8-2-build-windows-amd64-cygwin\jdk8u121\8372\hotspot\src\share\vm\classfile\systemDictionary.cpp,
Event: 31.489 Thread 0x000000001a111000 Exception <a 'java/lang/ClassNotFoundException': org/gradle/platform/base/BinaryContainer_ImplCustomizer> (0x00000000dbcdb668) thrown at [C:\re\workspace\8-2-build-windows-amd64-cygwin\jdk8u121\8372\hotspot\src\share\vm\classfile\systemDictionary.cpp, lin

Events (10 events):
Event: 32.262 Thread 0x000000001a111000 DEOPT UNPACKING pc=0x00000000027c582a sp=0x000000001ba3bd68 mode 2
Event: 32.262 Thread 0x000000001a111000 Uncommon trap: trap_request=0xffffffc6 fr.pc=0x0000000003d856ac
Event: 32.262 Thread 0x000000001a111000 DEOPT PACKING pc=0x0000000003d856ac sp=0x000000001ba3bdb0
Event: 32.262 Thread 0x000000001a111000 DEOPT UNPACKING pc=0x00000000027c582a sp=0x000000001ba3bd68 mode 2
Event: 32.262 Thread 0x000000001a111000 Uncommon trap: trap_request=0xffffffc6 fr.pc=0x0000000003d856ac
Event: 32.262 Thread 0x000000001a111000 DEOPT PACKING pc=0x0000000003d856ac sp=0x000000001ba3bdb0
Event: 32.262 Thread 0x000000001a111000 DEOPT UNPACKING pc=0x00000000027c582a sp=0x000000001ba3bd68 mode 2
Event: 32.262 Thread 0x000000001a111000 Uncommon trap: trap_request=0xffffffde fr.pc=0x0000000003b2d7c8
Event: 32.262 Thread 0x000000001a111000 DEOPT PACKING pc=0x0000000003b2d7c8 sp=0x000000001ba3c430
Event: 32.262 Thread 0x000000001a111000 DEOPT UNPACKING pc=0x00000000027c582a sp=0x000000001ba3c3e8 mode 2


Dynamic libraries:
0x00007ff61ead0000 - 0x00007ff61eb07000 	C:\Program Files\Java\jdk1.8.0_121\bin\java.exe
0x00007fffd7a90000 - 0x00007fffd7c88000 	C:\WINDOWS\SYSTEM32\ntdll.dll
0x00007fffd67c0000 - 0x00007fffd687d000 	C:\WINDOWS\System32\KERNEL32.DLL
0x00007fffd5350000 - 0x00007fffd561e000 	C:\WINDOWS\System32\KERNELBASE.dll
0x00007fffd6ed0000 - 0x00007fffd6f7e000 	C:\WINDOWS\System32\ADVAPI32.dll
0x00007fffd5db0000 - 0x00007fffd5e4e000 	C:\WINDOWS\System32\msvcrt.dll
0x00007fffd6c20000 - 0x00007fffd6cbc000 	C:\WINDOWS\System32\sechost.dll
0x00007fffd6af0000 - 0x00007fffd6c15000 	C:\WINDOWS\System32\RPCRT4.dll
0x00007fffd76d0000 - 0x00007fffd7870000 	C:\WINDOWS\System32\USER32.dll
0x00007fffd5650000 - 0x00007fffd5672000 	C:\WINDOWS\System32\win32u.dll
0x00007fffd5d80000 - 0x00007fffd5daa000 	C:\WINDOWS\System32\GDI32.dll
0x00007fffd5680000 - 0x00007fffd578b000 	C:\WINDOWS\System32\gdi32full.dll
0x00007fffd51b0000 - 0x00007fffd524d000 	C:\WINDOWS\System32\msvcp_win.dll
0x00007fffd5790000 - 0x00007fffd5890000 	C:\WINDOWS\System32\ucrtbase.dll
0x00007fffc4e20000 - 0x00007fffc50ba000 	C:\WINDOWS\WinSxS\amd64_microsoft.windows.common-controls_6595b64144ccf1df_6.0.19041.1110_none_60b5254171f9507e\COMCTL32.dll
0x00007fffd6ea0000 - 0x00007fffd6ed0000 	C:\WINDOWS\System32\IMM32.DLL
0x0000000068910000 - 0x00000000689e2000 	C:\Program Files\Java\jdk1.8.0_121\jre\bin\msvcr100.dll
0x0000000068070000 - 0x000000006890b000 	C:\Program Files\Java\jdk1.8.0_121\jre\bin\server\jvm.dll
0x00007fffd6dc0000 - 0x00007fffd6dc8000 	C:\WINDOWS\System32\PSAPI.DLL
0x00007fffc0c90000 - 0x00007fffc0c99000 	C:\WINDOWS\SYSTEM32\WSOCK32.dll
0x00007fffd5e50000 - 0x00007fffd5ebb000 	C:\WINDOWS\System32\WS2_32.dll
0x00007fffc3910000 - 0x00007fffc3937000 	C:\WINDOWS\SYSTEM32\WINMM.dll
0x00007fffc6590000 - 0x00007fffc659a000 	C:\WINDOWS\SYSTEM32\VERSION.dll
0x0000000068060000 - 0x000000006806f000 	C:\Program Files\Java\jdk1.8.0_121\jre\bin\verify.dll
0x0000000068030000 - 0x0000000068059000 	C:\Program Files\Java\jdk1.8.0_121\jre\bin\java.dll
0x0000000068010000 - 0x0000000068026000 	C:\Program Files\Java\jdk1.8.0_121\jre\bin\zip.dll
0x00007fffd6f80000 - 0x00007fffd76c4000 	C:\WINDOWS\System32\SHELL32.dll
0x00007fffd2ea0000 - 0x00007fffd3634000 	C:\WINDOWS\SYSTEM32\windows.storage.dll
0x00007fffd6330000 - 0x00007fffd6684000 	C:\WINDOWS\System32\combase.dll
0x00007fffd4a60000 - 0x00007fffd4a90000 	C:\WINDOWS\SYSTEM32\Wldp.dll
0x00007fffd5c40000 - 0x00007fffd5ced000 	C:\WINDOWS\System32\SHCORE.dll
0x00007fffd5be0000 - 0x00007fffd5c35000 	C:\WINDOWS\System32\shlwapi.dll
0x00007fffd50f0000 - 0x00007fffd510f000 	C:\WINDOWS\SYSTEM32\profapi.dll
0x0000000067ff0000 - 0x000000006800a000 	C:\Program Files\Java\jdk1.8.0_121\jre\bin\net.dll
0x00007fffd4840000 - 0x00007fffd48aa000 	C:\WINDOWS\system32\mswsock.dll
0x0000000067fd0000 - 0x0000000067fe1000 	C:\Program Files\Java\jdk1.8.0_121\jre\bin\nio.dll
0x00007fffab2e0000 - 0x00007fffab2fe000 	C:\Users\User\.gradle\native\25\windows-amd64\native-platform.dll
0x00007fffd4aa0000 - 0x00007fffd4ab8000 	C:\WINDOWS\SYSTEM32\CRYPTSP.dll
0x00007fffd41e0000 - 0x00007fffd4214000 	C:\WINDOWS\system32\rsaenh.dll
0x00007fffd5620000 - 0x00007fffd5647000 	C:\WINDOWS\System32\bcrypt.dll
0x00007fffd50b0000 - 0x00007fffd50de000 	C:\WINDOWS\SYSTEM32\USERENV.dll
0x00007fffd5890000 - 0x00007fffd5912000 	C:\WINDOWS\System32\bcryptprimitives.dll
0x00007fffd49d0000 - 0x00007fffd49dc000 	C:\WINDOWS\SYSTEM32\CRYPTBASE.dll
0x00007fffd4550000 - 0x00007fffd458b000 	C:\WINDOWS\SYSTEM32\IPHLPAPI.DLL
0x00007fffd5cf0000 - 0x00007fffd5cf8000 	C:\WINDOWS\System32\NSI.dll
0x00007fffcaf00000 - 0x00007fffcaf17000 	C:\WINDOWS\SYSTEM32\dhcpcsvc6.DLL
0x00007fffcaee0000 - 0x00007fffcaefd000 	C:\WINDOWS\SYSTEM32\dhcpcsvc.DLL
0x00007fffd4590000 - 0x00007fffd465a000 	C:\WINDOWS\SYSTEM32\DNSAPI.dll
0x0000000067fc0000 - 0x0000000067fcd000 	C:\Program Files\Java\jdk1.8.0_121\jre\bin\management.dll

VM Arguments:
jvm_args: -XX:MaxPermSize=512m -XX:+HeapDumpOnOutOfMemoryError -Xmx2048m -Dfile.encoding=UTF-8 -Duser.country=IN -Duser.language=en -Duser.variant 
java_command: org.gradle.launcher.daemon.bootstrap.GradleDaemon 3.5
java_class_path (initial): C:\Users\User\.gradle\wrapper\dists\gradle-3.5-all\exhrs6ca08n232b14ue48lbye\gradle-3.5\lib\gradle-launcher-3.5.jar
Launcher Type: SUN_STANDARD

Environment Variables:
JAVA_HOME=C:\Program Files\Java\jdk-15.0.2
PATH=C:\Program Files\Common Files\Oracle\Java\javapath;C:\Python39\Scripts\;C:\Python39\;C:\WINDOWS\system32;C:\WINDOWS;C:\WINDOWS\System32\Wbem;C:\WINDOWS\System32\WindowsPowerShell\v1.0\;C:\WINDOWS\System32\OpenSSH\;C:\Program Files\Git\cmd;C:\Program Files\nodejs\;C:\ProgramData\chocolatey\bin;C:\Program Files\Java\jdk1.8.0_121\bin;C:\hadoop\bin;C:\hadoop\sbin;C:\grails-3.3.6\bin;C:\Program Files\PostgreSQL\14\bin;C:\Program Files\PuTTY\;C:\Program Files\Docker\Docker\resources\bin;C:\ProgramData\DockerDesktop\version-bin;C:\Users\User\AppData\Local\Microsoft\WindowsApps;C:\Users\User\AppData\Roaming\npm;C:\Users\User\AppData\Local\Programs\Microsoft VS Code\bin;C:\Program Files\JetBrains\IntelliJ IDEA 2020.2.4\bin;;
USERNAME=Capulus
OS=Windows_NT
PROCESSOR_IDENTIFIER=Intel64 Family 6 Model 61 Stepping 4, GenuineIntel



---------------  S Y S T E M  ---------------

OS: Windows 10.0 , 64 bit Build 19041 (10.0.19041.1889)

CPU:total 4 (2 cores per cpu, 2 threads per core) family 6 model 61 stepping 4, cmov, cx8, fxsr, mmx, sse, sse2, sse3, ssse3, sse4.1, sse4.2, popcnt, avx, avx2, aes, clmul, erms, rtm, 3dnowpref, lzcnt, ht, tsc, tscinvbit, bmi1, bmi2, adx

Memory: 4k page, physical 8277520k(252420k free), swap 26593948k(5952k free)

vm_info: Java HotSpot(TM) 64-Bit Server VM (25.121-b13) for windows-amd64 JRE (1.8.0_121-b13), built on Dec 12 2016 18:21:36 by "java_re" with MS VC++ 10.0 (VS2010)

time: Tue Sep 13 18:02:52 2022
elapsed time: 32 seconds (0d 0h 0m 32s)

