#
# There is insufficient memory for the Java Runtime Environment to continue.
# Native memory allocation (malloc) failed to allocate 1100976 bytes for Chunk::new
# Possible reasons:
#   The system is out of physical RAM or swap space
#   In 32 bit mode, the process size limit was hit
# Possible solutions:
#   Reduce memory load on the system
#   Increase physical memory or swap space
#   Check if swap backing store is full
#   Use 64 bit Java on a 64 bit OS
#   Decrease Java heap size (-Xmx/-Xms)
#   Decrease number of Java threads
#   Decrease Java thread stack sizes (-Xss)
#   Set larger code cache with -XX:ReservedCodeCacheSize=
# This output file may be truncated or incomplete.
#
#  Out of Memory Error (allocation.cpp:390), pid=2956, tid=0x0000000000002d40
#
# JRE version: Java(TM) SE Runtime Environment (8.0_121-b13) (build 1.8.0_121-b13)
# Java VM: Java HotSpot(TM) 64-Bit Server VM (25.121-b13 mixed mode windows-amd64 compressed oops)
# Failed to write core dump. Minidumps are not enabled by default on client versions of Windows
#

---------------  T H R E A D  ---------------

Current thread (0x00000000176f9000):  JavaThread "C2 CompilerThread0" daemon [_thread_in_native, id=11584, stack(0x0000000018d60000,0x0000000018e60000)]

Stack: [0x0000000018d60000,0x0000000018e60000]
[error occurred during error reporting (printing stack bounds), id 0xc0000005]

Native frames: (J=compiled Java code, j=interpreted, Vv=VM code, C=native code)


Current CompileTask:
C2: 135184 11555   !   4       org.gradle.api.internal.file.FileOrUriNotationConverter::convert (329 bytes)


---------------  P R O C E S S  ---------------

Java Threads: ( => current thread )
  0x000000001ec9c800 JavaThread "Cache worker for task history cache (D:\PharmIT-Billing\.gradle\3.5\taskHistory)" [_thread_blocked, id=16556, stack(0x000000001bdb0000,0x000000001beb0000)]
  0x000000001eca1800 JavaThread "Stdin handler" [_thread_blocked, id=16500, stack(0x000000001bcb0000,0x000000001bdb0000)]
  0x000000001eca2800 JavaThread "Asynchronous log dispatcher for DefaultDaemonConnection: socket connection from /127.0.0.1:55202 to /127.0.0.1:55288" [_thread_blocked, id=10876, stack(0x000000001bbb0000,0x000000001bcb0000)]
  0x000000001eca1000 JavaThread "Daemon worker Thread 2" [_thread_blocked, id=17340, stack(0x000000001b8b0000,0x000000001b9b0000)]
  0x000000001eca0000 JavaThread "Cancel handler" [_thread_blocked, id=15952, stack(0x000000001b7b0000,0x000000001b8b0000)]
  0x000000001ec9a000 JavaThread "Handler for socket connection from /127.0.0.1:55202 to /127.0.0.1:55288" [_thread_in_native, id=13392, stack(0x0000000002750000,0x0000000002850000)]
  0x000000001ec9f800 JavaThread "Daemon Thread 2" [_thread_blocked, id=15540, stack(0x0000000000d90000,0x0000000000e90000)]
  0x000000001a636800 JavaThread "Memory manager" [_thread_blocked, id=9304, stack(0x000000001d680000,0x000000001d780000)]
  0x000000001a635800 JavaThread "Cache worker for Artifact transforms cache (C:\Users\User\.gradle\caches\transforms-1)" [_thread_blocked, id=10084, stack(0x000000001d580000,0x000000001d680000)]
  0x000000001a638000 JavaThread "File lock request listener" [_thread_in_native, id=15492, stack(0x000000001c0b0000,0x000000001c1b0000)]
  0x000000001a637000 JavaThread "Cache worker for file hash cache (C:\Users\User\.gradle\caches\3.5\fileHashes)" [_thread_blocked, id=8536, stack(0x000000001bfb0000,0x000000001c0b0000)]
  0x000000001a49b000 JavaThread "Daemon periodic checks" [_thread_blocked, id=13816, stack(0x000000001b6b0000,0x000000001b7b0000)]
  0x000000001a4a8800 JavaThread "Incoming local TCP Connector on port 55202" [_thread_in_native, id=15292, stack(0x000000001b470000,0x000000001b570000)]
  0x000000001a43c800 JavaThread "Daemon health stats" [_thread_blocked, id=12192, stack(0x000000001b170000,0x000000001b270000)]
  0x000000001907e800 JavaThread "Service Thread" daemon [_thread_blocked, id=8364, stack(0x0000000019460000,0x0000000019560000)]
  0x00000000176fa000 JavaThread "C1 CompilerThread2" daemon [_thread_blocked, id=7644, stack(0x0000000018f60000,0x0000000019060000)]
  0x00000000176f1800 JavaThread "C2 CompilerThread1" daemon [_thread_blocked, id=8280, stack(0x0000000018e60000,0x0000000018f60000)]
=>0x00000000176f9000 JavaThread "C2 CompilerThread0" daemon [_thread_in_native, id=11584, stack(0x0000000018d60000,0x0000000018e60000)]
  0x00000000176f7800 JavaThread "Attach Listener" daemon [_thread_blocked, id=8484, stack(0x0000000018c60000,0x0000000018d60000)]
  0x00000000176f6800 JavaThread "Signal Dispatcher" daemon [_thread_blocked, id=5420, stack(0x0000000018b60000,0x0000000018c60000)]
  0x0000000002acd000 JavaThread "Finalizer" daemon [_thread_blocked, id=15164, stack(0x0000000018960000,0x0000000018a60000)]
  0x0000000002ac2000 JavaThread "Reference Handler" daemon [_thread_blocked, id=5132, stack(0x0000000018860000,0x0000000018960000)]
  0x00000000029d2800 JavaThread "main" [_thread_blocked, id=7724, stack(0x00000000028d0000,0x00000000029d0000)]

Other Threads:
  0x00000000176b7000 VMThread [stack: 0x0000000018760000,0x0000000018860000] [id=17072]
  0x000000001908c000 WatcherThread [stack: 0x0000000019560000,0x0000000019660000] [id=13248]

VM state:at safepoint (normal execution)

VM Mutex/Monitor currently owned by a thread:  ([mutex/lock_event])
[0x00000000028cd090] Threads_lock - owner thread: 0x00000000176b7000
[0x00000000029d15d0] Heap_lock - owner thread: 0x000000001eca1000

Heap:
 PSYoungGen      total 270336K, used 243533K [0x00000000d5580000, 0x00000000e8300000, 0x0000000100000000)
  eden space 239104K, 98% used [0x00000000d5580000,0x00000000e3b78928,0x00000000e3f00000)
  from space 31232K, 25% used [0x00000000e5d00000,0x00000000e64dae58,0x00000000e7b80000)
  to   space 30720K, 50% used [0x00000000e3f00000,0x00000000e4e19588,0x00000000e5d00000)
 ParOldGen       total 105472K, used 92885K [0x0000000080000000, 0x0000000086700000, 0x00000000d5580000)
  object space 105472K, 88% used [0x0000000080000000,0x0000000085ab5600,0x0000000086700000)
 Metaspace       used 54897K, capacity 58946K, committed 59028K, reserved 1103872K
  class space    used 7454K, capacity 8070K, committed 8152K, reserved 1048576K

Card table byte_map: [0x0000000011e90000,0x00000000122a0000] byte_map_base: 0x0000000011a90000

Marking Bits: (ParMarkBitMap*) 0x000000005646b6d0
 Begin Bits: [0x0000000012950000, 0x0000000014950000)
 End Bits:   [0x0000000014950000, 0x0000000016950000)

Polling page: 0x0000000000c60000

CodeCache: size=245760Kb used=35786Kb max_used=35811Kb free=209973Kb
 bounds [0x0000000002ad0000, 0x0000000004e00000, 0x0000000011ad0000]
 total_blobs=10281 nmethods=9532 adapters=659
 compilation: enabled

Compilation events (10 events):
Event: 135.099 Thread 0x00000000176fa000 nmethod 11591 0x0000000004df5e10 code [0x0000000004df5fc0, 0x0000000004df6758]
Event: 135.100 Thread 0x00000000176fa000 11592       3       org.codehaus.groovy.runtime.callsite.BooleanReturningMethodInvoker::<init> (31 bytes)
Event: 135.101 Thread 0x00000000176fa000 nmethod 11592 0x0000000004da9e90 code [0x0000000004daa020, 0x0000000004daa588]
Event: 135.102 Thread 0x00000000176fa000 11593       1       org.codehaus.groovy.util.ComplexKeyHashMap::size (5 bytes)
Event: 135.103 Thread 0x00000000176fa000 nmethod 11593 0x0000000002d81e90 code [0x0000000002d81fe0, 0x0000000002d820f0]
Event: 135.105 Thread 0x00000000176fa000 11594       3       java.lang.ProcessEnvironment$CheckedEntrySet::iterator (9 bytes)
Event: 135.105 Thread 0x00000000176fa000 nmethod 11594 0x0000000002dac190 code [0x0000000002dac300, 0x0000000002dac688]
Event: 135.106 Thread 0x00000000176fa000 11595       3       java.lang.ProcessEnvironment$CheckedEntrySet$1::<init> (26 bytes)
Event: 135.107 Thread 0x00000000176fa000 nmethod 11595 0x0000000002dd4e90 code [0x0000000002dd5000, 0x0000000002dd52c8]
Event: 135.108 Thread 0x00000000176fa000 11598       3       groovy.lang.MetaClassImpl::chooseMethodInternal (269 bytes)

GC Heap History (10 events):
Event: 30.094 GC heap after
Heap after GC invocations=16 (full 2):
 PSYoungGen      total 175104K, used 24544K [0x00000000d5580000, 0x00000000e2d00000, 0x0000000100000000)
  eden space 150528K, 0% used [0x00000000d5580000,0x00000000d5580000,0x00000000de880000)
  from space 24576K, 99% used [0x00000000e0700000,0x00000000e1ef8030,0x00000000e1f00000)
  to   space 31232K, 0% used [0x00000000de880000,0x00000000de880000,0x00000000e0700000)
 ParOldGen       total 105472K, used 40285K [0x0000000080000000, 0x0000000086700000, 0x00000000d5580000)
  object space 105472K, 38% used [0x0000000080000000,0x00000000827575d8,0x0000000086700000)
 Metaspace       used 48069K, capacity 51128K, committed 51416K, reserved 1093632K
  class space    used 6638K, capacity 7071K, committed 7128K, reserved 1048576K
}
Event: 36.155 GC heap before
{Heap before GC invocations=17 (full 2):
 PSYoungGen      total 175104K, used 175072K [0x00000000d5580000, 0x00000000e2d00000, 0x0000000100000000)
  eden space 150528K, 100% used [0x00000000d5580000,0x00000000de880000,0x00000000de880000)
  from space 24576K, 99% used [0x00000000e0700000,0x00000000e1ef8030,0x00000000e1f00000)
  to   space 31232K, 0% used [0x00000000de880000,0x00000000de880000,0x00000000e0700000)
 ParOldGen       total 105472K, used 40285K [0x0000000080000000, 0x0000000086700000, 0x00000000d5580000)
  object space 105472K, 38% used [0x0000000080000000,0x00000000827575d8,0x0000000086700000)
 Metaspace       used 50907K, capacity 54202K, committed 54232K, reserved 1095680K
  class space    used 6945K, capacity 7371K, committed 7384K, reserved 1048576K
Event: 36.245 GC heap after
Heap after GC invocations=17 (full 2):
 PSYoungGen      total 181760K, used 26606K [0x00000000d5580000, 0x00000000e5c00000, 0x0000000100000000)
  eden space 150528K, 0% used [0x00000000d5580000,0x00000000d5580000,0x00000000de880000)
  from space 31232K, 85% used [0x00000000de880000,0x00000000e027b968,0x00000000e0700000)
  to   space 34304K, 0% used [0x00000000e3a80000,0x00000000e3a80000,0x00000000e5c00000)
 ParOldGen       total 105472K, used 47466K [0x0000000080000000, 0x0000000086700000, 0x00000000d5580000)
  object space 105472K, 45% used [0x0000000080000000,0x0000000082e5a858,0x0000000086700000)
 Metaspace       used 50907K, capacity 54202K, committed 54232K, reserved 1095680K
  class space    used 6945K, capacity 7371K, committed 7384K, reserved 1048576K
}
Event: 48.709 GC heap before
{Heap before GC invocations=18 (full 2):
 PSYoungGen      total 181760K, used 177134K [0x00000000d5580000, 0x00000000e5c00000, 0x0000000100000000)
  eden space 150528K, 100% used [0x00000000d5580000,0x00000000de880000,0x00000000de880000)
  from space 31232K, 85% used [0x00000000de880000,0x00000000e027b968,0x00000000e0700000)
  to   space 34304K, 0% used [0x00000000e3a80000,0x00000000e3a80000,0x00000000e5c00000)
 ParOldGen       total 105472K, used 47466K [0x0000000080000000, 0x0000000086700000, 0x00000000d5580000)
  object space 105472K, 45% used [0x0000000080000000,0x0000000082e5a858,0x0000000086700000)
 Metaspace       used 52047K, capacity 55508K, committed 55768K, reserved 1097728K
  class space    used 7127K, capacity 7619K, committed 7640K, reserved 1048576K
Event: 48.783 GC heap after
Heap after GC invocations=18 (full 2):
 PSYoungGen      total 224256K, used 14153K [0x00000000d5580000, 0x00000000e5580000, 0x0000000100000000)
  eden space 196608K, 0% used [0x00000000d5580000,0x00000000d5580000,0x00000000e1580000)
  from space 27648K, 51% used [0x00000000e3a80000,0x00000000e4852448,0x00000000e5580000)
  to   space 32768K, 0% used [0x00000000e1580000,0x00000000e1580000,0x00000000e3580000)
 ParOldGen       total 105472K, used 64852K [0x0000000080000000, 0x0000000086700000, 0x00000000d5580000)
  object space 105472K, 61% used [0x0000000080000000,0x0000000083f551a8,0x0000000086700000)
 Metaspace       used 52047K, capacity 55508K, committed 55768K, reserved 1097728K
  class space    used 7127K, capacity 7619K, committed 7640K, reserved 1048576K
}
Event: 50.320 GC heap before
{Heap before GC invocations=19 (full 2):
 PSYoungGen      total 224256K, used 210761K [0x00000000d5580000, 0x00000000e5580000, 0x0000000100000000)
  eden space 196608K, 100% used [0x00000000d5580000,0x00000000e1580000,0x00000000e1580000)
  from space 27648K, 51% used [0x00000000e3a80000,0x00000000e4852448,0x00000000e5580000)
  to   space 32768K, 0% used [0x00000000e1580000,0x00000000e1580000,0x00000000e3580000)
 ParOldGen       total 105472K, used 64852K [0x0000000080000000, 0x0000000086700000, 0x00000000d5580000)
  object space 105472K, 61% used [0x0000000080000000,0x0000000083f551a8,0x0000000086700000)
 Metaspace       used 52186K, capacity 55734K, committed 55896K, reserved 1097728K
  class space    used 7143K, capacity 7646K, committed 7768K, reserved 1048576K
Event: 50.348 GC heap after
Heap after GC invocations=19 (full 2):
 PSYoungGen      total 229376K, used 15764K [0x00000000d5580000, 0x00000000e7b80000, 0x0000000100000000)
  eden space 196608K, 0% used [0x00000000d5580000,0x00000000d5580000,0x00000000e1580000)
  from space 32768K, 48% used [0x00000000e1580000,0x00000000e24e50a8,0x00000000e3580000)
  to   space 31232K, 0% used [0x00000000e5d00000,0x00000000e5d00000,0x00000000e7b80000)
 ParOldGen       total 105472K, used 71100K [0x0000000080000000, 0x0000000086700000, 0x00000000d5580000)
  object space 105472K, 67% used [0x0000000080000000,0x000000008456f150,0x0000000086700000)
 Metaspace       used 52186K, capacity 55734K, committed 55896K, reserved 1097728K
  class space    used 7143K, capacity 7646K, committed 7768K, reserved 1048576K
}
Event: 51.755 GC heap before
{Heap before GC invocations=20 (full 2):
 PSYoungGen      total 229376K, used 212372K [0x00000000d5580000, 0x00000000e7b80000, 0x0000000100000000)
  eden space 196608K, 100% used [0x00000000d5580000,0x00000000e1580000,0x00000000e1580000)
  from space 32768K, 48% used [0x00000000e1580000,0x00000000e24e50a8,0x00000000e3580000)
  to   space 31232K, 0% used [0x00000000e5d00000,0x00000000e5d00000,0x00000000e7b80000)
 ParOldGen       total 105472K, used 71100K [0x0000000080000000, 0x0000000086700000, 0x00000000d5580000)
  object space 105472K, 67% used [0x0000000080000000,0x000000008456f150,0x0000000086700000)
 Metaspace       used 52587K, capacity 56054K, committed 56408K, reserved 1097728K
  class space    used 7177K, capacity 7646K, committed 7768K, reserved 1048576K
Event: 51.821 GC heap after
Heap after GC invocations=20 (full 2):
 PSYoungGen      total 270336K, used 8043K [0x00000000d5580000, 0x00000000e8300000, 0x0000000100000000)
  eden space 239104K, 0% used [0x00000000d5580000,0x00000000d5580000,0x00000000e3f00000)
  from space 31232K, 25% used [0x00000000e5d00000,0x00000000e64dae58,0x00000000e7b80000)
  to   space 30720K, 0% used [0x00000000e3f00000,0x00000000e3f00000,0x00000000e5d00000)
 ParOldGen       total 105472K, used 86196K [0x0000000080000000, 0x0000000086700000, 0x00000000d5580000)
  object space 105472K, 81% used [0x0000000080000000,0x000000008542d238,0x0000000086700000)
 Metaspace       used 52587K, capacity 56054K, committed 56408K, reserved 1097728K
  class space    used 7177K, capacity 7646K, committed 7768K, reserved 1048576K
}
Event: 135.109 GC heap before
{Heap before GC invocations=21 (full 2):
 PSYoungGen      total 270336K, used 243533K [0x00000000d5580000, 0x00000000e8300000, 0x0000000100000000)
  eden space 239104K, 98% used [0x00000000d5580000,0x00000000e3b78928,0x00000000e3f00000)
  from space 31232K, 25% used [0x00000000e5d00000,0x00000000e64dae58,0x00000000e7b80000)
  to   space 30720K, 0% used [0x00000000e3f00000,0x00000000e3f00000,0x00000000e5d00000)
 ParOldGen       total 105472K, used 86196K [0x0000000080000000, 0x0000000086700000, 0x00000000d5580000)
  object space 105472K, 81% used [0x0000000080000000,0x000000008542d238,0x0000000086700000)
 Metaspace       used 54897K, capacity 58946K, committed 59028K, reserved 1103872K
  class space    used 7454K, capacity 8070K, committed 8152K, reserved 1048576K

Deoptimization events (10 events):
Event: 84.274 Thread 0x000000001a49b000 Uncommon trap: reason=unstable_if action=reinterpret pc=0x000000000436367c method=java.io.ExpiringCache.entryFor(Ljava/lang/String;)Ljava/io/ExpiringCache$Entry; @ 39
Event: 130.567 Thread 0x000000001ec9a000 Uncommon trap: reason=class_check action=maybe_recompile pc=0x0000000003fca620 method=java.lang.reflect.Array.newInstance(Ljava/lang/Class;I)Ljava/lang/Object; @ 2
Event: 130.602 Thread 0x000000001eca1000 Uncommon trap: reason=unstable_if action=reinterpret pc=0x00000000040d7298 method=java.io.WinNTFileSystem.parentOrNull(Ljava/lang/String;)Ljava/lang/String; @ 62
Event: 130.634 Thread 0x000000001eca1000 Uncommon trap: reason=null_check action=make_not_entrant pc=0x00000000043ca744 method=org.gradle.internal.progress.DefaultBuildOperationExecutor.run(Lorg/gradle/internal/progress/BuildOperationDetails;Lorg/gradle/api/Transformer;)Ljava/lang/Object; @ 7
Event: 130.650 Thread 0x000000001eca1000 Uncommon trap: reason=bimorphic action=maybe_recompile pc=0x0000000003749780 method=com.google.common.collect.AbstractMapBasedMultimap.put(Ljava/lang/Object;Ljava/lang/Object;)Z @ 70
Event: 130.717 Thread 0x000000001eca1000 Uncommon trap: reason=unstable_if action=reinterpret pc=0x000000000348e118 method=org.gradle.api.internal.project.DefaultProject.getGroup()Ljava/lang/Object; @ 4
Event: 131.734 Thread 0x000000001eca1000 Uncommon trap: reason=unstable_if action=reinterpret pc=0x0000000003dabc0c method=org.gradle.api.internal.artifacts.ivyservice.resolveengine.store.DefaultBinaryStore.write(Lorg/gradle/api/internal/cache/BinaryStore$WriteAction;)V @ 4
Event: 131.735 Thread 0x000000001eca1000 Uncommon trap: reason=unstable_if action=reinterpret pc=0x0000000003f12704 method=org.gradle.api.internal.artifacts.ivyservice.resolveengine.store.DefaultBinaryStore.write(Lorg/gradle/api/internal/cache/BinaryStore$WriteAction;)V @ 4
Event: 132.081 Thread 0x000000001eca1000 Uncommon trap: reason=null_check action=make_not_entrant pc=0x0000000002cf1c18 method=org.codehaus.groovy.runtime.typehandling.DefaultTypeTransformation.castToType(Ljava/lang/Object;Ljava/lang/Class;)Ljava/lang/Object; @ 65
Event: 132.271 Thread 0x000000001eca1000 Uncommon trap: reason=unstable_if action=reinterpret pc=0x000000000434093c method=org.gradle.api.internal.project.DefaultProject.getGroup()Ljava/lang/Object; @ 4

Internal exceptions (10 events):
Event: 135.027 Thread 0x000000001eca1000 Exception <a 'java/lang/ArrayIndexOutOfBoundsException'> (0x00000000e3953c70) thrown at [C:\re\workspace\8-2-build-windows-amd64-cygwin\jdk8u121\8372\hotspot\src\share\vm\runtime\sharedRuntime.cpp, line 605]
Event: 135.027 Thread 0x000000001eca1000 Exception <a 'java/lang/ArrayIndexOutOfBoundsException'> (0x00000000e3954c58) thrown at [C:\re\workspace\8-2-build-windows-amd64-cygwin\jdk8u121\8372\hotspot\src\share\vm\runtime\sharedRuntime.cpp, line 605]
Event: 135.027 Thread 0x000000001eca1000 Exception <a 'java/lang/ArrayIndexOutOfBoundsException'> (0x00000000e39559a0) thrown at [C:\re\workspace\8-2-build-windows-amd64-cygwin\jdk8u121\8372\hotspot\src\share\vm\runtime\sharedRuntime.cpp, line 605]
Event: 135.027 Thread 0x000000001eca1000 Exception <a 'java/lang/ArrayIndexOutOfBoundsException'> (0x00000000e3956620) thrown at [C:\re\workspace\8-2-build-windows-amd64-cygwin\jdk8u121\8372\hotspot\src\share\vm\runtime\sharedRuntime.cpp, line 605]
Event: 135.027 Thread 0x000000001eca1000 Exception <a 'java/lang/ArrayIndexOutOfBoundsException'> (0x00000000e39577e0) thrown at [C:\re\workspace\8-2-build-windows-amd64-cygwin\jdk8u121\8372\hotspot\src\share\vm\runtime\sharedRuntime.cpp, line 605]
Event: 135.027 Thread 0x000000001eca1000 Exception <a 'java/lang/ArrayIndexOutOfBoundsException'> (0x00000000e39587f0) thrown at [C:\re\workspace\8-2-build-windows-amd64-cygwin\jdk8u121\8372\hotspot\src\share\vm\runtime\sharedRuntime.cpp, line 605]
Event: 135.027 Thread 0x000000001eca1000 Exception <a 'java/lang/ArrayIndexOutOfBoundsException'> (0x00000000e39597e0) thrown at [C:\re\workspace\8-2-build-windows-amd64-cygwin\jdk8u121\8372\hotspot\src\share\vm\runtime\sharedRuntime.cpp, line 605]
Event: 135.027 Thread 0x000000001eca1000 Exception <a 'java/lang/ArrayIndexOutOfBoundsException'> (0x00000000e395aa68) thrown at [C:\re\workspace\8-2-build-windows-amd64-cygwin\jdk8u121\8372\hotspot\src\share\vm\runtime\sharedRuntime.cpp, line 605]
Event: 135.028 Thread 0x000000001eca1000 Exception <a 'java/lang/ArrayIndexOutOfBoundsException'> (0x00000000e395b7e0) thrown at [C:\re\workspace\8-2-build-windows-amd64-cygwin\jdk8u121\8372\hotspot\src\share\vm\runtime\sharedRuntime.cpp, line 605]
Event: 135.028 Thread 0x000000001eca1000 Exception <a 'java/lang/ArrayIndexOutOfBoundsException'> (0x00000000e395c4b8) thrown at [C:\re\workspace\8-2-build-windows-amd64-cygwin\jdk8u121\8372\hotspot\src\share\vm\runtime\sharedRuntime.cpp, line 605]

Events (10 events):
Event: 135.100 Thread 0x00000000176fa000 flushing nmethod 0x0000000002c49310
Event: 135.101 Thread 0x00000000176fa000 flushing nmethod 0x0000000002d81cd0
Event: 135.101 Thread 0x00000000176fa000 flushing nmethod 0x0000000002dab050
Event: 135.101 Thread 0x00000000176fa000 flushing nmethod 0x0000000002dd4e90
Event: 135.101 Thread 0x00000000176fa000 flushing nmethod 0x0000000002e35650
Event: 135.101 Thread 0x00000000176fa000 flushing nmethod 0x0000000002e4ba10
Event: 135.106 Thread 0x00000000176fa000 flushing nmethod 0x000000000306cbd0
Event: 135.107 Thread 0x000000001eca1000 DEOPT PACKING pc=0x00000000048e660c sp=0x000000001b9ac9f0
Event: 135.107 Thread 0x000000001eca1000 DEOPT UNPACKING pc=0x0000000002b1787f sp=0x000000001b9ac7a0 mode 0
Event: 135.109 Executing VM operation: CollectForMetadataAllocation


Dynamic libraries:
0x00007ff78a730000 - 0x00007ff78a767000 	C:\Program Files\Java\jdk1.8.0_121\bin\java.exe
0x00007ffe2a970000 - 0x00007ffe2ab68000 	C:\WINDOWS\SYSTEM32\ntdll.dll
0x00007ffe291d0000 - 0x00007ffe2928d000 	C:\WINDOWS\System32\KERNEL32.DLL
0x00007ffe285c0000 - 0x00007ffe2888e000 	C:\WINDOWS\System32\KERNELBASE.dll
0x00007ffe2a2d0000 - 0x00007ffe2a37e000 	C:\WINDOWS\System32\ADVAPI32.dll
0x00007ffe2a890000 - 0x00007ffe2a92e000 	C:\WINDOWS\System32\msvcrt.dll
0x00007ffe29130000 - 0x00007ffe291cc000 	C:\WINDOWS\System32\sechost.dll
0x00007ffe28cc0000 - 0x00007ffe28de5000 	C:\WINDOWS\System32\RPCRT4.dll
0x00007ffe294a0000 - 0x00007ffe29640000 	C:\WINDOWS\System32\USER32.dll
0x00007ffe289a0000 - 0x00007ffe289c2000 	C:\WINDOWS\System32\win32u.dll
0x00007ffe29640000 - 0x00007ffe2966a000 	C:\WINDOWS\System32\GDI32.dll
0x00007ffe28890000 - 0x00007ffe2899b000 	C:\WINDOWS\System32\gdi32full.dll
0x00007ffe28370000 - 0x00007ffe2840d000 	C:\WINDOWS\System32\msvcp_win.dll
0x00007ffe281b0000 - 0x00007ffe282b0000 	C:\WINDOWS\System32\ucrtbase.dll
0x00007ffe17bf0000 - 0x00007ffe17e8a000 	C:\WINDOWS\WinSxS\amd64_microsoft.windows.common-controls_6595b64144ccf1df_6.0.19041.1110_none_60b5254171f9507e\COMCTL32.dll
0x00007ffe29050000 - 0x00007ffe29080000 	C:\WINDOWS\System32\IMM32.DLL
0x00000000564f0000 - 0x00000000565c2000 	C:\Program Files\Java\jdk1.8.0_121\jre\bin\msvcr100.dll
0x0000000055c50000 - 0x00000000564eb000 	C:\Program Files\Java\jdk1.8.0_121\jre\bin\server\jvm.dll
0x00007ffe2a750000 - 0x00007ffe2a758000 	C:\WINDOWS\System32\PSAPI.DLL
0x00007ffe18a80000 - 0x00007ffe18a8a000 	C:\WINDOWS\SYSTEM32\VERSION.dll
0x00007ffe169f0000 - 0x00007ffe16a17000 	C:\WINDOWS\SYSTEM32\WINMM.dll
0x00007ffe15d50000 - 0x00007ffe15d59000 	C:\WINDOWS\SYSTEM32\WSOCK32.dll
0x00007ffe29430000 - 0x00007ffe2949b000 	C:\WINDOWS\System32\WS2_32.dll
0x0000000055c40000 - 0x0000000055c4f000 	C:\Program Files\Java\jdk1.8.0_121\jre\bin\verify.dll
0x0000000055c10000 - 0x0000000055c39000 	C:\Program Files\Java\jdk1.8.0_121\jre\bin\java.dll
0x0000000055bf0000 - 0x0000000055c06000 	C:\Program Files\Java\jdk1.8.0_121\jre\bin\zip.dll
0x00007ffe29700000 - 0x00007ffe29e44000 	C:\WINDOWS\System32\SHELL32.dll
0x00007ffe25d80000 - 0x00007ffe26514000 	C:\WINDOWS\SYSTEM32\windows.storage.dll
0x00007ffe2a3f0000 - 0x00007ffe2a744000 	C:\WINDOWS\System32\combase.dll
0x00007ffe27940000 - 0x00007ffe27970000 	C:\WINDOWS\SYSTEM32\Wldp.dll
0x00007ffe29080000 - 0x00007ffe2912d000 	C:\WINDOWS\System32\SHCORE.dll
0x00007ffe289d0000 - 0x00007ffe28a25000 	C:\WINDOWS\System32\shlwapi.dll
0x00007ffe27fd0000 - 0x00007ffe27fef000 	C:\WINDOWS\SYSTEM32\profapi.dll
0x0000000055bd0000 - 0x0000000055bea000 	C:\Program Files\Java\jdk1.8.0_121\jre\bin\net.dll
0x00007ffe27720000 - 0x00007ffe2778a000 	C:\WINDOWS\system32\mswsock.dll
0x0000000055bb0000 - 0x0000000055bc1000 	C:\Program Files\Java\jdk1.8.0_121\jre\bin\nio.dll
0x00007ffdfcc80000 - 0x00007ffdfcc9e000 	C:\Users\User\.gradle\native\25\windows-amd64\native-platform.dll
0x00007ffe27980000 - 0x00007ffe27998000 	C:\WINDOWS\SYSTEM32\CRYPTSP.dll
0x00007ffe270c0000 - 0x00007ffe270f4000 	C:\WINDOWS\system32\rsaenh.dll
0x00007ffe282b0000 - 0x00007ffe282d7000 	C:\WINDOWS\System32\bcrypt.dll
0x00007ffe27f90000 - 0x00007ffe27fbe000 	C:\WINDOWS\SYSTEM32\USERENV.dll
0x00007ffe282e0000 - 0x00007ffe28362000 	C:\WINDOWS\System32\bcryptprimitives.dll
0x00007ffe278b0000 - 0x00007ffe278bc000 	C:\WINDOWS\SYSTEM32\CRYPTBASE.dll
0x00007ffe27430000 - 0x00007ffe2746b000 	C:\WINDOWS\SYSTEM32\IPHLPAPI.DLL
0x00007ffe2a3e0000 - 0x00007ffe2a3e8000 	C:\WINDOWS\System32\NSI.dll
0x00007ffe1e440000 - 0x00007ffe1e457000 	C:\WINDOWS\SYSTEM32\dhcpcsvc6.DLL
0x00007ffe1d400000 - 0x00007ffe1d41d000 	C:\WINDOWS\SYSTEM32\dhcpcsvc.DLL
0x00007ffe27470000 - 0x00007ffe2753b000 	C:\WINDOWS\SYSTEM32\DNSAPI.dll
0x0000000055ba0000 - 0x0000000055bad000 	C:\Program Files\Java\jdk1.8.0_121\jre\bin\management.dll
0x0000000055940000 - 0x0000000055964000 	C:\Program Files\Java\jdk1.8.0_121\jre\bin\sunec.dll
0x00007ffe192e0000 - 0x00007ffe192ea000 	C:\Windows\System32\rasadhlp.dll
0x00007ffe19670000 - 0x00007ffe196f0000 	C:\WINDOWS\System32\fwpuclnt.dll
0x0000000055930000 - 0x000000005593b000 	C:\Program Files\Java\jdk1.8.0_121\jre\bin\sunmscapi.dll
0x00007ffe28460000 - 0x00007ffe285b6000 	C:\WINDOWS\System32\CRYPT32.dll

VM Arguments:
jvm_args: -XX:MaxPermSize=512m -XX:+HeapDumpOnOutOfMemoryError -Xmx2048m -Dfile.encoding=UTF-8 -Duser.country=IN -Duser.language=en -Duser.variant 
java_command: org.gradle.launcher.daemon.bootstrap.GradleDaemon 3.5
java_class_path (initial): C:\Users\User\.gradle\wrapper\dists\gradle-3.5-all\exhrs6ca08n232b14ue48lbye\gradle-3.5\lib\gradle-launcher-3.5.jar
Launcher Type: SUN_STANDARD

Environment Variables:
JAVA_HOME=C:\Program Files\Java\jdk1.8.0_121
PATH=C:\Program Files\Common Files\Oracle\Java\javapath;C:\Python39\Scripts\;C:\Python39\;C:\WINDOWS\system32;C:\WINDOWS;C:\WINDOWS\System32\Wbem;C:\WINDOWS\System32\WindowsPowerShell\v1.0\;C:\WINDOWS\System32\OpenSSH\;C:\Program Files\Git\cmd;C:\Program Files\nodejs\;C:\ProgramData\chocolatey\bin;C:\Program Files\Java\jdk1.8.0_121\bin;C:\hadoop\bin;C:\hadoop\sbin;C:\grails-3.3.6\bin;C:\Program Files\PostgreSQL\14\bin;C:\Program Files\PuTTY\;C:\Program Files\Docker\Docker\resources\bin;C:\ProgramData\DockerDesktop\version-bin;C:\Users\User\AppData\Local\Microsoft\WindowsApps;C:\Users\User\AppData\Roaming\npm;C:\Users\User\AppData\Local\Programs\Microsoft VS Code\bin;C:\Program Files\JetBrains\IntelliJ IDEA 2020.2.4\bin;;
USERNAME=Capulus
OS=Windows_NT
PROCESSOR_IDENTIFIER=Intel64 Family 6 Model 61 Stepping 4, GenuineIntel



---------------  S Y S T E M  ---------------

OS: Windows 10.0 , 64 bit Build 19041 (10.0.19041.1806)

CPU:total 4 (2 cores per cpu, 2 threads per core) family 6 model 61 stepping 4, cmov, cx8, fxsr, mmx, sse, sse2, sse3, ssse3, sse4.1, sse4.2, popcnt, avx, avx2, aes, clmul, erms, rtm, 3dnowpref, lzcnt, ht, tsc, tscinvbit, bmi1, bmi2, adx

Memory: 4k page, physical 8277520k(276864k free), swap 26593948k(340k free)

vm_info: Java HotSpot(TM) 64-Bit Server VM (25.121-b13) for windows-amd64 JRE (1.8.0_121-b13), built on Dec 12 2016 18:21:36 by "java_re" with MS VC++ 10.0 (VS2010)

time: Thu Jul 28 10:59:27 2022
elapsed time: 135 seconds (0d 0h 2m 15s)

