#
# There is insufficient memory for the Java Runtime Environment to continue.
# Native memory allocation (malloc) failed to allocate 32744 bytes for ChunkPool::allocate
# Possible reasons:
#   The system is out of physical RAM or swap space
#   In 32 bit mode, the process size limit was hit
# Possible solutions:
#   Reduce memory load on the system
#   Increase physical memory or swap space
#   Check if swap backing store is full
#   Use 64 bit Java on a 64 bit OS
#   Decrease Java heap size (-Xmx/-Xms)
#   Decrease number of Java threads
#   Decrease Java thread stack sizes (-Xss)
#   Set larger code cache with -XX:ReservedCodeCacheSize=
#
#  Out of Memory Error (allocation.cpp:273)
]Native frames: (J=compiled Java code, j=interpreted, Vv=VM code, C=native code)


Current CompileTask:
C1: 252349 8920       3       javax.management.ObjectName::construct (1228 bytes)


---------------  P R O C E S S  ---------------

Java Threads: ( => current thread )
  0x000000001d169800 JavaThread "Forward streams with process: command 'C:\Program Files\Java\jdk1.8.0_121\bin\java.exe' Thread 3" [_thread_in_native, id=16568, stack(0x0000000022cb0000,0x0000000022db0000)]
  0x000000001d169000 JavaThread "Forward streams with process: command 'C:\Program Files\Java\jdk1.8.0_121\bin\java.exe' Thread 2" [_thread_in_native, id=13732, stack(0x0000000021bd0000,0x0000000021cd0000)]
  0x000000001d16f800 JavaThread "Run command 'C:\Program Files\Java\jdk1.8.0_121\bin\java.exe'" [_thread_in_native, id=14632, stack(0x0000000002020000,0x0000000002120000)]
  0x000000001d16f000 JavaThread "Cache worker for file content cache (D:\PharmIT-Billing\.gradle\3.5\fileContent)" [_thread_blocked, id=17060, stack(0x0000000000640000,0x0000000000740000)]
  0x0000000019809800 JavaThread "Cache worker for task history cache (D:\PharmIT-Billing\.gradle\3.5\taskHistory)" [_thread_blocked, id=4160, stack(0x0000000020ed0000,0x0000000020fd0000)]
  0x0000000019808800 JavaThread "Memory manager" [_thread_blocked, id=8572, stack(0x0000000020dd0000,0x0000000020ed0000)]
  0x000000001980c800 JavaThread "Cache worker for Artifact transforms cache (C:\Users\User\.gradle\caches\transforms-1)" [_thread_blocked, id=16068, stack(0x00000000206d0000,0x00000000207d0000)]
  0x000000001980b000 JavaThread "File lock request listener" [_thread_in_native, id=16996, stack(0x000000001b930000,0x000000001ba30000)]
  0x0000000019808000 JavaThread "Cache worker for file hash cache (C:\Users\User\.gradle\caches\3.5\fileHashes)" [_thread_blocked, id=16140, stack(0x000000001b830000,0x000000001b930000)]
  0x0000000019d4a800 JavaThread "Asynchronous log dispatcher for DefaultDaemonConnection: socket connection from /127.0.0.1:58326 to /127.0.0.1:58327" [_thread_blocked, id=9728, stack(0x000000001b630000,0x000000001b730000)]
  0x0000000019ad8000 JavaThread "Daemon worker" [_thread_blocked, id=5864, stack(0x000000001b530000,0x000000001b630000)]
  0x00000000199c6800 JavaThread "Cancel handler" [_thread_blocked, id=12948, stack(0x000000001b430000,0x000000001b530000)]
  0x0000000019a70800 JavaThread "Handler for socket connection from /127.0.0.1:58326 to /127.0.0.1:58327" [_thread_in_native, id=12808, stack(0x000000001b330000,0x000000001b430000)]
  0x0000000019a6f800 JavaThread "Daemon" [_thread_blocked, id=8048, stack(0x000000001b030000,0x000000001b130000)]
  0x0000000019a63000 JavaThread "Daemon periodic checks" [_thread_blocked, id=17376, stack(0x000000001af30000,0x000000001b030000)]
  0x000000001938d800 JavaThread "Incoming local TCP Connector on port 58326" [_thread_in_native, id=17152, stack(0x000000001acf0000,0x000000001adf0000)]
  0x00000000189ef000 JavaThread "Daemon health stats" [_thread_blocked, id=8008, stack(0x000000001a9f0000,0x000000001aaf0000)]
  0x00000000188e1000 JavaThread "Service Thread" daemon [_thread_blocked, id=16460, stack(0x0000000018ce0000,0x0000000018de0000)]
=>0x0000000016fec800 JavaThread "C1 CompilerThread2" daemon [_thread_in_native, id=8528, stack(0x00000000187e0000,0x00000000188e0000)]
  0x0000000016fe2000 JavaThread "C2 CompilerThread1" daemon [_thread_blocked, id=10204, stack(0x00000000186e0000,0x00000000187e0000)]
  0x0000000016f90000 JavaThread "C2 CompilerThread0" daemon [_thread_blocked, id=6692, stack(0x00000000185e0000,0x00000000186e0000)]
  0x0000000016f8d000 JavaThread "Attach Listener" daemon [_thread_blocked, id=5852, stack(0x00000000184e0000,0x00000000185e0000)]
  0x000000000236e800 JavaThread "Signal Dispatcher" daemon [_thread_blocked, id=9748, stack(0x00000000183e0000,0x00000000184e0000)]
  0x0000000002367800 JavaThread "Finalizer" daemon [_thread_blocked, id=14904, stack(0x00000000181e0000,0x00000000182e0000)]
  0x0000000002362000 JavaThread "Reference Handler" daemon [_thread_blocked, id=5856, stack(0x00000000180e0000,0x00000000181e0000)]
  0x0000000002272800 JavaThread "main" [_thread_blocked, id=16420, stack(0x0000000002170000,0x0000000002270000)]

Other Threads:
  0x0000000016f57000 VMThread [stack: 0x0000000017fe0000,0x00000000180e0000] [id=6604]
  0x00000000188ed800 WatcherThread [stack: 0x0000000018de0000,0x0000000018ee0000] [id=12768]

VM state:not at safepoint (normal execution)

VM Mutex/Monitor currently owned by a thread: None

Heap:
 PSYoungGen      total 176640K, used 129045K [0x00000000d5580000, 0x00000000e3700000, 0x0000000100000000)
  eden space 157184K, 69% used [0x00000000d5580000,0x00000000dc0897a8,0x00000000def00000)
  from space 19456K, 99% used [0x00000000def00000,0x00000000e01fc010,0x00000000e0200000)
  to   space 26112K, 0% used [0x00000000e1d80000,0x00000000e1d80000,0x00000000e3700000)
 ParOldGen       total 117760K, used 37103K [0x0000000080000000, 0x0000000087300000, 0x00000000d5580000)
  object space 117760K, 31% used [0x0000000080000000,0x000000008243bda8,0x0000000087300000)
 Metaspace       used 43151K, capacity 45994K, committed 46296K, reserved 1089536K
  class space    used 5998K, capacity 6313K, committed 6400K, reserved 1048576K

Card table byte_map: [0x0000000011730000,0x0000000011b40000] byte_map_base: 0x0000000011330000

Marking Bits: (ParMarkBitMap*) 0x000000005bf8b6d0
 Begin Bits: [0x00000000121f0000, 0x00000000141f0000)
 End Bits:   [0x00000000141f0000, 0x00000000161f0000)

Polling page: 0x0000000000740000

CodeCache: size=245760Kb used=27870Kb max_used=28560Kb free=217889Kb
 bounds [0x0000000002370000, 0x0000000003f90000, 0x0000000011370000]
 total_blobs=8247 nmethods=7564 adapters=594
 compilation: enabled

Compilation events (10 events):
Event: 219.418 Thread 0x0000000016fec800 nmethod 8915 0x00000000026dab90 code [0x00000000026dad80, 0x00000000026db608]
Event: 219.419 Thread 0x0000000016fec800 8916       3       java.util.concurrent.ScheduledThreadPoolExecutor$ScheduledFutureTask::isPeriodic (15 bytes)
Event: 219.419 Thread 0x0000000016fec800 nmethod 8916 0x0000000002d7ffd0 code [0x0000000002d80120, 0x0000000002d802d0]
Event: 236.401 Thread 0x0000000016fec800 8917       3       org.gradle.util.CollectionUtils::findFirst (40 bytes)
Event: 236.402 Thread 0x0000000016fec800 nmethod 8917 0x000000000253ab50 code [0x000000000253ad00, 0x000000000253b258]
Event: 247.308 Thread 0x0000000016fec800 8918       3       javax.management.ObjectName::getDomain (13 bytes)
Event: 247.308 Thread 0x0000000016fec800 nmethod 8918 0x00000000024bfc10 code [0x00000000024bfd80, 0x00000000024bffa8]
Event: 252.340 Thread 0x0000000016fec800 8919       3       java.util.concurrent.locks.AbstractQueuedSynchronizer::hasQueuedPredecessors (40 bytes)
Event: 252.340 Thread 0x0000000016fec800 nmethod 8919 0x0000000002a60a90 code [0x0000000002a60c00, 0x0000000002a60e50]
Event: 252.341 Thread 0x0000000016fec800 8920       3       javax.management.ObjectName::construct (1228 bytes)

GC Heap History (10 events):
Event: 61.483 GC heap before
{Heap before GC invocations=7 (full 1):
 PSYoungGen      total 132608K, used 103067K [0x00000000d5580000, 0x00000000dec00000, 0x0000000100000000)
  eden space 127488K, 76% used [0x00000000d5580000,0x00000000db529de8,0x00000000dd200000)
  from space 5120K, 99% used [0x00000000dd780000,0x00000000ddc7d020,0x00000000ddc80000)
  to   space 13312K, 0% used [0x00000000ddf00000,0x00000000ddf00000,0x00000000dec00000)
 ParOldGen       total 73728K, used 20046K [0x0000000080000000, 0x0000000084800000, 0x00000000d5580000)
  object space 73728K, 27% used [0x0000000080000000,0x00000000813939d8,0x0000000084800000)
 Metaspace       used 34884K, capacity 35352K, committed 35416K, reserved 1079296K
  class space    used 4864K, capacity 4985K, committed 4992K, reserved 1048576K
Event: 61.532 GC heap after
Heap after GC invocations=7 (full 1):
 PSYoungGen      total 139776K, used 11936K [0x00000000d5580000, 0x00000000e1900000, 0x0000000100000000)
  eden space 126464K, 0% used [0x00000000d5580000,0x00000000d5580000,0x00000000dd100000)
  from space 13312K, 89% used [0x00000000ddf00000,0x00000000deaa8118,0x00000000dec00000)
  to   space 14336K, 0% used [0x00000000dd100000,0x00000000dd100000,0x00000000ddf00000)
 ParOldGen       total 73728K, used 20054K [0x0000000080000000, 0x0000000084800000, 0x00000000d5580000)
  object space 73728K, 27% used [0x0000000080000000,0x00000000813959d8,0x0000000084800000)
 Metaspace       used 34884K, capacity 35352K, committed 35416K, reserved 1079296K
  class space    used 4864K, capacity 4985K, committed 4992K, reserved 1048576K
}
Event: 61.532 GC heap before
{Heap before GC invocations=8 (full 2):
 PSYoungGen      total 139776K, used 11936K [0x00000000d5580000, 0x00000000e1900000, 0x0000000100000000)
  eden space 126464K, 0% used [0x00000000d5580000,0x00000000d5580000,0x00000000dd100000)
  from space 13312K, 89% used [0x00000000ddf00000,0x00000000deaa8118,0x00000000dec00000)
  to   space 14336K, 0% used [0x00000000dd100000,0x00000000dd100000,0x00000000ddf00000)
 ParOldGen       total 73728K, used 20054K [0x0000000080000000, 0x0000000084800000, 0x00000000d5580000)
  object space 73728K, 27% used [0x0000000080000000,0x00000000813959d8,0x0000000084800000)
 Metaspace       used 34884K, capacity 35352K, committed 35416K, reserved 1079296K
  class space    used 4864K, capacity 4985K, committed 4992K, reserved 1048576K
Event: 62.040 GC heap after
Heap after GC invocations=8 (full 2):
 PSYoungGen      total 139776K, used 0K [0x00000000d5580000, 0x00000000e1900000, 0x0000000100000000)
  eden space 126464K, 0% used [0x00000000d5580000,0x00000000d5580000,0x00000000dd100000)
  from space 13312K, 0% used [0x00000000ddf00000,0x00000000ddf00000,0x00000000dec00000)
  to   space 14336K, 0% used [0x00000000dd100000,0x00000000dd100000,0x00000000ddf00000)
 ParOldGen       total 117760K, used 22820K [0x0000000080000000, 0x0000000087300000, 0x00000000d5580000)
  object space 117760K, 19% used [0x0000000080000000,0x00000000816492c8,0x0000000087300000)
 Metaspace       used 34884K, capacity 35352K, committed 35416K, reserved 1079296K
  class space    used 4864K, capacity 4985K, committed 4992K, reserved 1048576K
}
Event: 84.355 GC heap before
{Heap before GC invocations=9 (full 2):
 PSYoungGen      total 139776K, used 126464K [0x00000000d5580000, 0x00000000e1900000, 0x0000000100000000)
  eden space 126464K, 100% used [0x00000000d5580000,0x00000000dd100000,0x00000000dd100000)
  from space 13312K, 0% used [0x00000000ddf00000,0x00000000ddf00000,0x00000000dec00000)
  to   space 14336K, 0% used [0x00000000dd100000,0x00000000dd100000,0x00000000ddf00000)
 ParOldGen       total 117760K, used 22820K [0x0000000080000000, 0x0000000087300000, 0x00000000d5580000)
  object space 117760K, 19% used [0x0000000080000000,0x00000000816492c8,0x0000000087300000)
 Metaspace       used 38322K, capacity 38988K, committed 39128K, reserved 1083392K
  class space    used 5369K, capacity 5571K, committed 5632K, reserved 1048576K
Event: 84.371 GC heap after
Heap after GC invocations=9 (full 2):
 PSYoungGen      total 140800K, used 11912K [0x00000000d5580000, 0x00000000e1200000, 0x0000000100000000)
  eden space 126464K, 0% used [0x00000000d5580000,0x00000000d5580000,0x00000000dd100000)
  from space 14336K, 83% used [0x00000000dd100000,0x00000000ddca2390,0x00000000ddf00000)
  to   space 15360K, 0% used [0x00000000e0300000,0x00000000e0300000,0x00000000e1200000)
 ParOldGen       total 117760K, used 22828K [0x0000000080000000, 0x0000000087300000, 0x00000000d5580000)
  object space 117760K, 19% used [0x0000000080000000,0x000000008164b2c8,0x0000000087300000)
 Metaspace       used 38322K, capacity 38988K, committed 39128K, reserved 1083392K
  class space    used 5369K, capacity 5571K, committed 5632K, reserved 1048576K
}
Event: 110.925 GC heap before
{Heap before GC invocations=10 (full 2):
 PSYoungGen      total 140800K, used 138376K [0x00000000d5580000, 0x00000000e1200000, 0x0000000100000000)
  eden space 126464K, 100% used [0x00000000d5580000,0x00000000dd100000,0x00000000dd100000)
  from space 14336K, 83% used [0x00000000dd100000,0x00000000ddca2390,0x00000000ddf00000)
  to   space 15360K, 0% used [0x00000000e0300000,0x00000000e0300000,0x00000000e1200000)
 ParOldGen       total 117760K, used 22828K [0x0000000080000000, 0x0000000087300000, 0x00000000d5580000)
  object space 117760K, 19% used [0x0000000080000000,0x000000008164b2c8,0x0000000087300000)
 Metaspace       used 39908K, capacity 41526K, committed 41688K, reserved 1085440K
  class space    used 5537K, capacity 5815K, committed 5888K, reserved 1048576K
Event: 110.971 GC heap after
Heap after GC invocations=10 (full 2):
 PSYoungGen      total 172544K, used 15344K [0x00000000d5580000, 0x00000000e1500000, 0x0000000100000000)
  eden space 157184K, 0% used [0x00000000d5580000,0x00000000d5580000,0x00000000def00000)
  from space 15360K, 99% used [0x00000000e0300000,0x00000000e11fc010,0x00000000e1200000)
  to   space 19456K, 0% used [0x00000000def00000,0x00000000def00000,0x00000000e0200000)
 ParOldGen       total 117760K, used 27462K [0x0000000080000000, 0x0000000087300000, 0x00000000d5580000)
  object space 117760K, 23% used [0x0000000080000000,0x0000000081ad1978,0x0000000087300000)
 Metaspace       used 39908K, capacity 41526K, committed 41688K, reserved 1085440K
  class space    used 5537K, capacity 5815K, committed 5888K, reserved 1048576K
}
Event: 150.264 GC heap before
{Heap before GC invocations=11 (full 2):
 PSYoungGen      total 172544K, used 172528K [0x00000000d5580000, 0x00000000e1500000, 0x0000000100000000)
  eden space 157184K, 100% used [0x00000000d5580000,0x00000000def00000,0x00000000def00000)
  from space 15360K, 99% used [0x00000000e0300000,0x00000000e11fc010,0x00000000e1200000)
  to   space 19456K, 0% used [0x00000000def00000,0x00000000def00000,0x00000000e0200000)
 ParOldGen       total 117760K, used 27462K [0x0000000080000000, 0x0000000087300000, 0x00000000d5580000)
  object space 117760K, 23% used [0x0000000080000000,0x0000000081ad1978,0x0000000087300000)
 Metaspace       used 41113K, capacity 43876K, committed 44248K, reserved 1087488K
  class space    used 5680K, capacity 6017K, committed 6144K, reserved 1048576K
Event: 150.410 GC heap after
Heap after GC invocations=11 (full 2):
 PSYoungGen      total 176640K, used 19440K [0x00000000d5580000, 0x00000000e3700000, 0x0000000100000000)
  eden space 157184K, 0% used [0x00000000d5580000,0x00000000d5580000,0x00000000def00000)
  from space 19456K, 99% used [0x00000000def00000,0x00000000e01fc010,0x00000000e0200000)
  to   space 26112K, 0% used [0x00000000e1d80000,0x00000000e1d80000,0x00000000e3700000)
 ParOldGen       total 117760K, used 37103K [0x0000000080000000, 0x0000000087300000, 0x00000000d5580000)
  object space 117760K, 31% used [0x0000000080000000,0x000000008243bda8,0x0000000087300000)
 Metaspace       used 41113K, capacity 43876K, committed 44248K, reserved 1087488K
  class space    used 5680K, capacity 6017K, committed 6144K, reserved 1048576K
}

Deoptimization events (10 events):
Event: 159.596 Thread 0x0000000019ad8000 Uncommon trap: reason=unstable_if action=reinterpret pc=0x0000000003edae0c method=java.util.TreeMap.getCeilingEntry(Ljava/lang/Object;)Ljava/util/TreeMap$Entry; @ 80
Event: 160.346 Thread 0x0000000019ad8000 Uncommon trap: reason=unstable_if action=reinterpret pc=0x0000000003e0afdc method=java.util.concurrent.locks.AbstractQueuedSynchronizer.hasQueuedPredecessors()Z @ 31
Event: 160.350 Thread 0x0000000019ad8000 Uncommon trap: reason=unstable_if action=reinterpret pc=0x0000000003e08120 method=java.util.concurrent.locks.AbstractQueuedSynchronizer.hasQueuedPredecessors()Z @ 31
Event: 160.350 Thread 0x0000000019809800 Uncommon trap: reason=unstable_if action=reinterpret pc=0x0000000003e415c0 method=java.util.concurrent.locks.AbstractQueuedSynchronizer.isOnSyncQueue(Ljava/util/concurrent/locks/AbstractQueuedSynchronizer$Node;)Z @ 22
Event: 160.385 Thread 0x0000000019809800 Uncommon trap: reason=predicate action=maybe_recompile pc=0x0000000003b8ab08 method=java.util.Collections.indexedBinarySearch(Ljava/util/List;Ljava/lang/Object;)I @ 16
Event: 160.428 Thread 0x0000000019ad8000 Uncommon trap: reason=unstable_if action=reinterpret pc=0x0000000003f4e4a0 method=org.gradle.api.internal.file.collections.DefaultFileCollectionResolveContext$FileCollectionConverter.convertInto(Ljava/lang/Object;Ljava/util/Collection;Lorg/gradle/internal
Event: 161.713 Thread 0x0000000019ad8000 Uncommon trap: reason=unstable_if action=reinterpret pc=0x0000000003f01ef0 method=java.io.WinNTFileSystem.parentOrNull(Ljava/lang/String;)Ljava/lang/String; @ 62
Event: 161.718 Thread 0x0000000019ad8000 Uncommon trap: reason=predicate action=maybe_recompile pc=0x0000000003d18760 method=java.util.Arrays$ArrayList.indexOf(Ljava/lang/Object;)I @ 42
Event: 162.737 Thread 0x000000001d169800 Uncommon trap: reason=unstable_if action=reinterpret pc=0x0000000002711010 method=org.gradle.internal.logging.text.AbstractLineChoppingStyledTextOutput$2.execute(Lorg/gradle/internal/logging/text/AbstractLineChoppingStyledTextOutput$StateContext;)V @ 30
Event: 162.738 Thread 0x0000000019d4a800 Uncommon trap: reason=unstable_if action=reinterpret pc=0x0000000003bb4ecc method=java.util.concurrent.LinkedBlockingDeque.unlinkFirst()Ljava/lang/Object; @ 37

Internal exceptions (10 events):
Event: 159.021 Thread 0x0000000019ad8000 Exception <a 'java/lang/ClassNotFoundException': java/io/ReaderBeanInfo> (0x00000000da266880) thrown at [C:\re\workspace\8-2-build-windows-amd64-cygwin\jdk8u121\8372\hotspot\src\share\vm\classfile\systemDictionary.cpp, line 210]
Event: 159.022 Thread 0x0000000019ad8000 Exception <a 'java/lang/ClassNotFoundException': java/io/ReaderCustomizer> (0x00000000da26d8f0) thrown at [C:\re\workspace\8-2-build-windows-amd64-cygwin\jdk8u121\8372\hotspot\src\share\vm\classfile\systemDictionary.cpp, line 210]
Event: 159.022 Thread 0x0000000019ad8000 Exception <a 'java/lang/ClassNotFoundException': java/io/FilterReaderCustomizer> (0x00000000da279f40) thrown at [C:\re\workspace\8-2-build-windows-amd64-cygwin\jdk8u121\8372\hotspot\src\share\vm\classfile\systemDictionary.cpp, line 210]
Event: 159.023 Thread 0x0000000019ad8000 Exception <a 'java/lang/ClassNotFoundException': org/apache/tools/ant/filters/BaseFilterReaderCustomizer> (0x00000000da28c720) thrown at [C:\re\workspace\8-2-build-windows-amd64-cygwin\jdk8u121\8372\hotspot\src\share\vm\classfile\systemDictionary.cpp, lin
Event: 159.023 Thread 0x0000000019ad8000 Exception <a 'java/lang/ClassNotFoundException': org/apache/tools/ant/filters/BaseParamFilterReaderCustomizer> (0x00000000da29db20) thrown at [C:\re\workspace\8-2-build-windows-amd64-cygwin\jdk8u121\8372\hotspot\src\share\vm\classfile\systemDictionary.cpp
Event: 159.024 Thread 0x0000000019ad8000 Exception <a 'java/lang/ClassNotFoundException': org/apache/tools/ant/filters/ReplaceTokensCustomizer> (0x00000000da2ace50) thrown at [C:\re\workspace\8-2-build-windows-amd64-cygwin\jdk8u121\8372\hotspot\src\share\vm\classfile\systemDictionary.cpp, line 2
Event: 159.026 Thread 0x0000000019ad8000 Exception <a 'java/lang/ClassNotFoundException': java/util/HashtableBeanInfo> (0x00000000da2d2de0) thrown at [C:\re\workspace\8-2-build-windows-amd64-cygwin\jdk8u121\8372\hotspot\src\share\vm\classfile\systemDictionary.cpp, line 210]
Event: 159.026 Thread 0x0000000019ad8000 Exception <a 'java/lang/ClassNotFoundException': java/util/DictionaryBeanInfo> (0x00000000da2da4e0) thrown at [C:\re\workspace\8-2-build-windows-amd64-cygwin\jdk8u121\8372\hotspot\src\share\vm\classfile\systemDictionary.cpp, line 210]
Event: 159.026 Thread 0x0000000019ad8000 Exception <a 'java/lang/ClassNotFoundException': java/util/DictionaryCustomizer> (0x00000000da2e1df8) thrown at [C:\re\workspace\8-2-build-windows-amd64-cygwin\jdk8u121\8372\hotspot\src\share\vm\classfile\systemDictionary.cpp, line 210]
Event: 159.027 Thread 0x0000000019ad8000 Exception <a 'java/lang/ClassNotFoundException': java/util/HashtableCustomizer> (0x00000000da2efe78) thrown at [C:\re\workspace\8-2-build-windows-amd64-cygwin\jdk8u121\8372\hotspot\src\share\vm\classfile\systemDictionary.cpp, line 210]

Events (10 events):
Event: 247.310 Thread 0x0000000016fec800 flushing nmethod 0x000000000356c4d0
Event: 247.310 Thread 0x0000000016fec800 flushing nmethod 0x00000000035c6b50
Event: 247.310 Thread 0x0000000016fec800 flushing nmethod 0x00000000035d40d0
Event: 247.310 Thread 0x0000000016fec800 flushing nmethod 0x00000000035de210
Event: 247.311 Thread 0x0000000016fec800 flushing nmethod 0x00000000035de550
Event: 247.311 Thread 0x0000000016fec800 flushing nmethod 0x0000000003600890
Event: 247.311 Thread 0x0000000016fec800 flushing nmethod 0x000000000360c790
Event: 247.311 Thread 0x0000000016fec800 flushing nmethod 0x000000000360cad0
Event: 247.311 Thread 0x0000000016fec800 flushing nmethod 0x0000000003628f10
Event: 252.340 Thread 0x0000000016fec800 flushing nmethod 0x00000000036b9450


Dynamic libraries:
0x00007ff69eb00000 - 0x00007ff69eb37000 	C:\Program Files\Java\jdk1.8.0_121\bin\java.exe
0x00007ffa6fed0000 - 0x00007ffa700c8000 	C:\WINDOWS\SYSTEM32\ntdll.dll
0x00007ffa6f0e0000 - 0x00007ffa6f19d000 	C:\WINDOWS\System32\KERNEL32.DLL
0x00007ffa6db50000 - 0x00007ffa6de1e000 	C:\WINDOWS\System32\KERNELBASE.dll
0x00007ffa6e7d0000 - 0x00007ffa6e87e000 	C:\WINDOWS\System32\ADVAPI32.dll
0x00007ffa6eeb0000 - 0x00007ffa6ef4e000 	C:\WINDOWS\System32\msvcrt.dll
0x00007ffa6e000000 - 0x00007ffa6e09c000 	C:\WINDOWS\System32\sechost.dll
0x00007ffa6e880000 - 0x00007ffa6e9a5000 	C:\WINDOWS\System32\RPCRT4.dll
0x00007ffa6ed10000 - 0x00007ffa6eeb0000 	C:\WINDOWS\System32\USER32.dll
0x00007ffa6d5f0000 - 0x00007ffa6d612000 	C:\WINDOWS\System32\win32u.dll
0x00007ffa6f2c0000 - 0x00007ffa6f2ea000 	C:\WINDOWS\System32\GDI32.dll
0x00007ffa6de20000 - 0x00007ffa6df2b000 	C:\WINDOWS\System32\gdi32full.dll
0x00007ffa6d760000 - 0x00007ffa6d7fd000 	C:\WINDOWS\System32\msvcp_win.dll
0x00007ffa6d800000 - 0x00007ffa6d900000 	C:\WINDOWS\System32\ucrtbase.dll
0x00007ffa5cf50000 - 0x00007ffa5d1ea000 	C:\WINDOWS\WinSxS\amd64_microsoft.windows.common-controls_6595b64144ccf1df_6.0.19041.1110_none_60b5254171f9507e\COMCTL32.dll
0x00007ffa6f1a0000 - 0x00007ffa6f1d0000 	C:\WINDOWS\System32\IMM32.DLL
0x000000005c010000 - 0x000000005c0e2000 	C:\Program Files\Java\jdk1.8.0_121\jre\bin\msvcr100.dll
0x000000005b770000 - 0x000000005c00b000 	C:\Program Files\Java\jdk1.8.0_121\jre\bin\server\jvm.dll
0x00007ffa6f580000 - 0x00007ffa6f588000 	C:\WINDOWS\System32\PSAPI.DLL
0x00007ffa5b570000 - 0x00007ffa5b579000 	C:\WINDOWS\SYSTEM32\WSOCK32.dll
0x00007ffa6f350000 - 0x00007ffa6f3bb000 	C:\WINDOWS\System32\WS2_32.dll
0x00007ffa5d240000 - 0x00007ffa5d267000 	C:\WINDOWS\SYSTEM32\WINMM.dll
0x00007ffa5e1a0000 - 0x00007ffa5e1aa000 	C:\WINDOWS\SYSTEM32\VERSION.dll
0x000000005b760000 - 0x000000005b76f000 	C:\Program Files\Java\jdk1.8.0_121\jre\bin\verify.dll
0x000000005b730000 - 0x000000005b759000 	C:\Program Files\Java\jdk1.8.0_121\jre\bin\java.dll
0x000000005b710000 - 0x000000005b726000 	C:\Program Files\Java\jdk1.8.0_121\jre\bin\zip.dll
0x00007ffa6f6c0000 - 0x00007ffa6fe04000 	C:\WINDOWS\System32\SHELL32.dll
0x00007ffa6b2e0000 - 0x00007ffa6ba74000 	C:\WINDOWS\SYSTEM32\windows.storage.dll
0x00007ffa6e9b0000 - 0x00007ffa6ed04000 	C:\WINDOWS\System32\combase.dll
0x00007ffa6cea0000 - 0x00007ffa6ced0000 	C:\WINDOWS\SYSTEM32\Wldp.dll
0x00007ffa6e6c0000 - 0x00007ffa6e76d000 	C:\WINDOWS\System32\SHCORE.dll
0x00007ffa6e770000 - 0x00007ffa6e7c5000 	C:\WINDOWS\System32\shlwapi.dll
0x00007ffa6d530000 - 0x00007ffa6d54f000 	C:\WINDOWS\SYSTEM32\profapi.dll
0x000000005b6f0000 - 0x000000005b70a000 	C:\Program Files\Java\jdk1.8.0_121\jre\bin\net.dll
0x00007ffa6cc80000 - 0x00007ffa6ccea000 	C:\WINDOWS\system32\mswsock.dll
0x000000005b6d0000 - 0x000000005b6e1000 	C:\Program Files\Java\jdk1.8.0_121\jre\bin\nio.dll
0x00007ffa46150000 - 0x00007ffa4616e000 	C:\Users\User\.gradle\native\25\windows-amd64\native-platform.dll
0x00007ffa6cee0000 - 0x00007ffa6cef8000 	C:\WINDOWS\SYSTEM32\CRYPTSP.dll
0x00007ffa6c620000 - 0x00007ffa6c654000 	C:\WINDOWS\system32\rsaenh.dll
0x00007ffa6dab0000 - 0x00007ffa6dad7000 	C:\WINDOWS\System32\bcrypt.dll
0x00007ffa6d4b0000 - 0x00007ffa6d4de000 	C:\WINDOWS\SYSTEM32\USERENV.dll
0x00007ffa6d620000 - 0x00007ffa6d6a2000 	C:\WINDOWS\System32\bcryptprimitives.dll
0x00007ffa6ce10000 - 0x00007ffa6ce1c000 	C:\WINDOWS\SYSTEM32\CRYPTBASE.dll
0x00007ffa6c990000 - 0x00007ffa6c9cb000 	C:\WINDOWS\SYSTEM32\IPHLPAPI.DLL
0x00007ffa6f2b0000 - 0x00007ffa6f2b8000 	C:\WINDOWS\System32\NSI.dll
0x00007ffa61c90000 - 0x00007ffa61ca7000 	C:\WINDOWS\SYSTEM32\dhcpcsvc6.DLL
0x00007ffa62fc0000 - 0x00007ffa62fdd000 	C:\WINDOWS\SYSTEM32\dhcpcsvc.DLL
0x00007ffa6c9d0000 - 0x00007ffa6ca9b000 	C:\WINDOWS\SYSTEM32\DNSAPI.dll
0x000000005b6c0000 - 0x000000005b6cd000 	C:\Program Files\Java\jdk1.8.0_121\jre\bin\management.dll

VM Arguments:
jvm_args: -XX:MaxPermSize=512m -XX:+HeapDumpOnOutOfMemoryError -Xmx2048m -Dfile.encoding=UTF-8 -Duser.country=IN -Duser.language=en -Duser.variant 
java_command: org.gradle.launcher.daemon.bootstrap.GradleDaemon 3.5
java_class_path (initial): C:\Users\User\.gradle\wrapper\dists\gradle-3.5-all\exhrs6ca08n232b14ue48lbye\gradle-3.5\lib\gradle-launcher-3.5.jar
Launcher Type: SUN_STANDARD

Environment Variables:
JAVA_HOME=C:\Program Files\Java\jdk1.8.0_121
PATH=C:\Program Files\Common Files\Oracle\Java\javapath;C:\Python39\Scripts\;C:\Python39\;C:\WINDOWS\system32;C:\WINDOWS;C:\WINDOWS\System32\Wbem;C:\WINDOWS\System32\WindowsPowerShell\v1.0\;C:\WINDOWS\System32\OpenSSH\;C:\Program Files\Git\cmd;C:\Program Files\nodejs\;C:\ProgramData\chocolatey\bin;C:\Program Files\Java\jdk1.8.0_121\bin;C:\hadoop\bin;C:\hadoop\sbin;C:\grails-3.3.6\bin;C:\Program Files\PostgreSQL\14\bin;C:\Program Files\PuTTY\;C:\Program Files\Docker\Docker\resources\bin;C:\ProgramData\DockerDesktop\version-bin;C:\Users\User\AppData\Local\Microsoft\WindowsApps;C:\Users\User\AppData\Roaming\npm;C:\Users\User\AppData\Local\Programs\Microsoft VS Code\bin;C:\Program Files\JetBrains\IntelliJ IDEA 2020.2.4\bin;;
USERNAME=Capulus
OS=Windows_NT
PROCESSOR_IDENTIFIER=Intel64 Family 6 Model 61 Stepping 4, GenuineIntel



---------------  S Y S T E M  ---------------

OS: Windows 10.0 , 64 bit Build 19041 (10.0.19041.1806)

CPU:total 4 (2 cores per cpu, 2 threads per core) family 6 model 61 stepping 4, cmov, cx8, fxsr, mmx, sse, sse2, sse3, ssse3, sse4.1, sse4.2, popcnt, avx, avx2, aes, clmul, erms, rtm, 3dnowpref, lzcnt, ht, tsc, tscinvbit, bmi1, bmi2, adx

Memory: 4k page, physical 8277520k(65664k free), swap 26593948k(0k free)

vm_info: Java HotSpot(TM) 64-Bit Server VM (25.121-b13) for windows-amd64 JRE (1.8.0_121-b13), built on Dec 12 2016 18:21:36 by "java_re" with MS VC++ 10.0 (VS2010)

time: Fri Jul 22 10:24:32 2022
elapsed time: 252 seconds (0d 0h 4m 12s)

