#
# There is insufficient memory for the Java Runtime Environment to continue.
# Native memory allocation (malloc) failed to allocate 65552 bytes for Chunk::new
# Possible reasons:
#   The system is out of physical RAM or swap space
#   In 32 bit mode, the process size limit was hit
# Possible solutions:
#   Reduce memory load on the system
#   Increase physical memory or swap space
#   Check if swap backing store is full
#   Use 64 bit Java on a 64 bit OS
#   Decrease Java heap size (-Xmx/-Xms)
#   Decrease number of Java threads
#   Decrease Java thread stack sizes (-Xss)
#   Set larger code cache with -XX:ReservedCodeCacheSize=
# This output file may be truncated or incomplete.
#
#  Out of Memory Error (allocation.cpp:390), pid=14052, tid=0x0000000000003018
#
# JRE version: Java(TM) SE Runtime Environment (8.0_121-b13) (build 1.8.0_121-b13)
# Java VM: Java HotSpot(TM) 64-Bit Server VM (25.121-b13 mixed mode windows-amd64 compressed oops)
# Failed to write core dump. Minidumps are not enabled by default on client versions of Windows
#

---------------  T H R E A D  ---------------

Current thread (0x0000000017e76800):  JavaThread "C2 CompilerThread1" daemon [_thread_in_native, id=12312, stack(0x00000000195c0000,0x00000000196c0000)]

Stack: [0x00000000195c0000,0x00000000196c0000]
[error occurred during error reporting (printing stack bounds), id 0xc0000005]

Native frames: (J=compiled Java code, j=interpreted, Vv=VM code, C=native code)


Current CompileTask:
C2:  88082 10510       4       org.apache.ivy.core.IvyPatternHelper::substituteVariables (213 bytes)


---------------  P R O C E S S  ---------------

Java Threads: ( => current thread )
  0x000000001d717000 JavaThread "Stdin handler" [_thread_blocked, id=6820, stack(0x000000001c340000,0x000000001c440000)]
  0x000000001d71e000 JavaThread "Asynchronous log dispatcher for DefaultDaemonConnection: socket connection from /127.0.0.1:58138 to /127.0.0.1:52491" [_thread_blocked, id=15836, stack(0x000000001c040000,0x000000001c140000)]
  0x000000001d71d800 JavaThread "Cancel handler" [_thread_blocked, id=18536, stack(0x0000000002f50000,0x0000000003050000)]
  0x000000001d71b000 JavaThread "Handler for socket connection from /127.0.0.1:58138 to /127.0.0.1:52491" [_thread_in_native, id=15996, stack(0x0000000001550000,0x0000000001650000)]
  0x000000001af0f800 JavaThread "Memory manager" [_thread_blocked, id=17592, stack(0x0000000020240000,0x0000000020340000)]
  0x000000001af0f000 JavaThread "Cache worker for Artifact transforms cache (C:\Users\User\.gradle\caches\transforms-1)" [_thread_blocked, id=12584, stack(0x000000001ece0000,0x000000001ede0000)]
  0x000000001af15800 JavaThread "File lock request listener" [_thread_in_native, id=4304, stack(0x000000001c840000,0x000000001c940000)]
  0x000000001af14000 JavaThread "Cache worker for file hash cache (C:\Users\User\.gradle\caches\3.5\fileHashes)" [_thread_blocked, id=7260, stack(0x000000001c740000,0x000000001c840000)]
  0x000000001a350800 JavaThread "Daemon worker" [_thread_in_native, id=10000, stack(0x000000001c440000,0x000000001c540000)]
  0x000000001a073800 JavaThread "Daemon" [_thread_blocked, id=6044, stack(0x000000001bf40000,0x000000001c040000)]
  0x0000000019f4e000 JavaThread "Daemon periodic checks" [_thread_blocked, id=12100, stack(0x000000001be40000,0x000000001bf40000)]
  0x000000001acc0800 JavaThread "Incoming local TCP Connector on port 58138" [_thread_in_native, id=13280, stack(0x000000001bc00000,0x000000001bd00000)]
  0x000000001aeed800 JavaThread "Daemon health stats" [_thread_blocked, id=16496, stack(0x000000001b590000,0x000000001b690000)]
  0x00000000197e3000 JavaThread "Service Thread" daemon [_thread_blocked, id=2932, stack(0x0000000019bc0000,0x0000000019cc0000)]
  0x0000000017e7a000 JavaThread "C1 CompilerThread2" daemon [_thread_in_vm, id=11460, stack(0x00000000196c0000,0x00000000197c0000)]
=>0x0000000017e76800 JavaThread "C2 CompilerThread1" daemon [_thread_in_native, id=12312, stack(0x00000000195c0000,0x00000000196c0000)]
  0x0000000017e6f800 JavaThread "C2 CompilerThread0" daemon [_thread_in_native, id=1332, stack(0x00000000194c0000,0x00000000195c0000)]
  0x0000000017e6c000 JavaThread "Attach Listener" daemon [_thread_blocked, id=2656, stack(0x00000000193c0000,0x00000000194c0000)]
  0x000000000324e800 JavaThread "Signal Dispatcher" daemon [_thread_blocked, id=15408, stack(0x00000000192c0000,0x00000000193c0000)]
  0x0000000003247800 JavaThread "Finalizer" daemon [_thread_blocked, id=13148, stack(0x00000000190c0000,0x00000000191c0000)]
  0x0000000003242000 JavaThread "Reference Handler" daemon [_thread_blocked, id=10788, stack(0x0000000018fc0000,0x00000000190c0000)]
  0x0000000003152800 JavaThread "main" [_thread_blocked, id=13764, stack(0x0000000003050000,0x0000000003150000)]

Other Threads:
  0x0000000017e37000 VMThread [stack: 0x0000000018ec0000,0x0000000018fc0000] [id=11044]
  0x000000001980e000 WatcherThread [stack: 0x0000000019cc0000,0x0000000019dc0000] [id=13612]

VM state:not at safepoint (normal execution)

VM Mutex/Monitor currently owned by a thread: None

Heap:
 PSYoungGen      total 273920K, used 198735K [0x00000000d5580000, 0x00000000ebe80000, 0x0000000100000000)
  eden space 244736K, 81% used [0x00000000d5580000,0x00000000e1793f38,0x00000000e4480000)
  from space 29184K, 0% used [0x00000000e4480000,0x00000000e4480000,0x00000000e6100000)
  to   space 28160K, 0% used [0x00000000ea300000,0x00000000ea300000,0x00000000ebe80000)
 ParOldGen       total 182272K, used 81445K [0x0000000080000000, 0x000000008b200000, 0x00000000d5580000)
  object space 182272K, 44% used [0x0000000080000000,0x0000000084f89700,0x000000008b200000)
 Metaspace       used 49979K, capacity 53492K, committed 53720K, reserved 1095680K
  class space    used 6857K, capacity 7373K, committed 7384K, reserved 1048576K

Card table byte_map: [0x0000000012610000,0x0000000012a20000] byte_map_base: 0x0000000012210000

Marking Bits: (ParMarkBitMap*) 0x000000005bf8b6d0
 Begin Bits: [0x00000000130d0000, 0x00000000150d0000)
 End Bits:   [0x00000000150d0000, 0x00000000170d0000)

Polling page: 0x0000000002e80000

CodeCache: size=245760Kb used=33044Kb max_used=33584Kb free=212715Kb
 bounds [0x0000000003250000, 0x0000000005380000, 0x0000000012250000]
 total_blobs=9846 nmethods=9138 adapters=619
 compilation: enabled

Compilation events (10 events):
Event: 88.022 Thread 0x0000000017e6f800 nmethod 10514 0x00000000034bf010 code [0x00000000034bf160, 0x00000000034bf398]
Event: 88.026 Thread 0x0000000017e6f800 10515       4       java.util.Arrays$ArrayList::indexOf (62 bytes)
Event: 88.031 Thread 0x0000000017e6f800 nmethod 10515 0x000000000370fc50 code [0x000000000370fda0, 0x0000000003710058]
Event: 88.033 Thread 0x0000000017e6f800 10516       4       java.util.LinkedHashMap::keySet (25 bytes)
Event: 88.035 Thread 0x0000000017e6f800 nmethod 10516 0x0000000004b22e50 code [0x0000000004b22fa0, 0x0000000004b23098]
Event: 88.035 Thread 0x0000000017e6f800 10517       4       java.util.LinkedHashMap$LinkedKeySet::iterator (12 bytes)
Event: 88.036 Thread 0x0000000017e6f800 nmethod 10517 0x0000000004bcff10 code [0x0000000004bd0060, 0x0000000004bd0178]
Event: 88.068 Thread 0x0000000017e6f800 10518       4       java.math.BigInteger::getInt (63 bytes)
Event: 88.072 Thread 0x0000000017e6f800 nmethod 10518 0x0000000004481910 code [0x0000000004481a60, 0x0000000004481bf8]
Event: 88.072 Thread 0x0000000017e6f800 10519       4       org.gradle.internal.component.external.model.AbstractModuleComponentResolveMetadata::populateConfigurationFromDescriptor (270 bytes)

GC Heap History (10 events):
Event: 25.846 GC heap before
{Heap before GC invocations=16 (full 2):
 PSYoungGen      total 148992K, used 148960K [0x00000000d5580000, 0x00000000e3500000, 0x0000000100000000)
  eden space 132096K, 100% used [0x00000000d5580000,0x00000000dd680000,0x00000000dd680000)
  from space 16896K, 99% used [0x00000000dd680000,0x00000000de6f8010,0x00000000de700000)
  to   space 22016K, 0% used [0x00000000e1f80000,0x00000000e1f80000,0x00000000e3500000)
 ParOldGen       total 87040K, used 26967K [0x0000000080000000, 0x0000000085500000, 0x00000000d5580000)
  object space 87040K, 30% used [0x0000000080000000,0x0000000081a55ed8,0x0000000085500000)
 Metaspace       used 43146K, capacity 46210K, committed 46424K, reserved 1089536K
  class space    used 5962K, capacity 6401K, committed 6488K, reserved 1048576K
Event: 25.900 GC heap after
Heap after GC invocations=16 (full 2):
 PSYoungGen      total 201216K, used 22000K [0x00000000d5580000, 0x00000000e3e80000, 0x0000000100000000)
  eden space 179200K, 0% used [0x00000000d5580000,0x00000000d5580000,0x00000000e0480000)
  from space 22016K, 99% used [0x00000000e1f80000,0x00000000e34fc030,0x00000000e3500000)
  to   space 27648K, 0% used [0x00000000e0480000,0x00000000e0480000,0x00000000e1f80000)
 ParOldGen       total 87040K, used 34036K [0x0000000080000000, 0x0000000085500000, 0x00000000d5580000)
  object space 87040K, 39% used [0x0000000080000000,0x000000008213d0f0,0x0000000085500000)
 Metaspace       used 43146K, capacity 46210K, committed 46424K, reserved 1089536K
  class space    used 5962K, capacity 6401K, committed 6488K, reserved 1048576K
}
Event: 30.659 GC heap before
{Heap before GC invocations=17 (full 2):
 PSYoungGen      total 201216K, used 201200K [0x00000000d5580000, 0x00000000e3e80000, 0x0000000100000000)
  eden space 179200K, 100% used [0x00000000d5580000,0x00000000e0480000,0x00000000e0480000)
  from space 22016K, 99% used [0x00000000e1f80000,0x00000000e34fc030,0x00000000e3500000)
  to   space 27648K, 0% used [0x00000000e0480000,0x00000000e0480000,0x00000000e1f80000)
 ParOldGen       total 87040K, used 34036K [0x0000000080000000, 0x0000000085500000, 0x00000000d5580000)
  object space 87040K, 39% used [0x0000000080000000,0x000000008213d0f0,0x0000000085500000)
 Metaspace       used 47079K, capacity 50334K, committed 50520K, reserved 1093632K
  class space    used 6490K, capacity 6951K, committed 7000K, reserved 1048576K
Event: 30.713 GC heap after
Heap after GC invocations=17 (full 2):
 PSYoungGen      total 206848K, used 22039K [0x00000000d5580000, 0x00000000e7e00000, 0x0000000100000000)
  eden space 179200K, 0% used [0x00000000d5580000,0x00000000d5580000,0x00000000e0480000)
  from space 27648K, 79% used [0x00000000e0480000,0x00000000e1a05f18,0x00000000e1f80000)
  to   space 29696K, 0% used [0x00000000e6100000,0x00000000e6100000,0x00000000e7e00000)
 ParOldGen       total 87040K, used 45674K [0x0000000080000000, 0x0000000085500000, 0x00000000d5580000)
  object space 87040K, 52% used [0x0000000080000000,0x0000000082c9abe8,0x0000000085500000)
 Metaspace       used 47079K, capacity 50334K, committed 50520K, reserved 1093632K
  class space    used 6490K, capacity 6951K, committed 7000K, reserved 1048576K
}
Event: 32.972 GC heap before
{Heap before GC invocations=18 (full 2):
 PSYoungGen      total 206848K, used 201239K [0x00000000d5580000, 0x00000000e7e00000, 0x0000000100000000)
  eden space 179200K, 100% used [0x00000000d5580000,0x00000000e0480000,0x00000000e0480000)
  from space 27648K, 79% used [0x00000000e0480000,0x00000000e1a05f18,0x00000000e1f80000)
  to   space 29696K, 0% used [0x00000000e6100000,0x00000000e6100000,0x00000000e7e00000)
 ParOldGen       total 87040K, used 45674K [0x0000000080000000, 0x0000000085500000, 0x00000000d5580000)
  object space 87040K, 52% used [0x0000000080000000,0x0000000082c9abe8,0x0000000085500000)
 Metaspace       used 47780K, capacity 51106K, committed 51160K, reserved 1093632K
  class space    used 6601K, capacity 7082K, committed 7128K, reserved 1048576K
Event: 33.043 GC heap after
Heap after GC invocations=18 (full 2):
 PSYoungGen      total 274432K, used 8064K [0x00000000d5580000, 0x00000000e7e80000, 0x0000000100000000)
  eden space 244736K, 0% used [0x00000000d5580000,0x00000000d5580000,0x00000000e4480000)
  from space 29696K, 27% used [0x00000000e6100000,0x00000000e68e0000,0x00000000e7e00000)
  to   space 29184K, 0% used [0x00000000e4480000,0x00000000e4480000,0x00000000e6100000)
 ParOldGen       total 87040K, used 65644K [0x0000000080000000, 0x0000000085500000, 0x00000000d5580000)
  object space 87040K, 75% used [0x0000000080000000,0x000000008401b388,0x0000000085500000)
 Metaspace       used 47780K, capacity 51106K, committed 51160K, reserved 1093632K
  class space    used 6601K, capacity 7082K, committed 7128K, reserved 1048576K
}
Event: 34.499 GC heap before
{Heap before GC invocations=19 (full 2):
 PSYoungGen      total 274432K, used 252800K [0x00000000d5580000, 0x00000000e7e80000, 0x0000000100000000)
  eden space 244736K, 100% used [0x00000000d5580000,0x00000000e4480000,0x00000000e4480000)
  from space 29696K, 27% used [0x00000000e6100000,0x00000000e68e0000,0x00000000e7e00000)
  to   space 29184K, 0% used [0x00000000e4480000,0x00000000e4480000,0x00000000e6100000)
 ParOldGen       total 87040K, used 65644K [0x0000000080000000, 0x0000000085500000, 0x00000000d5580000)
  object space 87040K, 75% used [0x0000000080000000,0x000000008401b388,0x0000000085500000)
 Metaspace       used 47930K, capacity 51378K, committed 51416K, reserved 1093632K
  class space    used 6615K, capacity 7106K, committed 7128K, reserved 1048576K
Event: 34.603 GC heap after
Heap after GC invocations=19 (full 2):
 PSYoungGen      total 273920K, used 10144K [0x00000000d5580000, 0x00000000ebe80000, 0x0000000100000000)
  eden space 244736K, 0% used [0x00000000d5580000,0x00000000d5580000,0x00000000e4480000)
  from space 29184K, 34% used [0x00000000e4480000,0x00000000e4e68000,0x00000000e6100000)
  to   space 28160K, 0% used [0x00000000ea300000,0x00000000ea300000,0x00000000ebe80000)
 ParOldGen       total 87040K, used 73336K [0x0000000080000000, 0x0000000085500000, 0x00000000d5580000)
  object space 87040K, 84% used [0x0000000080000000,0x000000008479e3a8,0x0000000085500000)
 Metaspace       used 47930K, capacity 51378K, committed 51416K, reserved 1093632K
  class space    used 6615K, capacity 7106K, committed 7128K, reserved 1048576K
}
Event: 34.603 GC heap before
{Heap before GC invocations=20 (full 3):
 PSYoungGen      total 273920K, used 10144K [0x00000000d5580000, 0x00000000ebe80000, 0x0000000100000000)
  eden space 244736K, 0% used [0x00000000d5580000,0x00000000d5580000,0x00000000e4480000)
  from space 29184K, 34% used [0x00000000e4480000,0x00000000e4e68000,0x00000000e6100000)
  to   space 28160K, 0% used [0x00000000ea300000,0x00000000ea300000,0x00000000ebe80000)
 ParOldGen       total 87040K, used 73336K [0x0000000080000000, 0x0000000085500000, 0x00000000d5580000)
  object space 87040K, 84% used [0x0000000080000000,0x000000008479e3a8,0x0000000085500000)
 Metaspace       used 47930K, capacity 51378K, committed 51416K, reserved 1093632K
  class space    used 6615K, capacity 7106K, committed 7128K, reserved 1048576K
Event: 36.157 GC heap after
Heap after GC invocations=20 (full 3):
 PSYoungGen      total 273920K, used 0K [0x00000000d5580000, 0x00000000ebe80000, 0x0000000100000000)
  eden space 244736K, 0% used [0x00000000d5580000,0x00000000d5580000,0x00000000e4480000)
  from space 29184K, 0% used [0x00000000e4480000,0x00000000e4480000,0x00000000e6100000)
  to   space 28160K, 0% used [0x00000000ea300000,0x00000000ea300000,0x00000000ebe80000)
 ParOldGen       total 182272K, used 81445K [0x0000000080000000, 0x000000008b200000, 0x00000000d5580000)
  object space 182272K, 44% used [0x0000000080000000,0x0000000084f89700,0x000000008b200000)
 Metaspace       used 47930K, capacity 51378K, committed 51416K, reserved 1093632K
  class space    used 6615K, capacity 7106K, committed 7128K, reserved 1048576K
}

Deoptimization events (10 events):
Event: 39.653 Thread 0x000000001a073800 Uncommon trap: reason=unstable_if action=reinterpret pc=0x0000000004200da8 method=java.util.HashMap$HashIterator.<init>(Ljava/util/HashMap;)V @ 45
Event: 75.889 Thread 0x0000000019f4e000 Uncommon trap: reason=unstable_if action=reinterpret pc=0x0000000004e51abc method=java.io.ExpiringCache.entryFor(Ljava/lang/String;)Ljava/io/ExpiringCache$Entry; @ 39
Event: 86.934 Thread 0x000000001a350800 Uncommon trap: reason=unstable_if action=reinterpret pc=0x0000000004877f18 method=java.io.WinNTFileSystem.parentOrNull(Ljava/lang/String;)Ljava/lang/String; @ 62
Event: 86.960 Thread 0x000000001a350800 Uncommon trap: reason=unstable_if action=reinterpret pc=0x0000000004fd1bdc method=java.io.File.equals(Ljava/lang/Object;)Z @ 1
Event: 86.976 Thread 0x000000001a350800 Uncommon trap: reason=class_check action=maybe_recompile pc=0x00000000051c8970 method=org.gradle.model.internal.registry.RuleBindings$NodeAtStateIndex.get(Lorg/gradle/model/internal/registry/NodeAtState;)Ljava/util/Collection; @ 13
Event: 86.977 Thread 0x000000001a350800 Uncommon trap: reason=class_check action=maybe_recompile pc=0x00000000051c8970 method=org.gradle.model.internal.registry.RuleBindings$NodeAtStateIndex.get(Lorg/gradle/model/internal/registry/NodeAtState;)Ljava/util/Collection; @ 13
Event: 86.977 Thread 0x000000001a350800 Uncommon trap: reason=bimorphic action=maybe_recompile pc=0x00000000038196c4 method=com.google.common.collect.AbstractMapBasedMultimap.put(Ljava/lang/Object;Ljava/lang/Object;)Z @ 70
Event: 86.983 Thread 0x000000001a350800 Uncommon trap: reason=class_check action=maybe_recompile pc=0x00000000051c8970 method=org.gradle.model.internal.registry.RuleBindings$NodeAtStateIndex.get(Lorg/gradle/model/internal/registry/NodeAtState;)Ljava/util/Collection; @ 13
Event: 86.984 Thread 0x000000001a350800 Uncommon trap: reason=class_check action=maybe_recompile pc=0x00000000051c8970 method=org.gradle.model.internal.registry.RuleBindings$NodeAtStateIndex.get(Lorg/gradle/model/internal/registry/NodeAtState;)Ljava/util/Collection; @ 13
Event: 87.173 Thread 0x000000001a350800 Uncommon trap: reason=unstable_if action=reinterpret pc=0x0000000003cc9798 method=org.gradle.api.internal.project.DefaultProject.getGroup()Ljava/lang/Object; @ 4

Internal exceptions (10 events):
Event: 30.744 Thread 0x000000001a350800 Exception <a 'java/lang/ClassNotFoundException': org/jetbrains/plugins/gradle/tooling/util/resolve/DependencyResolverImplCustomizer> (0x00000000d56e6210) thrown at [C:\re\workspace\8-2-build-windows-amd64-cygwin\jdk8u121\8372\hotspot\src\share\vm\classfil
Event: 39.608 Thread 0x000000001a073800 Exception <a 'java/lang/NoSuchMethodError': <clinit>> (0x00000000dff96f30) thrown at [C:\re\workspace\8-2-build-windows-amd64-cygwin\jdk8u121\8372\hotspot\src\share\vm\prims\jni.cpp, line 1613]
Event: 39.608 Thread 0x000000001a073800 Exception <a 'java/lang/NoSuchMethodError': <clinit>> (0x00000000dff98260) thrown at [C:\re\workspace\8-2-build-windows-amd64-cygwin\jdk8u121\8372\hotspot\src\share\vm\prims\jni.cpp, line 1613]
Event: 39.609 Thread 0x000000001a073800 Exception <a 'java/lang/NoSuchMethodError': <clinit>> (0x00000000dffa2348) thrown at [C:\re\workspace\8-2-build-windows-amd64-cygwin\jdk8u121\8372\hotspot\src\share\vm\prims\jni.cpp, line 1613]
Event: 39.611 Thread 0x000000001a073800 Exception <a 'java/lang/NoSuchMethodError': <clinit>> (0x00000000dffb1a48) thrown at [C:\re\workspace\8-2-build-windows-amd64-cygwin\jdk8u121\8372\hotspot\src\share\vm\prims\jni.cpp, line 1613]
Event: 39.612 Thread 0x000000001a073800 Exception <a 'java/lang/NoSuchMethodError': <clinit>> (0x00000000dffbc3b0) thrown at [C:\re\workspace\8-2-build-windows-amd64-cygwin\jdk8u121\8372\hotspot\src\share\vm\prims\jni.cpp, line 1613]
Event: 39.647 Thread 0x000000001a078000 Exception <a 'java/lang/NoSuchMethodError': <clinit>> (0x00000000e01441a8) thrown at [C:\re\workspace\8-2-build-windows-amd64-cygwin\jdk8u121\8372\hotspot\src\share\vm\prims\jni.cpp, line 1613]
Event: 86.899 Thread 0x000000001d71b000 Exception <a 'java/lang/NoSuchMethodError': <clinit>> (0x00000000e058dc40) thrown at [C:\re\workspace\8-2-build-windows-amd64-cygwin\jdk8u121\8372\hotspot\src\share\vm\prims\jni.cpp, line 1613]
Event: 86.904 Thread 0x000000001d71b000 Exception <a 'java/lang/NoSuchMethodError': <clinit>> (0x00000000e05b21b0) thrown at [C:\re\workspace\8-2-build-windows-amd64-cygwin\jdk8u121\8372\hotspot\src\share\vm\prims\jni.cpp, line 1613]
Event: 86.960 Thread 0x000000001a350800 Implicit null exception at 0x0000000004fd152f to 0x0000000004fd1bc9

Events (10 events):
Event: 86.983 Thread 0x000000001a350800 DEOPT PACKING pc=0x00000000051c8970 sp=0x000000001c53afb0
Event: 86.983 Thread 0x000000001a350800 DEOPT UNPACKING pc=0x000000000329582a sp=0x000000001c53ae88 mode 2
Event: 86.984 Thread 0x000000001a350800 Uncommon trap: trap_request=0xffffffde fr.pc=0x00000000051c8970
Event: 86.990 Thread 0x000000001a350800 DEOPT PACKING pc=0x00000000051c8970 sp=0x000000001c53afb0
Event: 86.990 Thread 0x000000001a350800 DEOPT UNPACKING pc=0x000000000329582a sp=0x000000001c53ae88 mode 2
Event: 87.173 Thread 0x000000001a350800 Uncommon trap: trap_request=0xffffff65 fr.pc=0x0000000003cc9798
Event: 87.173 Thread 0x000000001a350800 DEOPT PACKING pc=0x0000000003cc9798 sp=0x000000001c53bd30
Event: 87.173 Thread 0x000000001a350800 DEOPT UNPACKING pc=0x000000000329582a sp=0x000000001c53bcd0 mode 2
Event: 87.692 Thread 0x000000001a350800 DEOPT PACKING pc=0x0000000003d53946 sp=0x000000001c53b460
Event: 87.692 Thread 0x000000001a350800 DEOPT UNPACKING pc=0x000000000329787f sp=0x000000001c53b280 mode 0


Dynamic libraries:
0x00007ff6796e0000 - 0x00007ff679717000 	C:\Program Files\Java\jdk1.8.0_121\bin\java.exe
0x00007ffa6fed0000 - 0x00007ffa700c8000 	C:\WINDOWS\SYSTEM32\ntdll.dll
0x00007ffa6f0e0000 - 0x00007ffa6f19d000 	C:\WINDOWS\System32\KERNEL32.DLL
0x00007ffa6db50000 - 0x00007ffa6de1e000 	C:\WINDOWS\System32\KERNELBASE.dll
0x00007ffa6e7d0000 - 0x00007ffa6e87e000 	C:\WINDOWS\System32\ADVAPI32.dll
0x00007ffa6eeb0000 - 0x00007ffa6ef4e000 	C:\WINDOWS\System32\msvcrt.dll
0x00007ffa6e000000 - 0x00007ffa6e09c000 	C:\WINDOWS\System32\sechost.dll
0x00007ffa6e880000 - 0x00007ffa6e9a5000 	C:\WINDOWS\System32\RPCRT4.dll
0x00007ffa6ed10000 - 0x00007ffa6eeb0000 	C:\WINDOWS\System32\USER32.dll
0x00007ffa6d5f0000 - 0x00007ffa6d612000 	C:\WINDOWS\System32\win32u.dll
0x00007ffa6f2c0000 - 0x00007ffa6f2ea000 	C:\WINDOWS\System32\GDI32.dll
0x00007ffa6de20000 - 0x00007ffa6df2b000 	C:\WINDOWS\System32\gdi32full.dll
0x00007ffa6d760000 - 0x00007ffa6d7fd000 	C:\WINDOWS\System32\msvcp_win.dll
0x00007ffa6d800000 - 0x00007ffa6d900000 	C:\WINDOWS\System32\ucrtbase.dll
0x00007ffa5cf50000 - 0x00007ffa5d1ea000 	C:\WINDOWS\WinSxS\amd64_microsoft.windows.common-controls_6595b64144ccf1df_6.0.19041.1110_none_60b5254171f9507e\COMCTL32.dll
0x00007ffa6f1a0000 - 0x00007ffa6f1d0000 	C:\WINDOWS\System32\IMM32.DLL
0x000000005c010000 - 0x000000005c0e2000 	C:\Program Files\Java\jdk1.8.0_121\jre\bin\msvcr100.dll
0x000000005b770000 - 0x000000005c00b000 	C:\Program Files\Java\jdk1.8.0_121\jre\bin\server\jvm.dll
0x00007ffa6f580000 - 0x00007ffa6f588000 	C:\WINDOWS\System32\PSAPI.DLL
0x00007ffa5b570000 - 0x00007ffa5b579000 	C:\WINDOWS\SYSTEM32\WSOCK32.dll
0x00007ffa6f350000 - 0x00007ffa6f3bb000 	C:\WINDOWS\System32\WS2_32.dll
0x00007ffa5e1a0000 - 0x00007ffa5e1aa000 	C:\WINDOWS\SYSTEM32\VERSION.dll
0x00007ffa5d240000 - 0x00007ffa5d267000 	C:\WINDOWS\SYSTEM32\WINMM.dll
0x000000005b760000 - 0x000000005b76f000 	C:\Program Files\Java\jdk1.8.0_121\jre\bin\verify.dll
0x000000005b730000 - 0x000000005b759000 	C:\Program Files\Java\jdk1.8.0_121\jre\bin\java.dll
0x000000005b710000 - 0x000000005b726000 	C:\Program Files\Java\jdk1.8.0_121\jre\bin\zip.dll
0x00007ffa6f6c0000 - 0x00007ffa6fe04000 	C:\WINDOWS\System32\SHELL32.dll
0x00007ffa6b2e0000 - 0x00007ffa6ba74000 	C:\WINDOWS\SYSTEM32\windows.storage.dll
0x00007ffa6e9b0000 - 0x00007ffa6ed04000 	C:\WINDOWS\System32\combase.dll
0x00007ffa6cea0000 - 0x00007ffa6ced0000 	C:\WINDOWS\SYSTEM32\Wldp.dll
0x00007ffa6e6c0000 - 0x00007ffa6e76d000 	C:\WINDOWS\System32\SHCORE.dll
0x00007ffa6e770000 - 0x00007ffa6e7c5000 	C:\WINDOWS\System32\shlwapi.dll
0x00007ffa6d530000 - 0x00007ffa6d54f000 	C:\WINDOWS\SYSTEM32\profapi.dll
0x000000005b6f0000 - 0x000000005b70a000 	C:\Program Files\Java\jdk1.8.0_121\jre\bin\net.dll
0x00007ffa6cc80000 - 0x00007ffa6ccea000 	C:\WINDOWS\system32\mswsock.dll
0x000000005b6d0000 - 0x000000005b6e1000 	C:\Program Files\Java\jdk1.8.0_121\jre\bin\nio.dll
0x00007ffa3b9d0000 - 0x00007ffa3b9ee000 	C:\Users\User\.gradle\native\25\windows-amd64\native-platform.dll
0x00007ffa6cee0000 - 0x00007ffa6cef8000 	C:\WINDOWS\SYSTEM32\CRYPTSP.dll
0x00007ffa6c620000 - 0x00007ffa6c654000 	C:\WINDOWS\system32\rsaenh.dll
0x00007ffa6dab0000 - 0x00007ffa6dad7000 	C:\WINDOWS\System32\bcrypt.dll
0x00007ffa6d4b0000 - 0x00007ffa6d4de000 	C:\WINDOWS\SYSTEM32\USERENV.dll
0x00007ffa6d620000 - 0x00007ffa6d6a2000 	C:\WINDOWS\System32\bcryptprimitives.dll
0x00007ffa6ce10000 - 0x00007ffa6ce1c000 	C:\WINDOWS\SYSTEM32\CRYPTBASE.dll
0x00007ffa6c990000 - 0x00007ffa6c9cb000 	C:\WINDOWS\SYSTEM32\IPHLPAPI.DLL
0x00007ffa6f2b0000 - 0x00007ffa6f2b8000 	C:\WINDOWS\System32\NSI.dll
0x00007ffa61c90000 - 0x00007ffa61ca7000 	C:\WINDOWS\SYSTEM32\dhcpcsvc6.DLL
0x00007ffa62fc0000 - 0x00007ffa62fdd000 	C:\WINDOWS\SYSTEM32\dhcpcsvc.DLL
0x00007ffa6c9d0000 - 0x00007ffa6ca9b000 	C:\WINDOWS\SYSTEM32\DNSAPI.dll
0x000000005b6c0000 - 0x000000005b6cd000 	C:\Program Files\Java\jdk1.8.0_121\jre\bin\management.dll

VM Arguments:
jvm_args: -XX:MaxPermSize=512m -XX:+HeapDumpOnOutOfMemoryError -Xmx2048m -Dfile.encoding=UTF-8 -Duser.country=IN -Duser.language=en -Duser.variant 
java_command: org.gradle.launcher.daemon.bootstrap.GradleDaemon 3.5
java_class_path (initial): C:\Users\User\.gradle\wrapper\dists\gradle-3.5-all\exhrs6ca08n232b14ue48lbye\gradle-3.5\lib\gradle-launcher-3.5.jar
Launcher Type: SUN_STANDARD

Environment Variables:
JAVA_HOME=C:\Program Files\Java\jdk1.8.0_121
PATH=C:\Program Files\Common Files\Oracle\Java\javapath;C:\Python39\Scripts\;C:\Python39\;C:\WINDOWS\system32;C:\WINDOWS;C:\WINDOWS\System32\Wbem;C:\WINDOWS\System32\WindowsPowerShell\v1.0\;C:\WINDOWS\System32\OpenSSH\;C:\Program Files\Git\cmd;C:\Program Files\nodejs\;C:\ProgramData\chocolatey\bin;C:\Program Files\Java\jdk1.8.0_121\bin;C:\hadoop\bin;C:\hadoop\sbin;C:\grails-3.3.6\bin;C:\Program Files\PostgreSQL\14\bin;C:\Program Files\PuTTY\;C:\Program Files\Docker\Docker\resources\bin;C:\ProgramData\DockerDesktop\version-bin;C:\Users\User\AppData\Local\Microsoft\WindowsApps;C:\Users\User\AppData\Roaming\npm;C:\Users\User\AppData\Local\Programs\Microsoft VS Code\bin;C:\Program Files\JetBrains\IntelliJ IDEA 2020.2.4\bin;;
USERNAME=Capulus
OS=Windows_NT
PROCESSOR_IDENTIFIER=Intel64 Family 6 Model 61 Stepping 4, GenuineIntel



---------------  S Y S T E M  ---------------

OS: Windows 10.0 , 64 bit Build 19041 (10.0.19041.1806)

CPU:total 4 (2 cores per cpu, 2 threads per core) family 6 model 61 stepping 4, cmov, cx8, fxsr, mmx, sse, sse2, sse3, ssse3, sse4.1, sse4.2, popcnt, avx, avx2, aes, clmul, erms, rtm, 3dnowpref, lzcnt, ht, tsc, tscinvbit, bmi1, bmi2, adx

Memory: 4k page, physical 8277520k(315492k free), swap 26593948k(2496k free)

vm_info: Java HotSpot(TM) 64-Bit Server VM (25.121-b13) for windows-amd64 JRE (1.8.0_121-b13), built on Dec 12 2016 18:21:36 by "java_re" with MS VC++ 10.0 (VS2010)

time: Tue Jul 26 10:16:10 2022
elapsed time: 88 seconds (0d 0h 1m 28s)

