#
# There is insufficient memory for the Java Runtime Environment to continue.
# Native memory allocation (malloc) failed to allocate 422576 bytes for Chunk::new
# Possible reasons:
#   The system is out of physical RAM or swap space
#   In 32 bit mode, the process size limit was hit
# Possible solutions:
#   Reduce memory load on the system
#   Increase physical memory or swap space
#   Check if swap backing store is full
#   Use 64 bit Java on a 64 bit OS
#   Decrease Java heap size (-Xmx/-Xms)
#   Decrease number of Java threads
#   Decrease Java thread stack sizes (-Xss)
#   Set larger code cache with -XX:ReservedCodeCacheSize=
# This output file may be truncated or incomplete.
#
#  Out of Memory Error (allocation.cpp:390), pid=11076, tid=0x00000000000023b4
#
# JRE version: Java(TM) SE Runtime Environment (8.0_121-b13) (build 1.8.0_121-b13)
# Java VM: Java HotSpot(TM) 64-Bit Server VM (25.121-b13 mixed mode windows-amd64 compressed oops)
# Failed to write core dump. Minidumps are not enabled by default on client versions of Windows
#

---------------  T H R E A D  ---------------

Current thread (0x00000000177a2800):  JavaThread "C2 CompilerThread1" daemon [_thread_in_native, id=9140, stack(0x0000000018ef0000,0x0000000018ff0000)]

Stack: [0x0000000018ef0000,0x0000000018ff0000]
[error occurred during error reporting (printing stack bounds), id 0xc0000005]

Native frames: (J=compiled Java code, j=interpreted, Vv=VM code, C=native code)


Current CompileTask:
C2:3923065 9163       4       java.util.Formatter$FormatSpecifier::<init> (246 bytes)


---------------  P R O C E S S  ---------------

Java Threads: ( => current thread )
  0x000000001e16c000 JavaThread "Forward streams with process: command 'C:\Program Files\Java\jdk1.8.0_121\bin\java.exe' Thread 3" [_thread_in_native, id=11728, stack(0x0000000024490000,0x0000000024590000)]
  0x000000001e169800 JavaThread "Forward streams with process: command 'C:\Program Files\Java\jdk1.8.0_121\bin\java.exe' Thread 2" [_thread_in_native, id=4016, stack(0x0000000024390000,0x0000000024490000)]
  0x000000001e161000 JavaThread "Run command 'C:\Program Files\Java\jdk1.8.0_121\bin\java.exe'" [_thread_in_native, id=7048, stack(0x0000000024090000,0x0000000024190000)]
  0x000000001e164800 JavaThread "Cache worker for file content cache (D:\PharmIT-Billing\.gradle\3.5\fileContent)" [_thread_blocked, id=14676, stack(0x0000000022d90000,0x0000000022e90000)]
  0x000000001ab73800 JavaThread "Cache worker for task history cache (D:\PharmIT-Billing\.gradle\3.5\taskHistory)" [_thread_blocked, id=9824, stack(0x0000000022690000,0x0000000022790000)]
  0x000000001ab71000 JavaThread "Memory manager" [_thread_blocked, id=7736, stack(0x000000001f990000,0x000000001fa90000)]
  0x000000001ab78000 JavaThread "Cache worker for Artifact transforms cache (C:\Users\User\.gradle\caches\transforms-1)" [_thread_blocked, id=17308, stack(0x000000001e820000,0x000000001e920000)]
  0x000000001ab77000 JavaThread "File lock request listener" [_thread_in_native, id=16172, stack(0x000000001d150000,0x000000001d250000)]
  0x000000001ab76800 JavaThread "Cache worker for file hash cache (C:\Users\User\.gradle\caches\3.5\fileHashes)" [_thread_blocked, id=16512, stack(0x000000001d050000,0x000000001d150000)]
  0x000000001a412000 JavaThread "Asynchronous log dispatcher for DefaultDaemonConnection: socket connection from /127.0.0.1:64270 to /127.0.0.1:64271" [_thread_blocked, id=4792, stack(0x000000001ce50000,0x000000001cf50000)]
  0x000000001a6eb000 JavaThread "Daemon worker" [_thread_blocked, id=3128, stack(0x000000001cd50000,0x000000001ce50000)]
  0x000000001a6f0800 JavaThread "Cancel handler" [_thread_blocked, id=6780, stack(0x000000001cc50000,0x000000001cd50000)]
  0x000000001a379800 JavaThread "Handler for socket connection from /127.0.0.1:64270 to /127.0.0.1:64271" [_thread_in_native, id=16072, stack(0x000000001c950000,0x000000001ca50000)]
  0x000000001a658800 JavaThread "Daemon" [_thread_blocked, id=9644, stack(0x000000001c850000,0x000000001c950000)]
  0x000000001a208000 JavaThread "Daemon periodic checks" [_thread_blocked, id=9432, stack(0x000000001c750000,0x000000001c850000)]
  0x000000001abb9000 JavaThread "Incoming local TCP Connector on port 64270" [_thread_in_native, id=18060, stack(0x000000001b310000,0x000000001b410000)]
  0x000000001a58a800 JavaThread "Daemon health stats" [_thread_blocked, id=9524, stack(0x000000001aec0000,0x000000001afc0000)]
  0x0000000019120800 JavaThread "Service Thread" daemon [_thread_blocked, id=4400, stack(0x00000000194f0000,0x00000000195f0000)]
  0x00000000177b0000 JavaThread "C1 CompilerThread2" daemon [_thread_blocked, id=17880, stack(0x0000000018ff0000,0x00000000190f0000)]
=>0x00000000177a2800 JavaThread "C2 CompilerThread1" daemon [_thread_in_native, id=9140, stack(0x0000000018ef0000,0x0000000018ff0000)]
  0x000000001779f000 JavaThread "C2 CompilerThread0" daemon [_thread_blocked, id=13508, stack(0x0000000018df0000,0x0000000018ef0000)]
  0x000000001779b800 JavaThread "Attach Listener" daemon [_thread_blocked, id=17444, stack(0x0000000018cf0000,0x0000000018df0000)]
  0x000000001779a000 JavaThread "Signal Dispatcher" daemon [_thread_blocked, id=8348, stack(0x0000000018bf0000,0x0000000018cf0000)]
  0x0000000002b7b800 JavaThread "Finalizer" daemon [_thread_blocked, id=7052, stack(0x00000000189f0000,0x0000000018af0000)]
  0x0000000002b70000 JavaThread "Reference Handler" daemon [_thread_blocked, id=3524, stack(0x00000000188f0000,0x00000000189f0000)]
  0x0000000002a82800 JavaThread "main" [_thread_blocked, id=12952, stack(0x00000000028e0000,0x00000000029e0000)]

Other Threads:
  0x0000000017768000 VMThread [stack: 0x00000000187f0000,0x00000000188f0000] [id=16224]
  0x000000001912c000 WatcherThread [stack: 0x00000000195f0000,0x00000000196f0000] [id=16840]

VM state:not at safepoint (normal execution)

VM Mutex/Monitor currently owned by a thread: None

Heap:
 PSYoungGen      total 173056K, used 131932K [0x00000000d5580000, 0x00000000e4f80000, 0x0000000100000000)
  eden space 146432K, 71% used [0x00000000d5580000,0x00000000dbc5b0b8,0x00000000de480000)
  from space 26624K, 99% used [0x00000000de480000,0x00000000dfe7c030,0x00000000dfe80000)
  to   space 31744K, 0% used [0x00000000e3080000,0x00000000e3080000,0x00000000e4f80000)
 ParOldGen       total 99840K, used 37306K [0x0000000080000000, 0x0000000086180000, 0x00000000d5580000)
  object space 99840K, 37% used [0x0000000080000000,0x000000008246ebe0,0x0000000086180000)
 Metaspace       used 43860K, capacity 46652K, committed 46936K, reserved 1089536K
  class space    used 6093K, capacity 6445K, committed 6528K, reserved 1048576K

Card table byte_map: [0x0000000011f40000,0x0000000012350000] byte_map_base: 0x0000000011b40000

Marking Bits: (ParMarkBitMap*) 0x0000000065e6b6d0
 Begin Bits: [0x0000000012a00000, 0x0000000014a00000)
 End Bits:   [0x0000000014a00000, 0x0000000016a00000)

Polling page: 0x0000000000c00000

CodeCache: size=245760Kb used=26544Kb max_used=26758Kb free=219215Kb
 bounds [0x0000000002b80000, 0x00000000045e0000, 0x0000000011b80000]
 total_blobs=8337 nmethods=7654 adapters=594
 compilation: enabled

Compilation events (10 events):
Event: 3860.060 Thread 0x00000000177b0000 nmethod 9159 0x0000000003540810 code [0x0000000003540a20, 0x00000000035414d8]
Event: 3860.060 Thread 0x00000000177b0000 9160       3       org.gradle.internal.logging.events.StyledTextOutputEvent::<init> (12 bytes)
Event: 3860.061 Thread 0x00000000177b0000 nmethod 9160 0x0000000003bf1d90 code [0x0000000003bf1f80, 0x0000000003bf27e8]
Event: 3860.061 Thread 0x00000000177b0000 9161       3       org.gradle.internal.logging.events.StyledTextOutputEvent::<init> (12 bytes)
Event: 3860.062 Thread 0x00000000177b0000 nmethod 9161 0x00000000035b0c50 code [0x00000000035b0e20, 0x00000000035b1628]
Event: 3860.062 Thread 0x00000000177b0000 9162       3       org.gradle.internal.logging.events.StyledTextOutputEvent::<init> (23 bytes)
Event: 3860.063 Thread 0x00000000177b0000 nmethod 9162 0x0000000004467390 code [0x0000000004467560, 0x0000000004467d08]
Event: 3922.941 Thread 0x00000000177a2800 9163       4       java.util.Formatter$FormatSpecifier::<init> (246 bytes)
Event: 3922.942 Thread 0x000000001779f000 9164   !   4       java.util.Formatter$FormatSpecifier::index (53 bytes)
Event: 3922.944 Thread 0x000000001779f000 nmethod 9164 0x0000000002e6af50 code [0x0000000002e6b080, 0x0000000002e6b0f8]

GC Heap History (10 events):
Event: 11.987 GC heap before
{Heap before GC invocations=13 (full 2):
 PSYoungGen      total 99840K, used 87040K [0x00000000d5580000, 0x00000000dcc00000, 0x0000000100000000)
  eden space 87040K, 100% used [0x00000000d5580000,0x00000000daa80000,0x00000000daa80000)
  from space 12800K, 0% used [0x00000000db880000,0x00000000db880000,0x00000000dc500000)
  to   space 14336K, 0% used [0x00000000daa80000,0x00000000daa80000,0x00000000db880000)
 ParOldGen       total 99840K, used 19016K [0x0000000080000000, 0x0000000086180000, 0x00000000d5580000)
  object space 99840K, 19% used [0x0000000080000000,0x0000000081292030,0x0000000086180000)
 Metaspace       used 36667K, capacity 37318K, committed 37464K, reserved 1081344K
  class space    used 5181K, capacity 5390K, committed 5504K, reserved 1048576K
Event: 12.011 GC heap after
Heap after GC invocations=13 (full 2):
 PSYoungGen      total 101376K, used 8757K [0x00000000d5580000, 0x00000000de400000, 0x0000000100000000)
  eden space 87040K, 0% used [0x00000000d5580000,0x00000000d5580000,0x00000000daa80000)
  from space 14336K, 61% used [0x00000000daa80000,0x00000000db30d7b8,0x00000000db880000)
  to   space 14336K, 0% used [0x00000000dd600000,0x00000000dd600000,0x00000000de400000)
 ParOldGen       total 99840K, used 19024K [0x0000000080000000, 0x0000000086180000, 0x00000000d5580000)
  object space 99840K, 19% used [0x0000000080000000,0x0000000081294030,0x0000000086180000)
 Metaspace       used 36667K, capacity 37318K, committed 37464K, reserved 1081344K
  class space    used 5181K, capacity 5390K, committed 5504K, reserved 1048576K
}
Event: 14.571 GC heap before
{Heap before GC invocations=14 (full 2):
 PSYoungGen      total 101376K, used 95797K [0x00000000d5580000, 0x00000000de400000, 0x0000000100000000)
  eden space 87040K, 100% used [0x00000000d5580000,0x00000000daa80000,0x00000000daa80000)
  from space 14336K, 61% used [0x00000000daa80000,0x00000000db30d7b8,0x00000000db880000)
  to   space 14336K, 0% used [0x00000000dd600000,0x00000000dd600000,0x00000000de400000)
 ParOldGen       total 99840K, used 19024K [0x0000000080000000, 0x0000000086180000, 0x00000000d5580000)
  object space 99840K, 19% used [0x0000000080000000,0x0000000081294030,0x0000000086180000)
 Metaspace       used 38992K, capacity 40006K, committed 40280K, reserved 1083392K
  class space    used 5458K, capacity 5708K, committed 5760K, reserved 1048576K
Event: 14.598 GC heap after
Heap after GC invocations=14 (full 2):
 PSYoungGen      total 129536K, used 14304K [0x00000000d5580000, 0x00000000de600000, 0x0000000100000000)
  eden space 115200K, 0% used [0x00000000d5580000,0x00000000d5580000,0x00000000dc600000)
  from space 14336K, 99% used [0x00000000dd600000,0x00000000de3f8010,0x00000000de400000)
  to   space 16384K, 0% used [0x00000000dc600000,0x00000000dc600000,0x00000000dd600000)
 ParOldGen       total 99840K, used 20346K [0x0000000080000000, 0x0000000086180000, 0x00000000d5580000)
  object space 99840K, 20% used [0x0000000080000000,0x00000000813deb08,0x0000000086180000)
 Metaspace       used 38992K, capacity 40006K, committed 40280K, reserved 1083392K
  class space    used 5458K, capacity 5708K, committed 5760K, reserved 1048576K
}
Event: 16.640 GC heap before
{Heap before GC invocations=15 (full 2):
 PSYoungGen      total 129536K, used 129504K [0x00000000d5580000, 0x00000000de600000, 0x0000000100000000)
  eden space 115200K, 100% used [0x00000000d5580000,0x00000000dc600000,0x00000000dc600000)
  from space 14336K, 99% used [0x00000000dd600000,0x00000000de3f8010,0x00000000de400000)
  to   space 16384K, 0% used [0x00000000dc600000,0x00000000dc600000,0x00000000dd600000)
 ParOldGen       total 99840K, used 20346K [0x0000000080000000, 0x0000000086180000, 0x00000000d5580000)
  object space 99840K, 20% used [0x0000000080000000,0x00000000813deb08,0x0000000086180000)
 Metaspace       used 40195K, capacity 42274K, committed 42584K, reserved 1085440K
  class space    used 5600K, capacity 5915K, committed 6016K, reserved 1048576K
Event: 16.669 GC heap after
Heap after GC invocations=15 (full 2):
 PSYoungGen      total 131584K, used 16368K [0x00000000d5580000, 0x00000000e1380000, 0x0000000100000000)
  eden space 115200K, 0% used [0x00000000d5580000,0x00000000d5580000,0x00000000dc600000)
  from space 16384K, 99% used [0x00000000dc600000,0x00000000dd5fc020,0x00000000dd600000)
  to   space 21504K, 0% used [0x00000000dfe80000,0x00000000dfe80000,0x00000000e1380000)
 ParOldGen       total 99840K, used 28176K [0x0000000080000000, 0x0000000086180000, 0x00000000d5580000)
  object space 99840K, 28% used [0x0000000080000000,0x0000000081b84300,0x0000000086180000)
 Metaspace       used 40195K, capacity 42274K, committed 42584K, reserved 1085440K
  class space    used 5600K, capacity 5915K, committed 6016K, reserved 1048576K
}
Event: 18.098 GC heap before
{Heap before GC invocations=16 (full 2):
 PSYoungGen      total 131584K, used 131568K [0x00000000d5580000, 0x00000000e1380000, 0x0000000100000000)
  eden space 115200K, 100% used [0x00000000d5580000,0x00000000dc600000,0x00000000dc600000)
  from space 16384K, 99% used [0x00000000dc600000,0x00000000dd5fc020,0x00000000dd600000)
  to   space 21504K, 0% used [0x00000000dfe80000,0x00000000dfe80000,0x00000000e1380000)
 ParOldGen       total 99840K, used 28176K [0x0000000080000000, 0x0000000086180000, 0x00000000d5580000)
  object space 99840K, 28% used [0x0000000080000000,0x0000000081b84300,0x0000000086180000)
 Metaspace       used 41158K, capacity 43888K, committed 43992K, reserved 1087488K
  class space    used 5732K, capacity 6076K, committed 6144K, reserved 1048576K
Event: 18.156 GC heap after
Heap after GC invocations=16 (full 2):
 PSYoungGen      total 167936K, used 21488K [0x00000000d5580000, 0x00000000e2180000, 0x0000000100000000)
  eden space 146432K, 0% used [0x00000000d5580000,0x00000000d5580000,0x00000000de480000)
  from space 21504K, 99% used [0x00000000dfe80000,0x00000000e137c020,0x00000000e1380000)
  to   space 26624K, 0% used [0x00000000de480000,0x00000000de480000,0x00000000dfe80000)
 ParOldGen       total 99840K, used 33842K [0x0000000080000000, 0x0000000086180000, 0x00000000d5580000)
  object space 99840K, 33% used [0x0000000080000000,0x000000008210c858,0x0000000086180000)
 Metaspace       used 41158K, capacity 43888K, committed 43992K, reserved 1087488K
  class space    used 5732K, capacity 6076K, committed 6144K, reserved 1048576K
}
Event: 50.858 GC heap before
{Heap before GC invocations=17 (full 2):
 PSYoungGen      total 167936K, used 167920K [0x00000000d5580000, 0x00000000e2180000, 0x0000000100000000)
  eden space 146432K, 100% used [0x00000000d5580000,0x00000000de480000,0x00000000de480000)
  from space 21504K, 99% used [0x00000000dfe80000,0x00000000e137c020,0x00000000e1380000)
  to   space 26624K, 0% used [0x00000000de480000,0x00000000de480000,0x00000000dfe80000)
 ParOldGen       total 99840K, used 33842K [0x0000000080000000, 0x0000000086180000, 0x00000000d5580000)
  object space 99840K, 33% used [0x0000000080000000,0x000000008210c858,0x0000000086180000)
 Metaspace       used 43492K, capacity 46308K, committed 46424K, reserved 1089536K
  class space    used 6079K, capacity 6441K, committed 6528K, reserved 1048576K
Event: 50.907 GC heap after
Heap after GC invocations=17 (full 2):
 PSYoungGen      total 173056K, used 26608K [0x00000000d5580000, 0x00000000e4f80000, 0x0000000100000000)
  eden space 146432K, 0% used [0x00000000d5580000,0x00000000d5580000,0x00000000de480000)
  from space 26624K, 99% used [0x00000000de480000,0x00000000dfe7c030,0x00000000dfe80000)
  to   space 31744K, 0% used [0x00000000e3080000,0x00000000e3080000,0x00000000e4f80000)
 ParOldGen       total 99840K, used 37306K [0x0000000080000000, 0x0000000086180000, 0x00000000d5580000)
  object space 99840K, 37% used [0x0000000080000000,0x000000008246ebe0,0x0000000086180000)
 Metaspace       used 43492K, capacity 46308K, committed 46424K, reserved 1089536K
  class space    used 6079K, capacity 6441K, committed 6528K, reserved 1048576K
}

Deoptimization events (10 events):
Event: 53.642 Thread 0x000000001a6eb000 Uncommon trap: reason=unstable_if action=reinterpret pc=0x0000000003a34648 method=org.gradle.api.internal.file.collections.DefaultFileCollectionResolveContext.doResolve(Lorg/gradle/api/internal/file/collections/DefaultFileCollectionResolveContext$Converte
Event: 53.642 Thread 0x000000001a6eb000 Uncommon trap: reason=unstable_if action=reinterpret pc=0x0000000003c23f84 method=org.gradle.api.internal.file.collections.DefaultFileCollectionResolveContext$FileCollectionConverter.convertInto(Ljava/lang/Object;Ljava/util/Collection;Lorg/gradle/internal
Event: 53.973 Thread 0x000000001a6eb000 Uncommon trap: reason=unstable_if action=reinterpret pc=0x0000000003715d7c method=java.io.WinNTFileSystem.parentOrNull(Ljava/lang/String;)Ljava/lang/String; @ 62
Event: 53.986 Thread 0x000000001e161000 Uncommon trap: reason=bimorphic action=maybe_recompile pc=0x00000000038591b0 method=org.gradle.internal.event.ListenerBroadcast.dispatch(Lorg/gradle/internal/dispatch/MethodInvocation;)V @ 5
Event: 54.481 Thread 0x000000001e16c000 Uncommon trap: reason=unstable_if action=reinterpret pc=0x0000000002f1f390 method=org.gradle.internal.logging.text.AbstractLineChoppingStyledTextOutput$2.execute(Lorg/gradle/internal/logging/text/AbstractLineChoppingStyledTextOutput$StateContext;)V @ 30
Event: 59.610 Thread 0x000000001ab71000 Uncommon trap: reason=bimorphic action=maybe_recompile pc=0x0000000003858f84 method=org.gradle.internal.dispatch.ProxyDispatchAdapter$DispatchingInvocationHandler.invoke(Ljava/lang/Object;Ljava/lang/reflect/Method;[Ljava/lang/Object;)Ljava/lang/Object; @ 
Event: 59.615 Thread 0x000000001e167800 Uncommon trap: reason=unstable_if action=reinterpret pc=0x000000000386e574 method=java.util.concurrent.locks.AbstractQueuedSynchronizer.acquireQueued(Ljava/util/concurrent/locks/AbstractQueuedSynchronizer$Node;I)Z @ 17
Event: 59.862 Thread 0x000000001e166800 Uncommon trap: reason=unstable_if action=reinterpret pc=0x0000000003b70b58 method=java.util.concurrent.locks.AbstractQueuedSynchronizer.enq(Ljava/util/concurrent/locks/AbstractQueuedSynchronizer$Node;)Ljava/util/concurrent/locks/AbstractQueuedSynchronizer
Event: 92.940 Thread 0x000000001a208000 Uncommon trap: reason=unstable_if action=reinterpret pc=0x0000000002d408d0 method=java.io.ExpiringCache.entryFor(Ljava/lang/String;)Ljava/io/ExpiringCache$Entry; @ 39
Event: 92.940 Thread 0x000000001a208000 Uncommon trap: reason=unstable_if action=reinterpret pc=0x000000000340f9bc method=java.io.ExpiringCache.entryFor(Ljava/lang/String;)Ljava/io/ExpiringCache$Entry; @ 39

Internal exceptions (10 events):
Event: 50.736 Thread 0x000000001a6eb000 Exception <a 'java/lang/ClassNotFoundException': java/io/ReaderBeanInfo> (0x00000000dd1b14a0) thrown at [C:\re\workspace\8-2-build-windows-amd64-cygwin\jdk8u121\8372\hotspot\src\share\vm\classfile\systemDictionary.cpp, line 210]
Event: 50.736 Thread 0x000000001a6eb000 Exception <a 'java/lang/ClassNotFoundException': java/io/ReaderCustomizer> (0x00000000dd1b8510) thrown at [C:\re\workspace\8-2-build-windows-amd64-cygwin\jdk8u121\8372\hotspot\src\share\vm\classfile\systemDictionary.cpp, line 210]
Event: 50.736 Thread 0x000000001a6eb000 Exception <a 'java/lang/ClassNotFoundException': java/io/FilterReaderCustomizer> (0x00000000dd1c4b60) thrown at [C:\re\workspace\8-2-build-windows-amd64-cygwin\jdk8u121\8372\hotspot\src\share\vm\classfile\systemDictionary.cpp, line 210]
Event: 50.736 Thread 0x000000001a6eb000 Exception <a 'java/lang/ClassNotFoundException': org/apache/tools/ant/filters/BaseFilterReaderCustomizer> (0x00000000dd1d7340) thrown at [C:\re\workspace\8-2-build-windows-amd64-cygwin\jdk8u121\8372\hotspot\src\share\vm\classfile\systemDictionary.cpp, lin
Event: 50.737 Thread 0x000000001a6eb000 Exception <a 'java/lang/ClassNotFoundException': org/apache/tools/ant/filters/BaseParamFilterReaderCustomizer> (0x00000000dd1e8740) thrown at [C:\re\workspace\8-2-build-windows-amd64-cygwin\jdk8u121\8372\hotspot\src\share\vm\classfile\systemDictionary.cpp
Event: 50.737 Thread 0x000000001a6eb000 Exception <a 'java/lang/ClassNotFoundException': org/apache/tools/ant/filters/ReplaceTokensCustomizer> (0x00000000dd1f7a70) thrown at [C:\re\workspace\8-2-build-windows-amd64-cygwin\jdk8u121\8372\hotspot\src\share\vm\classfile\systemDictionary.cpp, line 2
Event: 50.738 Thread 0x000000001a6eb000 Exception <a 'java/lang/ClassNotFoundException': java/util/HashtableBeanInfo> (0x00000000dd21da10) thrown at [C:\re\workspace\8-2-build-windows-amd64-cygwin\jdk8u121\8372\hotspot\src\share\vm\classfile\systemDictionary.cpp, line 210]
Event: 50.739 Thread 0x000000001a6eb000 Exception <a 'java/lang/ClassNotFoundException': java/util/DictionaryBeanInfo> (0x00000000dd225110) thrown at [C:\re\workspace\8-2-build-windows-amd64-cygwin\jdk8u121\8372\hotspot\src\share\vm\classfile\systemDictionary.cpp, line 210]
Event: 50.739 Thread 0x000000001a6eb000 Exception <a 'java/lang/ClassNotFoundException': java/util/DictionaryCustomizer> (0x00000000dd22ca28) thrown at [C:\re\workspace\8-2-build-windows-amd64-cygwin\jdk8u121\8372\hotspot\src\share\vm\classfile\systemDictionary.cpp, line 210]
Event: 50.740 Thread 0x000000001a6eb000 Exception <a 'java/lang/ClassNotFoundException': java/util/HashtableCustomizer> (0x00000000dd23aaa8) thrown at [C:\re\workspace\8-2-build-windows-amd64-cygwin\jdk8u121\8372\hotspot\src\share\vm\classfile\systemDictionary.cpp, line 210]

Events (10 events):
Event: 3419.578 Thread 0x00000000177b0000 flushing nmethod 0x0000000003950750
Event: 3419.580 Thread 0x00000000177b0000 flushing nmethod 0x00000000039799d0
Event: 3522.966 Thread 0x00000000177a2800 flushing nmethod 0x0000000003c2d210
Event: 3522.975 Thread 0x00000000177a2800 flushing nmethod 0x0000000003cdd250
Event: 3625.607 Thread 0x00000000177b0000 flushing nmethod 0x0000000003d5a790
Event: 3625.608 Thread 0x00000000177b0000 flushing nmethod 0x0000000003d5bc50
Event: 3625.608 Thread 0x00000000177b0000 flushing nmethod 0x0000000003d5c090
Event: 3625.624 Thread 0x00000000177b0000 flushing nmethod 0x0000000003e94710
Event: 3692.940 Thread 0x00000000177a2800 flushing nmethod 0x000000000406de50
Event: 3695.871 Thread 0x00000000177b0000 flushing nmethod 0x000000000436a550


Dynamic libraries:
0x00007ff690b30000 - 0x00007ff690b67000 	C:\Program Files\Java\jdk1.8.0_121\bin\java.exe
0x00007fff34790000 - 0x00007fff34988000 	C:\WINDOWS\SYSTEM32\ntdll.dll
0x00007fff33b70000 - 0x00007fff33c2d000 	C:\WINDOWS\System32\KERNEL32.DLL
0x00007fff320d0000 - 0x00007fff3239e000 	C:\WINDOWS\System32\KERNELBASE.dll
0x00007fff33f80000 - 0x00007fff3402e000 	C:\WINDOWS\System32\ADVAPI32.dll
0x00007fff34460000 - 0x00007fff344fe000 	C:\WINDOWS\System32\msvcrt.dll
0x00007fff346b0000 - 0x00007fff3474c000 	C:\WINDOWS\System32\sechost.dll
0x00007fff34330000 - 0x00007fff34455000 	C:\WINDOWS\System32\RPCRT4.dll
0x00007fff33de0000 - 0x00007fff33f80000 	C:\WINDOWS\System32\USER32.dll
0x00007fff32610000 - 0x00007fff32632000 	C:\WINDOWS\System32\win32u.dll
0x00007fff327f0000 - 0x00007fff3281a000 	C:\WINDOWS\System32\GDI32.dll
0x00007fff32430000 - 0x00007fff3253b000 	C:\WINDOWS\System32\gdi32full.dll
0x00007fff32570000 - 0x00007fff3260d000 	C:\WINDOWS\System32\msvcp_win.dll
0x00007fff32640000 - 0x00007fff32740000 	C:\WINDOWS\System32\ucrtbase.dll
0x00007fff217f0000 - 0x00007fff21a8a000 	C:\WINDOWS\WinSxS\amd64_microsoft.windows.common-controls_6595b64144ccf1df_6.0.19041.1110_none_60b5254171f9507e\COMCTL32.dll
0x00007fff34500000 - 0x00007fff34530000 	C:\WINDOWS\System32\IMM32.DLL
0x0000000066890000 - 0x0000000066962000 	C:\Program Files\Java\jdk1.8.0_121\jre\bin\msvcr100.dll
0x0000000065650000 - 0x0000000065eeb000 	C:\Program Files\Java\jdk1.8.0_121\jre\bin\server\jvm.dll
0x00007fff34030000 - 0x00007fff34038000 	C:\WINDOWS\System32\PSAPI.DLL
0x00007fff1f6d0000 - 0x00007fff1f6d9000 	C:\WINDOWS\SYSTEM32\WSOCK32.dll
0x00007fff21a90000 - 0x00007fff21ab7000 	C:\WINDOWS\SYSTEM32\WINMM.dll
0x00007fff230b0000 - 0x00007fff230ba000 	C:\WINDOWS\SYSTEM32\VERSION.dll
0x00007fff33d60000 - 0x00007fff33dcb000 	C:\WINDOWS\System32\ws2_32.DLL
0x0000000066880000 - 0x000000006688f000 	C:\Program Files\Java\jdk1.8.0_121\jre\bin\verify.dll
0x0000000066850000 - 0x0000000066879000 	C:\Program Files\Java\jdk1.8.0_121\jre\bin\java.dll
0x0000000066830000 - 0x0000000066846000 	C:\Program Files\Java\jdk1.8.0_121\jre\bin\zip.dll
0x00007fff329d0000 - 0x00007fff33114000 	C:\WINDOWS\System32\SHELL32.dll
0x00007fff2fba0000 - 0x00007fff30334000 	C:\WINDOWS\SYSTEM32\windows.storage.dll
0x00007fff332e0000 - 0x00007fff33634000 	C:\WINDOWS\System32\combase.dll
0x00007fff31760000 - 0x00007fff31790000 	C:\WINDOWS\SYSTEM32\Wldp.dll
0x00007fff33ac0000 - 0x00007fff33b6d000 	C:\WINDOWS\System32\SHCORE.dll
0x00007fff34650000 - 0x00007fff346a5000 	C:\WINDOWS\System32\shlwapi.dll
0x00007fff31df0000 - 0x00007fff31e0f000 	C:\WINDOWS\SYSTEM32\profapi.dll
0x0000000066810000 - 0x000000006682a000 	C:\Program Files\Java\jdk1.8.0_121\jre\bin\net.dll
0x00007fff31540000 - 0x00007fff315aa000 	C:\WINDOWS\system32\mswsock.dll
0x00000000667f0000 - 0x0000000066801000 	C:\Program Files\Java\jdk1.8.0_121\jre\bin\nio.dll
0x00007fff28d50000 - 0x00007fff28d6e000 	C:\Users\User\.gradle\native\25\windows-amd64\native-platform.dll
0x00007fff317a0000 - 0x00007fff317b8000 	C:\WINDOWS\SYSTEM32\CRYPTSP.dll
0x00007fff30ee0000 - 0x00007fff30f14000 	C:\WINDOWS\system32\rsaenh.dll
0x00007fff32540000 - 0x00007fff32567000 	C:\WINDOWS\System32\bcrypt.dll
0x00007fff31db0000 - 0x00007fff31dde000 	C:\WINDOWS\SYSTEM32\USERENV.dll
0x00007fff323a0000 - 0x00007fff32422000 	C:\WINDOWS\System32\bcryptprimitives.dll
0x00007fff316d0000 - 0x00007fff316dc000 	C:\WINDOWS\SYSTEM32\CRYPTBASE.dll
0x00007fff31250000 - 0x00007fff3128b000 	C:\WINDOWS\SYSTEM32\IPHLPAPI.DLL
0x00007fff33ab0000 - 0x00007fff33ab8000 	C:\WINDOWS\System32\NSI.dll
0x00007fff25eb0000 - 0x00007fff25ec7000 	C:\WINDOWS\SYSTEM32\dhcpcsvc6.DLL
0x00007fff26b10000 - 0x00007fff26b2d000 	C:\WINDOWS\SYSTEM32\dhcpcsvc.DLL
0x00007fff31290000 - 0x00007fff3135b000 	C:\WINDOWS\SYSTEM32\DNSAPI.dll
0x00000000667e0000 - 0x00000000667ed000 	C:\Program Files\Java\jdk1.8.0_121\jre\bin\management.dll

VM Arguments:
jvm_args: -XX:MaxPermSize=512m -XX:+HeapDumpOnOutOfMemoryError -Xmx2048m -Dfile.encoding=UTF-8 -Duser.country=IN -Duser.language=en -Duser.variant 
java_command: org.gradle.launcher.daemon.bootstrap.GradleDaemon 3.5
java_class_path (initial): C:\Users\User\.gradle\wrapper\dists\gradle-3.5-all\exhrs6ca08n232b14ue48lbye\gradle-3.5\lib\gradle-launcher-3.5.jar
Launcher Type: SUN_STANDARD

Environment Variables:
JAVA_HOME=C:\Program Files\Java\jdk1.8.0_121
PATH=C:\Program Files\Common Files\Oracle\Java\javapath;C:\Python39\Scripts\;C:\Python39\;C:\WINDOWS\system32;C:\WINDOWS;C:\WINDOWS\System32\Wbem;C:\WINDOWS\System32\WindowsPowerShell\v1.0\;C:\WINDOWS\System32\OpenSSH\;C:\Program Files\Git\cmd;C:\Program Files\nodejs\;C:\ProgramData\chocolatey\bin;C:\Program Files\Java\jdk1.8.0_121\bin;C:\hadoop\bin;C:\hadoop\sbin;C:\grails-3.3.6\bin;C:\Program Files\PostgreSQL\14\bin;C:\Program Files\PuTTY\;C:\Program Files\Docker\Docker\resources\bin;C:\ProgramData\DockerDesktop\version-bin;C:\Users\User\AppData\Local\Microsoft\WindowsApps;C:\Users\User\AppData\Roaming\npm;C:\Users\User\AppData\Local\Programs\Microsoft VS Code\bin;C:\Program Files\JetBrains\IntelliJ IDEA 2020.2.4\bin;;
USERNAME=Capulus
OS=Windows_NT
PROCESSOR_IDENTIFIER=Intel64 Family 6 Model 61 Stepping 4, GenuineIntel



---------------  S Y S T E M  ---------------

OS: Windows 10.0 , 64 bit Build 19041 (10.0.19041.1806)

CPU:total 4 (2 cores per cpu, 2 threads per core) family 6 model 61 stepping 4, cmov, cx8, fxsr, mmx, sse, sse2, sse3, ssse3, sse4.1, sse4.2, popcnt, avx, avx2, aes, clmul, erms, rtm, 3dnowpref, lzcnt, ht, tsc, tscinvbit, bmi1, bmi2, adx

Memory: 4k page, physical 8277520k(326472k free), swap 26593948k(332k free)

vm_info: Java HotSpot(TM) 64-Bit Server VM (25.121-b13) for windows-amd64 JRE (1.8.0_121-b13), built on Dec 12 2016 18:21:36 by "java_re" with MS VC++ 10.0 (VS2010)

time: Thu Jul 21 11:45:54 2022
elapsed time: 3923 seconds (0d 1h 5m 23s)

