#
# There is insufficient memory for the Java Runtime Environment to continue.
# Native memory allocation (malloc) failed to allocate 742736 bytes for Chunk::new
# Possible reasons:
#   The system is out of physical RAM or swap space
#   In 32 bit mode, the process size limit was hit
# Possible solutions:
#   Reduce memory load on the system
#   Increase physical memory or swap space
#   Check if swap backing store is full
#   Use 64 bit Java on a 64 bit OS
#   Decrease Java heap size (-Xmx/-Xms)
#   Decrease number of Java threads
#   Decrease Java thread stack sizes (-Xss)
#   Set larger code cache with -XX:ReservedCodeCacheSize=
# This output file may be truncated or incomplete.
#
#  Out of Memory Error (allocation.cpp:390), pid=15664, tid=0x00000000000039fc
#
# JRE version: Java(TM) SE Runtime Environment (8.0_121-b13) (build 1.8.0_121-b13)
# Java VM: Java HotSpot(TM) 64-Bit Server VM (25.121-b13 mixed mode windows-amd64 compressed oops)
# Failed to write core dump. Minidumps are not enabled by default on client versions of Windows
#

---------------  T H R E A D  ---------------

Current thread (0x0000000017556800):  JavaThread "C2 CompilerThread1" daemon [_thread_in_native, id=14844, stack(0x0000000018cc0000,0x0000000018dc0000)]

Stack: [0x0000000018cc0000,0x0000000018dc0000]
[error occurred during error reporting (printing stack bounds), id 0xc0000005]

Native frames: (J=compiled Java code, j=interpreted, Vv=VM code, C=native code)


Current CompileTask:
C2:  14965 5954   !   4       io.spring.gradle.dependencymanagement.org.apache.maven.model.interpolation.StringSearchModelInterpolator$InterpolateObjectAction::traverseObjectWithParents (118 bytes)


---------------  P R O C E S S  ---------------

Java Threads: ( => current thread )
  0x000000001d931000 JavaThread "Cache worker for task history cache (D:\PharmIT-Billing\.gradle\3.5\taskHistory)" [_thread_blocked, id=13104, stack(0x0000000021290000,0x0000000021390000)]
  0x000000001d92d800 JavaThread "Memory manager" [_thread_blocked, id=16636, stack(0x000000001fd50000,0x000000001fe50000)]
  0x0000000019a5f000 JavaThread "Cache worker for Artifact transforms cache (C:\Users\User\.gradle\caches\transforms-1)" [_thread_blocked, id=16004, stack(0x000000001e5e0000,0x000000001e6e0000)]
  0x0000000019a5f800 JavaThread "File lock request listener" [_thread_in_native, id=19208, stack(0x000000001bf40000,0x000000001c040000)]
  0x0000000019a64000 JavaThread "Cache worker for file hash cache (C:\Users\User\.gradle\caches\3.5\fileHashes)" [_thread_blocked, id=1712, stack(0x000000001be40000,0x000000001bf40000)]
  0x0000000019a61000 JavaThread "Stdin handler" [_thread_blocked, id=7288, stack(0x000000001bd40000,0x000000001be40000)]
  0x0000000019a62800 JavaThread "Asynchronous log dispatcher for DefaultDaemonConnection: socket connection from /127.0.0.1:56171 to /127.0.0.1:56172" [_thread_blocked, id=15524, stack(0x000000001bc40000,0x000000001bd40000)]
  0x0000000019a63800 JavaThread "Daemon worker" [_thread_in_native, id=1512, stack(0x000000001bb40000,0x000000001bc40000)]
  0x0000000019a62000 JavaThread "Cancel handler" [_thread_blocked, id=5920, stack(0x000000001ba40000,0x000000001bb40000)]
  0x0000000019a5e000 JavaThread "Handler for socket connection from /127.0.0.1:56171 to /127.0.0.1:56172" [_thread_in_native, id=15788, stack(0x000000001b740000,0x000000001b840000)]
  0x0000000019a5d800 JavaThread "Daemon" [_thread_blocked, id=21068, stack(0x000000001b640000,0x000000001b740000)]
  0x0000000019e49000 JavaThread "Daemon periodic checks" [_thread_blocked, id=5276, stack(0x000000001b540000,0x000000001b640000)]
  0x0000000019e73800 JavaThread "Incoming local TCP Connector on port 56171" [_thread_in_native, id=19932, stack(0x000000001b300000,0x000000001b400000)]
  0x000000001a5ab000 JavaThread "Daemon health stats" [_thread_blocked, id=8368, stack(0x000000001ac90000,0x000000001ad90000)]
  0x00000000175ae800 JavaThread "Service Thread" daemon [_thread_blocked, id=8672, stack(0x00000000192c0000,0x00000000193c0000)]
  0x0000000017559800 JavaThread "C1 CompilerThread2" daemon [_thread_blocked, id=10900, stack(0x0000000018dc0000,0x0000000018ec0000)]
=>0x0000000017556800 JavaThread "C2 CompilerThread1" daemon [_thread_in_native, id=14844, stack(0x0000000018cc0000,0x0000000018dc0000)]
  0x000000001754f800 JavaThread "C2 CompilerThread0" daemon [_thread_in_native, id=18324, stack(0x0000000018bc0000,0x0000000018cc0000)]
  0x000000001754e000 JavaThread "Attach Listener" daemon [_thread_blocked, id=7252, stack(0x0000000018ac0000,0x0000000018bc0000)]
  0x000000001754a800 JavaThread "Signal Dispatcher" daemon [_thread_blocked, id=18168, stack(0x00000000189c0000,0x0000000018ac0000)]
  0x000000001753a800 JavaThread "Finalizer" daemon [_thread_blocked, id=20524, stack(0x00000000187c0000,0x00000000188c0000)]
  0x0000000002920000 JavaThread "Reference Handler" daemon [_thread_blocked, id=14788, stack(0x00000000186c0000,0x00000000187c0000)]
  0x0000000002832800 JavaThread "main" [_thread_blocked, id=15024, stack(0x0000000002640000,0x0000000002740000)]

Other Threads:
  0x0000000017518000 VMThread [stack: 0x00000000185c0000,0x00000000186c0000] [id=6324]
  0x0000000018eed800 WatcherThread [stack: 0x00000000193c0000,0x00000000194c0000] [id=8552]

VM state:not at safepoint (normal execution)

VM Mutex/Monitor currently owned by a thread: None

Heap:
 PSYoungGen      total 177152K, used 46840K [0x00000000d5580000, 0x00000000e4e80000, 0x0000000100000000)
  eden space 162816K, 19% used [0x00000000d5580000,0x00000000d753ff60,0x00000000df480000)
  from space 14336K, 99% used [0x00000000df480000,0x00000000e027e390,0x00000000e0280000)
  to   space 16384K, 0% used [0x00000000e3e80000,0x00000000e3e80000,0x00000000e4e80000)
 ParOldGen       total 88064K, used 20069K [0x0000000080000000, 0x0000000085600000, 0x00000000d5580000)
  object space 88064K, 22% used [0x0000000080000000,0x00000000813994c0,0x0000000085600000)
 Metaspace       used 39144K, capacity 40248K, committed 40536K, reserved 1083392K
  class space    used 5465K, capacity 5716K, committed 5760K, reserved 1048576K

Card table byte_map: [0x0000000011cf0000,0x0000000012100000] byte_map_base: 0x00000000118f0000

Marking Bits: (ParMarkBitMap*) 0x000000007396b6d0
 Begin Bits: [0x00000000127b0000, 0x00000000147b0000)
 End Bits:   [0x00000000147b0000, 0x00000000167b0000)

Polling page: 0x0000000000e50000

CodeCache: size=245760Kb used=19634Kb max_used=19634Kb free=226125Kb
 bounds [0x0000000002930000, 0x0000000003c70000, 0x0000000011930000]
 total_blobs=6353 nmethods=5672 adapters=592
 compilation: enabled

Compilation events (10 events):
Event: 14.961 Thread 0x0000000017559800 nmethod 6117 0x0000000003c69b10 code [0x0000000003c69c60, 0x0000000003c69e70]
Event: 14.961 Thread 0x0000000017559800 6118       3       java.util.concurrent.ConcurrentLinkedQueue::add (6 bytes)
Event: 14.961 Thread 0x0000000017559800 nmethod 6118 0x0000000003c69f50 code [0x0000000003c6a0c0, 0x0000000003c6a268]
Event: 14.961 Thread 0x0000000017559800 6119       3       com.google.common.cache.AbstractCache$SimpleStatsCounter::recordHits (12 bytes)
Event: 14.961 Thread 0x0000000017559800 nmethod 6119 0x0000000003c6a310 code [0x0000000003c6a480, 0x0000000003c6a668]
Event: 14.962 Thread 0x0000000017559800 6120       3       org.gradle.api.internal.changedetection.state.ClasspathSnapshotNormalizationStrategy::getNormalizedSnapshot (35 bytes)
Event: 14.962 Thread 0x0000000017559800 nmethod 6120 0x0000000003c6a750 code [0x0000000003c6a8e0, 0x0000000003c6ad08]
Event: 14.962 Thread 0x0000000017559800 6121       3       com.google.common.hash.AbstractByteHasher::putBytes (12 bytes)
Event: 14.963 Thread 0x0000000017559800 nmethod 6121 0x0000000003c6aed0 code [0x0000000003c6b060, 0x0000000003c6b3d8]
Event: 14.963 Thread 0x0000000017559800 6122       3       com.google.common.hash.MessageDigestHashFunction$MessageDigestHasher::update (13 bytes)

GC Heap History (10 events):
Event: 9.847 GC heap before
{Heap before GC invocations=7 (full 1):
 PSYoungGen      total 71680K, used 71661K [0x00000000d5580000, 0x00000000dd200000, 0x0000000100000000)
  eden space 66560K, 100% used [0x00000000d5580000,0x00000000d9680000,0x00000000d9680000)
  from space 5120K, 99% used [0x00000000d9680000,0x00000000d9b7b6f0,0x00000000d9b80000)
  to   space 10752K, 0% used [0x00000000dc780000,0x00000000dc780000,0x00000000dd200000)
 ParOldGen       total 61952K, used 12187K [0x0000000080000000, 0x0000000083c80000, 0x00000000d5580000)
  object space 61952K, 19% used [0x0000000080000000,0x0000000080be6f28,0x0000000083c80000)
 Metaspace       used 29003K, capacity 29476K, committed 29568K, reserved 1075200K
  class space    used 4007K, capacity 4162K, committed 4224K, reserved 1048576K
Event: 9.859 GC heap after
Heap after GC invocations=7 (full 1):
 PSYoungGen      total 111616K, used 7320K [0x00000000d5580000, 0x00000000dcf00000, 0x0000000100000000)
  eden space 103936K, 0% used [0x00000000d5580000,0x00000000d5580000,0x00000000dbb00000)
  from space 7680K, 95% used [0x00000000dc780000,0x00000000dcea6260,0x00000000dcf00000)
  to   space 10240K, 0% used [0x00000000dbb00000,0x00000000dbb00000,0x00000000dc500000)
 ParOldGen       total 61952K, used 12259K [0x0000000080000000, 0x0000000083c80000, 0x00000000d5580000)
  object space 61952K, 19% used [0x0000000080000000,0x0000000080bf8f38,0x0000000083c80000)
 Metaspace       used 29003K, capacity 29476K, committed 29568K, reserved 1075200K
  class space    used 4007K, capacity 4162K, committed 4224K, reserved 1048576K
}
Event: 11.485 GC heap before
{Heap before GC invocations=8 (full 1):
 PSYoungGen      total 111616K, used 111256K [0x00000000d5580000, 0x00000000dcf00000, 0x0000000100000000)
  eden space 103936K, 100% used [0x00000000d5580000,0x00000000dbb00000,0x00000000dbb00000)
  from space 7680K, 95% used [0x00000000dc780000,0x00000000dcea6260,0x00000000dcf00000)
  to   space 10240K, 0% used [0x00000000dbb00000,0x00000000dbb00000,0x00000000dc500000)
 ParOldGen       total 61952K, used 12259K [0x0000000080000000, 0x0000000083c80000, 0x00000000d5580000)
  object space 61952K, 19% used [0x0000000080000000,0x0000000080bf8f38,0x0000000083c80000)
 Metaspace       used 33677K, capacity 34146K, committed 34304K, reserved 1079296K
  class space    used 4672K, capacity 4816K, committed 4864K, reserved 1048576K
Event: 11.509 GC heap after
Heap after GC invocations=8 (full 1):
 PSYoungGen      total 114176K, used 10208K [0x00000000d5580000, 0x00000000e0f80000, 0x0000000100000000)
  eden space 103936K, 0% used [0x00000000d5580000,0x00000000d5580000,0x00000000dbb00000)
  from space 10240K, 99% used [0x00000000dbb00000,0x00000000dc4f8010,0x00000000dc500000)
  to   space 13312K, 0% used [0x00000000e0280000,0x00000000e0280000,0x00000000e0f80000)
 ParOldGen       total 61952K, used 15641K [0x0000000080000000, 0x0000000083c80000, 0x00000000d5580000)
  object space 61952K, 25% used [0x0000000080000000,0x0000000080f46690,0x0000000083c80000)
 Metaspace       used 33677K, capacity 34146K, committed 34304K, reserved 1079296K
  class space    used 4672K, capacity 4816K, committed 4864K, reserved 1048576K
}
Event: 11.796 GC heap before
{Heap before GC invocations=9 (full 1):
 PSYoungGen      total 114176K, used 32896K [0x00000000d5580000, 0x00000000e0f80000, 0x0000000100000000)
  eden space 103936K, 21% used [0x00000000d5580000,0x00000000d6ba82e0,0x00000000dbb00000)
  from space 10240K, 99% used [0x00000000dbb00000,0x00000000dc4f8010,0x00000000dc500000)
  to   space 13312K, 0% used [0x00000000e0280000,0x00000000e0280000,0x00000000e0f80000)
 ParOldGen       total 61952K, used 15641K [0x0000000080000000, 0x0000000083c80000, 0x00000000d5580000)
  object space 61952K, 25% used [0x0000000080000000,0x0000000080f46690,0x0000000083c80000)
 Metaspace       used 34826K, capacity 35352K, committed 35416K, reserved 1079296K
  class space    used 4861K, capacity 4985K, committed 4992K, reserved 1048576K
Event: 11.825 GC heap after
Heap after GC invocations=9 (full 1):
 PSYoungGen      total 176128K, used 11974K [0x00000000d5580000, 0x00000000e2600000, 0x0000000100000000)
  eden space 162816K, 0% used [0x00000000d5580000,0x00000000d5580000,0x00000000df480000)
  from space 13312K, 89% used [0x00000000e0280000,0x00000000e0e31960,0x00000000e0f80000)
  to   space 14336K, 0% used [0x00000000df480000,0x00000000df480000,0x00000000e0280000)
 ParOldGen       total 61952K, used 15641K [0x0000000080000000, 0x0000000083c80000, 0x00000000d5580000)
  object space 61952K, 25% used [0x0000000080000000,0x0000000080f46690,0x0000000083c80000)
 Metaspace       used 34826K, capacity 35352K, committed 35416K, reserved 1079296K
  class space    used 4861K, capacity 4985K, committed 4992K, reserved 1048576K
}
Event: 11.825 GC heap before
{Heap before GC invocations=10 (full 2):
 PSYoungGen      total 176128K, used 11974K [0x00000000d5580000, 0x00000000e2600000, 0x0000000100000000)
  eden space 162816K, 0% used [0x00000000d5580000,0x00000000d5580000,0x00000000df480000)
  from space 13312K, 89% used [0x00000000e0280000,0x00000000e0e31960,0x00000000e0f80000)
  to   space 14336K, 0% used [0x00000000df480000,0x00000000df480000,0x00000000e0280000)
 ParOldGen       total 61952K, used 15641K [0x0000000080000000, 0x0000000083c80000, 0x00000000d5580000)
  object space 61952K, 25% used [0x0000000080000000,0x0000000080f46690,0x0000000083c80000)
 Metaspace       used 34826K, capacity 35352K, committed 35416K, reserved 1079296K
  class space    used 4861K, capacity 4985K, committed 4992K, reserved 1048576K
Event: 11.970 GC heap after
Heap after GC invocations=10 (full 2):
 PSYoungGen      total 176128K, used 0K [0x00000000d5580000, 0x00000000e2600000, 0x0000000100000000)
  eden space 162816K, 0% used [0x00000000d5580000,0x00000000d5580000,0x00000000df480000)
  from space 13312K, 0% used [0x00000000e0280000,0x00000000e0280000,0x00000000e0f80000)
  to   space 14336K, 0% used [0x00000000df480000,0x00000000df480000,0x00000000e0280000)
 ParOldGen       total 88064K, used 19180K [0x0000000080000000, 0x0000000085600000, 0x00000000d5580000)
  object space 88064K, 21% used [0x0000000080000000,0x00000000812bb008,0x0000000085600000)
 Metaspace       used 34826K, capacity 35352K, committed 35416K, reserved 1079296K
  class space    used 4861K, capacity 4985K, committed 4992K, reserved 1048576K
}
Event: 14.525 GC heap before
{Heap before GC invocations=11 (full 2):
 PSYoungGen      total 176128K, used 162816K [0x00000000d5580000, 0x00000000e2600000, 0x0000000100000000)
  eden space 162816K, 100% used [0x00000000d5580000,0x00000000df480000,0x00000000df480000)
  from space 13312K, 0% used [0x00000000e0280000,0x00000000e0280000,0x00000000e0f80000)
  to   space 14336K, 0% used [0x00000000df480000,0x00000000df480000,0x00000000e0280000)
 ParOldGen       total 88064K, used 19180K [0x0000000080000000, 0x0000000085600000, 0x00000000d5580000)
  object space 88064K, 21% used [0x0000000080000000,0x00000000812bb008,0x0000000085600000)
 Metaspace       used 38864K, capacity 39734K, committed 39896K, reserved 1083392K
  class space    used 5437K, capacity 5624K, committed 5632K, reserved 1048576K
Event: 14.559 GC heap after
Heap after GC invocations=11 (full 2):
 PSYoungGen      total 177152K, used 14328K [0x00000000d5580000, 0x00000000e4e80000, 0x0000000100000000)
  eden space 162816K, 0% used [0x00000000d5580000,0x00000000d5580000,0x00000000df480000)
  from space 14336K, 99% used [0x00000000df480000,0x00000000e027e390,0x00000000e0280000)
  to   space 16384K, 0% used [0x00000000e3e80000,0x00000000e3e80000,0x00000000e4e80000)
 ParOldGen       total 88064K, used 20069K [0x0000000080000000, 0x0000000085600000, 0x00000000d5580000)
  object space 88064K, 22% used [0x0000000080000000,0x00000000813994c0,0x0000000085600000)
 Metaspace       used 38864K, capacity 39734K, committed 39896K, reserved 1083392K
  class space    used 5437K, capacity 5624K, committed 5632K, reserved 1048576K
}

Deoptimization events (10 events):
Event: 13.605 Thread 0x0000000019a63800 Uncommon trap: reason=unstable_if action=reinterpret pc=0x00000000032f80d4 method=com.esotericsoftware.kryo.io.Input.readUtf8(I)V @ 79
Event: 13.819 Thread 0x0000000019a63800 Uncommon trap: reason=unstable_if action=reinterpret pc=0x00000000033dacd0 method=com.sun.org.apache.xerces.internal.impl.XMLDocumentFragmentScannerImpl$FragmentContentDriver.startOfMarkup()V @ 143
Event: 13.819 Thread 0x0000000019a63800 Uncommon trap: reason=unstable_if action=reinterpret pc=0x00000000033237d4 method=com.sun.org.apache.xerces.internal.parsers.AbstractDOMParser.characters(Lcom/sun/org/apache/xerces/internal/xni/XMLString;Lcom/sun/org/apache/xerces/internal/xni/Augmentatio
Event: 14.289 Thread 0x0000000019a63800 Uncommon trap: reason=unstable_if action=reinterpret pc=0x000000000315b20c method=java.util.concurrent.ConcurrentHashMap.get(Ljava/lang/Object;)Ljava/lang/Object; @ 152
Event: 14.289 Thread 0x0000000019a63800 Uncommon trap: reason=class_check action=maybe_recompile pc=0x0000000002fd65a4 method=java.util.concurrent.ConcurrentHashMap.putVal(Ljava/lang/Object;Ljava/lang/Object;Z)Ljava/lang/Object; @ 192
Event: 14.518 Thread 0x0000000019a63800 Uncommon trap: reason=class_check action=maybe_recompile pc=0x0000000002fd65a4 method=java.util.concurrent.ConcurrentHashMap.putVal(Ljava/lang/Object;Ljava/lang/Object;Z)Ljava/lang/Object; @ 192
Event: 14.724 Thread 0x0000000019e49000 Uncommon trap: reason=speculate_class_check action=maybe_recompile pc=0x0000000003b37b58 method=java.util.AbstractList.listIterator()Ljava/util/ListIterator; @ 2
Event: 14.736 Thread 0x0000000019a63800 Uncommon trap: reason=null_check action=make_not_entrant pc=0x000000000321dc18 method=io.spring.gradle.dependencymanagement.org.apache.maven.model.io.xpp3.MavenXpp3Reader.checkFieldWithDuplicate(Lio/spring/gradle/dependencymanagement/org/codehaus/plexus/u
Event: 14.759 Thread 0x0000000019a63800 Uncommon trap: reason=unstable_if action=reinterpret pc=0x000000000393a8ac method=io.spring.gradle.dependencymanagement.org.codehaus.plexus.util.xml.pull.MXParser.nextImpl()I @ 965
Event: 14.852 Thread 0x0000000019a63800 Uncommon trap: reason=unstable_if action=reinterpret pc=0x0000000003b5fc78 method=com.esotericsoftware.kryo.io.Output.writeByte(B)V @ 8

Internal exceptions (10 events):
Event: 14.645 Thread 0x0000000019a63800 Exception <a 'java/lang/ClassNotFoundException': org/gradle/api/internal/artifacts/dependencies/AbstractModuleDependencyBeanInfo> (0x00000000d5ab8930) thrown at [C:\re\workspace\8-2-build-windows-amd64-cygwin\jdk8u121\8372\hotspot\src\share\vm\classfile\s
Event: 14.646 Thread 0x0000000019a63800 Exception <a 'java/lang/ClassNotFoundException': org/gradle/api/internal/artifacts/dependencies/AbstractDependencyBeanInfo> (0x00000000d5b046b0) thrown at [C:\re\workspace\8-2-build-windows-amd64-cygwin\jdk8u121\8372\hotspot\src\share\vm\classfile\systemD
Event: 14.648 Thread 0x0000000019a63800 Exception <a 'java/lang/ClassNotFoundException': org/gradle/api/internal/artifacts/dependencies/AbstractDependencyCustomizer> (0x00000000d5b52dc0) thrown at [C:\re\workspace\8-2-build-windows-amd64-cygwin\jdk8u121\8372\hotspot\src\share\vm\classfile\syste
Event: 14.649 Thread 0x0000000019a63800 Exception <a 'java/lang/ClassNotFoundException': org/gradle/api/internal/artifacts/dependencies/AbstractModuleDependencyCustomizer> (0x00000000d5ba6b70) thrown at [C:\re\workspace\8-2-build-windows-amd64-cygwin\jdk8u121\8372\hotspot\src\share\vm\classfile
Event: 14.651 Thread 0x0000000019a63800 Exception <a 'java/lang/ClassNotFoundException': org/gradle/api/internal/artifacts/dependencies/AbstractExternalModuleDependencyCustomizer> (0x00000000d5c11d38) thrown at [C:\re\workspace\8-2-build-windows-amd64-cygwin\jdk8u121\8372\hotspot\src\share\vm\c
Event: 14.653 Thread 0x0000000019a63800 Exception <a 'java/lang/ClassNotFoundException': org/gradle/api/internal/artifacts/dependencies/DefaultExternalModuleDependencyCustomizer> (0x00000000d5c74ad0) thrown at [C:\re\workspace\8-2-build-windows-amd64-cygwin\jdk8u121\8372\hotspot\src\share\vm\cl
Event: 14.655 Thread 0x0000000019a63800 Exception <a 'java/lang/ClassNotFoundException': org/gradle/api/internal/artifacts/dependencies/DefaultExternalModuleDependency_DecoratedCustomizer> (0x00000000d5cde110) thrown at [C:\re\workspace\8-2-build-windows-amd64-cygwin\jdk8u121\8372\hotspot\src\s
Event: 14.736 Thread 0x0000000019a63800 Implicit null exception at 0x000000000321ca26 to 0x000000000321dc09
Event: 14.896 Thread 0x0000000019a63800 Exception <a 'java/lang/ClassNotFoundException': build_cz97y585a84ah7pp2275bcon3BeanInfo> (0x00000000d70c1b08) thrown at [C:\re\workspace\8-2-build-windows-amd64-cygwin\jdk8u121\8372\hotspot\src\share\vm\classfile\systemDictionary.cpp, line 210]
Event: 14.896 Thread 0x0000000019a63800 Exception <a 'java/lang/ClassNotFoundException': build_cz97y585a84ah7pp2275bcon3Customizer> (0x00000000d70cae38) thrown at [C:\re\workspace\8-2-build-windows-amd64-cygwin\jdk8u121\8372\hotspot\src\share\vm\classfile\systemDictionary.cpp, line 210]

Events (10 events):
Event: 14.896 loading class build_cz97y585a84ah7pp2275bcon3Customizer
Event: 14.896 loading class build_cz97y585a84ah7pp2275bcon3Customizer done
Event: 14.898 loading class groovy/runtime/metaclass/build_cz97y585a84ah7pp2275bcon3$_run_closure1MetaClass
Event: 14.898 loading class groovy/runtime/metaclass/build_cz97y585a84ah7pp2275bcon3$_run_closure1MetaClass done
Event: 14.900 loading class groovy/runtime/metaclass/build_cz97y585a84ah7pp2275bcon3$_run_closure1$_closure2MetaClass
Event: 14.900 loading class groovy/runtime/metaclass/build_cz97y585a84ah7pp2275bcon3$_run_closure1$_closure2MetaClass done
Event: 14.902 loading class groovy/runtime/metaclass/build_cz97y585a84ah7pp2275bcon3$_run_closure1$_closure2$_closure4MetaClass
Event: 14.902 loading class groovy/runtime/metaclass/build_cz97y585a84ah7pp2275bcon3$_run_closure1$_closure2$_closure4MetaClass done
Event: 14.904 loading class groovy/runtime/metaclass/build_cz97y585a84ah7pp2275bcon3$_run_closure1$_closure3MetaClass
Event: 14.904 loading class groovy/runtime/metaclass/build_cz97y585a84ah7pp2275bcon3$_run_closure1$_closure3MetaClass done


Dynamic libraries:
0x00007ff620f00000 - 0x00007ff620f37000 	C:\Program Files\Java\jdk1.8.0_121\bin\java.exe
0x00007ffab5d50000 - 0x00007ffab5f48000 	C:\WINDOWS\SYSTEM32\ntdll.dll
0x00007ffab46c0000 - 0x00007ffab477d000 	C:\WINDOWS\System32\KERNEL32.DLL
0x00007ffab3ae0000 - 0x00007ffab3dae000 	C:\WINDOWS\System32\KERNELBASE.dll
0x00007ffab3fd0000 - 0x00007ffab407e000 	C:\WINDOWS\System32\ADVAPI32.dll
0x00007ffab5850000 - 0x00007ffab58ee000 	C:\WINDOWS\System32\msvcrt.dll
0x00007ffab49f0000 - 0x00007ffab4a8c000 	C:\WINDOWS\System32\sechost.dll
0x00007ffab5a30000 - 0x00007ffab5b55000 	C:\WINDOWS\System32\RPCRT4.dll
0x00007ffab5b60000 - 0x00007ffab5d00000 	C:\WINDOWS\System32\USER32.dll
0x00007ffab3470000 - 0x00007ffab3492000 	C:\WINDOWS\System32\win32u.dll
0x00007ffab54c0000 - 0x00007ffab54ea000 	C:\WINDOWS\System32\GDI32.dll
0x00007ffab3920000 - 0x00007ffab3a2b000 	C:\WINDOWS\System32\gdi32full.dll
0x00007ffab35a0000 - 0x00007ffab363d000 	C:\WINDOWS\System32\msvcp_win.dll
0x00007ffab34a0000 - 0x00007ffab35a0000 	C:\WINDOWS\System32\ucrtbase.dll
0x00007ffaa2c70000 - 0x00007ffaa2f0a000 	C:\WINDOWS\WinSxS\amd64_microsoft.windows.common-controls_6595b64144ccf1df_6.0.19041.1110_none_60b5254171f9507e\COMCTL32.dll
0x00007ffab4960000 - 0x00007ffab4990000 	C:\WINDOWS\System32\IMM32.DLL
0x00000000739f0000 - 0x0000000073ac2000 	C:\Program Files\Java\jdk1.8.0_121\jre\bin\msvcr100.dll
0x0000000073150000 - 0x00000000739eb000 	C:\Program Files\Java\jdk1.8.0_121\jre\bin\server\jvm.dll
0x00007ffab5a20000 - 0x00007ffab5a28000 	C:\WINDOWS\System32\PSAPI.DLL
0x00007ffaa2c40000 - 0x00007ffaa2c67000 	C:\WINDOWS\SYSTEM32\WINMM.dll
0x00007ffaa4000000 - 0x00007ffaa400a000 	C:\WINDOWS\SYSTEM32\VERSION.dll
0x00007ffaa18d0000 - 0x00007ffaa18d9000 	C:\WINDOWS\SYSTEM32\WSOCK32.dll
0x00007ffab4bf0000 - 0x00007ffab4c5b000 	C:\WINDOWS\System32\WS2_32.dll
0x0000000073140000 - 0x000000007314f000 	C:\Program Files\Java\jdk1.8.0_121\jre\bin\verify.dll
0x0000000073110000 - 0x0000000073139000 	C:\Program Files\Java\jdk1.8.0_121\jre\bin\java.dll
0x00000000730f0000 - 0x0000000073106000 	C:\Program Files\Java\jdk1.8.0_121\jre\bin\zip.dll
0x00007ffab4d70000 - 0x00007ffab54b4000 	C:\WINDOWS\System32\SHELL32.dll
0x00007ffab1160000 - 0x00007ffab18f4000 	C:\WINDOWS\SYSTEM32\windows.storage.dll
0x00007ffab54f0000 - 0x00007ffab5844000 	C:\WINDOWS\System32\combase.dll
0x00007ffab2d20000 - 0x00007ffab2d50000 	C:\WINDOWS\SYSTEM32\Wldp.dll
0x00007ffab41a0000 - 0x00007ffab424d000 	C:\WINDOWS\System32\SHCORE.dll
0x00007ffab3dc0000 - 0x00007ffab3e15000 	C:\WINDOWS\System32\shlwapi.dll
0x00007ffab33b0000 - 0x00007ffab33cf000 	C:\WINDOWS\SYSTEM32\profapi.dll
0x00000000730d0000 - 0x00000000730ea000 	C:\Program Files\Java\jdk1.8.0_121\jre\bin\net.dll
0x00007ffab2b00000 - 0x00007ffab2b6a000 	C:\WINDOWS\system32\mswsock.dll
0x00000000730b0000 - 0x00000000730c1000 	C:\Program Files\Java\jdk1.8.0_121\jre\bin\nio.dll
0x00007ffaa7030000 - 0x00007ffaa704e000 	C:\Users\User\.gradle\native\25\windows-amd64\native-platform.dll
0x00007ffab2d60000 - 0x00007ffab2d78000 	C:\WINDOWS\SYSTEM32\CRYPTSP.dll
0x00007ffab24a0000 - 0x00007ffab24d4000 	C:\WINDOWS\system32\rsaenh.dll
0x00007ffab3740000 - 0x00007ffab3767000 	C:\WINDOWS\System32\bcrypt.dll
0x00007ffab3370000 - 0x00007ffab339e000 	C:\WINDOWS\SYSTEM32\USERENV.dll
0x00007ffab36b0000 - 0x00007ffab3732000 	C:\WINDOWS\System32\bcryptprimitives.dll
0x00007ffab2c90000 - 0x00007ffab2c9c000 	C:\WINDOWS\SYSTEM32\CRYPTBASE.dll
0x00007ffab2810000 - 0x00007ffab284b000 	C:\WINDOWS\SYSTEM32\IPHLPAPI.DLL
0x00007ffab3db0000 - 0x00007ffab3db8000 	C:\WINDOWS\System32\NSI.dll
0x00007ffaaa200000 - 0x00007ffaaa217000 	C:\WINDOWS\SYSTEM32\dhcpcsvc6.DLL
0x00007ffaaa1e0000 - 0x00007ffaaa1fd000 	C:\WINDOWS\SYSTEM32\dhcpcsvc.DLL
0x00007ffab2850000 - 0x00007ffab291a000 	C:\WINDOWS\SYSTEM32\DNSAPI.dll
0x00000000730a0000 - 0x00000000730ad000 	C:\Program Files\Java\jdk1.8.0_121\jre\bin\management.dll

VM Arguments:
jvm_args: -XX:MaxPermSize=512m -XX:+HeapDumpOnOutOfMemoryError -Xmx2048m -Dfile.encoding=UTF-8 -Duser.country=IN -Duser.language=en -Duser.variant 
java_command: org.gradle.launcher.daemon.bootstrap.GradleDaemon 3.5
java_class_path (initial): C:\Users\User\.gradle\wrapper\dists\gradle-3.5-all\exhrs6ca08n232b14ue48lbye\gradle-3.5\lib\gradle-launcher-3.5.jar
Launcher Type: SUN_STANDARD

Environment Variables:
JAVA_HOME=C:\Program Files\Java\jdk-15.0.2
PATH=C:\Program Files\Common Files\Oracle\Java\javapath;C:\Python39\Scripts\;C:\Python39\;C:\WINDOWS\system32;C:\WINDOWS;C:\WINDOWS\System32\Wbem;C:\WINDOWS\System32\WindowsPowerShell\v1.0\;C:\WINDOWS\System32\OpenSSH\;C:\Program Files\Git\cmd;C:\Program Files\nodejs\;C:\ProgramData\chocolatey\bin;C:\Program Files\Java\jdk1.8.0_121\bin;C:\hadoop\bin;C:\hadoop\sbin;C:\grails-3.3.6\bin;C:\Program Files\PostgreSQL\14\bin;C:\Program Files\PuTTY\;C:\Program Files\Docker\Docker\resources\bin;C:\ProgramData\DockerDesktop\version-bin;C:\Users\User\AppData\Local\Microsoft\WindowsApps;C:\Users\User\AppData\Roaming\npm;C:\Users\User\AppData\Local\Programs\Microsoft VS Code\bin;C:\Program Files\JetBrains\IntelliJ IDEA 2020.2.4\bin;;
USERNAME=Capulus
OS=Windows_NT
PROCESSOR_IDENTIFIER=Intel64 Family 6 Model 61 Stepping 4, GenuineIntel



---------------  S Y S T E M  ---------------

OS: Windows 10.0 , 64 bit Build 19041 (10.0.19041.1889)

CPU:total 4 (2 cores per cpu, 2 threads per core) family 6 model 61 stepping 4, cmov, cx8, fxsr, mmx, sse, sse2, sse3, ssse3, sse4.1, sse4.2, popcnt, avx, avx2, aes, clmul, erms, rtm, 3dnowpref, lzcnt, ht, tsc, tscinvbit, bmi1, bmi2, adx

Memory: 4k page, physical 8277520k(364408k free), swap 26593948k(5388k free)

vm_info: Java HotSpot(TM) 64-Bit Server VM (25.121-b13) for windows-amd64 JRE (1.8.0_121-b13), built on Dec 12 2016 18:21:36 by "java_re" with MS VC++ 10.0 (VS2010)

time: Tue Sep 13 15:44:47 2022
elapsed time: 14 seconds (0d 0h 0m 14s)

