#
# There is insufficient memory for the Java Runtime Environment to continue.
# Native memory allocation (malloc) failed to allocate 1048576 bytes for AllocateHeap
# Possible reasons:
#   The system is out of physical RAM or swap space
#   In 32 bit mode, the process size limit was hit
# Possible solutions:
#   Reduce memory load on the system
#   Increase physical memory or swap space
#   Check if swap backing store is full
#   Use 64 bit Java on a 64 bit OS
#   Decrease Java heap size (-Xmx/-Xms)
#   Decrease number of Java threads
#   Decrease Java thread stack sizes (-Xss)
#   Set larger code cache with -XX:ReservedCodeCacheSize=
# This output file may be truncated or incomplete.
#
#  Out of Memory Error (memory/allocation.inline.hpp:61), pid=10356, tid=0x0000000000003b68
#
# JRE version:  (8.0_121-b13) (build )
# Java VM: Java HotSpot(TM) 64-Bit Server VM (25.121-b13 mixed mode windows-amd64 compressed oops)
# Failed to write core dump. Minidumps are not enabled by default on client versions of Windows
#

---------------  T H R E A D  ---------------

Current thread (0x0000000002c7d800):  JavaThread "Unknown thread" [_thread_in_vm, id=15208, stack(0x0000000002af0000,0x0000000002bf0000)]

Stack: [0x0000000002af0000,0x0000000002bf0000]
[error occurred during error reporting (printing stack bounds), id 0xc0000005]

Native frames: (J=compiled Java code, j=interpreted, Vv=VM code, C=native code)


---------------  P R O C E S S  ---------------

Java Threads: ( => current thread )

Other Threads:

=>0x0000000002c7d800 (exited) JavaThread "Unknown thread" [_thread_in_vm, id=15208, stack(0x0000000002af0000,0x0000000002bf0000)]

VM state:not at safepoint (normal execution)

VM Mutex/Monitor currently owned by a thread: None

Heap:
 PSYoungGen      total 38400K, used 665K [0x00000000d5e00000, 0x00000000d8880000, 0x0000000100000000)
  eden space 33280K, 2% used [0x00000000d5e00000,0x00000000d5ea6670,0x00000000d7e80000)
  from space 5120K, 0% used [0x00000000d8380000,0x00000000d8380000,0x00000000d8880000)
  to   space 5120K, 0% used [0x00000000d7e80000,0x00000000d7e80000,0x00000000d8380000)
 ParOldGen       total 87552K, used 0K [0x0000000081a00000, 0x0000000086f80000, 0x00000000d5e00000)
  object space 87552K, 0% used [0x0000000081a00000,0x0000000081a00000,0x0000000086f80000)
 Metaspace       used 770K, capacity 4480K, committed 4480K, reserved 1056768K
  class space    used 75K, capacity 384K, committed 384K, reserved 1048576K

Card table byte_map: [0x0000000012140000,0x0000000012540000] byte_map_base: 0x0000000011d33000

Marking Bits: (ParMarkBitMap*) 0x00000000668db6d0
 Begin Bits: [0x0000000012bf0000, 0x0000000014b88000)
 End Bits:   [0x0000000014b88000, 0x0000000016b20000)

Polling page: 0x0000000000ea0000

CodeCache: size=245760Kb used=328Kb max_used=328Kb free=245431Kb
 bounds [0x0000000002d80000, 0x0000000002ff0000, 0x0000000011d80000]
 total_blobs=58 nmethods=0 adapters=38
 compilation: enabled

Compilation events (0 events):
No events

GC Heap History (0 events):
No events

Deoptimization events (0 events):
No events

Internal exceptions (0 events):
No events

Events (10 events):
Event: 0.140 loading class java/lang/Short
Event: 0.140 loading class java/lang/Short done
Event: 0.140 loading class java/lang/Integer
Event: 0.140 loading class java/lang/Integer done
Event: 0.140 loading class java/lang/Long
Event: 0.140 loading class java/lang/Long done
Event: 0.142 loading class java/lang/NullPointerException
Event: 0.142 loading class java/lang/NullPointerException done
Event: 0.142 loading class java/lang/ArithmeticException
Event: 0.142 loading class java/lang/ArithmeticException done


Dynamic libraries:
0x00007ff667e80000 - 0x00007ff667eb7000 	C:\Program Files\Java\jdk1.8.0_121\bin\java.exe
0x00007ffbd7c10000 - 0x00007ffbd7e05000 	C:\WINDOWS\SYSTEM32\ntdll.dll
0x00007ffbd5d90000 - 0x00007ffbd5e4d000 	C:\WINDOWS\System32\KERNEL32.DLL
0x00007ffbd5790000 - 0x00007ffbd5a5d000 	C:\WINDOWS\System32\KERNELBASE.dll
0x00007ffbd6420000 - 0x00007ffbd64ce000 	C:\WINDOWS\System32\ADVAPI32.dll
0x00007ffbd5e50000 - 0x00007ffbd5eee000 	C:\WINDOWS\System32\msvcrt.dll
0x00007ffbd5c60000 - 0x00007ffbd5cfc000 	C:\WINDOWS\System32\sechost.dll
0x00007ffbd79c0000 - 0x00007ffbd7ae5000 	C:\WINDOWS\System32\RPCRT4.dll
0x00007ffbd7000000 - 0x00007ffbd71a0000 	C:\WINDOWS\System32\USER32.dll
0x00007ffbd5c00000 - 0x00007ffbd5c22000 	C:\WINDOWS\System32\win32u.dll
0x00007ffbd6c50000 - 0x00007ffbd6c7a000 	C:\WINDOWS\System32\GDI32.dll
0x00007ffbd5320000 - 0x00007ffbd542b000 	C:\WINDOWS\System32\gdi32full.dll
0x00007ffbd5b60000 - 0x00007ffbd5bfd000 	C:\WINDOWS\System32\msvcp_win.dll
0x00007ffbd5480000 - 0x00007ffbd5580000 	C:\WINDOWS\System32\ucrtbase.dll
0x00007ffbc3ec0000 - 0x00007ffbc415a000 	C:\WINDOWS\WinSxS\amd64_microsoft.windows.common-controls_6595b64144ccf1df_6.0.19041.1110_none_60b5254171f9507e\COMCTL32.dll
0x00007ffbd5d60000 - 0x00007ffbd5d90000 	C:\WINDOWS\System32\IMM32.DLL
0x0000000066960000 - 0x0000000066a32000 	C:\Program Files\Java\jdk1.8.0_121\jre\bin\msvcr100.dll
0x00000000660c0000 - 0x000000006695b000 	C:\Program Files\Java\jdk1.8.0_121\jre\bin\server\jvm.dll
0x00007ffbd6c90000 - 0x00007ffbd6c98000 	C:\WINDOWS\System32\PSAPI.DLL
0x00007ffbc2800000 - 0x00007ffbc2809000 	C:\WINDOWS\SYSTEM32\WSOCK32.dll
0x00007ffbd64d0000 - 0x00007ffbd653b000 	C:\WINDOWS\System32\WS2_32.dll
0x00007ffbc7110000 - 0x00007ffbc7137000 	C:\WINDOWS\SYSTEM32\WINMM.dll
0x00007ffbc7fe0000 - 0x00007ffbc7fea000 	C:\WINDOWS\SYSTEM32\VERSION.dll
0x00000000660b0000 - 0x00000000660bf000 	C:\Program Files\Java\jdk1.8.0_121\jre\bin\verify.dll
0x0000000066080000 - 0x00000000660a9000 	C:\Program Files\Java\jdk1.8.0_121\jre\bin\java.dll
0x0000000066060000 - 0x0000000066076000 	C:\Program Files\Java\jdk1.8.0_121\jre\bin\zip.dll

VM Arguments:
jvm_args: -XX:+TieredCompilation -XX:TieredStopAtLevel=1 -XX:CICompilerCount=3 -Djline.WindowsTerminal.directConsole=false -Dgrails.full.stacktrace=true -Dfile.encoding=ISO-8859-1 
java_command: org.grails.cli.GrailsCli run-app --plain-output
java_class_path (initial): C:\Users\User\AppData\Local\Temp\classpath156965695.jar
Launcher Type: SUN_STANDARD

Environment Variables:
JAVA_HOME=C:\Program Files\Java\jdk1.8.0_121
PATH=C:\Program Files\Common Files\Oracle\Java\javapath;C:\Python39\Scripts\;C:\Python39\;C:\WINDOWS\system32;C:\WINDOWS;C:\WINDOWS\System32\Wbem;C:\WINDOWS\System32\WindowsPowerShell\v1.0\;C:\WINDOWS\System32\OpenSSH\;C:\Program Files\Git\cmd;C:\Program Files\nodejs\;C:\ProgramData\chocolatey\bin;C:\Program Files\Java\jdk1.8.0_121\bin;C:\hadoop\bin;C:\hadoop\sbin;C:\grails-3.3.6\bin;C:\Program Files\PostgreSQL\14\bin;C:\Program Files\PuTTY\;C:\Program Files\Docker\Docker\resources\bin;C:\ProgramData\DockerDesktop\version-bin;C:\Users\User\AppData\Local\Microsoft\WindowsApps;C:\Users\User\AppData\Roaming\npm;C:\Users\User\AppData\Local\Programs\Microsoft VS Code\bin;C:\Program Files\JetBrains\IntelliJ IDEA 2020.2.4\bin;;
USERNAME=Capulus
OS=Windows_NT
PROCESSOR_IDENTIFIER=Intel64 Family 6 Model 61 Stepping 4, GenuineIntel



---------------  S Y S T E M  ---------------

OS: Windows 10.0 , 64 bit Build 19041 (10.0.19041.1682)

CPU:total 4 (2 cores per cpu, 2 threads per core) family 6 model 61 stepping 4, cmov, cx8, fxsr, mmx, sse, sse2, sse3, ssse3, sse4.1, sse4.2, popcnt, avx, avx2, aes, clmul, erms, rtm, 3dnowpref, lzcnt, ht, tsc, tscinvbit, bmi1, bmi2, adx

Memory: 4k page, physical 8277520k(457792k free), swap 26593948k(12844k free)

vm_info: Java HotSpot(TM) 64-Bit Server VM (25.121-b13) for windows-amd64 JRE (1.8.0_121-b13), built on Dec 12 2016 18:21:36 by "java_re" with MS VC++ 10.0 (VS2010)

time: Thu May 12 19:41:23 2022
elapsed time: 0 seconds (0d 0h 0m 0s)

