#
# There is insufficient memory for the Java Runtime Environment to continue.
# Native memory allocation (malloc) failed to allocate 32744 bytes for ChunkPool::allocate
# Possible reasons:
#   The system is out of physical RAM or swap space
#   In 32 bit mode, the process size limit was hit
# Possible solutions:
#   Reduce memory load on the system
#   Increase physical memory or swap space
#   Check if swap backing store is full
#   Use 64 bit Java on a 64 bit OS
#   Decrease Java heap size (-Xmx/-Xms)
#   Decrease number of Java threads
#   Decrease Java thread stack sizes (-Xss)
#   Set larger code cache with -XX:ReservedCodeCacheSize=
# This output file may be truncated or incomplete.
#
#  Out of Memory Error (allocation.cpp:273), pid=19212, tid=0x0000000000004728
#
# JRE version: Java(TM) SE Runtime Environment (8.0_121-b13) (build 1.8.0_121-b13)
# Java VM: Java HotSpot(TM) 64-Bit Server VM (25.121-b13 mixed mode windows-amd64 compressed oops)
# Failed to write core dump. Minidumps are not enabled by default on client versions of Windows
#

---------------  T H R E A D  ---------------

Current thread (0x0000000017c01000):  JavaThread "C2 CompilerThread0" daemon [_thread_in_native, id=18216, stack(0x0000000019250000,0x0000000019350000)]

Stack: [0x0000000019250000,0x0000000019350000]
[error occurred during error reporting (printing stack bounds), id 0xc0000005]

Native frames: (J=compiled Java code, j=interpreted, Vv=VM code, C=native code)


Current CompileTask:
C2:16556356 9110   !   4       java.io.RandomAccessFile::close (62 bytes)


---------------  P R O C E S S  ---------------

Java Threads: ( => current thread )
  0x000000001f60f000 JavaThread "Forward streams with process: command 'C:\Program Files\Java\jdk1.8.0_121\bin\java.exe' Thread 3" [_thread_in_native, id=13248, stack(0x00000000238d0000,0x00000000239d0000)]
  0x000000001f615800 JavaThread "Forward streams with process: command 'C:\Program Files\Java\jdk1.8.0_121\bin\java.exe' Thread 2" [_thread_in_native, id=6716, stack(0x00000000237d0000,0x00000000238d0000)]
  0x000000001f60f800 JavaThread "Run command 'C:\Program Files\Java\jdk1.8.0_121\bin\java.exe'" [_thread_in_native, id=17036, stack(0x00000000235d0000,0x00000000236d0000)]
  0x000000001f614000 JavaThread "Cache worker for file content cache (D:\PharmIT-Billing\.gradle\3.5\fileContent)" [_thread_blocked, id=14760, stack(0x00000000239e0000,0x0000000023ae0000)]
  0x000000001afcb800 JavaThread "Cache worker for task history cache (D:\PharmIT-Billing\.gradle\3.5\taskHistory)" [_thread_blocked, id=5520, stack(0x0000000020500000,0x0000000020600000)]
  0x000000001afcf800 JavaThread "Memory manager" [_thread_blocked, id=18328, stack(0x0000000020400000,0x0000000020500000)]
  0x000000001afcb000 JavaThread "Cache worker for Artifact transforms cache (C:\Users\User\.gradle\caches\transforms-1)" [_thread_blocked, id=4572, stack(0x000000001e870000,0x000000001e970000)]
  0x000000001afcc800 JavaThread "File lock request listener" [_thread_in_native, id=6268, stack(0x000000001c5d0000,0x000000001c6d0000)]
  0x000000001afd0000 JavaThread "Cache worker for file hash cache (C:\Users\User\.gradle\caches\3.5\fileHashes)" [_thread_blocked, id=4040, stack(0x000000001c4d0000,0x000000001c5d0000)]
  0x000000001aadd800 JavaThread "Asynchronous log dispatcher for DefaultDaemonConnection: socket connection from /127.0.0.1:64806 to /127.0.0.1:64807" [_thread_blocked, id=3644, stack(0x000000001c2d0000,0x000000001c3d0000)]
  0x000000001acb4000 JavaThread "Daemon worker" [_thread_blocked, id=8020, stack(0x000000001c1d0000,0x000000001c2d0000)]
  0x000000001ad5f000 JavaThread "Cancel handler" [_thread_blocked, id=19136, stack(0x000000001c0d0000,0x000000001c1d0000)]
  0x000000001ac61800 JavaThread "Handler for socket connection from /127.0.0.1:64806 to /127.0.0.1:64807" [_thread_in_native, id=10292, stack(0x000000001bdd0000,0x000000001bed0000)]
  0x000000001ac60800 JavaThread "Daemon" [_thread_blocked, id=13164, stack(0x000000001bcd0000,0x000000001bdd0000)]
  0x000000001aa6d800 JavaThread "Daemon periodic checks" [_thread_in_native, id=13596, stack(0x000000001bbd0000,0x000000001bcd0000)]
  0x000000001aa87000 JavaThread "Incoming local TCP Connector on port 64806" [_thread_in_native, id=5736, stack(0x000000001b990000,0x000000001ba90000)]
  0x000000001a687800 JavaThread "Daemon health stats" [_thread_blocked, id=12972, stack(0x000000001b320000,0x000000001b420000)]
  0x000000001957a800 JavaThread "Service Thread" daemon [_thread_blocked, id=14448, stack(0x0000000019950000,0x0000000019a50000)]
  0x0000000017c0b000 JavaThread "C1 CompilerThread2" daemon [_thread_blocked, id=11796, stack(0x0000000019450000,0x0000000019550000)]
  0x0000000017c04800 JavaThread "C2 CompilerThread1" daemon [_thread_blocked, id=19564, stack(0x0000000019350000,0x0000000019450000)]
=>0x0000000017c01000 JavaThread "C2 CompilerThread0" daemon [_thread_in_native, id=18216, stack(0x0000000019250000,0x0000000019350000)]
  0x0000000017bff800 JavaThread "Attach Listener" daemon [_thread_blocked, id=18012, stack(0x0000000019150000,0x0000000019250000)]
  0x0000000017bfa800 JavaThread "Signal Dispatcher" daemon [_thread_blocked, id=3680, stack(0x0000000019050000,0x0000000019150000)]
  0x0000000017bea800 JavaThread "Finalizer" daemon [_thread_blocked, id=13336, stack(0x0000000018e50000,0x0000000018f50000)]
  0x0000000002fd0000 JavaThread "Reference Handler" daemon [_thread_blocked, id=17280, stack(0x0000000018d50000,0x0000000018e50000)]
  0x0000000002ee2800 JavaThread "main" [_thread_blocked, id=6420, stack(0x0000000002de0000,0x0000000002ee0000)]

Other Threads:
  0x0000000017bc8000 VMThread [stack: 0x0000000018c50000,0x0000000018d50000] [id=18980]
  0x00000000195a5800 WatcherThread [stack: 0x0000000019a50000,0x0000000019b50000] [id=16204]

VM state:not at safepoint (normal execution)

VM Mutex/Monitor currently owned by a thread: None

Heap:
 PSYoungGen      total 318464K, used 274242K [0x00000000d5580000, 0x00000000eae00000, 0x0000000100000000)
  eden space 304640K, 89% used [0x00000000d5580000,0x00000000e6100870,0x00000000e7f00000)
  from space 13824K, 2% used [0x00000000ea080000,0x00000000ea0d0000,0x00000000eae00000)
  to   space 24064K, 0% used [0x00000000e7f00000,0x00000000e7f00000,0x00000000e9680000)
 ParOldGen       total 85504K, used 59717K [0x0000000080000000, 0x0000000085380000, 0x00000000d5580000)
  object space 85504K, 69% used [0x0000000080000000,0x0000000083a51690,0x0000000085380000)
 Metaspace       used 43278K, capacity 46060K, committed 46296K, reserved 1089536K
  class space    used 5999K, capacity 6319K, committed 6400K, reserved 1048576K

Card table byte_map: [0x00000000123a0000,0x00000000127b0000] byte_map_base: 0x0000000011fa0000

Marking Bits: (ParMarkBitMap*) 0x000000007396b6d0
 Begin Bits: [0x0000000012e60000, 0x0000000014e60000)
 End Bits:   [0x0000000014e60000, 0x0000000016e60000)

Polling page: 0x0000000001580000

CodeCache: size=245760Kb used=26257Kb max_used=27870Kb free=219502Kb
 bounds [0x0000000002fe0000, 0x0000000004b60000, 0x0000000011fe0000]
 total_blobs=8289 nmethods=7606 adapters=594
 compilation: enabled

Compilation events (10 events):
Event: 16539.336 Thread 0x0000000017c01000 9106  s    4       java.lang.management.ManagementFactory::getPlatformMBeanServer (251 bytes)
Event: 16539.351 Thread 0x0000000017c01000 nmethod 9106 0x0000000003de5890 code [0x0000000003de59e0, 0x0000000003de5c58]
Event: 16539.351 Thread 0x0000000017c01000 9107       4       com.sun.jmx.mbeanserver.JmxMBeanServer::getAttribute (16 bytes)
Event: 16539.772 Thread 0x0000000017c01000 nmethod 9107 0x000000000468be10 code [0x000000000468c0e0, 0x000000000468e3f0]
Event: 16539.838 Thread 0x0000000017c04800 nmethod 9105 0x0000000003274dd0 code [0x0000000003275120, 0x0000000003277c40]
Event: 16540.172 Thread 0x0000000017c01000 9108       4       java.io.File::<init> (113 bytes)
Event: 16540.258 Thread 0x0000000017c01000 nmethod 9108 0x0000000003bf4890 code [0x0000000003bf4a60, 0x0000000003bf5808]
Event: 16540.396 Thread 0x0000000017c04800 9109       4       java.util.concurrent.CopyOnWriteArrayList::indexOf (63 bytes)
Event: 16540.523 Thread 0x0000000017c04800 nmethod 9109 0x0000000004267f10 code [0x0000000004268080, 0x00000000042689b8]
Event: 16556.075 Thread 0x0000000017c01000 9110   !   4       java.io.RandomAccessFile::close (62 bytes)

GC Heap History (10 events):
Event: 10.778 GC heap before
{Heap before GC invocations=10 (full 2):
 PSYoungGen      total 193024K, used 11489K [0x00000000d5580000, 0x00000000e2e80000, 0x0000000100000000)
  eden space 179712K, 0% used [0x00000000d5580000,0x00000000d5580000,0x00000000e0500000)
  from space 13312K, 86% used [0x00000000e1300000,0x00000000e1e38538,0x00000000e2000000)
  to   space 14336K, 0% used [0x00000000e0500000,0x00000000e0500000,0x00000000e1300000)
 ParOldGen       total 60928K, used 16195K [0x0000000080000000, 0x0000000083b80000, 0x00000000d5580000)
  object space 60928K, 26% used [0x0000000080000000,0x0000000080fd0e40,0x0000000083b80000)
 Metaspace       used 34826K, capacity 35340K, committed 35416K, reserved 1079296K
  class space    used 4856K, capacity 4985K, committed 4992K, reserved 1048576K
Event: 10.917 GC heap after
Heap after GC invocations=10 (full 2):
 PSYoungGen      total 193024K, used 0K [0x00000000d5580000, 0x00000000e2e80000, 0x0000000100000000)
  eden space 179712K, 0% used [0x00000000d5580000,0x00000000d5580000,0x00000000e0500000)
  from space 13312K, 0% used [0x00000000e1300000,0x00000000e1300000,0x00000000e2000000)
  to   space 14336K, 0% used [0x00000000e0500000,0x00000000e0500000,0x00000000e1300000)
 ParOldGen       total 85504K, used 18946K [0x0000000080000000, 0x0000000085380000, 0x00000000d5580000)
  object space 85504K, 22% used [0x0000000080000000,0x0000000081280850,0x0000000085380000)
 Metaspace       used 34826K, capacity 35340K, committed 35416K, reserved 1079296K
  class space    used 4856K, capacity 4985K, committed 4992K, reserved 1048576K
}
Event: 15.194 GC heap before
{Heap before GC invocations=11 (full 2):
 PSYoungGen      total 193024K, used 179712K [0x00000000d5580000, 0x00000000e2e80000, 0x0000000100000000)
  eden space 179712K, 100% used [0x00000000d5580000,0x00000000e0500000,0x00000000e0500000)
  from space 13312K, 0% used [0x00000000e1300000,0x00000000e1300000,0x00000000e2000000)
  to   space 14336K, 0% used [0x00000000e0500000,0x00000000e0500000,0x00000000e1300000)
 ParOldGen       total 85504K, used 18946K [0x0000000080000000, 0x0000000085380000, 0x00000000d5580000)
  object space 85504K, 22% used [0x0000000080000000,0x0000000081280850,0x0000000085380000)
 Metaspace       used 39053K, capacity 40010K, committed 40280K, reserved 1083392K
  class space    used 5460K, capacity 5708K, committed 5760K, reserved 1048576K
Event: 15.231 GC heap after
Heap after GC invocations=11 (full 2):
 PSYoungGen      total 194048K, used 14314K [0x00000000d5580000, 0x00000000e6780000, 0x0000000100000000)
  eden space 179712K, 0% used [0x00000000d5580000,0x00000000d5580000,0x00000000e0500000)
  from space 14336K, 99% used [0x00000000e0500000,0x00000000e12faa00,0x00000000e1300000)
  to   space 16896K, 0% used [0x00000000e5700000,0x00000000e5700000,0x00000000e6780000)
 ParOldGen       total 85504K, used 21393K [0x0000000080000000, 0x0000000085380000, 0x00000000d5580000)
  object space 85504K, 25% used [0x0000000080000000,0x00000000814e4728,0x0000000085380000)
 Metaspace       used 39053K, capacity 40010K, committed 40280K, reserved 1083392K
  class space    used 5460K, capacity 5708K, committed 5760K, reserved 1048576K
}
Event: 19.175 GC heap before
{Heap before GC invocations=12 (full 2):
 PSYoungGen      total 194048K, used 194026K [0x00000000d5580000, 0x00000000e6780000, 0x0000000100000000)
  eden space 179712K, 100% used [0x00000000d5580000,0x00000000e0500000,0x00000000e0500000)
  from space 14336K, 99% used [0x00000000e0500000,0x00000000e12faa00,0x00000000e1300000)
  to   space 16896K, 0% used [0x00000000e5700000,0x00000000e5700000,0x00000000e6780000)
 ParOldGen       total 85504K, used 21393K [0x0000000080000000, 0x0000000085380000, 0x00000000d5580000)
  object space 85504K, 25% used [0x0000000080000000,0x00000000814e4728,0x0000000085380000)
 Metaspace       used 40806K, capacity 43496K, committed 43608K, reserved 1087488K
  class space    used 5669K, capacity 6009K, committed 6016K, reserved 1048576K
Event: 19.244 GC heap after
Heap after GC invocations=12 (full 2):
 PSYoungGen      total 256512K, used 16864K [0x00000000d5580000, 0x00000000e7300000, 0x0000000100000000)
  eden space 239616K, 0% used [0x00000000d5580000,0x00000000d5580000,0x00000000e3f80000)
  from space 16896K, 99% used [0x00000000e5700000,0x00000000e6778020,0x00000000e6780000)
  to   space 24064K, 0% used [0x00000000e3f80000,0x00000000e3f80000,0x00000000e5700000)
 ParOldGen       total 85504K, used 34681K [0x0000000080000000, 0x0000000085380000, 0x00000000d5580000)
  object space 85504K, 40% used [0x0000000080000000,0x00000000821de538,0x0000000085380000)
 Metaspace       used 40806K, capacity 43496K, committed 43608K, reserved 1087488K
  class space    used 5669K, capacity 6009K, committed 6016K, reserved 1048576K
}
Event: 903.320 GC heap before
{Heap before GC invocations=13 (full 2):
 PSYoungGen      total 256512K, used 256480K [0x00000000d5580000, 0x00000000e7300000, 0x0000000100000000)
  eden space 239616K, 100% used [0x00000000d5580000,0x00000000e3f80000,0x00000000e3f80000)
  from space 16896K, 99% used [0x00000000e5700000,0x00000000e6778020,0x00000000e6780000)
  to   space 24064K, 0% used [0x00000000e3f80000,0x00000000e3f80000,0x00000000e5700000)
 ParOldGen       total 85504K, used 34681K [0x0000000080000000, 0x0000000085380000, 0x00000000d5580000)
  object space 85504K, 40% used [0x0000000080000000,0x00000000821de538,0x0000000085380000)
 Metaspace       used 43129K, capacity 45868K, committed 46040K, reserved 1089536K
  class space    used 5998K, capacity 6319K, committed 6400K, reserved 1048576K
Event: 903.525 GC heap after
Heap after GC invocations=13 (full 2):
 PSYoungGen      total 263680K, used 13102K [0x00000000d5580000, 0x00000000eb780000, 0x0000000100000000)
  eden space 239616K, 0% used [0x00000000d5580000,0x00000000d5580000,0x00000000e3f80000)
  from space 24064K, 54% used [0x00000000e3f80000,0x00000000e4c4b808,0x00000000e5700000)
  to   space 23552K, 0% used [0x00000000ea080000,0x00000000ea080000,0x00000000eb780000)
 ParOldGen       total 85504K, used 51556K [0x0000000080000000, 0x0000000085380000, 0x00000000d5580000)
  object space 85504K, 60% used [0x0000000080000000,0x0000000083259008,0x0000000085380000)
 Metaspace       used 43129K, capacity 45868K, committed 46040K, reserved 1089536K
  class space    used 5998K, capacity 6319K, committed 6400K, reserved 1048576K
}
Event: 6863.442 GC heap before
{Heap before GC invocations=14 (full 2):
 PSYoungGen      total 263680K, used 252718K [0x00000000d5580000, 0x00000000eb780000, 0x0000000100000000)
  eden space 239616K, 100% used [0x00000000d5580000,0x00000000e3f80000,0x00000000e3f80000)
  from space 24064K, 54% used [0x00000000e3f80000,0x00000000e4c4b808,0x00000000e5700000)
  to   space 23552K, 0% used [0x00000000ea080000,0x00000000ea080000,0x00000000eb780000)
 ParOldGen       total 85504K, used 51556K [0x0000000080000000, 0x0000000085380000, 0x00000000d5580000)
  object space 85504K, 60% used [0x0000000080000000,0x0000000083259008,0x0000000085380000)
 Metaspace       used 43276K, capacity 46060K, committed 46296K, reserved 1089536K
  class space    used 5999K, capacity 6319K, committed 6400K, reserved 1048576K
Event: 6863.773 GC heap after
Heap after GC invocations=14 (full 2):
 PSYoungGen      total 318464K, used 320K [0x00000000d5580000, 0x00000000eae00000, 0x0000000100000000)
  eden space 304640K, 0% used [0x00000000d5580000,0x00000000d5580000,0x00000000e7f00000)
  from space 13824K, 2% used [0x00000000ea080000,0x00000000ea0d0000,0x00000000eae00000)
  to   space 24064K, 0% used [0x00000000e7f00000,0x00000000e7f00000,0x00000000e9680000)
 ParOldGen       total 85504K, used 59717K [0x0000000080000000, 0x0000000085380000, 0x00000000d5580000)
  object space 85504K, 69% used [0x0000000080000000,0x0000000083a51690,0x0000000085380000)
 Metaspace       used 43276K, capacity 46060K, committed 46296K, reserved 1089536K
  class space    used 5999K, capacity 6319K, committed 6400K, reserved 1048576K
}

Deoptimization events (10 events):
Event: 27.520 Thread 0x000000001acb4000 Uncommon trap: reason=class_check action=maybe_recompile pc=0x0000000004a64e5c method=org.gradle.api.internal.file.collections.DefaultConfigurableFileCollection.visitContents(Lorg/gradle/api/internal/file/collections/FileCollectionResolveContext;)V @ 5
Event: 27.534 Thread 0x000000001acb4000 Uncommon trap: reason=class_check action=maybe_recompile pc=0x0000000004a9b0c4 method=org.gradle.api.internal.file.collections.DefaultFileCollectionResolveContext.doResolve(Lorg/gradle/api/internal/file/collections/DefaultFileCollectionResolveContext$Conv
Event: 27.535 Thread 0x000000001acb4000 Uncommon trap: reason=unstable_if action=reinterpret pc=0x0000000004a9ac14 method=org.gradle.api.internal.file.collections.DefaultFileCollectionResolveContext.doResolve(Lorg/gradle/api/internal/file/collections/DefaultFileCollectionResolveContext$Converte
Event: 27.535 Thread 0x000000001acb4000 Uncommon trap: reason=unstable_if action=reinterpret pc=0x0000000004a13904 method=org.gradle.api.internal.file.collections.DefaultFileCollectionResolveContext$FileCollectionConverter.convertInto(Ljava/lang/Object;Ljava/util/Collection;Lorg/gradle/internal
Event: 27.948 Thread 0x000000001acb4000 Uncommon trap: reason=unstable_if action=reinterpret pc=0x0000000004af437c method=java.io.WinNTFileSystem.resolve(Ljava/lang/String;Ljava/lang/String;)Ljava/lang/String; @ 36
Event: 27.948 Thread 0x000000001acb4000 Uncommon trap: reason=unstable_if action=reinterpret pc=0x0000000004a03f80 method=java.io.WinNTFileSystem.parentOrNull(Ljava/lang/String;)Ljava/lang/String; @ 62
Event: 28.493 Thread 0x000000001f60f000 Uncommon trap: reason=unstable_if action=reinterpret pc=0x00000000033730d0 method=org.gradle.internal.logging.text.AbstractLineChoppingStyledTextOutput$2.execute(Lorg/gradle/internal/logging/text/AbstractLineChoppingStyledTextOutput$StateContext;)V @ 30
Event: 63.342 Thread 0x000000001aa6d800 Uncommon trap: reason=unstable_if action=reinterpret pc=0x00000000049dfe98 method=java.io.ExpiringCache.entryFor(Ljava/lang/String;)Ljava/io/ExpiringCache$Entry; @ 39
Event: 63.342 Thread 0x000000001aa6d800 Uncommon trap: reason=unstable_if action=reinterpret pc=0x00000000049b823c method=java.io.ExpiringCache.entryFor(Ljava/lang/String;)Ljava/io/ExpiringCache$Entry; @ 39
Event: 12764.530 Thread 0x000000001a687800 Uncommon trap: reason=unstable_if action=reinterpret pc=0x0000000004062318 method=java.util.concurrent.locks.ReentrantLock$Sync.nonfairTryAcquire(I)Z @ 34

Internal exceptions (10 events):
Event: 22.694 Thread 0x000000001acb4000 Exception <a 'java/lang/ClassNotFoundException': java/io/ReaderBeanInfo> (0x00000000deacb0d8) thrown at [C:\re\workspace\8-2-build-windows-amd64-cygwin\jdk8u121\8372\hotspot\src\share\vm\classfile\systemDictionary.cpp, line 210]
Event: 22.694 Thread 0x000000001acb4000 Exception <a 'java/lang/ClassNotFoundException': java/io/ReaderCustomizer> (0x00000000dead2148) thrown at [C:\re\workspace\8-2-build-windows-amd64-cygwin\jdk8u121\8372\hotspot\src\share\vm\classfile\systemDictionary.cpp, line 210]
Event: 22.695 Thread 0x000000001acb4000 Exception <a 'java/lang/ClassNotFoundException': java/io/FilterReaderCustomizer> (0x00000000deade798) thrown at [C:\re\workspace\8-2-build-windows-amd64-cygwin\jdk8u121\8372\hotspot\src\share\vm\classfile\systemDictionary.cpp, line 210]
Event: 22.696 Thread 0x000000001acb4000 Exception <a 'java/lang/ClassNotFoundException': org/apache/tools/ant/filters/BaseFilterReaderCustomizer> (0x00000000deaf0f78) thrown at [C:\re\workspace\8-2-build-windows-amd64-cygwin\jdk8u121\8372\hotspot\src\share\vm\classfile\systemDictionary.cpp, lin
Event: 22.696 Thread 0x000000001acb4000 Exception <a 'java/lang/ClassNotFoundException': org/apache/tools/ant/filters/BaseParamFilterReaderCustomizer> (0x00000000deb02378) thrown at [C:\re\workspace\8-2-build-windows-amd64-cygwin\jdk8u121\8372\hotspot\src\share\vm\classfile\systemDictionary.cpp
Event: 22.697 Thread 0x000000001acb4000 Exception <a 'java/lang/ClassNotFoundException': org/apache/tools/ant/filters/ReplaceTokensCustomizer> (0x00000000deb116a8) thrown at [C:\re\workspace\8-2-build-windows-amd64-cygwin\jdk8u121\8372\hotspot\src\share\vm\classfile\systemDictionary.cpp, line 2
Event: 22.703 Thread 0x000000001acb4000 Exception <a 'java/lang/ClassNotFoundException': java/util/HashtableBeanInfo> (0x00000000deb37648) thrown at [C:\re\workspace\8-2-build-windows-amd64-cygwin\jdk8u121\8372\hotspot\src\share\vm\classfile\systemDictionary.cpp, line 210]
Event: 22.704 Thread 0x000000001acb4000 Exception <a 'java/lang/ClassNotFoundException': java/util/DictionaryBeanInfo> (0x00000000deb3ed48) thrown at [C:\re\workspace\8-2-build-windows-amd64-cygwin\jdk8u121\8372\hotspot\src\share\vm\classfile\systemDictionary.cpp, line 210]
Event: 22.704 Thread 0x000000001acb4000 Exception <a 'java/lang/ClassNotFoundException': java/util/DictionaryCustomizer> (0x00000000deb46660) thrown at [C:\re\workspace\8-2-build-windows-amd64-cygwin\jdk8u121\8372\hotspot\src\share\vm\classfile\systemDictionary.cpp, line 210]
Event: 22.705 Thread 0x000000001acb4000 Exception <a 'java/lang/ClassNotFoundException': java/util/HashtableCustomizer> (0x00000000deb546e0) thrown at [C:\re\workspace\8-2-build-windows-amd64-cygwin\jdk8u121\8372\hotspot\src\share\vm\classfile\systemDictionary.cpp, line 210]

Events (10 events):
Event: 10873.407 Thread 0x0000000017c01000 flushing nmethod 0x000000000397b510
Event: 11159.522 Thread 0x0000000017c01000 flushing nmethod 0x0000000003d6e110
Event: 11636.089 Thread 0x0000000017c0b000 flushing nmethod 0x000000000421bed0
Event: 11636.090 Thread 0x0000000017c0b000 flushing nmethod 0x0000000004232010
Event: 11636.091 Thread 0x0000000017c0b000 flushing nmethod 0x000000000423c510
Event: 11843.358 Thread 0x0000000017c0b000 flushing nmethod 0x00000000045f2990
Event: 12065.851 Thread 0x0000000017c0b000 flushing nmethod 0x0000000004b2e990
Event: 12764.461 Thread 0x000000001a687800 Uncommon trap: trap_request=0xffffff65 fr.pc=0x0000000004062318
Event: 12764.532 Thread 0x000000001a687800 DEOPT PACKING pc=0x0000000004062318 sp=0x000000001b41f440
Event: 12764.534 Thread 0x000000001a687800 DEOPT UNPACKING pc=0x000000000302582a sp=0x000000001b41f210 mode 2


Dynamic libraries:
0x00007ff620f00000 - 0x00007ff620f37000 	C:\Program Files\Java\jdk1.8.0_121\bin\java.exe
0x00007ffab5d50000 - 0x00007ffab5f48000 	C:\WINDOWS\SYSTEM32\ntdll.dll
0x00007ffab46c0000 - 0x00007ffab477d000 	C:\WINDOWS\System32\KERNEL32.DLL
0x00007ffab3ae0000 - 0x00007ffab3dae000 	C:\WINDOWS\System32\KERNELBASE.dll
0x00007ffab3fd0000 - 0x00007ffab407e000 	C:\WINDOWS\System32\ADVAPI32.dll
0x00007ffab5850000 - 0x00007ffab58ee000 	C:\WINDOWS\System32\msvcrt.dll
0x00007ffab49f0000 - 0x00007ffab4a8c000 	C:\WINDOWS\System32\sechost.dll
0x00007ffab5a30000 - 0x00007ffab5b55000 	C:\WINDOWS\System32\RPCRT4.dll
0x00007ffab5b60000 - 0x00007ffab5d00000 	C:\WINDOWS\System32\USER32.dll
0x00007ffab3470000 - 0x00007ffab3492000 	C:\WINDOWS\System32\win32u.dll
0x00007ffab54c0000 - 0x00007ffab54ea000 	C:\WINDOWS\System32\GDI32.dll
0x00007ffab3920000 - 0x00007ffab3a2b000 	C:\WINDOWS\System32\gdi32full.dll
0x00007ffab35a0000 - 0x00007ffab363d000 	C:\WINDOWS\System32\msvcp_win.dll
0x00007ffab34a0000 - 0x00007ffab35a0000 	C:\WINDOWS\System32\ucrtbase.dll
0x00007ffaa2c70000 - 0x00007ffaa2f0a000 	C:\WINDOWS\WinSxS\amd64_microsoft.windows.common-controls_6595b64144ccf1df_6.0.19041.1110_none_60b5254171f9507e\COMCTL32.dll
0x00007ffab4960000 - 0x00007ffab4990000 	C:\WINDOWS\System32\IMM32.DLL
0x00000000739f0000 - 0x0000000073ac2000 	C:\Program Files\Java\jdk1.8.0_121\jre\bin\msvcr100.dll
0x0000000073150000 - 0x00000000739eb000 	C:\Program Files\Java\jdk1.8.0_121\jre\bin\server\jvm.dll
0x00007ffab5a20000 - 0x00007ffab5a28000 	C:\WINDOWS\System32\PSAPI.DLL
0x00007ffaa18d0000 - 0x00007ffaa18d9000 	C:\WINDOWS\SYSTEM32\WSOCK32.dll
0x00007ffaa2c40000 - 0x00007ffaa2c67000 	C:\WINDOWS\SYSTEM32\WINMM.dll
0x00007ffab4bf0000 - 0x00007ffab4c5b000 	C:\WINDOWS\System32\WS2_32.dll
0x00007ffaa4000000 - 0x00007ffaa400a000 	C:\WINDOWS\SYSTEM32\VERSION.dll
0x0000000073140000 - 0x000000007314f000 	C:\Program Files\Java\jdk1.8.0_121\jre\bin\verify.dll
0x0000000073110000 - 0x0000000073139000 	C:\Program Files\Java\jdk1.8.0_121\jre\bin\java.dll
0x00000000730f0000 - 0x0000000073106000 	C:\Program Files\Java\jdk1.8.0_121\jre\bin\zip.dll
0x00007ffab4d70000 - 0x00007ffab54b4000 	C:\WINDOWS\System32\SHELL32.dll
0x00007ffab1160000 - 0x00007ffab18f4000 	C:\WINDOWS\SYSTEM32\windows.storage.dll
0x00007ffab54f0000 - 0x00007ffab5844000 	C:\WINDOWS\System32\combase.dll
0x00007ffab2d20000 - 0x00007ffab2d50000 	C:\WINDOWS\SYSTEM32\Wldp.dll
0x00007ffab41a0000 - 0x00007ffab424d000 	C:\WINDOWS\System32\SHCORE.dll
0x00007ffab3dc0000 - 0x00007ffab3e15000 	C:\WINDOWS\System32\shlwapi.dll
0x00007ffab33b0000 - 0x00007ffab33cf000 	C:\WINDOWS\SYSTEM32\profapi.dll
0x00000000730d0000 - 0x00000000730ea000 	C:\Program Files\Java\jdk1.8.0_121\jre\bin\net.dll
0x00007ffab2b00000 - 0x00007ffab2b6a000 	C:\WINDOWS\system32\mswsock.dll
0x00000000730b0000 - 0x00000000730c1000 	C:\Program Files\Java\jdk1.8.0_121\jre\bin\nio.dll
0x00007ffaa7030000 - 0x00007ffaa704e000 	C:\Users\User\.gradle\native\25\windows-amd64\native-platform.dll
0x00007ffab2d60000 - 0x00007ffab2d78000 	C:\WINDOWS\SYSTEM32\CRYPTSP.dll
0x00007ffab24a0000 - 0x00007ffab24d4000 	C:\WINDOWS\system32\rsaenh.dll
0x00007ffab3740000 - 0x00007ffab3767000 	C:\WINDOWS\System32\bcrypt.dll
0x00007ffab3370000 - 0x00007ffab339e000 	C:\WINDOWS\SYSTEM32\USERENV.dll
0x00007ffab36b0000 - 0x00007ffab3732000 	C:\WINDOWS\System32\bcryptprimitives.dll
0x00007ffab2c90000 - 0x00007ffab2c9c000 	C:\WINDOWS\SYSTEM32\CRYPTBASE.dll
0x00007ffab2810000 - 0x00007ffab284b000 	C:\WINDOWS\SYSTEM32\IPHLPAPI.DLL
0x00007ffab3db0000 - 0x00007ffab3db8000 	C:\WINDOWS\System32\NSI.dll
0x00007ffaaa200000 - 0x00007ffaaa217000 	C:\WINDOWS\SYSTEM32\dhcpcsvc6.DLL
0x00007ffaaa1e0000 - 0x00007ffaaa1fd000 	C:\WINDOWS\SYSTEM32\dhcpcsvc.DLL
0x00007ffab2850000 - 0x00007ffab291a000 	C:\WINDOWS\SYSTEM32\DNSAPI.dll
0x00000000730a0000 - 0x00000000730ad000 	C:\Program Files\Java\jdk1.8.0_121\jre\bin\management.dll

VM Arguments:
jvm_args: -XX:MaxPermSize=512m -XX:+HeapDumpOnOutOfMemoryError -Xmx2048m -Dfile.encoding=UTF-8 -Duser.country=IN -Duser.language=en -Duser.variant 
java_command: org.gradle.launcher.daemon.bootstrap.GradleDaemon 3.5
java_class_path (initial): C:\Users\User\.gradle\wrapper\dists\gradle-3.5-all\exhrs6ca08n232b14ue48lbye\gradle-3.5\lib\gradle-launcher-3.5.jar
Launcher Type: SUN_STANDARD

Environment Variables:
JAVA_HOME=C:\Program Files\Java\jdk-15.0.2
PATH=C:\Program Files\Common Files\Oracle\Java\javapath;C:\Python39\Scripts\;C:\Python39\;C:\WINDOWS\system32;C:\WINDOWS;C:\WINDOWS\System32\Wbem;C:\WINDOWS\System32\WindowsPowerShell\v1.0\;C:\WINDOWS\System32\OpenSSH\;C:\Program Files\Git\cmd;C:\Program Files\nodejs\;C:\ProgramData\chocolatey\bin;C:\Program Files\Java\jdk1.8.0_121\bin;C:\hadoop\bin;C:\hadoop\sbin;C:\grails-3.3.6\bin;C:\Program Files\PostgreSQL\14\bin;C:\Program Files\PuTTY\;C:\Program Files\Docker\Docker\resources\bin;C:\ProgramData\DockerDesktop\version-bin;C:\Users\User\AppData\Local\Microsoft\WindowsApps;C:\Users\User\AppData\Roaming\npm;C:\Users\User\AppData\Local\Programs\Microsoft VS Code\bin;C:\Program Files\JetBrains\IntelliJ IDEA 2020.2.4\bin;;
USERNAME=Capulus
OS=Windows_NT
PROCESSOR_IDENTIFIER=Intel64 Family 6 Model 61 Stepping 4, GenuineIntel



---------------  S Y S T E M  ---------------

OS: Windows 10.0 , 64 bit Build 19041 (10.0.19041.1889)

CPU:total 4 (2 cores per cpu, 2 threads per core) family 6 model 61 stepping 4, cmov, cx8, fxsr, mmx, sse, sse2, sse3, ssse3, sse4.1, sse4.2, popcnt, avx, avx2, aes, clmul, erms, rtm, 3dnowpref, lzcnt, ht, tsc, tscinvbit, bmi1, bmi2, adx

Memory: 4k page, physical 8277520k(253428k free), swap 26593948k(820k free)

vm_info: Java HotSpot(TM) 64-Bit Server VM (25.121-b13) for windows-amd64 JRE (1.8.0_121-b13), built on Dec 12 2016 18:21:36 by "java_re" with MS VC++ 10.0 (VS2010)

time: Tue Sep 13 14:56:29 2022
elapsed time: 16556 seconds (0d 4h 35m 56s)

