#
# There is insufficient memory for the Java Runtime Environment to continue.
# Native memory allocation (malloc) failed to allocate 1340432 bytes for Chunk::new
# Possible reasons:
#   The system is out of physical RAM or swap space
#   In 32 bit mode, the process size limit was hit
# Possible solutions:
#   Reduce memory load on the system
#   Increase physical memory or swap space
#   Check if swap backing store is full
#   Use 64 bit Java on a 64 bit OS
#   Decrease Java heap size (-Xmx/-Xms)
#   Decrease number of Java threads
#   Decrease Java thread stack sizes (-Xss)
#   Set larger code cache with -XX:ReservedCodeCacheSize=
# This output file may be truncated or incomplete.
#
#  Out of Memory Error (allocation.cpp:390), pid=19364, tid=0x00000000000024b8
#
# JRE version: Java(TM) SE Runtime Environment (8.0_121-b13) (build 1.8.0_121-b13)
# Java VM: Java HotSpot(TM) 64-Bit Server VM (25.121-b13 mixed mode windows-amd64 compressed oops)
# Failed to write core dump. Minidumps are not enabled by default on client versions of Windows
#

---------------  T H R E A D  ---------------

Current thread (0x0000000017053000):  JavaThread "C2 CompilerThread1" daemon [_thread_in_native, id=9400, stack(0x00000000187b0000,0x00000000188b0000)]

Stack: [0x00000000187b0000,0x00000000188b0000]
[error occurred during error reporting (printing stack bounds), id 0xc0000005]

Native frames: (J=compiled Java code, j=interpreted, Vv=VM code, C=native code)


Current CompileTask:
C2:  16721 7755   !   4       io.spring.gradle.dependencymanagement.org.codehaus.plexus.interpolation.StringSearchInterpolator::interpolate (665 bytes)


---------------  P R O C E S S  ---------------

Java Threads: ( => current thread )
  0x0000000019dc2000 JavaThread "Cache worker for task history cache (D:\PharmIT-Billing\.gradle\3.5\taskHistory)" [_thread_blocked, id=8352, stack(0x0000000020b30000,0x0000000020c30000)]
  0x0000000019dc0800 JavaThread "Memory manager" [_thread_blocked, id=12304, stack(0x000000001f610000,0x000000001f710000)]
  0x0000000019dc1800 JavaThread "Cache worker for Artifact transforms cache (C:\Users\User\.gradle\caches\transforms-1)" [_thread_blocked, id=18536, stack(0x000000001f070000,0x000000001f170000)]
  0x0000000019dbe000 JavaThread "File lock request listener" [_thread_in_native, id=1800, stack(0x000000001ba00000,0x000000001bb00000)]
  0x0000000019dbf000 JavaThread "Cache worker for file hash cache (C:\Users\User\.gradle\caches\3.5\fileHashes)" [_thread_blocked, id=14752, stack(0x000000001b900000,0x000000001ba00000)]
  0x0000000019c6f800 JavaThread "Stdin handler" [_thread_blocked, id=19552, stack(0x000000001b800000,0x000000001b900000)]
  0x0000000019c76800 JavaThread "Asynchronous log dispatcher for DefaultDaemonConnection: socket connection from /127.0.0.1:56043 to /127.0.0.1:56044" [_thread_blocked, id=13456, stack(0x000000001b700000,0x000000001b800000)]
  0x0000000019c8e000 JavaThread "Daemon worker" [_thread_blocked, id=2664, stack(0x000000001b600000,0x000000001b700000)]
  0x0000000019a9b000 JavaThread "Cancel handler" [_thread_blocked, id=1304, stack(0x000000001b500000,0x000000001b600000)]
  0x0000000019f96000 JavaThread "Handler for socket connection from /127.0.0.1:56043 to /127.0.0.1:56044" [_thread_in_native, id=9536, stack(0x000000001b200000,0x000000001b300000)]
  0x0000000019c92000 JavaThread "Daemon" [_thread_blocked, id=20388, stack(0x000000001b100000,0x000000001b200000)]
  0x000000001a274000 JavaThread "Daemon periodic checks" [_thread_blocked, id=10348, stack(0x000000001b000000,0x000000001b100000)]
  0x000000001a0f2800 JavaThread "Incoming local TCP Connector on port 56043" [_thread_in_native, id=11236, stack(0x000000001adc0000,0x000000001aec0000)]
  0x000000001a085000 JavaThread "Daemon health stats" [_thread_blocked, id=16880, stack(0x000000001aac0000,0x000000001abc0000)]
  0x00000000189d0800 JavaThread "Service Thread" daemon [_thread_blocked, id=15628, stack(0x0000000018db0000,0x0000000018eb0000)]
  0x0000000017059800 JavaThread "C1 CompilerThread2" daemon [_thread_in_native, id=18524, stack(0x00000000188b0000,0x00000000189b0000)]
=>0x0000000017053000 JavaThread "C2 CompilerThread1" daemon [_thread_in_native, id=9400, stack(0x00000000187b0000,0x00000000188b0000)]
  0x000000001704f800 JavaThread "C2 CompilerThread0" daemon [_thread_in_native, id=7928, stack(0x00000000186b0000,0x00000000187b0000)]
  0x000000001704e000 JavaThread "Attach Listener" daemon [_thread_blocked, id=17592, stack(0x00000000185b0000,0x00000000186b0000)]
  0x000000001704a800 JavaThread "Signal Dispatcher" daemon [_thread_blocked, id=18888, stack(0x00000000184b0000,0x00000000185b0000)]
  0x000000000242d800 JavaThread "Finalizer" daemon [_thread_blocked, id=16104, stack(0x00000000182b0000,0x00000000183b0000)]
  0x0000000002422000 JavaThread "Reference Handler" daemon [_thread_blocked, id=16056, stack(0x00000000181b0000,0x00000000182b0000)]
  0x0000000002332800 JavaThread "main" [_thread_blocked, id=5368, stack(0x0000000002230000,0x0000000002330000)]

Other Threads:
  0x0000000017017000 VMThread [stack: 0x00000000180b0000,0x00000000181b0000] [id=16792]
  0x00000000189f5800 WatcherThread [stack: 0x0000000018eb0000,0x0000000018fb0000] [id=17112]

VM state:not at safepoint (normal execution)

VM Mutex/Monitor currently owned by a thread: None

Heap:
 PSYoungGen      total 100864K, used 92127K [0x00000000d5580000, 0x00000000dd980000, 0x0000000100000000)
  eden space 74752K, 94% used [0x00000000d5580000,0x00000000d9aabbf0,0x00000000d9e80000)
  from space 26112K, 81% used [0x00000000dba80000,0x00000000dcf4c040,0x00000000dd400000)
  to   space 28672K, 0% used [0x00000000d9e80000,0x00000000d9e80000,0x00000000dba80000)
 ParOldGen       total 61952K, used 29639K [0x0000000080000000, 0x0000000083c80000, 0x00000000d5580000)
  object space 61952K, 47% used [0x0000000080000000,0x0000000081cf1c20,0x0000000083c80000)
 Metaspace       used 41031K, capacity 43732K, committed 44032K, reserved 1087488K
  class space    used 5713K, capacity 6044K, committed 6144K, reserved 1048576K

Card table byte_map: [0x00000000117f0000,0x0000000011c00000] byte_map_base: 0x00000000113f0000

Marking Bits: (ParMarkBitMap*) 0x000000007396b6d0
 Begin Bits: [0x00000000122b0000, 0x00000000142b0000)
 End Bits:   [0x00000000142b0000, 0x00000000162b0000)

Polling page: 0x0000000000a00000

CodeCache: size=245760Kb used=24522Kb max_used=24522Kb free=221238Kb
 bounds [0x0000000002430000, 0x0000000003c40000, 0x0000000011430000]
 total_blobs=7975 nmethods=7294 adapters=592
 compilation: enabled

Compilation events (10 events):
Event: 16.706 Thread 0x0000000017059800 nmethod 7903 0x0000000003c26150 code [0x0000000003c262c0, 0x0000000003c26628]
Event: 16.706 Thread 0x0000000017059800 7904       3       io.spring.gradle.dependencymanagement.org.apache.maven.model.RepositoryBase::setLocation (35 bytes)
Event: 16.707 Thread 0x0000000017059800 nmethod 7904 0x0000000003c2a3d0 code [0x0000000003c2a560, 0x0000000003c2aa08]
Event: 16.707 Thread 0x0000000017059800 7905   !   3       sun.reflect.GeneratedMethodAccessor13::invoke (61 bytes)
Event: 16.708 Thread 0x0000000017059800 nmethod 7905 0x0000000003c2ac50 code [0x0000000003c2ae20, 0x0000000003c2b448]
Event: 16.712 Thread 0x0000000017059800 7906       3       sun.security.jca.ProviderList::getProvider (22 bytes)
Event: 16.712 Thread 0x0000000017059800 nmethod 7906 0x0000000003c2b7d0 code [0x0000000003c2b940, 0x0000000003c2bbc8]
Event: 16.712 Thread 0x0000000017059800 7907       3       java.security.Provider::ensureLegacyParsed (123 bytes)
Event: 16.713 Thread 0x0000000017059800 nmethod 7907 0x0000000003c2bd10 code [0x0000000003c2bf60, 0x0000000003c2cd08]
Event: 16.716 Thread 0x0000000017059800 7908   !   3       java.security.Provider$Service::newInstance (416 bytes)

GC Heap History (10 events):
Event: 10.223 GC heap before
{Heap before GC invocations=13 (full 3):
 PSYoungGen      total 81408K, used 80979K [0x00000000d5580000, 0x00000000dbd80000, 0x0000000100000000)
  eden space 71680K, 100% used [0x00000000d5580000,0x00000000d9b80000,0x00000000d9b80000)
  from space 9728K, 95% used [0x00000000daa80000,0x00000000db394ed8,0x00000000db400000)
  to   space 9728K, 0% used [0x00000000db400000,0x00000000db400000,0x00000000dbd80000)
 ParOldGen       total 61952K, used 9855K [0x0000000080000000, 0x0000000083c80000, 0x00000000d5580000)
  object space 61952K, 15% used [0x0000000080000000,0x000000008099ffc8,0x0000000083c80000)
 Metaspace       used 35752K, capacity 36272K, committed 36480K, reserved 1081344K
  class space    used 5014K, capacity 5167K, committed 5248K, reserved 1048576K
Event: 10.257 GC heap after
Heap after GC invocations=13 (full 3):
 PSYoungGen      total 83968K, used 9712K [0x00000000d5580000, 0x00000000dbd80000, 0x0000000100000000)
  eden space 74240K, 0% used [0x00000000d5580000,0x00000000d5580000,0x00000000d9e00000)
  from space 9728K, 99% used [0x00000000db400000,0x00000000dbd7c010,0x00000000dbd80000)
  to   space 14848K, 0% used [0x00000000da080000,0x00000000da080000,0x00000000daf00000)
 ParOldGen       total 61952K, used 14207K [0x0000000080000000, 0x0000000083c80000, 0x00000000d5580000)
  object space 61952K, 22% used [0x0000000080000000,0x0000000080ddfdc0,0x0000000083c80000)
 Metaspace       used 35752K, capacity 36272K, committed 36480K, reserved 1081344K
  class space    used 5014K, capacity 5167K, committed 5248K, reserved 1048576K
}
Event: 10.953 GC heap before
{Heap before GC invocations=14 (full 3):
 PSYoungGen      total 83968K, used 83952K [0x00000000d5580000, 0x00000000dbd80000, 0x0000000100000000)
  eden space 74240K, 100% used [0x00000000d5580000,0x00000000d9e00000,0x00000000d9e00000)
  from space 9728K, 99% used [0x00000000db400000,0x00000000dbd7c010,0x00000000dbd80000)
  to   space 14848K, 0% used [0x00000000da080000,0x00000000da080000,0x00000000daf00000)
 ParOldGen       total 61952K, used 14207K [0x0000000080000000, 0x0000000083c80000, 0x00000000d5580000)
  object space 61952K, 22% used [0x0000000080000000,0x0000000080ddfdc0,0x0000000083c80000)
 Metaspace       used 37263K, capacity 37928K, committed 38016K, reserved 1083392K
  class space    used 5269K, capacity 5464K, committed 5504K, reserved 1048576K
Event: 10.996 GC heap after
Heap after GC invocations=14 (full 3):
 PSYoungGen      total 91648K, used 14832K [0x00000000d5580000, 0x00000000dc500000, 0x0000000100000000)
  eden space 76800K, 0% used [0x00000000d5580000,0x00000000d5580000,0x00000000da080000)
  from space 14848K, 99% used [0x00000000da080000,0x00000000daefc020,0x00000000daf00000)
  to   space 17920K, 0% used [0x00000000db380000,0x00000000db380000,0x00000000dc500000)
 ParOldGen       total 61952K, used 16132K [0x0000000080000000, 0x0000000083c80000, 0x00000000d5580000)
  object space 61952K, 26% used [0x0000000080000000,0x0000000080fc1070,0x0000000083c80000)
 Metaspace       used 37263K, capacity 37928K, committed 38016K, reserved 1083392K
  class space    used 5269K, capacity 5464K, committed 5504K, reserved 1048576K
}
Event: 13.029 GC heap before
{Heap before GC invocations=15 (full 3):
 PSYoungGen      total 91648K, used 91632K [0x00000000d5580000, 0x00000000dc500000, 0x0000000100000000)
  eden space 76800K, 100% used [0x00000000d5580000,0x00000000da080000,0x00000000da080000)
  from space 14848K, 99% used [0x00000000da080000,0x00000000daefc020,0x00000000daf00000)
  to   space 17920K, 0% used [0x00000000db380000,0x00000000db380000,0x00000000dc500000)
 ParOldGen       total 61952K, used 16132K [0x0000000080000000, 0x0000000083c80000, 0x00000000d5580000)
  object space 61952K, 26% used [0x0000000080000000,0x0000000080fc1070,0x0000000083c80000)
 Metaspace       used 38829K, capacity 39704K, committed 39936K, reserved 1083392K
  class space    used 5430K, capacity 5609K, committed 5632K, reserved 1048576K
Event: 13.064 GC heap after
Heap after GC invocations=15 (full 3):
 PSYoungGen      total 92160K, used 17888K [0x00000000d5580000, 0x00000000dcf00000, 0x0000000100000000)
  eden space 74240K, 0% used [0x00000000d5580000,0x00000000d5580000,0x00000000d9e00000)
  from space 17920K, 99% used [0x00000000db380000,0x00000000dc4f8030,0x00000000dc500000)
  to   space 22016K, 0% used [0x00000000d9e00000,0x00000000d9e00000,0x00000000db380000)
 ParOldGen       total 61952K, used 19706K [0x0000000080000000, 0x0000000083c80000, 0x00000000d5580000)
  object space 61952K, 31% used [0x0000000080000000,0x000000008133eb10,0x0000000083c80000)
 Metaspace       used 38829K, capacity 39704K, committed 39936K, reserved 1083392K
  class space    used 5430K, capacity 5609K, committed 5632K, reserved 1048576K
}
Event: 14.350 GC heap before
{Heap before GC invocations=16 (full 3):
 PSYoungGen      total 92160K, used 92128K [0x00000000d5580000, 0x00000000dcf00000, 0x0000000100000000)
  eden space 74240K, 100% used [0x00000000d5580000,0x00000000d9e00000,0x00000000d9e00000)
  from space 17920K, 99% used [0x00000000db380000,0x00000000dc4f8030,0x00000000dc500000)
  to   space 22016K, 0% used [0x00000000d9e00000,0x00000000d9e00000,0x00000000db380000)
 ParOldGen       total 61952K, used 19706K [0x0000000080000000, 0x0000000083c80000, 0x00000000d5580000)
  object space 61952K, 31% used [0x0000000080000000,0x000000008133eb10,0x0000000083c80000)
 Metaspace       used 39598K, capacity 41146K, committed 41472K, reserved 1085440K
  class space    used 5517K, capacity 5783K, committed 5888K, reserved 1048576K
Event: 14.378 GC heap after
Heap after GC invocations=16 (full 3):
 PSYoungGen      total 96256K, used 22000K [0x00000000d5580000, 0x00000000dd400000, 0x0000000100000000)
  eden space 74240K, 0% used [0x00000000d5580000,0x00000000d5580000,0x00000000d9e00000)
  from space 22016K, 99% used [0x00000000d9e00000,0x00000000db37c040,0x00000000db380000)
  to   space 26112K, 0% used [0x00000000dba80000,0x00000000dba80000,0x00000000dd400000)
 ParOldGen       total 61952K, used 22030K [0x0000000080000000, 0x0000000083c80000, 0x00000000d5580000)
  object space 61952K, 35% used [0x0000000080000000,0x0000000081583810,0x0000000083c80000)
 Metaspace       used 39598K, capacity 41146K, committed 41472K, reserved 1085440K
  class space    used 5517K, capacity 5783K, committed 5888K, reserved 1048576K
}
Event: 15.553 GC heap before
{Heap before GC invocations=17 (full 3):
 PSYoungGen      total 96256K, used 96240K [0x00000000d5580000, 0x00000000dd400000, 0x0000000100000000)
  eden space 74240K, 100% used [0x00000000d5580000,0x00000000d9e00000,0x00000000d9e00000)
  from space 22016K, 99% used [0x00000000d9e00000,0x00000000db37c040,0x00000000db380000)
  to   space 26112K, 0% used [0x00000000dba80000,0x00000000dba80000,0x00000000dd400000)
 ParOldGen       total 61952K, used 22030K [0x0000000080000000, 0x0000000083c80000, 0x00000000d5580000)
  object space 61952K, 35% used [0x0000000080000000,0x0000000081583810,0x0000000083c80000)
 Metaspace       used 40377K, capacity 42690K, committed 42880K, reserved 1087488K
  class space    used 5630K, capacity 5955K, committed 6016K, reserved 1048576K
Event: 15.602 GC heap after
Heap after GC invocations=17 (full 3):
 PSYoungGen      total 100864K, used 21296K [0x00000000d5580000, 0x00000000dd980000, 0x0000000100000000)
  eden space 74752K, 0% used [0x00000000d5580000,0x00000000d5580000,0x00000000d9e80000)
  from space 26112K, 81% used [0x00000000dba80000,0x00000000dcf4c040,0x00000000dd400000)
  to   space 28672K, 0% used [0x00000000d9e80000,0x00000000d9e80000,0x00000000dba80000)
 ParOldGen       total 61952K, used 29639K [0x0000000080000000, 0x0000000083c80000, 0x00000000d5580000)
  object space 61952K, 47% used [0x0000000080000000,0x0000000081cf1c20,0x0000000083c80000)
 Metaspace       used 40377K, capacity 42690K, committed 42880K, reserved 1087488K
  class space    used 5630K, capacity 5955K, committed 6016K, reserved 1048576K
}

Deoptimization events (10 events):
Event: 13.349 Thread 0x0000000019c8e000 Uncommon trap: reason=range_check action=make_not_entrant pc=0x00000000035291a4 method=java.lang.String.charAt(I)C @ 27
Event: 13.585 Thread 0x000000001a274000 Uncommon trap: reason=speculate_class_check action=maybe_recompile pc=0x0000000003461d18 method=java.util.AbstractList.listIterator()Ljava/util/ListIterator; @ 2
Event: 14.319 Thread 0x0000000019c8e000 Uncommon trap: reason=class_check action=maybe_recompile pc=0x000000000388ff18 method=com.google.common.collect.AbstractMapBasedMultimap$WrappedCollection.refreshIfEmpty()V @ 59
Event: 14.319 Thread 0x0000000019c8e000 Uncommon trap: reason=class_check action=maybe_recompile pc=0x000000000388ff18 method=com.google.common.collect.AbstractMapBasedMultimap$WrappedCollection.refreshIfEmpty()V @ 59
Event: 14.502 Thread 0x0000000019c8e000 Uncommon trap: reason=predicate action=maybe_recompile pc=0x000000000273f378 method=java.util.AbstractCollection.toArray([Ljava/lang/Object;)[Ljava/lang/Object; @ 49
Event: 14.765 Thread 0x0000000019c8e000 Uncommon trap: reason=array_check action=maybe_recompile pc=0x00000000039f1730 method=java.util.AbstractCollection.toArray([Ljava/lang/Object;)[Ljava/lang/Object; @ 119
Event: 14.769 Thread 0x0000000019c8e000 Uncommon trap: reason=array_check action=maybe_recompile pc=0x00000000039f1730 method=java.util.AbstractCollection.toArray([Ljava/lang/Object;)[Ljava/lang/Object; @ 119
Event: 14.769 Thread 0x0000000019c8e000 Uncommon trap: reason=array_check action=maybe_recompile pc=0x00000000039f1730 method=java.util.AbstractCollection.toArray([Ljava/lang/Object;)[Ljava/lang/Object; @ 119
Event: 14.773 Thread 0x0000000019c8e000 Uncommon trap: reason=array_check action=maybe_recompile pc=0x00000000039f1730 method=java.util.AbstractCollection.toArray([Ljava/lang/Object;)[Ljava/lang/Object; @ 119
Event: 15.375 Thread 0x0000000019c8e000 Uncommon trap: reason=null_check action=make_not_entrant pc=0x0000000003a6d960 method=org.gradle.api.internal.collections.CollectionFilter.filter(Ljava/lang/Object;)Ljava/lang/Object; @ 5

Internal exceptions (10 events):
Event: 16.605 Thread 0x0000000019c8e000 Exception <a 'java/lang/ClassNotFoundException': asset/pipeline/gradle/AssetPluginPackage_DecoratedBeanInfo> (0x00000000d9003348) thrown at [C:\re\workspace\8-2-build-windows-amd64-cygwin\jdk8u121\8372\hotspot\src\share\vm\classfile\systemDictionary.cpp, 
Event: 16.606 Thread 0x0000000019c8e000 Exception <a 'java/lang/ClassNotFoundException': asset/pipeline/gradle/AssetPluginPackageBeanInfo> (0x00000000d90369b8) thrown at [C:\re\workspace\8-2-build-windows-amd64-cygwin\jdk8u121\8372\hotspot\src\share\vm\classfile\systemDictionary.cpp, line 210]
Event: 16.607 Thread 0x0000000019c8e000 Exception <a 'java/lang/ClassNotFoundException': asset/pipeline/gradle/AssetPluginPackageCustomizer> (0x00000000d906a078) thrown at [C:\re\workspace\8-2-build-windows-amd64-cygwin\jdk8u121\8372\hotspot\src\share\vm\classfile\systemDictionary.cpp, line 210
Event: 16.609 Thread 0x0000000019c8e000 Exception <a 'java/lang/ClassNotFoundException': asset/pipeline/gradle/AssetPluginPackage_DecoratedCustomizer> (0x00000000d90ed1a0) thrown at [C:\re\workspace\8-2-build-windows-amd64-cygwin\jdk8u121\8372\hotspot\src\share\vm\classfile\systemDictionary.cpp
Event: 16.620 Thread 0x0000000019c8e000 Exception <a 'java/lang/ClassNotFoundException': org/grails/gradle/plugin/web/gsp/GroovyPagePluginBeanInfo> (0x00000000d923ee88) thrown at [C:\re\workspace\8-2-build-windows-amd64-cygwin\jdk8u121\8372\hotspot\src\share\vm\classfile\systemDictionary.cpp, l
Event: 16.620 Thread 0x0000000019c8e000 Exception <a 'java/lang/ClassNotFoundException': org/grails/gradle/plugin/web/gsp/GroovyPagePluginCustomizer> (0x00000000d925cfb8) thrown at [C:\re\workspace\8-2-build-windows-amd64-cygwin\jdk8u121\8372\hotspot\src\share\vm\classfile\systemDictionary.cpp,
Event: 16.634 Thread 0x0000000019c8e000 Exception <a 'java/lang/ClassNotFoundException': org/grails/gradle/plugin/web/gsp/GroovyPageCompileTask_DecoratedBeanInfo> (0x00000000d935f370) thrown at [C:\re\workspace\8-2-build-windows-amd64-cygwin\jdk8u121\8372\hotspot\src\share\vm\classfile\systemDi
Event: 16.634 Thread 0x0000000019c8e000 Exception <a 'java/lang/ClassNotFoundException': org/grails/gradle/plugin/web/gsp/GroovyPageCompileTaskBeanInfo> (0x00000000d937ea40) thrown at [C:\re\workspace\8-2-build-windows-amd64-cygwin\jdk8u121\8372\hotspot\src\share\vm\classfile\systemDictionary.c
Event: 16.635 Thread 0x0000000019c8e000 Exception <a 'java/lang/ClassNotFoundException': org/grails/gradle/plugin/web/gsp/GroovyPageCompileTaskCustomizer> (0x00000000d939ef68) thrown at [C:\re\workspace\8-2-build-windows-amd64-cygwin\jdk8u121\8372\hotspot\src\share\vm\classfile\systemDictionary
Event: 16.637 Thread 0x0000000019c8e000 Exception <a 'java/lang/ClassNotFoundException': org/grails/gradle/plugin/web/gsp/GroovyPageCompileTask_DecoratedCustomizer> (0x00000000d93e15c8) thrown at [C:\re\workspace\8-2-build-windows-amd64-cygwin\jdk8u121\8372\hotspot\src\share\vm\classfile\system

Events (10 events):
Event: 16.653 loading class groovy/runtime/metaclass/build_apceincz3lvdn65z4sww8oj7i$_run_closure1$_closure6MetaClass
Event: 16.653 loading class groovy/runtime/metaclass/build_apceincz3lvdn65z4sww8oj7i$_run_closure1$_closure6MetaClass done
Event: 16.656 loading class groovy/runtime/metaclass/build_apceincz3lvdn65z4sww8oj7i$_run_closure2MetaClass
Event: 16.656 loading class groovy/runtime/metaclass/build_apceincz3lvdn65z4sww8oj7i$_run_closure2MetaClass done
Event: 16.661 loading class groovy/runtime/metaclass/build_apceincz3lvdn65z4sww8oj7i$_run_closure3MetaClass
Event: 16.661 loading class groovy/runtime/metaclass/build_apceincz3lvdn65z4sww8oj7i$_run_closure3MetaClass done
Event: 16.664 loading class groovy/runtime/metaclass/build_apceincz3lvdn65z4sww8oj7i$_run_closure4MetaClass
Event: 16.664 loading class groovy/runtime/metaclass/build_apceincz3lvdn65z4sww8oj7i$_run_closure4MetaClass done
Event: 16.668 loading class groovy/runtime/metaclass/build_apceincz3lvdn65z4sww8oj7i$_run_closure5MetaClass
Event: 16.668 loading class groovy/runtime/metaclass/build_apceincz3lvdn65z4sww8oj7i$_run_closure5MetaClass done


Dynamic libraries:
0x00007ff620f00000 - 0x00007ff620f37000 	C:\Program Files\Java\jdk1.8.0_121\bin\java.exe
0x00007ffab5d50000 - 0x00007ffab5f48000 	C:\WINDOWS\SYSTEM32\ntdll.dll
0x00007ffab46c0000 - 0x00007ffab477d000 	C:\WINDOWS\System32\KERNEL32.DLL
0x00007ffab3ae0000 - 0x00007ffab3dae000 	C:\WINDOWS\System32\KERNELBASE.dll
0x00007ffab3fd0000 - 0x00007ffab407e000 	C:\WINDOWS\System32\ADVAPI32.dll
0x00007ffab5850000 - 0x00007ffab58ee000 	C:\WINDOWS\System32\msvcrt.dll
0x00007ffab49f0000 - 0x00007ffab4a8c000 	C:\WINDOWS\System32\sechost.dll
0x00007ffab5a30000 - 0x00007ffab5b55000 	C:\WINDOWS\System32\RPCRT4.dll
0x00007ffab5b60000 - 0x00007ffab5d00000 	C:\WINDOWS\System32\USER32.dll
0x00007ffab3470000 - 0x00007ffab3492000 	C:\WINDOWS\System32\win32u.dll
0x00007ffab54c0000 - 0x00007ffab54ea000 	C:\WINDOWS\System32\GDI32.dll
0x00007ffab3920000 - 0x00007ffab3a2b000 	C:\WINDOWS\System32\gdi32full.dll
0x00007ffab35a0000 - 0x00007ffab363d000 	C:\WINDOWS\System32\msvcp_win.dll
0x00007ffab34a0000 - 0x00007ffab35a0000 	C:\WINDOWS\System32\ucrtbase.dll
0x00007ffaa2c70000 - 0x00007ffaa2f0a000 	C:\WINDOWS\WinSxS\amd64_microsoft.windows.common-controls_6595b64144ccf1df_6.0.19041.1110_none_60b5254171f9507e\COMCTL32.dll
0x00007ffab4960000 - 0x00007ffab4990000 	C:\WINDOWS\System32\IMM32.DLL
0x00000000739f0000 - 0x0000000073ac2000 	C:\Program Files\Java\jdk1.8.0_121\jre\bin\msvcr100.dll
0x0000000073150000 - 0x00000000739eb000 	C:\Program Files\Java\jdk1.8.0_121\jre\bin\server\jvm.dll
0x00007ffab5a20000 - 0x00007ffab5a28000 	C:\WINDOWS\System32\PSAPI.DLL
0x00007ffaa18d0000 - 0x00007ffaa18d9000 	C:\WINDOWS\SYSTEM32\WSOCK32.dll
0x00007ffaa2c40000 - 0x00007ffaa2c67000 	C:\WINDOWS\SYSTEM32\WINMM.dll
0x00007ffaa4000000 - 0x00007ffaa400a000 	C:\WINDOWS\SYSTEM32\VERSION.dll
0x00007ffab4bf0000 - 0x00007ffab4c5b000 	C:\WINDOWS\System32\WS2_32.dll
0x0000000073140000 - 0x000000007314f000 	C:\Program Files\Java\jdk1.8.0_121\jre\bin\verify.dll
0x0000000073110000 - 0x0000000073139000 	C:\Program Files\Java\jdk1.8.0_121\jre\bin\java.dll
0x00000000730f0000 - 0x0000000073106000 	C:\Program Files\Java\jdk1.8.0_121\jre\bin\zip.dll
0x00007ffab4d70000 - 0x00007ffab54b4000 	C:\WINDOWS\System32\SHELL32.dll
0x00007ffab1160000 - 0x00007ffab18f4000 	C:\WINDOWS\SYSTEM32\windows.storage.dll
0x00007ffab54f0000 - 0x00007ffab5844000 	C:\WINDOWS\System32\combase.dll
0x00007ffab2d20000 - 0x00007ffab2d50000 	C:\WINDOWS\SYSTEM32\Wldp.dll
0x00007ffab41a0000 - 0x00007ffab424d000 	C:\WINDOWS\System32\SHCORE.dll
0x00007ffab3dc0000 - 0x00007ffab3e15000 	C:\WINDOWS\System32\shlwapi.dll
0x00007ffab33b0000 - 0x00007ffab33cf000 	C:\WINDOWS\SYSTEM32\profapi.dll
0x00000000730d0000 - 0x00000000730ea000 	C:\Program Files\Java\jdk1.8.0_121\jre\bin\net.dll
0x00007ffab2b00000 - 0x00007ffab2b6a000 	C:\WINDOWS\system32\mswsock.dll
0x00000000730b0000 - 0x00000000730c1000 	C:\Program Files\Java\jdk1.8.0_121\jre\bin\nio.dll
0x00007ffaa7030000 - 0x00007ffaa704e000 	C:\Users\User\.gradle\native\25\windows-amd64\native-platform.dll
0x00007ffab2d60000 - 0x00007ffab2d78000 	C:\WINDOWS\SYSTEM32\CRYPTSP.dll
0x00007ffab24a0000 - 0x00007ffab24d4000 	C:\WINDOWS\system32\rsaenh.dll
0x00007ffab3740000 - 0x00007ffab3767000 	C:\WINDOWS\System32\bcrypt.dll
0x00007ffab3370000 - 0x00007ffab339e000 	C:\WINDOWS\SYSTEM32\USERENV.dll
0x00007ffab36b0000 - 0x00007ffab3732000 	C:\WINDOWS\System32\bcryptprimitives.dll
0x00007ffab2c90000 - 0x00007ffab2c9c000 	C:\WINDOWS\SYSTEM32\CRYPTBASE.dll
0x00007ffab2810000 - 0x00007ffab284b000 	C:\WINDOWS\SYSTEM32\IPHLPAPI.DLL
0x00007ffab3db0000 - 0x00007ffab3db8000 	C:\WINDOWS\System32\NSI.dll
0x00007ffaaa200000 - 0x00007ffaaa217000 	C:\WINDOWS\SYSTEM32\dhcpcsvc6.DLL
0x00007ffaaa1e0000 - 0x00007ffaaa1fd000 	C:\WINDOWS\SYSTEM32\dhcpcsvc.DLL
0x00007ffab2850000 - 0x00007ffab291a000 	C:\WINDOWS\SYSTEM32\DNSAPI.dll
0x00000000730a0000 - 0x00000000730ad000 	C:\Program Files\Java\jdk1.8.0_121\jre\bin\management.dll

VM Arguments:
jvm_args: -XX:MaxPermSize=512m -XX:+HeapDumpOnOutOfMemoryError -Xmx2048m -Dfile.encoding=UTF-8 -Duser.country=IN -Duser.language=en -Duser.variant 
java_command: org.gradle.launcher.daemon.bootstrap.GradleDaemon 3.5
java_class_path (initial): C:\Users\User\.gradle\wrapper\dists\gradle-3.5-all\exhrs6ca08n232b14ue48lbye\gradle-3.5\lib\gradle-launcher-3.5.jar
Launcher Type: SUN_STANDARD

Environment Variables:
JAVA_HOME=C:\Program Files\Java\jdk-15.0.2
PATH=C:\Program Files\Common Files\Oracle\Java\javapath;C:\Python39\Scripts\;C:\Python39\;C:\WINDOWS\system32;C:\WINDOWS;C:\WINDOWS\System32\Wbem;C:\WINDOWS\System32\WindowsPowerShell\v1.0\;C:\WINDOWS\System32\OpenSSH\;C:\Program Files\Git\cmd;C:\Program Files\nodejs\;C:\ProgramData\chocolatey\bin;C:\Program Files\Java\jdk1.8.0_121\bin;C:\hadoop\bin;C:\hadoop\sbin;C:\grails-3.3.6\bin;C:\Program Files\PostgreSQL\14\bin;C:\Program Files\PuTTY\;C:\Program Files\Docker\Docker\resources\bin;C:\ProgramData\DockerDesktop\version-bin;C:\Users\User\AppData\Local\Microsoft\WindowsApps;C:\Users\User\AppData\Roaming\npm;C:\Users\User\AppData\Local\Programs\Microsoft VS Code\bin;C:\Program Files\JetBrains\IntelliJ IDEA 2020.2.4\bin;;
USERNAME=Capulus
OS=Windows_NT
PROCESSOR_IDENTIFIER=Intel64 Family 6 Model 61 Stepping 4, GenuineIntel



---------------  S Y S T E M  ---------------

OS: Windows 10.0 , 64 bit Build 19041 (10.0.19041.1889)

CPU:total 4 (2 cores per cpu, 2 threads per core) family 6 model 61 stepping 4, cmov, cx8, fxsr, mmx, sse, sse2, sse3, ssse3, sse4.1, sse4.2, popcnt, avx, avx2, aes, clmul, erms, rtm, 3dnowpref, lzcnt, ht, tsc, tscinvbit, bmi1, bmi2, adx

Memory: 4k page, physical 8277520k(358448k free), swap 26593948k(5884k free)

vm_info: Java HotSpot(TM) 64-Bit Server VM (25.121-b13) for windows-amd64 JRE (1.8.0_121-b13), built on Dec 12 2016 18:21:36 by "java_re" with MS VC++ 10.0 (VS2010)

time: Tue Sep 13 15:43:09 2022
elapsed time: 16 seconds (0d 0h 0m 16s)

