#
# There is insufficient memory for the Java Runtime Environment to continue.
# Native memory allocation (malloc) failed to allocate 65552 bytes for Chunk::new
# Possible reasons:
#   The system is out of physical RAM or swap space
#   In 32 bit mode, the process size limit was hit
# Possible solutions:
#   Reduce memory load on the system
#   Increase physical memory or swap space
#   Check if swap backing store is full
#   Use 64 bit Java on a 64 bit OS
#   Decrease Java heap size (-Xmx/-Xms)
#   Decrease number of Java threads
#   Decrease Java thread stack sizes (-Xss)
#   Set larger code cache with -XX:ReservedCodeCacheSize=
# This output file may be truncated or incomplete.
#
#  Out of Memory Error (allocation.cpp:390), pid=16520, tid=0x0000000000001568
#
# JRE version: Java(TM) SE Runtime Environment (8.0_121-b13) (build 1.8.0_121-b13)
# Java VM: Java HotSpot(TM) 64-Bit Server VM (25.121-b13 mixed mode windows-amd64 compressed oops)
# Failed to write core dump. Minidumps are not enabled by default on client versions of Windows
#

---------------  T H R E A D  ---------------

Current thread (0x00000000171c2000):  JavaThread "C2 CompilerThread0" daemon [_thread_in_native, id=5480, stack(0x0000000018810000,0x0000000018910000)]

Stack: [0x0000000018810000,0x0000000018910000]
[error occurred during error reporting (printing stack bounds), id 0xc0000005]

Native frames: (J=compiled Java code, j=interpreted, Vv=VM code, C=native code)


Current CompileTask:
C2:  12214 4161       4       org.gradle.model.internal.type.ModelType::wrap (219 bytes)


---------------  P R O C E S S  ---------------

Java Threads: ( => current thread )
  0x000000001a144000 JavaThread "Cache worker for task history cache (D:\PharmIT-Billing\.gradle\3.5\taskHistory)" [_thread_blocked, id=14020, stack(0x0000000022480000,0x0000000022580000)]
  0x000000001a145800 JavaThread "Memory manager" [_thread_blocked, id=7328, stack(0x000000001fbb0000,0x000000001fcb0000)]
  0x000000001a147000 JavaThread "Cache worker for Artifact transforms cache (C:\Users\User\.gradle\caches\transforms-1)" [_thread_blocked, id=17840, stack(0x000000001e270000,0x000000001e370000)]
  0x000000001a149800 JavaThread "File lock request listener" [_thread_in_native, id=3208, stack(0x000000001cba0000,0x000000001cca0000)]
  0x000000001a145000 JavaThread "Cache worker for file hash cache (C:\Users\User\.gradle\caches\3.5\fileHashes)" [_thread_blocked, id=11728, stack(0x000000001caa0000,0x000000001cba0000)]
  0x0000000019cfd800 JavaThread "Stdin handler" [_thread_blocked, id=9276, stack(0x000000001c9a0000,0x000000001caa0000)]
  0x000000001a33c000 JavaThread "Asynchronous log dispatcher for DefaultDaemonConnection: socket connection from /127.0.0.1:50680 to /127.0.0.1:50681" [_thread_blocked, id=7600, stack(0x000000001c8a0000,0x000000001c9a0000)]
  0x000000001a327800 JavaThread "Daemon worker" [_thread_in_vm, id=15168, stack(0x000000001c7a0000,0x000000001c8a0000)]
  0x000000001a33e800 JavaThread "Cancel handler" [_thread_blocked, id=18008, stack(0x000000001c6a0000,0x000000001c7a0000)]
  0x0000000019e50000 JavaThread "Handler for socket connection from /127.0.0.1:50680 to /127.0.0.1:50681" [_thread_in_native, id=15076, stack(0x000000001c3a0000,0x000000001c4a0000)]
  0x0000000019e4f000 JavaThread "Daemon" [_thread_blocked, id=4764, stack(0x000000001c2a0000,0x000000001c3a0000)]
  0x000000001a0ca800 JavaThread "Daemon periodic checks" [_thread_blocked, id=18376, stack(0x000000001c1a0000,0x000000001c2a0000)]
  0x0000000019ee7000 JavaThread "Incoming local TCP Connector on port 50680" [_thread_in_native, id=13512, stack(0x000000001ad50000,0x000000001ae50000)]
  0x0000000019bb1000 JavaThread "Daemon health stats" [_thread_blocked, id=5700, stack(0x000000001a8e0000,0x000000001a9e0000)]
  0x0000000018b38800 JavaThread "Service Thread" daemon [_thread_blocked, id=14064, stack(0x0000000018f10000,0x0000000019010000)]
  0x00000000171cc000 JavaThread "C1 CompilerThread2" daemon [_thread_blocked, id=13420, stack(0x0000000018a10000,0x0000000018b10000)]
  0x00000000171c8800 JavaThread "C2 CompilerThread1" daemon [_thread_in_native, id=16804, stack(0x0000000018910000,0x0000000018a10000)]
=>0x00000000171c2000 JavaThread "C2 CompilerThread0" daemon [_thread_in_native, id=5480, stack(0x0000000018810000,0x0000000018910000)]
  0x00000000171be800 JavaThread "Attach Listener" daemon [_thread_blocked, id=16064, stack(0x0000000018710000,0x0000000018810000)]
  0x00000000171bb800 JavaThread "Signal Dispatcher" daemon [_thread_blocked, id=15756, stack(0x0000000018610000,0x0000000018710000)]
  0x00000000171aa800 JavaThread "Finalizer" daemon [_thread_blocked, id=17388, stack(0x0000000018410000,0x0000000018510000)]
  0x0000000002590000 JavaThread "Reference Handler" daemon [_thread_blocked, id=15588, stack(0x0000000018310000,0x0000000018410000)]
  0x00000000024a2800 JavaThread "main" [_thread_blocked, id=18352, stack(0x0000000002330000,0x0000000002430000)]

Other Threads:
  0x0000000017188000 VMThread [stack: 0x0000000018210000,0x0000000018310000] [id=4788]
  0x0000000018b3b800 WatcherThread [stack: 0x0000000019010000,0x0000000019110000] [id=17100]

VM state:not at safepoint (normal execution)

VM Mutex/Monitor currently owned by a thread: None

Heap:
 PSYoungGen      total 73728K, used 14084K [0x00000000d5580000, 0x00000000db200000, 0x0000000100000000)
  eden space 61440K, 22% used [0x00000000d5580000,0x00000000d63412f0,0x00000000d9180000)
  from space 12288K, 0% used [0x00000000d9f80000,0x00000000d9f80000,0x00000000dab80000)
  to   space 14336K, 0% used [0x00000000d9180000,0x00000000d9180000,0x00000000d9f80000)
 ParOldGen       total 66560K, used 19705K [0x0000000080000000, 0x0000000084100000, 0x00000000d5580000)
  object space 66560K, 29% used [0x0000000080000000,0x000000008133e5a8,0x0000000084100000)
 Metaspace       used 35568K, capacity 36090K, committed 36440K, reserved 1081344K
  class space    used 4976K, capacity 5149K, committed 5248K, reserved 1048576K

Card table byte_map: [0x0000000011960000,0x0000000011d70000] byte_map_base: 0x0000000011560000

Marking Bits: (ParMarkBitMap*) 0x0000000065e6b6d0
 Begin Bits: [0x0000000012420000, 0x0000000014420000)
 End Bits:   [0x0000000014420000, 0x0000000016420000)

Polling page: 0x00000000005f0000

CodeCache: size=245760Kb used=15154Kb max_used=15154Kb free=230605Kb
 bounds [0x00000000025a0000, 0x0000000003480000, 0x00000000115a0000]
 total_blobs=4914 nmethods=4233 adapters=592
 compilation: enabled

Compilation events (10 events):
Event: 12.206 Thread 0x00000000171cc000 4515       3       org.codehaus.groovy.reflection.CachedClass::getFields (11 bytes)
Event: 12.206 Thread 0x00000000171cc000 nmethod 4515 0x00000000034767d0 code [0x0000000003476940, 0x0000000003476c48]
Event: 12.206 Thread 0x00000000171cc000 4516       3       groovy.lang.MetaClassImpl$Index::put (10 bytes)
Event: 12.207 Thread 0x00000000171cc000 nmethod 4516 0x0000000003476d10 code [0x0000000003476e80, 0x00000000034770a8]
Event: 12.207 Thread 0x00000000171cc000 4517       3       org.codehaus.groovy.reflection.CachedField::isStatic (8 bytes)
Event: 12.207 Thread 0x00000000171cc000 nmethod 4517 0x0000000003477190 code [0x0000000003477300, 0x0000000003477610]
Event: 12.207 Thread 0x00000000171cc000 4518  s    3       java.util.Hashtable::containsKey (65 bytes)
Event: 12.207 Thread 0x00000000171cc000 nmethod 4518 0x0000000003477710 code [0x00000000034778a0, 0x0000000003477ed8]
Event: 12.211 Thread 0x00000000171cc000 4519       3       org.gradle.api.internal.project.DefaultProject::getPath (8 bytes)
Event: 12.211 Thread 0x00000000171cc000 nmethod 4519 0x0000000003478150 code [0x00000000034782c0, 0x00000000034784b0]

GC Heap History (10 events):
Event: 8.646 GC heap before
{Heap before GC invocations=8 (full 1):
 PSYoungGen      total 58368K, used 52532K [0x00000000d5580000, 0x00000000d9a00000, 0x0000000100000000)
  eden space 47616K, 100% used [0x00000000d5580000,0x00000000d8400000,0x00000000d8400000)
  from space 10752K, 45% used [0x00000000d8e80000,0x00000000d934d190,0x00000000d9900000)
  to   space 10752K, 0% used [0x00000000d8400000,0x00000000d8400000,0x00000000d8e80000)
 ParOldGen       total 66560K, used 9650K [0x0000000080000000, 0x0000000084100000, 0x00000000d5580000)
  object space 66560K, 14% used [0x0000000080000000,0x000000008096cbc0,0x0000000084100000)
 Metaspace       used 28823K, capacity 29332K, committed 29568K, reserved 1075200K
  class space    used 4006K, capacity 4162K, committed 4224K, reserved 1048576K
Event: 8.657 GC heap after
Heap after GC invocations=8 (full 1):
 PSYoungGen      total 58368K, used 7083K [0x00000000d5580000, 0x00000000d9a00000, 0x0000000100000000)
  eden space 47616K, 0% used [0x00000000d5580000,0x00000000d5580000,0x00000000d8400000)
  from space 10752K, 65% used [0x00000000d8400000,0x00000000d8aeac40,0x00000000d8e80000)
  to   space 10752K, 0% used [0x00000000d8e80000,0x00000000d8e80000,0x00000000d9900000)
 ParOldGen       total 66560K, used 9658K [0x0000000080000000, 0x0000000084100000, 0x00000000d5580000)
  object space 66560K, 14% used [0x0000000080000000,0x000000008096ebc0,0x0000000084100000)
 Metaspace       used 28823K, capacity 29332K, committed 29568K, reserved 1075200K
  class space    used 4006K, capacity 4162K, committed 4224K, reserved 1048576K
}
Event: 10.194 GC heap before
{Heap before GC invocations=9 (full 1):
 PSYoungGen      total 58368K, used 54699K [0x00000000d5580000, 0x00000000d9a00000, 0x0000000100000000)
  eden space 47616K, 100% used [0x00000000d5580000,0x00000000d8400000,0x00000000d8400000)
  from space 10752K, 65% used [0x00000000d8400000,0x00000000d8aeac40,0x00000000d8e80000)
  to   space 10752K, 0% used [0x00000000d8e80000,0x00000000d8e80000,0x00000000d9900000)
 ParOldGen       total 66560K, used 9658K [0x0000000080000000, 0x0000000084100000, 0x00000000d5580000)
  object space 66560K, 14% used [0x0000000080000000,0x000000008096ebc0,0x0000000084100000)
 Metaspace       used 29998K, capacity 30536K, committed 30720K, reserved 1075200K
  class space    used 4128K, capacity 4264K, committed 4352K, reserved 1048576K
Event: 10.208 GC heap after
Heap after GC invocations=9 (full 1):
 PSYoungGen      total 58368K, used 8894K [0x00000000d5580000, 0x00000000d9a00000, 0x0000000100000000)
  eden space 47616K, 0% used [0x00000000d5580000,0x00000000d5580000,0x00000000d8400000)
  from space 10752K, 82% used [0x00000000d8e80000,0x00000000d972fa90,0x00000000d9900000)
  to   space 10752K, 0% used [0x00000000d8400000,0x00000000d8400000,0x00000000d8e80000)
 ParOldGen       total 66560K, used 9666K [0x0000000080000000, 0x0000000084100000, 0x00000000d5580000)
  object space 66560K, 14% used [0x0000000080000000,0x0000000080970bc0,0x0000000084100000)
 Metaspace       used 29998K, capacity 30536K, committed 30720K, reserved 1075200K
  class space    used 4128K, capacity 4264K, committed 4352K, reserved 1048576K
}
Event: 11.154 GC heap before
{Heap before GC invocations=10 (full 1):
 PSYoungGen      total 58368K, used 56510K [0x00000000d5580000, 0x00000000d9a00000, 0x0000000100000000)
  eden space 47616K, 100% used [0x00000000d5580000,0x00000000d8400000,0x00000000d8400000)
  from space 10752K, 82% used [0x00000000d8e80000,0x00000000d972fa90,0x00000000d9900000)
  to   space 10752K, 0% used [0x00000000d8400000,0x00000000d8400000,0x00000000d8e80000)
 ParOldGen       total 66560K, used 9666K [0x0000000080000000, 0x0000000084100000, 0x00000000d5580000)
  object space 66560K, 14% used [0x0000000080000000,0x0000000080970bc0,0x0000000084100000)
 Metaspace       used 32401K, capacity 32916K, committed 33024K, reserved 1077248K
  class space    used 4465K, capacity 4587K, committed 4608K, reserved 1048576K
Event: 11.178 GC heap after
Heap after GC invocations=10 (full 1):
 PSYoungGen      total 58368K, used 10722K [0x00000000d5580000, 0x00000000dab80000, 0x0000000100000000)
  eden space 47616K, 0% used [0x00000000d5580000,0x00000000d5580000,0x00000000d8400000)
  from space 10752K, 99% used [0x00000000d8400000,0x00000000d8e788e0,0x00000000d8e80000)
  to   space 12288K, 0% used [0x00000000d9f80000,0x00000000d9f80000,0x00000000dab80000)
 ParOldGen       total 66560K, used 9925K [0x0000000080000000, 0x0000000084100000, 0x00000000d5580000)
  object space 66560K, 14% used [0x0000000080000000,0x00000000809b1778,0x0000000084100000)
 Metaspace       used 32401K, capacity 32916K, committed 33024K, reserved 1077248K
  class space    used 4465K, capacity 4587K, committed 4608K, reserved 1048576K
}
Event: 11.826 GC heap before
{Heap before GC invocations=11 (full 1):
 PSYoungGen      total 58368K, used 54189K [0x00000000d5580000, 0x00000000dab80000, 0x0000000100000000)
  eden space 47616K, 91% used [0x00000000d5580000,0x00000000d7ff2e48,0x00000000d8400000)
  from space 10752K, 99% used [0x00000000d8400000,0x00000000d8e788e0,0x00000000d8e80000)
  to   space 12288K, 0% used [0x00000000d9f80000,0x00000000d9f80000,0x00000000dab80000)
 ParOldGen       total 66560K, used 9925K [0x0000000080000000, 0x0000000084100000, 0x00000000d5580000)
  object space 66560K, 14% used [0x0000000080000000,0x00000000809b1778,0x0000000084100000)
 Metaspace       used 34818K, capacity 35336K, committed 35416K, reserved 1079296K
  class space    used 4861K, capacity 4985K, committed 4992K, reserved 1048576K
Event: 11.849 GC heap after
Heap after GC invocations=11 (full 1):
 PSYoungGen      total 73728K, used 12267K [0x00000000d5580000, 0x00000000db200000, 0x0000000100000000)
  eden space 61440K, 0% used [0x00000000d5580000,0x00000000d5580000,0x00000000d9180000)
  from space 12288K, 99% used [0x00000000d9f80000,0x00000000dab7ac08,0x00000000dab80000)
  to   space 14336K, 0% used [0x00000000d9180000,0x00000000d9180000,0x00000000d9f80000)
 ParOldGen       total 66560K, used 11014K [0x0000000080000000, 0x0000000084100000, 0x00000000d5580000)
  object space 66560K, 16% used [0x0000000080000000,0x0000000080ac1900,0x0000000084100000)
 Metaspace       used 34818K, capacity 35336K, committed 35416K, reserved 1079296K
  class space    used 4861K, capacity 4985K, committed 4992K, reserved 1048576K
}
Event: 11.849 GC heap before
{Heap before GC invocations=12 (full 2):
 PSYoungGen      total 73728K, used 12267K [0x00000000d5580000, 0x00000000db200000, 0x0000000100000000)
  eden space 61440K, 0% used [0x00000000d5580000,0x00000000d5580000,0x00000000d9180000)
  from space 12288K, 99% used [0x00000000d9f80000,0x00000000dab7ac08,0x00000000dab80000)
  to   space 14336K, 0% used [0x00000000d9180000,0x00000000d9180000,0x00000000d9f80000)
 ParOldGen       total 66560K, used 11014K [0x0000000080000000, 0x0000000084100000, 0x00000000d5580000)
  object space 66560K, 16% used [0x0000000080000000,0x0000000080ac1900,0x0000000084100000)
 Metaspace       used 34818K, capacity 35336K, committed 35416K, reserved 1079296K
  class space    used 4861K, capacity 4985K, committed 4992K, reserved 1048576K
Event: 12.003 GC heap after
Heap after GC invocations=12 (full 2):
 PSYoungGen      total 73728K, used 0K [0x00000000d5580000, 0x00000000db200000, 0x0000000100000000)
  eden space 61440K, 0% used [0x00000000d5580000,0x00000000d5580000,0x00000000d9180000)
  from space 12288K, 0% used [0x00000000d9f80000,0x00000000d9f80000,0x00000000dab80000)
  to   space 14336K, 0% used [0x00000000d9180000,0x00000000d9180000,0x00000000d9f80000)
 ParOldGen       total 66560K, used 19705K [0x0000000080000000, 0x0000000084100000, 0x00000000d5580000)
  object space 66560K, 29% used [0x0000000080000000,0x000000008133e5a8,0x0000000084100000)
 Metaspace       used 34818K, capacity 35336K, committed 35416K, reserved 1079296K
  class space    used 4861K, capacity 4985K, committed 4992K, reserved 1048576K
}

Deoptimization events (10 events):
Event: 11.694 Thread 0x000000001a327800 Uncommon trap: reason=bimorphic action=maybe_recompile pc=0x00000000031713b0 method=java.lang.ClassLoader.getPackage(Ljava/lang/String;)Ljava/lang/Package; @ 47
Event: 11.723 Thread 0x000000001a327800 Uncommon trap: reason=unstable_if action=reinterpret pc=0x00000000032d4fa0 method=groovy.lang.MetaClassImpl$1MOPIter.methodNameAction(Ljava/lang/Class;Lorg/codehaus/groovy/runtime/metaclass/MetaMethodIndex$Entry;)V @ 354
Event: 11.798 Thread 0x000000001a327800 Uncommon trap: reason=class_check action=maybe_recompile pc=0x0000000002dff9ac method=java.util.concurrent.ConcurrentHashMap.putVal(Ljava/lang/Object;Ljava/lang/Object;Z)Ljava/lang/Object; @ 192
Event: 12.124 Thread 0x000000001a327800 Uncommon trap: reason=unstable_if action=reinterpret pc=0x0000000003339f04 method=java.util.regex.Pattern$CharProperty.match(Ljava/util/regex/Matcher;ILjava/lang/CharSequence;)Z @ 40
Event: 12.170 Thread 0x000000001a327800 Uncommon trap: reason=class_check action=maybe_recompile pc=0x0000000002f3a404 method=java.util.Hashtable.get(Ljava/lang/Object;)Ljava/lang/Object; @ 6
Event: 12.171 Thread 0x000000001a327800 Uncommon trap: reason=class_check action=maybe_recompile pc=0x0000000002f3a404 method=java.util.Hashtable.get(Ljava/lang/Object;)Ljava/lang/Object; @ 6
Event: 12.171 Thread 0x000000001a327800 Uncommon trap: reason=class_check action=maybe_recompile pc=0x0000000002f3a404 method=java.util.Hashtable.get(Ljava/lang/Object;)Ljava/lang/Object; @ 6
Event: 12.171 Thread 0x000000001a327800 Uncommon trap: reason=class_check action=maybe_recompile pc=0x0000000002f3a404 method=java.util.Hashtable.get(Ljava/lang/Object;)Ljava/lang/Object; @ 6
Event: 12.187 Thread 0x000000001a327800 Uncommon trap: reason=unstable_if action=reinterpret pc=0x0000000002750368 method=java.lang.String.replace(CC)Ljava/lang/String; @ 2
Event: 12.191 Thread 0x000000001a327800 Uncommon trap: reason=bimorphic action=maybe_recompile pc=0x0000000003201ef8 method=org.codehaus.groovy.runtime.metaclass.MetaMethodIndex.addMethodToList(Ljava/lang/Object;Lgroovy/lang/MetaMethod;)Ljava/lang/Object; @ 89

Internal exceptions (10 events):
Event: 12.193 Thread 0x000000001a327800 Exception <a 'java/lang/ClassNotFoundException': org/gradle/api/internal/project/DefaultAntBuilderBeanInfo> (0x00000000d60fbcc8) thrown at [C:\re\workspace\8-2-build-windows-amd64-cygwin\jdk8u121\8372\hotspot\src\share\vm\classfile\systemDictionary.cpp, l
Event: 12.194 Thread 0x000000001a327800 Exception <a 'java/lang/ClassNotFoundException': org/gradle/api/internal/project/ant/BasicAntBuilderBeanInfo> (0x00000000d612fd00) thrown at [C:\re\workspace\8-2-build-windows-amd64-cygwin\jdk8u121\8372\hotspot\src\share\vm\classfile\systemDictionary.cpp,
Event: 12.195 Thread 0x000000001a327800 Exception <a 'java/lang/ClassNotFoundException': org/gradle/api/AntBuilderBeanInfo> (0x00000000d6154230) thrown at [C:\re\workspace\8-2-build-windows-amd64-cygwin\jdk8u121\8372\hotspot\src\share\vm\classfile\systemDictionary.cpp, line 210]
Event: 12.196 Thread 0x000000001a327800 Exception <a 'java/lang/ClassNotFoundException': groovy/util/AntBuilderBeanInfo> (0x00000000d6177670) thrown at [C:\re\workspace\8-2-build-windows-amd64-cygwin\jdk8u121\8372\hotspot\src\share\vm\classfile\systemDictionary.cpp, line 210]
Event: 12.197 Thread 0x000000001a327800 Exception <a 'java/lang/ClassNotFoundException': groovy/util/BuilderSupportBeanInfo> (0x00000000d619c6d8) thrown at [C:\re\workspace\8-2-build-windows-amd64-cygwin\jdk8u121\8372\hotspot\src\share\vm\classfile\systemDictionary.cpp, line 210]
Event: 12.198 Thread 0x000000001a327800 Exception <a 'java/lang/ClassNotFoundException': groovy/util/BuilderSupportCustomizer> (0x00000000d61c38f8) thrown at [C:\re\workspace\8-2-build-windows-amd64-cygwin\jdk8u121\8372\hotspot\src\share\vm\classfile\systemDictionary.cpp, line 210]
Event: 12.199 Thread 0x000000001a327800 Exception <a 'java/lang/ClassNotFoundException': groovy/util/AntBuilderCustomizer> (0x00000000d61eb010) thrown at [C:\re\workspace\8-2-build-windows-amd64-cygwin\jdk8u121\8372\hotspot\src\share\vm\classfile\systemDictionary.cpp, line 210]
Event: 12.200 Thread 0x000000001a327800 Exception <a 'java/lang/ClassNotFoundException': org/gradle/api/AntBuilderCustomizer> (0x00000000d6217528) thrown at [C:\re\workspace\8-2-build-windows-amd64-cygwin\jdk8u121\8372\hotspot\src\share\vm\classfile\systemDictionary.cpp, line 210]
Event: 12.202 Thread 0x000000001a327800 Exception <a 'java/lang/ClassNotFoundException': org/gradle/api/internal/project/ant/BasicAntBuilderCustomizer> (0x00000000d6258f50) thrown at [C:\re\workspace\8-2-build-windows-amd64-cygwin\jdk8u121\8372\hotspot\src\share\vm\classfile\systemDictionary.cp
Event: 12.204 Thread 0x000000001a327800 Exception <a 'java/lang/ClassNotFoundException': org/gradle/api/internal/project/DefaultAntBuilderCustomizer> (0x00000000d62a1f28) thrown at [C:\re\workspace\8-2-build-windows-amd64-cygwin\jdk8u121\8372\hotspot\src\share\vm\classfile\systemDictionary.cpp,

Events (10 events):
Event: 12.208 Thread 0x000000001a327800 DEOPT PACKING pc=0x0000000003466a4e sp=0x000000001c8973e0
Event: 12.208 Thread 0x000000001a327800 DEOPT UNPACKING pc=0x00000000025e787f sp=0x000000001c8970f0 mode 0
Event: 12.209 loading class org/gradle/api/internal/file/ant/BaseDirSelector
Event: 12.209 loading class org/gradle/api/internal/file/ant/BaseDirSelector done
Event: 12.209 loading class org/apache/tools/ant/types/selectors/FileSelector
Event: 12.209 loading class org/apache/tools/ant/types/selectors/FileSelector done
Event: 12.210 loading class org/gradle/internal/service/scopes/ProjectScopeServices$4
Event: 12.210 loading class org/gradle/internal/service/scopes/ProjectScopeServices$4 done
Event: 12.211 loading class org/gradle/api/internal/artifacts/dsl/DefaultArtifactHandler
Event: 12.211 loading class org/gradle/api/internal/artifacts/dsl/DefaultArtifactHandler done


Dynamic libraries:
0x00007ff690b30000 - 0x00007ff690b67000 	C:\Program Files\Java\jdk1.8.0_121\bin\java.exe
0x00007fff34790000 - 0x00007fff34988000 	C:\WINDOWS\SYSTEM32\ntdll.dll
0x00007fff33b70000 - 0x00007fff33c2d000 	C:\WINDOWS\System32\KERNEL32.DLL
0x00007fff320d0000 - 0x00007fff3239e000 	C:\WINDOWS\System32\KERNELBASE.dll
0x00007fff33f80000 - 0x00007fff3402e000 	C:\WINDOWS\System32\ADVAPI32.dll
0x00007fff34460000 - 0x00007fff344fe000 	C:\WINDOWS\System32\msvcrt.dll
0x00007fff346b0000 - 0x00007fff3474c000 	C:\WINDOWS\System32\sechost.dll
0x00007fff34330000 - 0x00007fff34455000 	C:\WINDOWS\System32\RPCRT4.dll
0x00007fff33de0000 - 0x00007fff33f80000 	C:\WINDOWS\System32\USER32.dll
0x00007fff32610000 - 0x00007fff32632000 	C:\WINDOWS\System32\win32u.dll
0x00007fff327f0000 - 0x00007fff3281a000 	C:\WINDOWS\System32\GDI32.dll
0x00007fff32430000 - 0x00007fff3253b000 	C:\WINDOWS\System32\gdi32full.dll
0x00007fff32570000 - 0x00007fff3260d000 	C:\WINDOWS\System32\msvcp_win.dll
0x00007fff32640000 - 0x00007fff32740000 	C:\WINDOWS\System32\ucrtbase.dll
0x00007fff217f0000 - 0x00007fff21a8a000 	C:\WINDOWS\WinSxS\amd64_microsoft.windows.common-controls_6595b64144ccf1df_6.0.19041.1110_none_60b5254171f9507e\COMCTL32.dll
0x00007fff34500000 - 0x00007fff34530000 	C:\WINDOWS\System32\IMM32.DLL
0x0000000066890000 - 0x0000000066962000 	C:\Program Files\Java\jdk1.8.0_121\jre\bin\msvcr100.dll
0x0000000065650000 - 0x0000000065eeb000 	C:\Program Files\Java\jdk1.8.0_121\jre\bin\server\jvm.dll
0x00007fff34030000 - 0x00007fff34038000 	C:\WINDOWS\System32\PSAPI.DLL
0x00007fff230b0000 - 0x00007fff230ba000 	C:\WINDOWS\SYSTEM32\VERSION.dll
0x00007fff1f6d0000 - 0x00007fff1f6d9000 	C:\WINDOWS\SYSTEM32\WSOCK32.dll
0x00007fff21a90000 - 0x00007fff21ab7000 	C:\WINDOWS\SYSTEM32\WINMM.dll
0x00007fff33d60000 - 0x00007fff33dcb000 	C:\WINDOWS\System32\ws2_32.DLL
0x0000000066880000 - 0x000000006688f000 	C:\Program Files\Java\jdk1.8.0_121\jre\bin\verify.dll
0x0000000066850000 - 0x0000000066879000 	C:\Program Files\Java\jdk1.8.0_121\jre\bin\java.dll
0x0000000066830000 - 0x0000000066846000 	C:\Program Files\Java\jdk1.8.0_121\jre\bin\zip.dll
0x00007fff329d0000 - 0x00007fff33114000 	C:\WINDOWS\System32\SHELL32.dll
0x00007fff2fba0000 - 0x00007fff30334000 	C:\WINDOWS\SYSTEM32\windows.storage.dll
0x00007fff332e0000 - 0x00007fff33634000 	C:\WINDOWS\System32\combase.dll
0x00007fff31760000 - 0x00007fff31790000 	C:\WINDOWS\SYSTEM32\Wldp.dll
0x00007fff33ac0000 - 0x00007fff33b6d000 	C:\WINDOWS\System32\SHCORE.dll
0x00007fff34650000 - 0x00007fff346a5000 	C:\WINDOWS\System32\shlwapi.dll
0x00007fff31df0000 - 0x00007fff31e0f000 	C:\WINDOWS\SYSTEM32\profapi.dll
0x0000000066810000 - 0x000000006682a000 	C:\Program Files\Java\jdk1.8.0_121\jre\bin\net.dll
0x00007fff31540000 - 0x00007fff315aa000 	C:\WINDOWS\system32\mswsock.dll
0x00000000667f0000 - 0x0000000066801000 	C:\Program Files\Java\jdk1.8.0_121\jre\bin\nio.dll
0x00007fff28d50000 - 0x00007fff28d6e000 	C:\Users\User\.gradle\native\25\windows-amd64\native-platform.dll
0x00007fff317a0000 - 0x00007fff317b8000 	C:\WINDOWS\SYSTEM32\CRYPTSP.dll
0x00007fff30ee0000 - 0x00007fff30f14000 	C:\WINDOWS\system32\rsaenh.dll
0x00007fff32540000 - 0x00007fff32567000 	C:\WINDOWS\System32\bcrypt.dll
0x00007fff31db0000 - 0x00007fff31dde000 	C:\WINDOWS\SYSTEM32\USERENV.dll
0x00007fff323a0000 - 0x00007fff32422000 	C:\WINDOWS\System32\bcryptprimitives.dll
0x00007fff316d0000 - 0x00007fff316dc000 	C:\WINDOWS\SYSTEM32\CRYPTBASE.dll
0x00007fff31250000 - 0x00007fff3128b000 	C:\WINDOWS\SYSTEM32\IPHLPAPI.DLL
0x00007fff33ab0000 - 0x00007fff33ab8000 	C:\WINDOWS\System32\NSI.dll
0x00007fff25eb0000 - 0x00007fff25ec7000 	C:\WINDOWS\SYSTEM32\dhcpcsvc6.DLL
0x00007fff26b10000 - 0x00007fff26b2d000 	C:\WINDOWS\SYSTEM32\dhcpcsvc.DLL
0x00007fff31290000 - 0x00007fff3135b000 	C:\WINDOWS\SYSTEM32\DNSAPI.dll
0x00000000667e0000 - 0x00000000667ed000 	C:\Program Files\Java\jdk1.8.0_121\jre\bin\management.dll

VM Arguments:
jvm_args: -XX:MaxPermSize=512m -XX:+HeapDumpOnOutOfMemoryError -Xmx2048m -Dfile.encoding=UTF-8 -Duser.country=IN -Duser.language=en -Duser.variant 
java_command: org.gradle.launcher.daemon.bootstrap.GradleDaemon 3.5
java_class_path (initial): C:\Users\User\.gradle\wrapper\dists\gradle-3.5-all\exhrs6ca08n232b14ue48lbye\gradle-3.5\lib\gradle-launcher-3.5.jar
Launcher Type: SUN_STANDARD

Environment Variables:
JAVA_HOME=C:\Program Files\Java\jdk1.8.0_121
PATH=C:\Program Files\Common Files\Oracle\Java\javapath;C:\Python39\Scripts\;C:\Python39\;C:\WINDOWS\system32;C:\WINDOWS;C:\WINDOWS\System32\Wbem;C:\WINDOWS\System32\WindowsPowerShell\v1.0\;C:\WINDOWS\System32\OpenSSH\;C:\Program Files\Git\cmd;C:\Program Files\nodejs\;C:\ProgramData\chocolatey\bin;C:\Program Files\Java\jdk1.8.0_121\bin;C:\hadoop\bin;C:\hadoop\sbin;C:\grails-3.3.6\bin;C:\Program Files\PostgreSQL\14\bin;C:\Program Files\PuTTY\;C:\Program Files\Docker\Docker\resources\bin;C:\ProgramData\DockerDesktop\version-bin;C:\Users\User\AppData\Local\Microsoft\WindowsApps;C:\Users\User\AppData\Roaming\npm;C:\Users\User\AppData\Local\Programs\Microsoft VS Code\bin;C:\Program Files\JetBrains\IntelliJ IDEA 2020.2.4\bin;;
USERNAME=Capulus
OS=Windows_NT
PROCESSOR_IDENTIFIER=Intel64 Family 6 Model 61 Stepping 4, GenuineIntel



---------------  S Y S T E M  ---------------

OS: Windows 10.0 , 64 bit Build 19041 (10.0.19041.1806)

CPU:total 4 (2 cores per cpu, 2 threads per core) family 6 model 61 stepping 4, cmov, cx8, fxsr, mmx, sse, sse2, sse3, ssse3, sse4.1, sse4.2, popcnt, avx, avx2, aes, clmul, erms, rtm, 3dnowpref, lzcnt, ht, tsc, tscinvbit, bmi1, bmi2, adx

Memory: 4k page, physical 8277520k(341884k free), swap 26593948k(4168k free)

vm_info: Java HotSpot(TM) 64-Bit Server VM (25.121-b13) for windows-amd64 JRE (1.8.0_121-b13), built on Dec 12 2016 18:21:36 by "java_re" with MS VC++ 10.0 (VS2010)

time: Thu Jul 21 12:21:48 2022
elapsed time: 12 seconds (0d 0h 0m 12s)

