#
# There is insufficient memory for the Java Runtime Environment to continue.
# Native memory allocation (malloc) failed to allocate 1024816 bytes for Chunk::new
# Possible reasons:
#   The system is out of physical RAM or swap space
#   In 32 bit mode, the process size limit was hit
# Possible solutions:
#   Reduce memory load on the system
#   Increase physical memory or swap space
#   Check if swap backing store is full
#   Use 64 bit Java on a 64 bit OS
#   Decrease Java heap size (-Xmx/-Xms)
#   Decrease number of Java threads
#   Decrease Java thread stack sizes (-Xss)
#   Set larger code cache with -XX:ReservedCodeCacheSize=
# This output file may be truncated or incomplete.
#
#  Out of Memory Error (allocation.cpp:390), pid=17444, tid=0x000000000000292c
#
# JRE version: Java(TM) SE Runtime Environment (8.0_121-b13) (build 1.8.0_121-b13)
# Java VM: Java HotSpot(TM) 64-Bit Server VM (25.121-b13 mixed mode windows-amd64 compressed oops)
# Failed to write core dump. Minidumps are not enabled by default on client versions of Windows
#

---------------  T H R E A D  ---------------

Current thread (0x0000000017e4f800):  JavaThread "C2 CompilerThread0" daemon [_thread_in_native, id=10540, stack(0x00000000194a0000,0x00000000195a0000)]

Stack: [0x00000000194a0000,0x00000000195a0000]
[error occurred during error reporting (printing stack bounds), id 0xc0000005]

Native frames: (J=compiled Java code, j=interpreted, Vv=VM code, C=native code)


Current CompileTask:
C2:  37665 8431       4       org.gradle.api.internal.DefaultDomainObjectSet::iterator (16 bytes)


---------------  P R O C E S S  ---------------

Java Threads: ( => current thread )
  0x0000000021f8c000 JavaThread "Cache worker for file content cache (D:\PharmIT-Billing\.gradle\3.5\fileContent)" [_thread_blocked, id=20192, stack(0x00000000219a0000,0x0000000021aa0000)]
  0x000000001ae7d800 JavaThread "Cache worker for task history cache (D:\PharmIT-Billing\.gradle\3.5\taskHistory)" [_thread_blocked, id=16060, stack(0x00000000232c0000,0x00000000233c0000)]
  0x000000001ae7b000 JavaThread "Memory manager" [_thread_blocked, id=13104, stack(0x00000000230c0000,0x00000000231c0000)]
  0x000000001ae7e800 JavaThread "Cache worker for Artifact transforms cache (C:\Users\User\.gradle\caches\transforms-1)" [_thread_blocked, id=6044, stack(0x0000000020060000,0x0000000020160000)]
  0x000000001ae79000 JavaThread "File lock request listener" [_thread_in_native, id=2660, stack(0x000000001c7f0000,0x000000001c8f0000)]
  0x000000001ae77800 JavaThread "Cache worker for file hash cache (C:\Users\User\.gradle\caches\3.5\fileHashes)" [_thread_blocked, id=19504, stack(0x000000001c6f0000,0x000000001c7f0000)]
  0x000000001a3a7000 JavaThread "Stdin handler" [_thread_blocked, id=17320, stack(0x000000001c5f0000,0x000000001c6f0000)]
  0x000000001a0ec800 JavaThread "Asynchronous log dispatcher for DefaultDaemonConnection: socket connection from /127.0.0.1:55812 to /127.0.0.1:55820" [_thread_blocked, id=19240, stack(0x000000001c4f0000,0x000000001c5f0000)]
  0x000000001a0e7800 JavaThread "Daemon worker" [_thread_blocked, id=17224, stack(0x000000001c3f0000,0x000000001c4f0000)]
  0x0000000019fee800 JavaThread "Cancel handler" [_thread_blocked, id=21008, stack(0x000000001c2f0000,0x000000001c3f0000)]
  0x000000001b158800 JavaThread "Handler for socket connection from /127.0.0.1:55812 to /127.0.0.1:55820" [_thread_in_native, id=18032, stack(0x000000001bff0000,0x000000001c0f0000)]
  0x000000001abf1000 JavaThread "Daemon" [_thread_blocked, id=16004, stack(0x000000001bef0000,0x000000001bff0000)]
  0x000000001b165000 JavaThread "Daemon periodic checks" [_thread_blocked, id=17236, stack(0x000000001bdf0000,0x000000001bef0000)]
  0x00000000199b3800 JavaThread "Incoming local TCP Connector on port 55812" [_thread_in_native, id=17032, stack(0x000000001bbb0000,0x000000001bcb0000)]
  0x000000001ad21000 JavaThread "Daemon health stats" [_thread_blocked, id=21036, stack(0x000000001b8b0000,0x000000001b9b0000)]
  0x0000000017eae800 JavaThread "Service Thread" daemon [_thread_blocked, id=21184, stack(0x0000000019ba0000,0x0000000019ca0000)]
  0x0000000017e59800 JavaThread "C1 CompilerThread2" daemon [_thread_blocked, id=20884, stack(0x00000000196a0000,0x00000000197a0000)]
  0x0000000017e53000 JavaThread "C2 CompilerThread1" daemon [_thread_in_native, id=19208, stack(0x00000000195a0000,0x00000000196a0000)]
=>0x0000000017e4f800 JavaThread "C2 CompilerThread0" daemon [_thread_in_native, id=10540, stack(0x00000000194a0000,0x00000000195a0000)]
  0x0000000017e4e000 JavaThread "Attach Listener" daemon [_thread_blocked, id=1712, stack(0x00000000193a0000,0x00000000194a0000)]
  0x0000000017e4a800 JavaThread "Signal Dispatcher" daemon [_thread_blocked, id=5968, stack(0x00000000192a0000,0x00000000193a0000)]
  0x0000000017e3a800 JavaThread "Finalizer" daemon [_thread_blocked, id=16636, stack(0x00000000190a0000,0x00000000191a0000)]
  0x0000000003220000 JavaThread "Reference Handler" daemon [_thread_blocked, id=7288, stack(0x0000000018fa0000,0x00000000190a0000)]
  0x0000000003132800 JavaThread "main" [_thread_blocked, id=20624, stack(0x0000000003030000,0x0000000003130000)]

Other Threads:
  0x0000000017e18000 VMThread [stack: 0x0000000018ea0000,0x0000000018fa0000] [id=15524]
  0x00000000197d2000 WatcherThread [stack: 0x0000000019ca0000,0x0000000019da0000] [id=12008]

VM state:not at safepoint (normal execution)

VM Mutex/Monitor currently owned by a thread: None

Heap:
 PSYoungGen      total 179712K, used 18169K [0x00000000d5580000, 0x00000000e1700000, 0x0000000100000000)
  eden space 165376K, 2% used [0x00000000d5580000,0x00000000d59424a0,0x00000000df700000)
  from space 14336K, 99% used [0x00000000df700000,0x00000000e04fc010,0x00000000e0500000)
  to   space 13312K, 0% used [0x00000000e0500000,0x00000000e0500000,0x00000000e1200000)
 ParOldGen       total 87040K, used 43635K [0x0000000080000000, 0x0000000085500000, 0x00000000d5580000)
  object space 87040K, 50% used [0x0000000080000000,0x0000000082a9cd18,0x0000000085500000)
 Metaspace       used 45997K, capacity 48855K, committed 48984K, reserved 1091584K
  class space    used 6347K, capacity 6715K, committed 6744K, reserved 1048576K

Card table byte_map: [0x00000000125f0000,0x0000000012a00000] byte_map_base: 0x00000000121f0000

Marking Bits: (ParMarkBitMap*) 0x000000007396b6d0
 Begin Bits: [0x00000000130b0000, 0x00000000150b0000)
 End Bits:   [0x00000000150b0000, 0x00000000170b0000)

Polling page: 0x0000000001860000

CodeCache: size=245760Kb used=27494Kb max_used=27494Kb free=218265Kb
 bounds [0x0000000003230000, 0x0000000004d30000, 0x0000000012230000]
 total_blobs=8426 nmethods=7704 adapters=633
 compilation: enabled

Compilation events (10 events):
Event: 37.435 Thread 0x0000000017e59800 8468       3       org.gradle.api.internal.artifacts.ivyservice.resolveengine.excludes.PatternMatchers::isExactMatcher (7 bytes)
Event: 37.435 Thread 0x0000000017e59800 nmethod 8468 0x0000000004d21750 code [0x0000000004d218c0, 0x0000000004d21ac8]
Event: 37.435 Thread 0x0000000017e59800 8469       3       org.gradle.api.internal.artifacts.ivyservice.resolveengine.excludes.ModuleExclusions::forExclude (173 bytes)
Event: 37.437 Thread 0x0000000017e59800 nmethod 8469 0x0000000004d21b50 code [0x0000000004d21e00, 0x0000000004d230c8]
Event: 37.441 Thread 0x0000000017e59800 8471       3       java.util.regex.Pattern::read (33 bytes)
Event: 37.442 Thread 0x0000000017e59800 nmethod 8471 0x0000000004d239d0 code [0x0000000004d23b40, 0x0000000004d23e08]
Event: 37.446 Thread 0x0000000017e59800 8472       3       com.google.common.cache.LocalCache$Segment::newEntryArray (9 bytes)
Event: 37.446 Thread 0x0000000017e59800 nmethod 8472 0x0000000004d23f50 code [0x0000000004d240c0, 0x0000000004d243d0]
Event: 37.461 Thread 0x0000000017e59800 8473       1       sun.nio.ch.NativeThread::current (2 bytes)
Event: 37.461 Thread 0x0000000017e59800 nmethod 8473 0x0000000004a21f50 code [0x0000000004a220a0, 0x0000000004a22190]

GC Heap History (10 events):
Event: 24.523 GC heap before
{Heap before GC invocations=11 (full 2):
 PSYoungGen      total 104960K, used 9024K [0x00000000d5580000, 0x00000000deb80000, 0x0000000100000000)
  eden space 92160K, 0% used [0x00000000d5580000,0x00000000d5580000,0x00000000daf80000)
  from space 12800K, 70% used [0x00000000daf80000,0x00000000db8502a8,0x00000000dbc00000)
  to   space 12800K, 0% used [0x00000000ddf00000,0x00000000ddf00000,0x00000000deb80000)
 ParOldGen       total 59392K, used 13148K [0x0000000080000000, 0x0000000083a00000, 0x00000000d5580000)
  object space 59392K, 22% used [0x0000000080000000,0x0000000080cd72d0,0x0000000083a00000)
 Metaspace       used 34737K, capacity 35301K, committed 35416K, reserved 1079296K
  class space    used 4727K, capacity 4897K, committed 4952K, reserved 1048576K
Event: 24.642 GC heap after
Heap after GC invocations=11 (full 2):
 PSYoungGen      total 104960K, used 0K [0x00000000d5580000, 0x00000000deb80000, 0x0000000100000000)
  eden space 92160K, 0% used [0x00000000d5580000,0x00000000d5580000,0x00000000daf80000)
  from space 12800K, 0% used [0x00000000daf80000,0x00000000daf80000,0x00000000dbc00000)
  to   space 12800K, 0% used [0x00000000ddf00000,0x00000000ddf00000,0x00000000deb80000)
 ParOldGen       total 87040K, used 18800K [0x0000000080000000, 0x0000000085500000, 0x00000000d5580000)
  object space 87040K, 21% used [0x0000000080000000,0x000000008125c240,0x0000000085500000)
 Metaspace       used 34737K, capacity 35301K, committed 35416K, reserved 1079296K
  class space    used 4727K, capacity 4897K, committed 4952K, reserved 1048576K
}
Event: 26.637 GC heap before
{Heap before GC invocations=12 (full 2):
 PSYoungGen      total 104960K, used 92160K [0x00000000d5580000, 0x00000000deb80000, 0x0000000100000000)
  eden space 92160K, 100% used [0x00000000d5580000,0x00000000daf80000,0x00000000daf80000)
  from space 12800K, 0% used [0x00000000daf80000,0x00000000daf80000,0x00000000dbc00000)
  to   space 12800K, 0% used [0x00000000ddf00000,0x00000000ddf00000,0x00000000deb80000)
 ParOldGen       total 87040K, used 18800K [0x0000000080000000, 0x0000000085500000, 0x00000000d5580000)
  object space 87040K, 21% used [0x0000000080000000,0x000000008125c240,0x0000000085500000)
 Metaspace       used 39418K, capacity 40095K, committed 40280K, reserved 1083392K
  class space    used 5446K, capacity 5617K, committed 5720K, reserved 1048576K
Event: 26.653 GC heap after
Heap after GC invocations=12 (full 2):
 PSYoungGen      total 131584K, used 6368K [0x00000000d5580000, 0x00000000de680000, 0x0000000100000000)
  eden space 123904K, 0% used [0x00000000d5580000,0x00000000d5580000,0x00000000dce80000)
  from space 7680K, 82% used [0x00000000ddf00000,0x00000000de538088,0x00000000de680000)
  to   space 12288K, 0% used [0x00000000dce80000,0x00000000dce80000,0x00000000dda80000)
 ParOldGen       total 87040K, used 18808K [0x0000000080000000, 0x0000000085500000, 0x00000000d5580000)
  object space 87040K, 21% used [0x0000000080000000,0x000000008125e240,0x0000000085500000)
 Metaspace       used 39418K, capacity 40095K, committed 40280K, reserved 1083392K
  class space    used 5446K, capacity 5617K, committed 5720K, reserved 1048576K
}
Event: 29.622 GC heap before
{Heap before GC invocations=13 (full 2):
 PSYoungGen      total 131584K, used 130272K [0x00000000d5580000, 0x00000000de680000, 0x0000000100000000)
  eden space 123904K, 100% used [0x00000000d5580000,0x00000000dce80000,0x00000000dce80000)
  from space 7680K, 82% used [0x00000000ddf00000,0x00000000de538088,0x00000000de680000)
  to   space 12288K, 0% used [0x00000000dce80000,0x00000000dce80000,0x00000000dda80000)
 ParOldGen       total 87040K, used 18808K [0x0000000080000000, 0x0000000085500000, 0x00000000d5580000)
  object space 87040K, 21% used [0x0000000080000000,0x000000008125e240,0x0000000085500000)
 Metaspace       used 42589K, capacity 43379K, committed 43608K, reserved 1087488K
  class space    used 5898K, capacity 6171K, committed 6232K, reserved 1048576K
Event: 29.648 GC heap after
Heap after GC invocations=13 (full 2):
 PSYoungGen      total 136192K, used 11421K [0x00000000d5580000, 0x00000000e1200000, 0x0000000100000000)
  eden space 123904K, 0% used [0x00000000d5580000,0x00000000d5580000,0x00000000dce80000)
  from space 12288K, 92% used [0x00000000dce80000,0x00000000dd9a7470,0x00000000dda80000)
  to   space 13312K, 0% used [0x00000000e0500000,0x00000000e0500000,0x00000000e1200000)
 ParOldGen       total 87040K, used 22708K [0x0000000080000000, 0x0000000085500000, 0x00000000d5580000)
  object space 87040K, 26% used [0x0000000080000000,0x000000008162d0e0,0x0000000085500000)
 Metaspace       used 42589K, capacity 43379K, committed 43608K, reserved 1087488K
  class space    used 5898K, capacity 6171K, committed 6232K, reserved 1048576K
}
Event: 33.259 GC heap before
{Heap before GC invocations=14 (full 2):
 PSYoungGen      total 136192K, used 135325K [0x00000000d5580000, 0x00000000e1200000, 0x0000000100000000)
  eden space 123904K, 100% used [0x00000000d5580000,0x00000000dce80000,0x00000000dce80000)
  from space 12288K, 92% used [0x00000000dce80000,0x00000000dd9a7470,0x00000000dda80000)
  to   space 13312K, 0% used [0x00000000e0500000,0x00000000e0500000,0x00000000e1200000)
 ParOldGen       total 87040K, used 22708K [0x0000000080000000, 0x0000000085500000, 0x00000000d5580000)
  object space 87040K, 26% used [0x0000000080000000,0x000000008162d0e0,0x0000000085500000)
 Metaspace       used 44074K, capacity 45721K, committed 45784K, reserved 1089536K
  class space    used 6066K, capacity 6353K, committed 6360K, reserved 1048576K
Event: 33.315 GC heap after
Heap after GC invocations=14 (full 2):
 PSYoungGen      total 178688K, used 11738K [0x00000000d5580000, 0x00000000e1700000, 0x0000000100000000)
  eden space 165376K, 0% used [0x00000000d5580000,0x00000000d5580000,0x00000000df700000)
  from space 13312K, 88% used [0x00000000e0500000,0x00000000e1076a00,0x00000000e1200000)
  to   space 14336K, 0% used [0x00000000df700000,0x00000000df700000,0x00000000e0500000)
 ParOldGen       total 87040K, used 31824K [0x0000000080000000, 0x0000000085500000, 0x00000000d5580000)
  object space 87040K, 36% used [0x0000000080000000,0x0000000081f14170,0x0000000085500000)
 Metaspace       used 44074K, capacity 45721K, committed 45784K, reserved 1089536K
  class space    used 6066K, capacity 6353K, committed 6360K, reserved 1048576K
}
Event: 37.301 GC heap before
{Heap before GC invocations=15 (full 2):
 PSYoungGen      total 178688K, used 177114K [0x00000000d5580000, 0x00000000e1700000, 0x0000000100000000)
  eden space 165376K, 100% used [0x00000000d5580000,0x00000000df700000,0x00000000df700000)
  from space 13312K, 88% used [0x00000000e0500000,0x00000000e1076a00,0x00000000e1200000)
  to   space 14336K, 0% used [0x00000000df700000,0x00000000df700000,0x00000000e0500000)
 ParOldGen       total 87040K, used 31824K [0x0000000080000000, 0x0000000085500000, 0x00000000d5580000)
  object space 87040K, 36% used [0x0000000080000000,0x0000000081f14170,0x0000000085500000)
 Metaspace       used 45890K, capacity 48759K, committed 48984K, reserved 1091584K
  class space    used 6330K, capacity 6683K, committed 6744K, reserved 1048576K
Event: 37.345 GC heap after
Heap after GC invocations=15 (full 2):
 PSYoungGen      total 179712K, used 14320K [0x00000000d5580000, 0x00000000e1700000, 0x0000000100000000)
  eden space 165376K, 0% used [0x00000000d5580000,0x00000000d5580000,0x00000000df700000)
  from space 14336K, 99% used [0x00000000df700000,0x00000000e04fc010,0x00000000e0500000)
  to   space 13312K, 0% used [0x00000000e0500000,0x00000000e0500000,0x00000000e1200000)
 ParOldGen       total 87040K, used 43635K [0x0000000080000000, 0x0000000085500000, 0x00000000d5580000)
  object space 87040K, 50% used [0x0000000080000000,0x0000000082a9cd18,0x0000000085500000)
 Metaspace       used 45890K, capacity 48759K, committed 48984K, reserved 1091584K
  class space    used 6330K, capacity 6683K, committed 6744K, reserved 1048576K
}

Deoptimization events (10 events):
Event: 37.174 Thread 0x000000001a0e7800 Uncommon trap: reason=unstable_if action=reinterpret pc=0x000000000471a4d0 method=java.util.HashMap.removeNode(ILjava/lang/Object;Ljava/lang/Object;ZZ)Ljava/util/HashMap$Node; @ 133
Event: 37.271 Thread 0x000000001a0e7800 Uncommon trap: reason=class_check action=maybe_recompile pc=0x0000000004298a8c method=org.gradle.model.internal.type.ModelType.wrap(Ljava/lang/reflect/Type;)Lorg/gradle/model/internal/type/TypeWrapper; @ 33
Event: 37.271 Thread 0x000000001a0e7800 Uncommon trap: reason=class_check action=maybe_recompile pc=0x0000000004298bcc method=org.gradle.model.internal.type.ModelType.wrap(Ljava/lang/reflect/Type;)Lorg/gradle/model/internal/type/TypeWrapper; @ 83
Event: 37.273 Thread 0x000000001a0e7800 Uncommon trap: reason=class_check action=maybe_recompile pc=0x0000000004298a8c method=org.gradle.model.internal.type.ModelType.wrap(Ljava/lang/reflect/Type;)Lorg/gradle/model/internal/type/TypeWrapper; @ 33
Event: 37.273 Thread 0x000000001a0e7800 Uncommon trap: reason=class_check action=maybe_recompile pc=0x0000000004298bcc method=org.gradle.model.internal.type.ModelType.wrap(Ljava/lang/reflect/Type;)Lorg/gradle/model/internal/type/TypeWrapper; @ 83
Event: 37.365 Thread 0x000000001a0e7800 Uncommon trap: reason=unstable_if action=reinterpret pc=0x00000000047deba8 method=java.util.TreeSet.add(Ljava/lang/Object;)Z @ 13
Event: 37.384 Thread 0x000000001a0e7800 Uncommon trap: reason=class_check action=maybe_recompile pc=0x0000000004cd8918 method=org.gradle.api.internal.artifacts.ivyservice.resolveengine.graph.DependencyGraphBuilder$ConfigurationNode.isExcluded(Lorg/gradle/api/internal/artifacts/ivyservice/resolv
Event: 37.384 Thread 0x000000001a0e7800 Uncommon trap: reason=class_check action=maybe_recompile pc=0x0000000004cd8918 method=org.gradle.api.internal.artifacts.ivyservice.resolveengine.graph.DependencyGraphBuilder$ConfigurationNode.isExcluded(Lorg/gradle/api/internal/artifacts/ivyservice/resolv
Event: 37.384 Thread 0x000000001a0e7800 Uncommon trap: reason=class_check action=maybe_recompile pc=0x0000000004cd8918 method=org.gradle.api.internal.artifacts.ivyservice.resolveengine.graph.DependencyGraphBuilder$ConfigurationNode.isExcluded(Lorg/gradle/api/internal/artifacts/ivyservice/resolv
Event: 37.384 Thread 0x000000001a0e7800 Uncommon trap: reason=class_check action=maybe_recompile pc=0x0000000004cd8918 method=org.gradle.api.internal.artifacts.ivyservice.resolveengine.graph.DependencyGraphBuilder$ConfigurationNode.isExcluded(Lorg/gradle/api/internal/artifacts/ivyservice/resolv

Internal exceptions (10 events):
Event: 37.077 Thread 0x000000001a0e7800 Exception <a 'java/lang/ClassNotFoundException': org/gradle/api/tasks/Delete_DecoratedBeanInfo> (0x00000000df0eb458) thrown at [C:\re\workspace\8-2-build-windows-amd64-cygwin\jdk8u121\8372\hotspot\src\share\vm\classfile\systemDictionary.cpp, line 210]
Event: 37.078 Thread 0x000000001a0e7800 Exception <a 'java/lang/ClassNotFoundException': org/gradle/api/tasks/DeleteBeanInfo> (0x00000000df0f9388) thrown at [C:\re\workspace\8-2-build-windows-amd64-cygwin\jdk8u121\8372\hotspot\src\share\vm\classfile\systemDictionary.cpp, line 210]
Event: 37.079 Thread 0x000000001a0e7800 Exception <a 'java/lang/ClassNotFoundException': org/gradle/api/tasks/DeleteCustomizer> (0x00000000df107700) thrown at [C:\re\workspace\8-2-build-windows-amd64-cygwin\jdk8u121\8372\hotspot\src\share\vm\classfile\systemDictionary.cpp, line 210]
Event: 37.085 Thread 0x000000001a0e7800 Exception <a 'java/lang/ClassNotFoundException': org/gradle/api/tasks/Delete_DecoratedCustomizer> (0x00000000df12fa18) thrown at [C:\re\workspace\8-2-build-windows-amd64-cygwin\jdk8u121\8372\hotspot\src\share\vm\classfile\systemDictionary.cpp, line 210]
Event: 37.354 Thread 0x000000001a0e7800 Exception <a 'java/lang/ClassNotFoundException': org/gradle/platform/base/BinaryContainer_ImplBeanInfo> (0x00000000d56380e8) thrown at [C:\re\workspace\8-2-build-windows-amd64-cygwin\jdk8u121\8372\hotspot\src\share\vm\classfile\systemDictionary.cpp, line 
Event: 37.354 Thread 0x000000001a0e7800 Exception <a 'java/lang/ClassNotFoundException': org/gradle/model/internal/core/NodeBackedModelMapBeanInfo> (0x00000000d564a020) thrown at [C:\re\workspace\8-2-build-windows-amd64-cygwin\jdk8u121\8372\hotspot\src\share\vm\classfile\systemDictionary.cpp, l
Event: 37.355 Thread 0x000000001a0e7800 Exception <a 'java/lang/ClassNotFoundException': org/gradle/model/internal/core/ModelMapGroovyViewBeanInfo> (0x00000000d565bf58) thrown at [C:\re\workspace\8-2-build-windows-amd64-cygwin\jdk8u121\8372\hotspot\src\share\vm\classfile\systemDictionary.cpp, l
Event: 37.355 Thread 0x000000001a0e7800 Exception <a 'java/lang/ClassNotFoundException': org/gradle/model/internal/core/ModelMapGroovyViewCustomizer> (0x00000000d566ea38) thrown at [C:\re\workspace\8-2-build-windows-amd64-cygwin\jdk8u121\8372\hotspot\src\share\vm\classfile\systemDictionary.cpp,
Event: 37.356 Thread 0x000000001a0e7800 Exception <a 'java/lang/ClassNotFoundException': org/gradle/model/internal/core/NodeBackedModelMapCustomizer> (0x00000000d5694970) thrown at [C:\re\workspace\8-2-build-windows-amd64-cygwin\jdk8u121\8372\hotspot\src\share\vm\classfile\systemDictionary.cpp,
Event: 37.359 Thread 0x000000001a0e7800 Exception <a 'java/lang/ClassNotFoundException': org/gradle/platform/base/BinaryContainer_ImplCustomizer> (0x00000000d56f4138) thrown at [C:\re\workspace\8-2-build-windows-amd64-cygwin\jdk8u121\8372\hotspot\src\share\vm\classfile\systemDictionary.cpp, lin

Events (10 events):
Event: 37.438 loading class org/gradle/api/internal/file/collections/LazilyInitializedFileCollection done
Event: 37.439 loading class org/gradle/api/internal/cache/DefaultFileContentCacheFactory
Event: 37.439 loading class org/gradle/api/internal/cache/DefaultFileContentCacheFactory done
Event: 37.441 loading class org/gradle/api/internal/cache/FileContentCache
Event: 37.441 loading class org/gradle/api/internal/cache/FileContentCache done
Event: 37.444 loading class org/gradle/api/internal/cache/FileContentCacheFactory$Calculator
Event: 37.444 loading class org/gradle/api/internal/cache/FileContentCacheFactory$Calculator done
Event: 37.444 loading class org/gradle/api/internal/tasks/compile/AnnotationProcessorDetector$AnnotationServiceLocator
Event: 37.444 loading class org/gradle/api/internal/tasks/compile/AnnotationProcessorDetector$AnnotationServiceLocator done
Event: 37.446 Thread 0x0000000021f8c000 Thread added: 0x0000000021f8c000


Dynamic libraries:
0x00007ff620f00000 - 0x00007ff620f37000 	C:\Program Files\Java\jdk1.8.0_121\bin\java.exe
0x00007ffab5d50000 - 0x00007ffab5f48000 	C:\WINDOWS\SYSTEM32\ntdll.dll
0x00007ffab46c0000 - 0x00007ffab477d000 	C:\WINDOWS\System32\KERNEL32.DLL
0x00007ffab3ae0000 - 0x00007ffab3dae000 	C:\WINDOWS\System32\KERNELBASE.dll
0x00007ffab3fd0000 - 0x00007ffab407e000 	C:\WINDOWS\System32\ADVAPI32.dll
0x00007ffab5850000 - 0x00007ffab58ee000 	C:\WINDOWS\System32\msvcrt.dll
0x00007ffab49f0000 - 0x00007ffab4a8c000 	C:\WINDOWS\System32\sechost.dll
0x00007ffab5a30000 - 0x00007ffab5b55000 	C:\WINDOWS\System32\RPCRT4.dll
0x00007ffab5b60000 - 0x00007ffab5d00000 	C:\WINDOWS\System32\USER32.dll
0x00007ffab3470000 - 0x00007ffab3492000 	C:\WINDOWS\System32\win32u.dll
0x00007ffab54c0000 - 0x00007ffab54ea000 	C:\WINDOWS\System32\GDI32.dll
0x00007ffab3920000 - 0x00007ffab3a2b000 	C:\WINDOWS\System32\gdi32full.dll
0x00007ffab35a0000 - 0x00007ffab363d000 	C:\WINDOWS\System32\msvcp_win.dll
0x00007ffab34a0000 - 0x00007ffab35a0000 	C:\WINDOWS\System32\ucrtbase.dll
0x00007ffaa2c70000 - 0x00007ffaa2f0a000 	C:\WINDOWS\WinSxS\amd64_microsoft.windows.common-controls_6595b64144ccf1df_6.0.19041.1110_none_60b5254171f9507e\COMCTL32.dll
0x00007ffab4960000 - 0x00007ffab4990000 	C:\WINDOWS\System32\IMM32.DLL
0x00000000739f0000 - 0x0000000073ac2000 	C:\Program Files\Java\jdk1.8.0_121\jre\bin\msvcr100.dll
0x0000000073150000 - 0x00000000739eb000 	C:\Program Files\Java\jdk1.8.0_121\jre\bin\server\jvm.dll
0x00007ffab5a20000 - 0x00007ffab5a28000 	C:\WINDOWS\System32\PSAPI.DLL
0x00007ffaa4000000 - 0x00007ffaa400a000 	C:\WINDOWS\SYSTEM32\VERSION.dll
0x00007ffaa2c40000 - 0x00007ffaa2c67000 	C:\WINDOWS\SYSTEM32\WINMM.dll
0x00007ffaa18d0000 - 0x00007ffaa18d9000 	C:\WINDOWS\SYSTEM32\WSOCK32.dll
0x00007ffab4bf0000 - 0x00007ffab4c5b000 	C:\WINDOWS\System32\WS2_32.dll
0x0000000073140000 - 0x000000007314f000 	C:\Program Files\Java\jdk1.8.0_121\jre\bin\verify.dll
0x0000000073110000 - 0x0000000073139000 	C:\Program Files\Java\jdk1.8.0_121\jre\bin\java.dll
0x00000000730f0000 - 0x0000000073106000 	C:\Program Files\Java\jdk1.8.0_121\jre\bin\zip.dll
0x00007ffab4d70000 - 0x00007ffab54b4000 	C:\WINDOWS\System32\SHELL32.dll
0x00007ffab1160000 - 0x00007ffab18f4000 	C:\WINDOWS\SYSTEM32\windows.storage.dll
0x00007ffab54f0000 - 0x00007ffab5844000 	C:\WINDOWS\System32\combase.dll
0x00007ffab2d20000 - 0x00007ffab2d50000 	C:\WINDOWS\SYSTEM32\Wldp.dll
0x00007ffab41a0000 - 0x00007ffab424d000 	C:\WINDOWS\System32\SHCORE.dll
0x00007ffab3dc0000 - 0x00007ffab3e15000 	C:\WINDOWS\System32\shlwapi.dll
0x00007ffab33b0000 - 0x00007ffab33cf000 	C:\WINDOWS\SYSTEM32\profapi.dll
0x00000000730d0000 - 0x00000000730ea000 	C:\Program Files\Java\jdk1.8.0_121\jre\bin\net.dll
0x00007ffab2b00000 - 0x00007ffab2b6a000 	C:\WINDOWS\system32\mswsock.dll
0x00000000730b0000 - 0x00000000730c1000 	C:\Program Files\Java\jdk1.8.0_121\jre\bin\nio.dll
0x00007ffaa7030000 - 0x00007ffaa704e000 	C:\Users\User\.gradle\native\25\windows-amd64\native-platform.dll
0x00007ffab2d60000 - 0x00007ffab2d78000 	C:\WINDOWS\SYSTEM32\CRYPTSP.dll
0x00007ffab24a0000 - 0x00007ffab24d4000 	C:\WINDOWS\system32\rsaenh.dll
0x00007ffab3740000 - 0x00007ffab3767000 	C:\WINDOWS\System32\bcrypt.dll
0x00007ffab3370000 - 0x00007ffab339e000 	C:\WINDOWS\SYSTEM32\USERENV.dll
0x00007ffab36b0000 - 0x00007ffab3732000 	C:\WINDOWS\System32\bcryptprimitives.dll
0x00007ffab2c90000 - 0x00007ffab2c9c000 	C:\WINDOWS\SYSTEM32\CRYPTBASE.dll
0x00007ffab2810000 - 0x00007ffab284b000 	C:\WINDOWS\SYSTEM32\IPHLPAPI.DLL
0x00007ffab3db0000 - 0x00007ffab3db8000 	C:\WINDOWS\System32\NSI.dll
0x00007ffaaa200000 - 0x00007ffaaa217000 	C:\WINDOWS\SYSTEM32\dhcpcsvc6.DLL
0x00007ffaaa1e0000 - 0x00007ffaaa1fd000 	C:\WINDOWS\SYSTEM32\dhcpcsvc.DLL
0x00007ffab2850000 - 0x00007ffab291a000 	C:\WINDOWS\SYSTEM32\DNSAPI.dll
0x00000000730a0000 - 0x00000000730ad000 	C:\Program Files\Java\jdk1.8.0_121\jre\bin\management.dll
0x0000000073070000 - 0x0000000073094000 	C:\Program Files\Java\jdk1.8.0_121\jre\bin\sunec.dll
0x00007ffaa4a30000 - 0x00007ffaa4a3a000 	C:\Windows\System32\rasadhlp.dll
0x00007ffaa4a40000 - 0x00007ffaa4ac0000 	C:\WINDOWS\System32\fwpuclnt.dll
0x0000000073060000 - 0x000000007306b000 	C:\Program Files\Java\jdk1.8.0_121\jre\bin\sunmscapi.dll
0x00007ffab37c0000 - 0x00007ffab3916000 	C:\WINDOWS\System32\CRYPT32.dll

VM Arguments:
jvm_args: -XX:MaxPermSize=512m -XX:+HeapDumpOnOutOfMemoryError -Xmx2048m -Dfile.encoding=UTF-8 -Duser.country=IN -Duser.language=en -Duser.variant 
java_command: org.gradle.launcher.daemon.bootstrap.GradleDaemon 3.5
java_class_path (initial): C:\Users\User\.gradle\wrapper\dists\gradle-3.5-all\exhrs6ca08n232b14ue48lbye\gradle-3.5\lib\gradle-launcher-3.5.jar
Launcher Type: SUN_STANDARD

Environment Variables:
JAVA_HOME=C:\Program Files\Java\jdk-15.0.2
PATH=C:\Program Files\Common Files\Oracle\Java\javapath;C:\Python39\Scripts\;C:\Python39\;C:\WINDOWS\system32;C:\WINDOWS;C:\WINDOWS\System32\Wbem;C:\WINDOWS\System32\WindowsPowerShell\v1.0\;C:\WINDOWS\System32\OpenSSH\;C:\Program Files\Git\cmd;C:\Program Files\nodejs\;C:\ProgramData\chocolatey\bin;C:\Program Files\Java\jdk1.8.0_121\bin;C:\hadoop\bin;C:\hadoop\sbin;C:\grails-3.3.6\bin;C:\Program Files\PostgreSQL\14\bin;C:\Program Files\PuTTY\;C:\Program Files\Docker\Docker\resources\bin;C:\ProgramData\DockerDesktop\version-bin;C:\Users\User\AppData\Local\Microsoft\WindowsApps;C:\Users\User\AppData\Roaming\npm;C:\Users\User\AppData\Local\Programs\Microsoft VS Code\bin;C:\Program Files\JetBrains\IntelliJ IDEA 2020.2.4\bin;;
USERNAME=Capulus
OS=Windows_NT
PROCESSOR_IDENTIFIER=Intel64 Family 6 Model 61 Stepping 4, GenuineIntel



---------------  S Y S T E M  ---------------

OS: Windows 10.0 , 64 bit Build 19041 (10.0.19041.1889)

CPU:total 4 (2 cores per cpu, 2 threads per core) family 6 model 61 stepping 4, cmov, cx8, fxsr, mmx, sse, sse2, sse3, ssse3, sse4.1, sse4.2, popcnt, avx, avx2, aes, clmul, erms, rtm, 3dnowpref, lzcnt, ht, tsc, tscinvbit, bmi1, bmi2, adx

Memory: 4k page, physical 8277520k(544908k free), swap 26593948k(5184k free)

vm_info: Java HotSpot(TM) 64-Bit Server VM (25.121-b13) for windows-amd64 JRE (1.8.0_121-b13), built on Dec 12 2016 18:21:36 by "java_re" with MS VC++ 10.0 (VS2010)

time: Tue Sep 13 15:40:55 2022
elapsed time: 37 seconds (0d 0h 0m 37s)

