#
# There is insufficient memory for the Java Runtime Environment to continue.
# Native memory allocation (malloc) failed to allocate 1391376 bytes for Chunk::new
# Possible reasons:
#   The system is out of physical RAM or swap space
#   In 32 bit mode, the process size limit was hit
# Possible solutions:
#   Reduce memory load on the system
#   Increase physical memory or swap space
#   Check if swap backing store is full
#   Use 64 bit Java on a 64 bit OS
#   Decrease Java heap size (-Xmx/-Xms)
#   Decrease number of Java threads
#   Decrease Java thread stack sizes (-Xss)
#   Set larger code cache with -XX:ReservedCodeCacheSize=
# This output file may be truncated or incomplete.
#
#  Out of Memory Error (allocation.cpp:390), pid=11656, tid=0x0000000000003e78
#
# JRE version: Java(TM) SE Runtime Environment (8.0_121-b13) (build 1.8.0_121-b13)
# Java VM: Java HotSpot(TM) 64-Bit Server VM (25.121-b13 mixed mode windows-amd64 compressed oops)
# Failed to write core dump. Minidumps are not enabled by default on client versions of Windows
#

---------------  T H R E A D  ---------------

Current thread (0x0000000015303000):  JavaThread "C2 CompilerThread1" daemon [_thread_in_native, id=15992, stack(0x0000000016a80000,0x0000000016b80000)]

Stack: [0x0000000016a80000,0x0000000016b80000]
[error occurred during error reporting (printing stack bounds), id 0xc0000005]

Native frames: (J=compiled Java code, j=interpreted, Vv=VM code, C=native code)


Current CompileTask:
C2:  56919 7673       4       org.gradle.api.internal.artifacts.ivyservice.resolveengine.graph.DependencyGraphBuilder$ModuleVersionSelectorResolveState::resolveModuleRevisionId (145 bytes)


---------------  P R O C E S S  ---------------

Java Threads: ( => current thread )
  0x00000000185e0800 JavaThread "Cache worker for task history cache (D:\PharmIT-Billing\.gradle\3.5\taskHistory)" [_thread_blocked, id=14376, stack(0x000000001f160000,0x000000001f260000)]
  0x00000000185de000 JavaThread "Memory manager" [_thread_blocked, id=16580, stack(0x000000001ef60000,0x000000001f060000)]
  0x00000000185e5000 JavaThread "Cache worker for Artifact transforms cache (C:\Users\User\.gradle\caches\transforms-1)" [_thread_blocked, id=15736, stack(0x000000001d5a0000,0x000000001d6a0000)]
  0x00000000185e4000 JavaThread "File lock request listener" [_thread_in_native, id=3068, stack(0x0000000019cf0000,0x0000000019df0000)]
  0x00000000185e3800 JavaThread "Cache worker for file hash cache (C:\Users\User\.gradle\caches\3.5\fileHashes)" [_thread_blocked, id=5056, stack(0x00000000199d0000,0x0000000019ad0000)]
  0x0000000018890000 JavaThread "Stdin handler" [_thread_blocked, id=4024, stack(0x0000000019bf0000,0x0000000019cf0000)]
  0x000000001744f000 JavaThread "Asynchronous log dispatcher for DefaultDaemonConnection: socket connection from /127.0.0.1:49819 to /127.0.0.1:49821" [_thread_blocked, id=3980, stack(0x0000000019af0000,0x0000000019bf0000)]
  0x00000000181ef800 JavaThread "Daemon worker" [_thread_in_Java, id=14244, stack(0x00000000198d0000,0x00000000199d0000)]
  0x00000000174c2800 JavaThread "Cancel handler" [_thread_blocked, id=16564, stack(0x00000000197d0000,0x00000000198d0000)]
  0x00000000174cd000 JavaThread "Handler for socket connection from /127.0.0.1:49819 to /127.0.0.1:49821" [_thread_in_native, id=18104, stack(0x00000000196d0000,0x00000000197d0000)]
  0x00000000174cc800 JavaThread "Daemon" [_thread_blocked, id=13268, stack(0x00000000195d0000,0x00000000196d0000)]
  0x00000000175fb000 JavaThread "Daemon periodic checks" [_thread_blocked, id=14720, stack(0x00000000192d0000,0x00000000193d0000)]
  0x0000000017579000 JavaThread "Incoming local TCP Connector on port 49819" [_thread_in_native, id=6560, stack(0x0000000019090000,0x0000000019190000)]
  0x0000000016db3800 JavaThread "Daemon health stats" [_thread_blocked, id=1252, stack(0x0000000018d90000,0x0000000018e90000)]
  0x000000001535c000 JavaThread "Service Thread" daemon [_thread_blocked, id=16996, stack(0x0000000017080000,0x0000000017180000)]
  0x0000000015353800 JavaThread "C1 CompilerThread2" daemon [_thread_blocked, id=4380, stack(0x0000000016b80000,0x0000000016c80000)]
=>0x0000000015303000 JavaThread "C2 CompilerThread1" daemon [_thread_in_native, id=15992, stack(0x0000000016a80000,0x0000000016b80000)]
  0x00000000152ff800 JavaThread "C2 CompilerThread0" daemon [_thread_in_native, id=14620, stack(0x0000000016980000,0x0000000016a80000)]
  0x00000000152fe000 JavaThread "Attach Listener" daemon [_thread_blocked, id=14508, stack(0x0000000016880000,0x0000000016980000)]
  0x00000000152fa800 JavaThread "Signal Dispatcher" daemon [_thread_blocked, id=2300, stack(0x0000000016780000,0x0000000016880000)]
  0x0000000002c0b000 JavaThread "Finalizer" daemon [_thread_blocked, id=16500, stack(0x0000000016570000,0x0000000016670000)]
  0x0000000002c00000 JavaThread "Reference Handler" daemon [_thread_blocked, id=10188, stack(0x0000000016470000,0x0000000016570000)]
  0x0000000002b12800 JavaThread "main" [_thread_blocked, id=8756, stack(0x00000000029c0000,0x0000000002ac0000)]

Other Threads:
  0x00000000152c8000 VMThread [stack: 0x0000000016370000,0x0000000016470000] [id=14948]
  0x0000000016c9a800 WatcherThread [stack: 0x0000000017180000,0x0000000017280000] [id=14668]

VM state:not at safepoint (normal execution)

VM Mutex/Monitor currently owned by a thread: None

Heap:
 PSYoungGen      total 199168K, used 162786K [0x00000000eab00000, 0x00000000fdb00000, 0x0000000100000000)
  eden space 184832K, 80% used [0x00000000eab00000,0x00000000f3bfc8e8,0x00000000f5f80000)
  from space 14336K, 99% used [0x00000000f5f80000,0x00000000f6d7c020,0x00000000f6d80000)
  to   space 17408K, 0% used [0x00000000fca00000,0x00000000fca00000,0x00000000fdb00000)
 ParOldGen       total 72704K, used 21213K [0x00000000c0000000, 0x00000000c4700000, 0x00000000eab00000)
  object space 72704K, 29% used [0x00000000c0000000,0x00000000c14b7738,0x00000000c4700000)
 Metaspace       used 40728K, capacity 43238K, committed 43352K, reserved 1087488K
  class space    used 5655K, capacity 5983K, committed 6016K, reserved 1048576K

Card table byte_map: [0x0000000011fd0000,0x00000000121e0000] byte_map_base: 0x00000000119d0000

Marking Bits: (ParMarkBitMap*) 0x0000000076cdb6d0
 Begin Bits: [0x0000000012740000, 0x0000000013740000)
 End Bits:   [0x0000000013740000, 0x0000000014740000)

Polling page: 0x0000000002ac0000

CodeCache: size=245760Kb used=23452Kb max_used=24217Kb free=222307Kb
 bounds [0x0000000002c10000, 0x0000000004410000, 0x0000000011c10000]
 total_blobs=7339 nmethods=6658 adapters=592
 compilation: enabled

Compilation events (10 events):
Event: 56.792 Thread 0x0000000015353800 7740       3       org.gradle.api.internal.artifacts.ivyservice.resolveengine.graph.DependencyGraphBuilder$ConfigurationNode::deselect (5 bytes)
Event: 56.792 Thread 0x0000000015353800 nmethod 7740 0x000000000367ba10 code [0x000000000367bb80, 0x000000000367bd88]
Event: 56.794 Thread 0x0000000015353800 7741       3       org.gradle.api.internal.artifacts.ivyservice.resolveengine.graph.DependencyGraphBuilder$ModuleResolveState::restart (136 bytes)
Event: 56.795 Thread 0x0000000015353800 nmethod 7741 0x000000000301c390 code [0x000000000301c660, 0x000000000301d9d8]
Event: 56.795 Thread 0x0000000015353800 7744       3       org.gradle.api.internal.artifacts.ivyservice.resolveengine.graph.DependencyGraphBuilder$ModuleVersionResolveState::setSelectionReason (6 bytes)
Event: 56.796 Thread 0x0000000015353800 nmethod 7744 0x00000000036d6210 code [0x00000000036d6360, 0x00000000036d64d0]
Event: 56.796 Thread 0x0000000015353800 7742       3       org.gradle.api.internal.artifacts.ivyservice.resolveengine.graph.conflicts.ConflictContainer::popConflict (35 bytes)
Event: 56.796 Thread 0x0000000015353800 nmethod 7742 0x00000000035ffe10 code [0x00000000035fffc0, 0x0000000003600438]
Event: 56.796 Thread 0x0000000015353800 7743       3       java.util.LinkedList::pop (5 bytes)
Event: 56.796 Thread 0x0000000015353800 nmethod 7743 0x00000000034f3550 code [0x00000000034f36e0, 0x00000000034f39d8]

GC Heap History (10 events):
Event: 28.107 GC heap before
{Heap before GC invocations=7 (full 1):
 PSYoungGen      total 71680K, used 71672K [0x00000000eab00000, 0x00000000f2f00000, 0x0000000100000000)
  eden space 66560K, 100% used [0x00000000eab00000,0x00000000eec00000,0x00000000eec00000)
  from space 5120K, 99% used [0x00000000eec00000,0x00000000ef0fe338,0x00000000ef100000)
  to   space 10752K, 0% used [0x00000000f2480000,0x00000000f2480000,0x00000000f2f00000)
 ParOldGen       total 57344K, used 12382K [0x00000000c0000000, 0x00000000c3800000, 0x00000000eab00000)
  object space 57344K, 21% used [0x00000000c0000000,0x00000000c0c17ae8,0x00000000c3800000)
 Metaspace       used 29150K, capacity 29668K, committed 29824K, reserved 1075200K
  class space    used 4018K, capacity 4162K, committed 4224K, reserved 1048576K
Event: 28.127 GC heap after
Heap after GC invocations=7 (full 1):
 PSYoungGen      total 120320K, used 7581K [0x00000000eab00000, 0x00000000f2d00000, 0x0000000100000000)
  eden space 111616K, 0% used [0x00000000eab00000,0x00000000eab00000,0x00000000f1800000)
  from space 8704K, 87% used [0x00000000f2480000,0x00000000f2be74f0,0x00000000f2d00000)
  to   space 10752K, 0% used [0x00000000f1800000,0x00000000f1800000,0x00000000f2280000)
 ParOldGen       total 57344K, used 12390K [0x00000000c0000000, 0x00000000c3800000, 0x00000000eab00000)
  object space 57344K, 21% used [0x00000000c0000000,0x00000000c0c19ae8,0x00000000c3800000)
 Metaspace       used 29150K, capacity 29668K, committed 29824K, reserved 1075200K
  class space    used 4018K, capacity 4162K, committed 4224K, reserved 1048576K
}
Event: 33.893 GC heap before
{Heap before GC invocations=8 (full 1):
 PSYoungGen      total 120320K, used 119197K [0x00000000eab00000, 0x00000000f2d00000, 0x0000000100000000)
  eden space 111616K, 100% used [0x00000000eab00000,0x00000000f1800000,0x00000000f1800000)
  from space 8704K, 87% used [0x00000000f2480000,0x00000000f2be74f0,0x00000000f2d00000)
  to   space 10752K, 0% used [0x00000000f1800000,0x00000000f1800000,0x00000000f2280000)
 ParOldGen       total 57344K, used 12390K [0x00000000c0000000, 0x00000000c3800000, 0x00000000eab00000)
  object space 57344K, 21% used [0x00000000c0000000,0x00000000c0c19ae8,0x00000000c3800000)
 Metaspace       used 34819K, capacity 35352K, committed 35416K, reserved 1079296K
  class space    used 4857K, capacity 4985K, committed 4992K, reserved 1048576K
Event: 33.939 GC heap after
Heap after GC invocations=8 (full 1):
 PSYoungGen      total 122368K, used 10724K [0x00000000eab00000, 0x00000000f7b00000, 0x0000000100000000)
  eden space 111616K, 0% used [0x00000000eab00000,0x00000000eab00000,0x00000000f1800000)
  from space 10752K, 99% used [0x00000000f1800000,0x00000000f2279050,0x00000000f2280000)
  to   space 13824K, 0% used [0x00000000f6d80000,0x00000000f6d80000,0x00000000f7b00000)
 ParOldGen       total 57344K, used 16690K [0x00000000c0000000, 0x00000000c3800000, 0x00000000eab00000)
  object space 57344K, 29% used [0x00000000c0000000,0x00000000c104c8e0,0x00000000c3800000)
 Metaspace       used 34819K, capacity 35352K, committed 35416K, reserved 1079296K
  class space    used 4857K, capacity 4985K, committed 4992K, reserved 1048576K
}
Event: 33.981 GC heap before
{Heap before GC invocations=9 (full 1):
 PSYoungGen      total 122368K, used 13046K [0x00000000eab00000, 0x00000000f7b00000, 0x0000000100000000)
  eden space 111616K, 2% used [0x00000000eab00000,0x00000000ead447c0,0x00000000f1800000)
  from space 10752K, 99% used [0x00000000f1800000,0x00000000f2279050,0x00000000f2280000)
  to   space 13824K, 0% used [0x00000000f6d80000,0x00000000f6d80000,0x00000000f7b00000)
 ParOldGen       total 57344K, used 16690K [0x00000000c0000000, 0x00000000c3800000, 0x00000000eab00000)
  object space 57344K, 29% used [0x00000000c0000000,0x00000000c104c8e0,0x00000000c3800000)
 Metaspace       used 34903K, capacity 35352K, committed 35416K, reserved 1079296K
  class space    used 4869K, capacity 4985K, committed 4992K, reserved 1048576K
Event: 34.043 GC heap after
Heap after GC invocations=9 (full 1):
 PSYoungGen      total 198656K, used 10884K [0x00000000eab00000, 0x00000000f9e00000, 0x0000000100000000)
  eden space 184832K, 0% used [0x00000000eab00000,0x00000000eab00000,0x00000000f5f80000)
  from space 13824K, 78% used [0x00000000f6d80000,0x00000000f7821050,0x00000000f7b00000)
  to   space 14336K, 0% used [0x00000000f5f80000,0x00000000f5f80000,0x00000000f6d80000)
 ParOldGen       total 57344K, used 16698K [0x00000000c0000000, 0x00000000c3800000, 0x00000000eab00000)
  object space 57344K, 29% used [0x00000000c0000000,0x00000000c104e8e0,0x00000000c3800000)
 Metaspace       used 34903K, capacity 35352K, committed 35416K, reserved 1079296K
  class space    used 4869K, capacity 4985K, committed 4992K, reserved 1048576K
}
Event: 34.043 GC heap before
{Heap before GC invocations=10 (full 2):
 PSYoungGen      total 198656K, used 10884K [0x00000000eab00000, 0x00000000f9e00000, 0x0000000100000000)
  eden space 184832K, 0% used [0x00000000eab00000,0x00000000eab00000,0x00000000f5f80000)
  from space 13824K, 78% used [0x00000000f6d80000,0x00000000f7821050,0x00000000f7b00000)
  to   space 14336K, 0% used [0x00000000f5f80000,0x00000000f5f80000,0x00000000f6d80000)
 ParOldGen       total 57344K, used 16698K [0x00000000c0000000, 0x00000000c3800000, 0x00000000eab00000)
  object space 57344K, 29% used [0x00000000c0000000,0x00000000c104e8e0,0x00000000c3800000)
 Metaspace       used 34903K, capacity 35352K, committed 35416K, reserved 1079296K
  class space    used 4869K, capacity 4985K, committed 4992K, reserved 1048576K
Event: 34.761 GC heap after
Heap after GC invocations=10 (full 2):
 PSYoungGen      total 198656K, used 0K [0x00000000eab00000, 0x00000000f9e00000, 0x0000000100000000)
  eden space 184832K, 0% used [0x00000000eab00000,0x00000000eab00000,0x00000000f5f80000)
  from space 13824K, 0% used [0x00000000f6d80000,0x00000000f6d80000,0x00000000f7b00000)
  to   space 14336K, 0% used [0x00000000f5f80000,0x00000000f5f80000,0x00000000f6d80000)
 ParOldGen       total 72704K, used 18228K [0x00000000c0000000, 0x00000000c4700000, 0x00000000eab00000)
  object space 72704K, 25% used [0x00000000c0000000,0x00000000c11cd380,0x00000000c4700000)
 Metaspace       used 34903K, capacity 35352K, committed 35416K, reserved 1079296K
  class space    used 4869K, capacity 4985K, committed 4992K, reserved 1048576K
}
Event: 45.061 GC heap before
{Heap before GC invocations=11 (full 2):
 PSYoungGen      total 198656K, used 184832K [0x00000000eab00000, 0x00000000f9e00000, 0x0000000100000000)
  eden space 184832K, 100% used [0x00000000eab00000,0x00000000f5f80000,0x00000000f5f80000)
  from space 13824K, 0% used [0x00000000f6d80000,0x00000000f6d80000,0x00000000f7b00000)
  to   space 14336K, 0% used [0x00000000f5f80000,0x00000000f5f80000,0x00000000f6d80000)
 ParOldGen       total 72704K, used 18228K [0x00000000c0000000, 0x00000000c4700000, 0x00000000eab00000)
  object space 72704K, 25% used [0x00000000c0000000,0x00000000c11cd380,0x00000000c4700000)
 Metaspace       used 39143K, capacity 40218K, committed 40280K, reserved 1083392K
  class space    used 5466K, capacity 5706K, committed 5760K, reserved 1048576K
Event: 45.127 GC heap after
Heap after GC invocations=11 (full 2):
 PSYoungGen      total 199168K, used 14320K [0x00000000eab00000, 0x00000000fdb00000, 0x0000000100000000)
  eden space 184832K, 0% used [0x00000000eab00000,0x00000000eab00000,0x00000000f5f80000)
  from space 14336K, 99% used [0x00000000f5f80000,0x00000000f6d7c020,0x00000000f6d80000)
  to   space 17408K, 0% used [0x00000000fca00000,0x00000000fca00000,0x00000000fdb00000)
 ParOldGen       total 72704K, used 21213K [0x00000000c0000000, 0x00000000c4700000, 0x00000000eab00000)
  object space 72704K, 29% used [0x00000000c0000000,0x00000000c14b7738,0x00000000c4700000)
 Metaspace       used 39143K, capacity 40218K, committed 40280K, reserved 1083392K
  class space    used 5466K, capacity 5706K, committed 5760K, reserved 1048576K
}

Deoptimization events (10 events):
Event: 46.126 Thread 0x00000000181ef800 Uncommon trap: reason=null_check action=make_not_entrant pc=0x00000000041bf920 method=org.gradle.api.internal.collections.CollectionFilter.filter(Ljava/lang/Object;)Ljava/lang/Object; @ 5
Event: 47.636 Thread 0x00000000185e4000 Uncommon trap: reason=bimorphic action=maybe_recompile pc=0x00000000040ddbac method=java.util.HashMap.removeNode(ILjava/lang/Object;Ljava/lang/Object;ZZ)Ljava/util/HashMap$Node; @ 68
Event: 48.414 Thread 0x00000000181ef800 Uncommon trap: reason=predicate action=maybe_recompile pc=0x00000000032f1ab8 method=java.util.AbstractCollection.toArray([Ljava/lang/Object;)[Ljava/lang/Object; @ 49
Event: 48.498 Thread 0x00000000181ef800 Uncommon trap: reason=array_check action=maybe_recompile pc=0x0000000002dedb70 method=java.util.AbstractCollection.toArray([Ljava/lang/Object;)[Ljava/lang/Object; @ 119
Event: 48.535 Thread 0x00000000181ef800 Uncommon trap: reason=array_check action=maybe_recompile pc=0x0000000002dedb70 method=java.util.AbstractCollection.toArray([Ljava/lang/Object;)[Ljava/lang/Object; @ 119
Event: 48.536 Thread 0x00000000181ef800 Uncommon trap: reason=array_check action=maybe_recompile pc=0x0000000002dedb70 method=java.util.AbstractCollection.toArray([Ljava/lang/Object;)[Ljava/lang/Object; @ 119
Event: 48.536 Thread 0x00000000181ef800 Uncommon trap: reason=array_check action=maybe_recompile pc=0x0000000002dedb70 method=java.util.AbstractCollection.toArray([Ljava/lang/Object;)[Ljava/lang/Object; @ 119
Event: 50.332 Thread 0x00000000185e4000 Uncommon trap: reason=unstable_if action=reinterpret pc=0x00000000040ddb84 method=java.util.HashMap.removeNode(ILjava/lang/Object;Ljava/lang/Object;ZZ)Ljava/util/HashMap$Node; @ 133
Event: 53.318 Thread 0x00000000181ef800 Uncommon trap: reason=null_check action=make_not_entrant pc=0x00000000042b2d98 method=io.spring.gradle.dependencymanagement.org.apache.maven.model.validation.DefaultModelValidator.validateEffectiveDependency(Lio/spring/gradle/dependencymanagement/org/apac
Event: 56.133 Thread 0x00000000185e4000 Uncommon trap: reason=unstable_if action=reinterpret pc=0x000000000398f388 method=java.util.HashMap.removeNode(ILjava/lang/Object;Ljava/lang/Object;ZZ)Ljava/util/HashMap$Node; @ 133

Internal exceptions (10 events):
Event: 52.312 Thread 0x00000000181ef800 Exception <a 'java/lang/ClassNotFoundException': build_8qxvu7ltfl1zth95wxkdsz8koCustomizer> (0x00000000f06f8ca8) thrown at [C:\re\workspace\8-2-build-windows-amd64-cygwin\jdk8u121\8372\hotspot\src\share\vm\classfile\systemDictionary.cpp, line 210]
Event: 52.958 Thread 0x00000000181ef800 Exception <a 'java/lang/ClassNotFoundException': build_8qxvu7ltfl1zth95wxkdsz8koBeanInfo> (0x00000000f097a468) thrown at [C:\re\workspace\8-2-build-windows-amd64-cygwin\jdk8u121\8372\hotspot\src\share\vm\classfile\systemDictionary.cpp, line 210]
Event: 52.959 Thread 0x00000000181ef800 Exception <a 'java/lang/ClassNotFoundException': build_8qxvu7ltfl1zth95wxkdsz8koCustomizer> (0x00000000f0983738) thrown at [C:\re\workspace\8-2-build-windows-amd64-cygwin\jdk8u121\8372\hotspot\src\share\vm\classfile\systemDictionary.cpp, line 210]
Event: 53.318 Thread 0x00000000181ef800 Implicit null exception at 0x00000000042af164 to 0x00000000042b2d81
Event: 55.277 Thread 0x00000000181ef800 Exception <a 'java/lang/ClassNotFoundException': build_edoaufbg5aoiaj1bja7x64ealBeanInfo> (0x00000000f201f748) thrown at [C:\re\workspace\8-2-build-windows-amd64-cygwin\jdk8u121\8372\hotspot\src\share\vm\classfile\systemDictionary.cpp, line 210]
Event: 55.277 Thread 0x00000000181ef800 Exception <a 'java/lang/ClassNotFoundException': build_edoaufbg5aoiaj1bja7x64ealCustomizer> (0x00000000f2028a78) thrown at [C:\re\workspace\8-2-build-windows-amd64-cygwin\jdk8u121\8372\hotspot\src\share\vm\classfile\systemDictionary.cpp, line 210]
Event: 55.800 Thread 0x00000000181ef800 Exception <a 'java/lang/ClassNotFoundException': build_edoaufbg5aoiaj1bja7x64ealBeanInfo> (0x00000000f22c9978) thrown at [C:\re\workspace\8-2-build-windows-amd64-cygwin\jdk8u121\8372\hotspot\src\share\vm\classfile\systemDictionary.cpp, line 210]
Event: 55.801 Thread 0x00000000181ef800 Exception <a 'java/lang/ClassNotFoundException': build_edoaufbg5aoiaj1bja7x64ealCustomizer> (0x00000000f22d2c48) thrown at [C:\re\workspace\8-2-build-windows-amd64-cygwin\jdk8u121\8372\hotspot\src\share\vm\classfile\systemDictionary.cpp, line 210]
Event: 56.746 Thread 0x00000000181ef800 Exception <a 'java/lang/ClassNotFoundException': build_4dzf1igae7kqjyqi4ds5wks6rBeanInfo> (0x00000000f38fd510) thrown at [C:\re\workspace\8-2-build-windows-amd64-cygwin\jdk8u121\8372\hotspot\src\share\vm\classfile\systemDictionary.cpp, line 210]
Event: 56.747 Thread 0x00000000181ef800 Exception <a 'java/lang/ClassNotFoundException': build_4dzf1igae7kqjyqi4ds5wks6rCustomizer> (0x00000000f3906840) thrown at [C:\re\workspace\8-2-build-windows-amd64-cygwin\jdk8u121\8372\hotspot\src\share\vm\classfile\systemDictionary.cpp, line 210]

Events (10 events):
Event: 56.747 loading class build_4dzf1igae7kqjyqi4ds5wks6rCustomizer
Event: 56.747 loading class build_4dzf1igae7kqjyqi4ds5wks6rCustomizer done
Event: 56.750 loading class groovy/runtime/metaclass/build_4dzf1igae7kqjyqi4ds5wks6r$_run_closure1MetaClass
Event: 56.750 loading class groovy/runtime/metaclass/build_4dzf1igae7kqjyqi4ds5wks6r$_run_closure1MetaClass done
Event: 56.752 loading class groovy/runtime/metaclass/build_4dzf1igae7kqjyqi4ds5wks6r$_run_closure1$_closure2MetaClass
Event: 56.752 loading class groovy/runtime/metaclass/build_4dzf1igae7kqjyqi4ds5wks6r$_run_closure1$_closure2MetaClass done
Event: 56.764 loading class groovy/runtime/metaclass/build_4dzf1igae7kqjyqi4ds5wks6r$_run_closure1$_closure2$_closure4MetaClass
Event: 56.764 loading class groovy/runtime/metaclass/build_4dzf1igae7kqjyqi4ds5wks6r$_run_closure1$_closure2$_closure4MetaClass done
Event: 56.781 loading class groovy/runtime/metaclass/build_4dzf1igae7kqjyqi4ds5wks6r$_run_closure1$_closure3MetaClass
Event: 56.781 loading class groovy/runtime/metaclass/build_4dzf1igae7kqjyqi4ds5wks6r$_run_closure1$_closure3MetaClass done


Dynamic libraries:
0x00007ff657020000 - 0x00007ff657057000 	C:\Program Files\Java\jdk1.8.0_121\bin\java.exe
0x00007ff84a1d0000 - 0x00007ff84a3c5000 	C:\WINDOWS\SYSTEM32\ntdll.dll
0x00007ff849740000 - 0x00007ff8497fd000 	C:\WINDOWS\System32\KERNEL32.DLL
0x00007ff847eb0000 - 0x00007ff84817d000 	C:\WINDOWS\System32\KERNELBASE.dll
0x00007ff848300000 - 0x00007ff8483ae000 	C:\WINDOWS\System32\ADVAPI32.dll
0x00007ff8494d0000 - 0x00007ff84956e000 	C:\WINDOWS\System32\msvcrt.dll
0x00007ff84a0e0000 - 0x00007ff84a17c000 	C:\WINDOWS\System32\sechost.dll
0x00007ff849120000 - 0x00007ff849245000 	C:\WINDOWS\System32\RPCRT4.dll
0x00007ff848b90000 - 0x00007ff848d30000 	C:\WINDOWS\System32\USER32.dll
0x00007ff847ac0000 - 0x00007ff847ae2000 	C:\WINDOWS\System32\win32u.dll
0x00007ff8494a0000 - 0x00007ff8494ca000 	C:\WINDOWS\System32\GDI32.dll
0x00007ff847da0000 - 0x00007ff847eab000 	C:\WINDOWS\System32\gdi32full.dll
0x00007ff848180000 - 0x00007ff84821d000 	C:\WINDOWS\System32\msvcp_win.dll
0x00007ff8478e0000 - 0x00007ff8479e0000 	C:\WINDOWS\System32\ucrtbase.dll
0x00007ff837270000 - 0x00007ff83750a000 	C:\WINDOWS\WinSxS\amd64_microsoft.windows.common-controls_6595b64144ccf1df_6.0.19041.1110_none_60b5254171f9507e\COMCTL32.dll
0x00007ff849710000 - 0x00007ff849740000 	C:\WINDOWS\System32\IMM32.DLL
0x00000000779a0000 - 0x0000000077a72000 	C:\Program Files\Java\jdk1.8.0_121\jre\bin\msvcr100.dll
0x00000000764c0000 - 0x0000000076d5b000 	C:\Program Files\Java\jdk1.8.0_121\jre\bin\server\jvm.dll
0x00007ff849f50000 - 0x00007ff849f58000 	C:\WINDOWS\System32\PSAPI.DLL
0x00007ff835ac0000 - 0x00007ff835ac9000 	C:\WINDOWS\SYSTEM32\WSOCK32.dll
0x00007ff848e90000 - 0x00007ff848efb000 	C:\WINDOWS\System32\WS2_32.dll
0x00007ff837580000 - 0x00007ff8375a7000 	C:\WINDOWS\SYSTEM32\WINMM.dll
0x00007ff8388e0000 - 0x00007ff8388ea000 	C:\WINDOWS\SYSTEM32\VERSION.dll
0x0000000077990000 - 0x000000007799f000 	C:\Program Files\Java\jdk1.8.0_121\jre\bin\verify.dll
0x0000000077960000 - 0x0000000077989000 	C:\Program Files\Java\jdk1.8.0_121\jre\bin\java.dll
0x00000000764a0000 - 0x00000000764b6000 	C:\Program Files\Java\jdk1.8.0_121\jre\bin\zip.dll
0x00007ff849800000 - 0x00007ff849f44000 	C:\WINDOWS\System32\SHELL32.dll
0x00007ff8455d0000 - 0x00007ff845d64000 	C:\WINDOWS\SYSTEM32\windows.storage.dll
0x00007ff848830000 - 0x00007ff848b84000 	C:\WINDOWS\System32\combase.dll
0x00007ff847190000 - 0x00007ff8471bc000 	C:\WINDOWS\SYSTEM32\Wldp.dll
0x00007ff84a030000 - 0x00007ff84a0dd000 	C:\WINDOWS\System32\SHCORE.dll
0x00007ff8482a0000 - 0x00007ff8482f5000 	C:\WINDOWS\System32\shlwapi.dll
0x00007ff847820000 - 0x00007ff84783f000 	C:\WINDOWS\SYSTEM32\profapi.dll
0x0000000076480000 - 0x000000007649a000 	C:\Program Files\Java\jdk1.8.0_121\jre\bin\net.dll
0x00007ff846f70000 - 0x00007ff846fda000 	C:\WINDOWS\system32\mswsock.dll
0x0000000076460000 - 0x0000000076471000 	C:\Program Files\Java\jdk1.8.0_121\jre\bin\nio.dll
0x00007ff81d230000 - 0x00007ff81d24e000 	C:\Users\User\.gradle\native\25\windows-amd64\native-platform.dll
0x00007ff8471d0000 - 0x00007ff8471e8000 	C:\WINDOWS\SYSTEM32\CRYPTSP.dll
0x00007ff846910000 - 0x00007ff846944000 	C:\WINDOWS\system32\rsaenh.dll
0x00007ff847cc0000 - 0x00007ff847ce7000 	C:\WINDOWS\System32\bcrypt.dll
0x00007ff8477e0000 - 0x00007ff84780e000 	C:\WINDOWS\SYSTEM32\USERENV.dll
0x00007ff847a30000 - 0x00007ff847ab2000 	C:\WINDOWS\System32\bcryptprimitives.dll
0x00007ff847100000 - 0x00007ff84710c000 	C:\WINDOWS\SYSTEM32\CRYPTBASE.dll
0x00007ff846c80000 - 0x00007ff846cbb000 	C:\WINDOWS\SYSTEM32\IPHLPAPI.DLL
0x00007ff84a180000 - 0x00007ff84a188000 	C:\WINDOWS\System32\NSI.dll
0x00007ff83cc90000 - 0x00007ff83cca7000 	C:\WINDOWS\SYSTEM32\dhcpcsvc6.DLL
0x00007ff83c590000 - 0x00007ff83c5ad000 	C:\WINDOWS\SYSTEM32\dhcpcsvc.DLL
0x00007ff846cc0000 - 0x00007ff846d8b000 	C:\WINDOWS\SYSTEM32\DNSAPI.dll
0x0000000077950000 - 0x000000007795d000 	C:\Program Files\Java\jdk1.8.0_121\jre\bin\management.dll

VM Arguments:
jvm_args: -XX:MaxPermSize=256m -XX:+HeapDumpOnOutOfMemoryError -Xmx1024m -Dfile.encoding=ISO-8859-1 -Duser.country=IN -Duser.language=en -Duser.variant 
java_command: org.gradle.launcher.daemon.bootstrap.GradleDaemon 3.5
java_class_path (initial): C:\Users\User\.gradle\wrapper\dists\gradle-3.5-all\exhrs6ca08n232b14ue48lbye\gradle-3.5\lib\gradle-launcher-3.5.jar
Launcher Type: SUN_STANDARD

Environment Variables:
JAVA_HOME=C:\Program Files\Java\jdk1.8.0_121
PATH=C:\Program Files\Common Files\Oracle\Java\javapath;C:\Python39\Scripts\;C:\Python39\;C:\WINDOWS\system32;C:\WINDOWS;C:\WINDOWS\System32\Wbem;C:\WINDOWS\System32\WindowsPowerShell\v1.0\;C:\WINDOWS\System32\OpenSSH\;C:\Program Files\Git\cmd;C:\Program Files\nodejs\;C:\ProgramData\chocolatey\bin;C:\Program Files\Java\jdk1.8.0_121\bin;C:\hadoop\bin;C:\hadoop\sbin;C:\grails-3.3.6\bin;C:\Program Files\PostgreSQL\14\bin;C:\Program Files\PuTTY\;C:\Program Files\Docker\Docker\resources\bin;C:\ProgramData\DockerDesktop\version-bin;C:\Users\User\AppData\Local\Microsoft\WindowsApps;C:\Users\User\AppData\Roaming\npm;C:\Users\User\AppData\Local\Programs\Microsoft VS Code\bin;C:\Program Files\JetBrains\IntelliJ IDEA 2020.2.4\bin;;
USERNAME=Capulus
OS=Windows_NT
PROCESSOR_IDENTIFIER=Intel64 Family 6 Model 61 Stepping 4, GenuineIntel



---------------  S Y S T E M  ---------------

OS: Windows 10.0 , 64 bit Build 19041 (10.0.19041.1706)

CPU:total 4 (2 cores per cpu, 2 threads per core) family 6 model 61 stepping 4, cmov, cx8, fxsr, mmx, sse, sse2, sse3, ssse3, sse4.1, sse4.2, popcnt, avx, avx2, aes, clmul, erms, rtm, 3dnowpref, lzcnt, ht, tsc, tscinvbit, bmi1, bmi2, adx

Memory: 4k page, physical 8277520k(216824k free), swap 26593948k(4552k free)

vm_info: Java HotSpot(TM) 64-Bit Server VM (25.121-b13) for windows-amd64 JRE (1.8.0_121-b13), built on Dec 12 2016 18:21:36 by "java_re" with MS VC++ 10.0 (VS2010)

time: Wed Jun 15 10:40:59 2022
elapsed time: 56 seconds (0d 0h 0m 56s)

