#
# There is insufficient memory for the Java Runtime Environment to continue.
# Native memory allocation (malloc) failed to allocate 271056 bytes for Chunk::new
# Possible reasons:
#   The system is out of physical RAM or swap space
#   In 32 bit mode, the process size limit was hit
# Possible solutions:
#   Reduce memory load on the system
#   Increase physical memory or swap space
#   Check if swap backing store is full
#   Use 64 bit Java on a 64 bit OS
#   Decrease Java heap size (-Xmx/-Xms)
#   Decrease number of Java threads
#   Decrease Java thread stack sizes (-Xss)
#   Set larger code cache with -XX:ReservedCodeCacheSize=
# This output file may be truncated or incomplete.
#
#  Out of Memory Error (allocation.cpp:390), pid=10344, tid=0x0000000000002f04
#
# JRE version: Java(TM) SE Runtime Environment (8.0_121-b13) (build 1.8.0_121-b13)
# Java VM: Java HotSpot(TM) 64-Bit Server VM (25.121-b13 mixed mode windows-amd64 compressed oops)
# Failed to write core dump. Minidumps are not enabled by default on client versions of Windows
#

---------------  T H R E A D  ---------------

Current thread (0x0000000017ebf800):  JavaThread "C2 CompilerThread0" daemon [_thread_in_native, id=12036, stack(0x0000000019530000,0x0000000019630000)]

Stack: [0x0000000019530000,0x0000000019630000]
[error occurred during error reporting (printing stack bounds), id 0xc0000005]

Native frames: (J=compiled Java code, j=interpreted, Vv=VM code, C=native code)


Current CompileTask:
C2:26573250 9242   !   4       sun.nio.ch.FileChannelImpl::tryLock (238 bytes)


---------------  P R O C E S S  ---------------

Java Threads: ( => current thread )
  0x00000000212f4000 JavaThread "Forward streams with process: command 'C:\Program Files\Java\jdk1.8.0_121\bin\java.exe' Thread 3" [_thread_in_native, id=14200, stack(0x0000000023e40000,0x0000000023f40000)]
  0x00000000212f7000 JavaThread "Forward streams with process: command 'C:\Program Files\Java\jdk1.8.0_121\bin\java.exe' Thread 2" [_thread_in_native, id=5892, stack(0x0000000023d40000,0x0000000023e40000)]
  0x00000000212f5800 JavaThread "Run command 'C:\Program Files\Java\jdk1.8.0_121\bin\java.exe'" [_thread_in_native, id=9888, stack(0x0000000021c70000,0x0000000021d70000)]
  0x00000000212ef800 JavaThread "Cache worker for file content cache (D:\PharmIT-Billing\.gradle\3.5\fileContent)" [_thread_blocked, id=3264, stack(0x0000000021a20000,0x0000000021b20000)]
  0x000000001b540000 JavaThread "Cache worker for task history cache (D:\PharmIT-Billing\.gradle\3.5\taskHistory)" [_thread_blocked, id=11176, stack(0x0000000021920000,0x0000000021a20000)]
  0x000000001b53e800 JavaThread "Memory manager" [_thread_blocked, id=7576, stack(0x0000000020760000,0x0000000020860000)]
  0x000000001b53d000 JavaThread "Cache worker for Artifact transforms cache (C:\Users\User\.gradle\caches\transforms-1)" [_thread_blocked, id=4864, stack(0x0000000021b70000,0x0000000021c70000)]
  0x000000001b53c000 JavaThread "File lock request listener" [_thread_in_native, id=8088, stack(0x000000001d880000,0x000000001d980000)]
  0x000000001b53f000 JavaThread "Cache worker for file hash cache (C:\Users\User\.gradle\caches\3.5\fileHashes)" [_thread_blocked, id=13744, stack(0x000000001d780000,0x000000001d880000)]
  0x000000001ac43000 JavaThread "Asynchronous log dispatcher for DefaultDaemonConnection: socket connection from /127.0.0.1:50825 to /127.0.0.1:50826" [_thread_blocked, id=2128, stack(0x000000001c5b0000,0x000000001c6b0000)]
  0x000000001a919000 JavaThread "Daemon worker" [_thread_blocked, id=6444, stack(0x000000001c4b0000,0x000000001c5b0000)]
  0x000000001a908000 JavaThread "Cancel handler" [_thread_blocked, id=2596, stack(0x000000001c3b0000,0x000000001c4b0000)]
  0x000000001adb2000 JavaThread "Handler for socket connection from /127.0.0.1:50825 to /127.0.0.1:50826" [_thread_in_native, id=1820, stack(0x000000001c0b0000,0x000000001c1b0000)]
  0x000000001adb1000 JavaThread "Daemon" [_thread_blocked, id=9592, stack(0x000000001bfb0000,0x000000001c0b0000)]
  0x000000001a9d4800 JavaThread "Daemon periodic checks" [_thread_blocked, id=4664, stack(0x000000001beb0000,0x000000001bfb0000)]
  0x000000001abed800 JavaThread "Incoming local TCP Connector on port 50825" [_thread_in_native, id=1484, stack(0x000000001bc70000,0x000000001bd70000)]
  0x000000001b2bf000 JavaThread "Daemon health stats" [_thread_blocked, id=10304, stack(0x000000001b600000,0x000000001b700000)]
  0x0000000019858800 JavaThread "Service Thread" daemon [_thread_blocked, id=10724, stack(0x0000000019c30000,0x0000000019d30000)]
  0x0000000017ed0000 JavaThread "C1 CompilerThread2" daemon [_thread_blocked, id=1648, stack(0x0000000019730000,0x0000000019830000)]
  0x0000000017ec3000 JavaThread "C2 CompilerThread1" daemon [_thread_blocked, id=11480, stack(0x0000000019630000,0x0000000019730000)]
=>0x0000000017ebf800 JavaThread "C2 CompilerThread0" daemon [_thread_in_native, id=12036, stack(0x0000000019530000,0x0000000019630000)]
  0x0000000017ebe000 JavaThread "Attach Listener" daemon [_thread_blocked, id=680, stack(0x0000000019430000,0x0000000019530000)]
  0x0000000017eba800 JavaThread "Signal Dispatcher" daemon [_thread_blocked, id=11492, stack(0x0000000019330000,0x0000000019430000)]
  0x0000000017eaa800 JavaThread "Finalizer" daemon [_thread_blocked, id=7232, stack(0x0000000019130000,0x0000000019230000)]
  0x0000000003290000 JavaThread "Reference Handler" daemon [_thread_blocked, id=5428, stack(0x0000000019030000,0x0000000019130000)]
  0x00000000031a2800 JavaThread "main" [_thread_blocked, id=6068, stack(0x0000000003010000,0x0000000003110000)]

Other Threads:
  0x0000000017e88000 VMThread [stack: 0x0000000018f30000,0x0000000019030000] [id=9128]
  0x000000001986b000 WatcherThread [stack: 0x0000000019d30000,0x0000000019e30000] [id=1384]

VM state:not at safepoint (normal execution)

VM Mutex/Monitor currently owned by a thread: None

Heap:
 PSYoungGen      total 187904K, used 67622K [0x00000000d5580000, 0x00000000e4800000, 0x0000000100000000)
  eden space 174080K, 31% used [0x00000000d5580000,0x00000000d8a737d8,0x00000000dff80000)
  from space 13824K, 96% used [0x00000000e3a80000,0x00000000e47960a0,0x00000000e4800000)
  to   space 27136K, 0% used [0x00000000e1300000,0x00000000e1300000,0x00000000e2d80000)
 ParOldGen       total 98304K, used 46294K [0x0000000080000000, 0x0000000086000000, 0x00000000d5580000)
  object space 98304K, 47% used [0x0000000080000000,0x0000000082d35868,0x0000000086000000)
 Metaspace       used 43743K, capacity 46580K, committed 46808K, reserved 1089536K
  class space    used 6063K, capacity 6386K, committed 6400K, reserved 1048576K

Card table byte_map: [0x0000000012660000,0x0000000012a70000] byte_map_base: 0x0000000012260000

Marking Bits: (ParMarkBitMap*) 0x000000006523b6d0
 Begin Bits: [0x0000000013120000, 0x0000000015120000)
 End Bits:   [0x0000000015120000, 0x0000000017120000)

Polling page: 0x0000000001420000

CodeCache: size=245760Kb used=25261Kb max_used=26551Kb free=220498Kb
 bounds [0x00000000032a0000, 0x0000000004cd0000, 0x00000000122a0000]
 total_blobs=8273 nmethods=7587 adapters=597
 compilation: enabled

Compilation events (10 events):
Event: 26233.224 Thread 0x0000000017ebf800 nmethod 9236 0x000000000350fa10 code [0x000000000350fc00, 0x00000000035106f0]
Event: 26403.160 Thread 0x0000000017ec3000 9238       4       org.gradle.internal.time.Clock::<init> (12 bytes)
Event: 26403.166 Thread 0x0000000017ec3000 nmethod 9238 0x0000000003c12410 code [0x0000000003c12560, 0x0000000003c12678]
Event: 26563.165 Thread 0x0000000017ebf800 9239   !   4       sun.nio.ch.SharedFileLockTable::removeStaleEntries (71 bytes)
Event: 26563.167 Thread 0x0000000017ec3000 9240   !   4       java.io.RandomAccessFile::getChannel (44 bytes)
Event: 26563.184 Thread 0x0000000017ebf800 nmethod 9239 0x0000000003924ad0 code [0x0000000003924c20, 0x0000000003924fe8]
Event: 26563.184 Thread 0x0000000017ebf800 9241       4       java.nio.channels.FileLock::<init> (79 bytes)
Event: 26563.186 Thread 0x0000000017ebf800 nmethod 9241 0x0000000003c52dd0 code [0x0000000003c52f00, 0x0000000003c53038]
Event: 26563.192 Thread 0x0000000017ec3000 nmethod 9240 0x000000000356d490 code [0x000000000356d620, 0x000000000356dd78]
Event: 26573.173 Thread 0x0000000017ebf800 9242   !   4       sun.nio.ch.FileChannelImpl::tryLock (238 bytes)

GC Heap History (10 events):
Event: 16.063 GC heap before
{Heap before GC invocations=16 (full 2):
 PSYoungGen      total 130048K, used 130016K [0x00000000d5580000, 0x00000000e1100000, 0x0000000100000000)
  eden space 113664K, 100% used [0x00000000d5580000,0x00000000dc480000,0x00000000dc480000)
  from space 16384K, 99% used [0x00000000dc480000,0x00000000dd478030,0x00000000dd480000)
  to   space 21504K, 0% used [0x00000000dfc00000,0x00000000dfc00000,0x00000000e1100000)
 ParOldGen       total 98304K, used 27780K [0x0000000080000000, 0x0000000086000000, 0x00000000d5580000)
  object space 98304K, 28% used [0x0000000080000000,0x0000000081b21330,0x0000000086000000)
 Metaspace       used 41105K, capacity 43824K, committed 43992K, reserved 1087488K
  class space    used 5732K, capacity 6076K, committed 6144K, reserved 1048576K
Event: 16.121 GC heap after
Heap after GC invocations=16 (full 2):
 PSYoungGen      total 165376K, used 21472K [0x00000000d5580000, 0x00000000e1e80000, 0x0000000100000000)
  eden space 143872K, 0% used [0x00000000d5580000,0x00000000d5580000,0x00000000de200000)
  from space 21504K, 99% used [0x00000000dfc00000,0x00000000e10f8010,0x00000000e1100000)
  to   space 26624K, 0% used [0x00000000de200000,0x00000000de200000,0x00000000dfc00000)
 ParOldGen       total 98304K, used 33189K [0x0000000080000000, 0x0000000086000000, 0x00000000d5580000)
  object space 98304K, 33% used [0x0000000080000000,0x0000000082069630,0x0000000086000000)
 Metaspace       used 41105K, capacity 43824K, committed 43992K, reserved 1087488K
  class space    used 5732K, capacity 6076K, committed 6144K, reserved 1048576K
}
Event: 3163.188 GC heap before
{Heap before GC invocations=17 (full 2):
 PSYoungGen      total 165376K, used 165344K [0x00000000d5580000, 0x00000000e1e80000, 0x0000000100000000)
  eden space 143872K, 100% used [0x00000000d5580000,0x00000000de200000,0x00000000de200000)
  from space 21504K, 99% used [0x00000000dfc00000,0x00000000e10f8010,0x00000000e1100000)
  to   space 26624K, 0% used [0x00000000de200000,0x00000000de200000,0x00000000dfc00000)
 ParOldGen       total 98304K, used 33189K [0x0000000080000000, 0x0000000086000000, 0x00000000d5580000)
  object space 98304K, 33% used [0x0000000080000000,0x0000000082069630,0x0000000086000000)
 Metaspace       used 43705K, capacity 46516K, committed 46552K, reserved 1089536K
  class space    used 6061K, capacity 6386K, committed 6400K, reserved 1048576K
Event: 3163.519 GC heap after
Heap after GC invocations=17 (full 2):
 PSYoungGen      total 170496K, used 26600K [0x00000000d5580000, 0x00000000e4980000, 0x0000000100000000)
  eden space 143872K, 0% used [0x00000000d5580000,0x00000000d5580000,0x00000000de200000)
  from space 26624K, 99% used [0x00000000de200000,0x00000000dfbfa0c0,0x00000000dfc00000)
  to   space 31744K, 0% used [0x00000000e2a80000,0x00000000e2a80000,0x00000000e4980000)
 ParOldGen       total 98304K, used 36707K [0x0000000080000000, 0x0000000086000000, 0x00000000d5580000)
  object space 98304K, 37% used [0x0000000080000000,0x00000000823d8ea0,0x0000000086000000)
 Metaspace       used 43705K, capacity 46516K, committed 46552K, reserved 1089536K
  class space    used 6061K, capacity 6386K, committed 6400K, reserved 1048576K
}
Event: 9753.675 GC heap before
{Heap before GC invocations=18 (full 2):
 PSYoungGen      total 170496K, used 170472K [0x00000000d5580000, 0x00000000e4980000, 0x0000000100000000)
  eden space 143872K, 100% used [0x00000000d5580000,0x00000000de200000,0x00000000de200000)
  from space 26624K, 99% used [0x00000000de200000,0x00000000dfbfa0c0,0x00000000dfc00000)
  to   space 31744K, 0% used [0x00000000e2a80000,0x00000000e2a80000,0x00000000e4980000)
 ParOldGen       total 98304K, used 36707K [0x0000000080000000, 0x0000000086000000, 0x00000000d5580000)
  object space 98304K, 37% used [0x0000000080000000,0x00000000823d8ea0,0x0000000086000000)
 Metaspace       used 43729K, capacity 46580K, committed 46808K, reserved 1089536K
  class space    used 6061K, capacity 6386K, committed 6400K, reserved 1048576K
Event: 9754.167 GC heap after
Heap after GC invocations=18 (full 2):
 PSYoungGen      total 202752K, used 13336K [0x00000000d5580000, 0x00000000e4080000, 0x0000000100000000)
  eden space 180224K, 0% used [0x00000000d5580000,0x00000000d5580000,0x00000000e0580000)
  from space 22528K, 59% used [0x00000000e2a80000,0x00000000e37860a0,0x00000000e4080000)
  to   space 30208K, 0% used [0x00000000e0580000,0x00000000e0580000,0x00000000e2300000)
 ParOldGen       total 98304K, used 46286K [0x0000000080000000, 0x0000000086000000, 0x00000000d5580000)
  object space 98304K, 47% used [0x0000000080000000,0x0000000082d33868,0x0000000086000000)
 Metaspace       used 43729K, capacity 46580K, committed 46808K, reserved 1089536K
  class space    used 6061K, capacity 6386K, committed 6400K, reserved 1048576K
}
Event: 17192.372 GC heap before
{Heap before GC invocations=19 (full 2):
 PSYoungGen      total 202752K, used 193560K [0x00000000d5580000, 0x00000000e4080000, 0x0000000100000000)
  eden space 180224K, 100% used [0x00000000d5580000,0x00000000e0580000,0x00000000e0580000)
  from space 22528K, 59% used [0x00000000e2a80000,0x00000000e37860a0,0x00000000e4080000)
  to   space 30208K, 0% used [0x00000000e0580000,0x00000000e0580000,0x00000000e2300000)
 ParOldGen       total 98304K, used 46286K [0x0000000080000000, 0x0000000086000000, 0x00000000d5580000)
  object space 98304K, 47% used [0x0000000080000000,0x0000000082d33868,0x0000000086000000)
 Metaspace       used 43741K, capacity 46580K, committed 46808K, reserved 1089536K
  class space    used 6061K, capacity 6386K, committed 6400K, reserved 1048576K
Event: 17192.850 GC heap after
Heap after GC invocations=19 (full 2):
 PSYoungGen      total 210432K, used 13384K [0x00000000d5580000, 0x00000000e5680000, 0x0000000100000000)
  eden space 180224K, 0% used [0x00000000d5580000,0x00000000d5580000,0x00000000e0580000)
  from space 30208K, 44% used [0x00000000e0580000,0x00000000e1292090,0x00000000e2300000)
  to   space 28672K, 0% used [0x00000000e3a80000,0x00000000e3a80000,0x00000000e5680000)
 ParOldGen       total 98304K, used 46294K [0x0000000080000000, 0x0000000086000000, 0x00000000d5580000)
  object space 98304K, 47% used [0x0000000080000000,0x0000000082d35868,0x0000000086000000)
 Metaspace       used 43741K, capacity 46580K, committed 46808K, reserved 1089536K
  class space    used 6061K, capacity 6386K, committed 6400K, reserved 1048576K
}
Event: 24473.874 GC heap before
{Heap before GC invocations=20 (full 2):
 PSYoungGen      total 210432K, used 193608K [0x00000000d5580000, 0x00000000e5680000, 0x0000000100000000)
  eden space 180224K, 100% used [0x00000000d5580000,0x00000000e0580000,0x00000000e0580000)
  from space 30208K, 44% used [0x00000000e0580000,0x00000000e1292090,0x00000000e2300000)
  to   space 28672K, 0% used [0x00000000e3a80000,0x00000000e3a80000,0x00000000e5680000)
 ParOldGen       total 98304K, used 46294K [0x0000000080000000, 0x0000000086000000, 0x00000000d5580000)
  object space 98304K, 47% used [0x0000000080000000,0x0000000082d35868,0x0000000086000000)
 Metaspace       used 43743K, capacity 46580K, committed 46808K, reserved 1089536K
  class space    used 6062K, capacity 6386K, committed 6400K, reserved 1048576K
Event: 24473.947 GC heap after
Heap after GC invocations=20 (full 2):
 PSYoungGen      total 187904K, used 13400K [0x00000000d5580000, 0x00000000e4800000, 0x0000000100000000)
  eden space 174080K, 0% used [0x00000000d5580000,0x00000000d5580000,0x00000000dff80000)
  from space 13824K, 96% used [0x00000000e3a80000,0x00000000e47960a0,0x00000000e4800000)
  to   space 27136K, 0% used [0x00000000e1300000,0x00000000e1300000,0x00000000e2d80000)
 ParOldGen       total 98304K, used 46294K [0x0000000080000000, 0x0000000086000000, 0x00000000d5580000)
  object space 98304K, 47% used [0x0000000080000000,0x0000000082d35868,0x0000000086000000)
 Metaspace       used 43743K, capacity 46580K, committed 46808K, reserved 1089536K
  class space    used 6062K, capacity 6386K, committed 6400K, reserved 1048576K
}

Deoptimization events (10 events):
Event: 17.333 Thread 0x000000001a919000 Uncommon trap: reason=unstable_if action=reinterpret pc=0x0000000003d2de28 method=java.lang.CharacterDataLatin1.digit(II)I @ 31
Event: 17.334 Thread 0x000000001a919000 Uncommon trap: reason=unstable_if action=reinterpret pc=0x0000000004bfb6d8 method=java.util.Calendar.getSetStateFields()I @ 19
Event: 17.589 Thread 0x00000000212f5800 Uncommon trap: reason=bimorphic action=maybe_recompile pc=0x0000000004a76428 method=org.gradle.internal.event.ListenerBroadcast.dispatch(Lorg/gradle/internal/dispatch/MethodInvocation;)V @ 5
Event: 17.934 Thread 0x00000000212f4000 Uncommon trap: reason=unstable_if action=reinterpret pc=0x0000000003640bd0 method=org.gradle.internal.logging.text.AbstractLineChoppingStyledTextOutput$2.execute(Lorg/gradle/internal/logging/text/AbstractLineChoppingStyledTextOutput$StateContext;)V @ 30
Event: 23.174 Thread 0x000000001a9d4800 Uncommon trap: reason=speculate_class_check action=maybe_recompile pc=0x00000000044d0118 method=java.util.AbstractList.listIterator()Ljava/util/ListIterator; @ 2
Event: 33.173 Thread 0x000000001a9d4800 Uncommon trap: reason=speculate_class_check action=maybe_recompile pc=0x00000000044d0118 method=java.util.AbstractList.listIterator()Ljava/util/ListIterator; @ 2
Event: 43.165 Thread 0x000000001a9d4800 Uncommon trap: reason=speculate_class_check action=maybe_recompile pc=0x00000000044d0118 method=java.util.AbstractList.listIterator()Ljava/util/ListIterator; @ 2
Event: 53.164 Thread 0x000000001a9d4800 Uncommon trap: reason=unstable_if action=reinterpret pc=0x0000000004c8454c method=java.io.ExpiringCache.entryFor(Ljava/lang/String;)Ljava/io/ExpiringCache$Entry; @ 39
Event: 53.164 Thread 0x000000001a9d4800 Uncommon trap: reason=unstable_if action=reinterpret pc=0x0000000004c5e3fc method=java.io.ExpiringCache.entryFor(Ljava/lang/String;)Ljava/io/ExpiringCache$Entry; @ 39
Event: 24342.661 Thread 0x000000001b2bf000 Uncommon trap: reason=unstable_if action=reinterpret pc=0x00000000037edc30 method=java.util.concurrent.locks.AbstractQueuedSynchronizer$ConditionObject.awaitNanos(J)J @ 73

Internal exceptions (10 events):
Event: 17.306 Thread 0x000000001a919000 Exception <a 'java/lang/ClassNotFoundException': java/lang/CloneableBeanInfo> (0x00000000d886cb40) thrown at [C:\re\workspace\8-2-build-windows-amd64-cygwin\jdk8u121\8372\hotspot\src\share\vm\classfile\systemDictionary.cpp, line 210]
Event: 17.306 Thread 0x000000001a919000 Exception <a 'java/lang/ClassNotFoundException': java/lang/CloneableCustomizer> (0x00000000d8878128) thrown at [C:\re\workspace\8-2-build-windows-amd64-cygwin\jdk8u121\8372\hotspot\src\share\vm\classfile\systemDictionary.cpp, line 210]
Event: 17.307 Thread 0x000000001a919000 Exception <a 'java/lang/ClassNotFoundException': java/lang/RunnableBeanInfo> (0x00000000d888e470) thrown at [C:\re\workspace\8-2-build-windows-amd64-cygwin\jdk8u121\8372\hotspot\src\share\vm\classfile\systemDictionary.cpp, line 210]
Event: 17.308 Thread 0x000000001a919000 Exception <a 'java/lang/ClassNotFoundException': java/lang/RunnableCustomizer> (0x00000000d8899670) thrown at [C:\re\workspace\8-2-build-windows-amd64-cygwin\jdk8u121\8372\hotspot\src\share\vm\classfile\systemDictionary.cpp, line 210]
Event: 17.310 Thread 0x000000001a919000 Exception <a 'java/lang/ClassNotFoundException': groovy/lang/GroovyCallableBeanInfo> (0x00000000d88c9db8) thrown at [C:\re\workspace\8-2-build-windows-amd64-cygwin\jdk8u121\8372\hotspot\src\share\vm\classfile\systemDictionary.cpp, line 210]
Event: 17.311 Thread 0x000000001a919000 Exception <a 'java/lang/ClassNotFoundException': groovy/lang/GroovyCallableCustomizer> (0x00000000d88ef6d0) thrown at [C:\re\workspace\8-2-build-windows-amd64-cygwin\jdk8u121\8372\hotspot\src\share\vm\classfile\systemDictionary.cpp, line 210]
Event: 17.312 Thread 0x000000001a919000 Exception <a 'java/lang/ClassNotFoundException': java/util/concurrent/CallableBeanInfo> (0x00000000d89092a0) thrown at [C:\re\workspace\8-2-build-windows-amd64-cygwin\jdk8u121\8372\hotspot\src\share\vm\classfile\systemDictionary.cpp, line 210]
Event: 17.312 Thread 0x000000001a919000 Exception <a 'java/lang/ClassNotFoundException': java/util/concurrent/CallableCustomizer> (0x00000000d8916358) thrown at [C:\re\workspace\8-2-build-windows-amd64-cygwin\jdk8u121\8372\hotspot\src\share\vm\classfile\systemDictionary.cpp, line 210]
Event: 17.313 Thread 0x000000001a919000 Exception <a 'java/lang/ClassNotFoundException': java/io/SerializableBeanInfo> (0x00000000d892dea8) thrown at [C:\re\workspace\8-2-build-windows-amd64-cygwin\jdk8u121\8372\hotspot\src\share\vm\classfile\systemDictionary.cpp, line 210]
Event: 17.313 Thread 0x000000001a919000 Exception <a 'java/lang/ClassNotFoundException': java/io/SerializableCustomizer> (0x00000000d8939488) thrown at [C:\re\workspace\8-2-build-windows-amd64-cygwin\jdk8u121\8372\hotspot\src\share\vm\classfile\systemDictionary.cpp, line 210]

Events (10 events):
Event: 20713.181 loading class java/util/concurrent/CopyOnWriteArrayList$1 done
Event: 21763.164 loading class java/util/concurrent/LinkedBlockingDeque$1
Event: 21763.170 loading class java/util/concurrent/LinkedBlockingDeque$1 done
Event: 24342.656 Thread 0x000000001b2bf000 Uncommon trap: trap_request=0xffffff65 fr.pc=0x00000000037edc30
Event: 24342.663 Thread 0x000000001b2bf000 DEOPT PACKING pc=0x00000000037edc30 sp=0x000000001b6ff0b0
Event: 24342.665 Thread 0x000000001b2bf000 DEOPT UNPACKING pc=0x00000000032e582a sp=0x000000001b6ff078 mode 2
Event: 24473.867 Executing VM operation: ParallelGCFailedAllocation
Event: 24473.947 Executing VM operation: ParallelGCFailedAllocation done
Event: 25523.174 loading class org/gradle/internal/serialize/AbstractDecoder$1
Event: 25523.174 loading class org/gradle/internal/serialize/AbstractDecoder$1 done


Dynamic libraries:
0x00007ff7f05e0000 - 0x00007ff7f0617000 	C:\Program Files\Java\jdk1.8.0_121\bin\java.exe
0x00007ffc36230000 - 0x00007ffc36428000 	C:\WINDOWS\SYSTEM32\ntdll.dll
0x00007ffc34bd0000 - 0x00007ffc34c8d000 	C:\WINDOWS\System32\KERNEL32.DLL
0x00007ffc33f70000 - 0x00007ffc3423e000 	C:\WINDOWS\System32\KERNELBASE.dll
0x00007ffc34a90000 - 0x00007ffc34b3e000 	C:\WINDOWS\System32\ADVAPI32.dll
0x00007ffc34730000 - 0x00007ffc347ce000 	C:\WINDOWS\System32\msvcrt.dll
0x00007ffc34f60000 - 0x00007ffc34ffc000 	C:\WINDOWS\System32\sechost.dll
0x00007ffc35000000 - 0x00007ffc35125000 	C:\WINDOWS\System32\RPCRT4.dll
0x00007ffc347d0000 - 0x00007ffc34970000 	C:\WINDOWS\System32\USER32.dll
0x00007ffc33af0000 - 0x00007ffc33b12000 	C:\WINDOWS\System32\win32u.dll
0x00007ffc34290000 - 0x00007ffc342ba000 	C:\WINDOWS\System32\GDI32.dll
0x00007ffc33e60000 - 0x00007ffc33f6b000 	C:\WINDOWS\System32\gdi32full.dll
0x00007ffc339e0000 - 0x00007ffc33a7d000 	C:\WINDOWS\System32\msvcp_win.dll
0x00007ffc33d60000 - 0x00007ffc33e60000 	C:\WINDOWS\System32\ucrtbase.dll
0x00007ffc231a0000 - 0x00007ffc2343a000 	C:\WINDOWS\WinSxS\amd64_microsoft.windows.common-controls_6595b64144ccf1df_6.0.19041.1110_none_60b5254171f9507e\COMCTL32.dll
0x00007ffc34e60000 - 0x00007ffc34e90000 	C:\WINDOWS\System32\IMM32.DLL
0x00000000652c0000 - 0x0000000065392000 	C:\Program Files\Java\jdk1.8.0_121\jre\bin\msvcr100.dll
0x0000000064a20000 - 0x00000000652bb000 	C:\Program Files\Java\jdk1.8.0_121\jre\bin\server\jvm.dll
0x00007ffc34e50000 - 0x00007ffc34e58000 	C:\WINDOWS\System32\PSAPI.DLL
0x00007ffc21d40000 - 0x00007ffc21d4a000 	C:\WINDOWS\SYSTEM32\VERSION.dll
0x00007ffc23ec0000 - 0x00007ffc23ee7000 	C:\WINDOWS\SYSTEM32\WINMM.dll
0x00007ffc21950000 - 0x00007ffc21959000 	C:\WINDOWS\SYSTEM32\WSOCK32.dll
0x00007ffc35650000 - 0x00007ffc356bb000 	C:\WINDOWS\System32\WS2_32.dll
0x0000000064a10000 - 0x0000000064a1f000 	C:\Program Files\Java\jdk1.8.0_121\jre\bin\verify.dll
0x00000000649e0000 - 0x0000000064a09000 	C:\Program Files\Java\jdk1.8.0_121\jre\bin\java.dll
0x00000000649c0000 - 0x00000000649d6000 	C:\Program Files\Java\jdk1.8.0_121\jre\bin\zip.dll
0x00007ffc35850000 - 0x00007ffc35f94000 	C:\WINDOWS\System32\SHELL32.dll
0x00007ffc31640000 - 0x00007ffc31dd4000 	C:\WINDOWS\SYSTEM32\windows.storage.dll
0x00007ffc352f0000 - 0x00007ffc35644000 	C:\WINDOWS\System32\combase.dll
0x00007ffc33200000 - 0x00007ffc33230000 	C:\WINDOWS\SYSTEM32\Wldp.dll
0x00007ffc36140000 - 0x00007ffc361ed000 	C:\WINDOWS\System32\SHCORE.dll
0x00007ffc35130000 - 0x00007ffc35185000 	C:\WINDOWS\System32\shlwapi.dll
0x00007ffc33890000 - 0x00007ffc338af000 	C:\WINDOWS\SYSTEM32\profapi.dll
0x00000000649a0000 - 0x00000000649ba000 	C:\Program Files\Java\jdk1.8.0_121\jre\bin\net.dll
0x00007ffc32fe0000 - 0x00007ffc3304a000 	C:\WINDOWS\system32\mswsock.dll
0x0000000064980000 - 0x0000000064991000 	C:\Program Files\Java\jdk1.8.0_121\jre\bin\nio.dll
0x00007ffc27590000 - 0x00007ffc275ae000 	C:\Users\User\.gradle\native\25\windows-amd64\native-platform.dll
0x00007ffc33240000 - 0x00007ffc33258000 	C:\WINDOWS\SYSTEM32\CRYPTSP.dll
0x00007ffc32980000 - 0x00007ffc329b4000 	C:\WINDOWS\system32\rsaenh.dll
0x00007ffc33d30000 - 0x00007ffc33d57000 	C:\WINDOWS\System32\bcrypt.dll
0x00007ffc33850000 - 0x00007ffc3387e000 	C:\WINDOWS\SYSTEM32\USERENV.dll
0x00007ffc33950000 - 0x00007ffc339d2000 	C:\WINDOWS\System32\bcryptprimitives.dll
0x00007ffc33170000 - 0x00007ffc3317c000 	C:\WINDOWS\SYSTEM32\CRYPTBASE.dll
0x00007ffc32cf0000 - 0x00007ffc32d2b000 	C:\WINDOWS\SYSTEM32\IPHLPAPI.DLL
0x00007ffc352e0000 - 0x00007ffc352e8000 	C:\WINDOWS\System32\NSI.dll
0x00007ffc28e40000 - 0x00007ffc28e57000 	C:\WINDOWS\SYSTEM32\dhcpcsvc6.DLL
0x00007ffc28e20000 - 0x00007ffc28e3d000 	C:\WINDOWS\SYSTEM32\dhcpcsvc.DLL
0x00007ffc32d30000 - 0x00007ffc32dfa000 	C:\WINDOWS\SYSTEM32\DNSAPI.dll
0x0000000064970000 - 0x000000006497d000 	C:\Program Files\Java\jdk1.8.0_121\jre\bin\management.dll

VM Arguments:
jvm_args: -XX:MaxPermSize=512m -XX:+HeapDumpOnOutOfMemoryError -Xmx2048m -Dfile.encoding=UTF-8 -Duser.country=IN -Duser.language=en -Duser.variant 
java_command: org.gradle.launcher.daemon.bootstrap.GradleDaemon 3.5
java_class_path (initial): C:\Users\User\.gradle\wrapper\dists\gradle-3.5-all\exhrs6ca08n232b14ue48lbye\gradle-3.5\lib\gradle-launcher-3.5.jar
Launcher Type: SUN_STANDARD

Environment Variables:
JAVA_HOME=C:\Program Files\Java\jdk-15.0.2
PATH=C:\Program Files\Common Files\Oracle\Java\javapath;C:\Python39\Scripts\;C:\Python39\;C:\WINDOWS\system32;C:\WINDOWS;C:\WINDOWS\System32\Wbem;C:\WINDOWS\System32\WindowsPowerShell\v1.0\;C:\WINDOWS\System32\OpenSSH\;C:\Program Files\Git\cmd;C:\Program Files\nodejs\;C:\ProgramData\chocolatey\bin;C:\Program Files\Java\jdk1.8.0_121\bin;C:\hadoop\bin;C:\hadoop\sbin;C:\grails-3.3.6\bin;C:\Program Files\PostgreSQL\14\bin;C:\Program Files\PuTTY\;C:\Program Files\Docker\Docker\resources\bin;C:\ProgramData\DockerDesktop\version-bin;C:\Users\User\AppData\Local\Microsoft\WindowsApps;C:\Users\User\AppData\Roaming\npm;C:\Users\User\AppData\Local\Programs\Microsoft VS Code\bin;C:\Program Files\JetBrains\IntelliJ IDEA 2020.2.4\bin;;
USERNAME=Capulus
OS=Windows_NT
PROCESSOR_IDENTIFIER=Intel64 Family 6 Model 61 Stepping 4, GenuineIntel



---------------  S Y S T E M  ---------------

OS: Windows 10.0 , 64 bit Build 19041 (10.0.19041.1889)

CPU:total 4 (2 cores per cpu, 2 threads per core) family 6 model 61 stepping 4, cmov, cx8, fxsr, mmx, sse, sse2, sse3, ssse3, sse4.1, sse4.2, popcnt, avx, avx2, aes, clmul, erms, rtm, 3dnowpref, lzcnt, ht, tsc, tscinvbit, bmi1, bmi2, adx

Memory: 4k page, physical 8277520k(1048808k free), swap 26168544k(3272k free)

vm_info: Java HotSpot(TM) 64-Bit Server VM (25.121-b13) for windows-amd64 JRE (1.8.0_121-b13), built on Dec 12 2016 18:21:36 by "java_re" with MS VC++ 10.0 (VS2010)

time: Thu Sep 08 15:48:29 2022
elapsed time: 26573 seconds (0d 7h 22m 53s)

