#
# There is insufficient memory for the Java Runtime Environment to continue.
# Native memory allocation (malloc) failed to allocate 1237952 bytes for Chunk::new
# Possible reasons:
#   The system is out of physical RAM or swap space
#   In 32 bit mode, the process size limit was hit
# Possible solutions:
#   Reduce memory load on the system
#   Increase physical memory or swap space
#   Check if swap backing store is full
#   Use 64 bit Java on a 64 bit OS
#   Decrease Java heap size (-Xmx/-Xms)
#   Decrease number of Java threads
#   Decrease Java thread stack sizes (-Xss)
#   Set larger code cache with -XX:ReservedCodeCacheSize=
# This output file may be truncated or incomplete.
#
#  Out of Memory Error (allocation.cpp:390), pid=4192, tid=0x00000000000019f8
#
# JRE version: Java(TM) SE Runtime Environment (8.0_121-b13) (build 1.8.0_121-b13)
# Java VM: Java HotSpot(TM) 64-Bit Server VM (25.121-b13 mixed mode windows-amd64 compressed oops)
# Failed to write core dump. Minidumps are not enabled by default on client versions of Windows
#

---------------  T H R E A D  ---------------

Current thread (0x0000000015881000):  JavaThread "C2 CompilerThread1" daemon [_thread_in_native, id=6648, stack(0x0000000016fe0000,0x00000000170e0000)]

Stack: [0x0000000016fe0000,0x00000000170e0000]
[error occurred during error reporting (printing stack bounds), id 0xc0000005]

Native frames: (J=compiled Java code, j=interpreted, Vv=VM code, C=native code)


Current CompileTask:
C2:  11456 3574       4       groovy.lang.MetaClassImpl$1MOPIter::methodNameAction (479 bytes)


---------------  P R O C E S S  ---------------

Java Threads: ( => current thread )
  0x0000000018d49000 JavaThread "Cache worker for Artifact transforms cache (C:\Users\User\.gradle\caches\transforms-1)" [_thread_blocked, id=13008, stack(0x000000001c900000,0x000000001ca00000)]
  0x0000000018d46800 JavaThread "File lock request listener" [_thread_in_native, id=11360, stack(0x000000001b230000,0x000000001b330000)]
  0x0000000018d47800 JavaThread "Cache worker for file hash cache (C:\Users\User\.gradle\caches\3.5\fileHashes)" [_thread_blocked, id=7796, stack(0x000000001b130000,0x000000001b230000)]
  0x0000000018485000 JavaThread "Stdin handler" [_thread_blocked, id=7420, stack(0x000000001b030000,0x000000001b130000)]
  0x00000000186f8000 JavaThread "Asynchronous log dispatcher for DefaultDaemonConnection: socket connection from /127.0.0.1:52735 to /127.0.0.1:52736" [_thread_blocked, id=6160, stack(0x000000001af30000,0x000000001b030000)]
  0x0000000018700800 JavaThread "Daemon worker" [_thread_in_vm, id=13228, stack(0x000000001ae30000,0x000000001af30000)]
  0x00000000186ff800 JavaThread "Cancel handler" [_thread_blocked, id=964, stack(0x000000001ad30000,0x000000001ae30000)]
  0x0000000018a3e800 JavaThread "Handler for socket connection from /127.0.0.1:52735 to /127.0.0.1:52736" [_thread_in_native, id=5936, stack(0x000000001aa30000,0x000000001ab30000)]
  0x0000000018a3b800 JavaThread "Daemon" [_thread_blocked, id=13872, stack(0x000000001a930000,0x000000001aa30000)]
  0x0000000018f36800 JavaThread "Daemon periodic checks" [_thread_blocked, id=14208, stack(0x000000001a830000,0x000000001a930000)]
  0x0000000018a63000 JavaThread "Incoming local TCP Connector on port 52735" [_thread_in_native, id=3084, stack(0x000000001a5f0000,0x000000001a6f0000)]
  0x0000000018341000 JavaThread "Daemon health stats" [_thread_blocked, id=11720, stack(0x0000000018fb0000,0x00000000190b0000)]
  0x0000000017208800 JavaThread "Service Thread" daemon [_thread_blocked, id=7308, stack(0x00000000175e0000,0x00000000176e0000)]
  0x0000000015883800 JavaThread "C1 CompilerThread2" daemon [_thread_blocked, id=6944, stack(0x00000000170e0000,0x00000000171e0000)]
=>0x0000000015881000 JavaThread "C2 CompilerThread1" daemon [_thread_in_native, id=6648, stack(0x0000000016fe0000,0x00000000170e0000)]
  0x000000001588d800 JavaThread "C2 CompilerThread0" daemon [_thread_in_native, id=420, stack(0x0000000016ee0000,0x0000000016fe0000)]
  0x000000001588b800 JavaThread "Attach Listener" daemon [_thread_blocked, id=2952, stack(0x0000000016de0000,0x0000000016ee0000)]
  0x0000000015888800 JavaThread "Signal Dispatcher" daemon [_thread_blocked, id=9252, stack(0x0000000016ce0000,0x0000000016de0000)]
  0x00000000030a9800 JavaThread "Finalizer" daemon [_thread_blocked, id=8692, stack(0x0000000016ae0000,0x0000000016be0000)]
  0x00000000030a3000 JavaThread "Reference Handler" daemon [_thread_blocked, id=13132, stack(0x00000000169e0000,0x0000000016ae0000)]
  0x0000000002fb2800 JavaThread "main" [_thread_blocked, id=14004, stack(0x0000000002e40000,0x0000000002f40000)]

Other Threads:
  0x0000000015847800 VMThread [stack: 0x00000000168e0000,0x00000000169e0000] [id=4336]
  0x0000000017227000 WatcherThread [stack: 0x00000000176e0000,0x00000000177e0000] [id=4612]

VM state:not at safepoint (normal execution)

VM Mutex/Monitor currently owned by a thread: None

Heap:
 PSYoungGen      total 71680K, used 37902K [0x00000000eab00000, 0x00000000ef600000, 0x0000000100000000)
  eden space 66560K, 49% used [0x00000000eab00000,0x00000000ecb0b938,0x00000000eec00000)
  from space 5120K, 99% used [0x00000000ef100000,0x00000000ef5f8020,0x00000000ef600000)
  to   space 5120K, 0% used [0x00000000eec00000,0x00000000eec00000,0x00000000ef100000)
 ParOldGen       total 62464K, used 14289K [0x00000000c0000000, 0x00000000c3d00000, 0x00000000eab00000)
  object space 62464K, 22% used [0x00000000c0000000,0x00000000c0df4610,0x00000000c3d00000)
 Metaspace       used 30910K, capacity 31418K, committed 31616K, reserved 1077248K
  class space    used 4273K, capacity 4425K, committed 4480K, reserved 1048576K

Card table byte_map: [0x0000000012570000,0x0000000012780000] byte_map_base: 0x0000000011f70000

Marking Bits: (ParMarkBitMap*) 0x000000005a20b6d0
 Begin Bits: [0x0000000012ce0000, 0x0000000013ce0000)
 End Bits:   [0x0000000013ce0000, 0x0000000014ce0000)

Polling page: 0x0000000002f40000

CodeCache: size=245760Kb used=12693Kb max_used=12693Kb free=233066Kb
 bounds [0x00000000031b0000, 0x0000000003e30000, 0x00000000121b0000]
 total_blobs=4069 nmethods=3402 adapters=578
 compilation: enabled

Compilation events (10 events):
Event: 11.422 Thread 0x0000000015883800 3699       3       com.google.common.collect.ImmutableCollection$ArrayBasedBuilder::<init> (25 bytes)
Event: 11.423 Thread 0x0000000015883800 nmethod 3699 0x0000000003e16fd0 code [0x0000000003e17140, 0x0000000003e17448]
Event: 11.423 Thread 0x0000000015883800 3700       3       com.google.common.collect.ImmutableCollection$Builder::<init> (5 bytes)
Event: 11.423 Thread 0x0000000015883800 nmethod 3700 0x0000000003e16c10 code [0x0000000003e16d60, 0x0000000003e16f10]
Event: 11.429 Thread 0x0000000015883800 3701       3       org.objectweb.asm.Item::<init> (5 bytes)
Event: 11.429 Thread 0x0000000015883800 nmethod 3701 0x0000000003e23dd0 code [0x0000000003e23f20, 0x0000000003e240d0]
Event: 11.448 Thread 0x0000000015883800 3702       3       sun.misc.ProxyGenerator::access$1000 (7 bytes)
Event: 11.448 Thread 0x0000000015883800 nmethod 3702 0x0000000003e24190 code [0x0000000003e24300, 0x0000000003e24468]
Event: 11.448 Thread 0x0000000015883800 3703       3       sun.misc.ProxyGenerator::code_ipush (90 bytes)
Event: 11.449 Thread 0x0000000015883800 nmethod 3703 0x0000000003e24550 code [0x0000000003e247a0, 0x0000000003e25828]

GC Heap History (10 events):
Event: 3.826 GC heap before
{Heap before GC invocations=3 (full 0):
 PSYoungGen      total 38400K, used 38385K [0x00000000eab00000, 0x00000000ed580000, 0x0000000100000000)
  eden space 33280K, 100% used [0x00000000eab00000,0x00000000ecb80000,0x00000000ecb80000)
  from space 5120K, 99% used [0x00000000ed080000,0x00000000ed57c7b8,0x00000000ed580000)
  to   space 5120K, 0% used [0x00000000ecb80000,0x00000000ecb80000,0x00000000ed080000)
 ParOldGen       total 87552K, used 824K [0x00000000c0000000, 0x00000000c5580000, 0x00000000eab00000)
  object space 87552K, 0% used [0x00000000c0000000,0x00000000c00ce0b0,0x00000000c5580000)
 Metaspace       used 15821K, capacity 16172K, committed 16256K, reserved 1062912K
  class space    used 2267K, capacity 2378K, committed 2432K, reserved 1048576K
Event: 3.842 GC heap after
Heap after GC invocations=3 (full 0):
 PSYoungGen      total 38400K, used 5113K [0x00000000eab00000, 0x00000000ef600000, 0x0000000100000000)
  eden space 33280K, 0% used [0x00000000eab00000,0x00000000eab00000,0x00000000ecb80000)
  from space 5120K, 99% used [0x00000000ecb80000,0x00000000ed07e4a8,0x00000000ed080000)
  to   space 5120K, 0% used [0x00000000ef100000,0x00000000ef100000,0x00000000ef600000)
 ParOldGen       total 87552K, used 3346K [0x00000000c0000000, 0x00000000c5580000, 0x00000000eab00000)
  object space 87552K, 3% used [0x00000000c0000000,0x00000000c0344bf0,0x00000000c5580000)
 Metaspace       used 15821K, capacity 16172K, committed 16256K, reserved 1062912K
  class space    used 2267K, capacity 2378K, committed 2432K, reserved 1048576K
}
Event: 4.717 GC heap before
{Heap before GC invocations=4 (full 0):
 PSYoungGen      total 38400K, used 32684K [0x00000000eab00000, 0x00000000ef600000, 0x0000000100000000)
  eden space 33280K, 82% used [0x00000000eab00000,0x00000000ec5ecd68,0x00000000ecb80000)
  from space 5120K, 99% used [0x00000000ecb80000,0x00000000ed07e4a8,0x00000000ed080000)
  to   space 5120K, 0% used [0x00000000ef100000,0x00000000ef100000,0x00000000ef600000)
 ParOldGen       total 87552K, used 3346K [0x00000000c0000000, 0x00000000c5580000, 0x00000000eab00000)
  object space 87552K, 3% used [0x00000000c0000000,0x00000000c0344bf0,0x00000000c5580000)
 Metaspace       used 20797K, capacity 21106K, committed 21248K, reserved 1067008K
  class space    used 2826K, capacity 2956K, committed 3072K, reserved 1048576K
Event: 4.743 GC heap after
Heap after GC invocations=4 (full 0):
 PSYoungGen      total 71680K, used 5088K [0x00000000eab00000, 0x00000000ef600000, 0x0000000100000000)
  eden space 66560K, 0% used [0x00000000eab00000,0x00000000eab00000,0x00000000eec00000)
  from space 5120K, 99% used [0x00000000ef100000,0x00000000ef5f8020,0x00000000ef600000)
  to   space 5120K, 0% used [0x00000000eec00000,0x00000000eec00000,0x00000000ef100000)
 ParOldGen       total 87552K, used 8043K [0x00000000c0000000, 0x00000000c5580000, 0x00000000eab00000)
  object space 87552K, 9% used [0x00000000c0000000,0x00000000c07dace0,0x00000000c5580000)
 Metaspace       used 20797K, capacity 21106K, committed 21248K, reserved 1067008K
  class space    used 2826K, capacity 2956K, committed 3072K, reserved 1048576K
}
Event: 4.743 GC heap before
{Heap before GC invocations=5 (full 1):
 PSYoungGen      total 71680K, used 5088K [0x00000000eab00000, 0x00000000ef600000, 0x0000000100000000)
  eden space 66560K, 0% used [0x00000000eab00000,0x00000000eab00000,0x00000000eec00000)
  from space 5120K, 99% used [0x00000000ef100000,0x00000000ef5f8020,0x00000000ef600000)
  to   space 5120K, 0% used [0x00000000eec00000,0x00000000eec00000,0x00000000ef100000)
 ParOldGen       total 87552K, used 8043K [0x00000000c0000000, 0x00000000c5580000, 0x00000000eab00000)
  object space 87552K, 9% used [0x00000000c0000000,0x00000000c07dace0,0x00000000c5580000)
 Metaspace       used 20797K, capacity 21106K, committed 21248K, reserved 1067008K
  class space    used 2826K, capacity 2956K, committed 3072K, reserved 1048576K
Event: 4.800 GC heap after
Heap after GC invocations=5 (full 1):
 PSYoungGen      total 71680K, used 0K [0x00000000eab00000, 0x00000000ef600000, 0x0000000100000000)
  eden space 66560K, 0% used [0x00000000eab00000,0x00000000eab00000,0x00000000eec00000)
  from space 5120K, 0% used [0x00000000ef100000,0x00000000ef100000,0x00000000ef600000)
  to   space 5120K, 0% used [0x00000000eec00000,0x00000000eec00000,0x00000000ef100000)
 ParOldGen       total 62464K, used 9624K [0x00000000c0000000, 0x00000000c3d00000, 0x00000000eab00000)
  object space 62464K, 15% used [0x00000000c0000000,0x00000000c09663d0,0x00000000c3d00000)
 Metaspace       used 20797K, capacity 21106K, committed 21248K, reserved 1067008K
  class space    used 2826K, capacity 2956K, committed 3072K, reserved 1048576K
}
Event: 7.780 GC heap before
{Heap before GC invocations=6 (full 1):
 PSYoungGen      total 71680K, used 66560K [0x00000000eab00000, 0x00000000ef600000, 0x0000000100000000)
  eden space 66560K, 100% used [0x00000000eab00000,0x00000000eec00000,0x00000000eec00000)
  from space 5120K, 0% used [0x00000000ef100000,0x00000000ef100000,0x00000000ef600000)
  to   space 5120K, 0% used [0x00000000eec00000,0x00000000eec00000,0x00000000ef100000)
 ParOldGen       total 62464K, used 9624K [0x00000000c0000000, 0x00000000c3d00000, 0x00000000eab00000)
  object space 62464K, 15% used [0x00000000c0000000,0x00000000c09663d0,0x00000000c3d00000)
 Metaspace       used 25645K, capacity 25974K, committed 26112K, reserved 1071104K
  class space    used 3616K, capacity 3741K, committed 3840K, reserved 1048576K
Event: 7.806 GC heap after
Heap after GC invocations=6 (full 1):
 PSYoungGen      total 71680K, used 5113K [0x00000000eab00000, 0x00000000ef600000, 0x0000000100000000)
  eden space 66560K, 0% used [0x00000000eab00000,0x00000000eab00000,0x00000000eec00000)
  from space 5120K, 99% used [0x00000000eec00000,0x00000000ef0fe680,0x00000000ef100000)
  to   space 5120K, 0% used [0x00000000ef100000,0x00000000ef100000,0x00000000ef600000)
 ParOldGen       total 62464K, used 12215K [0x00000000c0000000, 0x00000000c3d00000, 0x00000000eab00000)
  object space 62464K, 19% used [0x00000000c0000000,0x00000000c0bedc38,0x00000000c3d00000)
 Metaspace       used 25645K, capacity 25974K, committed 26112K, reserved 1071104K
  class space    used 3616K, capacity 3741K, committed 3840K, reserved 1048576K
}
Event: 10.580 GC heap before
{Heap before GC invocations=7 (full 1):
 PSYoungGen      total 71680K, used 71673K [0x00000000eab00000, 0x00000000ef600000, 0x0000000100000000)
  eden space 66560K, 100% used [0x00000000eab00000,0x00000000eec00000,0x00000000eec00000)
  from space 5120K, 99% used [0x00000000eec00000,0x00000000ef0fe680,0x00000000ef100000)
  to   space 5120K, 0% used [0x00000000ef100000,0x00000000ef100000,0x00000000ef600000)
 ParOldGen       total 62464K, used 12215K [0x00000000c0000000, 0x00000000c3d00000, 0x00000000eab00000)
  object space 62464K, 19% used [0x00000000c0000000,0x00000000c0bedc38,0x00000000c3d00000)
 Metaspace       used 29060K, capacity 29536K, committed 29824K, reserved 1075200K
  class space    used 4010K, capacity 4162K, committed 4224K, reserved 1048576K
Event: 10.598 GC heap after
Heap after GC invocations=7 (full 1):
 PSYoungGen      total 71680K, used 5088K [0x00000000eab00000, 0x00000000ef600000, 0x0000000100000000)
  eden space 66560K, 0% used [0x00000000eab00000,0x00000000eab00000,0x00000000eec00000)
  from space 5120K, 99% used [0x00000000ef100000,0x00000000ef5f8020,0x00000000ef600000)
  to   space 5120K, 0% used [0x00000000eec00000,0x00000000eec00000,0x00000000ef100000)
 ParOldGen       total 62464K, used 14289K [0x00000000c0000000, 0x00000000c3d00000, 0x00000000eab00000)
  object space 62464K, 22% used [0x00000000c0000000,0x00000000c0df4610,0x00000000c3d00000)
 Metaspace       used 29060K, capacity 29536K, committed 29824K, reserved 1075200K
  class space    used 4010K, capacity 4162K, committed 4224K, reserved 1048576K
}

Deoptimization events (10 events):
Event: 9.362 Thread 0x0000000018700800 Uncommon trap: reason=unstable_if action=reinterpret pc=0x0000000003b03b24 method=com.sun.org.apache.xerces.internal.impl.XMLEntityScanner.peekChar()I @ 45
Event: 9.362 Thread 0x0000000018700800 Uncommon trap: reason=unstable_if action=reinterpret pc=0x0000000003b2d1f0 method=com.sun.org.apache.xerces.internal.impl.XMLEntityScanner.scanContent(Lcom/sun/org/apache/xerces/internal/xni/XMLString;)I @ 44
Event: 9.362 Thread 0x0000000018700800 Uncommon trap: reason=unstable_if action=reinterpret pc=0x0000000003a88a28 method=com.sun.org.apache.xerces.internal.impl.XMLEntityScanner.checkEntityLimit(Lcom/sun/org/apache/xerces/internal/impl/XMLScanner$NameType;Lcom/sun/xml/internal/stream/Entity$Sc
Event: 9.436 Thread 0x0000000018700800 Uncommon trap: reason=unstable_if action=reinterpret pc=0x0000000003b91cac method=com.sun.org.apache.xerces.internal.impl.io.UTF8Reader.read([CII)I @ 131
Event: 9.594 Thread 0x0000000018700800 Uncommon trap: reason=unstable_if action=reinterpret pc=0x0000000003c82540 method=com.sun.org.apache.xerces.internal.impl.XMLEntityScanner.scanContent(Lcom/sun/org/apache/xerces/internal/xni/XMLString;)I @ 418
Event: 9.771 Thread 0x0000000018700800 Uncommon trap: reason=unstable_if action=reinterpret pc=0x0000000003ca91f8 method=com.sun.org.apache.xerces.internal.impl.XMLDocumentFragmentScannerImpl$FragmentContentDriver.next()I @ 971
Event: 9.980 Thread 0x0000000018700800 Uncommon trap: reason=unstable_if action=reinterpret pc=0x0000000003bc9aa0 method=com.sun.org.apache.xerces.internal.impl.XMLEntityScanner.scanName(Lcom/sun/org/apache/xerces/internal/impl/XMLScanner$NameType;)Ljava/lang/String; @ 69
Event: 10.111 Thread 0x0000000018700800 Uncommon trap: reason=unstable_if action=reinterpret pc=0x0000000003d03e2c method=com.sun.org.apache.xerces.internal.impl.XMLDocumentFragmentScannerImpl$FragmentContentDriver.next()I @ 823
Event: 10.421 Thread 0x0000000018700800 Uncommon trap: reason=unstable_if action=reinterpret pc=0x0000000003cd4a0c method=java.util.HashMap.removeNode(ILjava/lang/Object;Ljava/lang/Object;ZZ)Ljava/util/HashMap$Node; @ 89
Event: 10.422 Thread 0x0000000018700800 Uncommon trap: reason=unstable_if action=reinterpret pc=0x0000000003cd5d20 method=java.util.HashMap.removeNode(ILjava/lang/Object;Ljava/lang/Object;ZZ)Ljava/util/HashMap$Node; @ 89

Internal exceptions (10 events):
Event: 7.723 Thread 0x0000000018700800 Exception <a 'java/lang/ClassNotFoundException': java/lang/StringBeanInfo> (0x00000000eeb46b98) thrown at [C:\re\workspace\8-2-build-windows-amd64-cygwin\jdk8u121\8372\hotspot\src\share\vm\classfile\systemDictionary.cpp, line 210]
Event: 7.723 Thread 0x0000000018700800 Exception <a 'java/lang/ClassNotFoundException': java/lang/StringCustomizer> (0x00000000eeb49a48) thrown at [C:\re\workspace\8-2-build-windows-amd64-cygwin\jdk8u121\8372\hotspot\src\share\vm\classfile\systemDictionary.cpp, line 210]
Event: 8.260 Thread 0x0000000018700800 Exception <a 'java/lang/NoSuchMethodError': <clinit>> (0x00000000ec04ea10) thrown at [C:\re\workspace\8-2-build-windows-amd64-cygwin\jdk8u121\8372\hotspot\src\share\vm\prims\jni.cpp, line 1613]
Event: 10.421 Thread 0x0000000018700800 Implicit null exception at 0x0000000003cd4821 to 0x0000000003cd49df
Event: 10.422 Thread 0x0000000018700800 Implicit null exception at 0x0000000003cd5a8b to 0x0000000003cd5ce6
Event: 10.830 Thread 0x0000000018d47800 Exception <a 'java/lang/NoSuchMethodError': <clinit>> (0x00000000eb4830f8) thrown at [C:\re\workspace\8-2-build-windows-amd64-cygwin\jdk8u121\8372\hotspot\src\share\vm\prims\jni.cpp, line 1613]
Event: 11.000 Thread 0x0000000018700800 Exception <a 'java/lang/ClassNotFoundException': build_5hu92sesujn8u88zkv5m8a6maBeanInfo> (0x00000000eb8f9090) thrown at [C:\re\workspace\8-2-build-windows-amd64-cygwin\jdk8u121\8372\hotspot\src\share\vm\classfile\systemDictionary.cpp, line 210]
Event: 11.000 Thread 0x0000000018700800 Exception <a 'java/lang/ClassNotFoundException': build_5hu92sesujn8u88zkv5m8a6maCustomizer> (0x00000000eb902360) thrown at [C:\re\workspace\8-2-build-windows-amd64-cygwin\jdk8u121\8372\hotspot\src\share\vm\classfile\systemDictionary.cpp, line 210]
Event: 11.166 Thread 0x0000000018700800 Exception <a 'java/lang/ClassNotFoundException': org/gradle/api/internal/plugins/DefaultObjectConfigurationActionBeanInfo> (0x00000000ebad45c0) thrown at [C:\re\workspace\8-2-build-windows-amd64-cygwin\jdk8u121\8372\hotspot\src\share\vm\classfile\systemDi
Event: 11.167 Thread 0x0000000018700800 Exception <a 'java/lang/ClassNotFoundException': org/gradle/api/internal/plugins/DefaultObjectConfigurationActionCustomizer> (0x00000000ebb0c4d0) thrown at [C:\re\workspace\8-2-build-windows-amd64-cygwin\jdk8u121\8372\hotspot\src\share\vm\classfile\system

Events (10 events):
Event: 11.454 loading class javax/management/MBeanNotificationInfo
Event: 11.454 loading class javax/management/MBeanFeatureInfo
Event: 11.455 loading class javax/management/DescriptorRead
Event: 11.455 loading class javax/management/DescriptorRead done
Event: 11.455 loading class javax/management/MBeanFeatureInfo done
Event: 11.455 loading class javax/management/MBeanNotificationInfo done
Event: 11.455 loading class javax/management/MBeanInfo
Event: 11.455 loading class javax/management/MBeanInfo done
Event: 11.455 loading class javax/management/MBeanAttributeInfo
Event: 11.455 loading class javax/management/MBeanAttributeInfo done


Dynamic libraries:
0x00007ff6b0e40000 - 0x00007ff6b0e77000 	C:\Program Files\Java\jdk1.8.0_121\bin\java.exe
0x00007fff23b30000 - 0x00007fff23d25000 	C:\WINDOWS\SYSTEM32\ntdll.dll
0x00007fff21b90000 - 0x00007fff21c4e000 	C:\WINDOWS\System32\KERNEL32.DLL
0x00007fff21250000 - 0x00007fff21518000 	C:\WINDOWS\System32\KERNELBASE.dll
0x00007fff233e0000 - 0x00007fff2348e000 	C:\WINDOWS\System32\ADVAPI32.dll
0x00007fff226b0000 - 0x00007fff2274e000 	C:\WINDOWS\System32\msvcrt.dll
0x00007fff21c50000 - 0x00007fff21cec000 	C:\WINDOWS\System32\sechost.dll
0x00007fff23500000 - 0x00007fff23625000 	C:\WINDOWS\System32\RPCRT4.dll
0x00007fff23230000 - 0x00007fff233d0000 	C:\WINDOWS\System32\USER32.dll
0x00007fff21a00000 - 0x00007fff21a22000 	C:\WINDOWS\System32\win32u.dll
0x00007fff22d30000 - 0x00007fff22d5b000 	C:\WINDOWS\System32\GDI32.dll
0x00007fff216e0000 - 0x00007fff217eb000 	C:\WINDOWS\System32\gdi32full.dll
0x00007fff218a0000 - 0x00007fff2193d000 	C:\WINDOWS\System32\msvcp_win.dll
0x00007fff215e0000 - 0x00007fff216e0000 	C:\WINDOWS\System32\ucrtbase.dll
0x00007fff10fc0000 - 0x00007fff1125a000 	C:\WINDOWS\WinSxS\amd64_microsoft.windows.common-controls_6595b64144ccf1df_6.0.19041.1110_none_60b5254171f9507e\COMCTL32.dll
0x00007fff21cf0000 - 0x00007fff21d20000 	C:\WINDOWS\System32\IMM32.DLL
0x000000005a290000 - 0x000000005a362000 	C:\Program Files\Java\jdk1.8.0_121\jre\bin\msvcr100.dll
0x00000000599f0000 - 0x000000005a28b000 	C:\Program Files\Java\jdk1.8.0_121\jre\bin\server\jvm.dll
0x00007fff239f0000 - 0x00007fff239f8000 	C:\WINDOWS\System32\PSAPI.DLL
0x00007fff088f0000 - 0x00007fff088f9000 	C:\WINDOWS\SYSTEM32\WSOCK32.dll
0x00007fff112d0000 - 0x00007fff112f7000 	C:\WINDOWS\SYSTEM32\WINMM.dll
0x00007fff12290000 - 0x00007fff1229a000 	C:\WINDOWS\SYSTEM32\VERSION.dll
0x00007fff23490000 - 0x00007fff234fb000 	C:\WINDOWS\System32\WS2_32.dll
0x00000000599e0000 - 0x00000000599ef000 	C:\Program Files\Java\jdk1.8.0_121\jre\bin\verify.dll
0x00000000599b0000 - 0x00000000599d9000 	C:\Program Files\Java\jdk1.8.0_121\jre\bin\java.dll
0x0000000059990000 - 0x00000000599a6000 	C:\Program Files\Java\jdk1.8.0_121\jre\bin\zip.dll
0x00007fff21f60000 - 0x00007fff226a4000 	C:\WINDOWS\System32\SHELL32.dll
0x00007fff1ef90000 - 0x00007fff1f724000 	C:\WINDOWS\SYSTEM32\windows.storage.dll
0x00007fff22750000 - 0x00007fff22aa4000 	C:\WINDOWS\System32\combase.dll
0x00007fff20be0000 - 0x00007fff20c0c000 	C:\WINDOWS\SYSTEM32\Wldp.dll
0x00007fff23860000 - 0x00007fff2390d000 	C:\WINDOWS\System32\SHCORE.dll
0x00007fff22d60000 - 0x00007fff22db5000 	C:\WINDOWS\System32\shlwapi.dll
0x00007fff21190000 - 0x00007fff211af000 	C:\WINDOWS\SYSTEM32\profapi.dll
0x0000000059970000 - 0x000000005998a000 	C:\Program Files\Java\jdk1.8.0_121\jre\bin\net.dll
0x00007fff20940000 - 0x00007fff209aa000 	C:\WINDOWS\system32\mswsock.dll
0x0000000059950000 - 0x0000000059961000 	C:\Program Files\Java\jdk1.8.0_121\jre\bin\nio.dll
0x00007fff102e0000 - 0x00007fff102fe000 	C:\Users\User\.gradle\native\25\windows-amd64\native-platform.dll
0x00007fff20b30000 - 0x00007fff20b48000 	C:\WINDOWS\SYSTEM32\CRYPTSP.dll
0x00007fff202c0000 - 0x00007fff202f4000 	C:\WINDOWS\system32\rsaenh.dll
0x00007fff21940000 - 0x00007fff21967000 	C:\WINDOWS\System32\bcrypt.dll
0x00007fff21150000 - 0x00007fff2117e000 	C:\WINDOWS\SYSTEM32\USERENV.dll
0x00007fff21970000 - 0x00007fff219f2000 	C:\WINDOWS\System32\bcryptprimitives.dll
0x00007fff20b50000 - 0x00007fff20b5c000 	C:\WINDOWS\SYSTEM32\CRYPTBASE.dll
0x00007fff20630000 - 0x00007fff2066b000 	C:\WINDOWS\SYSTEM32\IPHLPAPI.DLL
0x00007fff233d0000 - 0x00007fff233d8000 	C:\WINDOWS\System32\NSI.dll
0x00007fff186f0000 - 0x00007fff18707000 	C:\WINDOWS\SYSTEM32\dhcpcsvc6.DLL
0x00007fff17700000 - 0x00007fff1771d000 	C:\WINDOWS\SYSTEM32\dhcpcsvc.DLL
0x00007fff20670000 - 0x00007fff2073a000 	C:\WINDOWS\SYSTEM32\DNSAPI.dll
0x0000000059940000 - 0x000000005994d000 	C:\Program Files\Java\jdk1.8.0_121\jre\bin\management.dll

VM Arguments:
jvm_args: -XX:MaxPermSize=256m -XX:+HeapDumpOnOutOfMemoryError -Xmx1024m -Dfile.encoding=ISO-8859-1 -Duser.country=IN -Duser.language=en -Duser.variant 
java_command: org.gradle.launcher.daemon.bootstrap.GradleDaemon 3.5
java_class_path (initial): C:\Users\User\.gradle\wrapper\dists\gradle-3.5-all\exhrs6ca08n232b14ue48lbye\gradle-3.5\lib\gradle-launcher-3.5.jar
Launcher Type: SUN_STANDARD

Environment Variables:
JAVA_HOME=C:\Program Files\Java\jdk1.8.0_121
PATH=C:\Program Files (x86)\VMware\VMware Workstation\bin\;C:\Program Files\Common Files\Oracle\Java\javapath;C:\Python39\Scripts\;C:\Python39\;C:\WINDOWS\system32;C:\WINDOWS;C:\WINDOWS\System32\Wbem;C:\WINDOWS\System32\WindowsPowerShell\v1.0\;C:\WINDOWS\System32\OpenSSH\;C:\Program Files\Git\cmd;C:\Program Files\nodejs\;C:\ProgramData\chocolatey\bin;C:\Program Files\Java\jdk1.8.0_121\bin;C:\hadoop\bin;C:\hadoop\sbin;C:\grails-3.3.6\bin;C:\Program Files\PostgreSQL\14\bin;C:\Users\User\AppData\Local\Microsoft\WindowsApps;C:\Users\User\AppData\Roaming\npm;C:\Users\User\AppData\Local\Programs\Microsoft VS Code\bin;C:\Program Files\JetBrains\IntelliJ IDEA 2020.2.4\bin;;
USERNAME=Capulus
OS=Windows_NT
PROCESSOR_IDENTIFIER=Intel64 Family 6 Model 61 Stepping 4, GenuineIntel



---------------  S Y S T E M  ---------------

OS: Windows 10.0 , 64 bit Build 19041 (10.0.19041.1566)

CPU:total 4 (2 cores per cpu, 2 threads per core) family 6 model 61 stepping 4, cmov, cx8, fxsr, mmx, sse, sse2, sse3, ssse3, sse4.1, sse4.2, popcnt, avx, avx2, aes, clmul, erms, rtm, 3dnowpref, lzcnt, ht, tsc, tscinvbit, bmi1, bmi2, adx

Memory: 4k page, physical 8277520k(668412k free), swap 20508392k(6080k free)

vm_info: Java HotSpot(TM) 64-Bit Server VM (25.121-b13) for windows-amd64 JRE (1.8.0_121-b13), built on Dec 12 2016 18:21:36 by "java_re" with MS VC++ 10.0 (VS2010)

time: Mon Apr 04 11:25:06 2022
elapsed time: 11 seconds (0d 0h 0m 11s)

