#
# There is insufficient memory for the Java Runtime Environment to continue.
# Native memory allocation (malloc) failed to allocate 32744 bytes for ChunkPool::allocate
# Possible reasons:
#   The system is out of physical RAM or swap space
#   In 32 bit mode, the process size limit was hit
# Possible solutions:
#   Reduce memory load on the system
#   Increase physical memory or swap space
#   Check if swap backing store is full
#   Use 64 bit Java on a 64 bit OS
#   Decrease Java heap size (-Xmx/-Xms)
#   Decrease number of Java threads
#   Decrease Java thread stack sizes (-Xss)
#   Set larger code cache with -XX:ReservedCodeCacheSize=
# This output file may be truncated or incomplete.
#
#  Out of Memory Error (allocation.cpp:273), pid=1468, tid=0x00000000000029cc
#
# JRE version: Java(TM) SE Runtime Environment (8.0_121-b13) (build 1.8.0_121-b13)
# Java VM: Java HotSpot(TM) 64-Bit Server VM (25.121-b13 mixed mode windows-amd64 compressed oops)
# Failed to write core dump. Minidumps are not enabled by default on client versions of Windows
#

---------------  T H R E A D  ---------------

Current thread (0x000000001727f000):  JavaThread "C2 CompilerThread0" daemon [_thread_in_native, id=10700, stack(0x0000000018900000,0x0000000018a00000)]

Stack: [0x0000000018900000,0x0000000018a00000]
[error occurred during error reporting (printing stack bounds), id 0xc0000005]

Native frames: (J=compiled Java code, j=interpreted, Vv=VM code, C=native code)


Current CompileTask:
C2:  26651 4159       4       org.gradle.model.internal.type.ModelType::wrap (219 bytes)


---------------  P R O C E S S  ---------------

Java Threads: ( => current thread )
  0x000000001963f000 JavaThread "Cache worker for task history cache (D:\PharmIT-Billing\.gradle\3.5\taskHistory)" [_thread_blocked, id=12428, stack(0x00000000220b0000,0x00000000221b0000)]
  0x000000001963b000 JavaThread "Memory manager" [_thread_blocked, id=5888, stack(0x00000000207f0000,0x00000000208f0000)]
  0x0000000019639000 JavaThread "Cache worker for Artifact transforms cache (C:\Users\User\.gradle\caches\transforms-1)" [_thread_blocked, id=11776, stack(0x000000001f6c0000,0x000000001f7c0000)]
  0x0000000019639800 JavaThread "File lock request listener" [_thread_in_native, id=2284, stack(0x000000001bc50000,0x000000001bd50000)]
  0x000000001963f800 JavaThread "Cache worker for file hash cache (C:\Users\User\.gradle\caches\3.5\fileHashes)" [_thread_blocked, id=14356, stack(0x000000001bb50000,0x000000001bc50000)]
  0x0000000018e38000 JavaThread "Stdin handler" [_thread_blocked, id=6392, stack(0x000000001ba50000,0x000000001bb50000)]
  0x0000000018e64800 JavaThread "Asynchronous log dispatcher for DefaultDaemonConnection: socket connection from /127.0.0.1:52546 to /127.0.0.1:52547" [_thread_blocked, id=17156, stack(0x000000001b950000,0x000000001ba50000)]
  0x0000000018e63800 JavaThread "Daemon worker" [_thread_in_vm, id=1204, stack(0x000000001b850000,0x000000001b950000)]
  0x0000000018e44800 JavaThread "Cancel handler" [_thread_blocked, id=17140, stack(0x000000001b750000,0x000000001b850000)]
  0x0000000019d39000 JavaThread "Handler for socket connection from /127.0.0.1:52546 to /127.0.0.1:52547" [_thread_in_native, id=4856, stack(0x000000001b450000,0x000000001b550000)]
  0x0000000019d38800 JavaThread "Daemon" [_thread_blocked, id=14192, stack(0x000000001b350000,0x000000001b450000)]
  0x0000000019d36800 JavaThread "Daemon periodic checks" [_thread_blocked, id=15668, stack(0x000000001b250000,0x000000001b350000)]
  0x0000000019dda000 JavaThread "Incoming local TCP Connector on port 52546" [_thread_in_native, id=15740, stack(0x000000001b010000,0x000000001b110000)]
  0x0000000019faa800 JavaThread "Daemon health stats" [_thread_blocked, id=2228, stack(0x000000001ad10000,0x000000001ae10000)]
  0x00000000172dc000 JavaThread "Service Thread" daemon [_thread_blocked, id=17060, stack(0x0000000019000000,0x0000000019100000)]
  0x00000000172d7000 JavaThread "C1 CompilerThread2" daemon [_thread_blocked, id=5380, stack(0x0000000018b00000,0x0000000018c00000)]
  0x0000000017283000 JavaThread "C2 CompilerThread1" daemon [_thread_in_native, id=6416, stack(0x0000000018a00000,0x0000000018b00000)]
=>0x000000001727f000 JavaThread "C2 CompilerThread0" daemon [_thread_in_native, id=10700, stack(0x0000000018900000,0x0000000018a00000)]
  0x000000001727c000 JavaThread "Attach Listener" daemon [_thread_blocked, id=15220, stack(0x0000000018800000,0x0000000018900000)]
  0x000000001727b000 JavaThread "Signal Dispatcher" daemon [_thread_blocked, id=17220, stack(0x0000000018700000,0x0000000018800000)]
  0x000000001726a800 JavaThread "Finalizer" daemon [_thread_blocked, id=11916, stack(0x0000000018500000,0x0000000018600000)]
  0x0000000002650000 JavaThread "Reference Handler" daemon [_thread_blocked, id=4604, stack(0x0000000018400000,0x0000000018500000)]
  0x0000000002562800 JavaThread "main" [_thread_blocked, id=15640, stack(0x0000000002460000,0x0000000002560000)]

Other Threads:
  0x0000000017248000 VMThread [stack: 0x0000000018300000,0x0000000018400000] [id=11744]
  0x0000000018c1f800 WatcherThread [stack: 0x0000000019100000,0x0000000019200000] [id=352]

VM state:not at safepoint (normal execution)

VM Mutex/Monitor currently owned by a thread: None

Heap:
 PSYoungGen      total 91136K, used 55064K [0x00000000d5580000, 0x00000000dbb00000, 0x0000000100000000)
  eden space 80896K, 57% used [0x00000000d5580000,0x00000000d82b1d48,0x00000000da480000)
  from space 10240K, 85% used [0x00000000daf00000,0x00000000db794338,0x00000000db900000)
  to   space 10752K, 0% used [0x00000000da480000,0x00000000da480000,0x00000000daf00000)
 ParOldGen       total 66560K, used 9679K [0x0000000080000000, 0x0000000084100000, 0x00000000d5580000)
  object space 66560K, 14% used [0x0000000080000000,0x0000000080973cb8,0x0000000084100000)
 Metaspace       used 32495K, capacity 32988K, committed 33280K, reserved 1077248K
  class space    used 4474K, capacity 4587K, committed 4608K, reserved 1048576K

Card table byte_map: [0x0000000011a20000,0x0000000011e30000] byte_map_base: 0x0000000011620000

Marking Bits: (ParMarkBitMap*) 0x000000005bf8b6d0
 Begin Bits: [0x00000000124e0000, 0x00000000144e0000)
 End Bits:   [0x00000000144e0000, 0x00000000164e0000)

Polling page: 0x0000000002380000

CodeCache: size=245760Kb used=14418Kb max_used=14418Kb free=231341Kb
 bounds [0x0000000002660000, 0x0000000003490000, 0x0000000011660000]
 total_blobs=4649 nmethods=3969 adapters=591
 compilation: enabled

Compilation events (10 events):
Event: 26.559 Thread 0x00000000172d7000 4271       3       org.gradle.model.internal.manage.schema.extract.PropertyAccessorExtractionContext::collectAnnotations (106 bytes)
Event: 26.560 Thread 0x00000000172d7000 nmethod 4271 0x000000000347b0d0 code [0x000000000347b3c0, 0x000000000347ca98]
Event: 26.561 Thread 0x00000000172d7000 4272       3       sun.reflect.generics.repository.ConstructorRepository::parse (6 bytes)
Event: 26.562 Thread 0x00000000172d7000 nmethod 4272 0x000000000347d690 code [0x000000000347d840, 0x000000000347deb8]
Event: 26.562 Thread 0x00000000172d7000 4273       3       sun.reflect.generics.repository.ConstructorRepository::parse (8 bytes)
Event: 26.562 Thread 0x00000000172d7000 nmethod 4273 0x000000000347e250 code [0x000000000347e400, 0x000000000347e998]
Event: 26.562 Thread 0x00000000172d7000 4274       3       sun.reflect.generics.parser.SignatureParser::parseMethodSig (13 bytes)
Event: 26.562 Thread 0x00000000172d7000 nmethod 4274 0x000000000347ec50 code [0x000000000347ede0, 0x000000000347f198]
Event: 26.563 Thread 0x00000000172d7000 4275       3       sun.reflect.annotation.AnnotationParser::parseAnnotations2 (135 bytes)
Event: 26.566 Thread 0x00000000172d7000 nmethod 4275 0x000000000347f310 code [0x000000000347f6c0, 0x00000000034815f8]

GC Heap History (10 events):
Event: 14.097 GC heap before
{Heap before GC invocations=5 (full 1):
 PSYoungGen      total 38400K, used 5099K [0x00000000d5580000, 0x00000000d8000000, 0x0000000100000000)
  eden space 33280K, 0% used [0x00000000d5580000,0x00000000d5580000,0x00000000d7600000)
  from space 5120K, 99% used [0x00000000d7b00000,0x00000000d7ffafe0,0x00000000d8000000)
  to   space 5120K, 0% used [0x00000000d7600000,0x00000000d7600000,0x00000000d7b00000)
 ParOldGen       total 87552K, used 7947K [0x0000000080000000, 0x0000000085580000, 0x00000000d5580000)
  object space 87552K, 9% used [0x0000000080000000,0x00000000807c2e70,0x0000000085580000)
 Metaspace       used 20820K, capacity 21102K, committed 21248K, reserved 1067008K
  class space    used 2826K, capacity 2956K, committed 3072K, reserved 1048576K
Event: 14.182 GC heap after
Heap after GC invocations=5 (full 1):
 PSYoungGen      total 38400K, used 0K [0x00000000d5580000, 0x00000000d8000000, 0x0000000100000000)
  eden space 33280K, 0% used [0x00000000d5580000,0x00000000d5580000,0x00000000d7600000)
  from space 5120K, 0% used [0x00000000d7b00000,0x00000000d7b00000,0x00000000d8000000)
  to   space 5120K, 0% used [0x00000000d7600000,0x00000000d7600000,0x00000000d7b00000)
 ParOldGen       total 66560K, used 9591K [0x0000000080000000, 0x0000000084100000, 0x00000000d5580000)
  object space 66560K, 14% used [0x0000000080000000,0x000000008095dca8,0x0000000084100000)
 Metaspace       used 20820K, capacity 21102K, committed 21248K, reserved 1067008K
  class space    used 2826K, capacity 2956K, committed 3072K, reserved 1048576K
}
Event: 18.160 GC heap before
{Heap before GC invocations=6 (full 1):
 PSYoungGen      total 38400K, used 33280K [0x00000000d5580000, 0x00000000d8000000, 0x0000000100000000)
  eden space 33280K, 100% used [0x00000000d5580000,0x00000000d7600000,0x00000000d7600000)
  from space 5120K, 0% used [0x00000000d7b00000,0x00000000d7b00000,0x00000000d8000000)
  to   space 5120K, 0% used [0x00000000d7600000,0x00000000d7600000,0x00000000d7b00000)
 ParOldGen       total 66560K, used 9591K [0x0000000080000000, 0x0000000084100000, 0x00000000d5580000)
  object space 66560K, 14% used [0x0000000080000000,0x000000008095dca8,0x0000000084100000)
 Metaspace       used 23919K, capacity 24256K, committed 24448K, reserved 1071104K
  class space    used 3298K, capacity 3409K, committed 3456K, reserved 1048576K
Event: 18.178 GC heap after
Heap after GC invocations=6 (full 1):
 PSYoungGen      total 38400K, used 4374K [0x00000000d5580000, 0x00000000d9a00000, 0x0000000100000000)
  eden space 33280K, 0% used [0x00000000d5580000,0x00000000d5580000,0x00000000d7600000)
  from space 5120K, 85% used [0x00000000d7600000,0x00000000d7a45920,0x00000000d7b00000)
  to   space 10752K, 0% used [0x00000000d8f80000,0x00000000d8f80000,0x00000000d9a00000)
 ParOldGen       total 66560K, used 9599K [0x0000000080000000, 0x0000000084100000, 0x00000000d5580000)
  object space 66560K, 14% used [0x0000000080000000,0x000000008095fca8,0x0000000084100000)
 Metaspace       used 23919K, capacity 24256K, committed 24448K, reserved 1071104K
  class space    used 3298K, capacity 3409K, committed 3456K, reserved 1048576K
}
Event: 19.390 GC heap before
{Heap before GC invocations=7 (full 1):
 PSYoungGen      total 38400K, used 37654K [0x00000000d5580000, 0x00000000d9a00000, 0x0000000100000000)
  eden space 33280K, 100% used [0x00000000d5580000,0x00000000d7600000,0x00000000d7600000)
  from space 5120K, 85% used [0x00000000d7600000,0x00000000d7a45920,0x00000000d7b00000)
  to   space 10752K, 0% used [0x00000000d8f80000,0x00000000d8f80000,0x00000000d9a00000)
 ParOldGen       total 66560K, used 9599K [0x0000000080000000, 0x0000000084100000, 0x00000000d5580000)
  object space 66560K, 14% used [0x0000000080000000,0x000000008095fca8,0x0000000084100000)
 Metaspace       used 25754K, capacity 26162K, committed 26368K, reserved 1071104K
  class space    used 3628K, capacity 3741K, committed 3840K, reserved 1048576K
Event: 19.440 GC heap after
Heap after GC invocations=7 (full 1):
 PSYoungGen      total 59392K, used 4910K [0x00000000d5580000, 0x00000000da200000, 0x0000000100000000)
  eden space 48640K, 0% used [0x00000000d5580000,0x00000000d5580000,0x00000000d8500000)
  from space 10752K, 45% used [0x00000000d8f80000,0x00000000d944bb70,0x00000000d9a00000)
  to   space 10752K, 0% used [0x00000000d8500000,0x00000000d8500000,0x00000000d8f80000)
 ParOldGen       total 66560K, used 9599K [0x0000000080000000, 0x0000000084100000, 0x00000000d5580000)
  object space 66560K, 14% used [0x0000000080000000,0x000000008095fca8,0x0000000084100000)
 Metaspace       used 25754K, capacity 26162K, committed 26368K, reserved 1071104K
  class space    used 3628K, capacity 3741K, committed 3840K, reserved 1048576K
}
Event: 22.307 GC heap before
{Heap before GC invocations=8 (full 1):
 PSYoungGen      total 59392K, used 53550K [0x00000000d5580000, 0x00000000da200000, 0x0000000100000000)
  eden space 48640K, 100% used [0x00000000d5580000,0x00000000d8500000,0x00000000d8500000)
  from space 10752K, 45% used [0x00000000d8f80000,0x00000000d944bb70,0x00000000d9a00000)
  to   space 10752K, 0% used [0x00000000d8500000,0x00000000d8500000,0x00000000d8f80000)
 ParOldGen       total 66560K, used 9599K [0x0000000080000000, 0x0000000084100000, 0x00000000d5580000)
  object space 66560K, 14% used [0x0000000080000000,0x000000008095fca8,0x0000000084100000)
 Metaspace       used 28917K, capacity 29468K, committed 29568K, reserved 1075200K
  class space    used 4017K, capacity 4162K, committed 4224K, reserved 1048576K
Event: 22.330 GC heap after
Heap after GC invocations=8 (full 1):
 PSYoungGen      total 59392K, used 6747K [0x00000000d5580000, 0x00000000db900000, 0x0000000100000000)
  eden space 48640K, 0% used [0x00000000d5580000,0x00000000d5580000,0x00000000d8500000)
  from space 10752K, 62% used [0x00000000d8500000,0x00000000d8b96c30,0x00000000d8f80000)
  to   space 10240K, 0% used [0x00000000daf00000,0x00000000daf00000,0x00000000db900000)
 ParOldGen       total 66560K, used 9607K [0x0000000080000000, 0x0000000084100000, 0x00000000d5580000)
  object space 66560K, 14% used [0x0000000080000000,0x0000000080961ca8,0x0000000084100000)
 Metaspace       used 28917K, capacity 29468K, committed 29568K, reserved 1075200K
  class space    used 4017K, capacity 4162K, committed 4224K, reserved 1048576K
}
Event: 25.061 GC heap before
{Heap before GC invocations=9 (full 1):
 PSYoungGen      total 59392K, used 55387K [0x00000000d5580000, 0x00000000db900000, 0x0000000100000000)
  eden space 48640K, 100% used [0x00000000d5580000,0x00000000d8500000,0x00000000d8500000)
  from space 10752K, 62% used [0x00000000d8500000,0x00000000d8b96c30,0x00000000d8f80000)
  to   space 10240K, 0% used [0x00000000daf00000,0x00000000daf00000,0x00000000db900000)
 ParOldGen       total 66560K, used 9607K [0x0000000080000000, 0x0000000084100000, 0x00000000d5580000)
  object space 66560K, 14% used [0x0000000080000000,0x0000000080961ca8,0x0000000084100000)
 Metaspace       used 30275K, capacity 30704K, committed 30976K, reserved 1075200K
  class space    used 4174K, capacity 4296K, committed 4352K, reserved 1048576K
Event: 25.106 GC heap after
Heap after GC invocations=9 (full 1):
 PSYoungGen      total 91136K, used 8784K [0x00000000d5580000, 0x00000000dbb00000, 0x0000000100000000)
  eden space 80896K, 0% used [0x00000000d5580000,0x00000000d5580000,0x00000000da480000)
  from space 10240K, 85% used [0x00000000daf00000,0x00000000db794338,0x00000000db900000)
  to   space 10752K, 0% used [0x00000000da480000,0x00000000da480000,0x00000000daf00000)
 ParOldGen       total 66560K, used 9679K [0x0000000080000000, 0x0000000084100000, 0x00000000d5580000)
  object space 66560K, 14% used [0x0000000080000000,0x0000000080973cb8,0x0000000084100000)
 Metaspace       used 30275K, capacity 30704K, committed 30976K, reserved 1075200K
  class space    used 4174K, capacity 4296K, committed 4352K, reserved 1048576K
}

Deoptimization events (10 events):
Event: 23.300 Thread 0x0000000018e63800 Uncommon trap: reason=unstable_if action=reinterpret pc=0x000000000329c4b4 method=com.esotericsoftware.kryo.io.Output.writeString(Ljava/lang/CharSequence;)V @ 1
Event: 25.452 Thread 0x0000000018e63800 Uncommon trap: reason=unstable_if action=reinterpret pc=0x0000000002fa5124 method=java.lang.Integer.valueOf(I)Ljava/lang/Integer; @ 3
Event: 25.462 Thread 0x0000000018e63800 Uncommon trap: reason=predicate action=maybe_recompile pc=0x00000000032ec50c method=java.util.Arrays.binarySearch0([Ljava/lang/Object;IILjava/lang/Object;Ljava/util/Comparator;)I @ 28
Event: 25.538 Thread 0x0000000018e63800 Uncommon trap: reason=unstable_if action=reinterpret pc=0x0000000002c18620 method=sun.misc.MetaIndex.mayContain(Ljava/lang/String;)Z @ 38
Event: 25.654 Thread 0x0000000018e63800 Uncommon trap: reason=unstable_if action=reinterpret pc=0x00000000033a2610 method=org.objectweb.asm.MethodWriter.visitVarInsn(II)V @ 22
Event: 25.927 Thread 0x0000000018e63800 Uncommon trap: reason=unstable_if action=reinterpret pc=0x0000000002e0b8f8 method=java.util.HashMap.putVal(ILjava/lang/Object;Ljava/lang/Object;ZZ)Ljava/lang/Object; @ 162
Event: 25.928 Thread 0x0000000018e63800 Uncommon trap: reason=unstable_if action=reinterpret pc=0x0000000002b9a268 method=java.util.HashMap.putVal(ILjava/lang/Object;Ljava/lang/Object;ZZ)Ljava/lang/Object; @ 162
Event: 25.928 Thread 0x0000000018e63800 Uncommon trap: reason=unstable_if action=reinterpret pc=0x00000000028fb4d4 method=java.util.HashMap.resize()[Ljava/util/HashMap$Node; @ 206
Event: 26.352 Thread 0x0000000018e63800 Uncommon trap: reason=unstable_if action=reinterpret pc=0x00000000033f2174 method=java.lang.reflect.Modifier.toString(I)Ljava/lang/String; @ 123
Event: 26.352 Thread 0x0000000018e63800 Uncommon trap: reason=unstable_if action=reinterpret pc=0x00000000033eb758 method=java.lang.reflect.Modifier.toString(I)Ljava/lang/String; @ 123

Internal exceptions (10 events):
Event: 19.276 Thread 0x0000000018e63800 Exception <a 'java/lang/ClassNotFoundException': java/lang/StringBeanInfo> (0x00000000d74a4440) thrown at [C:\re\workspace\8-2-build-windows-amd64-cygwin\jdk8u121\8372\hotspot\src\share\vm\classfile\systemDictionary.cpp, line 210]
Event: 19.277 Thread 0x0000000018e63800 Exception <a 'java/lang/ClassNotFoundException': java/lang/StringCustomizer> (0x00000000d74a72f0) thrown at [C:\re\workspace\8-2-build-windows-amd64-cygwin\jdk8u121\8372\hotspot\src\share\vm\classfile\systemDictionary.cpp, line 210]
Event: 20.096 Thread 0x0000000018e63800 Implicit null exception at 0x0000000002be32e5 to 0x0000000002be3835
Event: 20.252 Thread 0x0000000018e63800 Exception <a 'java/lang/NoSuchMethodError': <clinit>> (0x00000000d6a142c0) thrown at [C:\re\workspace\8-2-build-windows-amd64-cygwin\jdk8u121\8372\hotspot\src\share\vm\prims\jni.cpp, line 1613]
Event: 23.300 Thread 0x0000000018e63800 Implicit null exception at 0x000000000329c1f0 to 0x000000000329c4a1
Event: 23.625 Thread 0x000000001963f800 Exception <a 'java/lang/NoSuchMethodError': <clinit>> (0x00000000d778b310) thrown at [C:\re\workspace\8-2-build-windows-amd64-cygwin\jdk8u121\8372\hotspot\src\share\vm\prims\jni.cpp, line 1613]
Event: 23.905 Thread 0x0000000018e63800 Exception <a 'java/lang/ClassNotFoundException': build_5hu92sesujn8u88zkv5m8a6maBeanInfo> (0x00000000d7cb08d0) thrown at [C:\re\workspace\8-2-build-windows-amd64-cygwin\jdk8u121\8372\hotspot\src\share\vm\classfile\systemDictionary.cpp, line 210]
Event: 23.906 Thread 0x0000000018e63800 Exception <a 'java/lang/ClassNotFoundException': build_5hu92sesujn8u88zkv5m8a6maCustomizer> (0x00000000d7cb9ba0) thrown at [C:\re\workspace\8-2-build-windows-amd64-cygwin\jdk8u121\8372\hotspot\src\share\vm\classfile\systemDictionary.cpp, line 210]
Event: 24.643 Thread 0x0000000018e63800 Exception <a 'java/lang/ClassNotFoundException': org/gradle/api/internal/plugins/DefaultObjectConfigurationActionBeanInfo> (0x00000000d7e8bd50) thrown at [C:\re\workspace\8-2-build-windows-amd64-cygwin\jdk8u121\8372\hotspot\src\share\vm\classfile\systemDi
Event: 24.644 Thread 0x0000000018e63800 Exception <a 'java/lang/ClassNotFoundException': org/gradle/api/internal/plugins/DefaultObjectConfigurationActionCustomizer> (0x00000000d7ec3c60) thrown at [C:\re\workspace\8-2-build-windows-amd64-cygwin\jdk8u121\8372\hotspot\src\share\vm\classfile\system

Events (10 events):
Event: 26.427 loading class org/apache/tools/ant/types/FilterSet$Filter
Event: 26.427 loading class org/apache/tools/ant/types/FilterSet$Filter done
Event: 26.433 loading class org/apache/tools/ant/types/Reference
Event: 26.433 loading class org/apache/tools/ant/types/Reference done
Event: 26.434 loading class org/apache/tools/ant/Location
Event: 26.434 loading class org/apache/tools/ant/Location done
Event: 26.506 loading class org/apache/tools/ant/input/InputRequest
Event: 26.506 loading class org/apache/tools/ant/input/InputRequest done
Event: 26.511 loading class java/net/Proxy
Event: 26.511 loading class java/net/Proxy done


Dynamic libraries:
0x00007ff6796e0000 - 0x00007ff679717000 	C:\Program Files\Java\jdk1.8.0_121\bin\java.exe
0x00007ffa6fed0000 - 0x00007ffa700c8000 	C:\WINDOWS\SYSTEM32\ntdll.dll
0x00007ffa6f0e0000 - 0x00007ffa6f19d000 	C:\WINDOWS\System32\KERNEL32.DLL
0x00007ffa6db50000 - 0x00007ffa6de1e000 	C:\WINDOWS\System32\KERNELBASE.dll
0x00007ffa6e7d0000 - 0x00007ffa6e87e000 	C:\WINDOWS\System32\ADVAPI32.dll
0x00007ffa6eeb0000 - 0x00007ffa6ef4e000 	C:\WINDOWS\System32\msvcrt.dll
0x00007ffa6e000000 - 0x00007ffa6e09c000 	C:\WINDOWS\System32\sechost.dll
0x00007ffa6e880000 - 0x00007ffa6e9a5000 	C:\WINDOWS\System32\RPCRT4.dll
0x00007ffa6ed10000 - 0x00007ffa6eeb0000 	C:\WINDOWS\System32\USER32.dll
0x00007ffa6d5f0000 - 0x00007ffa6d612000 	C:\WINDOWS\System32\win32u.dll
0x00007ffa6f2c0000 - 0x00007ffa6f2ea000 	C:\WINDOWS\System32\GDI32.dll
0x00007ffa6de20000 - 0x00007ffa6df2b000 	C:\WINDOWS\System32\gdi32full.dll
0x00007ffa6d760000 - 0x00007ffa6d7fd000 	C:\WINDOWS\System32\msvcp_win.dll
0x00007ffa6d800000 - 0x00007ffa6d900000 	C:\WINDOWS\System32\ucrtbase.dll
0x00007ffa5cf50000 - 0x00007ffa5d1ea000 	C:\WINDOWS\WinSxS\amd64_microsoft.windows.common-controls_6595b64144ccf1df_6.0.19041.1110_none_60b5254171f9507e\COMCTL32.dll
0x00007ffa6f1a0000 - 0x00007ffa6f1d0000 	C:\WINDOWS\System32\IMM32.DLL
0x000000005c010000 - 0x000000005c0e2000 	C:\Program Files\Java\jdk1.8.0_121\jre\bin\msvcr100.dll
0x000000005b770000 - 0x000000005c00b000 	C:\Program Files\Java\jdk1.8.0_121\jre\bin\server\jvm.dll
0x00007ffa6f580000 - 0x00007ffa6f588000 	C:\WINDOWS\System32\PSAPI.DLL
0x00007ffa5b570000 - 0x00007ffa5b579000 	C:\WINDOWS\SYSTEM32\WSOCK32.dll
0x00007ffa6f350000 - 0x00007ffa6f3bb000 	C:\WINDOWS\System32\WS2_32.dll
0x00007ffa5d240000 - 0x00007ffa5d267000 	C:\WINDOWS\SYSTEM32\WINMM.dll
0x00007ffa5e1a0000 - 0x00007ffa5e1aa000 	C:\WINDOWS\SYSTEM32\VERSION.dll
0x000000005b760000 - 0x000000005b76f000 	C:\Program Files\Java\jdk1.8.0_121\jre\bin\verify.dll
0x000000005b730000 - 0x000000005b759000 	C:\Program Files\Java\jdk1.8.0_121\jre\bin\java.dll
0x000000005b710000 - 0x000000005b726000 	C:\Program Files\Java\jdk1.8.0_121\jre\bin\zip.dll
0x00007ffa6f6c0000 - 0x00007ffa6fe04000 	C:\WINDOWS\System32\SHELL32.dll
0x00007ffa6b2e0000 - 0x00007ffa6ba74000 	C:\WINDOWS\SYSTEM32\windows.storage.dll
0x00007ffa6e9b0000 - 0x00007ffa6ed04000 	C:\WINDOWS\System32\combase.dll
0x00007ffa6cea0000 - 0x00007ffa6ced0000 	C:\WINDOWS\SYSTEM32\Wldp.dll
0x00007ffa6e6c0000 - 0x00007ffa6e76d000 	C:\WINDOWS\System32\SHCORE.dll
0x00007ffa6e770000 - 0x00007ffa6e7c5000 	C:\WINDOWS\System32\shlwapi.dll
0x00007ffa6d530000 - 0x00007ffa6d54f000 	C:\WINDOWS\SYSTEM32\profapi.dll
0x000000005b6f0000 - 0x000000005b70a000 	C:\Program Files\Java\jdk1.8.0_121\jre\bin\net.dll
0x00007ffa6cc80000 - 0x00007ffa6ccea000 	C:\WINDOWS\system32\mswsock.dll
0x000000005b6d0000 - 0x000000005b6e1000 	C:\Program Files\Java\jdk1.8.0_121\jre\bin\nio.dll
0x00007ffa3b9d0000 - 0x00007ffa3b9ee000 	C:\Users\User\.gradle\native\25\windows-amd64\native-platform.dll
0x00007ffa6cee0000 - 0x00007ffa6cef8000 	C:\WINDOWS\SYSTEM32\CRYPTSP.dll
0x00007ffa6c620000 - 0x00007ffa6c654000 	C:\WINDOWS\system32\rsaenh.dll
0x00007ffa6dab0000 - 0x00007ffa6dad7000 	C:\WINDOWS\System32\bcrypt.dll
0x00007ffa6d4b0000 - 0x00007ffa6d4de000 	C:\WINDOWS\SYSTEM32\USERENV.dll
0x00007ffa6d620000 - 0x00007ffa6d6a2000 	C:\WINDOWS\System32\bcryptprimitives.dll
0x00007ffa6ce10000 - 0x00007ffa6ce1c000 	C:\WINDOWS\SYSTEM32\CRYPTBASE.dll
0x00007ffa6c990000 - 0x00007ffa6c9cb000 	C:\WINDOWS\SYSTEM32\IPHLPAPI.DLL
0x00007ffa6f2b0000 - 0x00007ffa6f2b8000 	C:\WINDOWS\System32\NSI.dll
0x00007ffa61c90000 - 0x00007ffa61ca7000 	C:\WINDOWS\SYSTEM32\dhcpcsvc6.DLL
0x00007ffa62fc0000 - 0x00007ffa62fdd000 	C:\WINDOWS\SYSTEM32\dhcpcsvc.DLL
0x00007ffa6c9d0000 - 0x00007ffa6ca9b000 	C:\WINDOWS\SYSTEM32\DNSAPI.dll
0x000000005b6c0000 - 0x000000005b6cd000 	C:\Program Files\Java\jdk1.8.0_121\jre\bin\management.dll

VM Arguments:
jvm_args: -XX:MaxPermSize=512m -XX:+HeapDumpOnOutOfMemoryError -Xmx2048m -Dfile.encoding=UTF-8 -Duser.country=IN -Duser.language=en -Duser.variant 
java_command: org.gradle.launcher.daemon.bootstrap.GradleDaemon 3.5
java_class_path (initial): C:\Users\User\.gradle\wrapper\dists\gradle-3.5-all\exhrs6ca08n232b14ue48lbye\gradle-3.5\lib\gradle-launcher-3.5.jar
Launcher Type: SUN_STANDARD

Environment Variables:
JAVA_HOME=C:\Program Files\Java\jdk1.8.0_121
PATH=C:\Program Files\Common Files\Oracle\Java\javapath;C:\Python39\Scripts\;C:\Python39\;C:\WINDOWS\system32;C:\WINDOWS;C:\WINDOWS\System32\Wbem;C:\WINDOWS\System32\WindowsPowerShell\v1.0\;C:\WINDOWS\System32\OpenSSH\;C:\Program Files\Git\cmd;C:\Program Files\nodejs\;C:\ProgramData\chocolatey\bin;C:\Program Files\Java\jdk1.8.0_121\bin;C:\hadoop\bin;C:\hadoop\sbin;C:\grails-3.3.6\bin;C:\Program Files\PostgreSQL\14\bin;C:\Program Files\PuTTY\;C:\Program Files\Docker\Docker\resources\bin;C:\ProgramData\DockerDesktop\version-bin;C:\Users\User\AppData\Local\Microsoft\WindowsApps;C:\Users\User\AppData\Roaming\npm;C:\Users\User\AppData\Local\Programs\Microsoft VS Code\bin;C:\Program Files\JetBrains\IntelliJ IDEA 2020.2.4\bin;;
USERNAME=Capulus
OS=Windows_NT
PROCESSOR_IDENTIFIER=Intel64 Family 6 Model 61 Stepping 4, GenuineIntel



---------------  S Y S T E M  ---------------

OS: Windows 10.0 , 64 bit Build 19041 (10.0.19041.1806)

CPU:total 4 (2 cores per cpu, 2 threads per core) family 6 model 61 stepping 4, cmov, cx8, fxsr, mmx, sse, sse2, sse3, ssse3, sse4.1, sse4.2, popcnt, avx, avx2, aes, clmul, erms, rtm, 3dnowpref, lzcnt, ht, tsc, tscinvbit, bmi1, bmi2, adx

Memory: 4k page, physical 8277520k(484536k free), swap 26593948k(4504k free)

vm_info: Java HotSpot(TM) 64-Bit Server VM (25.121-b13) for windows-amd64 JRE (1.8.0_121-b13), built on Dec 12 2016 18:21:36 by "java_re" with MS VC++ 10.0 (VS2010)

time: Tue Jul 26 10:17:00 2022
elapsed time: 26 seconds (0d 0h 0m 26s)

