JvmtiExport can_access_local_variables 0
JvmtiExport can_hotswap_or_post_breakpoint 0
JvmtiExport can_post_on_exceptions 0
# 124 ciObject found
ciMethod com/google/common/collect/RegularImmutableSet iterator ()Lcom/google/common/collect/UnmodifiableIterator; 2049 1 6400 0 -1
ciMethod com/google/common/base/Preconditions checkArgument (Z)V 2049 1 14270 0 64
ciMethod com/google/common/base/Preconditions checkPositionIndex (II)I 2049 1 17066 0 -1
ciMethod com/google/common/base/Preconditions checkPositionIndexes (III)V 2049 1 11965 0 128
ciMethod com/google/common/collect/Iterators emptyListIterator ()Lcom/google/common/collect/UnmodifiableListIterator; 593 1 6718 0 -1
ciMethod com/google/common/collect/Iterators forArray ([Ljava/lang/Object;)Lcom/google/common/collect/UnmodifiableIterator; 2041 1 21307 0 0
ciMethod com/google/common/collect/Iterators forArray ([Ljava/lang/Object;III)Lcom/google/common/collect/UnmodifiableListIterator; 2041 1 7424 0 384
ciMethod com/google/common/collect/Iterators$11 <init> (II[Ljava/lang/Object;I)V 2049 1 6066 0 -1
ciMethodData com/google/common/collect/RegularImmutableSet iterator ()Lcom/google/common/collect/UnmodifiableIterator; 2 6400 orig 264 72 50 203 103 0 0 0 0 184 171 112 23 0 0 0 0 88 1 0 0 0 0 0 0 0 0 0 0 0 0 0 0 0 0 0 0 0 0 0 0 0 0 0 0 0 0 0 0 0 0 0 0 0 0 0 0 0 0 0 0 0 0 0 0 0 0 0 0 0 0 0 0 0 0 0 0 0 0 0 0 77 68 79 32 101 120 116 114 97 32 100 97 116 97 32 108 111 99 107 0 0 0 0 0 0 0 0 0 0 0 0 0 0 0 0 0 0 0 0 0 0 0 0 0 0 0 0 0 0 0 0 0 0 0 0 0 0 0 0 0 0 0 0 0 0 0 0 0 0 0 0 0 0 0 0 0 0 0 0 0 0 0 0 0 0 0 0 0 0 0 0 0 0 0 0 0 0 0 0 0 0 0 0 0 0 0 0 0 0 0 0 0 0 0 0 0 0 0 0 0 0 0 0 0 0 0 0 0 0 0 0 0 0 0 0 0 0 1 0 0 1 192 0 0 1 0 0 0 0 0 0 0 0 0 0 0 2 0 0 0 0 0 3 0 2 0 0 0 16 0 0 0 255 255 255 255 2 0 4 0 0 0 0 0 data 2 0x40002 0x1800 oops 0
ciMethodData com/google/common/collect/Iterators forArray ([Ljava/lang/Object;)Lcom/google/common/collect/UnmodifiableIterator; 2 21308 orig 264 72 50 203 103 0 0 0 0 112 249 132 23 0 0 0 0 88 1 0 0 0 0 0 0 0 0 0 0 0 0 0 0 0 0 0 0 0 0 0 0 0 0 0 0 0 0 0 0 0 0 0 0 0 0 0 0 0 0 0 0 0 0 0 0 0 0 0 0 0 0 0 0 0 0 0 0 0 0 0 0 77 68 79 32 101 120 116 114 97 32 100 97 116 97 32 108 111 99 107 0 0 0 0 0 0 0 0 0 0 0 0 0 0 0 0 0 0 0 0 0 0 0 0 0 0 0 0 0 0 0 0 0 0 0 0 0 0 0 0 0 0 0 0 0 0 0 0 0 0 0 0 0 0 0 0 0 0 0 0 0 0 0 0 0 0 0 0 0 0 0 0 0 0 0 0 0 0 0 0 0 0 0 0 0 0 0 0 0 0 0 0 0 0 0 0 0 0 0 0 0 0 0 0 0 0 0 0 0 0 0 0 0 0 0 0 0 255 0 0 0 233 145 2 0 1 0 0 0 0 0 0 0 0 0 0 0 2 0 0 0 0 0 3 0 2 0 0 0 16 0 0 0 255 255 255 255 2 0 5 0 0 0 0 0 data 2 0x50002 0x523d oops 0
ciMethodData com/google/common/collect/Iterators forArray ([Ljava/lang/Object;III)Lcom/google/common/collect/UnmodifiableListIterator; 2 7424 orig 264 72 50 203 103 0 0 0 0 120 250 132 23 0 0 0 0 8 2 0 0 136 0 0 0 0 0 0 0 0 0 0 0 0 0 0 0 0 0 0 0 0 0 0 0 0 0 0 0 0 0 0 0 0 0 0 0 0 0 0 0 0 0 0 0 0 0 0 0 0 0 0 0 0 0 0 0 0 0 0 0 77 68 79 32 101 120 116 114 97 32 100 97 116 97 32 108 111 99 107 0 0 0 0 0 0 0 0 0 0 0 0 0 0 0 0 0 0 0 0 0 0 0 0 0 0 0 0 0 0 0 0 0 0 0 0 0 0 0 0 0 0 0 0 0 0 0 0 0 0 0 0 0 0 0 0 0 0 0 0 0 0 0 0 0 0 0 0 0 0 0 0 0 0 0 0 0 0 0 0 0 0 0 0 0 0 0 0 0 0 0 0 0 0 0 0 0 0 0 0 0 0 0 0 0 0 0 0 0 0 0 0 0 0 0 0 0 255 0 0 0 9 224 0 0 1 0 0 0 0 0 0 0 0 0 0 0 2 0 0 0 0 0 26 0 2 0 0 0 168 0 0 0 255 255 255 255 7 0 1 0 0 0 0 0 data 21 0x10007 0x0 0x38 0x1c01 0x50003 0x1c01 0x18 0x90002 0x1c01 0x160002 0x1c01 0x1b0002 0x1c01 0x200007 0x16a3 0x30 0x55e 0x230002 0x55e 0x2f0002 0x16a3 oops 0
ciMethodData com/google/common/base/Preconditions checkArgument (Z)V 2 14270 orig 264 72 50 203 103 0 0 0 0 240 242 112 23 0 0 0 0 80 1 0 0 0 0 0 0 0 0 0 0 0 0 0 0 0 0 0 0 0 0 0 0 0 0 0 0 0 0 0 0 0 0 0 0 0 0 0 0 0 0 0 0 0 0 0 0 0 0 0 0 0 0 0 0 0 0 0 0 0 0 0 0 77 68 79 32 101 120 116 114 97 32 100 97 116 97 32 108 111 99 107 0 0 0 0 0 0 0 0 0 0 0 0 0 0 0 0 0 0 0 0 0 0 0 0 0 0 0 0 0 0 0 0 0 0 0 0 0 0 0 0 0 0 0 0 0 0 0 0 0 0 0 0 0 0 0 0 0 0 0 0 0 0 0 0 0 0 0 0 0 0 0 0 0 0 0 0 0 0 0 0 0 0 0 0 0 25 0 0 0 0 0 0 0 0 0 0 0 0 0 0 0 0 0 0 0 0 0 0 0 0 0 0 0 0 0 0 0 0 1 0 0 241 181 1 0 1 0 0 0 0 0 0 0 0 0 0 0 2 0 0 0 0 0 5 0 2 0 0 0 48 0 0 0 255 255 255 255 7 0 1 0 0 0 0 0 data 6 0x10007 0x36be 0x30 0x0 0x80002 0x0 oops 0
ciMethodData com/google/common/base/Preconditions checkPositionIndexes (III)V 2 11965 orig 264 72 50 203 103 0 0 0 0 232 255 112 23 0 0 0 0 216 1 0 0 64 0 0 0 0 0 0 0 0 0 0 0 0 0 0 0 0 0 0 0 0 0 0 0 0 0 0 0 0 0 0 0 0 0 0 0 0 0 0 0 0 0 0 0 0 0 0 0 0 0 0 0 0 0 0 0 0 0 0 0 77 68 79 32 101 120 116 114 97 32 100 97 116 97 32 108 111 99 107 0 0 0 0 0 0 0 0 0 0 0 0 0 0 0 0 0 0 0 0 0 0 0 0 0 0 0 0 0 0 0 0 0 0 0 0 0 0 0 0 0 0 0 0 0 0 0 0 0 0 0 0 0 0 0 0 0 0 0 0 0 0 0 0 0 0 0 0 0 0 0 0 0 0 0 0 0 0 0 0 0 0 0 0 0 25 0 0 0 0 0 0 0 0 0 0 0 0 0 0 0 0 0 0 0 0 0 0 0 0 0 0 0 0 0 0 0 0 1 0 0 233 109 1 0 1 0 0 0 0 0 0 0 0 0 0 0 2 0 0 0 0 0 10 0 2 0 0 0 128 0 0 0 255 255 255 255 7 0 1 0 0 0 0 0 data 16 0x10007 0x0 0x60 0x2dbd 0x60007 0x0 0x40 0x2dbd 0xb0007 0x2dbd 0x40 0x0 0x150002 0x0 0x180002 0x0 oops 0
instanceKlass org/gradle/internal/logging/events/StyledTextOutputEvent$Span
instanceKlass org/gradle/process/internal/streams/ExecOutputHandleRunner
instanceKlass org/gradle/util/DisconnectableInputStream$1
instanceKlass org/gradle/util/DisconnectableInputStream$ThreadExecuter
instanceKlass java/lang/ProcessImpl$2
instanceKlass net/rubygrapefruit/platform/internal/jni/WindowsHandleFunctions
instanceKlass org/gradle/process/internal/ProcessBuilderFactory
instanceKlass java/lang/ProcessBuilder
instanceKlass org/gradle/process/internal/ExecHandleRunner
instanceKlass org/gradle/process/internal/ExecHandleListener
instanceKlass org/gradle/process/internal/ExecHandleShutdownHookAction
instanceKlass net/rubygrapefruit/platform/internal/DefaultProcessLauncher
instanceKlass net/rubygrapefruit/platform/internal/WindowsProcessLauncher
instanceKlass net/rubygrapefruit/platform/internal/WrapperProcessLauncher
instanceKlass org/gradle/process/internal/DefaultExecHandle
instanceKlass org/gradle/process/internal/ProcessSettings
instanceKlass org/gradle/process/internal/streams/StreamsForwarder
instanceKlass org/springframework/boot/loader/tools/FileUtils
instanceKlass java/io/Console$2
instanceKlass sun/misc/JavaIOAccess
instanceKlass java/io/Console$1
instanceKlass groovy/util/CharsetToolkit
instanceKlass org/gradle/api/internal/changedetection/changes/NoHistoryArtifactState
instanceKlass org/gradle/api/internal/file/collections/DirectoryTrees
instanceKlass org/gradle/api/internal/changedetection/state/EnumValueSnapshot
instanceKlass org/gradle/cache/internal/DefaultMultiProcessSafePersistentIndexedCache$3
instanceKlass org/gradle/cache/internal/AsyncCacheAccessDecoratedCache$3
instanceKlass com/google/common/collect/Maps$10
instanceKlass org/gradle/cache/internal/btree/BTreePersistentIndexedCache$DataBlockUpdateResult
instanceKlass org/gradle/cache/internal/DefaultMultiProcessSafePersistentIndexedCache$2
instanceKlass org/gradle/api/internal/changedetection/rules/OutputFilesTaskStateChanges$1
instanceKlass org/gradle/cache/internal/AsyncCacheAccessDecoratedCache$2
instanceKlass com/google/common/cache/RemovalNotification
instanceKlass sun/util/locale/provider/CalendarNameProviderImpl$LengthBasedComparator
instanceKlass sun/util/locale/provider/CalendarDataUtility$CalendarFieldValueNamesMapGetter
instanceKlass org/apache/tools/ant/util/DateUtils
instanceKlass sun/nio/cs/Surrogate
instanceKlass sun/nio/cs/Surrogate$Parser
instanceKlass org/apache/tools/ant/util/LayoutPreservingProperties$LogicalLine
instanceKlass org/apache/tools/ant/IntrospectionHelper$Creator
instanceKlass org/apache/tools/ant/taskdefs/optional/PropertyFile$Entry
instanceKlass org/apache/tools/ant/DemuxOutputStream$BufferInfo
instanceKlass org/apache/tools/ant/dispatch/Dispatchable
instanceKlass org/apache/tools/ant/dispatch/DispatchUtils
instanceKlass org/apache/tools/ant/DynamicAttribute
instanceKlass org/apache/tools/ant/Evaluable
instanceKlass org/apache/tools/ant/RuntimeConfigurable$AttributeComponentInformation
instanceKlass org/apache/tools/ant/DynamicElementNS
instanceKlass org/apache/tools/ant/DynamicElement
instanceKlass org/apache/tools/ant/IntrospectionHelper$NestedCreator
instanceKlass org/apache/tools/ant/IntrospectionHelper$AttributeSetter
instanceKlass org/apache/tools/ant/IntrospectionHelper
instanceKlass com/sun/org/apache/xerces/internal/parsers/AbstractSAXParser$LocatorProxy
instanceKlass org/xml/sax/ext/Locator2
instanceKlass com/sun/org/apache/xerces/internal/util/ErrorHandlerWrapper
instanceKlass com/sun/org/apache/xerces/internal/xni/parser/XMLErrorHandler
instanceKlass org/gradle/internal/logging/LogLevelMapping
instanceKlass org/apache/tools/zip/ZipEightByteInteger
instanceKlass org/apache/tools/zip/Zip64ExtendedInformationExtraField
instanceKlass org/apache/tools/zip/JarMarker
instanceKlass org/apache/tools/zip/AsiExtraField
instanceKlass org/apache/tools/zip/UnixStat
instanceKlass org/apache/tools/zip/ExtraFieldUtils
instanceKlass org/apache/tools/zip/ExtraFieldUtils$UnparseableExtraField
instanceKlass org/apache/tools/zip/AbstractUnicodeExtraField
instanceKlass org/apache/tools/zip/ZipUtil
instanceKlass org/apache/tools/zip/ZipShort
instanceKlass org/apache/tools/zip/GeneralPurposeBit
instanceKlass org/apache/tools/zip/UnparseableExtraFieldData
instanceKlass org/apache/tools/zip/CentralDirectoryParsingZipExtraField
instanceKlass org/apache/tools/zip/ZipFile$OffsetEntry
instanceKlass org/apache/tools/zip/FallbackZipEncoding
instanceKlass org/apache/tools/zip/ZipEncodingHelper$SimpleEncodingHolder
instanceKlass org/apache/tools/zip/ZipEncoding
instanceKlass org/apache/tools/zip/ZipEncodingHelper
instanceKlass org/apache/tools/zip/ZipFile$2
instanceKlass org/apache/tools/zip/ZipExtraField
instanceKlass org/apache/tools/zip/ZipFile
instanceKlass com/sun/org/apache/xerces/internal/parsers/AbstractSAXParser$AttributesProxy
instanceKlass org/xml/sax/ext/Attributes2
instanceKlass org/xml/sax/XMLReader
instanceKlass org/xml/sax/Parser
instanceKlass javax/xml/parsers/SAXParser
instanceKlass com/sun/org/apache/xerces/internal/xs/PSVIProvider
instanceKlass javax/xml/parsers/SAXParserFactory
instanceKlass org/apache/tools/ant/util/JAXPUtils
instanceKlass org/xml/sax/helpers/DefaultHandler
instanceKlass org/apache/tools/ant/types/resources/URLResource$ConnectionUser
instanceKlass org/apache/tools/ant/types/resources/URLProvider
instanceKlass org/apache/tools/ant/util/CollectionUtils$CompoundEnumeration
instanceKlass org/apache/tools/ant/util/CollectionUtils
instanceKlass java/util/Vector$1
instanceKlass org/apache/tools/ant/util/ReflectUtil
instanceKlass org/apache/tools/zip/ZipLong
instanceKlass org/apache/tools/ant/AntClassLoader$ResourceEnumeration
instanceKlass org/apache/tools/ant/util/ClasspathUtils$Delegate
instanceKlass org/apache/tools/ant/util/ClasspathUtils
instanceKlass org/xml/sax/AttributeList
instanceKlass org/apache/tools/ant/util/CollectionUtils$EmptyEnumeration
instanceKlass groovy/xml/QName
instanceKlass org/xml/sax/helpers/AttributesImpl
instanceKlass org/gradle/api/internal/tasks/execution/ExecuteActionsTaskExecuter$1
