#
# There is insufficient memory for the Java Runtime Environment to continue.
# Native memory allocation (malloc) failed to allocate 3085136 bytes for Chunk::new
# Possible reasons:
#   The system is out of physical RAM or swap space
#   In 32 bit mode, the process size limit was hit
# Possible solutions:
#   Reduce memory load on the system
#   Increase physical memory or swap space
#   Check if swap backing store is full
#   Use 64 bit Java on a 64 bit OS
#   Decrease Java heap size (-Xmx/-Xms)
#   Decrease number of Java threads
#   Decrease Java thread stack sizes (-Xss)
#   Set larger code cache with -XX:ReservedCodeCacheSize=
# This output file may be truncated or incomplete.
#
#  Out of Memory Error (allocation.cpp:390), pid=14764, tid=0x000000000000248c
#
# JRE version: Java(TM) SE Runtime Environment (8.0_121-b13) (build 1.8.0_121-b13)
# Java VM: Java HotSpot(TM) 64-Bit Server VM (25.121-b13 mixed mode windows-amd64 compressed oops)
# Failed to write core dump. Minidumps are not enabled by default on client versions of Windows
#

---------------  T H R E A D  ---------------

Current thread (0x0000000015465800):  JavaThread "C2 CompilerThread1" daemon [_thread_in_native, id=9356, stack(0x0000000016bc0000,0x0000000016cc0000)]

Stack: [0x0000000016bc0000,0x0000000016cc0000]
[error occurred during error reporting (printing stack bounds), id 0xc0000005]

Native frames: (J=compiled Java code, j=interpreted, Vv=VM code, C=native code)


Current CompileTask:
C2:  14403 4188       4       org.gradle.model.internal.type.ModelType::wrap (219 bytes)


---------------  P R O C E S S  ---------------

Java Threads: ( => current thread )
  0x00000000180bf800 JavaThread "Cache worker for task history cache (D:\PharmIT-Billing\.gradle\3.5\taskHistory)" [_thread_blocked, id=11744, stack(0x000000001f580000,0x000000001f680000)]
  0x00000000180c1800 JavaThread "Memory manager" [_thread_blocked, id=7440, stack(0x000000001f380000,0x000000001f480000)]
  0x00000000180be800 JavaThread "Cache worker for Artifact transforms cache (C:\Users\User\.gradle\caches\transforms-1)" [_thread_blocked, id=3432, stack(0x000000001c2e0000,0x000000001c3e0000)]
  0x00000000180be000 JavaThread "File lock request listener" [_thread_in_native, id=1068, stack(0x0000000019e40000,0x0000000019f40000)]
  0x00000000180c3000 JavaThread "Cache worker for file hash cache (C:\Users\User\.gradle\caches\3.5\fileHashes)" [_thread_blocked, id=10716, stack(0x0000000019d40000,0x0000000019e40000)]
  0x000000001820f800 JavaThread "Stdin handler" [_thread_blocked, id=16008, stack(0x0000000019c40000,0x0000000019d40000)]
  0x000000001820f000 JavaThread "Asynchronous log dispatcher for DefaultDaemonConnection: socket connection from /127.0.0.1:51255 to /127.0.0.1:51256" [_thread_blocked, id=13508, stack(0x0000000019b40000,0x0000000019c40000)]
  0x00000000185c9000 JavaThread "Daemon worker" [_thread_in_Java, id=14928, stack(0x0000000019a40000,0x0000000019b40000)]
  0x0000000018038800 JavaThread "Cancel handler" [_thread_blocked, id=15744, stack(0x0000000019940000,0x0000000019a40000)]
  0x0000000017d0e000 JavaThread "Handler for socket connection from /127.0.0.1:51255 to /127.0.0.1:51256" [_thread_in_native, id=19176, stack(0x0000000019640000,0x0000000019740000)]
  0x0000000017d0d000 JavaThread "Daemon" [_thread_blocked, id=16428, stack(0x0000000019540000,0x0000000019640000)]
  0x00000000180d2000 JavaThread "Daemon periodic checks" [_thread_blocked, id=13956, stack(0x0000000019440000,0x0000000019540000)]
  0x000000001822e800 JavaThread "Incoming local TCP Connector on port 51255" [_thread_in_native, id=11168, stack(0x0000000019200000,0x0000000019300000)]
  0x0000000018547000 JavaThread "Daemon health stats" [_thread_blocked, id=13592, stack(0x0000000018b90000,0x0000000018c90000)]
  0x0000000016df0800 JavaThread "Service Thread" daemon [_thread_blocked, id=10684, stack(0x00000000171c0000,0x00000000172c0000)]
  0x0000000015471800 JavaThread "C1 CompilerThread2" daemon [_thread_in_vm, id=3188, stack(0x0000000016cc0000,0x0000000016dc0000)]
=>0x0000000015465800 JavaThread "C2 CompilerThread1" daemon [_thread_in_native, id=9356, stack(0x0000000016bc0000,0x0000000016cc0000)]
  0x0000000015462800 JavaThread "C2 CompilerThread0" daemon [_thread_in_native, id=18660, stack(0x0000000016ac0000,0x0000000016bc0000)]
  0x0000000015460800 JavaThread "Attach Listener" daemon [_thread_blocked, id=13892, stack(0x00000000169c0000,0x0000000016ac0000)]
  0x000000001545b800 JavaThread "Signal Dispatcher" daemon [_thread_blocked, id=12764, stack(0x00000000168c0000,0x00000000169c0000)]
  0x0000000015448800 JavaThread "Finalizer" daemon [_thread_blocked, id=3328, stack(0x00000000166c0000,0x00000000167c0000)]
  0x0000000002d82000 JavaThread "Reference Handler" daemon [_thread_blocked, id=15892, stack(0x00000000165c0000,0x00000000166c0000)]
  0x0000000002c92800 JavaThread "main" [_thread_blocked, id=8564, stack(0x0000000002b90000,0x0000000002c90000)]

Other Threads:
  0x0000000015427000 VMThread [stack: 0x00000000164c0000,0x00000000165c0000] [id=2304]
  0x0000000016e0a000 WatcherThread [stack: 0x00000000172c0000,0x00000000173c0000] [id=11908]

VM state:not at safepoint (normal execution)

VM Mutex/Monitor currently owned by a thread: None

Heap:
 PSYoungGen      total 170496K, used 76950K [0x00000000eab00000, 0x00000000f7700000, 0x0000000100000000)
  eden space 157184K, 48% used [0x00000000eab00000,0x00000000ef625a88,0x00000000f4480000)
  from space 13312K, 0% used [0x00000000f5280000,0x00000000f5280000,0x00000000f5f80000)
  to   space 14336K, 0% used [0x00000000f4480000,0x00000000f4480000,0x00000000f5280000)
 ParOldGen       total 89088K, used 18521K [0x00000000c0000000, 0x00000000c5700000, 0x00000000eab00000)
  object space 89088K, 20% used [0x00000000c0000000,0x00000000c12166b8,0x00000000c5700000)
 Metaspace       used 36391K, capacity 37044K, committed 37336K, reserved 1081344K
  class space    used 5125K, capacity 5299K, committed 5376K, reserved 1048576K

Card table byte_map: [0x0000000012150000,0x0000000012360000] byte_map_base: 0x0000000011b50000

Marking Bits: (ParMarkBitMap*) 0x0000000056b3b6d0
 Begin Bits: [0x00000000128c0000, 0x00000000138c0000)
 End Bits:   [0x00000000138c0000, 0x00000000148c0000)

Polling page: 0x0000000001330000

CodeCache: size=245760Kb used=15808Kb max_used=15808Kb free=229951Kb
 bounds [0x0000000002d90000, 0x0000000003d10000, 0x0000000011d90000]
 total_blobs=5148 nmethods=4467 adapters=592
 compilation: enabled

Compilation events (10 events):
Event: 14.365 Thread 0x0000000015471800 4786       3       groovyjarjarasm.asm.Type::a (214 bytes)
Event: 14.370 Thread 0x0000000015471800 nmethod 4786 0x0000000003d07d50 code [0x0000000003d08160, 0x0000000003d0b028]
Event: 14.377 Thread 0x0000000015471800 4787       3       java.util.Collections$UnmodifiableMap$UnmodifiableEntrySet$UnmodifiableEntry::getValue (10 bytes)
Event: 14.378 Thread 0x0000000015471800 nmethod 4787 0x0000000003d0cfd0 code [0x0000000003d0d140, 0x0000000003d0d368]
Event: 14.378 Thread 0x0000000015471800 4788       3       java.lang.ProcessEnvironment$CheckedEntry::getKey (5 bytes)
Event: 14.378 Thread 0x0000000015471800 nmethod 4788 0x0000000003d0d410 code [0x0000000003d0d580, 0x0000000003d0d8e8]
Event: 14.378 Thread 0x0000000015471800 4789       3       java.lang.ProcessEnvironment$CheckedEntry::getKey (13 bytes)
Event: 14.378 Thread 0x0000000015471800 nmethod 4789 0x0000000003d0da10 code [0x0000000003d0db80, 0x0000000003d0de88]
Event: 14.381 Thread 0x0000000015471800 4790       1       org.codehaus.groovy.reflection.CachedMethod::setAccessible (5 bytes)
Event: 14.381 Thread 0x0000000015471800 nmethod 4790 0x0000000003d0df50 code [0x0000000003d0e0a0, 0x0000000003d0e1b0]

GC Heap History (10 events):
Event: 8.497 GC heap before
{Heap before GC invocations=6 (full 1):
 PSYoungGen      total 71680K, used 66560K [0x00000000eab00000, 0x00000000ef600000, 0x0000000100000000)
  eden space 66560K, 100% used [0x00000000eab00000,0x00000000eec00000,0x00000000eec00000)
  from space 5120K, 0% used [0x00000000ef100000,0x00000000ef100000,0x00000000ef600000)
  to   space 5120K, 0% used [0x00000000eec00000,0x00000000eec00000,0x00000000ef100000)
 ParOldGen       total 62976K, used 9625K [0x00000000c0000000, 0x00000000c3d80000, 0x00000000eab00000)
  object space 62976K, 15% used [0x00000000c0000000,0x00000000c09667a0,0x00000000c3d80000)
 Metaspace       used 25677K, capacity 26090K, committed 26368K, reserved 1071104K
  class space    used 3611K, capacity 3741K, committed 3840K, reserved 1048576K
Event: 8.514 GC heap after
Heap after GC invocations=6 (full 1):
 PSYoungGen      total 71680K, used 5092K [0x00000000eab00000, 0x00000000f2500000, 0x0000000100000000)
  eden space 66560K, 0% used [0x00000000eab00000,0x00000000eab00000,0x00000000eec00000)
  from space 5120K, 99% used [0x00000000eec00000,0x00000000ef0f9190,0x00000000ef100000)
  to   space 10752K, 0% used [0x00000000f1a80000,0x00000000f1a80000,0x00000000f2500000)
 ParOldGen       total 62976K, used 12107K [0x00000000c0000000, 0x00000000c3d80000, 0x00000000eab00000)
  object space 62976K, 19% used [0x00000000c0000000,0x00000000c0bd2ff8,0x00000000c3d80000)
 Metaspace       used 25677K, capacity 26090K, committed 26368K, reserved 1071104K
  class space    used 3611K, capacity 3741K, committed 3840K, reserved 1048576K
}
Event: 10.755 GC heap before
{Heap before GC invocations=7 (full 1):
 PSYoungGen      total 71680K, used 71652K [0x00000000eab00000, 0x00000000f2500000, 0x0000000100000000)
  eden space 66560K, 100% used [0x00000000eab00000,0x00000000eec00000,0x00000000eec00000)
  from space 5120K, 99% used [0x00000000eec00000,0x00000000ef0f9190,0x00000000ef100000)
  to   space 10752K, 0% used [0x00000000f1a80000,0x00000000f1a80000,0x00000000f2500000)
 ParOldGen       total 62976K, used 12107K [0x00000000c0000000, 0x00000000c3d80000, 0x00000000eab00000)
  object space 62976K, 19% used [0x00000000c0000000,0x00000000c0bd2ff8,0x00000000c3d80000)
 Metaspace       used 29095K, capacity 29652K, committed 29824K, reserved 1075200K
  class space    used 4010K, capacity 4162K, committed 4224K, reserved 1048576K
Event: 10.782 GC heap after
Heap after GC invocations=7 (full 1):
 PSYoungGen      total 112128K, used 7606K [0x00000000eab00000, 0x00000000f2380000, 0x0000000100000000)
  eden space 102912K, 0% used [0x00000000eab00000,0x00000000eab00000,0x00000000f0f80000)
  from space 9216K, 82% used [0x00000000f1a80000,0x00000000f21ed8d0,0x00000000f2380000)
  to   space 10240K, 0% used [0x00000000f0f80000,0x00000000f0f80000,0x00000000f1980000)
 ParOldGen       total 62976K, used 12115K [0x00000000c0000000, 0x00000000c3d80000, 0x00000000eab00000)
  object space 62976K, 19% used [0x00000000c0000000,0x00000000c0bd4ff8,0x00000000c3d80000)
 Metaspace       used 29095K, capacity 29652K, committed 29824K, reserved 1075200K
  class space    used 4010K, capacity 4162K, committed 4224K, reserved 1048576K
}
Event: 12.926 GC heap before
{Heap before GC invocations=8 (full 1):
 PSYoungGen      total 112128K, used 110518K [0x00000000eab00000, 0x00000000f2380000, 0x0000000100000000)
  eden space 102912K, 100% used [0x00000000eab00000,0x00000000f0f80000,0x00000000f0f80000)
  from space 9216K, 82% used [0x00000000f1a80000,0x00000000f21ed8d0,0x00000000f2380000)
  to   space 10240K, 0% used [0x00000000f0f80000,0x00000000f0f80000,0x00000000f1980000)
 ParOldGen       total 62976K, used 12115K [0x00000000c0000000, 0x00000000c3d80000, 0x00000000eab00000)
  object space 62976K, 19% used [0x00000000c0000000,0x00000000c0bd4ff8,0x00000000c3d80000)
 Metaspace       used 34247K, capacity 34738K, committed 34944K, reserved 1079296K
  class space    used 4775K, capacity 4912K, committed 4992K, reserved 1048576K
Event: 12.953 GC heap after
Heap after GC invocations=8 (full 1):
 PSYoungGen      total 113152K, used 10228K [0x00000000eab00000, 0x00000000f5f80000, 0x0000000100000000)
  eden space 102912K, 0% used [0x00000000eab00000,0x00000000eab00000,0x00000000f0f80000)
  from space 10240K, 99% used [0x00000000f0f80000,0x00000000f197d020,0x00000000f1980000)
  to   space 13312K, 0% used [0x00000000f5280000,0x00000000f5280000,0x00000000f5f80000)
 ParOldGen       total 62976K, used 15764K [0x00000000c0000000, 0x00000000c3d80000, 0x00000000eab00000)
  object space 62976K, 25% used [0x00000000c0000000,0x00000000c0f650f8,0x00000000c3d80000)
 Metaspace       used 34247K, capacity 34738K, committed 34944K, reserved 1079296K
  class space    used 4775K, capacity 4912K, committed 4992K, reserved 1048576K
}
Event: 13.145 GC heap before
{Heap before GC invocations=9 (full 1):
 PSYoungGen      total 113152K, used 23225K [0x00000000eab00000, 0x00000000f5f80000, 0x0000000100000000)
  eden space 102912K, 12% used [0x00000000eab00000,0x00000000eb7b1530,0x00000000f0f80000)
  from space 10240K, 99% used [0x00000000f0f80000,0x00000000f197d020,0x00000000f1980000)
  to   space 13312K, 0% used [0x00000000f5280000,0x00000000f5280000,0x00000000f5f80000)
 ParOldGen       total 62976K, used 15764K [0x00000000c0000000, 0x00000000c3d80000, 0x00000000eab00000)
  object space 62976K, 25% used [0x00000000c0000000,0x00000000c0f650f8,0x00000000c3d80000)
 Metaspace       used 34849K, capacity 35336K, committed 35416K, reserved 1079296K
  class space    used 4863K, capacity 4985K, committed 4992K, reserved 1048576K
Event: 13.164 GC heap after
Heap after GC invocations=9 (full 1):
 PSYoungGen      total 170496K, used 11341K [0x00000000eab00000, 0x00000000f7700000, 0x0000000100000000)
  eden space 157184K, 0% used [0x00000000eab00000,0x00000000eab00000,0x00000000f4480000)
  from space 13312K, 85% used [0x00000000f5280000,0x00000000f5d93528,0x00000000f5f80000)
  to   space 14336K, 0% used [0x00000000f4480000,0x00000000f4480000,0x00000000f5280000)
 ParOldGen       total 62976K, used 15772K [0x00000000c0000000, 0x00000000c3d80000, 0x00000000eab00000)
  object space 62976K, 25% used [0x00000000c0000000,0x00000000c0f670f8,0x00000000c3d80000)
 Metaspace       used 34849K, capacity 35336K, committed 35416K, reserved 1079296K
  class space    used 4863K, capacity 4985K, committed 4992K, reserved 1048576K
}
Event: 13.164 GC heap before
{Heap before GC invocations=10 (full 2):
 PSYoungGen      total 170496K, used 11341K [0x00000000eab00000, 0x00000000f7700000, 0x0000000100000000)
  eden space 157184K, 0% used [0x00000000eab00000,0x00000000eab00000,0x00000000f4480000)
  from space 13312K, 85% used [0x00000000f5280000,0x00000000f5d93528,0x00000000f5f80000)
  to   space 14336K, 0% used [0x00000000f4480000,0x00000000f4480000,0x00000000f5280000)
 ParOldGen       total 62976K, used 15772K [0x00000000c0000000, 0x00000000c3d80000, 0x00000000eab00000)
  object space 62976K, 25% used [0x00000000c0000000,0x00000000c0f670f8,0x00000000c3d80000)
 Metaspace       used 34849K, capacity 35336K, committed 35416K, reserved 1079296K
  class space    used 4863K, capacity 4985K, committed 4992K, reserved 1048576K
Event: 13.343 GC heap after
Heap after GC invocations=10 (full 2):
 PSYoungGen      total 170496K, used 0K [0x00000000eab00000, 0x00000000f7700000, 0x0000000100000000)
  eden space 157184K, 0% used [0x00000000eab00000,0x00000000eab00000,0x00000000f4480000)
  from space 13312K, 0% used [0x00000000f5280000,0x00000000f5280000,0x00000000f5f80000)
  to   space 14336K, 0% used [0x00000000f4480000,0x00000000f4480000,0x00000000f5280000)
 ParOldGen       total 89088K, used 18521K [0x00000000c0000000, 0x00000000c5700000, 0x00000000eab00000)
  object space 89088K, 20% used [0x00000000c0000000,0x00000000c12166b8,0x00000000c5700000)
 Metaspace       used 34849K, capacity 35336K, committed 35416K, reserved 1079296K
  class space    used 4863K, capacity 4985K, committed 4992K, reserved 1048576K
}

Deoptimization events (10 events):
Event: 13.519 Thread 0x00000000185c9000 Uncommon trap: reason=class_check action=maybe_recompile pc=0x0000000003601d84 method=java.util.Hashtable.get(Ljava/lang/Object;)Ljava/lang/Object; @ 6
Event: 13.519 Thread 0x00000000185c9000 Uncommon trap: reason=class_check action=maybe_recompile pc=0x0000000003601d84 method=java.util.Hashtable.get(Ljava/lang/Object;)Ljava/lang/Object; @ 6
Event: 13.519 Thread 0x00000000185c9000 Uncommon trap: reason=class_check action=maybe_recompile pc=0x0000000003601d84 method=java.util.Hashtable.get(Ljava/lang/Object;)Ljava/lang/Object; @ 6
Event: 13.544 Thread 0x00000000185c9000 Uncommon trap: reason=unstable_if action=reinterpret pc=0x0000000002f4a0a8 method=java.lang.String.replace(CC)Ljava/lang/String; @ 2
Event: 13.549 Thread 0x00000000185c9000 Uncommon trap: reason=bimorphic action=maybe_recompile pc=0x0000000003a088f8 method=org.codehaus.groovy.runtime.metaclass.MetaMethodIndex.addMethodToList(Ljava/lang/Object;Lgroovy/lang/MetaMethod;)Ljava/lang/Object; @ 89
Event: 13.657 Thread 0x00000000185c9000 Uncommon trap: reason=class_check action=maybe_recompile pc=0x00000000035e796c method=org.codehaus.groovy.reflection.ParameterTypes.getParametersTypes0()V @ 16
Event: 13.888 Thread 0x00000000185c9000 Uncommon trap: reason=class_check action=maybe_recompile pc=0x00000000035e796c method=org.codehaus.groovy.reflection.ParameterTypes.getParametersTypes0()V @ 16
Event: 13.906 Thread 0x00000000185c9000 Uncommon trap: reason=class_check action=maybe_recompile pc=0x00000000035e796c method=org.codehaus.groovy.reflection.ParameterTypes.getParametersTypes0()V @ 16
Event: 14.080 Thread 0x00000000185c9000 Uncommon trap: reason=bimorphic action=maybe_recompile pc=0x00000000035055d0 method=groovy.lang.MetaClassImpl.filterPropertyMethod(Ljava/lang/Object;ZZ)Ljava/lang/Object; @ 165
Event: 14.348 Thread 0x00000000185c9000 Uncommon trap: reason=class_check action=maybe_recompile pc=0x00000000035e796c method=org.codehaus.groovy.reflection.ParameterTypes.getParametersTypes0()V @ 16

Internal exceptions (10 events):
Event: 14.339 Thread 0x00000000185c9000 Exception <a 'java/lang/ClassNotFoundException': groovy/lang/GroovyObjectCustomizer> (0x00000000eee7ca40) thrown at [C:\re\workspace\8-2-build-windows-amd64-cygwin\jdk8u121\8372\hotspot\src\share\vm\classfile\systemDictionary.cpp, line 210]
Event: 14.346 Thread 0x00000000185c9000 Exception <a 'java/lang/ClassNotFoundException': org/grails/gradle/plugin/agent/AgentTasksEnhancerBeanInfo> (0x00000000eeede308) thrown at [C:\re\workspace\8-2-build-windows-amd64-cygwin\jdk8u121\8372\hotspot\src\share\vm\classfile\systemDictionary.cpp, l
Event: 14.347 Thread 0x00000000185c9000 Exception <a 'java/lang/ClassNotFoundException': org/grails/gradle/plugin/agent/AgentTasksEnhancerCustomizer> (0x00000000eeefc628) thrown at [C:\re\workspace\8-2-build-windows-amd64-cygwin\jdk8u121\8372\hotspot\src\share\vm\classfile\systemDictionary.cpp,
Event: 14.358 Thread 0x00000000185c9000 Exception <a 'java/lang/ClassNotFoundException': org/springframework/boot/gradle/SpringBootPluginExtension_DecoratedBeanInfo> (0x00000000ef102b80) thrown at [C:\re\workspace\8-2-build-windows-amd64-cygwin\jdk8u121\8372\hotspot\src\share\vm\classfile\syste
Event: 14.359 Thread 0x00000000185c9000 Exception <a 'java/lang/ClassNotFoundException': org/springframework/boot/gradle/SpringBootPluginExtensionBeanInfo> (0x00000000ef122d78) thrown at [C:\re\workspace\8-2-build-windows-amd64-cygwin\jdk8u121\8372\hotspot\src\share\vm\classfile\systemDictionar
Event: 14.359 Thread 0x00000000185c9000 Exception <a 'java/lang/ClassNotFoundException': org/springframework/boot/gradle/SpringBootPluginExtensionCustomizer> (0x00000000ef1440d8) thrown at [C:\re\workspace\8-2-build-windows-amd64-cygwin\jdk8u121\8372\hotspot\src\share\vm\classfile\systemDiction
Event: 14.360 Thread 0x00000000185c9000 Exception <a 'java/lang/ClassNotFoundException': org/springframework/boot/gradle/SpringBootPluginExtension_DecoratedCustomizer> (0x00000000ef196b10) thrown at [C:\re\workspace\8-2-build-windows-amd64-cygwin\jdk8u121\8372\hotspot\src\share\vm\classfile\sys
Event: 14.392 Thread 0x00000000185c9000 Exception <a 'java/lang/ClassNotFoundException': org/gradle/api/tasks/JavaExec_DecoratedBeanInfo> (0x00000000ef319570) thrown at [C:\re\workspace\8-2-build-windows-amd64-cygwin\jdk8u121\8372\hotspot\src\share\vm\classfile\systemDictionary.cpp, line 210]
Event: 14.395 Thread 0x00000000185c9000 Exception <a 'java/lang/ClassNotFoundException': org/gradle/api/tasks/JavaExecBeanInfo> (0x00000000ef33ffa0) thrown at [C:\re\workspace\8-2-build-windows-amd64-cygwin\jdk8u121\8372\hotspot\src\share\vm\classfile\systemDictionary.cpp, line 210]
Event: 14.397 Thread 0x00000000185c9000 Exception <a 'java/lang/ClassNotFoundException': org/gradle/api/tasks/JavaExecCustomizer> (0x00000000ef367390) thrown at [C:\re\workspace\8-2-build-windows-amd64-cygwin\jdk8u121\8372\hotspot\src\share\vm\classfile\systemDictionary.cpp, line 210]

Events (10 events):
Event: 14.397 loading class org/gradle/api/tasks/JavaExecCustomizer
Event: 14.397 loading class org/gradle/api/tasks/JavaExecCustomizer done
Event: 14.399 loading class org/gradle/api/tasks/JavaExec_DecoratedCustomizer
Event: 14.399 loading class org/gradle/api/tasks/JavaExec_DecoratedCustomizer done
Event: 14.399 loading class org/gradle/api/tasks/JavaExec_DecoratedCustomizer
Event: 14.399 loading class org/gradle/api/tasks/JavaExec_DecoratedCustomizer done
Event: 14.399 loading class org/gradle/api/tasks/JavaExec_DecoratedCustomizer
Event: 14.399 loading class org/gradle/api/tasks/JavaExec_DecoratedCustomizer done
Event: 14.400 loading class org/gradle/api/tasks/JavaExec_DecoratedCustomizer
Event: 14.400 loading class org/gradle/api/tasks/JavaExec_DecoratedCustomizer done


Dynamic libraries:
0x00007ff6da6f0000 - 0x00007ff6da727000 	C:\Program Files\Java\jdk1.8.0_121\bin\java.exe
0x00007ffe64af0000 - 0x00007ffe64ce5000 	C:\WINDOWS\SYSTEM32\ntdll.dll
0x00007ffe64000000 - 0x00007ffe640bd000 	C:\WINDOWS\System32\KERNEL32.DLL
0x00007ffe62790000 - 0x00007ffe62a5d000 	C:\WINDOWS\System32\KERNELBASE.dll
0x00007ffe63120000 - 0x00007ffe631ce000 	C:\WINDOWS\System32\ADVAPI32.dll
0x00007ffe63970000 - 0x00007ffe63a0e000 	C:\WINDOWS\System32\msvcrt.dll
0x00007ffe63cd0000 - 0x00007ffe63d6c000 	C:\WINDOWS\System32\sechost.dll
0x00007ffe63ac0000 - 0x00007ffe63be5000 	C:\WINDOWS\System32\RPCRT4.dll
0x00007ffe63270000 - 0x00007ffe63410000 	C:\WINDOWS\System32\USER32.dll
0x00007ffe62300000 - 0x00007ffe62322000 	C:\WINDOWS\System32\win32u.dll
0x00007ffe63240000 - 0x00007ffe6326a000 	C:\WINDOWS\System32\GDI32.dll
0x00007ffe62330000 - 0x00007ffe6243b000 	C:\WINDOWS\System32\gdi32full.dll
0x00007ffe62610000 - 0x00007ffe626ad000 	C:\WINDOWS\System32\msvcp_win.dll
0x00007ffe62200000 - 0x00007ffe62300000 	C:\WINDOWS\System32\ucrtbase.dll
0x00007ffe51d00000 - 0x00007ffe51f9a000 	C:\WINDOWS\WinSxS\amd64_microsoft.windows.common-controls_6595b64144ccf1df_6.0.19041.1110_none_60b5254171f9507e\COMCTL32.dll
0x00007ffe62fd0000 - 0x00007ffe63000000 	C:\WINDOWS\System32\IMM32.DLL
0x0000000056bc0000 - 0x0000000056c92000 	C:\Program Files\Java\jdk1.8.0_121\jre\bin\msvcr100.dll
0x0000000056320000 - 0x0000000056bbb000 	C:\Program Files\Java\jdk1.8.0_121\jre\bin\server\jvm.dll
0x00007ffe63230000 - 0x00007ffe63238000 	C:\WINDOWS\System32\PSAPI.DLL
0x00007ffe51610000 - 0x00007ffe51637000 	C:\WINDOWS\SYSTEM32\WINMM.dll
0x00007ffe52a80000 - 0x00007ffe52a8a000 	C:\WINDOWS\SYSTEM32\VERSION.dll
0x00007ffe50670000 - 0x00007ffe50679000 	C:\WINDOWS\SYSTEM32\WSOCK32.dll
0x00007ffe64200000 - 0x00007ffe6426b000 	C:\WINDOWS\System32\WS2_32.dll
0x0000000056310000 - 0x000000005631f000 	C:\Program Files\Java\jdk1.8.0_121\jre\bin\verify.dll
0x00000000562e0000 - 0x0000000056309000 	C:\Program Files\Java\jdk1.8.0_121\jre\bin\java.dll
0x00000000562c0000 - 0x00000000562d6000 	C:\Program Files\Java\jdk1.8.0_121\jre\bin\zip.dll
0x00007ffe64360000 - 0x00007ffe64aa4000 	C:\WINDOWS\System32\SHELL32.dll
0x00007ffe5fef0000 - 0x00007ffe60684000 	C:\WINDOWS\SYSTEM32\windows.storage.dll
0x00007ffe63610000 - 0x00007ffe63964000 	C:\WINDOWS\System32\combase.dll
0x00007ffe61ab0000 - 0x00007ffe61adc000 	C:\WINDOWS\SYSTEM32\Wldp.dll
0x00007ffe640c0000 - 0x00007ffe6416d000 	C:\WINDOWS\System32\SHCORE.dll
0x00007ffe63df0000 - 0x00007ffe63e45000 	C:\WINDOWS\System32\shlwapi.dll
0x00007ffe62140000 - 0x00007ffe6215f000 	C:\WINDOWS\SYSTEM32\profapi.dll
0x00000000562a0000 - 0x00000000562ba000 	C:\Program Files\Java\jdk1.8.0_121\jre\bin\net.dll
0x00007ffe61890000 - 0x00007ffe618fa000 	C:\WINDOWS\system32\mswsock.dll
0x0000000056280000 - 0x0000000056291000 	C:\Program Files\Java\jdk1.8.0_121\jre\bin\nio.dll
0x00007ffe3f500000 - 0x00007ffe3f51e000 	C:\Users\User\.gradle\native\25\windows-amd64\native-platform.dll
0x00007ffe61af0000 - 0x00007ffe61b08000 	C:\WINDOWS\SYSTEM32\CRYPTSP.dll
0x00007ffe61230000 - 0x00007ffe61264000 	C:\WINDOWS\system32\rsaenh.dll
0x00007ffe62b10000 - 0x00007ffe62b37000 	C:\WINDOWS\System32\bcrypt.dll
0x00007ffe62100000 - 0x00007ffe6212e000 	C:\WINDOWS\SYSTEM32\USERENV.dll
0x00007ffe626b0000 - 0x00007ffe62732000 	C:\WINDOWS\System32\bcryptprimitives.dll
0x00007ffe61a20000 - 0x00007ffe61a2c000 	C:\WINDOWS\SYSTEM32\CRYPTBASE.dll
0x00007ffe615a0000 - 0x00007ffe615db000 	C:\WINDOWS\SYSTEM32\IPHLPAPI.DLL
0x00007ffe64330000 - 0x00007ffe64338000 	C:\WINDOWS\System32\NSI.dll
0x00007ffe559c0000 - 0x00007ffe559d7000 	C:\WINDOWS\SYSTEM32\dhcpcsvc6.DLL
0x00007ffe587b0000 - 0x00007ffe587cd000 	C:\WINDOWS\SYSTEM32\dhcpcsvc.DLL
0x00007ffe615e0000 - 0x00007ffe616ab000 	C:\WINDOWS\SYSTEM32\DNSAPI.dll
0x0000000056270000 - 0x000000005627d000 	C:\Program Files\Java\jdk1.8.0_121\jre\bin\management.dll

VM Arguments:
jvm_args: -XX:MaxPermSize=256m -XX:+HeapDumpOnOutOfMemoryError -Xmx1024m -Dfile.encoding=ISO-8859-1 -Duser.country=IN -Duser.language=en -Duser.variant 
java_command: org.gradle.launcher.daemon.bootstrap.GradleDaemon 3.5
java_class_path (initial): C:\Users\User\.gradle\wrapper\dists\gradle-3.5-all\exhrs6ca08n232b14ue48lbye\gradle-3.5\lib\gradle-launcher-3.5.jar
Launcher Type: SUN_STANDARD

Environment Variables:
JAVA_HOME=C:\Program Files\Java\jdk1.8.0_121
PATH=C:\Program Files\Common Files\Oracle\Java\javapath;C:\Python39\Scripts\;C:\Python39\;C:\WINDOWS\system32;C:\WINDOWS;C:\WINDOWS\System32\Wbem;C:\WINDOWS\System32\WindowsPowerShell\v1.0\;C:\WINDOWS\System32\OpenSSH\;C:\Program Files\Git\cmd;C:\Program Files\nodejs\;C:\ProgramData\chocolatey\bin;C:\Program Files\Java\jdk1.8.0_121\bin;C:\hadoop\bin;C:\hadoop\sbin;C:\grails-3.3.6\bin;C:\Program Files\PostgreSQL\14\bin;C:\Program Files\PuTTY\;C:\Program Files\Docker\Docker\resources\bin;C:\ProgramData\DockerDesktop\version-bin;C:\Users\User\AppData\Local\Microsoft\WindowsApps;C:\Users\User\AppData\Roaming\npm;C:\Users\User\AppData\Local\Programs\Microsoft VS Code\bin;C:\Program Files\JetBrains\IntelliJ IDEA 2020.2.4\bin;;
USERNAME=Capulus
OS=Windows_NT
PROCESSOR_IDENTIFIER=Intel64 Family 6 Model 61 Stepping 4, GenuineIntel



---------------  S Y S T E M  ---------------

OS: Windows 10.0 , 64 bit Build 19041 (10.0.19041.1706)

CPU:total 4 (2 cores per cpu, 2 threads per core) family 6 model 61 stepping 4, cmov, cx8, fxsr, mmx, sse, sse2, sse3, ssse3, sse4.1, sse4.2, popcnt, avx, avx2, aes, clmul, erms, rtm, 3dnowpref, lzcnt, ht, tsc, tscinvbit, bmi1, bmi2, adx

Memory: 4k page, physical 8277520k(429024k free), swap 26593948k(7836k free)

vm_info: Java HotSpot(TM) 64-Bit Server VM (25.121-b13) for windows-amd64 JRE (1.8.0_121-b13), built on Dec 12 2016 18:21:36 by "java_re" with MS VC++ 10.0 (VS2010)

time: Thu Jun 02 12:06:52 2022
elapsed time: 14 seconds (0d 0h 0m 14s)

